[2025-04-03T09:04:43.155+0000] {local_task_job_runner.py:123} INFO - ::group::Pre task execution logs
[2025-04-03T09:04:43.209+0000] {taskinstance.py:2614} INFO - Dependencies all met for dep_context=non-requeueable deps ti=<TaskInstance: my_dag_name.call_external_function manual__2025-04-03T09:04:37.374725+00:00 [queued]>
[2025-04-03T09:04:43.235+0000] {taskinstance.py:2614} INFO - Dependencies all met for dep_context=requeueable deps ti=<TaskInstance: my_dag_name.call_external_function manual__2025-04-03T09:04:37.374725+00:00 [queued]>
[2025-04-03T09:04:43.236+0000] {taskinstance.py:2867} INFO - Starting attempt 1 of 1
[2025-04-03T09:04:43.268+0000] {taskinstance.py:2890} INFO - Executing <Task(PythonOperator): call_external_function> on 2025-04-03 09:04:37.374725+00:00
[2025-04-03T09:04:43.289+0000] {warnings.py:112} WARNING - /home/***/.local/lib/python3.12/site-packages/***/task/task_runner/standard_task_runner.py:70: DeprecationWarning: This process (pid=305) is multi-threaded, use of fork() may lead to deadlocks in the child.
  pid = os.fork()

[2025-04-03T09:04:43.295+0000] {standard_task_runner.py:72} INFO - Started process 307 to run task
[2025-04-03T09:04:43.301+0000] {standard_task_runner.py:104} INFO - Running: ['***', 'tasks', 'run', 'my_dag_name', 'call_external_function', 'manual__2025-04-03T09:04:37.374725+00:00', '--job-id', '22', '--raw', '--subdir', 'DAGS_FOLDER/intermediaire_table.py', '--cfg-path', '/tmp/tmpcwjpp337']
[2025-04-03T09:04:43.305+0000] {standard_task_runner.py:105} INFO - Job 22: Subtask call_external_function
[2025-04-03T09:04:43.426+0000] {task_command.py:467} INFO - Running <TaskInstance: my_dag_name.call_external_function manual__2025-04-03T09:04:37.374725+00:00 [running]> on host d6badcb20287
[2025-04-03T09:04:43.641+0000] {taskinstance.py:3134} INFO - Exporting env vars: AIRFLOW_CTX_DAG_OWNER='***' AIRFLOW_CTX_DAG_ID='my_dag_name' AIRFLOW_CTX_TASK_ID='call_external_function' AIRFLOW_CTX_EXECUTION_DATE='2025-04-03T09:04:37.374725+00:00' AIRFLOW_CTX_TRY_NUMBER='1' AIRFLOW_CTX_DAG_RUN_ID='manual__2025-04-03T09:04:37.374725+00:00'
[2025-04-03T09:04:43.644+0000] {logging_mixin.py:190} INFO - Task instance is in running state
[2025-04-03T09:04:43.645+0000] {logging_mixin.py:190} INFO -  Previous state of the Task instance: queued
[2025-04-03T09:04:43.646+0000] {logging_mixin.py:190} INFO - Current task name:call_external_function state:running start_date:2025-04-03 09:04:43.210029+00:00
[2025-04-03T09:04:43.646+0000] {logging_mixin.py:190} INFO - Dag name:my_dag_name and current dag run status:running
[2025-04-03T09:04:43.646+0000] {taskinstance.py:732} INFO - ::endgroup::
[2025-04-03T09:04:44.141+0000] {logging_mixin.py:190} INFO - URl
[2025-04-03T09:04:44.142+0000] {logging_mixin.py:190} INFO - https://efe.com/en/latest-news/2025-04-02/milei-assures-that-falkland-islanders-will-prefer-being-argentine/
[2025-04-03T09:04:44.384+0000] {log.py:232} WARNING - 2025-04-03 09:04:44.383 | INFO     | scripts.scrapping_news:extract_newspaper_attempt:21 - Article parsed. ✅
[2025-04-03T09:04:44.385+0000] {logging_mixin.py:190} INFO - URl
[2025-04-03T09:04:44.386+0000] {logging_mixin.py:190} INFO - https://www.rnz.co.nz/international/pacific-news/557082/fiji-have-been-slapped-with-the-highest-us-tariffs-in-the-pacific
[2025-04-03T09:04:44.783+0000] {log.py:232} WARNING - 2025-04-03 09:04:44.782 | INFO     | scripts.scrapping_news:extract_newspaper_attempt:21 - Article parsed. ✅
[2025-04-03T09:04:44.784+0000] {logging_mixin.py:190} INFO - URl
[2025-04-03T09:04:44.784+0000] {logging_mixin.py:190} INFO - https://www.abc.net.au/news/2025-04-03/hungary-withdraws-from-icc-as-netanyahu-visits/105135524
[2025-04-03T09:04:44.851+0000] {log.py:232} WARNING - 2025-04-03 09:04:44.851 | ERROR    | scripts.scrapping_news:extract_newspaper_attempt:24 - URL : https://www.abc.net.au/news/2025-04-03/hungary-withdraws-from-icc-as-netanyahu-visits/105135524
[2025-04-03T09:04:44.852+0000] {log.py:232} WARNING - 2025-04-03 09:04:44.852 | ERROR    | scripts.scrapping_news:extract_newspaper_attempt:25 - Cannot extract information with newspaper. ❌
[2025-04-03T09:04:44.853+0000] {logging_mixin.py:190} INFO - URl
[2025-04-03T09:04:44.853+0000] {logging_mixin.py:190} INFO - https://kyivindependent.com/ukraine-to-receive-432-million-from-world-bank-towards-transport-infrastructure-restoration/
[2025-04-03T09:04:45.161+0000] {log.py:232} WARNING - 2025-04-03 09:04:45.161 | INFO     | scripts.scrapping_news:extract_newspaper_attempt:21 - Article parsed. ✅
[2025-04-03T09:04:45.163+0000] {logging_mixin.py:190} INFO - URl
[2025-04-03T09:04:45.164+0000] {logging_mixin.py:190} INFO - https://m.economictimes.com/news/india/american-man-arrested-for-illegally-entering-andamans-north-sentinel-island-one-of-the-worlds-most-restricted-areas/articleshow/119930367.cms
[2025-04-03T09:04:45.616+0000] {log.py:232} WARNING - 2025-04-03 09:04:45.615 | INFO     | scripts.scrapping_news:extract_newspaper_attempt:21 - Article parsed. ✅
[2025-04-03T09:04:45.618+0000] {logging_mixin.py:190} INFO - URl
[2025-04-03T09:04:45.619+0000] {logging_mixin.py:190} INFO - https://militarnyi.com/en/news/us-concerned-about-europe-s-desire-to-buy-less-american-weapons/
[2025-04-03T09:04:46.294+0000] {log.py:232} WARNING - 2025-04-03 09:04:46.294 | INFO     | scripts.scrapping_news:extract_newspaper_attempt:21 - Article parsed. ✅
[2025-04-03T09:04:46.296+0000] {logging_mixin.py:190} INFO - URl
[2025-04-03T09:04:46.297+0000] {logging_mixin.py:190} INFO - https://n1info.rs/english/news/serbian-students-depart-for-strasbourg-by-bicycle-europe-has-been-asleep-for-too-long/
[2025-04-03T09:04:46.520+0000] {log.py:232} WARNING - 2025-04-03 09:04:46.519 | INFO     | scripts.scrapping_news:extract_newspaper_attempt:21 - Article parsed. ✅
[2025-04-03T09:04:46.521+0000] {logging_mixin.py:190} INFO - URl
[2025-04-03T09:04:46.522+0000] {logging_mixin.py:190} INFO - https://www.reuters.com/world/hungary-says-it-is-withdrawing-icc-israeli-leader-visits-2025-04-03/
[2025-04-03T09:04:46.605+0000] {log.py:232} WARNING - 2025-04-03 09:04:46.605 | ERROR    | scripts.scrapping_news:extract_newspaper_attempt:24 - URL : https://www.reuters.com/world/hungary-says-it-is-withdrawing-icc-israeli-leader-visits-2025-04-03/
[2025-04-03T09:04:46.606+0000] {log.py:232} WARNING - 2025-04-03 09:04:46.606 | ERROR    | scripts.scrapping_news:extract_newspaper_attempt:25 - Cannot extract information with newspaper. ❌
[2025-04-03T09:04:46.607+0000] {logging_mixin.py:190} INFO - URl
[2025-04-03T09:04:46.608+0000] {logging_mixin.py:190} INFO - https://www.t-online.de/nachrichten/panorama/wetter/id_100662156/tornados-hagel-und-ueberschwemmungen-stuerme-bedrohen-usa.html
[2025-04-03T09:04:47.282+0000] {log.py:232} WARNING - 2025-04-03 09:04:47.282 | INFO     | scripts.scrapping_news:extract_newspaper_attempt:21 - Article parsed. ✅
[2025-04-03T09:04:47.286+0000] {logging_mixin.py:190} INFO - URl
[2025-04-03T09:04:47.288+0000] {logging_mixin.py:190} INFO - https://www.cnn.com/2025/04/03/world/hungary-withdraws-icc-intl
[2025-04-03T09:04:47.700+0000] {log.py:232} WARNING - 2025-04-03 09:04:47.700 | INFO     | scripts.scrapping_news:extract_newspaper_attempt:21 - Article parsed. ✅
[2025-04-03T09:04:47.705+0000] {logging_mixin.py:190} INFO - URl
[2025-04-03T09:04:47.706+0000] {logging_mixin.py:190} INFO - https://apnews.com/article/hungary-criminal-court-withdrawal-israel-5263edb40318816508e6b998befc6ee5
[2025-04-03T09:04:48.241+0000] {log.py:232} WARNING - 2025-04-03 09:04:48.241 | INFO     | scripts.scrapping_news:extract_newspaper_attempt:21 - Article parsed. ✅
[2025-04-03T09:04:48.243+0000] {logging_mixin.py:190} INFO - URl
[2025-04-03T09:04:48.245+0000] {logging_mixin.py:190} INFO - https://www.bbc.com/news/articles/c807lm2003zo
[2025-04-03T09:04:48.418+0000] {log.py:232} WARNING - 2025-04-03 09:04:48.417 | INFO     | scripts.scrapping_news:extract_newspaper_attempt:21 - Article parsed. ✅
[2025-04-03T09:04:48.419+0000] {logging_mixin.py:190} INFO - URl
[2025-04-03T09:04:48.420+0000] {logging_mixin.py:190} INFO - https://global.espreso.tv/russia-ukraine-war-white-house-explains-why-new-tariffs-do-not-apply-to-russia-and-north-korea
[2025-04-03T09:04:48.744+0000] {log.py:232} WARNING - 2025-04-03 09:04:48.744 | INFO     | scripts.scrapping_news:extract_newspaper_attempt:21 - Article parsed. ✅
[2025-04-03T09:04:48.746+0000] {logging_mixin.py:190} INFO - URl
[2025-04-03T09:04:48.748+0000] {logging_mixin.py:190} INFO - https://global.espreso.tv/grain-deal-us-imposes-new-sanctions-on-individuals-tied-to-theft-of-ukrainian-grain-from-occupied-territories
[2025-04-03T09:04:49.412+0000] {log.py:232} WARNING - 2025-04-03 09:04:49.412 | INFO     | scripts.scrapping_news:extract_newspaper_attempt:21 - Article parsed. ✅
[2025-04-03T09:04:49.414+0000] {logging_mixin.py:190} INFO - URl
[2025-04-03T09:04:49.415+0000] {logging_mixin.py:190} INFO - https://www.usnews.com/news/world/articles/2025-04-03/eus-kallas-eu-countries-already-providing-over-50-ukraines-ammunition-needs
[2025-04-03T09:04:49.649+0000] {log.py:232} WARNING - 2025-04-03 09:04:49.649 | INFO     | scripts.scrapping_news:extract_newspaper_attempt:21 - Article parsed. ✅
[2025-04-03T09:04:49.651+0000] {logging_mixin.py:190} INFO - URl
[2025-04-03T09:04:49.651+0000] {logging_mixin.py:190} INFO - https://www.nbcnews.com/news/world/eu-preparing-countermeasures-us-tariffs-negotiations-fail-ec-president-rcna199427
[2025-04-03T09:04:50.016+0000] {log.py:232} WARNING - 2025-04-03 09:04:50.016 | INFO     | scripts.scrapping_news:extract_newspaper_attempt:21 - Article parsed. ✅
[2025-04-03T09:04:50.018+0000] {logging_mixin.py:190} INFO - URl
[2025-04-03T09:04:50.019+0000] {logging_mixin.py:190} INFO - https://global.espreso.tv/us-senate-introduces-bill-proposing-500-tariff-on-countries-buying-russian-oil
[2025-04-03T09:04:50.596+0000] {log.py:232} WARNING - 2025-04-03 09:04:50.596 | INFO     | scripts.scrapping_news:extract_newspaper_attempt:21 - Article parsed. ✅
[2025-04-03T09:04:50.597+0000] {logging_mixin.py:190} INFO - URl
[2025-04-03T09:04:50.598+0000] {logging_mixin.py:190} INFO - https://www.cnn.com/2025/04/03/business/europe-tariffs-us-von-der-leyen-intl-hnk/index.html
[2025-04-03T09:04:51.292+0000] {log.py:232} WARNING - 2025-04-03 09:04:51.292 | INFO     | scripts.scrapping_news:extract_newspaper_attempt:21 - Article parsed. ✅
[2025-04-03T09:04:51.299+0000] {logging_mixin.py:190} INFO - URl
[2025-04-03T09:04:51.300+0000] {logging_mixin.py:190} INFO - https://www.ndtv.com/india-news/us-man-arrested-for-entering-restricted-north-sentinel-island-in-andamans-cops-8071854
[2025-04-03T09:04:51.898+0000] {log.py:232} WARNING - 2025-04-03 09:04:51.898 | INFO     | scripts.scrapping_news:extract_newspaper_attempt:21 - Article parsed. ✅
[2025-04-03T09:04:51.901+0000] {logging_mixin.py:190} INFO - URl
[2025-04-03T09:04:51.902+0000] {logging_mixin.py:190} INFO - https://kyivindependent.com/russia-missing-from-trumps-sweeping-tariffs-list-as-its-already-sanctioned-white-house-confirms/
[2025-04-03T09:04:52.172+0000] {log.py:232} WARNING - 2025-04-03 09:04:52.171 | INFO     | scripts.scrapping_news:extract_newspaper_attempt:21 - Article parsed. ✅
[2025-04-03T09:04:52.174+0000] {logging_mixin.py:190} INFO - URl
[2025-04-03T09:04:52.175+0000] {logging_mixin.py:190} INFO - https://www.telegraph.co.uk/world-news/2025/04/03/putin-russia-muslim-immigration-war-ukraine-europe/
[2025-04-03T09:04:52.729+0000] {log.py:232} WARNING - 2025-04-03 09:04:52.729 | INFO     | scripts.scrapping_news:extract_newspaper_attempt:21 - Article parsed. ✅
[2025-04-03T09:04:52.733+0000] {logging_mixin.py:190} INFO - URl
[2025-04-03T09:04:52.735+0000] {logging_mixin.py:190} INFO - https://indianexpress.com/article/technology/science/amazon-targets-april-9-launch-of-first-kuiper-internet-satellites-9921445/
[2025-04-03T09:04:53.064+0000] {log.py:232} WARNING - 2025-04-03 09:04:53.064 | INFO     | scripts.scrapping_news:extract_newspaper_attempt:21 - Article parsed. ✅
[2025-04-03T09:04:53.066+0000] {logging_mixin.py:190} INFO - URl
[2025-04-03T09:04:53.067+0000] {logging_mixin.py:190} INFO - https://www.swissinfo.ch/eng/multinational-companies/president-karin-keller-sutter-reacts-to-customs-announcement/89106767?utm_source=multiple&amp;utm_medium=website&amp;utm_campaign=news_en&amp;utm_content=o&amp;utm_term=wpblock_highlighted-compact-news-carousel
[2025-04-03T09:04:53.407+0000] {log.py:232} WARNING - 2025-04-03 09:04:53.407 | INFO     | scripts.scrapping_news:extract_newspaper_attempt:21 - Article parsed. ✅
[2025-04-03T09:04:53.410+0000] {logging_mixin.py:190} INFO - URl
[2025-04-03T09:04:53.411+0000] {logging_mixin.py:190} INFO - https://24newshd.tv/03-Apr-2025/starlink-rival-eutelsat-rolls-out-wifi-on-air-canada-planes
[2025-04-03T09:04:53.789+0000] {log.py:232} WARNING - 2025-04-03 09:04:53.789 | INFO     | scripts.scrapping_news:extract_newspaper_attempt:21 - Article parsed. ✅
[2025-04-03T09:04:53.791+0000] {logging_mixin.py:190} INFO - URl
[2025-04-03T09:04:53.791+0000] {logging_mixin.py:190} INFO - https://www.abc.net.au/news/2025-04-03/china-cook-islands-deal-new-zealand-mark-brown-winston-peters/105128644
[2025-04-03T09:04:53.822+0000] {log.py:232} WARNING - 2025-04-03 09:04:53.822 | ERROR    | scripts.scrapping_news:extract_newspaper_attempt:24 - URL : https://www.abc.net.au/news/2025-04-03/china-cook-islands-deal-new-zealand-mark-brown-winston-peters/105128644
[2025-04-03T09:04:53.823+0000] {log.py:232} WARNING - 2025-04-03 09:04:53.823 | ERROR    | scripts.scrapping_news:extract_newspaper_attempt:25 - Cannot extract information with newspaper. ❌
[2025-04-03T09:04:53.830+0000] {logging_mixin.py:190} INFO - ['1jqdjsw', '1jqdj5f', '1jqdido', '1jqdhq9', '1jqdg5s', '1jqdat4', '1jqdaa6', '1jqd7f3', '1jqd67f', '1jqd1wp', '1jqcyyp', '1jqcyan', '1jqcxr8', '1jqcqxt', '1jqc9ax', '1jqbxdb', '1jqbprr', '1jqbfnd', '1jqbfe9', '1jqbahu', '1jqb6td', '1jqb5c7', '1jqb543', '1jqb42b', '1jqa69t']
[2025-04-03T09:04:53.852+0000] {logging_mixin.py:190} INFO -     id_news  ... scrapping_status
0   1jqdjsw  ...             True
1   1jqdj5f  ...             True
2   1jqdido  ...            False
3   1jqdhq9  ...             True
4   1jqdg5s  ...             True
5   1jqdat4  ...             True
6   1jqdaa6  ...             True
7   1jqd7f3  ...            False
8   1jqd67f  ...             True
9   1jqd1wp  ...             True
10  1jqcyyp  ...             True
11  1jqcyan  ...             True
12  1jqcxr8  ...             True
13  1jqcqxt  ...             True
14  1jqc9ax  ...             True
15  1jqbxdb  ...             True
16  1jqbprr  ...             True
17  1jqbfnd  ...             True
18  1jqbfe9  ...             True
19  1jqbahu  ...             True
20  1jqb6td  ...             True
21  1jqb5c7  ...             True
22  1jqb543  ...             True
23  1jqb42b  ...             True
24  1jqa69t  ...            False

[25 rows x 8 columns]
[2025-04-03T09:04:53.853+0000] {python.py:240} INFO - Done. Returned value was: (    id_news  ... scrapping_status
0   1jqdjsw  ...             True
1   1jqdj5f  ...             True
2   1jqdido  ...            False
3   1jqdhq9  ...             True
4   1jqdg5s  ...             True
5   1jqdat4  ...             True
6   1jqdaa6  ...             True
7   1jqd7f3  ...            False
8   1jqd67f  ...             True
9   1jqd1wp  ...             True
10  1jqcyyp  ...             True
11  1jqcyan  ...             True
12  1jqcxr8  ...             True
13  1jqcqxt  ...             True
14  1jqc9ax  ...             True
15  1jqbxdb  ...             True
16  1jqbprr  ...             True
17  1jqbfnd  ...             True
18  1jqbfe9  ...             True
19  1jqbahu  ...             True
20  1jqb6td  ...             True
21  1jqb5c7  ...             True
22  1jqb543  ...             True
23  1jqb42b  ...             True
24  1jqa69t  ...            False

[25 rows x 8 columns], ['1jqdjsw', '1jqdj5f', '1jqdido', '1jqdhq9', '1jqdg5s', '1jqdat4', '1jqdaa6', '1jqd7f3', '1jqd67f', '1jqd1wp', '1jqcyyp', '1jqcyan', '1jqcxr8', '1jqcqxt', '1jqc9ax', '1jqbxdb', '1jqbprr', '1jqbfnd', '1jqbfe9', '1jqbahu', '1jqb6td', '1jqb5c7', '1jqb543', '1jqb42b', '1jqa69t'])
[2025-04-03T09:04:53.959+0000] {taskinstance.py:341} INFO - ::group::Post task execution logs
[2025-04-03T09:04:53.960+0000] {taskinstance.py:353} INFO - Marking task as SUCCESS. dag_id=my_dag_name, task_id=call_external_function, run_id=manual__2025-04-03T09:04:37.374725+00:00, execution_date=20250403T090437, start_date=20250403T090443, end_date=20250403T090453
[2025-04-03T09:04:53.997+0000] {logging_mixin.py:190} INFO - Task instance in success state
[2025-04-03T09:04:53.997+0000] {logging_mixin.py:190} INFO -  Previous state of the Task instance: running
[2025-04-03T09:04:53.998+0000] {logging_mixin.py:190} INFO - Dag name:my_dag_name queued_at:2025-04-03 09:04:37.402938+00:00
[2025-04-03T09:04:53.998+0000] {logging_mixin.py:190} INFO - Task hostname:d6badcb20287 operator:PythonOperator
[2025-04-03T09:04:54.032+0000] {local_task_job_runner.py:266} INFO - Task exited with return code 0
[2025-04-03T09:04:54.064+0000] {taskinstance.py:3901} INFO - 1 downstream tasks scheduled from follow-on schedule check
[2025-04-03T09:04:54.067+0000] {local_task_job_runner.py:245} INFO - ::endgroup::
