[2025-04-02T07:58:46.444+0000] {local_task_job_runner.py:123} INFO - ::group::Pre task execution logs
[2025-04-02T07:58:46.711+0000] {taskinstance.py:2614} INFO - Dependencies all met for dep_context=non-requeueable deps ti=<TaskInstance: my_dag_name.print_the_context scheduled__2022-07-17T00:00:00+00:00 [queued]>
[2025-04-02T07:58:46.750+0000] {taskinstance.py:2614} INFO - Dependencies all met for dep_context=requeueable deps ti=<TaskInstance: my_dag_name.print_the_context scheduled__2022-07-17T00:00:00+00:00 [queued]>
[2025-04-02T07:58:46.754+0000] {taskinstance.py:2867} INFO - Starting attempt 1 of 1
[2025-04-02T07:58:46.954+0000] {taskinstance.py:2890} INFO - Executing <Task(_PythonDecoratedOperator): print_the_context> on 2022-07-17 00:00:00+00:00
[2025-04-02T07:58:47.045+0000] {warnings.py:112} WARNING - /home/***/.local/lib/python3.12/site-packages/***/task/task_runner/standard_task_runner.py:70: DeprecationWarning: This process (pid=4981) is multi-threaded, use of fork() may lead to deadlocks in the child.
  pid = os.fork()

[2025-04-02T07:58:47.069+0000] {standard_task_runner.py:72} INFO - Started process 5025 to run task
[2025-04-02T07:58:47.093+0000] {standard_task_runner.py:104} INFO - Running: ['***', 'tasks', 'run', 'my_dag_name', 'print_the_context', 'scheduled__2022-07-17T00:00:00+00:00', '--job-id', '1116', '--raw', '--subdir', 'DAGS_FOLDER/con.py', '--cfg-path', '/tmp/tmp2lpp6mpm']
[2025-04-02T07:58:47.095+0000] {standard_task_runner.py:105} INFO - Job 1116: Subtask print_the_context
[2025-04-02T07:58:47.700+0000] {task_command.py:467} INFO - Running <TaskInstance: my_dag_name.print_the_context scheduled__2022-07-17T00:00:00+00:00 [running]> on host 900d630d7d5f
[2025-04-02T07:58:49.155+0000] {taskinstance.py:3134} INFO - Exporting env vars: AIRFLOW_CTX_DAG_OWNER='***' AIRFLOW_CTX_DAG_ID='my_dag_name' AIRFLOW_CTX_TASK_ID='print_the_context' AIRFLOW_CTX_EXECUTION_DATE='2022-07-17T00:00:00+00:00' AIRFLOW_CTX_TRY_NUMBER='1' AIRFLOW_CTX_DAG_RUN_ID='scheduled__2022-07-17T00:00:00+00:00'
[2025-04-02T07:58:49.194+0000] {logging_mixin.py:190} INFO - Task instance is in running state
[2025-04-02T07:58:49.271+0000] {logging_mixin.py:190} INFO -  Previous state of the Task instance: queued
[2025-04-02T07:58:49.272+0000] {logging_mixin.py:190} INFO - Current task name:print_the_context state:running start_date:2025-04-02 07:58:46.712887+00:00
[2025-04-02T07:58:49.272+0000] {logging_mixin.py:190} INFO - Dag name:my_dag_name and current dag run status:running
[2025-04-02T07:58:49.273+0000] {taskinstance.py:732} INFO - ::endgroup::
[2025-04-02T07:58:49.431+0000] {logging_mixin.py:190} INFO - {'conf': <Proxy at 0x7763647828c0 with factory functools.partial(<function lazy_mapping_from_context.<locals>._deprecated_proxy_factory at 0x77636464dda0>, 'conf', <***.configuration.AirflowConfigParser object at 0x7763844f8cb0>)>,
 'conn': None,
 'dag': <DAG: my_dag_name>,
 'dag_run': <DagRun my_dag_name @ 2022-07-17 00:00:00+00:00: scheduled__2022-07-17T00:00:00+00:00, state:running, queued_at: 2025-04-02 07:58:19.812516+00:00. externally triggered: False>,
 'data_interval_end': DateTime(2022, 7, 18, 0, 0, 0, tzinfo=Timezone('UTC')),
 'data_interval_start': DateTime(2022, 7, 17, 0, 0, 0, tzinfo=Timezone('UTC')),
 'ds_nodash': '20220717',
 'execution_date': <Proxy at 0x77636462ee80 with factory functools.partial(<function lazy_mapping_from_context.<locals>._deprecated_proxy_factory at 0x77636464dda0>, 'execution_date', DateTime(2022, 7, 17, 0, 0, 0, tzinfo=Timezone('UTC')))>,
 'expanded_ti_count': None,
 'inlet_events': InletEventsAccessors(_inlets=[], _datasets={}, _dataset_aliases={}, _session=<sqlalchemy.orm.session.Session object at 0x776383db4500>),
 'inlets': [],
 'logical_date': DateTime(2022, 7, 17, 0, 0, 0, tzinfo=Timezone('UTC')),
 'macros': <module '***.macros' from '/home/***/.local/lib/python3.12/site-packages/***/macros/__init__.py'>,
 'map_index_template': None,
 'next_ds': <Proxy at 0x77636462d380 with factory functools.partial(<function lazy_mapping_from_context.<locals>._deprecated_proxy_factory at 0x77636464dda0>, 'next_ds', '2022-07-18')>,
 'next_ds_nodash': <Proxy at 0x7763647b2f80 with factory functools.partial(<function lazy_mapping_from_context.<locals>._deprecated_proxy_factory at 0x77636464dda0>, 'next_ds_nodash', '20220718')>,
 'next_execution_date': <Proxy at 0x77636468dc80 with factory functools.partial(<function lazy_mapping_from_context.<locals>._deprecated_proxy_factory at 0x77636464dda0>, 'next_execution_date', DateTime(2022, 7, 18, 0, 0, 0, tzinfo=Timezone('UTC')))>,
 'outlet_events': <***.utils.context.OutletEventAccessors object at 0x776364642330>,
 'outlets': [],
 'params': {},
 'prev_data_interval_end_success': DateTime(2022, 7, 5, 0, 0, 0, tzinfo=Timezone('UTC')),
 'prev_data_interval_start_success': DateTime(2022, 7, 4, 0, 0, 0, tzinfo=Timezone('UTC')),
 'prev_ds': <Proxy at 0x7763646c5300 with factory functools.partial(<function lazy_mapping_from_context.<locals>._deprecated_proxy_factory at 0x77636464dda0>, 'prev_ds', '2022-07-16')>,
 'prev_ds_nodash': <Proxy at 0x7763646c4880 with factory functools.partial(<function lazy_mapping_from_context.<locals>._deprecated_proxy_factory at 0x77636464dda0>, 'prev_ds_nodash', '20220716')>,
 'prev_end_date_success': DateTime(2025, 4, 2, 7, 58, 15, 523211, tzinfo=Timezone('UTC')),
 'prev_execution_date': <Proxy at 0x7763646c46c0 with factory functools.partial(<function lazy_mapping_from_context.<locals>._deprecated_proxy_factory at 0x77636464dda0>, 'prev_execution_date', DateTime(2022, 7, 16, 0, 0, 0, tzinfo=Timezone('UTC')))>,
 'prev_execution_date_success': <Proxy at 0x7763646c4680 with factory functools.partial(<function lazy_mapping_from_context.<locals>._deprecated_proxy_factory at 0x77636464dda0>, 'prev_execution_date_success', DateTime(2022, 7, 4, 0, 0, 0, tzinfo=Timezone('UTC')))>,
 'prev_start_date_success': DateTime(2025, 4, 2, 7, 57, 45, 999569, tzinfo=Timezone('UTC')),
 'run_id': 'scheduled__2022-07-17T00:00:00+00:00',
 'task': <Task(_PythonDecoratedOperator): print_the_context>,
 'task_instance': <TaskInstance: my_dag_name.print_the_context scheduled__2022-07-17T00:00:00+00:00 [running]>,
 'task_instance_key_str': 'my_dag_name__print_the_context__20220717',
 'templates_dict': None,
 'test_mode': False,
 'ti': <TaskInstance: my_dag_name.print_the_context scheduled__2022-07-17T00:00:00+00:00 [running]>,
 'tomorrow_ds': <Proxy at 0x7763646c4640 with factory functools.partial(<function lazy_mapping_from_context.<locals>._deprecated_proxy_factory at 0x77636464dda0>, 'tomorrow_ds', '2022-07-18')>,
 'tomorrow_ds_nodash': <Proxy at 0x7763646c4600 with factory functools.partial(<function lazy_mapping_from_context.<locals>._deprecated_proxy_factory at 0x77636464dda0>, 'tomorrow_ds_nodash', '20220718')>,
 'triggering_dataset_events': <Proxy at 0x776364660440 with factory <function _get_template_context.<locals>.get_triggering_events at 0x77636464d8a0>>,
 'ts': '2022-07-17T00:00:00+00:00',
 'ts_nodash': '20220717T000000',
 'ts_nodash_with_tz': '20220717T000000+0000',
 'var': {'json': None, 'value': None},
 'yesterday_ds': <Proxy at 0x7763646c45c0 with factory functools.partial(<function lazy_mapping_from_context.<locals>._deprecated_proxy_factory at 0x77636464dda0>, 'yesterday_ds', '2022-07-16')>,
 'yesterday_ds_nodash': <Proxy at 0x7763646c4580 with factory functools.partial(<function lazy_mapping_from_context.<locals>._deprecated_proxy_factory at 0x77636464dda0>, 'yesterday_ds_nodash', '20220716')>}
[2025-04-02T07:58:49.432+0000] {logging_mixin.py:190} INFO - 2022-07-17
[2025-04-02T07:58:49.453+0000] {python.py:240} INFO - Done. Returned value was: Whatever you return gets printed in the logs
[2025-04-02T07:58:49.644+0000] {taskinstance.py:341} INFO - ::group::Post task execution logs
[2025-04-02T07:58:49.664+0000] {taskinstance.py:353} INFO - Marking task as SUCCESS. dag_id=my_dag_name, task_id=print_the_context, run_id=scheduled__2022-07-17T00:00:00+00:00, execution_date=20220717T000000, start_date=20250402T075846, end_date=20250402T075849
[2025-04-02T07:58:49.891+0000] {logging_mixin.py:190} INFO - Task instance in success state
[2025-04-02T07:58:49.893+0000] {logging_mixin.py:190} INFO -  Previous state of the Task instance: running
[2025-04-02T07:58:49.898+0000] {logging_mixin.py:190} INFO - Dag name:my_dag_name queued_at:2025-04-02 07:58:19.812516+00:00
[2025-04-02T07:58:49.901+0000] {logging_mixin.py:190} INFO - Task hostname:900d630d7d5f operator:_PythonDecoratedOperator
[2025-04-02T07:58:50.050+0000] {local_task_job_runner.py:266} INFO - Task exited with return code 0
[2025-04-02T07:58:50.132+0000] {local_task_job_runner.py:245} INFO - ::endgroup::
