[2025-04-03T11:12:11.087+0000] {local_task_job_runner.py:123} INFO - ::group::Pre task execution logs
[2025-04-03T11:12:11.119+0000] {taskinstance.py:2614} INFO - Dependencies all met for dep_context=non-requeueable deps ti=<TaskInstance: scrapping_inserting_news.upsert_table manual__2025-04-03T11:12:06.693488+00:00 [queued]>
[2025-04-03T11:12:11.135+0000] {taskinstance.py:2614} INFO - Dependencies all met for dep_context=requeueable deps ti=<TaskInstance: scrapping_inserting_news.upsert_table manual__2025-04-03T11:12:06.693488+00:00 [queued]>
[2025-04-03T11:12:11.135+0000] {taskinstance.py:2867} INFO - Starting attempt 1 of 1
[2025-04-03T11:12:11.162+0000] {taskinstance.py:2890} INFO - Executing <Task(BigQueryUpsertTableOperator): upsert_table> on 2025-04-03 11:12:06.693488+00:00
[2025-04-03T11:12:11.177+0000] {warnings.py:112} WARNING - /home/***/.local/lib/python3.12/site-packages/***/task/task_runner/standard_task_runner.py:70: DeprecationWarning: This process (pid=2310) is multi-threaded, use of fork() may lead to deadlocks in the child.
  pid = os.fork()

[2025-04-03T11:12:11.180+0000] {standard_task_runner.py:72} INFO - Started process 2315 to run task
[2025-04-03T11:12:11.183+0000] {standard_task_runner.py:104} INFO - Running: ['***', 'tasks', 'run', 'scrapping_inserting_news', 'upsert_table', 'manual__2025-04-03T11:12:06.693488+00:00', '--job-id', '121', '--raw', '--subdir', 'DAGS_FOLDER/intermediaire_table.py', '--cfg-path', '/tmp/tmppekfo2if']
[2025-04-03T11:12:11.185+0000] {standard_task_runner.py:105} INFO - Job 121: Subtask upsert_table
[2025-04-03T11:12:11.269+0000] {task_command.py:467} INFO - Running <TaskInstance: scrapping_inserting_news.upsert_table manual__2025-04-03T11:12:06.693488+00:00 [running]> on host d6badcb20287
[2025-04-03T11:12:11.761+0000] {taskinstance.py:3134} INFO - Exporting env vars: AIRFLOW_CTX_DAG_OWNER='***' AIRFLOW_CTX_DAG_ID='scrapping_inserting_news' AIRFLOW_CTX_TASK_ID='upsert_table' AIRFLOW_CTX_EXECUTION_DATE='2025-04-03T11:12:06.693488+00:00' AIRFLOW_CTX_TRY_NUMBER='1' AIRFLOW_CTX_DAG_RUN_ID='manual__2025-04-03T11:12:06.693488+00:00'
[2025-04-03T11:12:11.764+0000] {logging_mixin.py:190} INFO - Task instance is in running state
[2025-04-03T11:12:11.765+0000] {logging_mixin.py:190} INFO -  Previous state of the Task instance: queued
[2025-04-03T11:12:11.765+0000] {logging_mixin.py:190} INFO - Current task name:upsert_table state:running start_date:2025-04-03 11:12:11.120194+00:00
[2025-04-03T11:12:11.765+0000] {logging_mixin.py:190} INFO - Dag name:scrapping_inserting_news and current dag run status:running
[2025-04-03T11:12:11.766+0000] {taskinstance.py:732} INFO - ::endgroup::
[2025-04-03T11:12:11.767+0000] {bigquery.py:2612} INFO - Upserting Dataset: fake_news_detection with table_resource: {'tableReference': {'tableId': 'test_table_id'}}
[2025-04-03T11:12:11.793+0000] {base.py:84} INFO - Retrieving connection 'gcp_conn'
[2025-04-03T11:12:11.876+0000] {bigquery.py:628} INFO - Start getting tables list from dataset: nlpfakenews.fake_news_detection
[2025-04-03T11:12:12.162+0000] {bigquery.py:970} INFO - Table nlpfakenews:fake_news_detection.test_table_id exists, updating.
[2025-04-03T11:12:12.163+0000] {bigquery.py:700} INFO - Updating table: {'tableId': 'test_table_id', 'projectId': 'nlpfakenews', 'datasetId': 'fake_news_detection'}
[2025-04-03T11:12:12.467+0000] {bigquery.py:702} INFO - Table nlpfakenews.None.None updated successfully
[2025-04-03T11:12:12.511+0000] {taskinstance.py:341} INFO - ::group::Post task execution logs
[2025-04-03T11:12:12.512+0000] {taskinstance.py:353} INFO - Marking task as SUCCESS. dag_id=scrapping_inserting_news, task_id=upsert_table, run_id=manual__2025-04-03T11:12:06.693488+00:00, execution_date=20250403T111206, start_date=20250403T111211, end_date=20250403T111212
[2025-04-03T11:12:12.547+0000] {logging_mixin.py:190} INFO - Task instance in success state
[2025-04-03T11:12:12.548+0000] {logging_mixin.py:190} INFO -  Previous state of the Task instance: running
[2025-04-03T11:12:12.548+0000] {logging_mixin.py:190} INFO - Dag name:scrapping_inserting_news queued_at:2025-04-03 11:12:06.719958+00:00
[2025-04-03T11:12:12.549+0000] {logging_mixin.py:190} INFO - Task hostname:d6badcb20287 operator:BigQueryUpsertTableOperator
[2025-04-03T11:12:12.563+0000] {local_task_job_runner.py:266} INFO - Task exited with return code 0
[2025-04-03T11:12:12.602+0000] {taskinstance.py:3901} INFO - 0 downstream tasks scheduled from follow-on schedule check
[2025-04-03T11:12:12.605+0000] {local_task_job_runner.py:245} INFO - ::endgroup::
