[2025-04-01T14:29:32.529+0000] {local_task_job_runner.py:123} INFO - ::group::Pre task execution logs
[2025-04-01T14:29:32.686+0000] {taskinstance.py:2614} INFO - Dependencies all met for dep_context=non-requeueable deps ti=<TaskInstance: my_dag_name.create_table scheduled__2021-03-13T00:00:00+00:00 [queued]>
[2025-04-01T14:29:32.740+0000] {taskinstance.py:2614} INFO - Dependencies all met for dep_context=requeueable deps ti=<TaskInstance: my_dag_name.create_table scheduled__2021-03-13T00:00:00+00:00 [queued]>
[2025-04-01T14:29:32.741+0000] {taskinstance.py:2867} INFO - Starting attempt 1 of 1
[2025-04-01T14:29:33.016+0000] {taskinstance.py:2890} INFO - Executing <Task(BigQueryCreateTableOperator): create_table> on 2021-03-13 00:00:00+00:00
[2025-04-01T14:29:33.161+0000] {warnings.py:112} WARNING - /home/***/.local/lib/python3.12/site-packages/***/task/task_runner/standard_task_runner.py:70: DeprecationWarning: This process (pid=756) is multi-threaded, use of fork() may lead to deadlocks in the child.
  pid = os.fork()

[2025-04-01T14:29:33.201+0000] {standard_task_runner.py:72} INFO - Started process 784 to run task
[2025-04-01T14:29:33.224+0000] {standard_task_runner.py:104} INFO - Running: ['***', 'tasks', 'run', 'my_dag_name', 'create_table', 'scheduled__2021-03-13T00:00:00+00:00', '--job-id', '150', '--raw', '--subdir', 'DAGS_FOLDER/con.py', '--cfg-path', '/tmp/tmpwniz2exu']
[2025-04-01T14:29:33.227+0000] {standard_task_runner.py:105} INFO - Job 150: Subtask create_table
[2025-04-01T14:29:33.859+0000] {task_command.py:467} INFO - Running <TaskInstance: my_dag_name.create_table scheduled__2021-03-13T00:00:00+00:00 [running]> on host 900d630d7d5f
[2025-04-01T14:29:35.040+0000] {taskinstance.py:3134} INFO - Exporting env vars: AIRFLOW_CTX_DAG_OWNER='***' AIRFLOW_CTX_DAG_ID='my_dag_name' AIRFLOW_CTX_TASK_ID='create_table' AIRFLOW_CTX_EXECUTION_DATE='2021-03-13T00:00:00+00:00' AIRFLOW_CTX_TRY_NUMBER='1' AIRFLOW_CTX_DAG_RUN_ID='scheduled__2021-03-13T00:00:00+00:00'
[2025-04-01T14:29:35.058+0000] {logging_mixin.py:190} INFO - Task instance is in running state
[2025-04-01T14:29:35.063+0000] {logging_mixin.py:190} INFO -  Previous state of the Task instance: queued
[2025-04-01T14:29:35.078+0000] {logging_mixin.py:190} INFO - Current task name:create_table state:running start_date:2025-04-01 14:29:32.688013+00:00
[2025-04-01T14:29:35.079+0000] {logging_mixin.py:190} INFO - Dag name:my_dag_name and current dag run status:running
[2025-04-01T14:29:35.079+0000] {taskinstance.py:732} INFO - ::endgroup::
[2025-04-01T14:29:35.184+0000] {connection.py:277} WARNING - Connection schemes (type: google_cloud_platform) shall not contain '_' according to RFC3986.
[2025-04-01T14:29:35.261+0000] {base.py:84} INFO - Retrieving connection 'gcp_co'
[2025-04-01T14:29:35.270+0000] {bigquery.py:1274} INFO - Creating table...
[2025-04-01T14:29:36.699+0000] {bigquery.py:1304} INFO - Table fake_news_detection.training_data already exists.
[2025-04-01T14:29:36.960+0000] {taskinstance.py:341} INFO - ::group::Post task execution logs
[2025-04-01T14:29:36.994+0000] {taskinstance.py:353} INFO - Marking task as SUCCESS. dag_id=my_dag_name, task_id=create_table, run_id=scheduled__2021-03-13T00:00:00+00:00, execution_date=20210313T000000, start_date=20250401T142932, end_date=20250401T142936
[2025-04-01T14:29:37.184+0000] {logging_mixin.py:190} INFO - Task instance in success state
[2025-04-01T14:29:37.185+0000] {logging_mixin.py:190} INFO -  Previous state of the Task instance: running
[2025-04-01T14:29:37.186+0000] {logging_mixin.py:190} INFO - Dag name:my_dag_name queued_at:2025-04-01 14:28:35.052507+00:00
[2025-04-01T14:29:37.186+0000] {logging_mixin.py:190} INFO - Task hostname:900d630d7d5f operator:BigQueryCreateTableOperator
[2025-04-01T14:29:37.359+0000] {local_task_job_runner.py:266} INFO - Task exited with return code 0
[2025-04-01T14:29:37.447+0000] {local_task_job_runner.py:245} INFO - ::endgroup::
