[2025-04-03T09:53:16.676+0000] {local_task_job_runner.py:123} INFO - ::group::Pre task execution logs
[2025-04-03T09:53:16.710+0000] {taskinstance.py:2614} INFO - Dependencies all met for dep_context=non-requeueable deps ti=<TaskInstance: my_dag_name.create_bq_insert_query manual__2025-04-03T09:53:07.169004+00:00 [queued]>
[2025-04-03T09:53:16.727+0000] {taskinstance.py:2614} INFO - Dependencies all met for dep_context=requeueable deps ti=<TaskInstance: my_dag_name.create_bq_insert_query manual__2025-04-03T09:53:07.169004+00:00 [queued]>
[2025-04-03T09:53:16.728+0000] {taskinstance.py:2867} INFO - Starting attempt 1 of 1
[2025-04-03T09:53:16.747+0000] {taskinstance.py:2890} INFO - Executing <Task(PythonOperator): create_bq_insert_query> on 2025-04-03 09:53:07.169004+00:00
[2025-04-03T09:53:16.760+0000] {warnings.py:112} WARNING - /home/***/.local/lib/python3.12/site-packages/***/task/task_runner/standard_task_runner.py:70: DeprecationWarning: This process (pid=1054) is multi-threaded, use of fork() may lead to deadlocks in the child.
  pid = os.fork()

[2025-04-03T09:53:16.762+0000] {standard_task_runner.py:72} INFO - Started process 1056 to run task
[2025-04-03T09:53:16.765+0000] {standard_task_runner.py:104} INFO - Running: ['***', 'tasks', 'run', 'my_dag_name', 'create_bq_insert_query', 'manual__2025-04-03T09:53:07.169004+00:00', '--job-id', '58', '--raw', '--subdir', 'DAGS_FOLDER/intermediaire_table.py', '--cfg-path', '/tmp/tmp2k3td_9z']
[2025-04-03T09:53:16.766+0000] {standard_task_runner.py:105} INFO - Job 58: Subtask create_bq_insert_query
[2025-04-03T09:53:16.839+0000] {task_command.py:467} INFO - Running <TaskInstance: my_dag_name.create_bq_insert_query manual__2025-04-03T09:53:07.169004+00:00 [running]> on host d6badcb20287
[2025-04-03T09:53:16.972+0000] {taskinstance.py:3134} INFO - Exporting env vars: AIRFLOW_CTX_DAG_OWNER='***' AIRFLOW_CTX_DAG_ID='my_dag_name' AIRFLOW_CTX_TASK_ID='create_bq_insert_query' AIRFLOW_CTX_EXECUTION_DATE='2025-04-03T09:53:07.169004+00:00' AIRFLOW_CTX_TRY_NUMBER='1' AIRFLOW_CTX_DAG_RUN_ID='manual__2025-04-03T09:53:07.169004+00:00'
[2025-04-03T09:53:16.975+0000] {logging_mixin.py:190} INFO - Task instance is in running state
[2025-04-03T09:53:16.975+0000] {logging_mixin.py:190} INFO -  Previous state of the Task instance: queued
[2025-04-03T09:53:16.976+0000] {logging_mixin.py:190} INFO - Current task name:create_bq_insert_query state:running start_date:2025-04-03 09:53:16.710674+00:00
[2025-04-03T09:53:16.976+0000] {logging_mixin.py:190} INFO - Dag name:my_dag_name and current dag run status:running
[2025-04-03T09:53:16.976+0000] {taskinstance.py:732} INFO - ::endgroup::
[2025-04-03T09:53:16.977+0000] {logging_mixin.py:190} INFO - 
        DELETE FROM `nlpfakenews.fake_news_detection.training_data`
        WHERE id_news IN UNNEST(['1jqdoke', '1jqdjsw', '1jqdj5f', '1jqdido', '1jqdhq9', '1jqdg5s', '1jqdat4'])
    
[2025-04-03T09:53:16.978+0000] {python.py:240} INFO - Done. Returned value was: 
        DELETE FROM `nlpfakenews.fake_news_detection.training_data`
        WHERE id_news IN UNNEST(['1jqdoke', '1jqdjsw', '1jqdj5f', '1jqdido', '1jqdhq9', '1jqdg5s', '1jqdat4'])
    
[2025-04-03T09:53:17.015+0000] {taskinstance.py:341} INFO - ::group::Post task execution logs
[2025-04-03T09:53:17.016+0000] {taskinstance.py:353} INFO - Marking task as SUCCESS. dag_id=my_dag_name, task_id=create_bq_insert_query, run_id=manual__2025-04-03T09:53:07.169004+00:00, execution_date=20250403T095307, start_date=20250403T095316, end_date=20250403T095317
[2025-04-03T09:53:17.052+0000] {logging_mixin.py:190} INFO - Task instance in success state
[2025-04-03T09:53:17.053+0000] {logging_mixin.py:190} INFO -  Previous state of the Task instance: running
[2025-04-03T09:53:17.053+0000] {logging_mixin.py:190} INFO - Dag name:my_dag_name queued_at:2025-04-03 09:53:07.183269+00:00
[2025-04-03T09:53:17.054+0000] {logging_mixin.py:190} INFO - Task hostname:d6badcb20287 operator:PythonOperator
[2025-04-03T09:53:17.099+0000] {local_task_job_runner.py:266} INFO - Task exited with return code 0
[2025-04-03T09:53:17.136+0000] {taskinstance.py:3901} INFO - 1 downstream tasks scheduled from follow-on schedule check
[2025-04-03T09:53:17.138+0000] {local_task_job_runner.py:245} INFO - ::endgroup::
