[2025-04-01T14:45:11.059+0000] {local_task_job_runner.py:123} INFO - ::group::Pre task execution logs
[2025-04-01T14:45:11.277+0000] {taskinstance.py:2614} INFO - Dependencies all met for dep_context=non-requeueable deps ti=<TaskInstance: my_dag_name.create_table scheduled__2021-09-20T00:00:00+00:00 [queued]>
[2025-04-01T14:45:11.416+0000] {taskinstance.py:2614} INFO - Dependencies all met for dep_context=requeueable deps ti=<TaskInstance: my_dag_name.create_table scheduled__2021-09-20T00:00:00+00:00 [queued]>
[2025-04-01T14:45:11.417+0000] {taskinstance.py:2867} INFO - Starting attempt 1 of 1
[2025-04-01T14:45:11.621+0000] {taskinstance.py:2890} INFO - Executing <Task(BigQueryCreateTableOperator): create_table> on 2021-09-20 00:00:00+00:00
[2025-04-01T14:45:11.744+0000] {warnings.py:112} WARNING - /home/***/.local/lib/python3.12/site-packages/***/task/task_runner/standard_task_runner.py:70: DeprecationWarning: This process (pid=2456) is multi-threaded, use of fork() may lead to deadlocks in the child.
  pid = os.fork()

[2025-04-01T14:45:11.768+0000] {standard_task_runner.py:72} INFO - Started process 2514 to run task
[2025-04-01T14:45:11.781+0000] {standard_task_runner.py:104} INFO - Running: ['***', 'tasks', 'run', 'my_dag_name', 'create_table', 'scheduled__2021-09-20T00:00:00+00:00', '--job-id', '548', '--raw', '--subdir', 'DAGS_FOLDER/con.py', '--cfg-path', '/tmp/tmpahkovr71']
[2025-04-01T14:45:11.787+0000] {standard_task_runner.py:105} INFO - Job 548: Subtask create_table
[2025-04-01T14:45:12.259+0000] {task_command.py:467} INFO - Running <TaskInstance: my_dag_name.create_table scheduled__2021-09-20T00:00:00+00:00 [running]> on host 900d630d7d5f
[2025-04-01T14:45:13.551+0000] {taskinstance.py:3134} INFO - Exporting env vars: AIRFLOW_CTX_DAG_OWNER='***' AIRFLOW_CTX_DAG_ID='my_dag_name' AIRFLOW_CTX_TASK_ID='create_table' AIRFLOW_CTX_EXECUTION_DATE='2021-09-20T00:00:00+00:00' AIRFLOW_CTX_TRY_NUMBER='1' AIRFLOW_CTX_DAG_RUN_ID='scheduled__2021-09-20T00:00:00+00:00'
[2025-04-01T14:45:13.563+0000] {logging_mixin.py:190} INFO - Task instance is in running state
[2025-04-01T14:45:13.566+0000] {logging_mixin.py:190} INFO -  Previous state of the Task instance: queued
[2025-04-01T14:45:13.571+0000] {logging_mixin.py:190} INFO - Current task name:create_table state:running start_date:2025-04-01 14:45:11.278559+00:00
[2025-04-01T14:45:13.572+0000] {logging_mixin.py:190} INFO - Dag name:my_dag_name and current dag run status:running
[2025-04-01T14:45:13.573+0000] {taskinstance.py:732} INFO - ::endgroup::
[2025-04-01T14:45:13.631+0000] {connection.py:277} WARNING - Connection schemes (type: google_cloud_platform) shall not contain '_' according to RFC3986.
[2025-04-01T14:45:13.710+0000] {base.py:84} INFO - Retrieving connection 'gcp_co'
[2025-04-01T14:45:13.711+0000] {bigquery.py:1274} INFO - Creating table...
[2025-04-01T14:45:14.731+0000] {bigquery.py:1304} INFO - Table fake_news_detection.training_data already exists.
[2025-04-01T14:45:14.805+0000] {taskinstance.py:341} INFO - ::group::Post task execution logs
[2025-04-01T14:45:14.807+0000] {taskinstance.py:353} INFO - Marking task as SUCCESS. dag_id=my_dag_name, task_id=create_table, run_id=scheduled__2021-09-20T00:00:00+00:00, execution_date=20210920T000000, start_date=20250401T144511, end_date=20250401T144514
[2025-04-01T14:45:14.904+0000] {logging_mixin.py:190} INFO - Task instance in success state
[2025-04-01T14:45:14.905+0000] {logging_mixin.py:190} INFO -  Previous state of the Task instance: running
[2025-04-01T14:45:14.906+0000] {logging_mixin.py:190} INFO - Dag name:my_dag_name queued_at:2025-04-01 14:44:05.384555+00:00
[2025-04-01T14:45:14.907+0000] {logging_mixin.py:190} INFO - Task hostname:900d630d7d5f operator:BigQueryCreateTableOperator
[2025-04-01T14:45:14.963+0000] {local_task_job_runner.py:266} INFO - Task exited with return code 0
[2025-04-01T14:45:15.023+0000] {taskinstance.py:3901} INFO - 0 downstream tasks scheduled from follow-on schedule check
[2025-04-01T14:45:15.033+0000] {local_task_job_runner.py:245} INFO - ::endgroup::
