[2025-04-01T14:55:15.443+0000] {local_task_job_runner.py:123} INFO - ::group::Pre task execution logs
[2025-04-01T14:55:15.617+0000] {taskinstance.py:2614} INFO - Dependencies all met for dep_context=non-requeueable deps ti=<TaskInstance: my_dag_name.print_the_context scheduled__2022-02-06T00:00:00+00:00 [queued]>
[2025-04-01T14:55:15.659+0000] {taskinstance.py:2614} INFO - Dependencies all met for dep_context=requeueable deps ti=<TaskInstance: my_dag_name.print_the_context scheduled__2022-02-06T00:00:00+00:00 [queued]>
[2025-04-01T14:55:15.659+0000] {taskinstance.py:2867} INFO - Starting attempt 1 of 1
[2025-04-01T14:55:15.741+0000] {taskinstance.py:2890} INFO - Executing <Task(_PythonDecoratedOperator): print_the_context> on 2022-02-06 00:00:00+00:00
[2025-04-01T14:55:15.800+0000] {warnings.py:112} WARNING - /home/***/.local/lib/python3.12/site-packages/***/task/task_runner/standard_task_runner.py:70: DeprecationWarning: This process (pid=3618) is multi-threaded, use of fork() may lead to deadlocks in the child.
  pid = os.fork()

[2025-04-01T14:55:15.813+0000] {standard_task_runner.py:72} INFO - Started process 3666 to run task
[2025-04-01T14:55:15.835+0000] {standard_task_runner.py:104} INFO - Running: ['***', 'tasks', 'run', 'my_dag_name', 'print_the_context', 'scheduled__2022-02-06T00:00:00+00:00', '--job-id', '812', '--raw', '--subdir', 'DAGS_FOLDER/con.py', '--cfg-path', '/tmp/tmp98g8z8k3']
[2025-04-01T14:55:15.849+0000] {standard_task_runner.py:105} INFO - Job 812: Subtask print_the_context
[2025-04-01T14:55:16.232+0000] {task_command.py:467} INFO - Running <TaskInstance: my_dag_name.print_the_context scheduled__2022-02-06T00:00:00+00:00 [running]> on host 900d630d7d5f
[2025-04-01T14:55:16.872+0000] {taskinstance.py:3134} INFO - Exporting env vars: AIRFLOW_CTX_DAG_OWNER='***' AIRFLOW_CTX_DAG_ID='my_dag_name' AIRFLOW_CTX_TASK_ID='print_the_context' AIRFLOW_CTX_EXECUTION_DATE='2022-02-06T00:00:00+00:00' AIRFLOW_CTX_TRY_NUMBER='1' AIRFLOW_CTX_DAG_RUN_ID='scheduled__2022-02-06T00:00:00+00:00'
[2025-04-01T14:55:16.879+0000] {logging_mixin.py:190} INFO - Task instance is in running state
[2025-04-01T14:55:16.879+0000] {logging_mixin.py:190} INFO -  Previous state of the Task instance: queued
[2025-04-01T14:55:16.882+0000] {logging_mixin.py:190} INFO - Current task name:print_the_context state:running start_date:2025-04-01 14:55:15.618624+00:00
[2025-04-01T14:55:16.886+0000] {logging_mixin.py:190} INFO - Dag name:my_dag_name and current dag run status:running
[2025-04-01T14:55:16.887+0000] {taskinstance.py:732} INFO - ::endgroup::
[2025-04-01T14:55:16.986+0000] {logging_mixin.py:190} INFO - {'conf': <Proxy at 0x776364623e00 with factory functools.partial(<function lazy_mapping_from_context.<locals>._deprecated_proxy_factory at 0x77636464d8a0>, 'conf', <***.configuration.AirflowConfigParser object at 0x7763844f8cb0>)>,
 'conn': None,
 'dag': <DAG: my_dag_name>,
 'dag_run': <DagRun my_dag_name @ 2022-02-06 00:00:00+00:00: scheduled__2022-02-06T00:00:00+00:00, state:running, queued_at: 2025-04-01 14:54:47.906385+00:00. externally triggered: False>,
 'data_interval_end': DateTime(2022, 2, 7, 0, 0, 0, tzinfo=Timezone('UTC')),
 'data_interval_start': DateTime(2022, 2, 6, 0, 0, 0, tzinfo=Timezone('UTC')),
 'ds_nodash': '20220206',
 'execution_date': <Proxy at 0x7763647b0280 with factory functools.partial(<function lazy_mapping_from_context.<locals>._deprecated_proxy_factory at 0x77636464d8a0>, 'execution_date', DateTime(2022, 2, 6, 0, 0, 0, tzinfo=Timezone('UTC')))>,
 'expanded_ti_count': None,
 'inlet_events': InletEventsAccessors(_inlets=[], _datasets={}, _dataset_aliases={}, _session=<sqlalchemy.orm.session.Session object at 0x776383db5820>),
 'inlets': [],
 'logical_date': DateTime(2022, 2, 6, 0, 0, 0, tzinfo=Timezone('UTC')),
 'macros': <module '***.macros' from '/home/***/.local/lib/python3.12/site-packages/***/macros/__init__.py'>,
 'map_index_template': None,
 'next_ds': <Proxy at 0x77636469d6c0 with factory functools.partial(<function lazy_mapping_from_context.<locals>._deprecated_proxy_factory at 0x77636464d8a0>, 'next_ds', '2022-02-07')>,
 'next_ds_nodash': <Proxy at 0x776364690680 with factory functools.partial(<function lazy_mapping_from_context.<locals>._deprecated_proxy_factory at 0x77636464d8a0>, 'next_ds_nodash', '20220207')>,
 'next_execution_date': <Proxy at 0x776364713c00 with factory functools.partial(<function lazy_mapping_from_context.<locals>._deprecated_proxy_factory at 0x77636464d8a0>, 'next_execution_date', DateTime(2022, 2, 7, 0, 0, 0, tzinfo=Timezone('UTC')))>,
 'outlet_events': <***.utils.context.OutletEventAccessors object at 0x776364642450>,
 'outlets': [],
 'params': {},
 'prev_data_interval_end_success': DateTime(2022, 2, 5, 0, 0, 0, tzinfo=Timezone('UTC')),
 'prev_data_interval_start_success': DateTime(2022, 2, 4, 0, 0, 0, tzinfo=Timezone('UTC')),
 'prev_ds': <Proxy at 0x7763646bbbc0 with factory functools.partial(<function lazy_mapping_from_context.<locals>._deprecated_proxy_factory at 0x77636464d8a0>, 'prev_ds', '2022-02-05')>,
 'prev_ds_nodash': <Proxy at 0x7763646bbf80 with factory functools.partial(<function lazy_mapping_from_context.<locals>._deprecated_proxy_factory at 0x77636464d8a0>, 'prev_ds_nodash', '20220205')>,
 'prev_end_date_success': DateTime(2025, 4, 1, 14, 55, 7, 182500, tzinfo=Timezone('UTC')),
 'prev_execution_date': <Proxy at 0x7763646bbf40 with factory functools.partial(<function lazy_mapping_from_context.<locals>._deprecated_proxy_factory at 0x77636464d8a0>, 'prev_execution_date', DateTime(2022, 2, 5, 0, 0, 0, tzinfo=Timezone('UTC')))>,
 'prev_execution_date_success': <Proxy at 0x7763646bbf00 with factory functools.partial(<function lazy_mapping_from_context.<locals>._deprecated_proxy_factory at 0x77636464d8a0>, 'prev_execution_date_success', DateTime(2022, 2, 4, 0, 0, 0, tzinfo=Timezone('UTC')))>,
 'prev_start_date_success': DateTime(2025, 4, 1, 14, 54, 7, 274718, tzinfo=Timezone('UTC')),
 'run_id': 'scheduled__2022-02-06T00:00:00+00:00',
 'task': <Task(_PythonDecoratedOperator): print_the_context>,
 'task_instance': <TaskInstance: my_dag_name.print_the_context scheduled__2022-02-06T00:00:00+00:00 [running]>,
 'task_instance_key_str': 'my_dag_name__print_the_context__20220206',
 'templates_dict': None,
 'test_mode': False,
 'ti': <TaskInstance: my_dag_name.print_the_context scheduled__2022-02-06T00:00:00+00:00 [running]>,
 'tomorrow_ds': <Proxy at 0x7763646bbec0 with factory functools.partial(<function lazy_mapping_from_context.<locals>._deprecated_proxy_factory at 0x77636464d8a0>, 'tomorrow_ds', '2022-02-07')>,
 'tomorrow_ds_nodash': <Proxy at 0x7763646bbd40 with factory functools.partial(<function lazy_mapping_from_context.<locals>._deprecated_proxy_factory at 0x77636464d8a0>, 'tomorrow_ds_nodash', '20220207')>,
 'triggering_dataset_events': <Proxy at 0x77636464bd80 with factory <function _get_template_context.<locals>.get_triggering_events at 0x77636464d3a0>>,
 'ts': '2022-02-06T00:00:00+00:00',
 'ts_nodash': '20220206T000000',
 'ts_nodash_with_tz': '20220206T000000+0000',
 'var': {'json': None, 'value': None},
 'yesterday_ds': <Proxy at 0x7763646bbd80 with factory functools.partial(<function lazy_mapping_from_context.<locals>._deprecated_proxy_factory at 0x77636464d8a0>, 'yesterday_ds', '2022-02-05')>,
 'yesterday_ds_nodash': <Proxy at 0x7763646bbe80 with factory functools.partial(<function lazy_mapping_from_context.<locals>._deprecated_proxy_factory at 0x77636464d8a0>, 'yesterday_ds_nodash', '20220205')>}
[2025-04-01T14:55:16.990+0000] {logging_mixin.py:190} INFO - 2022-02-06
[2025-04-01T14:55:16.991+0000] {python.py:240} INFO - Done. Returned value was: Whatever you return gets printed in the logs
[2025-04-01T14:55:17.102+0000] {taskinstance.py:341} INFO - ::group::Post task execution logs
[2025-04-01T14:55:17.103+0000] {taskinstance.py:353} INFO - Marking task as SUCCESS. dag_id=my_dag_name, task_id=print_the_context, run_id=scheduled__2022-02-06T00:00:00+00:00, execution_date=20220206T000000, start_date=20250401T145515, end_date=20250401T145517
[2025-04-01T14:55:17.381+0000] {logging_mixin.py:190} INFO - Task instance in success state
[2025-04-01T14:55:17.382+0000] {logging_mixin.py:190} INFO -  Previous state of the Task instance: running
[2025-04-01T14:55:17.382+0000] {logging_mixin.py:190} INFO - Dag name:my_dag_name queued_at:2025-04-01 14:54:47.906385+00:00
[2025-04-01T14:55:17.383+0000] {logging_mixin.py:190} INFO - Task hostname:900d630d7d5f operator:_PythonDecoratedOperator
[2025-04-01T14:55:17.496+0000] {local_task_job_runner.py:266} INFO - Task exited with return code 0
[2025-04-01T14:55:17.602+0000] {taskinstance.py:3901} INFO - 1 downstream tasks scheduled from follow-on schedule check
[2025-04-01T14:55:17.612+0000] {local_task_job_runner.py:245} INFO - ::endgroup::
