[2025-04-01T14:52:25.497+0000] {local_task_job_runner.py:123} INFO - ::group::Pre task execution logs
[2025-04-01T14:52:25.720+0000] {taskinstance.py:2614} INFO - Dependencies all met for dep_context=non-requeueable deps ti=<TaskInstance: my_dag_name.create_table scheduled__2022-01-01T00:00:00+00:00 [queued]>
[2025-04-01T14:52:25.848+0000] {taskinstance.py:2614} INFO - Dependencies all met for dep_context=requeueable deps ti=<TaskInstance: my_dag_name.create_table scheduled__2022-01-01T00:00:00+00:00 [queued]>
[2025-04-01T14:52:25.849+0000] {taskinstance.py:2867} INFO - Starting attempt 1 of 1
[2025-04-01T14:52:26.054+0000] {taskinstance.py:2890} INFO - Executing <Task(BigQueryCreateTableOperator): create_table> on 2022-01-01 00:00:00+00:00
[2025-04-01T14:52:26.165+0000] {warnings.py:112} WARNING - /home/***/.local/lib/python3.12/site-packages/***/task/task_runner/standard_task_runner.py:70: DeprecationWarning: This process (pid=3342) is multi-threaded, use of fork() may lead to deadlocks in the child.
  pid = os.fork()

[2025-04-01T14:52:26.181+0000] {standard_task_runner.py:72} INFO - Started process 3388 to run task
[2025-04-01T14:52:26.223+0000] {standard_task_runner.py:104} INFO - Running: ['***', 'tasks', 'run', 'my_dag_name', 'create_table', 'scheduled__2022-01-01T00:00:00+00:00', '--job-id', '748', '--raw', '--subdir', 'DAGS_FOLDER/con.py', '--cfg-path', '/tmp/tmpiwr8fw3c']
[2025-04-01T14:52:26.241+0000] {standard_task_runner.py:105} INFO - Job 748: Subtask create_table
[2025-04-01T14:52:26.500+0000] {task_command.py:467} INFO - Running <TaskInstance: my_dag_name.create_table scheduled__2022-01-01T00:00:00+00:00 [running]> on host 900d630d7d5f
[2025-04-01T14:52:27.554+0000] {taskinstance.py:3134} INFO - Exporting env vars: AIRFLOW_CTX_DAG_OWNER='***' AIRFLOW_CTX_DAG_ID='my_dag_name' AIRFLOW_CTX_TASK_ID='create_table' AIRFLOW_CTX_EXECUTION_DATE='2022-01-01T00:00:00+00:00' AIRFLOW_CTX_TRY_NUMBER='1' AIRFLOW_CTX_DAG_RUN_ID='scheduled__2022-01-01T00:00:00+00:00'
[2025-04-01T14:52:27.573+0000] {logging_mixin.py:190} INFO - Task instance is in running state
[2025-04-01T14:52:27.581+0000] {logging_mixin.py:190} INFO -  Previous state of the Task instance: queued
[2025-04-01T14:52:27.600+0000] {logging_mixin.py:190} INFO - Current task name:create_table state:running start_date:2025-04-01 14:52:25.726784+00:00
[2025-04-01T14:52:27.601+0000] {logging_mixin.py:190} INFO - Dag name:my_dag_name and current dag run status:running
[2025-04-01T14:52:27.601+0000] {taskinstance.py:732} INFO - ::endgroup::
[2025-04-01T14:52:27.673+0000] {connection.py:277} WARNING - Connection schemes (type: google_cloud_platform) shall not contain '_' according to RFC3986.
[2025-04-01T14:52:27.784+0000] {base.py:84} INFO - Retrieving connection 'gcp_co'
[2025-04-01T14:52:27.785+0000] {bigquery.py:1274} INFO - Creating table...
[2025-04-01T14:52:28.509+0000] {bigquery.py:1304} INFO - Table fake_news_detection.training_data already exists.
[2025-04-01T14:52:28.712+0000] {taskinstance.py:341} INFO - ::group::Post task execution logs
[2025-04-01T14:52:28.725+0000] {taskinstance.py:353} INFO - Marking task as SUCCESS. dag_id=my_dag_name, task_id=create_table, run_id=scheduled__2022-01-01T00:00:00+00:00, execution_date=20220101T000000, start_date=20250401T145225, end_date=20250401T145228
[2025-04-01T14:52:28.846+0000] {logging_mixin.py:190} INFO - Task instance in success state
[2025-04-01T14:52:28.847+0000] {logging_mixin.py:190} INFO -  Previous state of the Task instance: running
[2025-04-01T14:52:28.847+0000] {logging_mixin.py:190} INFO - Dag name:my_dag_name queued_at:2025-04-01 14:51:24.399001+00:00
[2025-04-01T14:52:28.848+0000] {logging_mixin.py:190} INFO - Task hostname:900d630d7d5f operator:BigQueryCreateTableOperator
[2025-04-01T14:52:28.987+0000] {local_task_job_runner.py:266} INFO - Task exited with return code 0
[2025-04-01T14:52:29.049+0000] {local_task_job_runner.py:245} INFO - ::endgroup::
