[2025-04-03T09:28:07.318+0000] {local_task_job_runner.py:123} INFO - ::group::Pre task execution logs
[2025-04-03T09:28:07.347+0000] {taskinstance.py:2614} INFO - Dependencies all met for dep_context=non-requeueable deps ti=<TaskInstance: my_dag_name.create_table_intermediaire manual__2025-04-03T09:28:03.510120+00:00 [queued]>
[2025-04-03T09:28:07.360+0000] {taskinstance.py:2614} INFO - Dependencies all met for dep_context=requeueable deps ti=<TaskInstance: my_dag_name.create_table_intermediaire manual__2025-04-03T09:28:03.510120+00:00 [queued]>
[2025-04-03T09:28:07.360+0000] {taskinstance.py:2867} INFO - Starting attempt 1 of 1
[2025-04-03T09:28:07.382+0000] {taskinstance.py:2890} INFO - Executing <Task(BigQueryCreateTableOperator): create_table_intermediaire> on 2025-04-03 09:28:03.510120+00:00
[2025-04-03T09:28:07.394+0000] {warnings.py:112} WARNING - /home/***/.local/lib/python3.12/site-packages/***/task/task_runner/standard_task_runner.py:70: DeprecationWarning: This process (pid=656) is multi-threaded, use of fork() may lead to deadlocks in the child.
  pid = os.fork()

[2025-04-03T09:28:07.397+0000] {standard_task_runner.py:72} INFO - Started process 658 to run task
[2025-04-03T09:28:07.399+0000] {standard_task_runner.py:104} INFO - Running: ['***', 'tasks', 'run', 'my_dag_name', 'create_table_intermediaire', 'manual__2025-04-03T09:28:03.510120+00:00', '--job-id', '36', '--raw', '--subdir', 'DAGS_FOLDER/intermediaire_table.py', '--cfg-path', '/tmp/tmp9wl0xeny']
[2025-04-03T09:28:07.401+0000] {standard_task_runner.py:105} INFO - Job 36: Subtask create_table_intermediaire
[2025-04-03T09:28:07.470+0000] {task_command.py:467} INFO - Running <TaskInstance: my_dag_name.create_table_intermediaire manual__2025-04-03T09:28:03.510120+00:00 [running]> on host d6badcb20287
[2025-04-03T09:28:07.621+0000] {taskinstance.py:3134} INFO - Exporting env vars: AIRFLOW_CTX_DAG_OWNER='***' AIRFLOW_CTX_DAG_ID='my_dag_name' AIRFLOW_CTX_TASK_ID='create_table_intermediaire' AIRFLOW_CTX_EXECUTION_DATE='2025-04-03T09:28:03.510120+00:00' AIRFLOW_CTX_TRY_NUMBER='1' AIRFLOW_CTX_DAG_RUN_ID='manual__2025-04-03T09:28:03.510120+00:00'
[2025-04-03T09:28:07.623+0000] {logging_mixin.py:190} INFO - Task instance is in running state
[2025-04-03T09:28:07.623+0000] {logging_mixin.py:190} INFO -  Previous state of the Task instance: queued
[2025-04-03T09:28:07.624+0000] {logging_mixin.py:190} INFO - Current task name:create_table_intermediaire state:running start_date:2025-04-03 09:28:07.348172+00:00
[2025-04-03T09:28:07.624+0000] {logging_mixin.py:190} INFO - Dag name:my_dag_name and current dag run status:running
[2025-04-03T09:28:07.624+0000] {taskinstance.py:732} INFO - ::endgroup::
[2025-04-03T09:28:07.649+0000] {base.py:84} INFO - Retrieving connection 'gcp_conn'
[2025-04-03T09:28:07.649+0000] {bigquery.py:1274} INFO - Creating table...
[2025-04-03T09:28:07.922+0000] {bigquery.py:1304} INFO - Table fake_news_detection.training_data already exists.
[2025-04-03T09:28:07.957+0000] {taskinstance.py:341} INFO - ::group::Post task execution logs
[2025-04-03T09:28:07.958+0000] {taskinstance.py:353} INFO - Marking task as SUCCESS. dag_id=my_dag_name, task_id=create_table_intermediaire, run_id=manual__2025-04-03T09:28:03.510120+00:00, execution_date=20250403T092803, start_date=20250403T092807, end_date=20250403T092807
[2025-04-03T09:28:08.001+0000] {logging_mixin.py:190} INFO - Task instance in success state
[2025-04-03T09:28:08.001+0000] {logging_mixin.py:190} INFO -  Previous state of the Task instance: running
[2025-04-03T09:28:08.002+0000] {logging_mixin.py:190} INFO - Dag name:my_dag_name queued_at:2025-04-03 09:28:03.559544+00:00
[2025-04-03T09:28:08.002+0000] {logging_mixin.py:190} INFO - Task hostname:d6badcb20287 operator:BigQueryCreateTableOperator
[2025-04-03T09:28:08.055+0000] {local_task_job_runner.py:266} INFO - Task exited with return code 0
[2025-04-03T09:28:08.127+0000] {taskinstance.py:3901} INFO - 1 downstream tasks scheduled from follow-on schedule check
[2025-04-03T09:28:08.129+0000] {local_task_job_runner.py:245} INFO - ::endgroup::
