[2025-04-01T14:28:57.822+0000] {local_task_job_runner.py:123} INFO - ::group::Pre task execution logs
[2025-04-01T14:28:58.102+0000] {taskinstance.py:2614} INFO - Dependencies all met for dep_context=non-requeueable deps ti=<TaskInstance: my_dag_name.print_the_context scheduled__2021-03-08T00:00:00+00:00 [queued]>
[2025-04-01T14:28:58.357+0000] {taskinstance.py:2614} INFO - Dependencies all met for dep_context=requeueable deps ti=<TaskInstance: my_dag_name.print_the_context scheduled__2021-03-08T00:00:00+00:00 [queued]>
[2025-04-01T14:28:58.369+0000] {taskinstance.py:2867} INFO - Starting attempt 1 of 1
[2025-04-01T14:28:58.622+0000] {taskinstance.py:2890} INFO - Executing <Task(_PythonDecoratedOperator): print_the_context> on 2021-03-08 00:00:00+00:00
[2025-04-01T14:28:58.753+0000] {warnings.py:112} WARNING - /home/***/.local/lib/python3.12/site-packages/***/task/task_runner/standard_task_runner.py:70: DeprecationWarning: This process (pid=681) is multi-threaded, use of fork() may lead to deadlocks in the child.
  pid = os.fork()

[2025-04-01T14:28:58.777+0000] {standard_task_runner.py:72} INFO - Started process 718 to run task
[2025-04-01T14:28:58.792+0000] {standard_task_runner.py:104} INFO - Running: ['***', 'tasks', 'run', 'my_dag_name', 'print_the_context', 'scheduled__2021-03-08T00:00:00+00:00', '--job-id', '136', '--raw', '--subdir', 'DAGS_FOLDER/con.py', '--cfg-path', '/tmp/tmpwbqnhslj']
[2025-04-01T14:28:58.813+0000] {standard_task_runner.py:105} INFO - Job 136: Subtask print_the_context
[2025-04-01T14:28:59.311+0000] {task_command.py:467} INFO - Running <TaskInstance: my_dag_name.print_the_context scheduled__2021-03-08T00:00:00+00:00 [running]> on host 900d630d7d5f
[2025-04-01T14:29:00.729+0000] {taskinstance.py:3134} INFO - Exporting env vars: AIRFLOW_CTX_DAG_OWNER='***' AIRFLOW_CTX_DAG_ID='my_dag_name' AIRFLOW_CTX_TASK_ID='print_the_context' AIRFLOW_CTX_EXECUTION_DATE='2021-03-08T00:00:00+00:00' AIRFLOW_CTX_TRY_NUMBER='1' AIRFLOW_CTX_DAG_RUN_ID='scheduled__2021-03-08T00:00:00+00:00'
[2025-04-01T14:29:00.746+0000] {logging_mixin.py:190} INFO - Task instance is in running state
[2025-04-01T14:29:00.753+0000] {logging_mixin.py:190} INFO -  Previous state of the Task instance: queued
[2025-04-01T14:29:00.754+0000] {logging_mixin.py:190} INFO - Current task name:print_the_context state:running start_date:2025-04-01 14:28:58.107161+00:00
[2025-04-01T14:29:00.755+0000] {logging_mixin.py:190} INFO - Dag name:my_dag_name and current dag run status:running
[2025-04-01T14:29:00.756+0000] {taskinstance.py:732} INFO - ::endgroup::
[2025-04-01T14:29:00.811+0000] {logging_mixin.py:190} INFO - {'conf': <Proxy at 0x7763647aee80 with factory functools.partial(<function lazy_mapping_from_context.<locals>._deprecated_proxy_factory at 0x7763647c9620>, 'conf', <***.configuration.AirflowConfigParser object at 0x7763844f8cb0>)>,
 'conn': None,
 'dag': <DAG: my_dag_name>,
 'dag_run': <DagRun my_dag_name @ 2021-03-08 00:00:00+00:00: scheduled__2021-03-08T00:00:00+00:00, state:running, queued_at: 2025-04-01 14:28:32.762977+00:00. externally triggered: False>,
 'data_interval_end': DateTime(2021, 3, 9, 0, 0, 0, tzinfo=Timezone('UTC')),
 'data_interval_start': DateTime(2021, 3, 8, 0, 0, 0, tzinfo=Timezone('UTC')),
 'ds_nodash': '20210308',
 'execution_date': <Proxy at 0x77636480ffc0 with factory functools.partial(<function lazy_mapping_from_context.<locals>._deprecated_proxy_factory at 0x7763647c9620>, 'execution_date', DateTime(2021, 3, 8, 0, 0, 0, tzinfo=Timezone('UTC')))>,
 'expanded_ti_count': None,
 'inlet_events': InletEventsAccessors(_inlets=[], _datasets={}, _dataset_aliases={}, _session=<sqlalchemy.orm.session.Session object at 0x776383db4f50>),
 'inlets': [],
 'logical_date': DateTime(2021, 3, 8, 0, 0, 0, tzinfo=Timezone('UTC')),
 'macros': <module '***.macros' from '/home/***/.local/lib/python3.12/site-packages/***/macros/__init__.py'>,
 'map_index_template': None,
 'next_ds': <Proxy at 0x776364730240 with factory functools.partial(<function lazy_mapping_from_context.<locals>._deprecated_proxy_factory at 0x7763647c9620>, 'next_ds', '2021-03-09')>,
 'next_ds_nodash': <Proxy at 0x7763647d9880 with factory functools.partial(<function lazy_mapping_from_context.<locals>._deprecated_proxy_factory at 0x7763647c9620>, 'next_ds_nodash', '20210309')>,
 'next_execution_date': <Proxy at 0x776364e096c0 with factory functools.partial(<function lazy_mapping_from_context.<locals>._deprecated_proxy_factory at 0x7763647c9620>, 'next_execution_date', DateTime(2021, 3, 9, 0, 0, 0, tzinfo=Timezone('UTC')))>,
 'outlet_events': <***.utils.context.OutletEventAccessors object at 0x7763647c1dc0>,
 'outlets': [],
 'params': {},
 'prev_data_interval_end_success': DateTime(2021, 3, 5, 0, 0, 0, tzinfo=Timezone('UTC')),
 'prev_data_interval_start_success': DateTime(2021, 3, 4, 0, 0, 0, tzinfo=Timezone('UTC')),
 'prev_ds': <Proxy at 0x776364645500 with factory functools.partial(<function lazy_mapping_from_context.<locals>._deprecated_proxy_factory at 0x7763647c9620>, 'prev_ds', '2021-03-07')>,
 'prev_ds_nodash': <Proxy at 0x776364645600 with factory functools.partial(<function lazy_mapping_from_context.<locals>._deprecated_proxy_factory at 0x7763647c9620>, 'prev_ds_nodash', '20210307')>,
 'prev_end_date_success': DateTime(2025, 4, 1, 14, 28, 27, 853111, tzinfo=Timezone('UTC')),
 'prev_execution_date': <Proxy at 0x776364644e40 with factory functools.partial(<function lazy_mapping_from_context.<locals>._deprecated_proxy_factory at 0x7763647c9620>, 'prev_execution_date', DateTime(2021, 3, 7, 0, 0, 0, tzinfo=Timezone('UTC')))>,
 'prev_execution_date_success': <Proxy at 0x7763646448c0 with factory functools.partial(<function lazy_mapping_from_context.<locals>._deprecated_proxy_factory at 0x7763647c9620>, 'prev_execution_date_success', DateTime(2021, 3, 4, 0, 0, 0, tzinfo=Timezone('UTC')))>,
 'prev_start_date_success': DateTime(2025, 4, 1, 14, 27, 22, 328743, tzinfo=Timezone('UTC')),
 'run_id': 'scheduled__2021-03-08T00:00:00+00:00',
 'task': <Task(_PythonDecoratedOperator): print_the_context>,
 'task_instance': <TaskInstance: my_dag_name.print_the_context scheduled__2021-03-08T00:00:00+00:00 [running]>,
 'task_instance_key_str': 'my_dag_name__print_the_context__20210308',
 'templates_dict': None,
 'test_mode': False,
 'ti': <TaskInstance: my_dag_name.print_the_context scheduled__2021-03-08T00:00:00+00:00 [running]>,
 'tomorrow_ds': <Proxy at 0x776364644880 with factory functools.partial(<function lazy_mapping_from_context.<locals>._deprecated_proxy_factory at 0x7763647c9620>, 'tomorrow_ds', '2021-03-09')>,
 'tomorrow_ds_nodash': <Proxy at 0x776364644840 with factory functools.partial(<function lazy_mapping_from_context.<locals>._deprecated_proxy_factory at 0x7763647c9620>, 'tomorrow_ds_nodash', '20210309')>,
 'triggering_dataset_events': <Proxy at 0x7763647dacc0 with factory <function _get_template_context.<locals>.get_triggering_events at 0x7763647c9120>>,
 'ts': '2021-03-08T00:00:00+00:00',
 'ts_nodash': '20210308T000000',
 'ts_nodash_with_tz': '20210308T000000+0000',
 'var': {'json': None, 'value': None},
 'yesterday_ds': <Proxy at 0x776364644800 with factory functools.partial(<function lazy_mapping_from_context.<locals>._deprecated_proxy_factory at 0x7763647c9620>, 'yesterday_ds', '2021-03-07')>,
 'yesterday_ds_nodash': <Proxy at 0x7763646447c0 with factory functools.partial(<function lazy_mapping_from_context.<locals>._deprecated_proxy_factory at 0x7763647c9620>, 'yesterday_ds_nodash', '20210307')>}
[2025-04-01T14:29:00.814+0000] {logging_mixin.py:190} INFO - 2021-03-08
[2025-04-01T14:29:00.817+0000] {python.py:240} INFO - Done. Returned value was: Whatever you return gets printed in the logs
[2025-04-01T14:29:01.082+0000] {taskinstance.py:341} INFO - ::group::Post task execution logs
[2025-04-01T14:29:01.097+0000] {taskinstance.py:353} INFO - Marking task as SUCCESS. dag_id=my_dag_name, task_id=print_the_context, run_id=scheduled__2021-03-08T00:00:00+00:00, execution_date=20210308T000000, start_date=20250401T142858, end_date=20250401T142901
[2025-04-01T14:29:01.388+0000] {logging_mixin.py:190} INFO - Task instance in success state
[2025-04-01T14:29:01.389+0000] {logging_mixin.py:190} INFO -  Previous state of the Task instance: running
[2025-04-01T14:29:01.394+0000] {logging_mixin.py:190} INFO - Dag name:my_dag_name queued_at:2025-04-01 14:28:32.762977+00:00
[2025-04-01T14:29:01.409+0000] {logging_mixin.py:190} INFO - Task hostname:900d630d7d5f operator:_PythonDecoratedOperator
[2025-04-01T14:29:01.548+0000] {local_task_job_runner.py:266} INFO - Task exited with return code 0
[2025-04-01T14:29:01.619+0000] {local_task_job_runner.py:245} INFO - ::endgroup::
