[2025-04-01T14:30:17.655+0000] {local_task_job_runner.py:123} INFO - ::group::Pre task execution logs
[2025-04-01T14:30:17.880+0000] {taskinstance.py:2614} INFO - Dependencies all met for dep_context=non-requeueable deps ti=<TaskInstance: my_dag_name.print_the_context scheduled__2021-03-31T00:00:00+00:00 [queued]>
[2025-04-01T14:30:18.025+0000] {taskinstance.py:2614} INFO - Dependencies all met for dep_context=requeueable deps ti=<TaskInstance: my_dag_name.print_the_context scheduled__2021-03-31T00:00:00+00:00 [queued]>
[2025-04-01T14:30:18.033+0000] {taskinstance.py:2867} INFO - Starting attempt 1 of 1
[2025-04-01T14:30:18.168+0000] {taskinstance.py:2890} INFO - Executing <Task(_PythonDecoratedOperator): print_the_context> on 2021-03-31 00:00:00+00:00
[2025-04-01T14:30:18.297+0000] {warnings.py:112} WARNING - /home/***/.local/lib/python3.12/site-packages/***/task/task_runner/standard_task_runner.py:70: DeprecationWarning: This process (pid=835) is multi-threaded, use of fork() may lead to deadlocks in the child.
  pid = os.fork()

[2025-04-01T14:30:18.325+0000] {standard_task_runner.py:72} INFO - Started process 879 to run task
[2025-04-01T14:30:18.346+0000] {standard_task_runner.py:104} INFO - Running: ['***', 'tasks', 'run', 'my_dag_name', 'print_the_context', 'scheduled__2021-03-31T00:00:00+00:00', '--job-id', '174', '--raw', '--subdir', 'DAGS_FOLDER/con.py', '--cfg-path', '/tmp/tmp_rwds3hs']
[2025-04-01T14:30:18.365+0000] {standard_task_runner.py:105} INFO - Job 174: Subtask print_the_context
[2025-04-01T14:30:18.905+0000] {task_command.py:467} INFO - Running <TaskInstance: my_dag_name.print_the_context scheduled__2021-03-31T00:00:00+00:00 [running]> on host 900d630d7d5f
[2025-04-01T14:30:19.653+0000] {taskinstance.py:3134} INFO - Exporting env vars: AIRFLOW_CTX_DAG_OWNER='***' AIRFLOW_CTX_DAG_ID='my_dag_name' AIRFLOW_CTX_TASK_ID='print_the_context' AIRFLOW_CTX_EXECUTION_DATE='2021-03-31T00:00:00+00:00' AIRFLOW_CTX_TRY_NUMBER='1' AIRFLOW_CTX_DAG_RUN_ID='scheduled__2021-03-31T00:00:00+00:00'
[2025-04-01T14:30:19.681+0000] {logging_mixin.py:190} INFO - Task instance is in running state
[2025-04-01T14:30:19.682+0000] {logging_mixin.py:190} INFO -  Previous state of the Task instance: queued
[2025-04-01T14:30:19.698+0000] {logging_mixin.py:190} INFO - Current task name:print_the_context state:running start_date:2025-04-01 14:30:17.880953+00:00
[2025-04-01T14:30:19.699+0000] {logging_mixin.py:190} INFO - Dag name:my_dag_name and current dag run status:running
[2025-04-01T14:30:19.699+0000] {taskinstance.py:732} INFO - ::endgroup::
[2025-04-01T14:30:19.882+0000] {logging_mixin.py:190} INFO - {'conf': <Proxy at 0x776364c4ab00 with factory functools.partial(<function lazy_mapping_from_context.<locals>._deprecated_proxy_factory at 0x776364651440>, 'conf', <***.configuration.AirflowConfigParser object at 0x7763844f8cb0>)>,
 'conn': None,
 'dag': <DAG: my_dag_name>,
 'dag_run': <DagRun my_dag_name @ 2021-03-31 00:00:00+00:00: scheduled__2021-03-31T00:00:00+00:00, state:running, queued_at: 2025-04-01 14:29:48.963626+00:00. externally triggered: False>,
 'data_interval_end': DateTime(2021, 4, 1, 0, 0, 0, tzinfo=Timezone('UTC')),
 'data_interval_start': DateTime(2021, 3, 31, 0, 0, 0, tzinfo=Timezone('UTC')),
 'ds_nodash': '20210331',
 'execution_date': <Proxy at 0x7763647b49c0 with factory functools.partial(<function lazy_mapping_from_context.<locals>._deprecated_proxy_factory at 0x776364651440>, 'execution_date', DateTime(2021, 3, 31, 0, 0, 0, tzinfo=Timezone('UTC')))>,
 'expanded_ti_count': None,
 'inlet_events': InletEventsAccessors(_inlets=[], _datasets={}, _dataset_aliases={}, _session=<sqlalchemy.orm.session.Session object at 0x776364714f50>),
 'inlets': [],
 'logical_date': DateTime(2021, 3, 31, 0, 0, 0, tzinfo=Timezone('UTC')),
 'macros': <module '***.macros' from '/home/***/.local/lib/python3.12/site-packages/***/macros/__init__.py'>,
 'map_index_template': None,
 'next_ds': <Proxy at 0x7763647b73c0 with factory functools.partial(<function lazy_mapping_from_context.<locals>._deprecated_proxy_factory at 0x776364651440>, 'next_ds', '2021-04-01')>,
 'next_ds_nodash': <Proxy at 0x776364770480 with factory functools.partial(<function lazy_mapping_from_context.<locals>._deprecated_proxy_factory at 0x776364651440>, 'next_ds_nodash', '20210401')>,
 'next_execution_date': <Proxy at 0x7763648774c0 with factory functools.partial(<function lazy_mapping_from_context.<locals>._deprecated_proxy_factory at 0x776364651440>, 'next_execution_date', DateTime(2021, 4, 1, 0, 0, 0, tzinfo=Timezone('UTC')))>,
 'outlet_events': <***.utils.context.OutletEventAccessors object at 0x776364641c10>,
 'outlets': [],
 'params': {},
 'prev_data_interval_end_success': DateTime(2021, 3, 21, 0, 0, 0, tzinfo=Timezone('UTC')),
 'prev_data_interval_start_success': DateTime(2021, 3, 20, 0, 0, 0, tzinfo=Timezone('UTC')),
 'prev_ds': <Proxy at 0x7763646c7100 with factory functools.partial(<function lazy_mapping_from_context.<locals>._deprecated_proxy_factory at 0x776364651440>, 'prev_ds', '2021-03-30')>,
 'prev_ds_nodash': <Proxy at 0x7763646c7600 with factory functools.partial(<function lazy_mapping_from_context.<locals>._deprecated_proxy_factory at 0x776364651440>, 'prev_ds_nodash', '20210330')>,
 'prev_end_date_success': DateTime(2025, 4, 1, 14, 29, 43, 403423, tzinfo=Timezone('UTC')),
 'prev_execution_date': <Proxy at 0x7763646c7640 with factory functools.partial(<function lazy_mapping_from_context.<locals>._deprecated_proxy_factory at 0x776364651440>, 'prev_execution_date', DateTime(2021, 3, 30, 0, 0, 0, tzinfo=Timezone('UTC')))>,
 'prev_execution_date_success': <Proxy at 0x7763646c7680 with factory functools.partial(<function lazy_mapping_from_context.<locals>._deprecated_proxy_factory at 0x776364651440>, 'prev_execution_date_success', DateTime(2021, 3, 20, 0, 0, 0, tzinfo=Timezone('UTC')))>,
 'prev_start_date_success': DateTime(2025, 4, 1, 14, 28, 38, 949524, tzinfo=Timezone('UTC')),
 'run_id': 'scheduled__2021-03-31T00:00:00+00:00',
 'task': <Task(_PythonDecoratedOperator): print_the_context>,
 'task_instance': <TaskInstance: my_dag_name.print_the_context scheduled__2021-03-31T00:00:00+00:00 [running]>,
 'task_instance_key_str': 'my_dag_name__print_the_context__20210331',
 'templates_dict': None,
 'test_mode': False,
 'ti': <TaskInstance: my_dag_name.print_the_context scheduled__2021-03-31T00:00:00+00:00 [running]>,
 'tomorrow_ds': <Proxy at 0x7763646c76c0 with factory functools.partial(<function lazy_mapping_from_context.<locals>._deprecated_proxy_factory at 0x776364651440>, 'tomorrow_ds', '2021-04-01')>,
 'tomorrow_ds_nodash': <Proxy at 0x7763646c7700 with factory functools.partial(<function lazy_mapping_from_context.<locals>._deprecated_proxy_factory at 0x776364651440>, 'tomorrow_ds_nodash', '20210401')>,
 'triggering_dataset_events': <Proxy at 0x77636465f5c0 with factory <function _get_template_context.<locals>.get_triggering_events at 0x776364650f40>>,
 'ts': '2021-03-31T00:00:00+00:00',
 'ts_nodash': '20210331T000000',
 'ts_nodash_with_tz': '20210331T000000+0000',
 'var': {'json': None, 'value': None},
 'yesterday_ds': <Proxy at 0x7763646c7740 with factory functools.partial(<function lazy_mapping_from_context.<locals>._deprecated_proxy_factory at 0x776364651440>, 'yesterday_ds', '2021-03-30')>,
 'yesterday_ds_nodash': <Proxy at 0x7763646c7780 with factory functools.partial(<function lazy_mapping_from_context.<locals>._deprecated_proxy_factory at 0x776364651440>, 'yesterday_ds_nodash', '20210330')>}
[2025-04-01T14:30:19.905+0000] {logging_mixin.py:190} INFO - 2021-03-31
[2025-04-01T14:30:19.906+0000] {python.py:240} INFO - Done. Returned value was: Whatever you return gets printed in the logs
[2025-04-01T14:30:20.221+0000] {taskinstance.py:341} INFO - ::group::Post task execution logs
[2025-04-01T14:30:20.240+0000] {taskinstance.py:353} INFO - Marking task as SUCCESS. dag_id=my_dag_name, task_id=print_the_context, run_id=scheduled__2021-03-31T00:00:00+00:00, execution_date=20210331T000000, start_date=20250401T143017, end_date=20250401T143020
[2025-04-01T14:30:20.612+0000] {logging_mixin.py:190} INFO - Task instance in success state
[2025-04-01T14:30:20.613+0000] {logging_mixin.py:190} INFO -  Previous state of the Task instance: running
[2025-04-01T14:30:20.613+0000] {logging_mixin.py:190} INFO - Dag name:my_dag_name queued_at:2025-04-01 14:29:48.963626+00:00
[2025-04-01T14:30:20.613+0000] {logging_mixin.py:190} INFO - Task hostname:900d630d7d5f operator:_PythonDecoratedOperator
[2025-04-01T14:30:20.723+0000] {local_task_job_runner.py:266} INFO - Task exited with return code 0
[2025-04-01T14:30:21.034+0000] {taskinstance.py:3901} INFO - 1 downstream tasks scheduled from follow-on schedule check
[2025-04-01T14:30:21.038+0000] {local_task_job_runner.py:245} INFO - ::endgroup::
