[2025-04-03T11:12:45.756+0000] {local_task_job_runner.py:123} INFO - ::group::Pre task execution logs
[2025-04-03T11:12:45.794+0000] {taskinstance.py:2614} INFO - Dependencies all met for dep_context=non-requeueable deps ti=<TaskInstance: scrapping_inserting_news.create_bq_delete_query manual__2025-04-03T11:12:06.693488+00:00 [queued]>
[2025-04-03T11:12:45.809+0000] {taskinstance.py:2614} INFO - Dependencies all met for dep_context=requeueable deps ti=<TaskInstance: scrapping_inserting_news.create_bq_delete_query manual__2025-04-03T11:12:06.693488+00:00 [queued]>
[2025-04-03T11:12:45.810+0000] {taskinstance.py:2867} INFO - Starting attempt 1 of 1
[2025-04-03T11:12:45.830+0000] {taskinstance.py:2890} INFO - Executing <Task(PythonOperator): create_bq_delete_query> on 2025-04-03 11:12:06.693488+00:00
[2025-04-03T11:12:45.844+0000] {warnings.py:112} WARNING - /home/***/.local/lib/python3.12/site-packages/***/task/task_runner/standard_task_runner.py:70: DeprecationWarning: This process (pid=2332) is multi-threaded, use of fork() may lead to deadlocks in the child.
  pid = os.fork()

[2025-04-03T11:12:45.847+0000] {standard_task_runner.py:72} INFO - Started process 2334 to run task
[2025-04-03T11:12:45.849+0000] {standard_task_runner.py:104} INFO - Running: ['***', 'tasks', 'run', 'scrapping_inserting_news', 'create_bq_delete_query', 'manual__2025-04-03T11:12:06.693488+00:00', '--job-id', '124', '--raw', '--subdir', 'DAGS_FOLDER/intermediaire_table.py', '--cfg-path', '/tmp/tmpfubwtx65']
[2025-04-03T11:12:45.851+0000] {standard_task_runner.py:105} INFO - Job 124: Subtask create_bq_delete_query
[2025-04-03T11:12:45.927+0000] {task_command.py:467} INFO - Running <TaskInstance: scrapping_inserting_news.create_bq_delete_query manual__2025-04-03T11:12:06.693488+00:00 [running]> on host d6badcb20287
[2025-04-03T11:12:46.051+0000] {taskinstance.py:3134} INFO - Exporting env vars: AIRFLOW_CTX_DAG_OWNER='***' AIRFLOW_CTX_DAG_ID='scrapping_inserting_news' AIRFLOW_CTX_TASK_ID='create_bq_delete_query' AIRFLOW_CTX_EXECUTION_DATE='2025-04-03T11:12:06.693488+00:00' AIRFLOW_CTX_TRY_NUMBER='1' AIRFLOW_CTX_DAG_RUN_ID='manual__2025-04-03T11:12:06.693488+00:00'
[2025-04-03T11:12:46.054+0000] {logging_mixin.py:190} INFO - Task instance is in running state
[2025-04-03T11:12:46.054+0000] {logging_mixin.py:190} INFO -  Previous state of the Task instance: queued
[2025-04-03T11:12:46.055+0000] {logging_mixin.py:190} INFO - Current task name:create_bq_delete_query state:running start_date:2025-04-03 11:12:45.794641+00:00
[2025-04-03T11:12:46.055+0000] {logging_mixin.py:190} INFO - Dag name:scrapping_inserting_news and current dag run status:running
[2025-04-03T11:12:46.056+0000] {taskinstance.py:732} INFO - ::endgroup::
[2025-04-03T11:12:46.122+0000] {python.py:240} INFO - Done. Returned value was: 
        DELETE FROM `nlpfakenews.fake_news_detection.training_data`
        WHERE id_news IN UNNEST(['1jqflt7', '1jqfkc7', '1jqf7fm', '1jqf4gz', '1jqe6i5', '1jqe52q', '1jqe4eu', '1jqdjsw', '1jqdj5f', '1jqdhq9', '1jqdaa6', '1jqd7f3', '1jqd1wp', '1jqcyyp', '1jqcyan', '1jqcxr8', '1jqcqxt', '1jqc9ax', '1jqbxdb', '1jqbfnd', '1jqbahu', '1jqb6td', '1jqb5c7', '1jqb543', '1jqb42b'])
    
[2025-04-03T11:12:46.158+0000] {taskinstance.py:341} INFO - ::group::Post task execution logs
[2025-04-03T11:12:46.159+0000] {taskinstance.py:353} INFO - Marking task as SUCCESS. dag_id=scrapping_inserting_news, task_id=create_bq_delete_query, run_id=manual__2025-04-03T11:12:06.693488+00:00, execution_date=20250403T111206, start_date=20250403T111245, end_date=20250403T111246
[2025-04-03T11:12:46.194+0000] {logging_mixin.py:190} INFO - Task instance in success state
[2025-04-03T11:12:46.194+0000] {logging_mixin.py:190} INFO -  Previous state of the Task instance: running
[2025-04-03T11:12:46.195+0000] {logging_mixin.py:190} INFO - Dag name:scrapping_inserting_news queued_at:2025-04-03 11:12:06.719958+00:00
[2025-04-03T11:12:46.195+0000] {logging_mixin.py:190} INFO - Task hostname:d6badcb20287 operator:PythonOperator
[2025-04-03T11:12:46.224+0000] {local_task_job_runner.py:266} INFO - Task exited with return code 0
[2025-04-03T11:12:46.269+0000] {taskinstance.py:3901} INFO - 1 downstream tasks scheduled from follow-on schedule check
[2025-04-03T11:12:46.271+0000] {local_task_job_runner.py:245} INFO - ::endgroup::
