[2025-04-03T11:09:57.624+0000] {local_task_job_runner.py:123} INFO - ::group::Pre task execution logs
[2025-04-03T11:09:57.662+0000] {taskinstance.py:2614} INFO - Dependencies all met for dep_context=non-requeueable deps ti=<TaskInstance: my_dag_name.upsert_table manual__2025-04-03T11:09:49.495189+00:00 [queued]>
[2025-04-03T11:09:57.679+0000] {taskinstance.py:2614} INFO - Dependencies all met for dep_context=requeueable deps ti=<TaskInstance: my_dag_name.upsert_table manual__2025-04-03T11:09:49.495189+00:00 [queued]>
[2025-04-03T11:09:57.680+0000] {taskinstance.py:2867} INFO - Starting attempt 1 of 1
[2025-04-03T11:09:57.709+0000] {taskinstance.py:2890} INFO - Executing <Task(BigQueryUpsertTableOperator): upsert_table> on 2025-04-03 11:09:49.495189+00:00
[2025-04-03T11:09:57.733+0000] {warnings.py:112} WARNING - /home/***/.local/lib/python3.12/site-packages/***/task/task_runner/standard_task_runner.py:70: DeprecationWarning: This process (pid=2238) is multi-threaded, use of fork() may lead to deadlocks in the child.
  pid = os.fork()

[2025-04-03T11:09:57.737+0000] {standard_task_runner.py:72} INFO - Started process 2242 to run task
[2025-04-03T11:09:57.750+0000] {standard_task_runner.py:104} INFO - Running: ['***', 'tasks', 'run', 'my_dag_name', 'upsert_table', 'manual__2025-04-03T11:09:49.495189+00:00', '--job-id', '110', '--raw', '--subdir', 'DAGS_FOLDER/intermediaire_table.py', '--cfg-path', '/tmp/tmp9c11d_bd']
[2025-04-03T11:09:57.752+0000] {standard_task_runner.py:105} INFO - Job 110: Subtask upsert_table
[2025-04-03T11:09:57.892+0000] {task_command.py:467} INFO - Running <TaskInstance: my_dag_name.upsert_table manual__2025-04-03T11:09:49.495189+00:00 [running]> on host d6badcb20287
[2025-04-03T11:09:58.161+0000] {taskinstance.py:3134} INFO - Exporting env vars: AIRFLOW_CTX_DAG_OWNER='***' AIRFLOW_CTX_DAG_ID='my_dag_name' AIRFLOW_CTX_TASK_ID='upsert_table' AIRFLOW_CTX_EXECUTION_DATE='2025-04-03T11:09:49.495189+00:00' AIRFLOW_CTX_TRY_NUMBER='1' AIRFLOW_CTX_DAG_RUN_ID='manual__2025-04-03T11:09:49.495189+00:00'
[2025-04-03T11:09:58.178+0000] {logging_mixin.py:190} INFO - Task instance is in running state
[2025-04-03T11:09:58.178+0000] {logging_mixin.py:190} INFO -  Previous state of the Task instance: queued
[2025-04-03T11:09:58.179+0000] {logging_mixin.py:190} INFO - Current task name:upsert_table state:running start_date:2025-04-03 11:09:57.662747+00:00
[2025-04-03T11:09:58.179+0000] {logging_mixin.py:190} INFO - Dag name:my_dag_name and current dag run status:running
[2025-04-03T11:09:58.185+0000] {taskinstance.py:732} INFO - ::endgroup::
[2025-04-03T11:09:58.186+0000] {bigquery.py:2612} INFO - Upserting Dataset: fake_news_detection with table_resource: {'tableReference': {'tableId': 'test_table_id'}}
[2025-04-03T11:09:58.243+0000] {base.py:84} INFO - Retrieving connection 'gcp_conn'
[2025-04-03T11:09:58.386+0000] {bigquery.py:628} INFO - Start getting tables list from dataset: nlpfakenews.fake_news_detection
[2025-04-03T11:09:58.724+0000] {bigquery.py:973} INFO - Table nlpfakenews:fake_news_detection.test_table_id does not exist. creating.
[2025-04-03T11:09:59.066+0000] {taskinstance.py:341} INFO - ::group::Post task execution logs
[2025-04-03T11:09:59.067+0000] {taskinstance.py:353} INFO - Marking task as SUCCESS. dag_id=my_dag_name, task_id=upsert_table, run_id=manual__2025-04-03T11:09:49.495189+00:00, execution_date=20250403T110949, start_date=20250403T110957, end_date=20250403T110959
[2025-04-03T11:09:59.122+0000] {logging_mixin.py:190} INFO - Task instance in success state
[2025-04-03T11:09:59.123+0000] {logging_mixin.py:190} INFO -  Previous state of the Task instance: running
[2025-04-03T11:09:59.123+0000] {logging_mixin.py:190} INFO - Dag name:my_dag_name queued_at:2025-04-03 11:09:50.628713+00:00
[2025-04-03T11:09:59.124+0000] {logging_mixin.py:190} INFO - Task hostname:d6badcb20287 operator:BigQueryUpsertTableOperator
[2025-04-03T11:09:59.140+0000] {local_task_job_runner.py:266} INFO - Task exited with return code 0
[2025-04-03T11:09:59.155+0000] {local_task_job_runner.py:245} INFO - ::endgroup::
