[2025-04-01T14:35:27.754+0000] {local_task_job_runner.py:123} INFO - ::group::Pre task execution logs
[2025-04-01T14:35:28.024+0000] {taskinstance.py:2614} INFO - Dependencies all met for dep_context=non-requeueable deps ti=<TaskInstance: my_dag_name.print_the_context scheduled__2021-05-27T00:00:00+00:00 [queued]>
[2025-04-01T14:35:28.121+0000] {taskinstance.py:2614} INFO - Dependencies all met for dep_context=requeueable deps ti=<TaskInstance: my_dag_name.print_the_context scheduled__2021-05-27T00:00:00+00:00 [queued]>
[2025-04-01T14:35:28.122+0000] {taskinstance.py:2867} INFO - Starting attempt 1 of 1
[2025-04-01T14:35:28.180+0000] {taskinstance.py:2890} INFO - Executing <Task(_PythonDecoratedOperator): print_the_context> on 2021-05-27 00:00:00+00:00
[2025-04-01T14:35:28.216+0000] {warnings.py:112} WARNING - /home/***/.local/lib/python3.12/site-packages/***/task/task_runner/standard_task_runner.py:70: DeprecationWarning: This process (pid=1392) is multi-threaded, use of fork() may lead to deadlocks in the child.
  pid = os.fork()

[2025-04-01T14:35:28.223+0000] {standard_task_runner.py:72} INFO - Started process 1425 to run task
[2025-04-01T14:35:28.228+0000] {standard_task_runner.py:104} INFO - Running: ['***', 'tasks', 'run', 'my_dag_name', 'print_the_context', 'scheduled__2021-05-27T00:00:00+00:00', '--job-id', '295', '--raw', '--subdir', 'DAGS_FOLDER/con.py', '--cfg-path', '/tmp/tmpwaztpbyz']
[2025-04-01T14:35:28.232+0000] {standard_task_runner.py:105} INFO - Job 295: Subtask print_the_context
[2025-04-01T14:35:28.495+0000] {task_command.py:467} INFO - Running <TaskInstance: my_dag_name.print_the_context scheduled__2021-05-27T00:00:00+00:00 [running]> on host 900d630d7d5f
[2025-04-01T14:35:30.082+0000] {taskinstance.py:3134} INFO - Exporting env vars: AIRFLOW_CTX_DAG_OWNER='***' AIRFLOW_CTX_DAG_ID='my_dag_name' AIRFLOW_CTX_TASK_ID='print_the_context' AIRFLOW_CTX_EXECUTION_DATE='2021-05-27T00:00:00+00:00' AIRFLOW_CTX_TRY_NUMBER='1' AIRFLOW_CTX_DAG_RUN_ID='scheduled__2021-05-27T00:00:00+00:00'
[2025-04-01T14:35:30.099+0000] {logging_mixin.py:190} INFO - Task instance is in running state
[2025-04-01T14:35:30.103+0000] {logging_mixin.py:190} INFO -  Previous state of the Task instance: queued
[2025-04-01T14:35:30.110+0000] {logging_mixin.py:190} INFO - Current task name:print_the_context state:running start_date:2025-04-01 14:35:28.024923+00:00
[2025-04-01T14:35:30.111+0000] {logging_mixin.py:190} INFO - Dag name:my_dag_name and current dag run status:running
[2025-04-01T14:35:30.122+0000] {taskinstance.py:732} INFO - ::endgroup::
[2025-04-01T14:35:30.237+0000] {logging_mixin.py:190} INFO - {'conf': <Proxy at 0x7763647a6e80 with factory functools.partial(<function lazy_mapping_from_context.<locals>._deprecated_proxy_factory at 0x7763647c9120>, 'conf', <***.configuration.AirflowConfigParser object at 0x7763844f8cb0>)>,
 'conn': None,
 'dag': <DAG: my_dag_name>,
 'dag_run': <DagRun my_dag_name @ 2021-05-27 00:00:00+00:00: scheduled__2021-05-27T00:00:00+00:00, state:running, queued_at: 2025-04-01 14:35:09.428691+00:00. externally triggered: False>,
 'data_interval_end': DateTime(2021, 5, 28, 0, 0, 0, tzinfo=Timezone('UTC')),
 'data_interval_start': DateTime(2021, 5, 27, 0, 0, 0, tzinfo=Timezone('UTC')),
 'ds_nodash': '20210527',
 'execution_date': <Proxy at 0x77636488e640 with factory functools.partial(<function lazy_mapping_from_context.<locals>._deprecated_proxy_factory at 0x7763647c9120>, 'execution_date', DateTime(2021, 5, 27, 0, 0, 0, tzinfo=Timezone('UTC')))>,
 'expanded_ti_count': None,
 'inlet_events': InletEventsAccessors(_inlets=[], _datasets={}, _dataset_aliases={}, _session=<sqlalchemy.orm.session.Session object at 0x776383dc0050>),
 'inlets': [],
 'logical_date': DateTime(2021, 5, 27, 0, 0, 0, tzinfo=Timezone('UTC')),
 'macros': <module '***.macros' from '/home/***/.local/lib/python3.12/site-packages/***/macros/__init__.py'>,
 'map_index_template': None,
 'next_ds': <Proxy at 0x776364627500 with factory functools.partial(<function lazy_mapping_from_context.<locals>._deprecated_proxy_factory at 0x7763647c9120>, 'next_ds', '2021-05-28')>,
 'next_ds_nodash': <Proxy at 0x7763648f7100 with factory functools.partial(<function lazy_mapping_from_context.<locals>._deprecated_proxy_factory at 0x7763647c9120>, 'next_ds_nodash', '20210528')>,
 'next_execution_date': <Proxy at 0x77636463cf40 with factory functools.partial(<function lazy_mapping_from_context.<locals>._deprecated_proxy_factory at 0x7763647c9120>, 'next_execution_date', DateTime(2021, 5, 28, 0, 0, 0, tzinfo=Timezone('UTC')))>,
 'outlet_events': <***.utils.context.OutletEventAccessors object at 0x7763647c0800>,
 'outlets': [],
 'params': {},
 'prev_data_interval_end_success': DateTime(2021, 5, 24, 0, 0, 0, tzinfo=Timezone('UTC')),
 'prev_data_interval_start_success': DateTime(2021, 5, 23, 0, 0, 0, tzinfo=Timezone('UTC')),
 'prev_ds': <Proxy at 0x77636463d0c0 with factory functools.partial(<function lazy_mapping_from_context.<locals>._deprecated_proxy_factory at 0x7763647c9120>, 'prev_ds', '2021-05-26')>,
 'prev_ds_nodash': <Proxy at 0x77636463cdc0 with factory functools.partial(<function lazy_mapping_from_context.<locals>._deprecated_proxy_factory at 0x7763647c9120>, 'prev_ds_nodash', '20210526')>,
 'prev_end_date_success': DateTime(2025, 4, 1, 14, 35, 6, 942806, tzinfo=Timezone('UTC')),
 'prev_execution_date': <Proxy at 0x77636463cd00 with factory functools.partial(<function lazy_mapping_from_context.<locals>._deprecated_proxy_factory at 0x7763647c9120>, 'prev_execution_date', DateTime(2021, 5, 26, 0, 0, 0, tzinfo=Timezone('UTC')))>,
 'prev_execution_date_success': <Proxy at 0x77636463ccc0 with factory functools.partial(<function lazy_mapping_from_context.<locals>._deprecated_proxy_factory at 0x7763647c9120>, 'prev_execution_date_success', DateTime(2021, 5, 23, 0, 0, 0, tzinfo=Timezone('UTC')))>,
 'prev_start_date_success': DateTime(2025, 4, 1, 14, 33, 57, 501670, tzinfo=Timezone('UTC')),
 'run_id': 'scheduled__2021-05-27T00:00:00+00:00',
 'task': <Task(_PythonDecoratedOperator): print_the_context>,
 'task_instance': <TaskInstance: my_dag_name.print_the_context scheduled__2021-05-27T00:00:00+00:00 [running]>,
 'task_instance_key_str': 'my_dag_name__print_the_context__20210527',
 'templates_dict': None,
 'test_mode': False,
 'ti': <TaskInstance: my_dag_name.print_the_context scheduled__2021-05-27T00:00:00+00:00 [running]>,
 'tomorrow_ds': <Proxy at 0x77636463cc80 with factory functools.partial(<function lazy_mapping_from_context.<locals>._deprecated_proxy_factory at 0x7763647c9120>, 'tomorrow_ds', '2021-05-28')>,
 'tomorrow_ds_nodash': <Proxy at 0x77636463cc40 with factory functools.partial(<function lazy_mapping_from_context.<locals>._deprecated_proxy_factory at 0x7763647c9120>, 'tomorrow_ds_nodash', '20210528')>,
 'triggering_dataset_events': <Proxy at 0x7763647da5c0 with factory <function _get_template_context.<locals>.get_triggering_events at 0x7763647c8c20>>,
 'ts': '2021-05-27T00:00:00+00:00',
 'ts_nodash': '20210527T000000',
 'ts_nodash_with_tz': '20210527T000000+0000',
 'var': {'json': None, 'value': None},
 'yesterday_ds': <Proxy at 0x77636463cc00 with factory functools.partial(<function lazy_mapping_from_context.<locals>._deprecated_proxy_factory at 0x7763647c9120>, 'yesterday_ds', '2021-05-26')>,
 'yesterday_ds_nodash': <Proxy at 0x77636463cbc0 with factory functools.partial(<function lazy_mapping_from_context.<locals>._deprecated_proxy_factory at 0x7763647c9120>, 'yesterday_ds_nodash', '20210526')>}
[2025-04-01T14:35:30.238+0000] {logging_mixin.py:190} INFO - 2021-05-27
[2025-04-01T14:35:30.251+0000] {python.py:240} INFO - Done. Returned value was: Whatever you return gets printed in the logs
[2025-04-01T14:35:30.452+0000] {taskinstance.py:341} INFO - ::group::Post task execution logs
[2025-04-01T14:35:30.453+0000] {taskinstance.py:353} INFO - Marking task as SUCCESS. dag_id=my_dag_name, task_id=print_the_context, run_id=scheduled__2021-05-27T00:00:00+00:00, execution_date=20210527T000000, start_date=20250401T143528, end_date=20250401T143530
[2025-04-01T14:35:30.670+0000] {logging_mixin.py:190} INFO - Task instance in success state
[2025-04-01T14:35:30.670+0000] {logging_mixin.py:190} INFO -  Previous state of the Task instance: running
[2025-04-01T14:35:30.671+0000] {logging_mixin.py:190} INFO - Dag name:my_dag_name queued_at:2025-04-01 14:35:09.428691+00:00
[2025-04-01T14:35:30.671+0000] {logging_mixin.py:190} INFO - Task hostname:900d630d7d5f operator:_PythonDecoratedOperator
[2025-04-01T14:35:30.776+0000] {local_task_job_runner.py:266} INFO - Task exited with return code 0
[2025-04-01T14:35:30.911+0000] {local_task_job_runner.py:245} INFO - ::endgroup::
