[2025-04-02T07:57:34.817+0000] {local_task_job_runner.py:123} INFO - ::group::Pre task execution logs
[2025-04-02T07:57:35.084+0000] {taskinstance.py:2614} INFO - Dependencies all met for dep_context=non-requeueable deps ti=<TaskInstance: my_dag_name.print_the_context scheduled__2022-07-01T00:00:00+00:00 [queued]>
[2025-04-02T07:57:35.232+0000] {taskinstance.py:2614} INFO - Dependencies all met for dep_context=requeueable deps ti=<TaskInstance: my_dag_name.print_the_context scheduled__2022-07-01T00:00:00+00:00 [queued]>
[2025-04-02T07:57:35.232+0000] {taskinstance.py:2867} INFO - Starting attempt 1 of 1
[2025-04-02T07:57:35.576+0000] {taskinstance.py:2890} INFO - Executing <Task(_PythonDecoratedOperator): print_the_context> on 2022-07-01 00:00:00+00:00
[2025-04-02T07:57:35.709+0000] {warnings.py:112} WARNING - /home/***/.local/lib/python3.12/site-packages/***/task/task_runner/standard_task_runner.py:70: DeprecationWarning: This process (pid=4837) is multi-threaded, use of fork() may lead to deadlocks in the child.
  pid = os.fork()

[2025-04-02T07:57:35.735+0000] {standard_task_runner.py:72} INFO - Started process 4889 to run task
[2025-04-02T07:57:35.747+0000] {standard_task_runner.py:104} INFO - Running: ['***', 'tasks', 'run', 'my_dag_name', 'print_the_context', 'scheduled__2022-07-01T00:00:00+00:00', '--job-id', '1084', '--raw', '--subdir', 'DAGS_FOLDER/con.py', '--cfg-path', '/tmp/tmplbt9n76s']
[2025-04-02T07:57:35.759+0000] {standard_task_runner.py:105} INFO - Job 1084: Subtask print_the_context
[2025-04-02T07:57:36.250+0000] {task_command.py:467} INFO - Running <TaskInstance: my_dag_name.print_the_context scheduled__2022-07-01T00:00:00+00:00 [running]> on host 900d630d7d5f
[2025-04-02T07:57:37.412+0000] {taskinstance.py:3134} INFO - Exporting env vars: AIRFLOW_CTX_DAG_OWNER='***' AIRFLOW_CTX_DAG_ID='my_dag_name' AIRFLOW_CTX_TASK_ID='print_the_context' AIRFLOW_CTX_EXECUTION_DATE='2022-07-01T00:00:00+00:00' AIRFLOW_CTX_TRY_NUMBER='1' AIRFLOW_CTX_DAG_RUN_ID='scheduled__2022-07-01T00:00:00+00:00'
[2025-04-02T07:57:37.430+0000] {logging_mixin.py:190} INFO - Task instance is in running state
[2025-04-02T07:57:37.431+0000] {logging_mixin.py:190} INFO -  Previous state of the Task instance: queued
[2025-04-02T07:57:37.431+0000] {logging_mixin.py:190} INFO - Current task name:print_the_context state:running start_date:2025-04-02 07:57:35.084862+00:00
[2025-04-02T07:57:37.432+0000] {logging_mixin.py:190} INFO - Dag name:my_dag_name and current dag run status:running
[2025-04-02T07:57:37.445+0000] {taskinstance.py:732} INFO - ::endgroup::
[2025-04-02T07:57:37.536+0000] {logging_mixin.py:190} INFO - {'conf': <Proxy at 0x776364769100 with factory functools.partial(<function lazy_mapping_from_context.<locals>._deprecated_proxy_factory at 0x776364651b20>, 'conf', <***.configuration.AirflowConfigParser object at 0x7763844f8cb0>)>,
 'conn': None,
 'dag': <DAG: my_dag_name>,
 'dag_run': <DagRun my_dag_name @ 2022-07-01 00:00:00+00:00: scheduled__2022-07-01T00:00:00+00:00, state:running, queued_at: 2025-04-02 07:56:56.931362+00:00. externally triggered: False>,
 'data_interval_end': DateTime(2022, 7, 2, 0, 0, 0, tzinfo=Timezone('UTC')),
 'data_interval_start': DateTime(2022, 7, 1, 0, 0, 0, tzinfo=Timezone('UTC')),
 'ds_nodash': '20220701',
 'execution_date': <Proxy at 0x776364e00280 with factory functools.partial(<function lazy_mapping_from_context.<locals>._deprecated_proxy_factory at 0x776364651b20>, 'execution_date', DateTime(2022, 7, 1, 0, 0, 0, tzinfo=Timezone('UTC')))>,
 'expanded_ti_count': None,
 'inlet_events': InletEventsAccessors(_inlets=[], _datasets={}, _dataset_aliases={}, _session=<sqlalchemy.orm.session.Session object at 0x776383db6ae0>),
 'inlets': [],
 'logical_date': DateTime(2022, 7, 1, 0, 0, 0, tzinfo=Timezone('UTC')),
 'macros': <module '***.macros' from '/home/***/.local/lib/python3.12/site-packages/***/macros/__init__.py'>,
 'map_index_template': None,
 'next_ds': <Proxy at 0x7763646bd380 with factory functools.partial(<function lazy_mapping_from_context.<locals>._deprecated_proxy_factory at 0x776364651b20>, 'next_ds', '2022-07-02')>,
 'next_ds_nodash': <Proxy at 0x7763647ec100 with factory functools.partial(<function lazy_mapping_from_context.<locals>._deprecated_proxy_factory at 0x776364651b20>, 'next_ds_nodash', '20220702')>,
 'next_execution_date': <Proxy at 0x7763646c8d80 with factory functools.partial(<function lazy_mapping_from_context.<locals>._deprecated_proxy_factory at 0x776364651b20>, 'next_execution_date', DateTime(2022, 7, 2, 0, 0, 0, tzinfo=Timezone('UTC')))>,
 'outlet_events': <***.utils.context.OutletEventAccessors object at 0x776364642690>,
 'outlets': [],
 'params': {},
 'prev_data_interval_end_success': DateTime(2022, 6, 19, 0, 0, 0, tzinfo=Timezone('UTC')),
 'prev_data_interval_start_success': DateTime(2022, 6, 18, 0, 0, 0, tzinfo=Timezone('UTC')),
 'prev_ds': <Proxy at 0x7763646c8fc0 with factory functools.partial(<function lazy_mapping_from_context.<locals>._deprecated_proxy_factory at 0x776364651b20>, 'prev_ds', '2022-06-30')>,
 'prev_ds_nodash': <Proxy at 0x7763646c9140 with factory functools.partial(<function lazy_mapping_from_context.<locals>._deprecated_proxy_factory at 0x776364651b20>, 'prev_ds_nodash', '20220630')>,
 'prev_end_date_success': DateTime(2025, 4, 2, 7, 57, 32, 695721, tzinfo=Timezone('UTC')),
 'prev_execution_date': <Proxy at 0x7763646c9180 with factory functools.partial(<function lazy_mapping_from_context.<locals>._deprecated_proxy_factory at 0x776364651b20>, 'prev_execution_date', DateTime(2022, 6, 30, 0, 0, 0, tzinfo=Timezone('UTC')))>,
 'prev_execution_date_success': <Proxy at 0x7763646c91c0 with factory functools.partial(<function lazy_mapping_from_context.<locals>._deprecated_proxy_factory at 0x776364651b20>, 'prev_execution_date_success', DateTime(2022, 6, 18, 0, 0, 0, tzinfo=Timezone('UTC')))>,
 'prev_start_date_success': DateTime(2025, 4, 2, 7, 56, 44, 3575, tzinfo=Timezone('UTC')),
 'run_id': 'scheduled__2022-07-01T00:00:00+00:00',
 'task': <Task(_PythonDecoratedOperator): print_the_context>,
 'task_instance': <TaskInstance: my_dag_name.print_the_context scheduled__2022-07-01T00:00:00+00:00 [running]>,
 'task_instance_key_str': 'my_dag_name__print_the_context__20220701',
 'templates_dict': None,
 'test_mode': False,
 'ti': <TaskInstance: my_dag_name.print_the_context scheduled__2022-07-01T00:00:00+00:00 [running]>,
 'tomorrow_ds': <Proxy at 0x7763646c9200 with factory functools.partial(<function lazy_mapping_from_context.<locals>._deprecated_proxy_factory at 0x776364651b20>, 'tomorrow_ds', '2022-07-02')>,
 'tomorrow_ds_nodash': <Proxy at 0x7763646c9240 with factory functools.partial(<function lazy_mapping_from_context.<locals>._deprecated_proxy_factory at 0x776364651b20>, 'tomorrow_ds_nodash', '20220702')>,
 'triggering_dataset_events': <Proxy at 0x776364661780 with factory <function _get_template_context.<locals>.get_triggering_events at 0x776364651620>>,
 'ts': '2022-07-01T00:00:00+00:00',
 'ts_nodash': '20220701T000000',
 'ts_nodash_with_tz': '20220701T000000+0000',
 'var': {'json': None, 'value': None},
 'yesterday_ds': <Proxy at 0x7763646c9280 with factory functools.partial(<function lazy_mapping_from_context.<locals>._deprecated_proxy_factory at 0x776364651b20>, 'yesterday_ds', '2022-06-30')>,
 'yesterday_ds_nodash': <Proxy at 0x7763646c92c0 with factory functools.partial(<function lazy_mapping_from_context.<locals>._deprecated_proxy_factory at 0x776364651b20>, 'yesterday_ds_nodash', '20220630')>}
[2025-04-02T07:57:37.537+0000] {logging_mixin.py:190} INFO - 2022-07-01
[2025-04-02T07:57:37.551+0000] {python.py:240} INFO - Done. Returned value was: Whatever you return gets printed in the logs
[2025-04-02T07:57:37.657+0000] {taskinstance.py:341} INFO - ::group::Post task execution logs
[2025-04-02T07:57:37.658+0000] {taskinstance.py:353} INFO - Marking task as SUCCESS. dag_id=my_dag_name, task_id=print_the_context, run_id=scheduled__2022-07-01T00:00:00+00:00, execution_date=20220701T000000, start_date=20250402T075735, end_date=20250402T075737
[2025-04-02T07:57:37.811+0000] {logging_mixin.py:190} INFO - Task instance in success state
[2025-04-02T07:57:37.812+0000] {logging_mixin.py:190} INFO -  Previous state of the Task instance: running
[2025-04-02T07:57:37.826+0000] {logging_mixin.py:190} INFO - Dag name:my_dag_name queued_at:2025-04-02 07:56:56.931362+00:00
[2025-04-02T07:57:37.827+0000] {logging_mixin.py:190} INFO - Task hostname:900d630d7d5f operator:_PythonDecoratedOperator
[2025-04-02T07:57:37.969+0000] {local_task_job_runner.py:266} INFO - Task exited with return code 0
[2025-04-02T07:57:38.290+0000] {taskinstance.py:3901} INFO - 1 downstream tasks scheduled from follow-on schedule check
[2025-04-02T07:57:38.305+0000] {local_task_job_runner.py:245} INFO - ::endgroup::
