[2025-04-01T15:04:25.464+0000] {local_task_job_runner.py:123} INFO - ::group::Pre task execution logs
[2025-04-01T15:04:25.879+0000] {taskinstance.py:2614} INFO - Dependencies all met for dep_context=non-requeueable deps ti=<TaskInstance: my_dag_name.print_the_context scheduled__2022-06-09T00:00:00+00:00 [queued]>
[2025-04-01T15:04:26.105+0000] {taskinstance.py:2614} INFO - Dependencies all met for dep_context=requeueable deps ti=<TaskInstance: my_dag_name.print_the_context scheduled__2022-06-09T00:00:00+00:00 [queued]>
[2025-04-01T15:04:26.119+0000] {taskinstance.py:2867} INFO - Starting attempt 1 of 1
[2025-04-01T15:04:26.377+0000] {taskinstance.py:2890} INFO - Executing <Task(_PythonDecoratedOperator): print_the_context> on 2022-06-09 00:00:00+00:00
[2025-04-01T15:04:26.568+0000] {warnings.py:112} WARNING - /home/***/.local/lib/python3.12/site-packages/***/task/task_runner/standard_task_runner.py:70: DeprecationWarning: This process (pid=4681) is multi-threaded, use of fork() may lead to deadlocks in the child.
  pid = os.fork()

[2025-04-01T15:04:26.594+0000] {standard_task_runner.py:72} INFO - Started process 4720 to run task
[2025-04-01T15:04:26.601+0000] {standard_task_runner.py:104} INFO - Running: ['***', 'tasks', 'run', 'my_dag_name', 'print_the_context', 'scheduled__2022-06-09T00:00:00+00:00', '--job-id', '1048', '--raw', '--subdir', 'DAGS_FOLDER/con.py', '--cfg-path', '/tmp/tmpfww1wk9o']
[2025-04-01T15:04:26.625+0000] {standard_task_runner.py:105} INFO - Job 1048: Subtask print_the_context
[2025-04-01T15:04:27.294+0000] {task_command.py:467} INFO - Running <TaskInstance: my_dag_name.print_the_context scheduled__2022-06-09T00:00:00+00:00 [running]> on host 900d630d7d5f
[2025-04-01T15:04:28.113+0000] {taskinstance.py:3134} INFO - Exporting env vars: AIRFLOW_CTX_DAG_OWNER='***' AIRFLOW_CTX_DAG_ID='my_dag_name' AIRFLOW_CTX_TASK_ID='print_the_context' AIRFLOW_CTX_EXECUTION_DATE='2022-06-09T00:00:00+00:00' AIRFLOW_CTX_TRY_NUMBER='1' AIRFLOW_CTX_DAG_RUN_ID='scheduled__2022-06-09T00:00:00+00:00'
[2025-04-01T15:04:28.144+0000] {logging_mixin.py:190} INFO - Task instance is in running state
[2025-04-01T15:04:28.148+0000] {logging_mixin.py:190} INFO -  Previous state of the Task instance: queued
[2025-04-01T15:04:28.149+0000] {logging_mixin.py:190} INFO - Current task name:print_the_context state:running start_date:2025-04-01 15:04:25.883903+00:00
[2025-04-01T15:04:28.173+0000] {logging_mixin.py:190} INFO - Dag name:my_dag_name and current dag run status:running
[2025-04-01T15:04:28.174+0000] {taskinstance.py:732} INFO - ::endgroup::
[2025-04-01T15:04:28.306+0000] {logging_mixin.py:190} INFO - {'conf': <Proxy at 0x77636484e700 with factory functools.partial(<function lazy_mapping_from_context.<locals>._deprecated_proxy_factory at 0x776364659c60>, 'conf', <***.configuration.AirflowConfigParser object at 0x7763844f8cb0>)>,
 'conn': None,
 'dag': <DAG: my_dag_name>,
 'dag_run': <DagRun my_dag_name @ 2022-06-09 00:00:00+00:00: scheduled__2022-06-09T00:00:00+00:00, state:running, queued_at: 2025-04-01 15:04:00.898030+00:00. externally triggered: False>,
 'data_interval_end': DateTime(2022, 6, 10, 0, 0, 0, tzinfo=Timezone('UTC')),
 'data_interval_start': DateTime(2022, 6, 9, 0, 0, 0, tzinfo=Timezone('UTC')),
 'ds_nodash': '20220609',
 'execution_date': <Proxy at 0x77636469ffc0 with factory functools.partial(<function lazy_mapping_from_context.<locals>._deprecated_proxy_factory at 0x776364659c60>, 'execution_date', DateTime(2022, 6, 9, 0, 0, 0, tzinfo=Timezone('UTC')))>,
 'expanded_ti_count': None,
 'inlet_events': InletEventsAccessors(_inlets=[], _datasets={}, _dataset_aliases={}, _session=<sqlalchemy.orm.session.Session object at 0x776383db6a50>),
 'inlets': [],
 'logical_date': DateTime(2022, 6, 9, 0, 0, 0, tzinfo=Timezone('UTC')),
 'macros': <module '***.macros' from '/home/***/.local/lib/python3.12/site-packages/***/macros/__init__.py'>,
 'map_index_template': None,
 'next_ds': <Proxy at 0x7763646d2000 with factory functools.partial(<function lazy_mapping_from_context.<locals>._deprecated_proxy_factory at 0x776364659c60>, 'next_ds', '2022-06-10')>,
 'next_ds_nodash': <Proxy at 0x776364634b40 with factory functools.partial(<function lazy_mapping_from_context.<locals>._deprecated_proxy_factory at 0x776364659c60>, 'next_ds_nodash', '20220610')>,
 'next_execution_date': <Proxy at 0x776364635040 with factory functools.partial(<function lazy_mapping_from_context.<locals>._deprecated_proxy_factory at 0x776364659c60>, 'next_execution_date', DateTime(2022, 6, 10, 0, 0, 0, tzinfo=Timezone('UTC')))>,
 'outlet_events': <***.utils.context.OutletEventAccessors object at 0x7763646524b0>,
 'outlets': [],
 'params': {},
 'prev_data_interval_end_success': DateTime(2022, 6, 2, 0, 0, 0, tzinfo=Timezone('UTC')),
 'prev_data_interval_start_success': DateTime(2022, 6, 1, 0, 0, 0, tzinfo=Timezone('UTC')),
 'prev_ds': <Proxy at 0x7763646da2c0 with factory functools.partial(<function lazy_mapping_from_context.<locals>._deprecated_proxy_factory at 0x776364659c60>, 'prev_ds', '2022-06-08')>,
 'prev_ds_nodash': <Proxy at 0x7763646d8cc0 with factory functools.partial(<function lazy_mapping_from_context.<locals>._deprecated_proxy_factory at 0x776364659c60>, 'prev_ds_nodash', '20220608')>,
 'prev_end_date_success': DateTime(2025, 4, 1, 15, 3, 54, 650042, tzinfo=Timezone('UTC')),
 'prev_execution_date': <Proxy at 0x7763646d9840 with factory functools.partial(<function lazy_mapping_from_context.<locals>._deprecated_proxy_factory at 0x776364659c60>, 'prev_execution_date', DateTime(2022, 6, 8, 0, 0, 0, tzinfo=Timezone('UTC')))>,
 'prev_execution_date_success': <Proxy at 0x7763646d8700 with factory functools.partial(<function lazy_mapping_from_context.<locals>._deprecated_proxy_factory at 0x776364659c60>, 'prev_execution_date_success', DateTime(2022, 6, 1, 0, 0, 0, tzinfo=Timezone('UTC')))>,
 'prev_start_date_success': DateTime(2025, 4, 1, 15, 2, 41, 139239, tzinfo=Timezone('UTC')),
 'run_id': 'scheduled__2022-06-09T00:00:00+00:00',
 'task': <Task(_PythonDecoratedOperator): print_the_context>,
 'task_instance': <TaskInstance: my_dag_name.print_the_context scheduled__2022-06-09T00:00:00+00:00 [running]>,
 'task_instance_key_str': 'my_dag_name__print_the_context__20220609',
 'templates_dict': None,
 'test_mode': False,
 'ti': <TaskInstance: my_dag_name.print_the_context scheduled__2022-06-09T00:00:00+00:00 [running]>,
 'tomorrow_ds': <Proxy at 0x7763646d86c0 with factory functools.partial(<function lazy_mapping_from_context.<locals>._deprecated_proxy_factory at 0x776364659c60>, 'tomorrow_ds', '2022-06-10')>,
 'tomorrow_ds_nodash': <Proxy at 0x7763646d8680 with factory functools.partial(<function lazy_mapping_from_context.<locals>._deprecated_proxy_factory at 0x776364659c60>, 'tomorrow_ds_nodash', '20220610')>,
 'triggering_dataset_events': <Proxy at 0x77636466ad00 with factory <function _get_template_context.<locals>.get_triggering_events at 0x776364659760>>,
 'ts': '2022-06-09T00:00:00+00:00',
 'ts_nodash': '20220609T000000',
 'ts_nodash_with_tz': '20220609T000000+0000',
 'var': {'json': None, 'value': None},
 'yesterday_ds': <Proxy at 0x7763646d8640 with factory functools.partial(<function lazy_mapping_from_context.<locals>._deprecated_proxy_factory at 0x776364659c60>, 'yesterday_ds', '2022-06-08')>,
 'yesterday_ds_nodash': <Proxy at 0x7763646d8600 with factory functools.partial(<function lazy_mapping_from_context.<locals>._deprecated_proxy_factory at 0x776364659c60>, 'yesterday_ds_nodash', '20220608')>}
[2025-04-01T15:04:28.307+0000] {logging_mixin.py:190} INFO - 2022-06-09
[2025-04-01T15:04:28.325+0000] {python.py:240} INFO - Done. Returned value was: Whatever you return gets printed in the logs
[2025-04-01T15:04:28.593+0000] {taskinstance.py:341} INFO - ::group::Post task execution logs
[2025-04-01T15:04:28.612+0000] {taskinstance.py:353} INFO - Marking task as SUCCESS. dag_id=my_dag_name, task_id=print_the_context, run_id=scheduled__2022-06-09T00:00:00+00:00, execution_date=20220609T000000, start_date=20250401T150425, end_date=20250401T150428
[2025-04-01T15:04:28.861+0000] {logging_mixin.py:190} INFO - Task instance in success state
[2025-04-01T15:04:28.862+0000] {logging_mixin.py:190} INFO -  Previous state of the Task instance: running
[2025-04-01T15:04:28.862+0000] {logging_mixin.py:190} INFO - Dag name:my_dag_name queued_at:2025-04-01 15:04:00.898030+00:00
[2025-04-01T15:04:28.863+0000] {logging_mixin.py:190} INFO - Task hostname:900d630d7d5f operator:_PythonDecoratedOperator
[2025-04-01T15:04:29.057+0000] {local_task_job_runner.py:266} INFO - Task exited with return code 0
[2025-04-01T15:04:29.143+0000] {local_task_job_runner.py:245} INFO - ::endgroup::
