[2025-04-01T15:03:14.135+0000] {local_task_job_runner.py:123} INFO - ::group::Pre task execution logs
[2025-04-01T15:03:14.409+0000] {taskinstance.py:2614} INFO - Dependencies all met for dep_context=non-requeueable deps ti=<TaskInstance: my_dag_name.print_the_context scheduled__2022-05-29T00:00:00+00:00 [queued]>
[2025-04-01T15:03:14.515+0000] {taskinstance.py:2614} INFO - Dependencies all met for dep_context=requeueable deps ti=<TaskInstance: my_dag_name.print_the_context scheduled__2022-05-29T00:00:00+00:00 [queued]>
[2025-04-01T15:03:14.516+0000] {taskinstance.py:2867} INFO - Starting attempt 1 of 1
[2025-04-01T15:03:15.015+0000] {taskinstance.py:2890} INFO - Executing <Task(_PythonDecoratedOperator): print_the_context> on 2022-05-29 00:00:00+00:00
[2025-04-01T15:03:15.133+0000] {warnings.py:112} WARNING - /home/***/.local/lib/python3.12/site-packages/***/task/task_runner/standard_task_runner.py:70: DeprecationWarning: This process (pid=4549) is multi-threaded, use of fork() may lead to deadlocks in the child.
  pid = os.fork()

[2025-04-01T15:03:15.125+0000] {standard_task_runner.py:104} INFO - Running: ['***', 'tasks', 'run', 'my_dag_name', 'print_the_context', 'scheduled__2022-05-29T00:00:00+00:00', '--job-id', '1022', '--raw', '--subdir', 'DAGS_FOLDER/con.py', '--cfg-path', '/tmp/tmp4d_1k83m']
[2025-04-01T15:03:15.135+0000] {standard_task_runner.py:105} INFO - Job 1022: Subtask print_the_context
[2025-04-01T15:03:15.135+0000] {standard_task_runner.py:72} INFO - Started process 4610 to run task
[2025-04-01T15:03:15.461+0000] {task_command.py:467} INFO - Running <TaskInstance: my_dag_name.print_the_context scheduled__2022-05-29T00:00:00+00:00 [running]> on host 900d630d7d5f
[2025-04-01T15:03:16.471+0000] {taskinstance.py:3134} INFO - Exporting env vars: AIRFLOW_CTX_DAG_OWNER='***' AIRFLOW_CTX_DAG_ID='my_dag_name' AIRFLOW_CTX_TASK_ID='print_the_context' AIRFLOW_CTX_EXECUTION_DATE='2022-05-29T00:00:00+00:00' AIRFLOW_CTX_TRY_NUMBER='1' AIRFLOW_CTX_DAG_RUN_ID='scheduled__2022-05-29T00:00:00+00:00'
[2025-04-01T15:03:16.482+0000] {logging_mixin.py:190} INFO - Task instance is in running state
[2025-04-01T15:03:16.482+0000] {logging_mixin.py:190} INFO -  Previous state of the Task instance: queued
[2025-04-01T15:03:16.483+0000] {logging_mixin.py:190} INFO - Current task name:print_the_context state:running start_date:2025-04-01 15:03:14.418413+00:00
[2025-04-01T15:03:16.483+0000] {logging_mixin.py:190} INFO - Dag name:my_dag_name and current dag run status:running
[2025-04-01T15:03:16.497+0000] {taskinstance.py:732} INFO - ::endgroup::
[2025-04-01T15:03:16.565+0000] {logging_mixin.py:190} INFO - {'conf': <Proxy at 0x776364c2bc00 with factory functools.partial(<function lazy_mapping_from_context.<locals>._deprecated_proxy_factory at 0x77636464da80>, 'conf', <***.configuration.AirflowConfigParser object at 0x7763844f8cb0>)>,
 'conn': None,
 'dag': <DAG: my_dag_name>,
 'dag_run': <DagRun my_dag_name @ 2022-05-29 00:00:00+00:00: scheduled__2022-05-29T00:00:00+00:00, state:running, queued_at: 2025-04-01 15:02:39.711381+00:00. externally triggered: False>,
 'data_interval_end': DateTime(2022, 5, 30, 0, 0, 0, tzinfo=Timezone('UTC')),
 'data_interval_start': DateTime(2022, 5, 29, 0, 0, 0, tzinfo=Timezone('UTC')),
 'ds_nodash': '20220529',
 'execution_date': <Proxy at 0x776364628ac0 with factory functools.partial(<function lazy_mapping_from_context.<locals>._deprecated_proxy_factory at 0x77636464da80>, 'execution_date', DateTime(2022, 5, 29, 0, 0, 0, tzinfo=Timezone('UTC')))>,
 'expanded_ti_count': None,
 'inlet_events': InletEventsAccessors(_inlets=[], _datasets={}, _dataset_aliases={}, _session=<sqlalchemy.orm.session.Session object at 0x7763647e0050>),
 'inlets': [],
 'logical_date': DateTime(2022, 5, 29, 0, 0, 0, tzinfo=Timezone('UTC')),
 'macros': <module '***.macros' from '/home/***/.local/lib/python3.12/site-packages/***/macros/__init__.py'>,
 'map_index_template': None,
 'next_ds': <Proxy at 0x77636462a900 with factory functools.partial(<function lazy_mapping_from_context.<locals>._deprecated_proxy_factory at 0x77636464da80>, 'next_ds', '2022-05-30')>,
 'next_ds_nodash': <Proxy at 0x77636462af40 with factory functools.partial(<function lazy_mapping_from_context.<locals>._deprecated_proxy_factory at 0x77636464da80>, 'next_ds_nodash', '20220530')>,
 'next_execution_date': <Proxy at 0x7763647d8480 with factory functools.partial(<function lazy_mapping_from_context.<locals>._deprecated_proxy_factory at 0x77636464da80>, 'next_execution_date', DateTime(2022, 5, 30, 0, 0, 0, tzinfo=Timezone('UTC')))>,
 'outlet_events': <***.utils.context.OutletEventAccessors object at 0x776364641fa0>,
 'outlets': [],
 'params': {},
 'prev_data_interval_end_success': DateTime(2022, 5, 17, 0, 0, 0, tzinfo=Timezone('UTC')),
 'prev_data_interval_start_success': DateTime(2022, 5, 16, 0, 0, 0, tzinfo=Timezone('UTC')),
 'prev_ds': <Proxy at 0x776364880e00 with factory functools.partial(<function lazy_mapping_from_context.<locals>._deprecated_proxy_factory at 0x77636464da80>, 'prev_ds', '2022-05-28')>,
 'prev_ds_nodash': <Proxy at 0x7763646c8c00 with factory functools.partial(<function lazy_mapping_from_context.<locals>._deprecated_proxy_factory at 0x77636464da80>, 'prev_ds_nodash', '20220528')>,
 'prev_end_date_success': DateTime(2025, 4, 1, 15, 2, 32, 58073, tzinfo=Timezone('UTC')),
 'prev_execution_date': <Proxy at 0x7763646c8840 with factory functools.partial(<function lazy_mapping_from_context.<locals>._deprecated_proxy_factory at 0x77636464da80>, 'prev_execution_date', DateTime(2022, 5, 28, 0, 0, 0, tzinfo=Timezone('UTC')))>,
 'prev_execution_date_success': <Proxy at 0x7763646c8a00 with factory functools.partial(<function lazy_mapping_from_context.<locals>._deprecated_proxy_factory at 0x77636464da80>, 'prev_execution_date_success', DateTime(2022, 5, 16, 0, 0, 0, tzinfo=Timezone('UTC')))>,
 'prev_start_date_success': DateTime(2025, 4, 1, 15, 1, 22, 22373, tzinfo=Timezone('UTC')),
 'run_id': 'scheduled__2022-05-29T00:00:00+00:00',
 'task': <Task(_PythonDecoratedOperator): print_the_context>,
 'task_instance': <TaskInstance: my_dag_name.print_the_context scheduled__2022-05-29T00:00:00+00:00 [running]>,
 'task_instance_key_str': 'my_dag_name__print_the_context__20220529',
 'templates_dict': None,
 'test_mode': False,
 'ti': <TaskInstance: my_dag_name.print_the_context scheduled__2022-05-29T00:00:00+00:00 [running]>,
 'tomorrow_ds': <Proxy at 0x7763646c8e40 with factory functools.partial(<function lazy_mapping_from_context.<locals>._deprecated_proxy_factory at 0x77636464da80>, 'tomorrow_ds', '2022-05-30')>,
 'tomorrow_ds_nodash': <Proxy at 0x7763646c8e80 with factory functools.partial(<function lazy_mapping_from_context.<locals>._deprecated_proxy_factory at 0x77636464da80>, 'tomorrow_ds_nodash', '20220530')>,
 'triggering_dataset_events': <Proxy at 0x776364661700 with factory <function _get_template_context.<locals>.get_triggering_events at 0x77636464d580>>,
 'ts': '2022-05-29T00:00:00+00:00',
 'ts_nodash': '20220529T000000',
 'ts_nodash_with_tz': '20220529T000000+0000',
 'var': {'json': None, 'value': None},
 'yesterday_ds': <Proxy at 0x7763646c8ec0 with factory functools.partial(<function lazy_mapping_from_context.<locals>._deprecated_proxy_factory at 0x77636464da80>, 'yesterday_ds', '2022-05-28')>,
 'yesterday_ds_nodash': <Proxy at 0x7763646c8f00 with factory functools.partial(<function lazy_mapping_from_context.<locals>._deprecated_proxy_factory at 0x77636464da80>, 'yesterday_ds_nodash', '20220528')>}
[2025-04-01T15:03:16.566+0000] {logging_mixin.py:190} INFO - 2022-05-29
[2025-04-01T15:03:16.572+0000] {python.py:240} INFO - Done. Returned value was: Whatever you return gets printed in the logs
[2025-04-01T15:03:16.737+0000] {taskinstance.py:341} INFO - ::group::Post task execution logs
[2025-04-01T15:03:16.737+0000] {taskinstance.py:353} INFO - Marking task as SUCCESS. dag_id=my_dag_name, task_id=print_the_context, run_id=scheduled__2022-05-29T00:00:00+00:00, execution_date=20220529T000000, start_date=20250401T150314, end_date=20250401T150316
[2025-04-01T15:03:17.230+0000] {logging_mixin.py:190} INFO - Task instance in success state
[2025-04-01T15:03:17.232+0000] {logging_mixin.py:190} INFO -  Previous state of the Task instance: running
[2025-04-01T15:03:17.233+0000] {logging_mixin.py:190} INFO - Dag name:my_dag_name queued_at:2025-04-01 15:02:39.711381+00:00
[2025-04-01T15:03:17.249+0000] {logging_mixin.py:190} INFO - Task hostname:900d630d7d5f operator:_PythonDecoratedOperator
[2025-04-01T15:03:17.425+0000] {local_task_job_runner.py:266} INFO - Task exited with return code 0
[2025-04-01T15:03:17.576+0000] {taskinstance.py:3901} INFO - 1 downstream tasks scheduled from follow-on schedule check
[2025-04-01T15:03:17.581+0000] {local_task_job_runner.py:245} INFO - ::endgroup::
