[2025-04-03T10:12:42.550+0000] {local_task_job_runner.py:123} INFO - ::group::Pre task execution logs
[2025-04-03T10:12:42.588+0000] {taskinstance.py:2614} INFO - Dependencies all met for dep_context=non-requeueable deps ti=<TaskInstance: my_dag_name.call_external_function manual__2025-04-03T10:12:37.906034+00:00 [queued]>
[2025-04-03T10:12:42.605+0000] {taskinstance.py:2614} INFO - Dependencies all met for dep_context=requeueable deps ti=<TaskInstance: my_dag_name.call_external_function manual__2025-04-03T10:12:37.906034+00:00 [queued]>
[2025-04-03T10:12:42.606+0000] {taskinstance.py:2867} INFO - Starting attempt 1 of 1
[2025-04-03T10:12:42.633+0000] {taskinstance.py:2890} INFO - Executing <Task(PythonOperator): call_external_function> on 2025-04-03 10:12:37.906034+00:00
[2025-04-03T10:12:42.649+0000] {warnings.py:112} WARNING - /home/***/.local/lib/python3.12/site-packages/***/task/task_runner/standard_task_runner.py:70: DeprecationWarning: This process (pid=1350) is multi-threaded, use of fork() may lead to deadlocks in the child.
  pid = os.fork()

[2025-04-03T10:12:42.652+0000] {standard_task_runner.py:72} INFO - Started process 1352 to run task
[2025-04-03T10:12:42.657+0000] {standard_task_runner.py:104} INFO - Running: ['***', 'tasks', 'run', 'my_dag_name', 'call_external_function', 'manual__2025-04-03T10:12:37.906034+00:00', '--job-id', '72', '--raw', '--subdir', 'DAGS_FOLDER/intermediaire_table.py', '--cfg-path', '/tmp/tmpj6poksfb']
[2025-04-03T10:12:42.659+0000] {standard_task_runner.py:105} INFO - Job 72: Subtask call_external_function
[2025-04-03T10:12:42.752+0000] {task_command.py:467} INFO - Running <TaskInstance: my_dag_name.call_external_function manual__2025-04-03T10:12:37.906034+00:00 [running]> on host d6badcb20287
[2025-04-03T10:12:42.949+0000] {taskinstance.py:3134} INFO - Exporting env vars: AIRFLOW_CTX_DAG_OWNER='***' AIRFLOW_CTX_DAG_ID='my_dag_name' AIRFLOW_CTX_TASK_ID='call_external_function' AIRFLOW_CTX_EXECUTION_DATE='2025-04-03T10:12:37.906034+00:00' AIRFLOW_CTX_TRY_NUMBER='1' AIRFLOW_CTX_DAG_RUN_ID='manual__2025-04-03T10:12:37.906034+00:00'
[2025-04-03T10:12:42.952+0000] {logging_mixin.py:190} INFO - Task instance is in running state
[2025-04-03T10:12:42.953+0000] {logging_mixin.py:190} INFO -  Previous state of the Task instance: queued
[2025-04-03T10:12:42.953+0000] {logging_mixin.py:190} INFO - Current task name:call_external_function state:running start_date:2025-04-03 10:12:42.588897+00:00
[2025-04-03T10:12:42.953+0000] {logging_mixin.py:190} INFO - Dag name:my_dag_name and current dag run status:running
[2025-04-03T10:12:42.954+0000] {taskinstance.py:732} INFO - ::endgroup::
[2025-04-03T10:12:43.444+0000] {logging_mixin.py:190} INFO - URl
[2025-04-03T10:12:43.445+0000] {logging_mixin.py:190} INFO - https://www.politico.eu/article/hungary-quit-icc-internatinal-criminal-court-israel-benjamin-netanyahu-visit/
[2025-04-03T10:12:43.836+0000] {log.py:232} WARNING - 2025-04-03 10:12:43.835 | INFO     | scripts.scrapping_news:extract_newspaper_attempt:21 - Article parsed. ✅
[2025-04-03T10:12:43.839+0000] {logging_mixin.py:190} INFO - URl
[2025-04-03T10:12:43.840+0000] {logging_mixin.py:190} INFO - https://eletric-vehicles.com/ford/auto-stocks-fall-on-us-tariffs-china-urges-immediate-rollback/
[2025-04-03T10:12:45.361+0000] {log.py:232} WARNING - 2025-04-03 10:12:45.360 | INFO     | scripts.scrapping_news:extract_newspaper_attempt:21 - Article parsed. ✅
[2025-04-03T10:12:45.362+0000] {logging_mixin.py:190} INFO - URl
[2025-04-03T10:12:45.364+0000] {logging_mixin.py:190} INFO - https://www.aa.com.tr/en/americas/germany-slams-trump-tariffs-as-attack-on-international-trade-order/3527096
[2025-04-03T10:12:52.624+0000] {log.py:232} WARNING - 2025-04-03 10:12:52.624 | ERROR    | scripts.scrapping_news:extract_newspaper_attempt:24 - URL : https://www.aa.com.tr/en/americas/germany-slams-trump-tariffs-as-attack-on-international-trade-order/3527096
[2025-04-03T10:12:52.625+0000] {log.py:232} WARNING - 2025-04-03 10:12:52.625 | ERROR    | scripts.scrapping_news:extract_newspaper_attempt:25 - Cannot extract information with newspaper. ❌
[2025-04-03T10:12:52.626+0000] {logging_mixin.py:190} INFO - URl
[2025-04-03T10:12:52.626+0000] {logging_mixin.py:190} INFO - https://www.pravda.com.ua/eng/news/2025/04/3/7505802/
[2025-04-03T10:12:52.812+0000] {log.py:232} WARNING - 2025-04-03 10:12:52.812 | INFO     | scripts.scrapping_news:extract_newspaper_attempt:21 - Article parsed. ✅
[2025-04-03T10:12:52.814+0000] {logging_mixin.py:190} INFO - URl
[2025-04-03T10:12:52.814+0000] {logging_mixin.py:190} INFO - https://efe.com/en/latest-news/2025-04-02/milei-assures-that-falkland-islanders-will-prefer-being-argentine/
[2025-04-03T10:12:52.940+0000] {log.py:232} WARNING - 2025-04-03 10:12:52.940 | INFO     | scripts.scrapping_news:extract_newspaper_attempt:21 - Article parsed. ✅
[2025-04-03T10:12:52.942+0000] {logging_mixin.py:190} INFO - URl
[2025-04-03T10:12:52.943+0000] {logging_mixin.py:190} INFO - https://www.rnz.co.nz/international/pacific-news/557082/fiji-have-been-slapped-with-the-highest-us-tariffs-in-the-pacific
[2025-04-03T10:12:53.304+0000] {log.py:232} WARNING - 2025-04-03 10:12:53.304 | INFO     | scripts.scrapping_news:extract_newspaper_attempt:21 - Article parsed. ✅
[2025-04-03T10:12:53.305+0000] {logging_mixin.py:190} INFO - URl
[2025-04-03T10:12:53.306+0000] {logging_mixin.py:190} INFO - https://www.abc.net.au/news/2025-04-03/hungary-withdraws-from-icc-as-netanyahu-visits/105135524
[2025-04-03T10:12:53.342+0000] {log.py:232} WARNING - 2025-04-03 10:12:53.341 | ERROR    | scripts.scrapping_news:extract_newspaper_attempt:24 - URL : https://www.abc.net.au/news/2025-04-03/hungary-withdraws-from-icc-as-netanyahu-visits/105135524
[2025-04-03T10:12:53.342+0000] {log.py:232} WARNING - 2025-04-03 10:12:53.342 | ERROR    | scripts.scrapping_news:extract_newspaper_attempt:25 - Cannot extract information with newspaper. ❌
[2025-04-03T10:12:53.343+0000] {logging_mixin.py:190} INFO - URl
[2025-04-03T10:12:53.343+0000] {logging_mixin.py:190} INFO - https://kyivindependent.com/ukraine-to-receive-432-million-from-world-bank-towards-transport-infrastructure-restoration/
[2025-04-03T10:12:53.611+0000] {log.py:232} WARNING - 2025-04-03 10:12:53.611 | INFO     | scripts.scrapping_news:extract_newspaper_attempt:21 - Article parsed. ✅
[2025-04-03T10:12:53.613+0000] {logging_mixin.py:190} INFO - URl
[2025-04-03T10:12:53.614+0000] {logging_mixin.py:190} INFO - https://m.economictimes.com/news/india/american-man-arrested-for-illegally-entering-andamans-north-sentinel-island-one-of-the-worlds-most-restricted-areas/articleshow/119930367.cms
[2025-04-03T10:12:54.098+0000] {log.py:232} WARNING - 2025-04-03 10:12:54.098 | INFO     | scripts.scrapping_news:extract_newspaper_attempt:21 - Article parsed. ✅
[2025-04-03T10:12:54.101+0000] {logging_mixin.py:190} INFO - URl
[2025-04-03T10:12:54.102+0000] {logging_mixin.py:190} INFO - https://militarnyi.com/en/news/us-concerned-about-europe-s-desire-to-buy-less-american-weapons/
[2025-04-03T10:12:54.755+0000] {log.py:232} WARNING - 2025-04-03 10:12:54.754 | INFO     | scripts.scrapping_news:extract_newspaper_attempt:21 - Article parsed. ✅
[2025-04-03T10:12:54.756+0000] {logging_mixin.py:190} INFO - URl
[2025-04-03T10:12:54.757+0000] {logging_mixin.py:190} INFO - https://n1info.rs/english/news/serbian-students-depart-for-strasbourg-by-bicycle-europe-has-been-asleep-for-too-long/
[2025-04-03T10:12:55.001+0000] {log.py:232} WARNING - 2025-04-03 10:12:55.000 | INFO     | scripts.scrapping_news:extract_newspaper_attempt:21 - Article parsed. ✅
[2025-04-03T10:12:55.002+0000] {logging_mixin.py:190} INFO - URl
[2025-04-03T10:12:55.003+0000] {logging_mixin.py:190} INFO - https://www.reuters.com/world/hungary-says-it-is-withdrawing-icc-israeli-leader-visits-2025-04-03/
[2025-04-03T10:12:55.102+0000] {log.py:232} WARNING - 2025-04-03 10:12:55.101 | ERROR    | scripts.scrapping_news:extract_newspaper_attempt:24 - URL : https://www.reuters.com/world/hungary-says-it-is-withdrawing-icc-israeli-leader-visits-2025-04-03/
[2025-04-03T10:12:55.102+0000] {log.py:232} WARNING - 2025-04-03 10:12:55.102 | ERROR    | scripts.scrapping_news:extract_newspaper_attempt:25 - Cannot extract information with newspaper. ❌
[2025-04-03T10:12:55.103+0000] {logging_mixin.py:190} INFO - URl
[2025-04-03T10:12:55.103+0000] {logging_mixin.py:190} INFO - https://www.cnn.com/2025/04/03/world/hungary-withdraws-icc-intl
[2025-04-03T10:12:55.582+0000] {log.py:232} WARNING - 2025-04-03 10:12:55.582 | INFO     | scripts.scrapping_news:extract_newspaper_attempt:21 - Article parsed. ✅
[2025-04-03T10:12:55.589+0000] {logging_mixin.py:190} INFO - URl
[2025-04-03T10:12:55.591+0000] {logging_mixin.py:190} INFO - https://apnews.com/article/hungary-criminal-court-withdrawal-israel-5263edb40318816508e6b998befc6ee5
[2025-04-03T10:12:56.169+0000] {log.py:232} WARNING - 2025-04-03 10:12:56.169 | INFO     | scripts.scrapping_news:extract_newspaper_attempt:21 - Article parsed. ✅
[2025-04-03T10:12:56.171+0000] {logging_mixin.py:190} INFO - URl
[2025-04-03T10:12:56.173+0000] {logging_mixin.py:190} INFO - https://www.bbc.com/news/articles/c807lm2003zo
[2025-04-03T10:12:56.374+0000] {log.py:232} WARNING - 2025-04-03 10:12:56.373 | INFO     | scripts.scrapping_news:extract_newspaper_attempt:21 - Article parsed. ✅
[2025-04-03T10:12:56.376+0000] {logging_mixin.py:190} INFO - URl
[2025-04-03T10:12:56.376+0000] {logging_mixin.py:190} INFO - https://global.espreso.tv/russia-ukraine-war-white-house-explains-why-new-tariffs-do-not-apply-to-russia-and-north-korea
[2025-04-03T10:12:56.639+0000] {log.py:232} WARNING - 2025-04-03 10:12:56.639 | INFO     | scripts.scrapping_news:extract_newspaper_attempt:21 - Article parsed. ✅
[2025-04-03T10:12:56.641+0000] {logging_mixin.py:190} INFO - URl
[2025-04-03T10:12:56.642+0000] {logging_mixin.py:190} INFO - https://global.espreso.tv/grain-deal-us-imposes-new-sanctions-on-individuals-tied-to-theft-of-ukrainian-grain-from-occupied-territories
[2025-04-03T10:12:57.210+0000] {log.py:232} WARNING - 2025-04-03 10:12:57.210 | INFO     | scripts.scrapping_news:extract_newspaper_attempt:21 - Article parsed. ✅
[2025-04-03T10:12:57.213+0000] {logging_mixin.py:190} INFO - URl
[2025-04-03T10:12:57.214+0000] {logging_mixin.py:190} INFO - https://www.usnews.com/news/world/articles/2025-04-03/eus-kallas-eu-countries-already-providing-over-50-ukraines-ammunition-needs
[2025-04-03T10:12:57.495+0000] {log.py:232} WARNING - 2025-04-03 10:12:57.495 | INFO     | scripts.scrapping_news:extract_newspaper_attempt:21 - Article parsed. ✅
[2025-04-03T10:12:57.497+0000] {logging_mixin.py:190} INFO - URl
[2025-04-03T10:12:57.498+0000] {logging_mixin.py:190} INFO - https://www.nbcnews.com/news/world/eu-preparing-countermeasures-us-tariffs-negotiations-fail-ec-president-rcna199427
[2025-04-03T10:12:57.989+0000] {log.py:232} WARNING - 2025-04-03 10:12:57.988 | INFO     | scripts.scrapping_news:extract_newspaper_attempt:21 - Article parsed. ✅
[2025-04-03T10:12:57.990+0000] {logging_mixin.py:190} INFO - URl
[2025-04-03T10:12:57.991+0000] {logging_mixin.py:190} INFO - https://global.espreso.tv/us-senate-introduces-bill-proposing-500-tariff-on-countries-buying-russian-oil
[2025-04-03T10:12:58.462+0000] {log.py:232} WARNING - 2025-04-03 10:12:58.462 | INFO     | scripts.scrapping_news:extract_newspaper_attempt:21 - Article parsed. ✅
[2025-04-03T10:12:58.464+0000] {logging_mixin.py:190} INFO - URl
[2025-04-03T10:12:58.464+0000] {logging_mixin.py:190} INFO - https://www.cnn.com/2025/04/03/business/europe-tariffs-us-von-der-leyen-intl-hnk/index.html
[2025-04-03T10:12:59.107+0000] {log.py:232} WARNING - 2025-04-03 10:12:59.106 | INFO     | scripts.scrapping_news:extract_newspaper_attempt:21 - Article parsed. ✅
[2025-04-03T10:12:59.113+0000] {logging_mixin.py:190} INFO - URl
[2025-04-03T10:12:59.114+0000] {logging_mixin.py:190} INFO - https://www.ndtv.com/india-news/us-man-arrested-for-entering-restricted-north-sentinel-island-in-andamans-cops-8071854
[2025-04-03T10:12:59.674+0000] {log.py:232} WARNING - 2025-04-03 10:12:59.674 | INFO     | scripts.scrapping_news:extract_newspaper_attempt:21 - Article parsed. ✅
[2025-04-03T10:12:59.677+0000] {logging_mixin.py:190} INFO - URl
[2025-04-03T10:12:59.679+0000] {logging_mixin.py:190} INFO - https://kyivindependent.com/russia-missing-from-trumps-sweeping-tariffs-list-as-its-already-sanctioned-white-house-confirms/
[2025-04-03T10:12:59.965+0000] {log.py:232} WARNING - 2025-04-03 10:12:59.965 | INFO     | scripts.scrapping_news:extract_newspaper_attempt:21 - Article parsed. ✅
[2025-04-03T10:12:59.967+0000] {logging_mixin.py:190} INFO - URl
[2025-04-03T10:12:59.969+0000] {logging_mixin.py:190} INFO - https://www.telegraph.co.uk/world-news/2025/04/03/putin-russia-muslim-immigration-war-ukraine-europe/
[2025-04-03T10:13:00.637+0000] {log.py:232} WARNING - 2025-04-03 10:13:00.637 | INFO     | scripts.scrapping_news:extract_newspaper_attempt:21 - Article parsed. ✅
[2025-04-03T10:13:00.639+0000] {logging_mixin.py:190} INFO - URl
[2025-04-03T10:13:00.641+0000] {logging_mixin.py:190} INFO - https://indianexpress.com/article/technology/science/amazon-targets-april-9-launch-of-first-kuiper-internet-satellites-9921445/
[2025-04-03T10:13:00.997+0000] {log.py:232} WARNING - 2025-04-03 10:13:00.996 | INFO     | scripts.scrapping_news:extract_newspaper_attempt:21 - Article parsed. ✅
[2025-04-03T10:13:01.012+0000] {logging_mixin.py:190} INFO - ['1jqeiiz', '1jqe6i5', '1jqe52q', '1jqe4eu', '1jqdjsw', '1jqdj5f', '1jqdido', '1jqdhq9', '1jqdg5s', '1jqdat4', '1jqdaa6', '1jqd7f3', '1jqd1wp', '1jqcyyp', '1jqcyan', '1jqcxr8', '1jqcqxt', '1jqc9ax', '1jqbxdb', '1jqbprr', '1jqbfnd', '1jqbfe9', '1jqbahu', '1jqb6td', '1jqb5c7']
[2025-04-03T10:13:01.049+0000] {logging_mixin.py:190} INFO -     id_news  ... scrapping_status
0   1jqeiiz  ...             True
1   1jqe6i5  ...             True
2   1jqe52q  ...            False
3   1jqe4eu  ...             True
4   1jqdjsw  ...             True
5   1jqdj5f  ...             True
6   1jqdido  ...            False
7   1jqdhq9  ...             True
8   1jqdg5s  ...             True
9   1jqdat4  ...             True
10  1jqdaa6  ...             True
11  1jqd7f3  ...            False
12  1jqd1wp  ...             True
13  1jqcyyp  ...             True
14  1jqcyan  ...             True
15  1jqcxr8  ...             True
16  1jqcqxt  ...             True
17  1jqc9ax  ...             True
18  1jqbxdb  ...             True
19  1jqbprr  ...             True
20  1jqbfnd  ...             True
21  1jqbfe9  ...             True
22  1jqbahu  ...             True
23  1jqb6td  ...             True
24  1jqb5c7  ...             True

[25 rows x 8 columns]
[2025-04-03T10:13:01.049+0000] {python.py:240} INFO - Done. Returned value was: (    id_news  ... scrapping_status
0   1jqeiiz  ...             True
1   1jqe6i5  ...             True
2   1jqe52q  ...            False
3   1jqe4eu  ...             True
4   1jqdjsw  ...             True
5   1jqdj5f  ...             True
6   1jqdido  ...            False
7   1jqdhq9  ...             True
8   1jqdg5s  ...             True
9   1jqdat4  ...             True
10  1jqdaa6  ...             True
11  1jqd7f3  ...            False
12  1jqd1wp  ...             True
13  1jqcyyp  ...             True
14  1jqcyan  ...             True
15  1jqcxr8  ...             True
16  1jqcqxt  ...             True
17  1jqc9ax  ...             True
18  1jqbxdb  ...             True
19  1jqbprr  ...             True
20  1jqbfnd  ...             True
21  1jqbfe9  ...             True
22  1jqbahu  ...             True
23  1jqb6td  ...             True
24  1jqb5c7  ...             True

[25 rows x 8 columns], ['1jqeiiz', '1jqe6i5', '1jqe52q', '1jqe4eu', '1jqdjsw', '1jqdj5f', '1jqdido', '1jqdhq9', '1jqdg5s', '1jqdat4', '1jqdaa6', '1jqd7f3', '1jqd1wp', '1jqcyyp', '1jqcyan', '1jqcxr8', '1jqcqxt', '1jqc9ax', '1jqbxdb', '1jqbprr', '1jqbfnd', '1jqbfe9', '1jqbahu', '1jqb6td', '1jqb5c7'])
[2025-04-03T10:13:01.197+0000] {taskinstance.py:341} INFO - ::group::Post task execution logs
[2025-04-03T10:13:01.197+0000] {taskinstance.py:353} INFO - Marking task as SUCCESS. dag_id=my_dag_name, task_id=call_external_function, run_id=manual__2025-04-03T10:12:37.906034+00:00, execution_date=20250403T101237, start_date=20250403T101242, end_date=20250403T101301
[2025-04-03T10:13:01.248+0000] {logging_mixin.py:190} INFO - Task instance in success state
[2025-04-03T10:13:01.249+0000] {logging_mixin.py:190} INFO -  Previous state of the Task instance: running
[2025-04-03T10:13:01.250+0000] {logging_mixin.py:190} INFO - Dag name:my_dag_name queued_at:2025-04-03 10:12:37.930437+00:00
[2025-04-03T10:13:01.250+0000] {logging_mixin.py:190} INFO - Task hostname:d6badcb20287 operator:PythonOperator
[2025-04-03T10:13:01.277+0000] {local_task_job_runner.py:266} INFO - Task exited with return code 0
[2025-04-03T10:13:01.320+0000] {taskinstance.py:3901} INFO - 1 downstream tasks scheduled from follow-on schedule check
[2025-04-03T10:13:01.324+0000] {local_task_job_runner.py:245} INFO - ::endgroup::
