[2025-04-03T10:51:14.654+0000] {local_task_job_runner.py:123} INFO - ::group::Pre task execution logs
[2025-04-03T10:51:14.690+0000] {taskinstance.py:2614} INFO - Dependencies all met for dep_context=non-requeueable deps ti=<TaskInstance: my_dag_name.call_external_function manual__2025-04-03T10:51:06.354143+00:00 [queued]>
[2025-04-03T10:51:14.707+0000] {taskinstance.py:2614} INFO - Dependencies all met for dep_context=requeueable deps ti=<TaskInstance: my_dag_name.call_external_function manual__2025-04-03T10:51:06.354143+00:00 [queued]>
[2025-04-03T10:51:14.708+0000] {taskinstance.py:2867} INFO - Starting attempt 1 of 1
[2025-04-03T10:51:14.730+0000] {taskinstance.py:2890} INFO - Executing <Task(PythonOperator): call_external_function> on 2025-04-03 10:51:06.354143+00:00
[2025-04-03T10:51:14.748+0000] {warnings.py:112} WARNING - /home/***/.local/lib/python3.12/site-packages/***/task/task_runner/standard_task_runner.py:70: DeprecationWarning: This process (pid=1909) is multi-threaded, use of fork() may lead to deadlocks in the child.
  pid = os.fork()

[2025-04-03T10:51:14.751+0000] {standard_task_runner.py:72} INFO - Started process 1911 to run task
[2025-04-03T10:51:14.754+0000] {standard_task_runner.py:104} INFO - Running: ['***', 'tasks', 'run', 'my_dag_name', 'call_external_function', 'manual__2025-04-03T10:51:06.354143+00:00', '--job-id', '89', '--raw', '--subdir', 'DAGS_FOLDER/intermediaire_table.py', '--cfg-path', '/tmp/tmpy267ai8w']
[2025-04-03T10:51:14.757+0000] {standard_task_runner.py:105} INFO - Job 89: Subtask call_external_function
[2025-04-03T10:51:14.846+0000] {task_command.py:467} INFO - Running <TaskInstance: my_dag_name.call_external_function manual__2025-04-03T10:51:06.354143+00:00 [running]> on host d6badcb20287
[2025-04-03T10:51:15.024+0000] {taskinstance.py:3134} INFO - Exporting env vars: AIRFLOW_CTX_DAG_OWNER='***' AIRFLOW_CTX_DAG_ID='my_dag_name' AIRFLOW_CTX_TASK_ID='call_external_function' AIRFLOW_CTX_EXECUTION_DATE='2025-04-03T10:51:06.354143+00:00' AIRFLOW_CTX_TRY_NUMBER='1' AIRFLOW_CTX_DAG_RUN_ID='manual__2025-04-03T10:51:06.354143+00:00'
[2025-04-03T10:51:15.028+0000] {logging_mixin.py:190} INFO - Task instance is in running state
[2025-04-03T10:51:15.029+0000] {logging_mixin.py:190} INFO -  Previous state of the Task instance: queued
[2025-04-03T10:51:15.029+0000] {logging_mixin.py:190} INFO - Current task name:call_external_function state:running start_date:2025-04-03 10:51:14.691340+00:00
[2025-04-03T10:51:15.030+0000] {logging_mixin.py:190} INFO - Dag name:my_dag_name and current dag run status:running
[2025-04-03T10:51:15.031+0000] {taskinstance.py:732} INFO - ::endgroup::
[2025-04-03T10:51:16.100+0000] {logging_mixin.py:190} INFO - URl
[2025-04-03T10:51:16.100+0000] {logging_mixin.py:190} INFO - https://www.bloomberg.com/news/articles/2025-04-03/trump-targets-african-kingdom-with-highest-tariff-in-the-world
[2025-04-03T10:51:16.192+0000] {log.py:232} WARNING - 2025-04-03 10:51:16.192 | ERROR    | scripts.scrapping_news:extract_newspaper_attempt:24 - URL : https://www.bloomberg.com/news/articles/2025-04-03/trump-targets-african-kingdom-with-highest-tariff-in-the-world
[2025-04-03T10:51:16.193+0000] {log.py:232} WARNING - 2025-04-03 10:51:16.193 | ERROR    | scripts.scrapping_news:extract_newspaper_attempt:25 - Cannot extract information with newspaper. ❌
[2025-04-03T10:51:16.194+0000] {logging_mixin.py:190} INFO - URl
[2025-04-03T10:51:16.195+0000] {logging_mixin.py:190} INFO - https://www.reuters.com/world/europe/eu-members-vote-april-9-countermeasures-us-tariffs-says-senior-eu-official-2025-04-03/
[2025-04-03T10:51:16.265+0000] {log.py:232} WARNING - 2025-04-03 10:51:16.265 | ERROR    | scripts.scrapping_news:extract_newspaper_attempt:24 - URL : https://www.reuters.com/world/europe/eu-members-vote-april-9-countermeasures-us-tariffs-says-senior-eu-official-2025-04-03/
[2025-04-03T10:51:16.266+0000] {log.py:232} WARNING - 2025-04-03 10:51:16.266 | ERROR    | scripts.scrapping_news:extract_newspaper_attempt:25 - Cannot extract information with newspaper. ❌
[2025-04-03T10:51:16.267+0000] {logging_mixin.py:190} INFO - URl
[2025-04-03T10:51:16.268+0000] {logging_mixin.py:190} INFO - https://www.ndtv.com/india-news/us-man-arrested-for-entering-restricted-north-sentinel-island-in-andamans-cops-8071854
[2025-04-03T10:51:16.850+0000] {log.py:232} WARNING - 2025-04-03 10:51:16.849 | INFO     | scripts.scrapping_news:extract_newspaper_attempt:21 - Article parsed. ✅
[2025-04-03T10:51:16.853+0000] {logging_mixin.py:190} INFO - URl
[2025-04-03T10:51:16.854+0000] {logging_mixin.py:190} INFO - https://www.telegraph.co.uk/world-news/2025/04/03/hungary-withdraws-from-icc-netanyahu-meets-orban/
[2025-04-03T10:51:17.513+0000] {log.py:232} WARNING - 2025-04-03 10:51:17.513 | INFO     | scripts.scrapping_news:extract_newspaper_attempt:21 - Article parsed. ✅
[2025-04-03T10:51:17.515+0000] {logging_mixin.py:190} INFO - URl
[2025-04-03T10:51:17.517+0000] {logging_mixin.py:190} INFO - https://www.politico.eu/article/hungary-quit-icc-internatinal-criminal-court-israel-benjamin-netanyahu-visit/
[2025-04-03T10:51:17.720+0000] {log.py:232} WARNING - 2025-04-03 10:51:17.720 | INFO     | scripts.scrapping_news:extract_newspaper_attempt:21 - Article parsed. ✅
[2025-04-03T10:51:17.722+0000] {logging_mixin.py:190} INFO - URl
[2025-04-03T10:51:17.723+0000] {logging_mixin.py:190} INFO - https://eletric-vehicles.com/ford/auto-stocks-fall-on-us-tariffs-china-urges-immediate-rollback/
[2025-04-03T10:51:18.026+0000] {log.py:232} WARNING - 2025-04-03 10:51:18.026 | INFO     | scripts.scrapping_news:extract_newspaper_attempt:21 - Article parsed. ✅
[2025-04-03T10:51:18.028+0000] {logging_mixin.py:190} INFO - URl
[2025-04-03T10:51:18.030+0000] {logging_mixin.py:190} INFO - https://www.aa.com.tr/en/americas/germany-slams-trump-tariffs-as-attack-on-international-trade-order/3527096
[2025-04-03T10:51:20.013+0000] {log.py:232} WARNING - 2025-04-03 10:51:20.012 | INFO     | scripts.scrapping_news:extract_newspaper_attempt:21 - Article parsed. ✅
[2025-04-03T10:51:20.014+0000] {logging_mixin.py:190} INFO - URl
[2025-04-03T10:51:20.015+0000] {logging_mixin.py:190} INFO - https://www.pravda.com.ua/eng/news/2025/04/3/7505802/
[2025-04-03T10:51:20.180+0000] {log.py:232} WARNING - 2025-04-03 10:51:20.180 | INFO     | scripts.scrapping_news:extract_newspaper_attempt:21 - Article parsed. ✅
[2025-04-03T10:51:20.182+0000] {logging_mixin.py:190} INFO - URl
[2025-04-03T10:51:20.182+0000] {logging_mixin.py:190} INFO - https://efe.com/en/latest-news/2025-04-02/milei-assures-that-falkland-islanders-will-prefer-being-argentine/
[2025-04-03T10:51:20.316+0000] {log.py:232} WARNING - 2025-04-03 10:51:20.316 | INFO     | scripts.scrapping_news:extract_newspaper_attempt:21 - Article parsed. ✅
[2025-04-03T10:51:20.317+0000] {logging_mixin.py:190} INFO - URl
[2025-04-03T10:51:20.318+0000] {logging_mixin.py:190} INFO - https://www.rnz.co.nz/international/pacific-news/557082/fiji-have-been-slapped-with-the-highest-us-tariffs-in-the-pacific
[2025-04-03T10:51:20.391+0000] {log.py:232} WARNING - 2025-04-03 10:51:20.391 | INFO     | scripts.scrapping_news:extract_newspaper_attempt:21 - Article parsed. ✅
[2025-04-03T10:51:20.392+0000] {logging_mixin.py:190} INFO - URl
[2025-04-03T10:51:20.393+0000] {logging_mixin.py:190} INFO - https://www.abc.net.au/news/2025-04-03/hungary-withdraws-from-icc-as-netanyahu-visits/105135524
[2025-04-03T10:51:20.426+0000] {log.py:232} WARNING - 2025-04-03 10:51:20.426 | ERROR    | scripts.scrapping_news:extract_newspaper_attempt:24 - URL : https://www.abc.net.au/news/2025-04-03/hungary-withdraws-from-icc-as-netanyahu-visits/105135524
[2025-04-03T10:51:20.427+0000] {log.py:232} WARNING - 2025-04-03 10:51:20.427 | ERROR    | scripts.scrapping_news:extract_newspaper_attempt:25 - Cannot extract information with newspaper. ❌
[2025-04-03T10:51:20.428+0000] {logging_mixin.py:190} INFO - URl
[2025-04-03T10:51:20.428+0000] {logging_mixin.py:190} INFO - https://kyivindependent.com/ukraine-to-receive-432-million-from-world-bank-towards-transport-infrastructure-restoration/
[2025-04-03T10:51:20.735+0000] {log.py:232} WARNING - 2025-04-03 10:51:20.735 | INFO     | scripts.scrapping_news:extract_newspaper_attempt:21 - Article parsed. ✅
[2025-04-03T10:51:20.737+0000] {logging_mixin.py:190} INFO - URl
[2025-04-03T10:51:20.738+0000] {logging_mixin.py:190} INFO - https://n1info.rs/english/news/serbian-students-depart-for-strasbourg-by-bicycle-europe-has-been-asleep-for-too-long/
[2025-04-03T10:51:20.934+0000] {log.py:232} WARNING - 2025-04-03 10:51:20.934 | INFO     | scripts.scrapping_news:extract_newspaper_attempt:21 - Article parsed. ✅
[2025-04-03T10:51:20.936+0000] {logging_mixin.py:190} INFO - URl
[2025-04-03T10:51:20.937+0000] {logging_mixin.py:190} INFO - https://www.reuters.com/world/hungary-says-it-is-withdrawing-icc-israeli-leader-visits-2025-04-03/
[2025-04-03T10:51:20.996+0000] {log.py:232} WARNING - 2025-04-03 10:51:20.996 | ERROR    | scripts.scrapping_news:extract_newspaper_attempt:24 - URL : https://www.reuters.com/world/hungary-says-it-is-withdrawing-icc-israeli-leader-visits-2025-04-03/
[2025-04-03T10:51:20.997+0000] {log.py:232} WARNING - 2025-04-03 10:51:20.997 | ERROR    | scripts.scrapping_news:extract_newspaper_attempt:25 - Cannot extract information with newspaper. ❌
[2025-04-03T10:51:20.997+0000] {logging_mixin.py:190} INFO - URl
[2025-04-03T10:51:20.998+0000] {logging_mixin.py:190} INFO - https://www.cnn.com/2025/04/03/world/hungary-withdraws-icc-intl
[2025-04-03T10:51:21.405+0000] {log.py:232} WARNING - 2025-04-03 10:51:21.405 | INFO     | scripts.scrapping_news:extract_newspaper_attempt:21 - Article parsed. ✅
[2025-04-03T10:51:21.411+0000] {logging_mixin.py:190} INFO - URl
[2025-04-03T10:51:21.412+0000] {logging_mixin.py:190} INFO - https://apnews.com/article/hungary-criminal-court-withdrawal-israel-5263edb40318816508e6b998befc6ee5
[2025-04-03T10:51:21.949+0000] {log.py:232} WARNING - 2025-04-03 10:51:21.949 | INFO     | scripts.scrapping_news:extract_newspaper_attempt:21 - Article parsed. ✅
[2025-04-03T10:51:21.953+0000] {logging_mixin.py:190} INFO - URl
[2025-04-03T10:51:21.954+0000] {logging_mixin.py:190} INFO - https://www.bbc.com/news/articles/c807lm2003zo
[2025-04-03T10:51:22.183+0000] {log.py:232} WARNING - 2025-04-03 10:51:22.183 | INFO     | scripts.scrapping_news:extract_newspaper_attempt:21 - Article parsed. ✅
[2025-04-03T10:51:22.185+0000] {logging_mixin.py:190} INFO - URl
[2025-04-03T10:51:22.186+0000] {logging_mixin.py:190} INFO - https://global.espreso.tv/russia-ukraine-war-white-house-explains-why-new-tariffs-do-not-apply-to-russia-and-north-korea
[2025-04-03T10:51:22.436+0000] {log.py:232} WARNING - 2025-04-03 10:51:22.435 | INFO     | scripts.scrapping_news:extract_newspaper_attempt:21 - Article parsed. ✅
[2025-04-03T10:51:22.437+0000] {logging_mixin.py:190} INFO - URl
[2025-04-03T10:51:22.439+0000] {logging_mixin.py:190} INFO - https://global.espreso.tv/grain-deal-us-imposes-new-sanctions-on-individuals-tied-to-theft-of-ukrainian-grain-from-occupied-territories
[2025-04-03T10:51:22.931+0000] {log.py:232} WARNING - 2025-04-03 10:51:22.931 | INFO     | scripts.scrapping_news:extract_newspaper_attempt:21 - Article parsed. ✅
[2025-04-03T10:51:22.933+0000] {logging_mixin.py:190} INFO - URl
[2025-04-03T10:51:22.934+0000] {logging_mixin.py:190} INFO - https://www.usnews.com/news/world/articles/2025-04-03/eus-kallas-eu-countries-already-providing-over-50-ukraines-ammunition-needs
[2025-04-03T10:51:23.139+0000] {log.py:232} WARNING - 2025-04-03 10:51:23.139 | INFO     | scripts.scrapping_news:extract_newspaper_attempt:21 - Article parsed. ✅
[2025-04-03T10:51:23.141+0000] {logging_mixin.py:190} INFO - URl
[2025-04-03T10:51:23.141+0000] {logging_mixin.py:190} INFO - https://www.nbcnews.com/news/world/eu-preparing-countermeasures-us-tariffs-negotiations-fail-ec-president-rcna199427
[2025-04-03T10:51:23.330+0000] {log.py:232} WARNING - 2025-04-03 10:51:23.330 | INFO     | scripts.scrapping_news:extract_newspaper_attempt:21 - Article parsed. ✅
[2025-04-03T10:51:23.332+0000] {logging_mixin.py:190} INFO - URl
[2025-04-03T10:51:23.332+0000] {logging_mixin.py:190} INFO - https://www.cnn.com/2025/04/03/business/europe-tariffs-us-von-der-leyen-intl-hnk/index.html
[2025-04-03T10:51:24.165+0000] {log.py:232} WARNING - 2025-04-03 10:51:24.165 | INFO     | scripts.scrapping_news:extract_newspaper_attempt:21 - Article parsed. ✅
[2025-04-03T10:51:24.175+0000] {logging_mixin.py:190} INFO - URl
[2025-04-03T10:51:24.177+0000] {logging_mixin.py:190} INFO - https://kyivindependent.com/russia-missing-from-trumps-sweeping-tariffs-list-as-its-already-sanctioned-white-house-confirms/
[2025-04-03T10:51:24.495+0000] {log.py:232} WARNING - 2025-04-03 10:51:24.494 | INFO     | scripts.scrapping_news:extract_newspaper_attempt:21 - Article parsed. ✅
[2025-04-03T10:51:24.497+0000] {logging_mixin.py:190} INFO - URl
[2025-04-03T10:51:24.498+0000] {logging_mixin.py:190} INFO - https://www.telegraph.co.uk/world-news/2025/04/03/putin-russia-muslim-immigration-war-ukraine-europe/
[2025-04-03T10:51:25.143+0000] {log.py:232} WARNING - 2025-04-03 10:51:25.143 | INFO     | scripts.scrapping_news:extract_newspaper_attempt:21 - Article parsed. ✅
[2025-04-03T10:51:25.146+0000] {logging_mixin.py:190} INFO - URl
[2025-04-03T10:51:25.147+0000] {logging_mixin.py:190} INFO - https://indianexpress.com/article/technology/science/amazon-targets-april-9-launch-of-first-kuiper-internet-satellites-9921445/
[2025-04-03T10:51:25.432+0000] {log.py:232} WARNING - 2025-04-03 10:51:25.432 | INFO     | scripts.scrapping_news:extract_newspaper_attempt:21 - Article parsed. ✅
[2025-04-03T10:51:25.446+0000] {logging_mixin.py:190} INFO - ['1jqf7fm', '1jqf4gz', '1jqf0rp', '1jqexsr', '1jqeiiz', '1jqe6i5', '1jqe52q', '1jqe4eu', '1jqdjsw', '1jqdj5f', '1jqdido', '1jqdhq9', '1jqdaa6', '1jqd7f3', '1jqd1wp', '1jqcyyp', '1jqcyan', '1jqcxr8', '1jqcqxt', '1jqc9ax', '1jqbxdb', '1jqbfnd', '1jqbahu', '1jqb6td', '1jqb5c7']
[2025-04-03T10:51:25.474+0000] {logging_mixin.py:190} INFO -     id_news  ... scrapping_status
0   1jqf7fm  ...            False
1   1jqf4gz  ...            False
2   1jqf0rp  ...             True
3   1jqexsr  ...             True
4   1jqeiiz  ...             True
5   1jqe6i5  ...             True
6   1jqe52q  ...             True
7   1jqe4eu  ...             True
8   1jqdjsw  ...             True
9   1jqdj5f  ...             True
10  1jqdido  ...            False
11  1jqdhq9  ...             True
12  1jqdaa6  ...             True
13  1jqd7f3  ...            False
14  1jqd1wp  ...             True
15  1jqcyyp  ...             True
16  1jqcyan  ...             True
17  1jqcxr8  ...             True
18  1jqcqxt  ...             True
19  1jqc9ax  ...             True
20  1jqbxdb  ...             True
21  1jqbfnd  ...             True
22  1jqbahu  ...             True
23  1jqb6td  ...             True
24  1jqb5c7  ...             True

[25 rows x 8 columns]
[2025-04-03T10:51:25.475+0000] {python.py:240} INFO - Done. Returned value was: (    id_news  ... scrapping_status
0   1jqf7fm  ...            False
1   1jqf4gz  ...            False
2   1jqf0rp  ...             True
3   1jqexsr  ...             True
4   1jqeiiz  ...             True
5   1jqe6i5  ...             True
6   1jqe52q  ...             True
7   1jqe4eu  ...             True
8   1jqdjsw  ...             True
9   1jqdj5f  ...             True
10  1jqdido  ...            False
11  1jqdhq9  ...             True
12  1jqdaa6  ...             True
13  1jqd7f3  ...            False
14  1jqd1wp  ...             True
15  1jqcyyp  ...             True
16  1jqcyan  ...             True
17  1jqcxr8  ...             True
18  1jqcqxt  ...             True
19  1jqc9ax  ...             True
20  1jqbxdb  ...             True
21  1jqbfnd  ...             True
22  1jqbahu  ...             True
23  1jqb6td  ...             True
24  1jqb5c7  ...             True

[25 rows x 8 columns], ['1jqf7fm', '1jqf4gz', '1jqf0rp', '1jqexsr', '1jqeiiz', '1jqe6i5', '1jqe52q', '1jqe4eu', '1jqdjsw', '1jqdj5f', '1jqdido', '1jqdhq9', '1jqdaa6', '1jqd7f3', '1jqd1wp', '1jqcyyp', '1jqcyan', '1jqcxr8', '1jqcqxt', '1jqc9ax', '1jqbxdb', '1jqbfnd', '1jqbahu', '1jqb6td', '1jqb5c7'])
[2025-04-03T10:51:25.601+0000] {taskinstance.py:341} INFO - ::group::Post task execution logs
[2025-04-03T10:51:25.602+0000] {taskinstance.py:353} INFO - Marking task as SUCCESS. dag_id=my_dag_name, task_id=call_external_function, run_id=manual__2025-04-03T10:51:06.354143+00:00, execution_date=20250403T105106, start_date=20250403T105114, end_date=20250403T105125
[2025-04-03T10:51:25.638+0000] {logging_mixin.py:190} INFO - Task instance in success state
[2025-04-03T10:51:25.639+0000] {logging_mixin.py:190} INFO -  Previous state of the Task instance: running
[2025-04-03T10:51:25.639+0000] {logging_mixin.py:190} INFO - Dag name:my_dag_name queued_at:2025-04-03 10:51:06.383622+00:00
[2025-04-03T10:51:25.639+0000] {logging_mixin.py:190} INFO - Task hostname:d6badcb20287 operator:PythonOperator
[2025-04-03T10:51:25.676+0000] {local_task_job_runner.py:266} INFO - Task exited with return code 0
[2025-04-03T10:51:25.732+0000] {taskinstance.py:3901} INFO - 1 downstream tasks scheduled from follow-on schedule check
[2025-04-03T10:51:25.734+0000] {local_task_job_runner.py:245} INFO - ::endgroup::
