[2025-04-01T14:44:30.073+0000] {local_task_job_runner.py:123} INFO - ::group::Pre task execution logs
[2025-04-01T14:44:30.433+0000] {taskinstance.py:2614} INFO - Dependencies all met for dep_context=non-requeueable deps ti=<TaskInstance: my_dag_name.print_the_context scheduled__2021-09-17T00:00:00+00:00 [queued]>
[2025-04-01T14:44:30.598+0000] {taskinstance.py:2614} INFO - Dependencies all met for dep_context=requeueable deps ti=<TaskInstance: my_dag_name.print_the_context scheduled__2021-09-17T00:00:00+00:00 [queued]>
[2025-04-01T14:44:30.599+0000] {taskinstance.py:2867} INFO - Starting attempt 1 of 1
[2025-04-01T14:44:30.802+0000] {taskinstance.py:2890} INFO - Executing <Task(_PythonDecoratedOperator): print_the_context> on 2021-09-17 00:00:00+00:00
[2025-04-01T14:44:30.996+0000] {warnings.py:112} WARNING - /home/***/.local/lib/python3.12/site-packages/***/task/task_runner/standard_task_runner.py:70: DeprecationWarning: This process (pid=2391) is multi-threaded, use of fork() may lead to deadlocks in the child.
  pid = os.fork()

[2025-04-01T14:44:31.015+0000] {standard_task_runner.py:72} INFO - Started process 2431 to run task
[2025-04-01T14:44:31.030+0000] {standard_task_runner.py:104} INFO - Running: ['***', 'tasks', 'run', 'my_dag_name', 'print_the_context', 'scheduled__2021-09-17T00:00:00+00:00', '--job-id', '525', '--raw', '--subdir', 'DAGS_FOLDER/con.py', '--cfg-path', '/tmp/tmps3yim4yf']
[2025-04-01T14:44:31.032+0000] {standard_task_runner.py:105} INFO - Job 525: Subtask print_the_context
[2025-04-01T14:44:31.399+0000] {task_command.py:467} INFO - Running <TaskInstance: my_dag_name.print_the_context scheduled__2021-09-17T00:00:00+00:00 [running]> on host 900d630d7d5f
[2025-04-01T14:44:32.058+0000] {taskinstance.py:3134} INFO - Exporting env vars: AIRFLOW_CTX_DAG_OWNER='***' AIRFLOW_CTX_DAG_ID='my_dag_name' AIRFLOW_CTX_TASK_ID='print_the_context' AIRFLOW_CTX_EXECUTION_DATE='2021-09-17T00:00:00+00:00' AIRFLOW_CTX_TRY_NUMBER='1' AIRFLOW_CTX_DAG_RUN_ID='scheduled__2021-09-17T00:00:00+00:00'
[2025-04-01T14:44:32.078+0000] {logging_mixin.py:190} INFO - Task instance is in running state
[2025-04-01T14:44:32.113+0000] {logging_mixin.py:190} INFO -  Previous state of the Task instance: queued
[2025-04-01T14:44:32.114+0000] {logging_mixin.py:190} INFO - Current task name:print_the_context state:running start_date:2025-04-01 14:44:30.433862+00:00
[2025-04-01T14:44:32.114+0000] {logging_mixin.py:190} INFO - Dag name:my_dag_name and current dag run status:running
[2025-04-01T14:44:32.115+0000] {taskinstance.py:732} INFO - ::endgroup::
[2025-04-01T14:44:32.238+0000] {logging_mixin.py:190} INFO - {'conf': <Proxy at 0x776364cd3580 with factory functools.partial(<function lazy_mapping_from_context.<locals>._deprecated_proxy_factory at 0x77637ed11260>, 'conf', <***.configuration.AirflowConfigParser object at 0x7763844f8cb0>)>,
 'conn': None,
 'dag': <DAG: my_dag_name>,
 'dag_run': <DagRun my_dag_name @ 2021-09-17 00:00:00+00:00: scheduled__2021-09-17T00:00:00+00:00, state:running, queued_at: 2025-04-01 14:44:04.904990+00:00. externally triggered: False>,
 'data_interval_end': DateTime(2021, 9, 18, 0, 0, 0, tzinfo=Timezone('UTC')),
 'data_interval_start': DateTime(2021, 9, 17, 0, 0, 0, tzinfo=Timezone('UTC')),
 'ds_nodash': '20210917',
 'execution_date': <Proxy at 0x7763647b5000 with factory functools.partial(<function lazy_mapping_from_context.<locals>._deprecated_proxy_factory at 0x77637ed11260>, 'execution_date', DateTime(2021, 9, 17, 0, 0, 0, tzinfo=Timezone('UTC')))>,
 'expanded_ti_count': None,
 'inlet_events': InletEventsAccessors(_inlets=[], _datasets={}, _dataset_aliases={}, _session=<sqlalchemy.orm.session.Session object at 0x776383db4f50>),
 'inlets': [],
 'logical_date': DateTime(2021, 9, 17, 0, 0, 0, tzinfo=Timezone('UTC')),
 'macros': <module '***.macros' from '/home/***/.local/lib/python3.12/site-packages/***/macros/__init__.py'>,
 'map_index_template': None,
 'next_ds': <Proxy at 0x77636468ab00 with factory functools.partial(<function lazy_mapping_from_context.<locals>._deprecated_proxy_factory at 0x77637ed11260>, 'next_ds', '2021-09-18')>,
 'next_ds_nodash': <Proxy at 0x7763646ca340 with factory functools.partial(<function lazy_mapping_from_context.<locals>._deprecated_proxy_factory at 0x77637ed11260>, 'next_ds_nodash', '20210918')>,
 'next_execution_date': <Proxy at 0x7763646ca1c0 with factory functools.partial(<function lazy_mapping_from_context.<locals>._deprecated_proxy_factory at 0x77637ed11260>, 'next_execution_date', DateTime(2021, 9, 18, 0, 0, 0, tzinfo=Timezone('UTC')))>,
 'outlet_events': <***.utils.context.OutletEventAccessors object at 0x77636464ab10>,
 'outlets': [],
 'params': {},
 'prev_data_interval_end_success': DateTime(2021, 9, 16, 0, 0, 0, tzinfo=Timezone('UTC')),
 'prev_data_interval_start_success': DateTime(2021, 9, 15, 0, 0, 0, tzinfo=Timezone('UTC')),
 'prev_ds': <Proxy at 0x7763646ca400 with factory functools.partial(<function lazy_mapping_from_context.<locals>._deprecated_proxy_factory at 0x77637ed11260>, 'prev_ds', '2021-09-16')>,
 'prev_ds_nodash': <Proxy at 0x7763646ca540 with factory functools.partial(<function lazy_mapping_from_context.<locals>._deprecated_proxy_factory at 0x77637ed11260>, 'prev_ds_nodash', '20210916')>,
 'prev_end_date_success': DateTime(2025, 4, 1, 14, 44, 3, 192382, tzinfo=Timezone('UTC')),
 'prev_execution_date': <Proxy at 0x7763646ca580 with factory functools.partial(<function lazy_mapping_from_context.<locals>._deprecated_proxy_factory at 0x77637ed11260>, 'prev_execution_date', DateTime(2021, 9, 16, 0, 0, 0, tzinfo=Timezone('UTC')))>,
 'prev_execution_date_success': <Proxy at 0x7763646ca5c0 with factory functools.partial(<function lazy_mapping_from_context.<locals>._deprecated_proxy_factory at 0x77637ed11260>, 'prev_execution_date_success', DateTime(2021, 9, 15, 0, 0, 0, tzinfo=Timezone('UTC')))>,
 'prev_start_date_success': DateTime(2025, 4, 1, 14, 42, 32, 504740, tzinfo=Timezone('UTC')),
 'run_id': 'scheduled__2021-09-17T00:00:00+00:00',
 'task': <Task(_PythonDecoratedOperator): print_the_context>,
 'task_instance': <TaskInstance: my_dag_name.print_the_context scheduled__2021-09-17T00:00:00+00:00 [running]>,
 'task_instance_key_str': 'my_dag_name__print_the_context__20210917',
 'templates_dict': None,
 'test_mode': False,
 'ti': <TaskInstance: my_dag_name.print_the_context scheduled__2021-09-17T00:00:00+00:00 [running]>,
 'tomorrow_ds': <Proxy at 0x7763646ca600 with factory functools.partial(<function lazy_mapping_from_context.<locals>._deprecated_proxy_factory at 0x77637ed11260>, 'tomorrow_ds', '2021-09-18')>,
 'tomorrow_ds_nodash': <Proxy at 0x7763646ca640 with factory functools.partial(<function lazy_mapping_from_context.<locals>._deprecated_proxy_factory at 0x77637ed11260>, 'tomorrow_ds_nodash', '20210918')>,
 'triggering_dataset_events': <Proxy at 0x776364666080 with factory <function _get_template_context.<locals>.get_triggering_events at 0x776364632200>>,
 'ts': '2021-09-17T00:00:00+00:00',
 'ts_nodash': '20210917T000000',
 'ts_nodash_with_tz': '20210917T000000+0000',
 'var': {'json': None, 'value': None},
 'yesterday_ds': <Proxy at 0x7763646ca680 with factory functools.partial(<function lazy_mapping_from_context.<locals>._deprecated_proxy_factory at 0x77637ed11260>, 'yesterday_ds', '2021-09-16')>,
 'yesterday_ds_nodash': <Proxy at 0x7763646ca6c0 with factory functools.partial(<function lazy_mapping_from_context.<locals>._deprecated_proxy_factory at 0x77637ed11260>, 'yesterday_ds_nodash', '20210916')>}
[2025-04-01T14:44:32.239+0000] {logging_mixin.py:190} INFO - 2021-09-17
[2025-04-01T14:44:32.260+0000] {python.py:240} INFO - Done. Returned value was: Whatever you return gets printed in the logs
[2025-04-01T14:44:32.440+0000] {taskinstance.py:341} INFO - ::group::Post task execution logs
[2025-04-01T14:44:32.447+0000] {taskinstance.py:353} INFO - Marking task as SUCCESS. dag_id=my_dag_name, task_id=print_the_context, run_id=scheduled__2021-09-17T00:00:00+00:00, execution_date=20210917T000000, start_date=20250401T144430, end_date=20250401T144432
[2025-04-01T14:44:32.580+0000] {logging_mixin.py:190} INFO - Task instance in success state
[2025-04-01T14:44:32.581+0000] {logging_mixin.py:190} INFO -  Previous state of the Task instance: running
[2025-04-01T14:44:32.581+0000] {logging_mixin.py:190} INFO - Dag name:my_dag_name queued_at:2025-04-01 14:44:04.904990+00:00
[2025-04-01T14:44:32.582+0000] {logging_mixin.py:190} INFO - Task hostname:900d630d7d5f operator:_PythonDecoratedOperator
[2025-04-01T14:44:32.648+0000] {local_task_job_runner.py:266} INFO - Task exited with return code 0
[2025-04-01T14:44:32.792+0000] {taskinstance.py:3901} INFO - 1 downstream tasks scheduled from follow-on schedule check
[2025-04-01T14:44:32.799+0000] {local_task_job_runner.py:245} INFO - ::endgroup::
