[2025-04-02T08:01:11.427+0000] {local_task_job_runner.py:123} INFO - ::group::Pre task execution logs
[2025-04-02T08:01:11.595+0000] {taskinstance.py:2614} INFO - Dependencies all met for dep_context=non-requeueable deps ti=<TaskInstance: my_dag_name.print_the_context scheduled__2022-08-19T00:00:00+00:00 [queued]>
[2025-04-02T08:01:11.720+0000] {taskinstance.py:2614} INFO - Dependencies all met for dep_context=requeueable deps ti=<TaskInstance: my_dag_name.print_the_context scheduled__2022-08-19T00:00:00+00:00 [queued]>
[2025-04-02T08:01:11.722+0000] {taskinstance.py:2867} INFO - Starting attempt 1 of 1
[2025-04-02T08:01:11.874+0000] {taskinstance.py:2890} INFO - Executing <Task(_PythonDecoratedOperator): print_the_context> on 2022-08-19 00:00:00+00:00
[2025-04-02T08:01:12.009+0000] {warnings.py:112} WARNING - /home/***/.local/lib/python3.12/site-packages/***/task/task_runner/standard_task_runner.py:70: DeprecationWarning: This process (pid=5289) is multi-threaded, use of fork() may lead to deadlocks in the child.
  pid = os.fork()

[2025-04-02T08:01:12.024+0000] {standard_task_runner.py:72} INFO - Started process 5335 to run task
[2025-04-02T08:01:12.030+0000] {standard_task_runner.py:104} INFO - Running: ['***', 'tasks', 'run', 'my_dag_name', 'print_the_context', 'scheduled__2022-08-19T00:00:00+00:00', '--job-id', '1187', '--raw', '--subdir', 'DAGS_FOLDER/con.py', '--cfg-path', '/tmp/tmpeddzgcq5']
[2025-04-02T08:01:12.038+0000] {standard_task_runner.py:105} INFO - Job 1187: Subtask print_the_context
[2025-04-02T08:01:12.434+0000] {task_command.py:467} INFO - Running <TaskInstance: my_dag_name.print_the_context scheduled__2022-08-19T00:00:00+00:00 [running]> on host 900d630d7d5f
[2025-04-02T08:01:13.003+0000] {taskinstance.py:3134} INFO - Exporting env vars: AIRFLOW_CTX_DAG_OWNER='***' AIRFLOW_CTX_DAG_ID='my_dag_name' AIRFLOW_CTX_TASK_ID='print_the_context' AIRFLOW_CTX_EXECUTION_DATE='2022-08-19T00:00:00+00:00' AIRFLOW_CTX_TRY_NUMBER='1' AIRFLOW_CTX_DAG_RUN_ID='scheduled__2022-08-19T00:00:00+00:00'
[2025-04-02T08:01:13.012+0000] {logging_mixin.py:190} INFO - Task instance is in running state
[2025-04-02T08:01:13.013+0000] {logging_mixin.py:190} INFO -  Previous state of the Task instance: queued
[2025-04-02T08:01:13.021+0000] {logging_mixin.py:190} INFO - Current task name:print_the_context state:running start_date:2025-04-02 08:01:11.606417+00:00
[2025-04-02T08:01:13.025+0000] {logging_mixin.py:190} INFO - Dag name:my_dag_name and current dag run status:running
[2025-04-02T08:01:13.026+0000] {taskinstance.py:732} INFO - ::endgroup::
[2025-04-02T08:01:13.113+0000] {logging_mixin.py:190} INFO - {'conf': <Proxy at 0x7763646a3bc0 with factory functools.partial(<function lazy_mapping_from_context.<locals>._deprecated_proxy_factory at 0x77636464d4e0>, 'conf', <***.configuration.AirflowConfigParser object at 0x7763844f8cb0>)>,
 'conn': None,
 'dag': <DAG: my_dag_name>,
 'dag_run': <DagRun my_dag_name @ 2022-08-19 00:00:00+00:00: scheduled__2022-08-19T00:00:00+00:00, state:running, queued_at: 2025-04-02 08:00:43.920585+00:00. externally triggered: False>,
 'data_interval_end': DateTime(2022, 8, 20, 0, 0, 0, tzinfo=Timezone('UTC')),
 'data_interval_start': DateTime(2022, 8, 19, 0, 0, 0, tzinfo=Timezone('UTC')),
 'ds_nodash': '20220819',
 'execution_date': <Proxy at 0x7763646b6680 with factory functools.partial(<function lazy_mapping_from_context.<locals>._deprecated_proxy_factory at 0x77636464d4e0>, 'execution_date', DateTime(2022, 8, 19, 0, 0, 0, tzinfo=Timezone('UTC')))>,
 'expanded_ti_count': None,
 'inlet_events': InletEventsAccessors(_inlets=[], _datasets={}, _dataset_aliases={}, _session=<sqlalchemy.orm.session.Session object at 0x776383db6b70>),
 'inlets': [],
 'logical_date': DateTime(2022, 8, 19, 0, 0, 0, tzinfo=Timezone('UTC')),
 'macros': <module '***.macros' from '/home/***/.local/lib/python3.12/site-packages/***/macros/__init__.py'>,
 'map_index_template': None,
 'next_ds': <Proxy at 0x7763646b7200 with factory functools.partial(<function lazy_mapping_from_context.<locals>._deprecated_proxy_factory at 0x77636464d4e0>, 'next_ds', '2022-08-20')>,
 'next_ds_nodash': <Proxy at 0x7763648a7440 with factory functools.partial(<function lazy_mapping_from_context.<locals>._deprecated_proxy_factory at 0x77636464d4e0>, 'next_ds_nodash', '20220820')>,
 'next_execution_date': <Proxy at 0x7763646c1a80 with factory functools.partial(<function lazy_mapping_from_context.<locals>._deprecated_proxy_factory at 0x77636464d4e0>, 'next_execution_date', DateTime(2022, 8, 20, 0, 0, 0, tzinfo=Timezone('UTC')))>,
 'outlet_events': <***.utils.context.OutletEventAccessors object at 0x77636463e1b0>,
 'outlets': [],
 'params': {},
 'prev_data_interval_end_success': DateTime(2022, 8, 8, 0, 0, 0, tzinfo=Timezone('UTC')),
 'prev_data_interval_start_success': DateTime(2022, 8, 7, 0, 0, 0, tzinfo=Timezone('UTC')),
 'prev_ds': <Proxy at 0x7763646c08c0 with factory functools.partial(<function lazy_mapping_from_context.<locals>._deprecated_proxy_factory at 0x77636464d4e0>, 'prev_ds', '2022-08-18')>,
 'prev_ds_nodash': <Proxy at 0x7763646c0840 with factory functools.partial(<function lazy_mapping_from_context.<locals>._deprecated_proxy_factory at 0x77636464d4e0>, 'prev_ds_nodash', '20220818')>,
 'prev_end_date_success': DateTime(2025, 4, 2, 8, 0, 38, 133991, tzinfo=Timezone('UTC')),
 'prev_execution_date': <Proxy at 0x7763646c06c0 with factory functools.partial(<function lazy_mapping_from_context.<locals>._deprecated_proxy_factory at 0x77636464d4e0>, 'prev_execution_date', DateTime(2022, 8, 18, 0, 0, 0, tzinfo=Timezone('UTC')))>,
 'prev_execution_date_success': <Proxy at 0x7763646c0600 with factory functools.partial(<function lazy_mapping_from_context.<locals>._deprecated_proxy_factory at 0x77636464d4e0>, 'prev_execution_date_success', DateTime(2022, 8, 7, 0, 0, 0, tzinfo=Timezone('UTC')))>,
 'prev_start_date_success': DateTime(2025, 4, 2, 8, 0, 20, 524177, tzinfo=Timezone('UTC')),
 'run_id': 'scheduled__2022-08-19T00:00:00+00:00',
 'task': <Task(_PythonDecoratedOperator): print_the_context>,
 'task_instance': <TaskInstance: my_dag_name.print_the_context scheduled__2022-08-19T00:00:00+00:00 [running]>,
 'task_instance_key_str': 'my_dag_name__print_the_context__20220819',
 'templates_dict': None,
 'test_mode': False,
 'ti': <TaskInstance: my_dag_name.print_the_context scheduled__2022-08-19T00:00:00+00:00 [running]>,
 'tomorrow_ds': <Proxy at 0x7763646c0580 with factory functools.partial(<function lazy_mapping_from_context.<locals>._deprecated_proxy_factory at 0x77636464d4e0>, 'tomorrow_ds', '2022-08-20')>,
 'tomorrow_ds_nodash': <Proxy at 0x7763646c0540 with factory functools.partial(<function lazy_mapping_from_context.<locals>._deprecated_proxy_factory at 0x77636464d4e0>, 'tomorrow_ds_nodash', '20220820')>,
 'triggering_dataset_events': <Proxy at 0x77636465b600 with factory <function _get_template_context.<locals>.get_triggering_events at 0x77636464cfe0>>,
 'ts': '2022-08-19T00:00:00+00:00',
 'ts_nodash': '20220819T000000',
 'ts_nodash_with_tz': '20220819T000000+0000',
 'var': {'json': None, 'value': None},
 'yesterday_ds': <Proxy at 0x7763646c0500 with factory functools.partial(<function lazy_mapping_from_context.<locals>._deprecated_proxy_factory at 0x77636464d4e0>, 'yesterday_ds', '2022-08-18')>,
 'yesterday_ds_nodash': <Proxy at 0x7763646c04c0 with factory functools.partial(<function lazy_mapping_from_context.<locals>._deprecated_proxy_factory at 0x77636464d4e0>, 'yesterday_ds_nodash', '20220818')>}
[2025-04-02T08:01:13.114+0000] {logging_mixin.py:190} INFO - 2022-08-19
[2025-04-02T08:01:13.122+0000] {python.py:240} INFO - Done. Returned value was: Whatever you return gets printed in the logs
[2025-04-02T08:01:13.249+0000] {taskinstance.py:341} INFO - ::group::Post task execution logs
[2025-04-02T08:01:13.254+0000] {taskinstance.py:353} INFO - Marking task as SUCCESS. dag_id=my_dag_name, task_id=print_the_context, run_id=scheduled__2022-08-19T00:00:00+00:00, execution_date=20220819T000000, start_date=20250402T080111, end_date=20250402T080113
[2025-04-02T08:01:13.470+0000] {logging_mixin.py:190} INFO - Task instance in success state
[2025-04-02T08:01:13.470+0000] {logging_mixin.py:190} INFO -  Previous state of the Task instance: running
[2025-04-02T08:01:13.471+0000] {logging_mixin.py:190} INFO - Dag name:my_dag_name queued_at:2025-04-02 08:00:43.920585+00:00
[2025-04-02T08:01:13.471+0000] {logging_mixin.py:190} INFO - Task hostname:900d630d7d5f operator:_PythonDecoratedOperator
[2025-04-02T08:01:13.664+0000] {local_task_job_runner.py:266} INFO - Task exited with return code 0
[2025-04-02T08:01:13.724+0000] {local_task_job_runner.py:245} INFO - ::endgroup::
