[2025-04-02T07:56:13.352+0000] {processor.py:186} INFO - Started process (PID=6347) to work on /home/airflow/.local/lib/python3.12/site-packages/airflow/example_dags/example_sensors.py
[2025-04-02T07:56:13.359+0000] {processor.py:914} INFO - Processing file /home/airflow/.local/lib/python3.12/site-packages/airflow/example_dags/example_sensors.py for tasks to queue
[2025-04-02T07:56:13.370+0000] {logging_mixin.py:190} INFO - [2025-04-02T07:56:13.369+0000] {dagbag.py:588} INFO - Filling up the DagBag from /home/airflow/.local/lib/python3.12/site-packages/airflow/example_dags/example_sensors.py
[2025-04-02T07:56:13.431+0000] {processor.py:925} INFO - DAG(s) 'example_sensors' retrieved from /home/airflow/.local/lib/python3.12/site-packages/airflow/example_dags/example_sensors.py
[2025-04-02T07:56:13.575+0000] {logging_mixin.py:190} INFO - [2025-04-02T07:56:13.575+0000] {dag.py:3239} INFO - Sync 1 DAGs
[2025-04-02T07:56:13.638+0000] {logging_mixin.py:190} INFO - [2025-04-02T07:56:13.638+0000] {dag.py:4180} INFO - Setting next_dagrun for example_sensors to None, run_after=None
[2025-04-02T07:56:13.761+0000] {processor.py:208} INFO - Processing /home/airflow/.local/lib/python3.12/site-packages/airflow/example_dags/example_sensors.py took 0.442 seconds
[2025-04-02T07:56:44.374+0000] {processor.py:186} INFO - Started process (PID=6411) to work on /home/airflow/.local/lib/python3.12/site-packages/airflow/example_dags/example_sensors.py
[2025-04-02T07:56:44.379+0000] {processor.py:914} INFO - Processing file /home/airflow/.local/lib/python3.12/site-packages/airflow/example_dags/example_sensors.py for tasks to queue
[2025-04-02T07:56:44.387+0000] {logging_mixin.py:190} INFO - [2025-04-02T07:56:44.386+0000] {dagbag.py:588} INFO - Filling up the DagBag from /home/airflow/.local/lib/python3.12/site-packages/airflow/example_dags/example_sensors.py
[2025-04-02T07:56:44.451+0000] {processor.py:925} INFO - DAG(s) 'example_sensors' retrieved from /home/airflow/.local/lib/python3.12/site-packages/airflow/example_dags/example_sensors.py
[2025-04-02T07:56:44.534+0000] {logging_mixin.py:190} INFO - [2025-04-02T07:56:44.533+0000] {dag.py:3239} INFO - Sync 1 DAGs
[2025-04-02T07:56:44.567+0000] {logging_mixin.py:190} INFO - [2025-04-02T07:56:44.566+0000] {dag.py:4180} INFO - Setting next_dagrun for example_sensors to None, run_after=None
[2025-04-02T07:56:44.610+0000] {processor.py:208} INFO - Processing /home/airflow/.local/lib/python3.12/site-packages/airflow/example_dags/example_sensors.py took 0.291 seconds
[2025-04-02T07:57:15.327+0000] {processor.py:186} INFO - Started process (PID=6479) to work on /home/airflow/.local/lib/python3.12/site-packages/airflow/example_dags/example_sensors.py
[2025-04-02T07:57:15.335+0000] {processor.py:914} INFO - Processing file /home/airflow/.local/lib/python3.12/site-packages/airflow/example_dags/example_sensors.py for tasks to queue
[2025-04-02T07:57:15.347+0000] {logging_mixin.py:190} INFO - [2025-04-02T07:57:15.346+0000] {dagbag.py:588} INFO - Filling up the DagBag from /home/airflow/.local/lib/python3.12/site-packages/airflow/example_dags/example_sensors.py
[2025-04-02T07:57:15.437+0000] {processor.py:925} INFO - DAG(s) 'example_sensors' retrieved from /home/airflow/.local/lib/python3.12/site-packages/airflow/example_dags/example_sensors.py
[2025-04-02T07:57:15.564+0000] {logging_mixin.py:190} INFO - [2025-04-02T07:57:15.563+0000] {dag.py:3239} INFO - Sync 1 DAGs
[2025-04-02T07:57:15.654+0000] {logging_mixin.py:190} INFO - [2025-04-02T07:57:15.652+0000] {dag.py:4180} INFO - Setting next_dagrun for example_sensors to None, run_after=None
[2025-04-02T07:57:15.731+0000] {processor.py:208} INFO - Processing /home/airflow/.local/lib/python3.12/site-packages/airflow/example_dags/example_sensors.py took 0.456 seconds
[2025-04-02T07:57:46.209+0000] {processor.py:186} INFO - Started process (PID=6556) to work on /home/airflow/.local/lib/python3.12/site-packages/airflow/example_dags/example_sensors.py
[2025-04-02T07:57:46.220+0000] {processor.py:914} INFO - Processing file /home/airflow/.local/lib/python3.12/site-packages/airflow/example_dags/example_sensors.py for tasks to queue
[2025-04-02T07:57:46.237+0000] {logging_mixin.py:190} INFO - [2025-04-02T07:57:46.230+0000] {dagbag.py:588} INFO - Filling up the DagBag from /home/airflow/.local/lib/python3.12/site-packages/airflow/example_dags/example_sensors.py
[2025-04-02T07:57:46.342+0000] {processor.py:925} INFO - DAG(s) 'example_sensors' retrieved from /home/airflow/.local/lib/python3.12/site-packages/airflow/example_dags/example_sensors.py
[2025-04-02T07:57:46.540+0000] {logging_mixin.py:190} INFO - [2025-04-02T07:57:46.539+0000] {dag.py:3239} INFO - Sync 1 DAGs
[2025-04-02T07:57:46.601+0000] {logging_mixin.py:190} INFO - [2025-04-02T07:57:46.600+0000] {dag.py:4180} INFO - Setting next_dagrun for example_sensors to None, run_after=None
[2025-04-02T07:57:46.672+0000] {processor.py:208} INFO - Processing /home/airflow/.local/lib/python3.12/site-packages/airflow/example_dags/example_sensors.py took 0.514 seconds
[2025-04-02T07:58:17.427+0000] {processor.py:186} INFO - Started process (PID=6621) to work on /home/airflow/.local/lib/python3.12/site-packages/airflow/example_dags/example_sensors.py
[2025-04-02T07:58:17.429+0000] {processor.py:914} INFO - Processing file /home/airflow/.local/lib/python3.12/site-packages/airflow/example_dags/example_sensors.py for tasks to queue
[2025-04-02T07:58:17.437+0000] {logging_mixin.py:190} INFO - [2025-04-02T07:58:17.437+0000] {dagbag.py:588} INFO - Filling up the DagBag from /home/airflow/.local/lib/python3.12/site-packages/airflow/example_dags/example_sensors.py
[2025-04-02T07:58:17.493+0000] {processor.py:925} INFO - DAG(s) 'example_sensors' retrieved from /home/airflow/.local/lib/python3.12/site-packages/airflow/example_dags/example_sensors.py
[2025-04-02T07:58:17.588+0000] {logging_mixin.py:190} INFO - [2025-04-02T07:58:17.587+0000] {dag.py:3239} INFO - Sync 1 DAGs
[2025-04-02T07:58:17.658+0000] {logging_mixin.py:190} INFO - [2025-04-02T07:58:17.658+0000] {dag.py:4180} INFO - Setting next_dagrun for example_sensors to None, run_after=None
[2025-04-02T07:58:17.714+0000] {processor.py:208} INFO - Processing /home/airflow/.local/lib/python3.12/site-packages/airflow/example_dags/example_sensors.py took 0.309 seconds
[2025-04-02T07:58:47.848+0000] {processor.py:186} INFO - Started process (PID=6684) to work on /home/airflow/.local/lib/python3.12/site-packages/airflow/example_dags/example_sensors.py
[2025-04-02T07:58:47.851+0000] {processor.py:914} INFO - Processing file /home/airflow/.local/lib/python3.12/site-packages/airflow/example_dags/example_sensors.py for tasks to queue
[2025-04-02T07:58:47.861+0000] {logging_mixin.py:190} INFO - [2025-04-02T07:58:47.860+0000] {dagbag.py:588} INFO - Filling up the DagBag from /home/airflow/.local/lib/python3.12/site-packages/airflow/example_dags/example_sensors.py
[2025-04-02T07:58:47.923+0000] {processor.py:925} INFO - DAG(s) 'example_sensors' retrieved from /home/airflow/.local/lib/python3.12/site-packages/airflow/example_dags/example_sensors.py
[2025-04-02T07:58:48.044+0000] {logging_mixin.py:190} INFO - [2025-04-02T07:58:48.044+0000] {dag.py:3239} INFO - Sync 1 DAGs
[2025-04-02T07:58:48.098+0000] {logging_mixin.py:190} INFO - [2025-04-02T07:58:48.097+0000] {dag.py:4180} INFO - Setting next_dagrun for example_sensors to None, run_after=None
[2025-04-02T07:58:48.150+0000] {processor.py:208} INFO - Processing /home/airflow/.local/lib/python3.12/site-packages/airflow/example_dags/example_sensors.py took 0.335 seconds
[2025-04-02T07:59:18.624+0000] {processor.py:186} INFO - Started process (PID=6762) to work on /home/airflow/.local/lib/python3.12/site-packages/airflow/example_dags/example_sensors.py
[2025-04-02T07:59:18.626+0000] {processor.py:914} INFO - Processing file /home/airflow/.local/lib/python3.12/site-packages/airflow/example_dags/example_sensors.py for tasks to queue
[2025-04-02T07:59:18.635+0000] {logging_mixin.py:190} INFO - [2025-04-02T07:59:18.634+0000] {dagbag.py:588} INFO - Filling up the DagBag from /home/airflow/.local/lib/python3.12/site-packages/airflow/example_dags/example_sensors.py
[2025-04-02T07:59:18.694+0000] {processor.py:925} INFO - DAG(s) 'example_sensors' retrieved from /home/airflow/.local/lib/python3.12/site-packages/airflow/example_dags/example_sensors.py
[2025-04-02T07:59:18.815+0000] {logging_mixin.py:190} INFO - [2025-04-02T07:59:18.815+0000] {dag.py:3239} INFO - Sync 1 DAGs
[2025-04-02T07:59:18.849+0000] {logging_mixin.py:190} INFO - [2025-04-02T07:59:18.848+0000] {dag.py:4180} INFO - Setting next_dagrun for example_sensors to None, run_after=None
[2025-04-02T07:59:18.901+0000] {processor.py:208} INFO - Processing /home/airflow/.local/lib/python3.12/site-packages/airflow/example_dags/example_sensors.py took 0.312 seconds
[2025-04-02T07:59:49.566+0000] {processor.py:186} INFO - Started process (PID=6834) to work on /home/airflow/.local/lib/python3.12/site-packages/airflow/example_dags/example_sensors.py
[2025-04-02T07:59:49.568+0000] {processor.py:914} INFO - Processing file /home/airflow/.local/lib/python3.12/site-packages/airflow/example_dags/example_sensors.py for tasks to queue
[2025-04-02T07:59:49.574+0000] {logging_mixin.py:190} INFO - [2025-04-02T07:59:49.573+0000] {dagbag.py:588} INFO - Filling up the DagBag from /home/airflow/.local/lib/python3.12/site-packages/airflow/example_dags/example_sensors.py
[2025-04-02T07:59:49.609+0000] {processor.py:925} INFO - DAG(s) 'example_sensors' retrieved from /home/airflow/.local/lib/python3.12/site-packages/airflow/example_dags/example_sensors.py
[2025-04-02T07:59:49.676+0000] {logging_mixin.py:190} INFO - [2025-04-02T07:59:49.675+0000] {dag.py:3239} INFO - Sync 1 DAGs
[2025-04-02T07:59:49.713+0000] {logging_mixin.py:190} INFO - [2025-04-02T07:59:49.712+0000] {dag.py:4180} INFO - Setting next_dagrun for example_sensors to None, run_after=None
[2025-04-02T07:59:49.760+0000] {processor.py:208} INFO - Processing /home/airflow/.local/lib/python3.12/site-packages/airflow/example_dags/example_sensors.py took 0.211 seconds
[2025-04-02T08:00:20.227+0000] {processor.py:186} INFO - Started process (PID=6914) to work on /home/airflow/.local/lib/python3.12/site-packages/airflow/example_dags/example_sensors.py
[2025-04-02T08:00:20.228+0000] {processor.py:914} INFO - Processing file /home/airflow/.local/lib/python3.12/site-packages/airflow/example_dags/example_sensors.py for tasks to queue
[2025-04-02T08:00:20.237+0000] {logging_mixin.py:190} INFO - [2025-04-02T08:00:20.236+0000] {dagbag.py:588} INFO - Filling up the DagBag from /home/airflow/.local/lib/python3.12/site-packages/airflow/example_dags/example_sensors.py
[2025-04-02T08:00:20.283+0000] {processor.py:925} INFO - DAG(s) 'example_sensors' retrieved from /home/airflow/.local/lib/python3.12/site-packages/airflow/example_dags/example_sensors.py
[2025-04-02T08:00:20.376+0000] {logging_mixin.py:190} INFO - [2025-04-02T08:00:20.376+0000] {dag.py:3239} INFO - Sync 1 DAGs
[2025-04-02T08:00:20.425+0000] {logging_mixin.py:190} INFO - [2025-04-02T08:00:20.424+0000] {dag.py:4180} INFO - Setting next_dagrun for example_sensors to None, run_after=None
[2025-04-02T08:00:20.470+0000] {processor.py:208} INFO - Processing /home/airflow/.local/lib/python3.12/site-packages/airflow/example_dags/example_sensors.py took 0.268 seconds
[2025-04-02T08:00:50.910+0000] {processor.py:186} INFO - Started process (PID=6987) to work on /home/airflow/.local/lib/python3.12/site-packages/airflow/example_dags/example_sensors.py
[2025-04-02T08:00:50.917+0000] {processor.py:914} INFO - Processing file /home/airflow/.local/lib/python3.12/site-packages/airflow/example_dags/example_sensors.py for tasks to queue
[2025-04-02T08:00:50.925+0000] {logging_mixin.py:190} INFO - [2025-04-02T08:00:50.925+0000] {dagbag.py:588} INFO - Filling up the DagBag from /home/airflow/.local/lib/python3.12/site-packages/airflow/example_dags/example_sensors.py
[2025-04-02T08:00:50.970+0000] {processor.py:925} INFO - DAG(s) 'example_sensors' retrieved from /home/airflow/.local/lib/python3.12/site-packages/airflow/example_dags/example_sensors.py
[2025-04-02T08:00:51.086+0000] {logging_mixin.py:190} INFO - [2025-04-02T08:00:51.086+0000] {dag.py:3239} INFO - Sync 1 DAGs
[2025-04-02T08:00:51.160+0000] {logging_mixin.py:190} INFO - [2025-04-02T08:00:51.160+0000] {dag.py:4180} INFO - Setting next_dagrun for example_sensors to None, run_after=None
[2025-04-02T08:00:51.234+0000] {processor.py:208} INFO - Processing /home/airflow/.local/lib/python3.12/site-packages/airflow/example_dags/example_sensors.py took 0.355 seconds
[2025-04-02T08:01:21.488+0000] {processor.py:186} INFO - Started process (PID=7071) to work on /home/airflow/.local/lib/python3.12/site-packages/airflow/example_dags/example_sensors.py
[2025-04-02T08:01:21.490+0000] {processor.py:914} INFO - Processing file /home/airflow/.local/lib/python3.12/site-packages/airflow/example_dags/example_sensors.py for tasks to queue
[2025-04-02T08:01:21.499+0000] {logging_mixin.py:190} INFO - [2025-04-02T08:01:21.496+0000] {dagbag.py:588} INFO - Filling up the DagBag from /home/airflow/.local/lib/python3.12/site-packages/airflow/example_dags/example_sensors.py
[2025-04-02T08:01:21.532+0000] {processor.py:925} INFO - DAG(s) 'example_sensors' retrieved from /home/airflow/.local/lib/python3.12/site-packages/airflow/example_dags/example_sensors.py
[2025-04-02T08:01:21.621+0000] {logging_mixin.py:190} INFO - [2025-04-02T08:01:21.621+0000] {dag.py:3239} INFO - Sync 1 DAGs
[2025-04-02T08:01:21.658+0000] {logging_mixin.py:190} INFO - [2025-04-02T08:01:21.658+0000] {dag.py:4180} INFO - Setting next_dagrun for example_sensors to None, run_after=None
[2025-04-02T08:01:21.705+0000] {processor.py:208} INFO - Processing /home/airflow/.local/lib/python3.12/site-packages/airflow/example_dags/example_sensors.py took 0.232 seconds
[2025-04-02T08:01:52.364+0000] {processor.py:186} INFO - Started process (PID=7140) to work on /home/airflow/.local/lib/python3.12/site-packages/airflow/example_dags/example_sensors.py
[2025-04-02T08:01:52.369+0000] {processor.py:914} INFO - Processing file /home/airflow/.local/lib/python3.12/site-packages/airflow/example_dags/example_sensors.py for tasks to queue
[2025-04-02T08:01:52.377+0000] {logging_mixin.py:190} INFO - [2025-04-02T08:01:52.373+0000] {dagbag.py:588} INFO - Filling up the DagBag from /home/airflow/.local/lib/python3.12/site-packages/airflow/example_dags/example_sensors.py
[2025-04-02T08:01:52.413+0000] {processor.py:925} INFO - DAG(s) 'example_sensors' retrieved from /home/airflow/.local/lib/python3.12/site-packages/airflow/example_dags/example_sensors.py
[2025-04-02T08:01:52.498+0000] {logging_mixin.py:190} INFO - [2025-04-02T08:01:52.498+0000] {dag.py:3239} INFO - Sync 1 DAGs
[2025-04-02T08:01:52.538+0000] {logging_mixin.py:190} INFO - [2025-04-02T08:01:52.537+0000] {dag.py:4180} INFO - Setting next_dagrun for example_sensors to None, run_after=None
[2025-04-02T08:01:52.580+0000] {processor.py:208} INFO - Processing /home/airflow/.local/lib/python3.12/site-packages/airflow/example_dags/example_sensors.py took 0.238 seconds
[2025-04-02T08:02:22.978+0000] {processor.py:186} INFO - Started process (PID=7226) to work on /home/airflow/.local/lib/python3.12/site-packages/airflow/example_dags/example_sensors.py
[2025-04-02T08:02:22.979+0000] {processor.py:914} INFO - Processing file /home/airflow/.local/lib/python3.12/site-packages/airflow/example_dags/example_sensors.py for tasks to queue
[2025-04-02T08:02:22.989+0000] {logging_mixin.py:190} INFO - [2025-04-02T08:02:22.988+0000] {dagbag.py:588} INFO - Filling up the DagBag from /home/airflow/.local/lib/python3.12/site-packages/airflow/example_dags/example_sensors.py
[2025-04-02T08:02:23.026+0000] {processor.py:925} INFO - DAG(s) 'example_sensors' retrieved from /home/airflow/.local/lib/python3.12/site-packages/airflow/example_dags/example_sensors.py
[2025-04-02T08:02:23.106+0000] {logging_mixin.py:190} INFO - [2025-04-02T08:02:23.105+0000] {dag.py:3239} INFO - Sync 1 DAGs
[2025-04-02T08:02:23.144+0000] {logging_mixin.py:190} INFO - [2025-04-02T08:02:23.143+0000] {dag.py:4180} INFO - Setting next_dagrun for example_sensors to None, run_after=None
[2025-04-02T08:02:23.187+0000] {processor.py:208} INFO - Processing /home/airflow/.local/lib/python3.12/site-packages/airflow/example_dags/example_sensors.py took 0.234 seconds
[2025-04-02T08:02:53.824+0000] {processor.py:186} INFO - Started process (PID=7294) to work on /home/airflow/.local/lib/python3.12/site-packages/airflow/example_dags/example_sensors.py
[2025-04-02T08:02:53.832+0000] {processor.py:914} INFO - Processing file /home/airflow/.local/lib/python3.12/site-packages/airflow/example_dags/example_sensors.py for tasks to queue
[2025-04-02T08:02:53.841+0000] {logging_mixin.py:190} INFO - [2025-04-02T08:02:53.840+0000] {dagbag.py:588} INFO - Filling up the DagBag from /home/airflow/.local/lib/python3.12/site-packages/airflow/example_dags/example_sensors.py
[2025-04-02T08:02:53.896+0000] {processor.py:925} INFO - DAG(s) 'example_sensors' retrieved from /home/airflow/.local/lib/python3.12/site-packages/airflow/example_dags/example_sensors.py
[2025-04-02T08:02:53.998+0000] {logging_mixin.py:190} INFO - [2025-04-02T08:02:53.998+0000] {dag.py:3239} INFO - Sync 1 DAGs
[2025-04-02T08:02:54.044+0000] {logging_mixin.py:190} INFO - [2025-04-02T08:02:54.041+0000] {dag.py:4180} INFO - Setting next_dagrun for example_sensors to None, run_after=None
[2025-04-02T08:02:54.115+0000] {processor.py:208} INFO - Processing /home/airflow/.local/lib/python3.12/site-packages/airflow/example_dags/example_sensors.py took 0.307 seconds
[2025-04-02T08:03:24.463+0000] {processor.py:186} INFO - Started process (PID=7372) to work on /home/airflow/.local/lib/python3.12/site-packages/airflow/example_dags/example_sensors.py
[2025-04-02T08:03:24.467+0000] {processor.py:914} INFO - Processing file /home/airflow/.local/lib/python3.12/site-packages/airflow/example_dags/example_sensors.py for tasks to queue
[2025-04-02T08:03:24.476+0000] {logging_mixin.py:190} INFO - [2025-04-02T08:03:24.475+0000] {dagbag.py:588} INFO - Filling up the DagBag from /home/airflow/.local/lib/python3.12/site-packages/airflow/example_dags/example_sensors.py
[2025-04-02T08:03:24.546+0000] {processor.py:925} INFO - DAG(s) 'example_sensors' retrieved from /home/airflow/.local/lib/python3.12/site-packages/airflow/example_dags/example_sensors.py
[2025-04-02T08:03:24.720+0000] {logging_mixin.py:190} INFO - [2025-04-02T08:03:24.720+0000] {dag.py:3239} INFO - Sync 1 DAGs
[2025-04-02T08:03:24.809+0000] {logging_mixin.py:190} INFO - [2025-04-02T08:03:24.808+0000] {dag.py:4180} INFO - Setting next_dagrun for example_sensors to None, run_after=None
[2025-04-02T08:03:24.898+0000] {processor.py:208} INFO - Processing /home/airflow/.local/lib/python3.12/site-packages/airflow/example_dags/example_sensors.py took 0.471 seconds
[2025-04-02T08:03:55.795+0000] {processor.py:186} INFO - Started process (PID=7441) to work on /home/airflow/.local/lib/python3.12/site-packages/airflow/example_dags/example_sensors.py
[2025-04-02T08:03:55.797+0000] {processor.py:914} INFO - Processing file /home/airflow/.local/lib/python3.12/site-packages/airflow/example_dags/example_sensors.py for tasks to queue
[2025-04-02T08:03:55.804+0000] {logging_mixin.py:190} INFO - [2025-04-02T08:03:55.803+0000] {dagbag.py:588} INFO - Filling up the DagBag from /home/airflow/.local/lib/python3.12/site-packages/airflow/example_dags/example_sensors.py
[2025-04-02T08:03:55.840+0000] {processor.py:925} INFO - DAG(s) 'example_sensors' retrieved from /home/airflow/.local/lib/python3.12/site-packages/airflow/example_dags/example_sensors.py
[2025-04-02T08:03:55.949+0000] {logging_mixin.py:190} INFO - [2025-04-02T08:03:55.948+0000] {dag.py:3239} INFO - Sync 1 DAGs
[2025-04-02T08:03:56.009+0000] {logging_mixin.py:190} INFO - [2025-04-02T08:03:56.007+0000] {dag.py:4180} INFO - Setting next_dagrun for example_sensors to None, run_after=None
[2025-04-02T08:03:56.072+0000] {processor.py:208} INFO - Processing /home/airflow/.local/lib/python3.12/site-packages/airflow/example_dags/example_sensors.py took 0.304 seconds
[2025-04-02T08:04:26.581+0000] {processor.py:186} INFO - Started process (PID=7518) to work on /home/airflow/.local/lib/python3.12/site-packages/airflow/example_dags/example_sensors.py
[2025-04-02T08:04:26.585+0000] {processor.py:914} INFO - Processing file /home/airflow/.local/lib/python3.12/site-packages/airflow/example_dags/example_sensors.py for tasks to queue
[2025-04-02T08:04:26.594+0000] {logging_mixin.py:190} INFO - [2025-04-02T08:04:26.593+0000] {dagbag.py:588} INFO - Filling up the DagBag from /home/airflow/.local/lib/python3.12/site-packages/airflow/example_dags/example_sensors.py
[2025-04-02T08:04:26.654+0000] {processor.py:925} INFO - DAG(s) 'example_sensors' retrieved from /home/airflow/.local/lib/python3.12/site-packages/airflow/example_dags/example_sensors.py
[2025-04-02T08:04:26.790+0000] {logging_mixin.py:190} INFO - [2025-04-02T08:04:26.790+0000] {dag.py:3239} INFO - Sync 1 DAGs
[2025-04-02T08:04:26.863+0000] {logging_mixin.py:190} INFO - [2025-04-02T08:04:26.860+0000] {dag.py:4180} INFO - Setting next_dagrun for example_sensors to None, run_after=None
[2025-04-02T08:04:26.927+0000] {processor.py:208} INFO - Processing /home/airflow/.local/lib/python3.12/site-packages/airflow/example_dags/example_sensors.py took 0.374 seconds
[2025-04-02T08:04:57.286+0000] {processor.py:186} INFO - Started process (PID=7590) to work on /home/airflow/.local/lib/python3.12/site-packages/airflow/example_dags/example_sensors.py
[2025-04-02T08:04:57.291+0000] {processor.py:914} INFO - Processing file /home/airflow/.local/lib/python3.12/site-packages/airflow/example_dags/example_sensors.py for tasks to queue
[2025-04-02T08:04:57.304+0000] {logging_mixin.py:190} INFO - [2025-04-02T08:04:57.303+0000] {dagbag.py:588} INFO - Filling up the DagBag from /home/airflow/.local/lib/python3.12/site-packages/airflow/example_dags/example_sensors.py
[2025-04-02T08:04:57.347+0000] {processor.py:925} INFO - DAG(s) 'example_sensors' retrieved from /home/airflow/.local/lib/python3.12/site-packages/airflow/example_dags/example_sensors.py
[2025-04-02T08:04:57.415+0000] {logging_mixin.py:190} INFO - [2025-04-02T08:04:57.415+0000] {dag.py:3239} INFO - Sync 1 DAGs
[2025-04-02T08:04:57.449+0000] {logging_mixin.py:190} INFO - [2025-04-02T08:04:57.448+0000] {dag.py:4180} INFO - Setting next_dagrun for example_sensors to None, run_after=None
[2025-04-02T08:04:57.492+0000] {processor.py:208} INFO - Processing /home/airflow/.local/lib/python3.12/site-packages/airflow/example_dags/example_sensors.py took 0.225 seconds
[2025-04-02T08:05:27.710+0000] {processor.py:186} INFO - Started process (PID=7655) to work on /home/airflow/.local/lib/python3.12/site-packages/airflow/example_dags/example_sensors.py
[2025-04-02T08:05:27.713+0000] {processor.py:914} INFO - Processing file /home/airflow/.local/lib/python3.12/site-packages/airflow/example_dags/example_sensors.py for tasks to queue
[2025-04-02T08:05:27.721+0000] {logging_mixin.py:190} INFO - [2025-04-02T08:05:27.721+0000] {dagbag.py:588} INFO - Filling up the DagBag from /home/airflow/.local/lib/python3.12/site-packages/airflow/example_dags/example_sensors.py
[2025-04-02T08:05:27.759+0000] {processor.py:925} INFO - DAG(s) 'example_sensors' retrieved from /home/airflow/.local/lib/python3.12/site-packages/airflow/example_dags/example_sensors.py
[2025-04-02T08:05:27.833+0000] {logging_mixin.py:190} INFO - [2025-04-02T08:05:27.833+0000] {dag.py:3239} INFO - Sync 1 DAGs
[2025-04-02T08:05:27.882+0000] {logging_mixin.py:190} INFO - [2025-04-02T08:05:27.879+0000] {dag.py:4180} INFO - Setting next_dagrun for example_sensors to None, run_after=None
[2025-04-02T08:05:27.938+0000] {processor.py:208} INFO - Processing /home/airflow/.local/lib/python3.12/site-packages/airflow/example_dags/example_sensors.py took 0.249 seconds
[2025-04-02T08:05:58.351+0000] {processor.py:186} INFO - Started process (PID=7732) to work on /home/airflow/.local/lib/python3.12/site-packages/airflow/example_dags/example_sensors.py
[2025-04-02T08:05:58.355+0000] {processor.py:914} INFO - Processing file /home/airflow/.local/lib/python3.12/site-packages/airflow/example_dags/example_sensors.py for tasks to queue
[2025-04-02T08:05:58.367+0000] {logging_mixin.py:190} INFO - [2025-04-02T08:05:58.367+0000] {dagbag.py:588} INFO - Filling up the DagBag from /home/airflow/.local/lib/python3.12/site-packages/airflow/example_dags/example_sensors.py
[2025-04-02T08:05:58.520+0000] {processor.py:925} INFO - DAG(s) 'example_sensors' retrieved from /home/airflow/.local/lib/python3.12/site-packages/airflow/example_dags/example_sensors.py
[2025-04-02T08:05:58.645+0000] {logging_mixin.py:190} INFO - [2025-04-02T08:05:58.644+0000] {dag.py:3239} INFO - Sync 1 DAGs
[2025-04-02T08:05:58.785+0000] {logging_mixin.py:190} INFO - [2025-04-02T08:05:58.781+0000] {dag.py:4180} INFO - Setting next_dagrun for example_sensors to None, run_after=None
[2025-04-02T08:05:58.986+0000] {processor.py:208} INFO - Processing /home/airflow/.local/lib/python3.12/site-packages/airflow/example_dags/example_sensors.py took 0.704 seconds
[2025-04-02T08:06:36.234+0000] {processor.py:186} INFO - Started process (PID=7802) to work on /home/airflow/.local/lib/python3.12/site-packages/airflow/example_dags/example_sensors.py
[2025-04-02T08:06:36.237+0000] {processor.py:914} INFO - Processing file /home/airflow/.local/lib/python3.12/site-packages/airflow/example_dags/example_sensors.py for tasks to queue
[2025-04-02T08:06:36.248+0000] {logging_mixin.py:190} INFO - [2025-04-02T08:06:36.247+0000] {dagbag.py:588} INFO - Filling up the DagBag from /home/airflow/.local/lib/python3.12/site-packages/airflow/example_dags/example_sensors.py
[2025-04-02T08:06:36.318+0000] {processor.py:925} INFO - DAG(s) 'example_sensors' retrieved from /home/airflow/.local/lib/python3.12/site-packages/airflow/example_dags/example_sensors.py
[2025-04-02T08:06:36.554+0000] {logging_mixin.py:190} INFO - [2025-04-02T08:06:36.553+0000] {dag.py:3239} INFO - Sync 1 DAGs
[2025-04-02T08:06:36.634+0000] {logging_mixin.py:190} INFO - [2025-04-02T08:06:36.633+0000] {dag.py:4180} INFO - Setting next_dagrun for example_sensors to None, run_after=None
[2025-04-02T08:06:36.730+0000] {processor.py:208} INFO - Processing /home/airflow/.local/lib/python3.12/site-packages/airflow/example_dags/example_sensors.py took 0.537 seconds
[2025-04-02T08:07:06.932+0000] {processor.py:186} INFO - Started process (PID=7866) to work on /home/airflow/.local/lib/python3.12/site-packages/airflow/example_dags/example_sensors.py
[2025-04-02T08:07:06.935+0000] {processor.py:914} INFO - Processing file /home/airflow/.local/lib/python3.12/site-packages/airflow/example_dags/example_sensors.py for tasks to queue
[2025-04-02T08:07:06.943+0000] {logging_mixin.py:190} INFO - [2025-04-02T08:07:06.942+0000] {dagbag.py:588} INFO - Filling up the DagBag from /home/airflow/.local/lib/python3.12/site-packages/airflow/example_dags/example_sensors.py
[2025-04-02T08:07:06.982+0000] {processor.py:925} INFO - DAG(s) 'example_sensors' retrieved from /home/airflow/.local/lib/python3.12/site-packages/airflow/example_dags/example_sensors.py
[2025-04-02T08:07:07.109+0000] {logging_mixin.py:190} INFO - [2025-04-02T08:07:07.108+0000] {dag.py:3239} INFO - Sync 1 DAGs
[2025-04-02T08:07:07.159+0000] {logging_mixin.py:190} INFO - [2025-04-02T08:07:07.159+0000] {dag.py:4180} INFO - Setting next_dagrun for example_sensors to None, run_after=None
[2025-04-02T08:07:07.212+0000] {processor.py:208} INFO - Processing /home/airflow/.local/lib/python3.12/site-packages/airflow/example_dags/example_sensors.py took 0.299 seconds
[2025-04-02T08:07:37.910+0000] {processor.py:186} INFO - Started process (PID=7955) to work on /home/airflow/.local/lib/python3.12/site-packages/airflow/example_dags/example_sensors.py
[2025-04-02T08:07:37.913+0000] {processor.py:914} INFO - Processing file /home/airflow/.local/lib/python3.12/site-packages/airflow/example_dags/example_sensors.py for tasks to queue
[2025-04-02T08:07:37.920+0000] {logging_mixin.py:190} INFO - [2025-04-02T08:07:37.919+0000] {dagbag.py:588} INFO - Filling up the DagBag from /home/airflow/.local/lib/python3.12/site-packages/airflow/example_dags/example_sensors.py
[2025-04-02T08:07:37.954+0000] {processor.py:925} INFO - DAG(s) 'example_sensors' retrieved from /home/airflow/.local/lib/python3.12/site-packages/airflow/example_dags/example_sensors.py
[2025-04-02T08:07:38.025+0000] {logging_mixin.py:190} INFO - [2025-04-02T08:07:38.024+0000] {dag.py:3239} INFO - Sync 1 DAGs
[2025-04-02T08:07:38.061+0000] {logging_mixin.py:190} INFO - [2025-04-02T08:07:38.060+0000] {dag.py:4180} INFO - Setting next_dagrun for example_sensors to None, run_after=None
[2025-04-02T08:07:38.105+0000] {processor.py:208} INFO - Processing /home/airflow/.local/lib/python3.12/site-packages/airflow/example_dags/example_sensors.py took 0.210 seconds
[2025-04-02T08:08:09.319+0000] {processor.py:186} INFO - Started process (PID=8016) to work on /home/airflow/.local/lib/python3.12/site-packages/airflow/example_dags/example_sensors.py
[2025-04-02T08:08:09.321+0000] {processor.py:914} INFO - Processing file /home/airflow/.local/lib/python3.12/site-packages/airflow/example_dags/example_sensors.py for tasks to queue
[2025-04-02T08:08:09.329+0000] {logging_mixin.py:190} INFO - [2025-04-02T08:08:09.328+0000] {dagbag.py:588} INFO - Filling up the DagBag from /home/airflow/.local/lib/python3.12/site-packages/airflow/example_dags/example_sensors.py
[2025-04-02T08:08:09.395+0000] {processor.py:925} INFO - DAG(s) 'example_sensors' retrieved from /home/airflow/.local/lib/python3.12/site-packages/airflow/example_dags/example_sensors.py
[2025-04-02T08:08:09.525+0000] {logging_mixin.py:190} INFO - [2025-04-02T08:08:09.524+0000] {dag.py:3239} INFO - Sync 1 DAGs
[2025-04-02T08:08:09.599+0000] {logging_mixin.py:190} INFO - [2025-04-02T08:08:09.598+0000] {dag.py:4180} INFO - Setting next_dagrun for example_sensors to None, run_after=None
[2025-04-02T08:08:09.678+0000] {processor.py:208} INFO - Processing /home/airflow/.local/lib/python3.12/site-packages/airflow/example_dags/example_sensors.py took 0.387 seconds
[2025-04-02T08:08:40.413+0000] {processor.py:186} INFO - Started process (PID=8087) to work on /home/airflow/.local/lib/python3.12/site-packages/airflow/example_dags/example_sensors.py
[2025-04-02T08:08:40.418+0000] {processor.py:914} INFO - Processing file /home/airflow/.local/lib/python3.12/site-packages/airflow/example_dags/example_sensors.py for tasks to queue
[2025-04-02T08:08:40.432+0000] {logging_mixin.py:190} INFO - [2025-04-02T08:08:40.428+0000] {dagbag.py:588} INFO - Filling up the DagBag from /home/airflow/.local/lib/python3.12/site-packages/airflow/example_dags/example_sensors.py
[2025-04-02T08:08:40.491+0000] {processor.py:925} INFO - DAG(s) 'example_sensors' retrieved from /home/airflow/.local/lib/python3.12/site-packages/airflow/example_dags/example_sensors.py
[2025-04-02T08:08:40.610+0000] {logging_mixin.py:190} INFO - [2025-04-02T08:08:40.610+0000] {dag.py:3239} INFO - Sync 1 DAGs
[2025-04-02T08:08:40.681+0000] {logging_mixin.py:190} INFO - [2025-04-02T08:08:40.680+0000] {dag.py:4180} INFO - Setting next_dagrun for example_sensors to None, run_after=None
[2025-04-02T08:08:40.757+0000] {processor.py:208} INFO - Processing /home/airflow/.local/lib/python3.12/site-packages/airflow/example_dags/example_sensors.py took 0.374 seconds
[2025-04-02T08:09:13.856+0000] {processor.py:186} INFO - Started process (PID=8156) to work on /home/airflow/.local/lib/python3.12/site-packages/airflow/example_dags/example_sensors.py
[2025-04-02T08:09:13.860+0000] {processor.py:914} INFO - Processing file /home/airflow/.local/lib/python3.12/site-packages/airflow/example_dags/example_sensors.py for tasks to queue
[2025-04-02T08:09:13.868+0000] {logging_mixin.py:190} INFO - [2025-04-02T08:09:13.867+0000] {dagbag.py:588} INFO - Filling up the DagBag from /home/airflow/.local/lib/python3.12/site-packages/airflow/example_dags/example_sensors.py
[2025-04-02T08:09:13.942+0000] {processor.py:925} INFO - DAG(s) 'example_sensors' retrieved from /home/airflow/.local/lib/python3.12/site-packages/airflow/example_dags/example_sensors.py
[2025-04-02T08:09:14.194+0000] {logging_mixin.py:190} INFO - [2025-04-02T08:09:14.194+0000] {dag.py:3239} INFO - Sync 1 DAGs
[2025-04-02T08:09:14.362+0000] {logging_mixin.py:190} INFO - [2025-04-02T08:09:14.346+0000] {dag.py:4180} INFO - Setting next_dagrun for example_sensors to None, run_after=None
[2025-04-02T08:09:14.531+0000] {processor.py:208} INFO - Processing /home/airflow/.local/lib/python3.12/site-packages/airflow/example_dags/example_sensors.py took 0.701 seconds
[2025-04-02T08:09:44.748+0000] {processor.py:186} INFO - Started process (PID=8228) to work on /home/airflow/.local/lib/python3.12/site-packages/airflow/example_dags/example_sensors.py
[2025-04-02T08:09:44.753+0000] {processor.py:914} INFO - Processing file /home/airflow/.local/lib/python3.12/site-packages/airflow/example_dags/example_sensors.py for tasks to queue
[2025-04-02T08:09:44.759+0000] {logging_mixin.py:190} INFO - [2025-04-02T08:09:44.759+0000] {dagbag.py:588} INFO - Filling up the DagBag from /home/airflow/.local/lib/python3.12/site-packages/airflow/example_dags/example_sensors.py
[2025-04-02T08:09:44.797+0000] {processor.py:925} INFO - DAG(s) 'example_sensors' retrieved from /home/airflow/.local/lib/python3.12/site-packages/airflow/example_dags/example_sensors.py
[2025-04-02T08:09:44.880+0000] {logging_mixin.py:190} INFO - [2025-04-02T08:09:44.879+0000] {dag.py:3239} INFO - Sync 1 DAGs
[2025-04-02T08:09:44.927+0000] {logging_mixin.py:190} INFO - [2025-04-02T08:09:44.926+0000] {dag.py:4180} INFO - Setting next_dagrun for example_sensors to None, run_after=None
[2025-04-02T08:09:44.981+0000] {processor.py:208} INFO - Processing /home/airflow/.local/lib/python3.12/site-packages/airflow/example_dags/example_sensors.py took 0.248 seconds
[2025-04-02T08:10:15.553+0000] {processor.py:186} INFO - Started process (PID=8301) to work on /home/airflow/.local/lib/python3.12/site-packages/airflow/example_dags/example_sensors.py
[2025-04-02T08:10:15.557+0000] {processor.py:914} INFO - Processing file /home/airflow/.local/lib/python3.12/site-packages/airflow/example_dags/example_sensors.py for tasks to queue
[2025-04-02T08:10:15.566+0000] {logging_mixin.py:190} INFO - [2025-04-02T08:10:15.564+0000] {dagbag.py:588} INFO - Filling up the DagBag from /home/airflow/.local/lib/python3.12/site-packages/airflow/example_dags/example_sensors.py
[2025-04-02T08:10:15.609+0000] {processor.py:925} INFO - DAG(s) 'example_sensors' retrieved from /home/airflow/.local/lib/python3.12/site-packages/airflow/example_dags/example_sensors.py
[2025-04-02T08:10:15.700+0000] {logging_mixin.py:190} INFO - [2025-04-02T08:10:15.699+0000] {dag.py:3239} INFO - Sync 1 DAGs
[2025-04-02T08:10:15.750+0000] {logging_mixin.py:190} INFO - [2025-04-02T08:10:15.749+0000] {dag.py:4180} INFO - Setting next_dagrun for example_sensors to None, run_after=None
[2025-04-02T08:10:15.812+0000] {processor.py:208} INFO - Processing /home/airflow/.local/lib/python3.12/site-packages/airflow/example_dags/example_sensors.py took 0.287 seconds
[2025-04-02T08:10:46.452+0000] {processor.py:186} INFO - Started process (PID=8369) to work on /home/airflow/.local/lib/python3.12/site-packages/airflow/example_dags/example_sensors.py
[2025-04-02T08:10:46.456+0000] {processor.py:914} INFO - Processing file /home/airflow/.local/lib/python3.12/site-packages/airflow/example_dags/example_sensors.py for tasks to queue
[2025-04-02T08:10:46.466+0000] {logging_mixin.py:190} INFO - [2025-04-02T08:10:46.465+0000] {dagbag.py:588} INFO - Filling up the DagBag from /home/airflow/.local/lib/python3.12/site-packages/airflow/example_dags/example_sensors.py
[2025-04-02T08:10:46.516+0000] {processor.py:925} INFO - DAG(s) 'example_sensors' retrieved from /home/airflow/.local/lib/python3.12/site-packages/airflow/example_dags/example_sensors.py
[2025-04-02T08:10:46.614+0000] {logging_mixin.py:190} INFO - [2025-04-02T08:10:46.613+0000] {dag.py:3239} INFO - Sync 1 DAGs
[2025-04-02T08:10:46.665+0000] {logging_mixin.py:190} INFO - [2025-04-02T08:10:46.665+0000] {dag.py:4180} INFO - Setting next_dagrun for example_sensors to None, run_after=None
[2025-04-02T08:10:46.724+0000] {processor.py:208} INFO - Processing /home/airflow/.local/lib/python3.12/site-packages/airflow/example_dags/example_sensors.py took 0.297 seconds
[2025-04-02T08:11:17.343+0000] {processor.py:186} INFO - Started process (PID=8433) to work on /home/airflow/.local/lib/python3.12/site-packages/airflow/example_dags/example_sensors.py
[2025-04-02T08:11:17.345+0000] {processor.py:914} INFO - Processing file /home/airflow/.local/lib/python3.12/site-packages/airflow/example_dags/example_sensors.py for tasks to queue
[2025-04-02T08:11:17.349+0000] {logging_mixin.py:190} INFO - [2025-04-02T08:11:17.349+0000] {dagbag.py:588} INFO - Filling up the DagBag from /home/airflow/.local/lib/python3.12/site-packages/airflow/example_dags/example_sensors.py
[2025-04-02T08:11:17.369+0000] {processor.py:925} INFO - DAG(s) 'example_sensors' retrieved from /home/airflow/.local/lib/python3.12/site-packages/airflow/example_dags/example_sensors.py
[2025-04-02T08:11:17.411+0000] {logging_mixin.py:190} INFO - [2025-04-02T08:11:17.411+0000] {dag.py:3239} INFO - Sync 1 DAGs
[2025-04-02T08:11:17.434+0000] {logging_mixin.py:190} INFO - [2025-04-02T08:11:17.434+0000] {dag.py:4180} INFO - Setting next_dagrun for example_sensors to None, run_after=None
[2025-04-02T08:11:17.463+0000] {processor.py:208} INFO - Processing /home/airflow/.local/lib/python3.12/site-packages/airflow/example_dags/example_sensors.py took 0.133 seconds
[2025-04-02T08:11:47.797+0000] {processor.py:186} INFO - Started process (PID=8497) to work on /home/airflow/.local/lib/python3.12/site-packages/airflow/example_dags/example_sensors.py
[2025-04-02T08:11:47.798+0000] {processor.py:914} INFO - Processing file /home/airflow/.local/lib/python3.12/site-packages/airflow/example_dags/example_sensors.py for tasks to queue
[2025-04-02T08:11:47.804+0000] {logging_mixin.py:190} INFO - [2025-04-02T08:11:47.803+0000] {dagbag.py:588} INFO - Filling up the DagBag from /home/airflow/.local/lib/python3.12/site-packages/airflow/example_dags/example_sensors.py
[2025-04-02T08:11:47.835+0000] {processor.py:925} INFO - DAG(s) 'example_sensors' retrieved from /home/airflow/.local/lib/python3.12/site-packages/airflow/example_dags/example_sensors.py
[2025-04-02T08:11:47.898+0000] {logging_mixin.py:190} INFO - [2025-04-02T08:11:47.897+0000] {dag.py:3239} INFO - Sync 1 DAGs
[2025-04-02T08:11:47.933+0000] {logging_mixin.py:190} INFO - [2025-04-02T08:11:47.933+0000] {dag.py:4180} INFO - Setting next_dagrun for example_sensors to None, run_after=None
[2025-04-02T08:11:47.972+0000] {processor.py:208} INFO - Processing /home/airflow/.local/lib/python3.12/site-packages/airflow/example_dags/example_sensors.py took 0.191 seconds
[2025-04-02T08:12:18.117+0000] {processor.py:186} INFO - Started process (PID=8561) to work on /home/airflow/.local/lib/python3.12/site-packages/airflow/example_dags/example_sensors.py
[2025-04-02T08:12:18.119+0000] {processor.py:914} INFO - Processing file /home/airflow/.local/lib/python3.12/site-packages/airflow/example_dags/example_sensors.py for tasks to queue
[2025-04-02T08:12:18.123+0000] {logging_mixin.py:190} INFO - [2025-04-02T08:12:18.123+0000] {dagbag.py:588} INFO - Filling up the DagBag from /home/airflow/.local/lib/python3.12/site-packages/airflow/example_dags/example_sensors.py
[2025-04-02T08:12:18.144+0000] {processor.py:925} INFO - DAG(s) 'example_sensors' retrieved from /home/airflow/.local/lib/python3.12/site-packages/airflow/example_dags/example_sensors.py
[2025-04-02T08:12:18.190+0000] {logging_mixin.py:190} INFO - [2025-04-02T08:12:18.189+0000] {dag.py:3239} INFO - Sync 1 DAGs
[2025-04-02T08:12:18.215+0000] {logging_mixin.py:190} INFO - [2025-04-02T08:12:18.214+0000] {dag.py:4180} INFO - Setting next_dagrun for example_sensors to None, run_after=None
[2025-04-02T08:12:18.249+0000] {processor.py:208} INFO - Processing /home/airflow/.local/lib/python3.12/site-packages/airflow/example_dags/example_sensors.py took 0.145 seconds
[2025-04-02T08:12:48.721+0000] {processor.py:186} INFO - Started process (PID=8625) to work on /home/airflow/.local/lib/python3.12/site-packages/airflow/example_dags/example_sensors.py
[2025-04-02T08:12:48.723+0000] {processor.py:914} INFO - Processing file /home/airflow/.local/lib/python3.12/site-packages/airflow/example_dags/example_sensors.py for tasks to queue
[2025-04-02T08:12:48.729+0000] {logging_mixin.py:190} INFO - [2025-04-02T08:12:48.728+0000] {dagbag.py:588} INFO - Filling up the DagBag from /home/airflow/.local/lib/python3.12/site-packages/airflow/example_dags/example_sensors.py
[2025-04-02T08:12:48.760+0000] {processor.py:925} INFO - DAG(s) 'example_sensors' retrieved from /home/airflow/.local/lib/python3.12/site-packages/airflow/example_dags/example_sensors.py
[2025-04-02T08:12:48.822+0000] {logging_mixin.py:190} INFO - [2025-04-02T08:12:48.821+0000] {dag.py:3239} INFO - Sync 1 DAGs
[2025-04-02T08:12:48.850+0000] {logging_mixin.py:190} INFO - [2025-04-02T08:12:48.850+0000] {dag.py:4180} INFO - Setting next_dagrun for example_sensors to None, run_after=None
[2025-04-02T08:12:48.879+0000] {processor.py:208} INFO - Processing /home/airflow/.local/lib/python3.12/site-packages/airflow/example_dags/example_sensors.py took 0.174 seconds
[2025-04-02T08:13:19.137+0000] {processor.py:186} INFO - Started process (PID=8689) to work on /home/airflow/.local/lib/python3.12/site-packages/airflow/example_dags/example_sensors.py
[2025-04-02T08:13:19.139+0000] {processor.py:914} INFO - Processing file /home/airflow/.local/lib/python3.12/site-packages/airflow/example_dags/example_sensors.py for tasks to queue
[2025-04-02T08:13:19.143+0000] {logging_mixin.py:190} INFO - [2025-04-02T08:13:19.143+0000] {dagbag.py:588} INFO - Filling up the DagBag from /home/airflow/.local/lib/python3.12/site-packages/airflow/example_dags/example_sensors.py
[2025-04-02T08:13:19.164+0000] {processor.py:925} INFO - DAG(s) 'example_sensors' retrieved from /home/airflow/.local/lib/python3.12/site-packages/airflow/example_dags/example_sensors.py
[2025-04-02T08:13:19.216+0000] {logging_mixin.py:190} INFO - [2025-04-02T08:13:19.215+0000] {dag.py:3239} INFO - Sync 1 DAGs
[2025-04-02T08:13:19.241+0000] {logging_mixin.py:190} INFO - [2025-04-02T08:13:19.241+0000] {dag.py:4180} INFO - Setting next_dagrun for example_sensors to None, run_after=None
[2025-04-02T08:13:19.274+0000] {processor.py:208} INFO - Processing /home/airflow/.local/lib/python3.12/site-packages/airflow/example_dags/example_sensors.py took 0.151 seconds
[2025-04-02T08:13:49.530+0000] {processor.py:186} INFO - Started process (PID=8753) to work on /home/airflow/.local/lib/python3.12/site-packages/airflow/example_dags/example_sensors.py
[2025-04-02T08:13:49.532+0000] {processor.py:914} INFO - Processing file /home/airflow/.local/lib/python3.12/site-packages/airflow/example_dags/example_sensors.py for tasks to queue
[2025-04-02T08:13:49.536+0000] {logging_mixin.py:190} INFO - [2025-04-02T08:13:49.536+0000] {dagbag.py:588} INFO - Filling up the DagBag from /home/airflow/.local/lib/python3.12/site-packages/airflow/example_dags/example_sensors.py
[2025-04-02T08:13:49.559+0000] {processor.py:925} INFO - DAG(s) 'example_sensors' retrieved from /home/airflow/.local/lib/python3.12/site-packages/airflow/example_dags/example_sensors.py
[2025-04-02T08:13:49.603+0000] {logging_mixin.py:190} INFO - [2025-04-02T08:13:49.603+0000] {dag.py:3239} INFO - Sync 1 DAGs
[2025-04-02T08:13:49.627+0000] {logging_mixin.py:190} INFO - [2025-04-02T08:13:49.627+0000] {dag.py:4180} INFO - Setting next_dagrun for example_sensors to None, run_after=None
[2025-04-02T08:13:49.661+0000] {processor.py:208} INFO - Processing /home/airflow/.local/lib/python3.12/site-packages/airflow/example_dags/example_sensors.py took 0.142 seconds
[2025-04-02T08:14:20.504+0000] {processor.py:186} INFO - Started process (PID=8817) to work on /home/airflow/.local/lib/python3.12/site-packages/airflow/example_dags/example_sensors.py
[2025-04-02T08:14:20.506+0000] {processor.py:914} INFO - Processing file /home/airflow/.local/lib/python3.12/site-packages/airflow/example_dags/example_sensors.py for tasks to queue
[2025-04-02T08:14:20.510+0000] {logging_mixin.py:190} INFO - [2025-04-02T08:14:20.509+0000] {dagbag.py:588} INFO - Filling up the DagBag from /home/airflow/.local/lib/python3.12/site-packages/airflow/example_dags/example_sensors.py
[2025-04-02T08:14:20.535+0000] {processor.py:925} INFO - DAG(s) 'example_sensors' retrieved from /home/airflow/.local/lib/python3.12/site-packages/airflow/example_dags/example_sensors.py
[2025-04-02T08:14:20.583+0000] {logging_mixin.py:190} INFO - [2025-04-02T08:14:20.582+0000] {dag.py:3239} INFO - Sync 1 DAGs
[2025-04-02T08:14:20.608+0000] {logging_mixin.py:190} INFO - [2025-04-02T08:14:20.608+0000] {dag.py:4180} INFO - Setting next_dagrun for example_sensors to None, run_after=None
[2025-04-02T08:14:20.640+0000] {processor.py:208} INFO - Processing /home/airflow/.local/lib/python3.12/site-packages/airflow/example_dags/example_sensors.py took 0.151 seconds
[2025-04-02T08:14:50.922+0000] {processor.py:186} INFO - Started process (PID=8881) to work on /home/airflow/.local/lib/python3.12/site-packages/airflow/example_dags/example_sensors.py
[2025-04-02T08:14:50.923+0000] {processor.py:914} INFO - Processing file /home/airflow/.local/lib/python3.12/site-packages/airflow/example_dags/example_sensors.py for tasks to queue
[2025-04-02T08:14:50.927+0000] {logging_mixin.py:190} INFO - [2025-04-02T08:14:50.927+0000] {dagbag.py:588} INFO - Filling up the DagBag from /home/airflow/.local/lib/python3.12/site-packages/airflow/example_dags/example_sensors.py
[2025-04-02T08:14:50.951+0000] {processor.py:925} INFO - DAG(s) 'example_sensors' retrieved from /home/airflow/.local/lib/python3.12/site-packages/airflow/example_dags/example_sensors.py
[2025-04-02T08:14:50.995+0000] {logging_mixin.py:190} INFO - [2025-04-02T08:14:50.994+0000] {dag.py:3239} INFO - Sync 1 DAGs
[2025-04-02T08:14:51.019+0000] {logging_mixin.py:190} INFO - [2025-04-02T08:14:51.019+0000] {dag.py:4180} INFO - Setting next_dagrun for example_sensors to None, run_after=None
[2025-04-02T08:14:51.050+0000] {processor.py:208} INFO - Processing /home/airflow/.local/lib/python3.12/site-packages/airflow/example_dags/example_sensors.py took 0.139 seconds
[2025-04-02T08:15:21.581+0000] {processor.py:186} INFO - Started process (PID=8945) to work on /home/airflow/.local/lib/python3.12/site-packages/airflow/example_dags/example_sensors.py
[2025-04-02T08:15:21.583+0000] {processor.py:914} INFO - Processing file /home/airflow/.local/lib/python3.12/site-packages/airflow/example_dags/example_sensors.py for tasks to queue
[2025-04-02T08:15:21.588+0000] {logging_mixin.py:190} INFO - [2025-04-02T08:15:21.587+0000] {dagbag.py:588} INFO - Filling up the DagBag from /home/airflow/.local/lib/python3.12/site-packages/airflow/example_dags/example_sensors.py
[2025-04-02T08:15:21.608+0000] {processor.py:925} INFO - DAG(s) 'example_sensors' retrieved from /home/airflow/.local/lib/python3.12/site-packages/airflow/example_dags/example_sensors.py
[2025-04-02T08:15:21.652+0000] {logging_mixin.py:190} INFO - [2025-04-02T08:15:21.651+0000] {dag.py:3239} INFO - Sync 1 DAGs
[2025-04-02T08:15:21.680+0000] {logging_mixin.py:190} INFO - [2025-04-02T08:15:21.679+0000] {dag.py:4180} INFO - Setting next_dagrun for example_sensors to None, run_after=None
[2025-04-02T08:15:21.711+0000] {processor.py:208} INFO - Processing /home/airflow/.local/lib/python3.12/site-packages/airflow/example_dags/example_sensors.py took 0.144 seconds
[2025-04-02T08:15:52.359+0000] {processor.py:186} INFO - Started process (PID=9009) to work on /home/airflow/.local/lib/python3.12/site-packages/airflow/example_dags/example_sensors.py
[2025-04-02T08:15:52.361+0000] {processor.py:914} INFO - Processing file /home/airflow/.local/lib/python3.12/site-packages/airflow/example_dags/example_sensors.py for tasks to queue
[2025-04-02T08:15:52.365+0000] {logging_mixin.py:190} INFO - [2025-04-02T08:15:52.365+0000] {dagbag.py:588} INFO - Filling up the DagBag from /home/airflow/.local/lib/python3.12/site-packages/airflow/example_dags/example_sensors.py
[2025-04-02T08:15:52.386+0000] {processor.py:925} INFO - DAG(s) 'example_sensors' retrieved from /home/airflow/.local/lib/python3.12/site-packages/airflow/example_dags/example_sensors.py
[2025-04-02T08:15:52.429+0000] {logging_mixin.py:190} INFO - [2025-04-02T08:15:52.429+0000] {dag.py:3239} INFO - Sync 1 DAGs
[2025-04-02T08:15:52.453+0000] {logging_mixin.py:190} INFO - [2025-04-02T08:15:52.452+0000] {dag.py:4180} INFO - Setting next_dagrun for example_sensors to None, run_after=None
[2025-04-02T08:15:52.483+0000] {processor.py:208} INFO - Processing /home/airflow/.local/lib/python3.12/site-packages/airflow/example_dags/example_sensors.py took 0.138 seconds
[2025-04-02T08:16:23.085+0000] {processor.py:186} INFO - Started process (PID=9073) to work on /home/airflow/.local/lib/python3.12/site-packages/airflow/example_dags/example_sensors.py
[2025-04-02T08:16:23.087+0000] {processor.py:914} INFO - Processing file /home/airflow/.local/lib/python3.12/site-packages/airflow/example_dags/example_sensors.py for tasks to queue
[2025-04-02T08:16:23.093+0000] {logging_mixin.py:190} INFO - [2025-04-02T08:16:23.092+0000] {dagbag.py:588} INFO - Filling up the DagBag from /home/airflow/.local/lib/python3.12/site-packages/airflow/example_dags/example_sensors.py
[2025-04-02T08:16:23.124+0000] {processor.py:925} INFO - DAG(s) 'example_sensors' retrieved from /home/airflow/.local/lib/python3.12/site-packages/airflow/example_dags/example_sensors.py
[2025-04-02T08:16:23.186+0000] {logging_mixin.py:190} INFO - [2025-04-02T08:16:23.186+0000] {dag.py:3239} INFO - Sync 1 DAGs
[2025-04-02T08:16:23.223+0000] {logging_mixin.py:190} INFO - [2025-04-02T08:16:23.222+0000] {dag.py:4180} INFO - Setting next_dagrun for example_sensors to None, run_after=None
[2025-04-02T08:16:23.261+0000] {processor.py:208} INFO - Processing /home/airflow/.local/lib/python3.12/site-packages/airflow/example_dags/example_sensors.py took 0.191 seconds
[2025-04-02T08:16:53.395+0000] {processor.py:186} INFO - Started process (PID=9137) to work on /home/airflow/.local/lib/python3.12/site-packages/airflow/example_dags/example_sensors.py
[2025-04-02T08:16:53.397+0000] {processor.py:914} INFO - Processing file /home/airflow/.local/lib/python3.12/site-packages/airflow/example_dags/example_sensors.py for tasks to queue
[2025-04-02T08:16:53.403+0000] {logging_mixin.py:190} INFO - [2025-04-02T08:16:53.402+0000] {dagbag.py:588} INFO - Filling up the DagBag from /home/airflow/.local/lib/python3.12/site-packages/airflow/example_dags/example_sensors.py
[2025-04-02T08:16:53.433+0000] {processor.py:925} INFO - DAG(s) 'example_sensors' retrieved from /home/airflow/.local/lib/python3.12/site-packages/airflow/example_dags/example_sensors.py
[2025-04-02T08:16:53.507+0000] {logging_mixin.py:190} INFO - [2025-04-02T08:16:53.507+0000] {dag.py:3239} INFO - Sync 1 DAGs
[2025-04-02T08:16:53.537+0000] {logging_mixin.py:190} INFO - [2025-04-02T08:16:53.536+0000] {dag.py:4180} INFO - Setting next_dagrun for example_sensors to None, run_after=None
[2025-04-02T08:16:53.564+0000] {processor.py:208} INFO - Processing /home/airflow/.local/lib/python3.12/site-packages/airflow/example_dags/example_sensors.py took 0.186 seconds
[2025-04-02T08:17:23.803+0000] {processor.py:186} INFO - Started process (PID=9201) to work on /home/airflow/.local/lib/python3.12/site-packages/airflow/example_dags/example_sensors.py
[2025-04-02T08:17:23.805+0000] {processor.py:914} INFO - Processing file /home/airflow/.local/lib/python3.12/site-packages/airflow/example_dags/example_sensors.py for tasks to queue
[2025-04-02T08:17:23.809+0000] {logging_mixin.py:190} INFO - [2025-04-02T08:17:23.809+0000] {dagbag.py:588} INFO - Filling up the DagBag from /home/airflow/.local/lib/python3.12/site-packages/airflow/example_dags/example_sensors.py
[2025-04-02T08:17:23.830+0000] {processor.py:925} INFO - DAG(s) 'example_sensors' retrieved from /home/airflow/.local/lib/python3.12/site-packages/airflow/example_dags/example_sensors.py
[2025-04-02T08:17:23.874+0000] {logging_mixin.py:190} INFO - [2025-04-02T08:17:23.874+0000] {dag.py:3239} INFO - Sync 1 DAGs
[2025-04-02T08:17:23.900+0000] {logging_mixin.py:190} INFO - [2025-04-02T08:17:23.899+0000] {dag.py:4180} INFO - Setting next_dagrun for example_sensors to None, run_after=None
[2025-04-02T08:17:23.933+0000] {processor.py:208} INFO - Processing /home/airflow/.local/lib/python3.12/site-packages/airflow/example_dags/example_sensors.py took 0.142 seconds
[2025-04-02T08:17:54.361+0000] {processor.py:186} INFO - Started process (PID=9265) to work on /home/airflow/.local/lib/python3.12/site-packages/airflow/example_dags/example_sensors.py
[2025-04-02T08:17:54.363+0000] {processor.py:914} INFO - Processing file /home/airflow/.local/lib/python3.12/site-packages/airflow/example_dags/example_sensors.py for tasks to queue
[2025-04-02T08:17:54.367+0000] {logging_mixin.py:190} INFO - [2025-04-02T08:17:54.366+0000] {dagbag.py:588} INFO - Filling up the DagBag from /home/airflow/.local/lib/python3.12/site-packages/airflow/example_dags/example_sensors.py
[2025-04-02T08:17:54.387+0000] {processor.py:925} INFO - DAG(s) 'example_sensors' retrieved from /home/airflow/.local/lib/python3.12/site-packages/airflow/example_dags/example_sensors.py
[2025-04-02T08:17:54.439+0000] {logging_mixin.py:190} INFO - [2025-04-02T08:17:54.439+0000] {dag.py:3239} INFO - Sync 1 DAGs
[2025-04-02T08:17:54.464+0000] {logging_mixin.py:190} INFO - [2025-04-02T08:17:54.463+0000] {dag.py:4180} INFO - Setting next_dagrun for example_sensors to None, run_after=None
[2025-04-02T08:17:54.497+0000] {processor.py:208} INFO - Processing /home/airflow/.local/lib/python3.12/site-packages/airflow/example_dags/example_sensors.py took 0.150 seconds
[2025-04-02T08:18:25.041+0000] {processor.py:186} INFO - Started process (PID=9329) to work on /home/airflow/.local/lib/python3.12/site-packages/airflow/example_dags/example_sensors.py
[2025-04-02T08:18:25.042+0000] {processor.py:914} INFO - Processing file /home/airflow/.local/lib/python3.12/site-packages/airflow/example_dags/example_sensors.py for tasks to queue
[2025-04-02T08:18:25.046+0000] {logging_mixin.py:190} INFO - [2025-04-02T08:18:25.045+0000] {dagbag.py:588} INFO - Filling up the DagBag from /home/airflow/.local/lib/python3.12/site-packages/airflow/example_dags/example_sensors.py
[2025-04-02T08:18:25.066+0000] {processor.py:925} INFO - DAG(s) 'example_sensors' retrieved from /home/airflow/.local/lib/python3.12/site-packages/airflow/example_dags/example_sensors.py
[2025-04-02T08:18:25.115+0000] {logging_mixin.py:190} INFO - [2025-04-02T08:18:25.114+0000] {dag.py:3239} INFO - Sync 1 DAGs
[2025-04-02T08:18:25.138+0000] {logging_mixin.py:190} INFO - [2025-04-02T08:18:25.137+0000] {dag.py:4180} INFO - Setting next_dagrun for example_sensors to None, run_after=None
[2025-04-02T08:18:25.167+0000] {processor.py:208} INFO - Processing /home/airflow/.local/lib/python3.12/site-packages/airflow/example_dags/example_sensors.py took 0.141 seconds
[2025-04-02T08:18:55.422+0000] {processor.py:186} INFO - Started process (PID=9393) to work on /home/airflow/.local/lib/python3.12/site-packages/airflow/example_dags/example_sensors.py
[2025-04-02T08:18:55.424+0000] {processor.py:914} INFO - Processing file /home/airflow/.local/lib/python3.12/site-packages/airflow/example_dags/example_sensors.py for tasks to queue
[2025-04-02T08:18:55.428+0000] {logging_mixin.py:190} INFO - [2025-04-02T08:18:55.427+0000] {dagbag.py:588} INFO - Filling up the DagBag from /home/airflow/.local/lib/python3.12/site-packages/airflow/example_dags/example_sensors.py
[2025-04-02T08:18:55.448+0000] {processor.py:925} INFO - DAG(s) 'example_sensors' retrieved from /home/airflow/.local/lib/python3.12/site-packages/airflow/example_dags/example_sensors.py
[2025-04-02T08:18:55.496+0000] {logging_mixin.py:190} INFO - [2025-04-02T08:18:55.496+0000] {dag.py:3239} INFO - Sync 1 DAGs
[2025-04-02T08:18:55.521+0000] {logging_mixin.py:190} INFO - [2025-04-02T08:18:55.521+0000] {dag.py:4180} INFO - Setting next_dagrun for example_sensors to None, run_after=None
[2025-04-02T08:18:55.551+0000] {processor.py:208} INFO - Processing /home/airflow/.local/lib/python3.12/site-packages/airflow/example_dags/example_sensors.py took 0.143 seconds
[2025-04-02T08:19:25.774+0000] {processor.py:186} INFO - Started process (PID=9457) to work on /home/airflow/.local/lib/python3.12/site-packages/airflow/example_dags/example_sensors.py
[2025-04-02T08:19:25.775+0000] {processor.py:914} INFO - Processing file /home/airflow/.local/lib/python3.12/site-packages/airflow/example_dags/example_sensors.py for tasks to queue
[2025-04-02T08:19:25.780+0000] {logging_mixin.py:190} INFO - [2025-04-02T08:19:25.779+0000] {dagbag.py:588} INFO - Filling up the DagBag from /home/airflow/.local/lib/python3.12/site-packages/airflow/example_dags/example_sensors.py
[2025-04-02T08:19:25.800+0000] {processor.py:925} INFO - DAG(s) 'example_sensors' retrieved from /home/airflow/.local/lib/python3.12/site-packages/airflow/example_dags/example_sensors.py
[2025-04-02T08:19:25.853+0000] {logging_mixin.py:190} INFO - [2025-04-02T08:19:25.853+0000] {dag.py:3239} INFO - Sync 1 DAGs
[2025-04-02T08:19:25.882+0000] {logging_mixin.py:190} INFO - [2025-04-02T08:19:25.881+0000] {dag.py:4180} INFO - Setting next_dagrun for example_sensors to None, run_after=None
[2025-04-02T08:19:25.915+0000] {processor.py:208} INFO - Processing /home/airflow/.local/lib/python3.12/site-packages/airflow/example_dags/example_sensors.py took 0.155 seconds
[2025-04-02T08:19:56.410+0000] {processor.py:186} INFO - Started process (PID=9521) to work on /home/airflow/.local/lib/python3.12/site-packages/airflow/example_dags/example_sensors.py
[2025-04-02T08:19:56.413+0000] {processor.py:914} INFO - Processing file /home/airflow/.local/lib/python3.12/site-packages/airflow/example_dags/example_sensors.py for tasks to queue
[2025-04-02T08:19:56.417+0000] {logging_mixin.py:190} INFO - [2025-04-02T08:19:56.417+0000] {dagbag.py:588} INFO - Filling up the DagBag from /home/airflow/.local/lib/python3.12/site-packages/airflow/example_dags/example_sensors.py
[2025-04-02T08:19:56.437+0000] {processor.py:925} INFO - DAG(s) 'example_sensors' retrieved from /home/airflow/.local/lib/python3.12/site-packages/airflow/example_dags/example_sensors.py
[2025-04-02T08:19:56.494+0000] {logging_mixin.py:190} INFO - [2025-04-02T08:19:56.494+0000] {dag.py:3239} INFO - Sync 1 DAGs
[2025-04-02T08:19:56.519+0000] {logging_mixin.py:190} INFO - [2025-04-02T08:19:56.519+0000] {dag.py:4180} INFO - Setting next_dagrun for example_sensors to None, run_after=None
[2025-04-02T08:19:56.552+0000] {processor.py:208} INFO - Processing /home/airflow/.local/lib/python3.12/site-packages/airflow/example_dags/example_sensors.py took 0.155 seconds
[2025-04-02T08:20:26.852+0000] {processor.py:186} INFO - Started process (PID=9585) to work on /home/airflow/.local/lib/python3.12/site-packages/airflow/example_dags/example_sensors.py
[2025-04-02T08:20:26.854+0000] {processor.py:914} INFO - Processing file /home/airflow/.local/lib/python3.12/site-packages/airflow/example_dags/example_sensors.py for tasks to queue
[2025-04-02T08:20:26.859+0000] {logging_mixin.py:190} INFO - [2025-04-02T08:20:26.858+0000] {dagbag.py:588} INFO - Filling up the DagBag from /home/airflow/.local/lib/python3.12/site-packages/airflow/example_dags/example_sensors.py
[2025-04-02T08:20:26.889+0000] {processor.py:925} INFO - DAG(s) 'example_sensors' retrieved from /home/airflow/.local/lib/python3.12/site-packages/airflow/example_dags/example_sensors.py
[2025-04-02T08:20:26.952+0000] {logging_mixin.py:190} INFO - [2025-04-02T08:20:26.951+0000] {dag.py:3239} INFO - Sync 1 DAGs
[2025-04-02T08:20:26.988+0000] {logging_mixin.py:190} INFO - [2025-04-02T08:20:26.988+0000] {dag.py:4180} INFO - Setting next_dagrun for example_sensors to None, run_after=None
[2025-04-02T08:20:27.029+0000] {processor.py:208} INFO - Processing /home/airflow/.local/lib/python3.12/site-packages/airflow/example_dags/example_sensors.py took 0.192 seconds
[2025-04-02T08:21:00.559+0000] {processor.py:186} INFO - Started process (PID=9648) to work on /home/airflow/.local/lib/python3.12/site-packages/airflow/example_dags/example_sensors.py
[2025-04-02T08:21:00.564+0000] {processor.py:914} INFO - Processing file /home/airflow/.local/lib/python3.12/site-packages/airflow/example_dags/example_sensors.py for tasks to queue
[2025-04-02T08:21:00.572+0000] {logging_mixin.py:190} INFO - [2025-04-02T08:21:00.571+0000] {dagbag.py:588} INFO - Filling up the DagBag from /home/airflow/.local/lib/python3.12/site-packages/airflow/example_dags/example_sensors.py
[2025-04-02T08:21:00.730+0000] {processor.py:925} INFO - DAG(s) 'example_sensors' retrieved from /home/airflow/.local/lib/python3.12/site-packages/airflow/example_dags/example_sensors.py
[2025-04-02T08:21:01.054+0000] {logging_mixin.py:190} INFO - [2025-04-02T08:21:01.052+0000] {dag.py:3239} INFO - Sync 1 DAGs
[2025-04-02T08:21:01.118+0000] {logging_mixin.py:190} INFO - [2025-04-02T08:21:01.118+0000] {dag.py:4180} INFO - Setting next_dagrun for example_sensors to None, run_after=None
[2025-04-02T08:21:01.208+0000] {processor.py:208} INFO - Processing /home/airflow/.local/lib/python3.12/site-packages/airflow/example_dags/example_sensors.py took 0.683 seconds
[2025-04-02T08:21:31.712+0000] {processor.py:186} INFO - Started process (PID=9712) to work on /home/airflow/.local/lib/python3.12/site-packages/airflow/example_dags/example_sensors.py
[2025-04-02T08:21:31.713+0000] {processor.py:914} INFO - Processing file /home/airflow/.local/lib/python3.12/site-packages/airflow/example_dags/example_sensors.py for tasks to queue
[2025-04-02T08:21:31.717+0000] {logging_mixin.py:190} INFO - [2025-04-02T08:21:31.717+0000] {dagbag.py:588} INFO - Filling up the DagBag from /home/airflow/.local/lib/python3.12/site-packages/airflow/example_dags/example_sensors.py
[2025-04-02T08:21:31.738+0000] {processor.py:925} INFO - DAG(s) 'example_sensors' retrieved from /home/airflow/.local/lib/python3.12/site-packages/airflow/example_dags/example_sensors.py
[2025-04-02T08:21:31.789+0000] {logging_mixin.py:190} INFO - [2025-04-02T08:21:31.789+0000] {dag.py:3239} INFO - Sync 1 DAGs
[2025-04-02T08:21:31.816+0000] {logging_mixin.py:190} INFO - [2025-04-02T08:21:31.815+0000] {dag.py:4180} INFO - Setting next_dagrun for example_sensors to None, run_after=None
[2025-04-02T08:21:31.849+0000] {processor.py:208} INFO - Processing /home/airflow/.local/lib/python3.12/site-packages/airflow/example_dags/example_sensors.py took 0.149 seconds
[2025-04-02T08:22:02.331+0000] {processor.py:186} INFO - Started process (PID=9776) to work on /home/airflow/.local/lib/python3.12/site-packages/airflow/example_dags/example_sensors.py
[2025-04-02T08:22:02.333+0000] {processor.py:914} INFO - Processing file /home/airflow/.local/lib/python3.12/site-packages/airflow/example_dags/example_sensors.py for tasks to queue
[2025-04-02T08:22:02.339+0000] {logging_mixin.py:190} INFO - [2025-04-02T08:22:02.338+0000] {dagbag.py:588} INFO - Filling up the DagBag from /home/airflow/.local/lib/python3.12/site-packages/airflow/example_dags/example_sensors.py
[2025-04-02T08:22:02.360+0000] {processor.py:925} INFO - DAG(s) 'example_sensors' retrieved from /home/airflow/.local/lib/python3.12/site-packages/airflow/example_dags/example_sensors.py
[2025-04-02T08:22:02.406+0000] {logging_mixin.py:190} INFO - [2025-04-02T08:22:02.406+0000] {dag.py:3239} INFO - Sync 1 DAGs
[2025-04-02T08:22:02.440+0000] {logging_mixin.py:190} INFO - [2025-04-02T08:22:02.439+0000] {dag.py:4180} INFO - Setting next_dagrun for example_sensors to None, run_after=None
[2025-04-02T08:22:02.479+0000] {processor.py:208} INFO - Processing /home/airflow/.local/lib/python3.12/site-packages/airflow/example_dags/example_sensors.py took 0.159 seconds
[2025-04-02T08:22:32.659+0000] {processor.py:186} INFO - Started process (PID=9846) to work on /home/airflow/.local/lib/python3.12/site-packages/airflow/example_dags/example_sensors.py
[2025-04-02T08:22:32.660+0000] {processor.py:914} INFO - Processing file /home/airflow/.local/lib/python3.12/site-packages/airflow/example_dags/example_sensors.py for tasks to queue
[2025-04-02T08:22:32.665+0000] {logging_mixin.py:190} INFO - [2025-04-02T08:22:32.665+0000] {dagbag.py:588} INFO - Filling up the DagBag from /home/airflow/.local/lib/python3.12/site-packages/airflow/example_dags/example_sensors.py
[2025-04-02T08:22:32.686+0000] {processor.py:925} INFO - DAG(s) 'example_sensors' retrieved from /home/airflow/.local/lib/python3.12/site-packages/airflow/example_dags/example_sensors.py
[2025-04-02T08:22:32.730+0000] {logging_mixin.py:190} INFO - [2025-04-02T08:22:32.729+0000] {dag.py:3239} INFO - Sync 1 DAGs
[2025-04-02T08:22:32.756+0000] {logging_mixin.py:190} INFO - [2025-04-02T08:22:32.755+0000] {dag.py:4180} INFO - Setting next_dagrun for example_sensors to None, run_after=None
[2025-04-02T08:22:32.790+0000] {processor.py:208} INFO - Processing /home/airflow/.local/lib/python3.12/site-packages/airflow/example_dags/example_sensors.py took 0.142 seconds
[2025-04-02T08:23:03.136+0000] {processor.py:186} INFO - Started process (PID=9910) to work on /home/airflow/.local/lib/python3.12/site-packages/airflow/example_dags/example_sensors.py
[2025-04-02T08:23:03.138+0000] {processor.py:914} INFO - Processing file /home/airflow/.local/lib/python3.12/site-packages/airflow/example_dags/example_sensors.py for tasks to queue
[2025-04-02T08:23:03.143+0000] {logging_mixin.py:190} INFO - [2025-04-02T08:23:03.143+0000] {dagbag.py:588} INFO - Filling up the DagBag from /home/airflow/.local/lib/python3.12/site-packages/airflow/example_dags/example_sensors.py
[2025-04-02T08:23:03.164+0000] {processor.py:925} INFO - DAG(s) 'example_sensors' retrieved from /home/airflow/.local/lib/python3.12/site-packages/airflow/example_dags/example_sensors.py
[2025-04-02T08:23:03.209+0000] {logging_mixin.py:190} INFO - [2025-04-02T08:23:03.209+0000] {dag.py:3239} INFO - Sync 1 DAGs
[2025-04-02T08:23:03.237+0000] {logging_mixin.py:190} INFO - [2025-04-02T08:23:03.236+0000] {dag.py:4180} INFO - Setting next_dagrun for example_sensors to None, run_after=None
[2025-04-02T08:23:03.273+0000] {processor.py:208} INFO - Processing /home/airflow/.local/lib/python3.12/site-packages/airflow/example_dags/example_sensors.py took 0.148 seconds
[2025-04-02T08:23:33.993+0000] {processor.py:186} INFO - Started process (PID=9974) to work on /home/airflow/.local/lib/python3.12/site-packages/airflow/example_dags/example_sensors.py
[2025-04-02T08:23:33.994+0000] {processor.py:914} INFO - Processing file /home/airflow/.local/lib/python3.12/site-packages/airflow/example_dags/example_sensors.py for tasks to queue
[2025-04-02T08:23:33.998+0000] {logging_mixin.py:190} INFO - [2025-04-02T08:23:33.998+0000] {dagbag.py:588} INFO - Filling up the DagBag from /home/airflow/.local/lib/python3.12/site-packages/airflow/example_dags/example_sensors.py
[2025-04-02T08:23:34.022+0000] {processor.py:925} INFO - DAG(s) 'example_sensors' retrieved from /home/airflow/.local/lib/python3.12/site-packages/airflow/example_dags/example_sensors.py
[2025-04-02T08:23:34.069+0000] {logging_mixin.py:190} INFO - [2025-04-02T08:23:34.068+0000] {dag.py:3239} INFO - Sync 1 DAGs
[2025-04-02T08:23:34.094+0000] {logging_mixin.py:190} INFO - [2025-04-02T08:23:34.094+0000] {dag.py:4180} INFO - Setting next_dagrun for example_sensors to None, run_after=None
[2025-04-02T08:23:34.126+0000] {processor.py:208} INFO - Processing /home/airflow/.local/lib/python3.12/site-packages/airflow/example_dags/example_sensors.py took 0.144 seconds
