[2025-04-02T07:56:21.746+0000] {processor.py:186} INFO - Started process (PID=6376) to work on /home/airflow/.local/lib/python3.12/site-packages/airflow/example_dags/example_skip_dag.py
[2025-04-02T07:56:21.749+0000] {processor.py:914} INFO - Processing file /home/airflow/.local/lib/python3.12/site-packages/airflow/example_dags/example_skip_dag.py for tasks to queue
[2025-04-02T07:56:21.757+0000] {logging_mixin.py:190} INFO - [2025-04-02T07:56:21.755+0000] {dagbag.py:588} INFO - Filling up the DagBag from /home/airflow/.local/lib/python3.12/site-packages/airflow/example_dags/example_skip_dag.py
[2025-04-02T07:56:21.798+0000] {processor.py:925} INFO - DAG(s) 'example_skip_dag' retrieved from /home/airflow/.local/lib/python3.12/site-packages/airflow/example_dags/example_skip_dag.py
[2025-04-02T07:56:21.854+0000] {logging_mixin.py:190} INFO - [2025-04-02T07:56:21.853+0000] {dag.py:3239} INFO - Sync 1 DAGs
[2025-04-02T07:56:21.950+0000] {logging_mixin.py:190} INFO - [2025-04-02T07:56:21.946+0000] {dag.py:4180} INFO - Setting next_dagrun for example_skip_dag to 2025-04-01 00:00:00+00:00, run_after=2025-04-02 00:00:00+00:00
[2025-04-02T07:56:22.045+0000] {processor.py:208} INFO - Processing /home/airflow/.local/lib/python3.12/site-packages/airflow/example_dags/example_skip_dag.py took 0.315 seconds
[2025-04-02T07:56:52.718+0000] {processor.py:186} INFO - Started process (PID=6440) to work on /home/airflow/.local/lib/python3.12/site-packages/airflow/example_dags/example_skip_dag.py
[2025-04-02T07:56:52.720+0000] {processor.py:914} INFO - Processing file /home/airflow/.local/lib/python3.12/site-packages/airflow/example_dags/example_skip_dag.py for tasks to queue
[2025-04-02T07:56:52.730+0000] {logging_mixin.py:190} INFO - [2025-04-02T07:56:52.726+0000] {dagbag.py:588} INFO - Filling up the DagBag from /home/airflow/.local/lib/python3.12/site-packages/airflow/example_dags/example_skip_dag.py
[2025-04-02T07:56:52.752+0000] {processor.py:925} INFO - DAG(s) 'example_skip_dag' retrieved from /home/airflow/.local/lib/python3.12/site-packages/airflow/example_dags/example_skip_dag.py
[2025-04-02T07:56:52.809+0000] {logging_mixin.py:190} INFO - [2025-04-02T07:56:52.808+0000] {dag.py:3239} INFO - Sync 1 DAGs
[2025-04-02T07:56:52.866+0000] {logging_mixin.py:190} INFO - [2025-04-02T07:56:52.866+0000] {dag.py:4180} INFO - Setting next_dagrun for example_skip_dag to 2025-04-01 00:00:00+00:00, run_after=2025-04-02 00:00:00+00:00
[2025-04-02T07:56:52.920+0000] {processor.py:208} INFO - Processing /home/airflow/.local/lib/python3.12/site-packages/airflow/example_dags/example_skip_dag.py took 0.217 seconds
[2025-04-02T07:57:23.734+0000] {processor.py:186} INFO - Started process (PID=6508) to work on /home/airflow/.local/lib/python3.12/site-packages/airflow/example_dags/example_skip_dag.py
[2025-04-02T07:57:23.740+0000] {processor.py:914} INFO - Processing file /home/airflow/.local/lib/python3.12/site-packages/airflow/example_dags/example_skip_dag.py for tasks to queue
[2025-04-02T07:57:23.750+0000] {logging_mixin.py:190} INFO - [2025-04-02T07:57:23.746+0000] {dagbag.py:588} INFO - Filling up the DagBag from /home/airflow/.local/lib/python3.12/site-packages/airflow/example_dags/example_skip_dag.py
[2025-04-02T07:57:23.776+0000] {processor.py:925} INFO - DAG(s) 'example_skip_dag' retrieved from /home/airflow/.local/lib/python3.12/site-packages/airflow/example_dags/example_skip_dag.py
[2025-04-02T07:57:23.847+0000] {logging_mixin.py:190} INFO - [2025-04-02T07:57:23.846+0000] {dag.py:3239} INFO - Sync 1 DAGs
[2025-04-02T07:57:23.912+0000] {logging_mixin.py:190} INFO - [2025-04-02T07:57:23.911+0000] {dag.py:4180} INFO - Setting next_dagrun for example_skip_dag to 2025-04-01 00:00:00+00:00, run_after=2025-04-02 00:00:00+00:00
[2025-04-02T07:57:23.957+0000] {processor.py:208} INFO - Processing /home/airflow/.local/lib/python3.12/site-packages/airflow/example_dags/example_skip_dag.py took 0.261 seconds
[2025-04-02T07:57:54.134+0000] {processor.py:186} INFO - Started process (PID=6585) to work on /home/airflow/.local/lib/python3.12/site-packages/airflow/example_dags/example_skip_dag.py
[2025-04-02T07:57:54.137+0000] {processor.py:914} INFO - Processing file /home/airflow/.local/lib/python3.12/site-packages/airflow/example_dags/example_skip_dag.py for tasks to queue
[2025-04-02T07:57:54.142+0000] {logging_mixin.py:190} INFO - [2025-04-02T07:57:54.141+0000] {dagbag.py:588} INFO - Filling up the DagBag from /home/airflow/.local/lib/python3.12/site-packages/airflow/example_dags/example_skip_dag.py
[2025-04-02T07:57:54.167+0000] {processor.py:925} INFO - DAG(s) 'example_skip_dag' retrieved from /home/airflow/.local/lib/python3.12/site-packages/airflow/example_dags/example_skip_dag.py
[2025-04-02T07:57:54.236+0000] {logging_mixin.py:190} INFO - [2025-04-02T07:57:54.234+0000] {dag.py:3239} INFO - Sync 1 DAGs
[2025-04-02T07:57:54.302+0000] {logging_mixin.py:190} INFO - [2025-04-02T07:57:54.302+0000] {dag.py:4180} INFO - Setting next_dagrun for example_skip_dag to 2025-04-01 00:00:00+00:00, run_after=2025-04-02 00:00:00+00:00
[2025-04-02T07:57:54.342+0000] {processor.py:208} INFO - Processing /home/airflow/.local/lib/python3.12/site-packages/airflow/example_dags/example_skip_dag.py took 0.232 seconds
[2025-04-02T07:58:25.974+0000] {processor.py:186} INFO - Started process (PID=6656) to work on /home/airflow/.local/lib/python3.12/site-packages/airflow/example_dags/example_skip_dag.py
[2025-04-02T07:58:25.982+0000] {processor.py:914} INFO - Processing file /home/airflow/.local/lib/python3.12/site-packages/airflow/example_dags/example_skip_dag.py for tasks to queue
[2025-04-02T07:58:25.994+0000] {logging_mixin.py:190} INFO - [2025-04-02T07:58:25.993+0000] {dagbag.py:588} INFO - Filling up the DagBag from /home/airflow/.local/lib/python3.12/site-packages/airflow/example_dags/example_skip_dag.py
[2025-04-02T07:58:26.036+0000] {processor.py:925} INFO - DAG(s) 'example_skip_dag' retrieved from /home/airflow/.local/lib/python3.12/site-packages/airflow/example_dags/example_skip_dag.py
[2025-04-02T07:58:26.136+0000] {logging_mixin.py:190} INFO - [2025-04-02T07:58:26.135+0000] {dag.py:3239} INFO - Sync 1 DAGs
[2025-04-02T07:58:26.235+0000] {logging_mixin.py:190} INFO - [2025-04-02T07:58:26.232+0000] {dag.py:4180} INFO - Setting next_dagrun for example_skip_dag to 2025-04-01 00:00:00+00:00, run_after=2025-04-02 00:00:00+00:00
[2025-04-02T07:58:26.284+0000] {processor.py:208} INFO - Processing /home/airflow/.local/lib/python3.12/site-packages/airflow/example_dags/example_skip_dag.py took 0.367 seconds
[2025-04-02T07:58:56.709+0000] {processor.py:186} INFO - Started process (PID=6734) to work on /home/airflow/.local/lib/python3.12/site-packages/airflow/example_dags/example_skip_dag.py
[2025-04-02T07:58:56.712+0000] {processor.py:914} INFO - Processing file /home/airflow/.local/lib/python3.12/site-packages/airflow/example_dags/example_skip_dag.py for tasks to queue
[2025-04-02T07:58:56.718+0000] {logging_mixin.py:190} INFO - [2025-04-02T07:58:56.717+0000] {dagbag.py:588} INFO - Filling up the DagBag from /home/airflow/.local/lib/python3.12/site-packages/airflow/example_dags/example_skip_dag.py
[2025-04-02T07:58:56.753+0000] {processor.py:925} INFO - DAG(s) 'example_skip_dag' retrieved from /home/airflow/.local/lib/python3.12/site-packages/airflow/example_dags/example_skip_dag.py
[2025-04-02T07:58:56.810+0000] {logging_mixin.py:190} INFO - [2025-04-02T07:58:56.808+0000] {dag.py:3239} INFO - Sync 1 DAGs
[2025-04-02T07:58:56.867+0000] {logging_mixin.py:190} INFO - [2025-04-02T07:58:56.867+0000] {dag.py:4180} INFO - Setting next_dagrun for example_skip_dag to 2025-04-01 00:00:00+00:00, run_after=2025-04-02 00:00:00+00:00
[2025-04-02T07:58:56.911+0000] {processor.py:208} INFO - Processing /home/airflow/.local/lib/python3.12/site-packages/airflow/example_dags/example_skip_dag.py took 0.221 seconds
[2025-04-02T07:59:27.140+0000] {processor.py:186} INFO - Started process (PID=6798) to work on /home/airflow/.local/lib/python3.12/site-packages/airflow/example_dags/example_skip_dag.py
[2025-04-02T07:59:27.142+0000] {processor.py:914} INFO - Processing file /home/airflow/.local/lib/python3.12/site-packages/airflow/example_dags/example_skip_dag.py for tasks to queue
[2025-04-02T07:59:27.147+0000] {logging_mixin.py:190} INFO - [2025-04-02T07:59:27.146+0000] {dagbag.py:588} INFO - Filling up the DagBag from /home/airflow/.local/lib/python3.12/site-packages/airflow/example_dags/example_skip_dag.py
[2025-04-02T07:59:27.161+0000] {processor.py:925} INFO - DAG(s) 'example_skip_dag' retrieved from /home/airflow/.local/lib/python3.12/site-packages/airflow/example_dags/example_skip_dag.py
[2025-04-02T07:59:27.198+0000] {logging_mixin.py:190} INFO - [2025-04-02T07:59:27.198+0000] {dag.py:3239} INFO - Sync 1 DAGs
[2025-04-02T07:59:27.249+0000] {logging_mixin.py:190} INFO - [2025-04-02T07:59:27.249+0000] {dag.py:4180} INFO - Setting next_dagrun for example_skip_dag to 2025-04-01 00:00:00+00:00, run_after=2025-04-02 00:00:00+00:00
[2025-04-02T07:59:27.278+0000] {processor.py:208} INFO - Processing /home/airflow/.local/lib/python3.12/site-packages/airflow/example_dags/example_skip_dag.py took 0.148 seconds
[2025-04-02T07:59:58.317+0000] {processor.py:186} INFO - Started process (PID=6882) to work on /home/airflow/.local/lib/python3.12/site-packages/airflow/example_dags/example_skip_dag.py
[2025-04-02T07:59:58.322+0000] {processor.py:914} INFO - Processing file /home/airflow/.local/lib/python3.12/site-packages/airflow/example_dags/example_skip_dag.py for tasks to queue
[2025-04-02T07:59:58.330+0000] {logging_mixin.py:190} INFO - [2025-04-02T07:59:58.328+0000] {dagbag.py:588} INFO - Filling up the DagBag from /home/airflow/.local/lib/python3.12/site-packages/airflow/example_dags/example_skip_dag.py
[2025-04-02T07:59:58.364+0000] {processor.py:925} INFO - DAG(s) 'example_skip_dag' retrieved from /home/airflow/.local/lib/python3.12/site-packages/airflow/example_dags/example_skip_dag.py
[2025-04-02T07:59:58.451+0000] {logging_mixin.py:190} INFO - [2025-04-02T07:59:58.450+0000] {dag.py:3239} INFO - Sync 1 DAGs
[2025-04-02T07:59:58.562+0000] {logging_mixin.py:190} INFO - [2025-04-02T07:59:58.559+0000] {dag.py:4180} INFO - Setting next_dagrun for example_skip_dag to 2025-04-01 00:00:00+00:00, run_after=2025-04-02 00:00:00+00:00
[2025-04-02T07:59:58.631+0000] {processor.py:208} INFO - Processing /home/airflow/.local/lib/python3.12/site-packages/airflow/example_dags/example_skip_dag.py took 0.338 seconds
[2025-04-02T08:00:29.840+0000] {processor.py:186} INFO - Started process (PID=6950) to work on /home/airflow/.local/lib/python3.12/site-packages/airflow/example_dags/example_skip_dag.py
[2025-04-02T08:00:29.845+0000] {processor.py:914} INFO - Processing file /home/airflow/.local/lib/python3.12/site-packages/airflow/example_dags/example_skip_dag.py for tasks to queue
[2025-04-02T08:00:29.857+0000] {logging_mixin.py:190} INFO - [2025-04-02T08:00:29.856+0000] {dagbag.py:588} INFO - Filling up the DagBag from /home/airflow/.local/lib/python3.12/site-packages/airflow/example_dags/example_skip_dag.py
[2025-04-02T08:00:29.889+0000] {processor.py:925} INFO - DAG(s) 'example_skip_dag' retrieved from /home/airflow/.local/lib/python3.12/site-packages/airflow/example_dags/example_skip_dag.py
[2025-04-02T08:00:29.966+0000] {logging_mixin.py:190} INFO - [2025-04-02T08:00:29.965+0000] {dag.py:3239} INFO - Sync 1 DAGs
[2025-04-02T08:00:30.050+0000] {logging_mixin.py:190} INFO - [2025-04-02T08:00:30.050+0000] {dag.py:4180} INFO - Setting next_dagrun for example_skip_dag to 2025-04-01 00:00:00+00:00, run_after=2025-04-02 00:00:00+00:00
[2025-04-02T08:00:30.104+0000] {processor.py:208} INFO - Processing /home/airflow/.local/lib/python3.12/site-packages/airflow/example_dags/example_skip_dag.py took 0.296 seconds
[2025-04-02T08:01:00.931+0000] {processor.py:186} INFO - Started process (PID=7022) to work on /home/airflow/.local/lib/python3.12/site-packages/airflow/example_dags/example_skip_dag.py
[2025-04-02T08:01:00.933+0000] {processor.py:914} INFO - Processing file /home/airflow/.local/lib/python3.12/site-packages/airflow/example_dags/example_skip_dag.py for tasks to queue
[2025-04-02T08:01:00.943+0000] {logging_mixin.py:190} INFO - [2025-04-02T08:01:00.943+0000] {dagbag.py:588} INFO - Filling up the DagBag from /home/airflow/.local/lib/python3.12/site-packages/airflow/example_dags/example_skip_dag.py
[2025-04-02T08:01:00.961+0000] {processor.py:925} INFO - DAG(s) 'example_skip_dag' retrieved from /home/airflow/.local/lib/python3.12/site-packages/airflow/example_dags/example_skip_dag.py
[2025-04-02T08:01:01.026+0000] {logging_mixin.py:190} INFO - [2025-04-02T08:01:01.025+0000] {dag.py:3239} INFO - Sync 1 DAGs
[2025-04-02T08:01:01.091+0000] {logging_mixin.py:190} INFO - [2025-04-02T08:01:01.091+0000] {dag.py:4180} INFO - Setting next_dagrun for example_skip_dag to 2025-04-01 00:00:00+00:00, run_after=2025-04-02 00:00:00+00:00
[2025-04-02T08:01:01.142+0000] {processor.py:208} INFO - Processing /home/airflow/.local/lib/python3.12/site-packages/airflow/example_dags/example_skip_dag.py took 0.239 seconds
[2025-04-02T08:01:32.991+0000] {processor.py:186} INFO - Started process (PID=7107) to work on /home/airflow/.local/lib/python3.12/site-packages/airflow/example_dags/example_skip_dag.py
[2025-04-02T08:01:32.993+0000] {processor.py:914} INFO - Processing file /home/airflow/.local/lib/python3.12/site-packages/airflow/example_dags/example_skip_dag.py for tasks to queue
[2025-04-02T08:01:33.001+0000] {logging_mixin.py:190} INFO - [2025-04-02T08:01:32.998+0000] {dagbag.py:588} INFO - Filling up the DagBag from /home/airflow/.local/lib/python3.12/site-packages/airflow/example_dags/example_skip_dag.py
[2025-04-02T08:01:33.025+0000] {processor.py:925} INFO - DAG(s) 'example_skip_dag' retrieved from /home/airflow/.local/lib/python3.12/site-packages/airflow/example_dags/example_skip_dag.py
[2025-04-02T08:01:33.129+0000] {logging_mixin.py:190} INFO - [2025-04-02T08:01:33.125+0000] {dag.py:3239} INFO - Sync 1 DAGs
[2025-04-02T08:01:33.217+0000] {logging_mixin.py:190} INFO - [2025-04-02T08:01:33.217+0000] {dag.py:4180} INFO - Setting next_dagrun for example_skip_dag to 2025-04-01 00:00:00+00:00, run_after=2025-04-02 00:00:00+00:00
[2025-04-02T08:01:33.265+0000] {processor.py:208} INFO - Processing /home/airflow/.local/lib/python3.12/site-packages/airflow/example_dags/example_skip_dag.py took 0.294 seconds
[2025-04-02T08:02:03.504+0000] {processor.py:186} INFO - Started process (PID=7176) to work on /home/airflow/.local/lib/python3.12/site-packages/airflow/example_dags/example_skip_dag.py
[2025-04-02T08:02:03.506+0000] {processor.py:914} INFO - Processing file /home/airflow/.local/lib/python3.12/site-packages/airflow/example_dags/example_skip_dag.py for tasks to queue
[2025-04-02T08:02:03.515+0000] {logging_mixin.py:190} INFO - [2025-04-02T08:02:03.514+0000] {dagbag.py:588} INFO - Filling up the DagBag from /home/airflow/.local/lib/python3.12/site-packages/airflow/example_dags/example_skip_dag.py
[2025-04-02T08:02:03.536+0000] {processor.py:925} INFO - DAG(s) 'example_skip_dag' retrieved from /home/airflow/.local/lib/python3.12/site-packages/airflow/example_dags/example_skip_dag.py
[2025-04-02T08:02:03.603+0000] {logging_mixin.py:190} INFO - [2025-04-02T08:02:03.602+0000] {dag.py:3239} INFO - Sync 1 DAGs
[2025-04-02T08:02:03.658+0000] {logging_mixin.py:190} INFO - [2025-04-02T08:02:03.657+0000] {dag.py:4180} INFO - Setting next_dagrun for example_skip_dag to 2025-04-01 00:00:00+00:00, run_after=2025-04-02 00:00:00+00:00
[2025-04-02T08:02:03.696+0000] {processor.py:208} INFO - Processing /home/airflow/.local/lib/python3.12/site-packages/airflow/example_dags/example_skip_dag.py took 0.210 seconds
[2025-04-02T08:02:34.536+0000] {processor.py:186} INFO - Started process (PID=7262) to work on /home/airflow/.local/lib/python3.12/site-packages/airflow/example_dags/example_skip_dag.py
[2025-04-02T08:02:34.538+0000] {processor.py:914} INFO - Processing file /home/airflow/.local/lib/python3.12/site-packages/airflow/example_dags/example_skip_dag.py for tasks to queue
[2025-04-02T08:02:34.547+0000] {logging_mixin.py:190} INFO - [2025-04-02T08:02:34.546+0000] {dagbag.py:588} INFO - Filling up the DagBag from /home/airflow/.local/lib/python3.12/site-packages/airflow/example_dags/example_skip_dag.py
[2025-04-02T08:02:34.572+0000] {processor.py:925} INFO - DAG(s) 'example_skip_dag' retrieved from /home/airflow/.local/lib/python3.12/site-packages/airflow/example_dags/example_skip_dag.py
[2025-04-02T08:02:34.635+0000] {logging_mixin.py:190} INFO - [2025-04-02T08:02:34.634+0000] {dag.py:3239} INFO - Sync 1 DAGs
[2025-04-02T08:02:34.715+0000] {logging_mixin.py:190} INFO - [2025-04-02T08:02:34.715+0000] {dag.py:4180} INFO - Setting next_dagrun for example_skip_dag to 2025-04-01 00:00:00+00:00, run_after=2025-04-02 00:00:00+00:00
[2025-04-02T08:02:34.767+0000] {processor.py:208} INFO - Processing /home/airflow/.local/lib/python3.12/site-packages/airflow/example_dags/example_skip_dag.py took 0.251 seconds
[2025-04-02T08:03:05.813+0000] {processor.py:186} INFO - Started process (PID=7330) to work on /home/airflow/.local/lib/python3.12/site-packages/airflow/example_dags/example_skip_dag.py
[2025-04-02T08:03:05.815+0000] {processor.py:914} INFO - Processing file /home/airflow/.local/lib/python3.12/site-packages/airflow/example_dags/example_skip_dag.py for tasks to queue
[2025-04-02T08:03:05.821+0000] {logging_mixin.py:190} INFO - [2025-04-02T08:03:05.820+0000] {dagbag.py:588} INFO - Filling up the DagBag from /home/airflow/.local/lib/python3.12/site-packages/airflow/example_dags/example_skip_dag.py
[2025-04-02T08:03:05.843+0000] {processor.py:925} INFO - DAG(s) 'example_skip_dag' retrieved from /home/airflow/.local/lib/python3.12/site-packages/airflow/example_dags/example_skip_dag.py
[2025-04-02T08:03:05.906+0000] {logging_mixin.py:190} INFO - [2025-04-02T08:03:05.905+0000] {dag.py:3239} INFO - Sync 1 DAGs
[2025-04-02T08:03:05.984+0000] {logging_mixin.py:190} INFO - [2025-04-02T08:03:05.984+0000] {dag.py:4180} INFO - Setting next_dagrun for example_skip_dag to 2025-04-01 00:00:00+00:00, run_after=2025-04-02 00:00:00+00:00
[2025-04-02T08:03:06.030+0000] {processor.py:208} INFO - Processing /home/airflow/.local/lib/python3.12/site-packages/airflow/example_dags/example_skip_dag.py took 0.245 seconds
[2025-04-02T08:03:36.453+0000] {processor.py:186} INFO - Started process (PID=7408) to work on /home/airflow/.local/lib/python3.12/site-packages/airflow/example_dags/example_skip_dag.py
[2025-04-02T08:03:36.458+0000] {processor.py:914} INFO - Processing file /home/airflow/.local/lib/python3.12/site-packages/airflow/example_dags/example_skip_dag.py for tasks to queue
[2025-04-02T08:03:36.465+0000] {logging_mixin.py:190} INFO - [2025-04-02T08:03:36.464+0000] {dagbag.py:588} INFO - Filling up the DagBag from /home/airflow/.local/lib/python3.12/site-packages/airflow/example_dags/example_skip_dag.py
[2025-04-02T08:03:36.500+0000] {processor.py:925} INFO - DAG(s) 'example_skip_dag' retrieved from /home/airflow/.local/lib/python3.12/site-packages/airflow/example_dags/example_skip_dag.py
[2025-04-02T08:03:36.592+0000] {logging_mixin.py:190} INFO - [2025-04-02T08:03:36.591+0000] {dag.py:3239} INFO - Sync 1 DAGs
[2025-04-02T08:03:36.683+0000] {logging_mixin.py:190} INFO - [2025-04-02T08:03:36.683+0000] {dag.py:4180} INFO - Setting next_dagrun for example_skip_dag to 2025-04-01 00:00:00+00:00, run_after=2025-04-02 00:00:00+00:00
[2025-04-02T08:03:36.725+0000] {processor.py:208} INFO - Processing /home/airflow/.local/lib/python3.12/site-packages/airflow/example_dags/example_skip_dag.py took 0.290 seconds
[2025-04-02T08:04:07.235+0000] {processor.py:186} INFO - Started process (PID=7476) to work on /home/airflow/.local/lib/python3.12/site-packages/airflow/example_dags/example_skip_dag.py
[2025-04-02T08:04:07.240+0000] {processor.py:914} INFO - Processing file /home/airflow/.local/lib/python3.12/site-packages/airflow/example_dags/example_skip_dag.py for tasks to queue
[2025-04-02T08:04:07.247+0000] {logging_mixin.py:190} INFO - [2025-04-02T08:04:07.246+0000] {dagbag.py:588} INFO - Filling up the DagBag from /home/airflow/.local/lib/python3.12/site-packages/airflow/example_dags/example_skip_dag.py
[2025-04-02T08:04:07.277+0000] {processor.py:925} INFO - DAG(s) 'example_skip_dag' retrieved from /home/airflow/.local/lib/python3.12/site-packages/airflow/example_dags/example_skip_dag.py
[2025-04-02T08:04:07.341+0000] {logging_mixin.py:190} INFO - [2025-04-02T08:04:07.340+0000] {dag.py:3239} INFO - Sync 1 DAGs
[2025-04-02T08:04:07.431+0000] {logging_mixin.py:190} INFO - [2025-04-02T08:04:07.430+0000] {dag.py:4180} INFO - Setting next_dagrun for example_skip_dag to 2025-04-01 00:00:00+00:00, run_after=2025-04-02 00:00:00+00:00
[2025-04-02T08:04:07.484+0000] {processor.py:208} INFO - Processing /home/airflow/.local/lib/python3.12/site-packages/airflow/example_dags/example_skip_dag.py took 0.268 seconds
[2025-04-02T08:04:38.345+0000] {processor.py:186} INFO - Started process (PID=7554) to work on /home/airflow/.local/lib/python3.12/site-packages/airflow/example_dags/example_skip_dag.py
[2025-04-02T08:04:38.347+0000] {processor.py:914} INFO - Processing file /home/airflow/.local/lib/python3.12/site-packages/airflow/example_dags/example_skip_dag.py for tasks to queue
[2025-04-02T08:04:38.362+0000] {logging_mixin.py:190} INFO - [2025-04-02T08:04:38.361+0000] {dagbag.py:588} INFO - Filling up the DagBag from /home/airflow/.local/lib/python3.12/site-packages/airflow/example_dags/example_skip_dag.py
[2025-04-02T08:04:38.419+0000] {processor.py:925} INFO - DAG(s) 'example_skip_dag' retrieved from /home/airflow/.local/lib/python3.12/site-packages/airflow/example_dags/example_skip_dag.py
[2025-04-02T08:04:38.568+0000] {logging_mixin.py:190} INFO - [2025-04-02T08:04:38.567+0000] {dag.py:3239} INFO - Sync 1 DAGs
[2025-04-02T08:04:38.665+0000] {logging_mixin.py:190} INFO - [2025-04-02T08:04:38.661+0000] {dag.py:4180} INFO - Setting next_dagrun for example_skip_dag to 2025-04-01 00:00:00+00:00, run_after=2025-04-02 00:00:00+00:00
[2025-04-02T08:04:38.742+0000] {processor.py:208} INFO - Processing /home/airflow/.local/lib/python3.12/site-packages/airflow/example_dags/example_skip_dag.py took 0.442 seconds
[2025-04-02T08:05:09.425+0000] {processor.py:186} INFO - Started process (PID=7627) to work on /home/airflow/.local/lib/python3.12/site-packages/airflow/example_dags/example_skip_dag.py
[2025-04-02T08:05:09.427+0000] {processor.py:914} INFO - Processing file /home/airflow/.local/lib/python3.12/site-packages/airflow/example_dags/example_skip_dag.py for tasks to queue
[2025-04-02T08:05:09.436+0000] {logging_mixin.py:190} INFO - [2025-04-02T08:05:09.436+0000] {dagbag.py:588} INFO - Filling up the DagBag from /home/airflow/.local/lib/python3.12/site-packages/airflow/example_dags/example_skip_dag.py
[2025-04-02T08:05:09.468+0000] {processor.py:925} INFO - DAG(s) 'example_skip_dag' retrieved from /home/airflow/.local/lib/python3.12/site-packages/airflow/example_dags/example_skip_dag.py
[2025-04-02T08:05:09.543+0000] {logging_mixin.py:190} INFO - [2025-04-02T08:05:09.542+0000] {dag.py:3239} INFO - Sync 1 DAGs
[2025-04-02T08:05:09.644+0000] {logging_mixin.py:190} INFO - [2025-04-02T08:05:09.643+0000] {dag.py:4180} INFO - Setting next_dagrun for example_skip_dag to 2025-04-01 00:00:00+00:00, run_after=2025-04-02 00:00:00+00:00
[2025-04-02T08:05:09.727+0000] {processor.py:208} INFO - Processing /home/airflow/.local/lib/python3.12/site-packages/airflow/example_dags/example_skip_dag.py took 0.326 seconds
[2025-04-02T08:05:39.970+0000] {processor.py:186} INFO - Started process (PID=7700) to work on /home/airflow/.local/lib/python3.12/site-packages/airflow/example_dags/example_skip_dag.py
[2025-04-02T08:05:39.974+0000] {processor.py:914} INFO - Processing file /home/airflow/.local/lib/python3.12/site-packages/airflow/example_dags/example_skip_dag.py for tasks to queue
[2025-04-02T08:05:39.981+0000] {logging_mixin.py:190} INFO - [2025-04-02T08:05:39.980+0000] {dagbag.py:588} INFO - Filling up the DagBag from /home/airflow/.local/lib/python3.12/site-packages/airflow/example_dags/example_skip_dag.py
[2025-04-02T08:05:40.007+0000] {processor.py:925} INFO - DAG(s) 'example_skip_dag' retrieved from /home/airflow/.local/lib/python3.12/site-packages/airflow/example_dags/example_skip_dag.py
[2025-04-02T08:05:40.061+0000] {logging_mixin.py:190} INFO - [2025-04-02T08:05:40.060+0000] {dag.py:3239} INFO - Sync 1 DAGs
[2025-04-02T08:05:40.115+0000] {logging_mixin.py:190} INFO - [2025-04-02T08:05:40.115+0000] {dag.py:4180} INFO - Setting next_dagrun for example_skip_dag to 2025-04-01 00:00:00+00:00, run_after=2025-04-02 00:00:00+00:00
[2025-04-02T08:05:40.155+0000] {processor.py:208} INFO - Processing /home/airflow/.local/lib/python3.12/site-packages/airflow/example_dags/example_skip_dag.py took 0.206 seconds
[2025-04-02T08:06:28.237+0000] {processor.py:186} INFO - Started process (PID=7768) to work on /home/airflow/.local/lib/python3.12/site-packages/airflow/example_dags/example_skip_dag.py
[2025-04-02T08:06:28.242+0000] {processor.py:914} INFO - Processing file /home/airflow/.local/lib/python3.12/site-packages/airflow/example_dags/example_skip_dag.py for tasks to queue
[2025-04-02T08:06:28.256+0000] {logging_mixin.py:190} INFO - [2025-04-02T08:06:28.252+0000] {dagbag.py:588} INFO - Filling up the DagBag from /home/airflow/.local/lib/python3.12/site-packages/airflow/example_dags/example_skip_dag.py
[2025-04-02T08:06:28.286+0000] {processor.py:925} INFO - DAG(s) 'example_skip_dag' retrieved from /home/airflow/.local/lib/python3.12/site-packages/airflow/example_dags/example_skip_dag.py
[2025-04-02T08:06:28.394+0000] {logging_mixin.py:190} INFO - [2025-04-02T08:06:28.392+0000] {dag.py:3239} INFO - Sync 1 DAGs
[2025-04-02T08:06:28.476+0000] {logging_mixin.py:190} INFO - [2025-04-02T08:06:28.475+0000] {dag.py:4180} INFO - Setting next_dagrun for example_skip_dag to 2025-04-01 00:00:00+00:00, run_after=2025-04-02 00:00:00+00:00
[2025-04-02T08:06:28.542+0000] {processor.py:208} INFO - Processing /home/airflow/.local/lib/python3.12/site-packages/airflow/example_dags/example_skip_dag.py took 0.341 seconds
[2025-04-02T08:06:59.174+0000] {processor.py:186} INFO - Started process (PID=7838) to work on /home/airflow/.local/lib/python3.12/site-packages/airflow/example_dags/example_skip_dag.py
[2025-04-02T08:06:59.176+0000] {processor.py:914} INFO - Processing file /home/airflow/.local/lib/python3.12/site-packages/airflow/example_dags/example_skip_dag.py for tasks to queue
[2025-04-02T08:06:59.182+0000] {logging_mixin.py:190} INFO - [2025-04-02T08:06:59.181+0000] {dagbag.py:588} INFO - Filling up the DagBag from /home/airflow/.local/lib/python3.12/site-packages/airflow/example_dags/example_skip_dag.py
[2025-04-02T08:06:59.202+0000] {processor.py:925} INFO - DAG(s) 'example_skip_dag' retrieved from /home/airflow/.local/lib/python3.12/site-packages/airflow/example_dags/example_skip_dag.py
[2025-04-02T08:06:59.282+0000] {logging_mixin.py:190} INFO - [2025-04-02T08:06:59.281+0000] {dag.py:3239} INFO - Sync 1 DAGs
[2025-04-02T08:06:59.377+0000] {logging_mixin.py:190} INFO - [2025-04-02T08:06:59.377+0000] {dag.py:4180} INFO - Setting next_dagrun for example_skip_dag to 2025-04-01 00:00:00+00:00, run_after=2025-04-02 00:00:00+00:00
[2025-04-02T08:06:59.460+0000] {processor.py:208} INFO - Processing /home/airflow/.local/lib/python3.12/site-packages/airflow/example_dags/example_skip_dag.py took 0.302 seconds
[2025-04-02T08:07:30.196+0000] {processor.py:186} INFO - Started process (PID=7927) to work on /home/airflow/.local/lib/python3.12/site-packages/airflow/example_dags/example_skip_dag.py
[2025-04-02T08:07:30.199+0000] {processor.py:914} INFO - Processing file /home/airflow/.local/lib/python3.12/site-packages/airflow/example_dags/example_skip_dag.py for tasks to queue
[2025-04-02T08:07:30.205+0000] {logging_mixin.py:190} INFO - [2025-04-02T08:07:30.204+0000] {dagbag.py:588} INFO - Filling up the DagBag from /home/airflow/.local/lib/python3.12/site-packages/airflow/example_dags/example_skip_dag.py
[2025-04-02T08:07:30.231+0000] {processor.py:925} INFO - DAG(s) 'example_skip_dag' retrieved from /home/airflow/.local/lib/python3.12/site-packages/airflow/example_dags/example_skip_dag.py
[2025-04-02T08:07:30.287+0000] {logging_mixin.py:190} INFO - [2025-04-02T08:07:30.286+0000] {dag.py:3239} INFO - Sync 1 DAGs
[2025-04-02T08:07:30.344+0000] {logging_mixin.py:190} INFO - [2025-04-02T08:07:30.343+0000] {dag.py:4180} INFO - Setting next_dagrun for example_skip_dag to 2025-04-01 00:00:00+00:00, run_after=2025-04-02 00:00:00+00:00
[2025-04-02T08:07:30.421+0000] {processor.py:208} INFO - Processing /home/airflow/.local/lib/python3.12/site-packages/airflow/example_dags/example_skip_dag.py took 0.243 seconds
[2025-04-02T08:08:00.950+0000] {processor.py:186} INFO - Started process (PID=7991) to work on /home/airflow/.local/lib/python3.12/site-packages/airflow/example_dags/example_skip_dag.py
[2025-04-02T08:08:00.953+0000] {processor.py:914} INFO - Processing file /home/airflow/.local/lib/python3.12/site-packages/airflow/example_dags/example_skip_dag.py for tasks to queue
[2025-04-02T08:08:00.958+0000] {logging_mixin.py:190} INFO - [2025-04-02T08:08:00.958+0000] {dagbag.py:588} INFO - Filling up the DagBag from /home/airflow/.local/lib/python3.12/site-packages/airflow/example_dags/example_skip_dag.py
[2025-04-02T08:08:00.978+0000] {processor.py:925} INFO - DAG(s) 'example_skip_dag' retrieved from /home/airflow/.local/lib/python3.12/site-packages/airflow/example_dags/example_skip_dag.py
[2025-04-02T08:08:01.031+0000] {logging_mixin.py:190} INFO - [2025-04-02T08:08:01.030+0000] {dag.py:3239} INFO - Sync 1 DAGs
[2025-04-02T08:08:01.087+0000] {logging_mixin.py:190} INFO - [2025-04-02T08:08:01.086+0000] {dag.py:4180} INFO - Setting next_dagrun for example_skip_dag to 2025-04-01 00:00:00+00:00, run_after=2025-04-02 00:00:00+00:00
[2025-04-02T08:08:01.123+0000] {processor.py:208} INFO - Processing /home/airflow/.local/lib/python3.12/site-packages/airflow/example_dags/example_skip_dag.py took 0.191 seconds
[2025-04-02T08:08:32.465+0000] {processor.py:186} INFO - Started process (PID=8054) to work on /home/airflow/.local/lib/python3.12/site-packages/airflow/example_dags/example_skip_dag.py
[2025-04-02T08:08:32.475+0000] {processor.py:914} INFO - Processing file /home/airflow/.local/lib/python3.12/site-packages/airflow/example_dags/example_skip_dag.py for tasks to queue
[2025-04-02T08:08:32.493+0000] {logging_mixin.py:190} INFO - [2025-04-02T08:08:32.486+0000] {dagbag.py:588} INFO - Filling up the DagBag from /home/airflow/.local/lib/python3.12/site-packages/airflow/example_dags/example_skip_dag.py
[2025-04-02T08:08:32.560+0000] {processor.py:925} INFO - DAG(s) 'example_skip_dag' retrieved from /home/airflow/.local/lib/python3.12/site-packages/airflow/example_dags/example_skip_dag.py
[2025-04-02T08:08:32.700+0000] {logging_mixin.py:190} INFO - [2025-04-02T08:08:32.699+0000] {dag.py:3239} INFO - Sync 1 DAGs
[2025-04-02T08:08:32.864+0000] {logging_mixin.py:190} INFO - [2025-04-02T08:08:32.863+0000] {dag.py:4180} INFO - Setting next_dagrun for example_skip_dag to 2025-04-01 00:00:00+00:00, run_after=2025-04-02 00:00:00+00:00
[2025-04-02T08:08:32.998+0000] {processor.py:208} INFO - Processing /home/airflow/.local/lib/python3.12/site-packages/airflow/example_dags/example_skip_dag.py took 0.580 seconds
[2025-04-02T08:09:03.569+0000] {processor.py:186} INFO - Started process (PID=8132) to work on /home/airflow/.local/lib/python3.12/site-packages/airflow/example_dags/example_skip_dag.py
[2025-04-02T08:09:03.574+0000] {processor.py:914} INFO - Processing file /home/airflow/.local/lib/python3.12/site-packages/airflow/example_dags/example_skip_dag.py for tasks to queue
[2025-04-02T08:09:03.588+0000] {logging_mixin.py:190} INFO - [2025-04-02T08:09:03.585+0000] {dagbag.py:588} INFO - Filling up the DagBag from /home/airflow/.local/lib/python3.12/site-packages/airflow/example_dags/example_skip_dag.py
[2025-04-02T08:09:03.645+0000] {processor.py:925} INFO - DAG(s) 'example_skip_dag' retrieved from /home/airflow/.local/lib/python3.12/site-packages/airflow/example_dags/example_skip_dag.py
[2025-04-02T08:09:03.806+0000] {logging_mixin.py:190} INFO - [2025-04-02T08:09:03.805+0000] {dag.py:3239} INFO - Sync 1 DAGs
[2025-04-02T08:09:03.937+0000] {logging_mixin.py:190} INFO - [2025-04-02T08:09:03.937+0000] {dag.py:4180} INFO - Setting next_dagrun for example_skip_dag to 2025-04-01 00:00:00+00:00, run_after=2025-04-02 00:00:00+00:00
[2025-04-02T08:09:04.007+0000] {processor.py:208} INFO - Processing /home/airflow/.local/lib/python3.12/site-packages/airflow/example_dags/example_skip_dag.py took 0.474 seconds
[2025-04-02T08:09:34.945+0000] {processor.py:186} INFO - Started process (PID=8204) to work on /home/airflow/.local/lib/python3.12/site-packages/airflow/example_dags/example_skip_dag.py
[2025-04-02T08:09:34.949+0000] {processor.py:914} INFO - Processing file /home/airflow/.local/lib/python3.12/site-packages/airflow/example_dags/example_skip_dag.py for tasks to queue
[2025-04-02T08:09:34.960+0000] {logging_mixin.py:190} INFO - [2025-04-02T08:09:34.958+0000] {dagbag.py:588} INFO - Filling up the DagBag from /home/airflow/.local/lib/python3.12/site-packages/airflow/example_dags/example_skip_dag.py
[2025-04-02T08:09:34.988+0000] {processor.py:925} INFO - DAG(s) 'example_skip_dag' retrieved from /home/airflow/.local/lib/python3.12/site-packages/airflow/example_dags/example_skip_dag.py
[2025-04-02T08:09:35.055+0000] {logging_mixin.py:190} INFO - [2025-04-02T08:09:35.054+0000] {dag.py:3239} INFO - Sync 1 DAGs
[2025-04-02T08:09:35.117+0000] {logging_mixin.py:190} INFO - [2025-04-02T08:09:35.116+0000] {dag.py:4180} INFO - Setting next_dagrun for example_skip_dag to 2025-04-01 00:00:00+00:00, run_after=2025-04-02 00:00:00+00:00
[2025-04-02T08:09:35.168+0000] {processor.py:208} INFO - Processing /home/airflow/.local/lib/python3.12/site-packages/airflow/example_dags/example_skip_dag.py took 0.253 seconds
[2025-04-02T08:10:05.368+0000] {processor.py:186} INFO - Started process (PID=8277) to work on /home/airflow/.local/lib/python3.12/site-packages/airflow/example_dags/example_skip_dag.py
[2025-04-02T08:10:05.371+0000] {processor.py:914} INFO - Processing file /home/airflow/.local/lib/python3.12/site-packages/airflow/example_dags/example_skip_dag.py for tasks to queue
[2025-04-02T08:10:05.377+0000] {logging_mixin.py:190} INFO - [2025-04-02T08:10:05.377+0000] {dagbag.py:588} INFO - Filling up the DagBag from /home/airflow/.local/lib/python3.12/site-packages/airflow/example_dags/example_skip_dag.py
[2025-04-02T08:10:05.399+0000] {processor.py:925} INFO - DAG(s) 'example_skip_dag' retrieved from /home/airflow/.local/lib/python3.12/site-packages/airflow/example_dags/example_skip_dag.py
[2025-04-02T08:10:05.475+0000] {logging_mixin.py:190} INFO - [2025-04-02T08:10:05.473+0000] {dag.py:3239} INFO - Sync 1 DAGs
[2025-04-02T08:10:05.548+0000] {logging_mixin.py:190} INFO - [2025-04-02T08:10:05.547+0000] {dag.py:4180} INFO - Setting next_dagrun for example_skip_dag to 2025-04-01 00:00:00+00:00, run_after=2025-04-02 00:00:00+00:00
[2025-04-02T08:10:05.596+0000] {processor.py:208} INFO - Processing /home/airflow/.local/lib/python3.12/site-packages/airflow/example_dags/example_skip_dag.py took 0.251 seconds
[2025-04-02T08:10:36.079+0000] {processor.py:186} INFO - Started process (PID=8341) to work on /home/airflow/.local/lib/python3.12/site-packages/airflow/example_dags/example_skip_dag.py
[2025-04-02T08:10:36.084+0000] {processor.py:914} INFO - Processing file /home/airflow/.local/lib/python3.12/site-packages/airflow/example_dags/example_skip_dag.py for tasks to queue
[2025-04-02T08:10:36.099+0000] {logging_mixin.py:190} INFO - [2025-04-02T08:10:36.098+0000] {dagbag.py:588} INFO - Filling up the DagBag from /home/airflow/.local/lib/python3.12/site-packages/airflow/example_dags/example_skip_dag.py
[2025-04-02T08:10:36.132+0000] {processor.py:925} INFO - DAG(s) 'example_skip_dag' retrieved from /home/airflow/.local/lib/python3.12/site-packages/airflow/example_dags/example_skip_dag.py
[2025-04-02T08:10:36.209+0000] {logging_mixin.py:190} INFO - [2025-04-02T08:10:36.207+0000] {dag.py:3239} INFO - Sync 1 DAGs
[2025-04-02T08:10:36.298+0000] {logging_mixin.py:190} INFO - [2025-04-02T08:10:36.297+0000] {dag.py:4180} INFO - Setting next_dagrun for example_skip_dag to 2025-04-01 00:00:00+00:00, run_after=2025-04-02 00:00:00+00:00
[2025-04-02T08:10:36.354+0000] {processor.py:208} INFO - Processing /home/airflow/.local/lib/python3.12/site-packages/airflow/example_dags/example_skip_dag.py took 0.298 seconds
[2025-04-02T08:11:06.418+0000] {processor.py:186} INFO - Started process (PID=8409) to work on /home/airflow/.local/lib/python3.12/site-packages/airflow/example_dags/example_skip_dag.py
[2025-04-02T08:11:06.420+0000] {processor.py:914} INFO - Processing file /home/airflow/.local/lib/python3.12/site-packages/airflow/example_dags/example_skip_dag.py for tasks to queue
[2025-04-02T08:11:06.424+0000] {logging_mixin.py:190} INFO - [2025-04-02T08:11:06.423+0000] {dagbag.py:588} INFO - Filling up the DagBag from /home/airflow/.local/lib/python3.12/site-packages/airflow/example_dags/example_skip_dag.py
[2025-04-02T08:11:06.439+0000] {processor.py:925} INFO - DAG(s) 'example_skip_dag' retrieved from /home/airflow/.local/lib/python3.12/site-packages/airflow/example_dags/example_skip_dag.py
[2025-04-02T08:11:06.475+0000] {logging_mixin.py:190} INFO - [2025-04-02T08:11:06.474+0000] {dag.py:3239} INFO - Sync 1 DAGs
[2025-04-02T08:11:06.514+0000] {logging_mixin.py:190} INFO - [2025-04-02T08:11:06.514+0000] {dag.py:4180} INFO - Setting next_dagrun for example_skip_dag to 2025-04-01 00:00:00+00:00, run_after=2025-04-02 00:00:00+00:00
[2025-04-02T08:11:06.542+0000] {processor.py:208} INFO - Processing /home/airflow/.local/lib/python3.12/site-packages/airflow/example_dags/example_skip_dag.py took 0.136 seconds
[2025-04-02T08:11:36.735+0000] {processor.py:186} INFO - Started process (PID=8473) to work on /home/airflow/.local/lib/python3.12/site-packages/airflow/example_dags/example_skip_dag.py
[2025-04-02T08:11:36.736+0000] {processor.py:914} INFO - Processing file /home/airflow/.local/lib/python3.12/site-packages/airflow/example_dags/example_skip_dag.py for tasks to queue
[2025-04-02T08:11:36.740+0000] {logging_mixin.py:190} INFO - [2025-04-02T08:11:36.740+0000] {dagbag.py:588} INFO - Filling up the DagBag from /home/airflow/.local/lib/python3.12/site-packages/airflow/example_dags/example_skip_dag.py
[2025-04-02T08:11:36.756+0000] {processor.py:925} INFO - DAG(s) 'example_skip_dag' retrieved from /home/airflow/.local/lib/python3.12/site-packages/airflow/example_dags/example_skip_dag.py
[2025-04-02T08:11:36.794+0000] {logging_mixin.py:190} INFO - [2025-04-02T08:11:36.793+0000] {dag.py:3239} INFO - Sync 1 DAGs
[2025-04-02T08:11:36.835+0000] {logging_mixin.py:190} INFO - [2025-04-02T08:11:36.835+0000] {dag.py:4180} INFO - Setting next_dagrun for example_skip_dag to 2025-04-01 00:00:00+00:00, run_after=2025-04-02 00:00:00+00:00
[2025-04-02T08:11:36.864+0000] {processor.py:208} INFO - Processing /home/airflow/.local/lib/python3.12/site-packages/airflow/example_dags/example_skip_dag.py took 0.141 seconds
[2025-04-02T08:12:06.939+0000] {processor.py:186} INFO - Started process (PID=8537) to work on /home/airflow/.local/lib/python3.12/site-packages/airflow/example_dags/example_skip_dag.py
[2025-04-02T08:12:06.941+0000] {processor.py:914} INFO - Processing file /home/airflow/.local/lib/python3.12/site-packages/airflow/example_dags/example_skip_dag.py for tasks to queue
[2025-04-02T08:12:06.946+0000] {logging_mixin.py:190} INFO - [2025-04-02T08:12:06.946+0000] {dagbag.py:588} INFO - Filling up the DagBag from /home/airflow/.local/lib/python3.12/site-packages/airflow/example_dags/example_skip_dag.py
[2025-04-02T08:12:06.961+0000] {processor.py:925} INFO - DAG(s) 'example_skip_dag' retrieved from /home/airflow/.local/lib/python3.12/site-packages/airflow/example_dags/example_skip_dag.py
[2025-04-02T08:12:06.999+0000] {logging_mixin.py:190} INFO - [2025-04-02T08:12:06.998+0000] {dag.py:3239} INFO - Sync 1 DAGs
[2025-04-02T08:12:07.039+0000] {logging_mixin.py:190} INFO - [2025-04-02T08:12:07.039+0000] {dag.py:4180} INFO - Setting next_dagrun for example_skip_dag to 2025-04-01 00:00:00+00:00, run_after=2025-04-02 00:00:00+00:00
[2025-04-02T08:12:07.067+0000] {processor.py:208} INFO - Processing /home/airflow/.local/lib/python3.12/site-packages/airflow/example_dags/example_skip_dag.py took 0.140 seconds
[2025-04-02T08:12:37.184+0000] {processor.py:186} INFO - Started process (PID=8601) to work on /home/airflow/.local/lib/python3.12/site-packages/airflow/example_dags/example_skip_dag.py
[2025-04-02T08:12:37.185+0000] {processor.py:914} INFO - Processing file /home/airflow/.local/lib/python3.12/site-packages/airflow/example_dags/example_skip_dag.py for tasks to queue
[2025-04-02T08:12:37.190+0000] {logging_mixin.py:190} INFO - [2025-04-02T08:12:37.189+0000] {dagbag.py:588} INFO - Filling up the DagBag from /home/airflow/.local/lib/python3.12/site-packages/airflow/example_dags/example_skip_dag.py
[2025-04-02T08:12:37.205+0000] {processor.py:925} INFO - DAG(s) 'example_skip_dag' retrieved from /home/airflow/.local/lib/python3.12/site-packages/airflow/example_dags/example_skip_dag.py
[2025-04-02T08:12:37.242+0000] {logging_mixin.py:190} INFO - [2025-04-02T08:12:37.241+0000] {dag.py:3239} INFO - Sync 1 DAGs
[2025-04-02T08:12:37.281+0000] {logging_mixin.py:190} INFO - [2025-04-02T08:12:37.281+0000] {dag.py:4180} INFO - Setting next_dagrun for example_skip_dag to 2025-04-01 00:00:00+00:00, run_after=2025-04-02 00:00:00+00:00
[2025-04-02T08:12:37.310+0000] {processor.py:208} INFO - Processing /home/airflow/.local/lib/python3.12/site-packages/airflow/example_dags/example_skip_dag.py took 0.137 seconds
[2025-04-02T08:13:07.814+0000] {processor.py:186} INFO - Started process (PID=8665) to work on /home/airflow/.local/lib/python3.12/site-packages/airflow/example_dags/example_skip_dag.py
[2025-04-02T08:13:07.817+0000] {processor.py:914} INFO - Processing file /home/airflow/.local/lib/python3.12/site-packages/airflow/example_dags/example_skip_dag.py for tasks to queue
[2025-04-02T08:13:07.821+0000] {logging_mixin.py:190} INFO - [2025-04-02T08:13:07.820+0000] {dagbag.py:588} INFO - Filling up the DagBag from /home/airflow/.local/lib/python3.12/site-packages/airflow/example_dags/example_skip_dag.py
[2025-04-02T08:13:07.837+0000] {processor.py:925} INFO - DAG(s) 'example_skip_dag' retrieved from /home/airflow/.local/lib/python3.12/site-packages/airflow/example_dags/example_skip_dag.py
[2025-04-02T08:13:07.883+0000] {logging_mixin.py:190} INFO - [2025-04-02T08:13:07.882+0000] {dag.py:3239} INFO - Sync 1 DAGs
[2025-04-02T08:13:07.929+0000] {logging_mixin.py:190} INFO - [2025-04-02T08:13:07.928+0000] {dag.py:4180} INFO - Setting next_dagrun for example_skip_dag to 2025-04-01 00:00:00+00:00, run_after=2025-04-02 00:00:00+00:00
[2025-04-02T08:13:07.960+0000] {processor.py:208} INFO - Processing /home/airflow/.local/lib/python3.12/site-packages/airflow/example_dags/example_skip_dag.py took 0.156 seconds
[2025-04-02T08:13:38.004+0000] {processor.py:186} INFO - Started process (PID=8729) to work on /home/airflow/.local/lib/python3.12/site-packages/airflow/example_dags/example_skip_dag.py
[2025-04-02T08:13:38.006+0000] {processor.py:914} INFO - Processing file /home/airflow/.local/lib/python3.12/site-packages/airflow/example_dags/example_skip_dag.py for tasks to queue
[2025-04-02T08:13:38.010+0000] {logging_mixin.py:190} INFO - [2025-04-02T08:13:38.009+0000] {dagbag.py:588} INFO - Filling up the DagBag from /home/airflow/.local/lib/python3.12/site-packages/airflow/example_dags/example_skip_dag.py
[2025-04-02T08:13:38.025+0000] {processor.py:925} INFO - DAG(s) 'example_skip_dag' retrieved from /home/airflow/.local/lib/python3.12/site-packages/airflow/example_dags/example_skip_dag.py
[2025-04-02T08:13:38.071+0000] {logging_mixin.py:190} INFO - [2025-04-02T08:13:38.070+0000] {dag.py:3239} INFO - Sync 1 DAGs
[2025-04-02T08:13:38.121+0000] {logging_mixin.py:190} INFO - [2025-04-02T08:13:38.120+0000] {dag.py:4180} INFO - Setting next_dagrun for example_skip_dag to 2025-04-01 00:00:00+00:00, run_after=2025-04-02 00:00:00+00:00
[2025-04-02T08:13:38.152+0000] {processor.py:208} INFO - Processing /home/airflow/.local/lib/python3.12/site-packages/airflow/example_dags/example_skip_dag.py took 0.159 seconds
[2025-04-02T08:14:08.465+0000] {processor.py:186} INFO - Started process (PID=8793) to work on /home/airflow/.local/lib/python3.12/site-packages/airflow/example_dags/example_skip_dag.py
[2025-04-02T08:14:08.467+0000] {processor.py:914} INFO - Processing file /home/airflow/.local/lib/python3.12/site-packages/airflow/example_dags/example_skip_dag.py for tasks to queue
[2025-04-02T08:14:08.472+0000] {logging_mixin.py:190} INFO - [2025-04-02T08:14:08.471+0000] {dagbag.py:588} INFO - Filling up the DagBag from /home/airflow/.local/lib/python3.12/site-packages/airflow/example_dags/example_skip_dag.py
[2025-04-02T08:14:08.487+0000] {processor.py:925} INFO - DAG(s) 'example_skip_dag' retrieved from /home/airflow/.local/lib/python3.12/site-packages/airflow/example_dags/example_skip_dag.py
[2025-04-02T08:14:08.529+0000] {logging_mixin.py:190} INFO - [2025-04-02T08:14:08.528+0000] {dag.py:3239} INFO - Sync 1 DAGs
[2025-04-02T08:14:08.573+0000] {logging_mixin.py:190} INFO - [2025-04-02T08:14:08.573+0000] {dag.py:4180} INFO - Setting next_dagrun for example_skip_dag to 2025-04-01 00:00:00+00:00, run_after=2025-04-02 00:00:00+00:00
[2025-04-02T08:14:08.606+0000] {processor.py:208} INFO - Processing /home/airflow/.local/lib/python3.12/site-packages/airflow/example_dags/example_skip_dag.py took 0.152 seconds
[2025-04-02T08:14:39.089+0000] {processor.py:186} INFO - Started process (PID=8857) to work on /home/airflow/.local/lib/python3.12/site-packages/airflow/example_dags/example_skip_dag.py
[2025-04-02T08:14:39.090+0000] {processor.py:914} INFO - Processing file /home/airflow/.local/lib/python3.12/site-packages/airflow/example_dags/example_skip_dag.py for tasks to queue
[2025-04-02T08:14:39.094+0000] {logging_mixin.py:190} INFO - [2025-04-02T08:14:39.094+0000] {dagbag.py:588} INFO - Filling up the DagBag from /home/airflow/.local/lib/python3.12/site-packages/airflow/example_dags/example_skip_dag.py
[2025-04-02T08:14:39.110+0000] {processor.py:925} INFO - DAG(s) 'example_skip_dag' retrieved from /home/airflow/.local/lib/python3.12/site-packages/airflow/example_dags/example_skip_dag.py
[2025-04-02T08:14:39.154+0000] {logging_mixin.py:190} INFO - [2025-04-02T08:14:39.153+0000] {dag.py:3239} INFO - Sync 1 DAGs
[2025-04-02T08:14:39.196+0000] {logging_mixin.py:190} INFO - [2025-04-02T08:14:39.196+0000] {dag.py:4180} INFO - Setting next_dagrun for example_skip_dag to 2025-04-01 00:00:00+00:00, run_after=2025-04-02 00:00:00+00:00
[2025-04-02T08:14:39.226+0000] {processor.py:208} INFO - Processing /home/airflow/.local/lib/python3.12/site-packages/airflow/example_dags/example_skip_dag.py took 0.151 seconds
[2025-04-02T08:15:09.578+0000] {processor.py:186} INFO - Started process (PID=8921) to work on /home/airflow/.local/lib/python3.12/site-packages/airflow/example_dags/example_skip_dag.py
[2025-04-02T08:15:09.580+0000] {processor.py:914} INFO - Processing file /home/airflow/.local/lib/python3.12/site-packages/airflow/example_dags/example_skip_dag.py for tasks to queue
[2025-04-02T08:15:09.587+0000] {logging_mixin.py:190} INFO - [2025-04-02T08:15:09.586+0000] {dagbag.py:588} INFO - Filling up the DagBag from /home/airflow/.local/lib/python3.12/site-packages/airflow/example_dags/example_skip_dag.py
[2025-04-02T08:15:09.605+0000] {processor.py:925} INFO - DAG(s) 'example_skip_dag' retrieved from /home/airflow/.local/lib/python3.12/site-packages/airflow/example_dags/example_skip_dag.py
[2025-04-02T08:15:09.649+0000] {logging_mixin.py:190} INFO - [2025-04-02T08:15:09.648+0000] {dag.py:3239} INFO - Sync 1 DAGs
[2025-04-02T08:15:09.690+0000] {logging_mixin.py:190} INFO - [2025-04-02T08:15:09.689+0000] {dag.py:4180} INFO - Setting next_dagrun for example_skip_dag to 2025-04-01 00:00:00+00:00, run_after=2025-04-02 00:00:00+00:00
[2025-04-02T08:15:09.722+0000] {processor.py:208} INFO - Processing /home/airflow/.local/lib/python3.12/site-packages/airflow/example_dags/example_skip_dag.py took 0.159 seconds
[2025-04-02T08:15:39.914+0000] {processor.py:186} INFO - Started process (PID=8985) to work on /home/airflow/.local/lib/python3.12/site-packages/airflow/example_dags/example_skip_dag.py
[2025-04-02T08:15:39.916+0000] {processor.py:914} INFO - Processing file /home/airflow/.local/lib/python3.12/site-packages/airflow/example_dags/example_skip_dag.py for tasks to queue
[2025-04-02T08:15:39.922+0000] {logging_mixin.py:190} INFO - [2025-04-02T08:15:39.921+0000] {dagbag.py:588} INFO - Filling up the DagBag from /home/airflow/.local/lib/python3.12/site-packages/airflow/example_dags/example_skip_dag.py
[2025-04-02T08:15:39.938+0000] {processor.py:925} INFO - DAG(s) 'example_skip_dag' retrieved from /home/airflow/.local/lib/python3.12/site-packages/airflow/example_dags/example_skip_dag.py
[2025-04-02T08:15:39.978+0000] {logging_mixin.py:190} INFO - [2025-04-02T08:15:39.977+0000] {dag.py:3239} INFO - Sync 1 DAGs
[2025-04-02T08:15:40.025+0000] {logging_mixin.py:190} INFO - [2025-04-02T08:15:40.025+0000] {dag.py:4180} INFO - Setting next_dagrun for example_skip_dag to 2025-04-01 00:00:00+00:00, run_after=2025-04-02 00:00:00+00:00
[2025-04-02T08:15:40.055+0000] {processor.py:208} INFO - Processing /home/airflow/.local/lib/python3.12/site-packages/airflow/example_dags/example_skip_dag.py took 0.155 seconds
[2025-04-02T08:16:10.236+0000] {processor.py:186} INFO - Started process (PID=9049) to work on /home/airflow/.local/lib/python3.12/site-packages/airflow/example_dags/example_skip_dag.py
[2025-04-02T08:16:10.239+0000] {processor.py:914} INFO - Processing file /home/airflow/.local/lib/python3.12/site-packages/airflow/example_dags/example_skip_dag.py for tasks to queue
[2025-04-02T08:16:10.243+0000] {logging_mixin.py:190} INFO - [2025-04-02T08:16:10.242+0000] {dagbag.py:588} INFO - Filling up the DagBag from /home/airflow/.local/lib/python3.12/site-packages/airflow/example_dags/example_skip_dag.py
[2025-04-02T08:16:10.259+0000] {processor.py:925} INFO - DAG(s) 'example_skip_dag' retrieved from /home/airflow/.local/lib/python3.12/site-packages/airflow/example_dags/example_skip_dag.py
[2025-04-02T08:16:10.301+0000] {logging_mixin.py:190} INFO - [2025-04-02T08:16:10.300+0000] {dag.py:3239} INFO - Sync 1 DAGs
[2025-04-02T08:16:10.346+0000] {logging_mixin.py:190} INFO - [2025-04-02T08:16:10.346+0000] {dag.py:4180} INFO - Setting next_dagrun for example_skip_dag to 2025-04-01 00:00:00+00:00, run_after=2025-04-02 00:00:00+00:00
[2025-04-02T08:16:10.380+0000] {processor.py:208} INFO - Processing /home/airflow/.local/lib/python3.12/site-packages/airflow/example_dags/example_skip_dag.py took 0.155 seconds
[2025-04-02T08:16:40.505+0000] {processor.py:186} INFO - Started process (PID=9113) to work on /home/airflow/.local/lib/python3.12/site-packages/airflow/example_dags/example_skip_dag.py
[2025-04-02T08:16:40.507+0000] {processor.py:914} INFO - Processing file /home/airflow/.local/lib/python3.12/site-packages/airflow/example_dags/example_skip_dag.py for tasks to queue
[2025-04-02T08:16:40.512+0000] {logging_mixin.py:190} INFO - [2025-04-02T08:16:40.511+0000] {dagbag.py:588} INFO - Filling up the DagBag from /home/airflow/.local/lib/python3.12/site-packages/airflow/example_dags/example_skip_dag.py
[2025-04-02T08:16:40.527+0000] {processor.py:925} INFO - DAG(s) 'example_skip_dag' retrieved from /home/airflow/.local/lib/python3.12/site-packages/airflow/example_dags/example_skip_dag.py
[2025-04-02T08:16:40.566+0000] {logging_mixin.py:190} INFO - [2025-04-02T08:16:40.566+0000] {dag.py:3239} INFO - Sync 1 DAGs
[2025-04-02T08:16:40.608+0000] {logging_mixin.py:190} INFO - [2025-04-02T08:16:40.608+0000] {dag.py:4180} INFO - Setting next_dagrun for example_skip_dag to 2025-04-01 00:00:00+00:00, run_after=2025-04-02 00:00:00+00:00
[2025-04-02T08:16:40.639+0000] {processor.py:208} INFO - Processing /home/airflow/.local/lib/python3.12/site-packages/airflow/example_dags/example_skip_dag.py took 0.145 seconds
[2025-04-02T08:17:10.899+0000] {processor.py:186} INFO - Started process (PID=9177) to work on /home/airflow/.local/lib/python3.12/site-packages/airflow/example_dags/example_skip_dag.py
[2025-04-02T08:17:10.912+0000] {processor.py:914} INFO - Processing file /home/airflow/.local/lib/python3.12/site-packages/airflow/example_dags/example_skip_dag.py for tasks to queue
[2025-04-02T08:17:10.918+0000] {logging_mixin.py:190} INFO - [2025-04-02T08:17:10.917+0000] {dagbag.py:588} INFO - Filling up the DagBag from /home/airflow/.local/lib/python3.12/site-packages/airflow/example_dags/example_skip_dag.py
[2025-04-02T08:17:10.932+0000] {processor.py:925} INFO - DAG(s) 'example_skip_dag' retrieved from /home/airflow/.local/lib/python3.12/site-packages/airflow/example_dags/example_skip_dag.py
[2025-04-02T08:17:10.976+0000] {logging_mixin.py:190} INFO - [2025-04-02T08:17:10.975+0000] {dag.py:3239} INFO - Sync 1 DAGs
[2025-04-02T08:17:11.018+0000] {logging_mixin.py:190} INFO - [2025-04-02T08:17:11.018+0000] {dag.py:4180} INFO - Setting next_dagrun for example_skip_dag to 2025-04-01 00:00:00+00:00, run_after=2025-04-02 00:00:00+00:00
[2025-04-02T08:17:11.045+0000] {processor.py:208} INFO - Processing /home/airflow/.local/lib/python3.12/site-packages/airflow/example_dags/example_skip_dag.py took 0.157 seconds
[2025-04-02T08:17:41.480+0000] {processor.py:186} INFO - Started process (PID=9241) to work on /home/airflow/.local/lib/python3.12/site-packages/airflow/example_dags/example_skip_dag.py
[2025-04-02T08:17:41.482+0000] {processor.py:914} INFO - Processing file /home/airflow/.local/lib/python3.12/site-packages/airflow/example_dags/example_skip_dag.py for tasks to queue
[2025-04-02T08:17:41.487+0000] {logging_mixin.py:190} INFO - [2025-04-02T08:17:41.487+0000] {dagbag.py:588} INFO - Filling up the DagBag from /home/airflow/.local/lib/python3.12/site-packages/airflow/example_dags/example_skip_dag.py
[2025-04-02T08:17:41.504+0000] {processor.py:925} INFO - DAG(s) 'example_skip_dag' retrieved from /home/airflow/.local/lib/python3.12/site-packages/airflow/example_dags/example_skip_dag.py
[2025-04-02T08:17:41.544+0000] {logging_mixin.py:190} INFO - [2025-04-02T08:17:41.543+0000] {dag.py:3239} INFO - Sync 1 DAGs
[2025-04-02T08:17:41.588+0000] {logging_mixin.py:190} INFO - [2025-04-02T08:17:41.587+0000] {dag.py:4180} INFO - Setting next_dagrun for example_skip_dag to 2025-04-01 00:00:00+00:00, run_after=2025-04-02 00:00:00+00:00
[2025-04-02T08:17:41.621+0000] {processor.py:208} INFO - Processing /home/airflow/.local/lib/python3.12/site-packages/airflow/example_dags/example_skip_dag.py took 0.153 seconds
[2025-04-02T08:18:11.996+0000] {processor.py:186} INFO - Started process (PID=9305) to work on /home/airflow/.local/lib/python3.12/site-packages/airflow/example_dags/example_skip_dag.py
[2025-04-02T08:18:11.998+0000] {processor.py:914} INFO - Processing file /home/airflow/.local/lib/python3.12/site-packages/airflow/example_dags/example_skip_dag.py for tasks to queue
[2025-04-02T08:18:12.002+0000] {logging_mixin.py:190} INFO - [2025-04-02T08:18:12.001+0000] {dagbag.py:588} INFO - Filling up the DagBag from /home/airflow/.local/lib/python3.12/site-packages/airflow/example_dags/example_skip_dag.py
[2025-04-02T08:18:12.016+0000] {processor.py:925} INFO - DAG(s) 'example_skip_dag' retrieved from /home/airflow/.local/lib/python3.12/site-packages/airflow/example_dags/example_skip_dag.py
[2025-04-02T08:18:12.058+0000] {logging_mixin.py:190} INFO - [2025-04-02T08:18:12.057+0000] {dag.py:3239} INFO - Sync 1 DAGs
[2025-04-02T08:18:12.098+0000] {logging_mixin.py:190} INFO - [2025-04-02T08:18:12.098+0000] {dag.py:4180} INFO - Setting next_dagrun for example_skip_dag to 2025-04-01 00:00:00+00:00, run_after=2025-04-02 00:00:00+00:00
[2025-04-02T08:18:12.132+0000] {processor.py:208} INFO - Processing /home/airflow/.local/lib/python3.12/site-packages/airflow/example_dags/example_skip_dag.py took 0.148 seconds
[2025-04-02T08:18:42.396+0000] {processor.py:186} INFO - Started process (PID=9369) to work on /home/airflow/.local/lib/python3.12/site-packages/airflow/example_dags/example_skip_dag.py
[2025-04-02T08:18:42.398+0000] {processor.py:914} INFO - Processing file /home/airflow/.local/lib/python3.12/site-packages/airflow/example_dags/example_skip_dag.py for tasks to queue
[2025-04-02T08:18:42.405+0000] {logging_mixin.py:190} INFO - [2025-04-02T08:18:42.404+0000] {dagbag.py:588} INFO - Filling up the DagBag from /home/airflow/.local/lib/python3.12/site-packages/airflow/example_dags/example_skip_dag.py
[2025-04-02T08:18:42.427+0000] {processor.py:925} INFO - DAG(s) 'example_skip_dag' retrieved from /home/airflow/.local/lib/python3.12/site-packages/airflow/example_dags/example_skip_dag.py
[2025-04-02T08:18:42.475+0000] {logging_mixin.py:190} INFO - [2025-04-02T08:18:42.474+0000] {dag.py:3239} INFO - Sync 1 DAGs
[2025-04-02T08:18:42.519+0000] {logging_mixin.py:190} INFO - [2025-04-02T08:18:42.519+0000] {dag.py:4180} INFO - Setting next_dagrun for example_skip_dag to 2025-04-01 00:00:00+00:00, run_after=2025-04-02 00:00:00+00:00
[2025-04-02T08:18:42.553+0000] {processor.py:208} INFO - Processing /home/airflow/.local/lib/python3.12/site-packages/airflow/example_dags/example_skip_dag.py took 0.174 seconds
[2025-04-02T08:19:12.810+0000] {processor.py:186} INFO - Started process (PID=9433) to work on /home/airflow/.local/lib/python3.12/site-packages/airflow/example_dags/example_skip_dag.py
[2025-04-02T08:19:12.812+0000] {processor.py:914} INFO - Processing file /home/airflow/.local/lib/python3.12/site-packages/airflow/example_dags/example_skip_dag.py for tasks to queue
[2025-04-02T08:19:12.817+0000] {logging_mixin.py:190} INFO - [2025-04-02T08:19:12.817+0000] {dagbag.py:588} INFO - Filling up the DagBag from /home/airflow/.local/lib/python3.12/site-packages/airflow/example_dags/example_skip_dag.py
[2025-04-02T08:19:12.837+0000] {processor.py:925} INFO - DAG(s) 'example_skip_dag' retrieved from /home/airflow/.local/lib/python3.12/site-packages/airflow/example_dags/example_skip_dag.py
[2025-04-02T08:19:12.886+0000] {logging_mixin.py:190} INFO - [2025-04-02T08:19:12.885+0000] {dag.py:3239} INFO - Sync 1 DAGs
[2025-04-02T08:19:12.939+0000] {logging_mixin.py:190} INFO - [2025-04-02T08:19:12.938+0000] {dag.py:4180} INFO - Setting next_dagrun for example_skip_dag to 2025-04-01 00:00:00+00:00, run_after=2025-04-02 00:00:00+00:00
[2025-04-02T08:19:12.973+0000] {processor.py:208} INFO - Processing /home/airflow/.local/lib/python3.12/site-packages/airflow/example_dags/example_skip_dag.py took 0.175 seconds
[2025-04-02T08:19:43.265+0000] {processor.py:186} INFO - Started process (PID=9497) to work on /home/airflow/.local/lib/python3.12/site-packages/airflow/example_dags/example_skip_dag.py
[2025-04-02T08:19:43.266+0000] {processor.py:914} INFO - Processing file /home/airflow/.local/lib/python3.12/site-packages/airflow/example_dags/example_skip_dag.py for tasks to queue
[2025-04-02T08:19:43.270+0000] {logging_mixin.py:190} INFO - [2025-04-02T08:19:43.270+0000] {dagbag.py:588} INFO - Filling up the DagBag from /home/airflow/.local/lib/python3.12/site-packages/airflow/example_dags/example_skip_dag.py
[2025-04-02T08:19:43.285+0000] {processor.py:925} INFO - DAG(s) 'example_skip_dag' retrieved from /home/airflow/.local/lib/python3.12/site-packages/airflow/example_dags/example_skip_dag.py
[2025-04-02T08:19:43.323+0000] {logging_mixin.py:190} INFO - [2025-04-02T08:19:43.322+0000] {dag.py:3239} INFO - Sync 1 DAGs
[2025-04-02T08:19:43.364+0000] {logging_mixin.py:190} INFO - [2025-04-02T08:19:43.364+0000] {dag.py:4180} INFO - Setting next_dagrun for example_skip_dag to 2025-04-01 00:00:00+00:00, run_after=2025-04-02 00:00:00+00:00
[2025-04-02T08:19:43.395+0000] {processor.py:208} INFO - Processing /home/airflow/.local/lib/python3.12/site-packages/airflow/example_dags/example_skip_dag.py took 0.141 seconds
[2025-04-02T08:20:13.555+0000] {processor.py:186} INFO - Started process (PID=9561) to work on /home/airflow/.local/lib/python3.12/site-packages/airflow/example_dags/example_skip_dag.py
[2025-04-02T08:20:13.557+0000] {processor.py:914} INFO - Processing file /home/airflow/.local/lib/python3.12/site-packages/airflow/example_dags/example_skip_dag.py for tasks to queue
[2025-04-02T08:20:13.561+0000] {logging_mixin.py:190} INFO - [2025-04-02T08:20:13.561+0000] {dagbag.py:588} INFO - Filling up the DagBag from /home/airflow/.local/lib/python3.12/site-packages/airflow/example_dags/example_skip_dag.py
[2025-04-02T08:20:13.576+0000] {processor.py:925} INFO - DAG(s) 'example_skip_dag' retrieved from /home/airflow/.local/lib/python3.12/site-packages/airflow/example_dags/example_skip_dag.py
[2025-04-02T08:20:13.613+0000] {logging_mixin.py:190} INFO - [2025-04-02T08:20:13.612+0000] {dag.py:3239} INFO - Sync 1 DAGs
[2025-04-02T08:20:13.656+0000] {logging_mixin.py:190} INFO - [2025-04-02T08:20:13.656+0000] {dag.py:4180} INFO - Setting next_dagrun for example_skip_dag to 2025-04-01 00:00:00+00:00, run_after=2025-04-02 00:00:00+00:00
[2025-04-02T08:20:13.692+0000] {processor.py:208} INFO - Processing /home/airflow/.local/lib/python3.12/site-packages/airflow/example_dags/example_skip_dag.py took 0.147 seconds
[2025-04-02T08:20:43.879+0000] {processor.py:186} INFO - Started process (PID=9625) to work on /home/airflow/.local/lib/python3.12/site-packages/airflow/example_dags/example_skip_dag.py
[2025-04-02T08:20:43.882+0000] {processor.py:914} INFO - Processing file /home/airflow/.local/lib/python3.12/site-packages/airflow/example_dags/example_skip_dag.py for tasks to queue
[2025-04-02T08:20:43.895+0000] {logging_mixin.py:190} INFO - [2025-04-02T08:20:43.892+0000] {dagbag.py:588} INFO - Filling up the DagBag from /home/airflow/.local/lib/python3.12/site-packages/airflow/example_dags/example_skip_dag.py
[2025-04-02T08:20:43.937+0000] {processor.py:925} INFO - DAG(s) 'example_skip_dag' retrieved from /home/airflow/.local/lib/python3.12/site-packages/airflow/example_dags/example_skip_dag.py
[2025-04-02T08:20:44.037+0000] {logging_mixin.py:190} INFO - [2025-04-02T08:20:44.035+0000] {dag.py:3239} INFO - Sync 1 DAGs
[2025-04-02T08:20:44.132+0000] {logging_mixin.py:190} INFO - [2025-04-02T08:20:44.131+0000] {dag.py:4180} INFO - Setting next_dagrun for example_skip_dag to 2025-04-01 00:00:00+00:00, run_after=2025-04-02 00:00:00+00:00
[2025-04-02T08:20:44.199+0000] {processor.py:208} INFO - Processing /home/airflow/.local/lib/python3.12/site-packages/airflow/example_dags/example_skip_dag.py took 0.356 seconds
[2025-04-02T08:21:15.016+0000] {processor.py:186} INFO - Started process (PID=9689) to work on /home/airflow/.local/lib/python3.12/site-packages/airflow/example_dags/example_skip_dag.py
[2025-04-02T08:21:15.018+0000] {processor.py:914} INFO - Processing file /home/airflow/.local/lib/python3.12/site-packages/airflow/example_dags/example_skip_dag.py for tasks to queue
[2025-04-02T08:21:15.022+0000] {logging_mixin.py:190} INFO - [2025-04-02T08:21:15.022+0000] {dagbag.py:588} INFO - Filling up the DagBag from /home/airflow/.local/lib/python3.12/site-packages/airflow/example_dags/example_skip_dag.py
[2025-04-02T08:21:15.038+0000] {processor.py:925} INFO - DAG(s) 'example_skip_dag' retrieved from /home/airflow/.local/lib/python3.12/site-packages/airflow/example_dags/example_skip_dag.py
[2025-04-02T08:21:15.077+0000] {logging_mixin.py:190} INFO - [2025-04-02T08:21:15.076+0000] {dag.py:3239} INFO - Sync 1 DAGs
[2025-04-02T08:21:15.118+0000] {logging_mixin.py:190} INFO - [2025-04-02T08:21:15.117+0000] {dag.py:4180} INFO - Setting next_dagrun for example_skip_dag to 2025-04-01 00:00:00+00:00, run_after=2025-04-02 00:00:00+00:00
[2025-04-02T08:21:15.145+0000] {processor.py:208} INFO - Processing /home/airflow/.local/lib/python3.12/site-packages/airflow/example_dags/example_skip_dag.py took 0.141 seconds
[2025-04-02T08:21:46.030+0000] {processor.py:186} INFO - Started process (PID=9753) to work on /home/airflow/.local/lib/python3.12/site-packages/airflow/example_dags/example_skip_dag.py
[2025-04-02T08:21:46.032+0000] {processor.py:914} INFO - Processing file /home/airflow/.local/lib/python3.12/site-packages/airflow/example_dags/example_skip_dag.py for tasks to queue
[2025-04-02T08:21:46.036+0000] {logging_mixin.py:190} INFO - [2025-04-02T08:21:46.035+0000] {dagbag.py:588} INFO - Filling up the DagBag from /home/airflow/.local/lib/python3.12/site-packages/airflow/example_dags/example_skip_dag.py
[2025-04-02T08:21:46.051+0000] {processor.py:925} INFO - DAG(s) 'example_skip_dag' retrieved from /home/airflow/.local/lib/python3.12/site-packages/airflow/example_dags/example_skip_dag.py
[2025-04-02T08:21:46.089+0000] {logging_mixin.py:190} INFO - [2025-04-02T08:21:46.088+0000] {dag.py:3239} INFO - Sync 1 DAGs
[2025-04-02T08:21:46.129+0000] {logging_mixin.py:190} INFO - [2025-04-02T08:21:46.129+0000] {dag.py:4180} INFO - Setting next_dagrun for example_skip_dag to 2025-04-01 00:00:00+00:00, run_after=2025-04-02 00:00:00+00:00
[2025-04-02T08:21:46.163+0000] {processor.py:208} INFO - Processing /home/airflow/.local/lib/python3.12/site-packages/airflow/example_dags/example_skip_dag.py took 0.144 seconds
[2025-04-02T08:22:17.046+0000] {processor.py:186} INFO - Started process (PID=9817) to work on /home/airflow/.local/lib/python3.12/site-packages/airflow/example_dags/example_skip_dag.py
[2025-04-02T08:22:17.048+0000] {processor.py:914} INFO - Processing file /home/airflow/.local/lib/python3.12/site-packages/airflow/example_dags/example_skip_dag.py for tasks to queue
[2025-04-02T08:22:17.052+0000] {logging_mixin.py:190} INFO - [2025-04-02T08:22:17.051+0000] {dagbag.py:588} INFO - Filling up the DagBag from /home/airflow/.local/lib/python3.12/site-packages/airflow/example_dags/example_skip_dag.py
[2025-04-02T08:22:17.066+0000] {processor.py:925} INFO - DAG(s) 'example_skip_dag' retrieved from /home/airflow/.local/lib/python3.12/site-packages/airflow/example_dags/example_skip_dag.py
[2025-04-02T08:22:17.105+0000] {logging_mixin.py:190} INFO - [2025-04-02T08:22:17.105+0000] {dag.py:3239} INFO - Sync 1 DAGs
[2025-04-02T08:22:17.149+0000] {logging_mixin.py:190} INFO - [2025-04-02T08:22:17.149+0000] {dag.py:4180} INFO - Setting next_dagrun for example_skip_dag to 2025-04-01 00:00:00+00:00, run_after=2025-04-02 00:00:00+00:00
[2025-04-02T08:22:17.177+0000] {processor.py:208} INFO - Processing /home/airflow/.local/lib/python3.12/site-packages/airflow/example_dags/example_skip_dag.py took 0.143 seconds
[2025-04-02T08:22:47.518+0000] {processor.py:186} INFO - Started process (PID=9881) to work on /home/airflow/.local/lib/python3.12/site-packages/airflow/example_dags/example_skip_dag.py
[2025-04-02T08:22:47.520+0000] {processor.py:914} INFO - Processing file /home/airflow/.local/lib/python3.12/site-packages/airflow/example_dags/example_skip_dag.py for tasks to queue
[2025-04-02T08:22:47.526+0000] {logging_mixin.py:190} INFO - [2025-04-02T08:22:47.525+0000] {dagbag.py:588} INFO - Filling up the DagBag from /home/airflow/.local/lib/python3.12/site-packages/airflow/example_dags/example_skip_dag.py
[2025-04-02T08:22:47.546+0000] {processor.py:925} INFO - DAG(s) 'example_skip_dag' retrieved from /home/airflow/.local/lib/python3.12/site-packages/airflow/example_dags/example_skip_dag.py
[2025-04-02T08:22:47.600+0000] {logging_mixin.py:190} INFO - [2025-04-02T08:22:47.598+0000] {dag.py:3239} INFO - Sync 1 DAGs
[2025-04-02T08:22:47.658+0000] {logging_mixin.py:190} INFO - [2025-04-02T08:22:47.657+0000] {dag.py:4180} INFO - Setting next_dagrun for example_skip_dag to 2025-04-01 00:00:00+00:00, run_after=2025-04-02 00:00:00+00:00
[2025-04-02T08:22:47.695+0000] {processor.py:208} INFO - Processing /home/airflow/.local/lib/python3.12/site-packages/airflow/example_dags/example_skip_dag.py took 0.194 seconds
[2025-04-02T08:23:18.461+0000] {processor.py:186} INFO - Started process (PID=9945) to work on /home/airflow/.local/lib/python3.12/site-packages/airflow/example_dags/example_skip_dag.py
[2025-04-02T08:23:18.464+0000] {processor.py:914} INFO - Processing file /home/airflow/.local/lib/python3.12/site-packages/airflow/example_dags/example_skip_dag.py for tasks to queue
[2025-04-02T08:23:18.469+0000] {logging_mixin.py:190} INFO - [2025-04-02T08:23:18.468+0000] {dagbag.py:588} INFO - Filling up the DagBag from /home/airflow/.local/lib/python3.12/site-packages/airflow/example_dags/example_skip_dag.py
[2025-04-02T08:23:18.484+0000] {processor.py:925} INFO - DAG(s) 'example_skip_dag' retrieved from /home/airflow/.local/lib/python3.12/site-packages/airflow/example_dags/example_skip_dag.py
[2025-04-02T08:23:18.528+0000] {logging_mixin.py:190} INFO - [2025-04-02T08:23:18.527+0000] {dag.py:3239} INFO - Sync 1 DAGs
[2025-04-02T08:23:18.580+0000] {logging_mixin.py:190} INFO - [2025-04-02T08:23:18.580+0000] {dag.py:4180} INFO - Setting next_dagrun for example_skip_dag to 2025-04-01 00:00:00+00:00, run_after=2025-04-02 00:00:00+00:00
[2025-04-02T08:23:18.611+0000] {processor.py:208} INFO - Processing /home/airflow/.local/lib/python3.12/site-packages/airflow/example_dags/example_skip_dag.py took 0.163 seconds
