[2025-04-02T07:56:14.282+0000] {processor.py:186} INFO - Started process (PID=6351) to work on /home/airflow/.local/lib/python3.12/site-packages/airflow/example_dags/example_python_decorator.py
[2025-04-02T07:56:14.287+0000] {processor.py:914} INFO - Processing file /home/airflow/.local/lib/python3.12/site-packages/airflow/example_dags/example_python_decorator.py for tasks to queue
[2025-04-02T07:56:14.292+0000] {logging_mixin.py:190} INFO - [2025-04-02T07:56:14.291+0000] {dagbag.py:588} INFO - Filling up the DagBag from /home/airflow/.local/lib/python3.12/site-packages/airflow/example_dags/example_python_decorator.py
[2025-04-02T07:56:14.366+0000] {processor.py:925} INFO - DAG(s) 'example_python_decorator' retrieved from /home/airflow/.local/lib/python3.12/site-packages/airflow/example_dags/example_python_decorator.py
[2025-04-02T07:56:14.527+0000] {logging_mixin.py:190} INFO - [2025-04-02T07:56:14.522+0000] {dag.py:3239} INFO - Sync 1 DAGs
[2025-04-02T07:56:14.609+0000] {logging_mixin.py:190} INFO - [2025-04-02T07:56:14.609+0000] {dag.py:4180} INFO - Setting next_dagrun for example_python_decorator to None, run_after=None
[2025-04-02T07:56:14.684+0000] {processor.py:208} INFO - Processing /home/airflow/.local/lib/python3.12/site-packages/airflow/example_dags/example_python_decorator.py took 0.421 seconds
[2025-04-02T07:56:45.433+0000] {processor.py:186} INFO - Started process (PID=6415) to work on /home/airflow/.local/lib/python3.12/site-packages/airflow/example_dags/example_python_decorator.py
[2025-04-02T07:56:45.442+0000] {processor.py:914} INFO - Processing file /home/airflow/.local/lib/python3.12/site-packages/airflow/example_dags/example_python_decorator.py for tasks to queue
[2025-04-02T07:56:45.452+0000] {logging_mixin.py:190} INFO - [2025-04-02T07:56:45.451+0000] {dagbag.py:588} INFO - Filling up the DagBag from /home/airflow/.local/lib/python3.12/site-packages/airflow/example_dags/example_python_decorator.py
[2025-04-02T07:56:45.510+0000] {processor.py:925} INFO - DAG(s) 'example_python_decorator' retrieved from /home/airflow/.local/lib/python3.12/site-packages/airflow/example_dags/example_python_decorator.py
[2025-04-02T07:56:45.599+0000] {logging_mixin.py:190} INFO - [2025-04-02T07:56:45.598+0000] {dag.py:3239} INFO - Sync 1 DAGs
[2025-04-02T07:56:45.670+0000] {logging_mixin.py:190} INFO - [2025-04-02T07:56:45.670+0000] {dag.py:4180} INFO - Setting next_dagrun for example_python_decorator to None, run_after=None
[2025-04-02T07:56:45.756+0000] {processor.py:208} INFO - Processing /home/airflow/.local/lib/python3.12/site-packages/airflow/example_dags/example_python_decorator.py took 0.357 seconds
[2025-04-02T07:57:16.391+0000] {processor.py:186} INFO - Started process (PID=6483) to work on /home/airflow/.local/lib/python3.12/site-packages/airflow/example_dags/example_python_decorator.py
[2025-04-02T07:57:16.396+0000] {processor.py:914} INFO - Processing file /home/airflow/.local/lib/python3.12/site-packages/airflow/example_dags/example_python_decorator.py for tasks to queue
[2025-04-02T07:57:16.401+0000] {logging_mixin.py:190} INFO - [2025-04-02T07:57:16.401+0000] {dagbag.py:588} INFO - Filling up the DagBag from /home/airflow/.local/lib/python3.12/site-packages/airflow/example_dags/example_python_decorator.py
[2025-04-02T07:57:16.441+0000] {processor.py:925} INFO - DAG(s) 'example_python_decorator' retrieved from /home/airflow/.local/lib/python3.12/site-packages/airflow/example_dags/example_python_decorator.py
[2025-04-02T07:57:16.510+0000] {logging_mixin.py:190} INFO - [2025-04-02T07:57:16.509+0000] {dag.py:3239} INFO - Sync 1 DAGs
[2025-04-02T07:57:16.568+0000] {logging_mixin.py:190} INFO - [2025-04-02T07:57:16.567+0000] {dag.py:4180} INFO - Setting next_dagrun for example_python_decorator to None, run_after=None
[2025-04-02T07:57:16.611+0000] {processor.py:208} INFO - Processing /home/airflow/.local/lib/python3.12/site-packages/airflow/example_dags/example_python_decorator.py took 0.237 seconds
[2025-04-02T07:57:47.739+0000] {processor.py:186} INFO - Started process (PID=6560) to work on /home/airflow/.local/lib/python3.12/site-packages/airflow/example_dags/example_python_decorator.py
[2025-04-02T07:57:47.749+0000] {processor.py:914} INFO - Processing file /home/airflow/.local/lib/python3.12/site-packages/airflow/example_dags/example_python_decorator.py for tasks to queue
[2025-04-02T07:57:47.757+0000] {logging_mixin.py:190} INFO - [2025-04-02T07:57:47.756+0000] {dagbag.py:588} INFO - Filling up the DagBag from /home/airflow/.local/lib/python3.12/site-packages/airflow/example_dags/example_python_decorator.py
[2025-04-02T07:57:47.815+0000] {processor.py:925} INFO - DAG(s) 'example_python_decorator' retrieved from /home/airflow/.local/lib/python3.12/site-packages/airflow/example_dags/example_python_decorator.py
[2025-04-02T07:57:47.938+0000] {logging_mixin.py:190} INFO - [2025-04-02T07:57:47.937+0000] {dag.py:3239} INFO - Sync 1 DAGs
[2025-04-02T07:57:48.053+0000] {logging_mixin.py:190} INFO - [2025-04-02T07:57:48.053+0000] {dag.py:4180} INFO - Setting next_dagrun for example_python_decorator to None, run_after=None
[2025-04-02T07:57:48.172+0000] {processor.py:208} INFO - Processing /home/airflow/.local/lib/python3.12/site-packages/airflow/example_dags/example_python_decorator.py took 0.473 seconds
[2025-04-02T07:58:18.505+0000] {processor.py:186} INFO - Started process (PID=6625) to work on /home/airflow/.local/lib/python3.12/site-packages/airflow/example_dags/example_python_decorator.py
[2025-04-02T07:58:18.507+0000] {processor.py:914} INFO - Processing file /home/airflow/.local/lib/python3.12/site-packages/airflow/example_dags/example_python_decorator.py for tasks to queue
[2025-04-02T07:58:18.515+0000] {logging_mixin.py:190} INFO - [2025-04-02T07:58:18.514+0000] {dagbag.py:588} INFO - Filling up the DagBag from /home/airflow/.local/lib/python3.12/site-packages/airflow/example_dags/example_python_decorator.py
[2025-04-02T07:58:18.581+0000] {processor.py:925} INFO - DAG(s) 'example_python_decorator' retrieved from /home/airflow/.local/lib/python3.12/site-packages/airflow/example_dags/example_python_decorator.py
[2025-04-02T07:58:18.685+0000] {logging_mixin.py:190} INFO - [2025-04-02T07:58:18.684+0000] {dag.py:3239} INFO - Sync 1 DAGs
[2025-04-02T07:58:18.737+0000] {logging_mixin.py:190} INFO - [2025-04-02T07:58:18.737+0000] {dag.py:4180} INFO - Setting next_dagrun for example_python_decorator to None, run_after=None
[2025-04-02T07:58:18.799+0000] {processor.py:208} INFO - Processing /home/airflow/.local/lib/python3.12/site-packages/airflow/example_dags/example_python_decorator.py took 0.322 seconds
[2025-04-02T07:58:49.146+0000] {processor.py:186} INFO - Started process (PID=6689) to work on /home/airflow/.local/lib/python3.12/site-packages/airflow/example_dags/example_python_decorator.py
[2025-04-02T07:58:49.150+0000] {processor.py:914} INFO - Processing file /home/airflow/.local/lib/python3.12/site-packages/airflow/example_dags/example_python_decorator.py for tasks to queue
[2025-04-02T07:58:49.161+0000] {logging_mixin.py:190} INFO - [2025-04-02T07:58:49.160+0000] {dagbag.py:588} INFO - Filling up the DagBag from /home/airflow/.local/lib/python3.12/site-packages/airflow/example_dags/example_python_decorator.py
[2025-04-02T07:58:49.206+0000] {processor.py:925} INFO - DAG(s) 'example_python_decorator' retrieved from /home/airflow/.local/lib/python3.12/site-packages/airflow/example_dags/example_python_decorator.py
[2025-04-02T07:58:49.314+0000] {logging_mixin.py:190} INFO - [2025-04-02T07:58:49.313+0000] {dag.py:3239} INFO - Sync 1 DAGs
[2025-04-02T07:58:49.376+0000] {logging_mixin.py:190} INFO - [2025-04-02T07:58:49.376+0000] {dag.py:4180} INFO - Setting next_dagrun for example_python_decorator to None, run_after=None
[2025-04-02T07:58:49.447+0000] {processor.py:208} INFO - Processing /home/airflow/.local/lib/python3.12/site-packages/airflow/example_dags/example_python_decorator.py took 0.322 seconds
[2025-04-02T07:59:19.703+0000] {processor.py:186} INFO - Started process (PID=6767) to work on /home/airflow/.local/lib/python3.12/site-packages/airflow/example_dags/example_python_decorator.py
[2025-04-02T07:59:19.707+0000] {processor.py:914} INFO - Processing file /home/airflow/.local/lib/python3.12/site-packages/airflow/example_dags/example_python_decorator.py for tasks to queue
[2025-04-02T07:59:19.718+0000] {logging_mixin.py:190} INFO - [2025-04-02T07:59:19.714+0000] {dagbag.py:588} INFO - Filling up the DagBag from /home/airflow/.local/lib/python3.12/site-packages/airflow/example_dags/example_python_decorator.py
[2025-04-02T07:59:19.773+0000] {processor.py:925} INFO - DAG(s) 'example_python_decorator' retrieved from /home/airflow/.local/lib/python3.12/site-packages/airflow/example_dags/example_python_decorator.py
[2025-04-02T07:59:19.853+0000] {logging_mixin.py:190} INFO - [2025-04-02T07:59:19.851+0000] {dag.py:3239} INFO - Sync 1 DAGs
[2025-04-02T07:59:19.900+0000] {logging_mixin.py:190} INFO - [2025-04-02T07:59:19.900+0000] {dag.py:4180} INFO - Setting next_dagrun for example_python_decorator to None, run_after=None
[2025-04-02T07:59:19.959+0000] {processor.py:208} INFO - Processing /home/airflow/.local/lib/python3.12/site-packages/airflow/example_dags/example_python_decorator.py took 0.281 seconds
[2025-04-02T07:59:50.543+0000] {processor.py:186} INFO - Started process (PID=6839) to work on /home/airflow/.local/lib/python3.12/site-packages/airflow/example_dags/example_python_decorator.py
[2025-04-02T07:59:50.548+0000] {processor.py:914} INFO - Processing file /home/airflow/.local/lib/python3.12/site-packages/airflow/example_dags/example_python_decorator.py for tasks to queue
[2025-04-02T07:59:50.560+0000] {logging_mixin.py:190} INFO - [2025-04-02T07:59:50.559+0000] {dagbag.py:588} INFO - Filling up the DagBag from /home/airflow/.local/lib/python3.12/site-packages/airflow/example_dags/example_python_decorator.py
[2025-04-02T07:59:50.631+0000] {processor.py:925} INFO - DAG(s) 'example_python_decorator' retrieved from /home/airflow/.local/lib/python3.12/site-packages/airflow/example_dags/example_python_decorator.py
[2025-04-02T07:59:50.748+0000] {logging_mixin.py:190} INFO - [2025-04-02T07:59:50.746+0000] {dag.py:3239} INFO - Sync 1 DAGs
[2025-04-02T07:59:50.821+0000] {logging_mixin.py:190} INFO - [2025-04-02T07:59:50.821+0000] {dag.py:4180} INFO - Setting next_dagrun for example_python_decorator to None, run_after=None
[2025-04-02T07:59:50.879+0000] {processor.py:208} INFO - Processing /home/airflow/.local/lib/python3.12/site-packages/airflow/example_dags/example_python_decorator.py took 0.375 seconds
[2025-04-02T08:00:21.091+0000] {processor.py:186} INFO - Started process (PID=6918) to work on /home/airflow/.local/lib/python3.12/site-packages/airflow/example_dags/example_python_decorator.py
[2025-04-02T08:00:21.093+0000] {processor.py:914} INFO - Processing file /home/airflow/.local/lib/python3.12/site-packages/airflow/example_dags/example_python_decorator.py for tasks to queue
[2025-04-02T08:00:21.108+0000] {logging_mixin.py:190} INFO - [2025-04-02T08:00:21.104+0000] {dagbag.py:588} INFO - Filling up the DagBag from /home/airflow/.local/lib/python3.12/site-packages/airflow/example_dags/example_python_decorator.py
[2025-04-02T08:00:21.193+0000] {processor.py:925} INFO - DAG(s) 'example_python_decorator' retrieved from /home/airflow/.local/lib/python3.12/site-packages/airflow/example_dags/example_python_decorator.py
[2025-04-02T08:00:21.317+0000] {logging_mixin.py:190} INFO - [2025-04-02T08:00:21.315+0000] {dag.py:3239} INFO - Sync 1 DAGs
[2025-04-02T08:00:21.384+0000] {logging_mixin.py:190} INFO - [2025-04-02T08:00:21.384+0000] {dag.py:4180} INFO - Setting next_dagrun for example_python_decorator to None, run_after=None
[2025-04-02T08:00:21.458+0000] {processor.py:208} INFO - Processing /home/airflow/.local/lib/python3.12/site-packages/airflow/example_dags/example_python_decorator.py took 0.400 seconds
[2025-04-02T08:00:51.965+0000] {processor.py:186} INFO - Started process (PID=6991) to work on /home/airflow/.local/lib/python3.12/site-packages/airflow/example_dags/example_python_decorator.py
[2025-04-02T08:00:51.970+0000] {processor.py:914} INFO - Processing file /home/airflow/.local/lib/python3.12/site-packages/airflow/example_dags/example_python_decorator.py for tasks to queue
[2025-04-02T08:00:51.975+0000] {logging_mixin.py:190} INFO - [2025-04-02T08:00:51.975+0000] {dagbag.py:588} INFO - Filling up the DagBag from /home/airflow/.local/lib/python3.12/site-packages/airflow/example_dags/example_python_decorator.py
[2025-04-02T08:00:52.014+0000] {processor.py:925} INFO - DAG(s) 'example_python_decorator' retrieved from /home/airflow/.local/lib/python3.12/site-packages/airflow/example_dags/example_python_decorator.py
[2025-04-02T08:00:52.078+0000] {logging_mixin.py:190} INFO - [2025-04-02T08:00:52.077+0000] {dag.py:3239} INFO - Sync 1 DAGs
[2025-04-02T08:00:52.121+0000] {logging_mixin.py:190} INFO - [2025-04-02T08:00:52.121+0000] {dag.py:4180} INFO - Setting next_dagrun for example_python_decorator to None, run_after=None
[2025-04-02T08:00:52.163+0000] {processor.py:208} INFO - Processing /home/airflow/.local/lib/python3.12/site-packages/airflow/example_dags/example_python_decorator.py took 0.216 seconds
[2025-04-02T08:01:22.555+0000] {processor.py:186} INFO - Started process (PID=7075) to work on /home/airflow/.local/lib/python3.12/site-packages/airflow/example_dags/example_python_decorator.py
[2025-04-02T08:01:22.556+0000] {processor.py:914} INFO - Processing file /home/airflow/.local/lib/python3.12/site-packages/airflow/example_dags/example_python_decorator.py for tasks to queue
[2025-04-02T08:01:22.567+0000] {logging_mixin.py:190} INFO - [2025-04-02T08:01:22.567+0000] {dagbag.py:588} INFO - Filling up the DagBag from /home/airflow/.local/lib/python3.12/site-packages/airflow/example_dags/example_python_decorator.py
[2025-04-02T08:01:22.606+0000] {processor.py:925} INFO - DAG(s) 'example_python_decorator' retrieved from /home/airflow/.local/lib/python3.12/site-packages/airflow/example_dags/example_python_decorator.py
[2025-04-02T08:01:22.694+0000] {logging_mixin.py:190} INFO - [2025-04-02T08:01:22.692+0000] {dag.py:3239} INFO - Sync 1 DAGs
[2025-04-02T08:01:22.752+0000] {logging_mixin.py:190} INFO - [2025-04-02T08:01:22.749+0000] {dag.py:4180} INFO - Setting next_dagrun for example_python_decorator to None, run_after=None
[2025-04-02T08:01:22.818+0000] {processor.py:208} INFO - Processing /home/airflow/.local/lib/python3.12/site-packages/airflow/example_dags/example_python_decorator.py took 0.296 seconds
[2025-04-02T08:01:53.317+0000] {processor.py:186} INFO - Started process (PID=7144) to work on /home/airflow/.local/lib/python3.12/site-packages/airflow/example_dags/example_python_decorator.py
[2025-04-02T08:01:53.319+0000] {processor.py:914} INFO - Processing file /home/airflow/.local/lib/python3.12/site-packages/airflow/example_dags/example_python_decorator.py for tasks to queue
[2025-04-02T08:01:53.328+0000] {logging_mixin.py:190} INFO - [2025-04-02T08:01:53.327+0000] {dagbag.py:588} INFO - Filling up the DagBag from /home/airflow/.local/lib/python3.12/site-packages/airflow/example_dags/example_python_decorator.py
[2025-04-02T08:01:53.402+0000] {processor.py:925} INFO - DAG(s) 'example_python_decorator' retrieved from /home/airflow/.local/lib/python3.12/site-packages/airflow/example_dags/example_python_decorator.py
[2025-04-02T08:01:53.468+0000] {logging_mixin.py:190} INFO - [2025-04-02T08:01:53.467+0000] {dag.py:3239} INFO - Sync 1 DAGs
[2025-04-02T08:01:53.518+0000] {logging_mixin.py:190} INFO - [2025-04-02T08:01:53.518+0000] {dag.py:4180} INFO - Setting next_dagrun for example_python_decorator to None, run_after=None
[2025-04-02T08:01:53.571+0000] {processor.py:208} INFO - Processing /home/airflow/.local/lib/python3.12/site-packages/airflow/example_dags/example_python_decorator.py took 0.278 seconds
[2025-04-02T08:02:23.720+0000] {processor.py:186} INFO - Started process (PID=7230) to work on /home/airflow/.local/lib/python3.12/site-packages/airflow/example_dags/example_python_decorator.py
[2025-04-02T08:02:23.722+0000] {processor.py:914} INFO - Processing file /home/airflow/.local/lib/python3.12/site-packages/airflow/example_dags/example_python_decorator.py for tasks to queue
[2025-04-02T08:02:23.728+0000] {logging_mixin.py:190} INFO - [2025-04-02T08:02:23.728+0000] {dagbag.py:588} INFO - Filling up the DagBag from /home/airflow/.local/lib/python3.12/site-packages/airflow/example_dags/example_python_decorator.py
[2025-04-02T08:02:23.777+0000] {processor.py:925} INFO - DAG(s) 'example_python_decorator' retrieved from /home/airflow/.local/lib/python3.12/site-packages/airflow/example_dags/example_python_decorator.py
[2025-04-02T08:02:23.839+0000] {logging_mixin.py:190} INFO - [2025-04-02T08:02:23.838+0000] {dag.py:3239} INFO - Sync 1 DAGs
[2025-04-02T08:02:23.878+0000] {logging_mixin.py:190} INFO - [2025-04-02T08:02:23.878+0000] {dag.py:4180} INFO - Setting next_dagrun for example_python_decorator to None, run_after=None
[2025-04-02T08:02:23.920+0000] {processor.py:208} INFO - Processing /home/airflow/.local/lib/python3.12/site-packages/airflow/example_dags/example_python_decorator.py took 0.225 seconds
[2025-04-02T08:02:54.603+0000] {processor.py:186} INFO - Started process (PID=7298) to work on /home/airflow/.local/lib/python3.12/site-packages/airflow/example_dags/example_python_decorator.py
[2025-04-02T08:02:54.609+0000] {processor.py:914} INFO - Processing file /home/airflow/.local/lib/python3.12/site-packages/airflow/example_dags/example_python_decorator.py for tasks to queue
[2025-04-02T08:02:54.614+0000] {logging_mixin.py:190} INFO - [2025-04-02T08:02:54.614+0000] {dagbag.py:588} INFO - Filling up the DagBag from /home/airflow/.local/lib/python3.12/site-packages/airflow/example_dags/example_python_decorator.py
[2025-04-02T08:02:54.653+0000] {processor.py:925} INFO - DAG(s) 'example_python_decorator' retrieved from /home/airflow/.local/lib/python3.12/site-packages/airflow/example_dags/example_python_decorator.py
[2025-04-02T08:02:54.739+0000] {logging_mixin.py:190} INFO - [2025-04-02T08:02:54.738+0000] {dag.py:3239} INFO - Sync 1 DAGs
[2025-04-02T08:02:54.821+0000] {logging_mixin.py:190} INFO - [2025-04-02T08:02:54.820+0000] {dag.py:4180} INFO - Setting next_dagrun for example_python_decorator to None, run_after=None
[2025-04-02T08:02:54.898+0000] {processor.py:208} INFO - Processing /home/airflow/.local/lib/python3.12/site-packages/airflow/example_dags/example_python_decorator.py took 0.325 seconds
[2025-04-02T08:03:25.807+0000] {processor.py:186} INFO - Started process (PID=7376) to work on /home/airflow/.local/lib/python3.12/site-packages/airflow/example_dags/example_python_decorator.py
[2025-04-02T08:03:25.816+0000] {processor.py:914} INFO - Processing file /home/airflow/.local/lib/python3.12/site-packages/airflow/example_dags/example_python_decorator.py for tasks to queue
[2025-04-02T08:03:25.829+0000] {logging_mixin.py:190} INFO - [2025-04-02T08:03:25.824+0000] {dagbag.py:588} INFO - Filling up the DagBag from /home/airflow/.local/lib/python3.12/site-packages/airflow/example_dags/example_python_decorator.py
[2025-04-02T08:03:25.920+0000] {processor.py:925} INFO - DAG(s) 'example_python_decorator' retrieved from /home/airflow/.local/lib/python3.12/site-packages/airflow/example_dags/example_python_decorator.py
[2025-04-02T08:03:26.006+0000] {logging_mixin.py:190} INFO - [2025-04-02T08:03:26.005+0000] {dag.py:3239} INFO - Sync 1 DAGs
[2025-04-02T08:03:26.084+0000] {logging_mixin.py:190} INFO - [2025-04-02T08:03:26.084+0000] {dag.py:4180} INFO - Setting next_dagrun for example_python_decorator to None, run_after=None
[2025-04-02T08:03:26.151+0000] {processor.py:208} INFO - Processing /home/airflow/.local/lib/python3.12/site-packages/airflow/example_dags/example_python_decorator.py took 0.382 seconds
[2025-04-02T08:03:56.831+0000] {processor.py:186} INFO - Started process (PID=7445) to work on /home/airflow/.local/lib/python3.12/site-packages/airflow/example_dags/example_python_decorator.py
[2025-04-02T08:03:56.832+0000] {processor.py:914} INFO - Processing file /home/airflow/.local/lib/python3.12/site-packages/airflow/example_dags/example_python_decorator.py for tasks to queue
[2025-04-02T08:03:56.844+0000] {logging_mixin.py:190} INFO - [2025-04-02T08:03:56.843+0000] {dagbag.py:588} INFO - Filling up the DagBag from /home/airflow/.local/lib/python3.12/site-packages/airflow/example_dags/example_python_decorator.py
[2025-04-02T08:03:56.897+0000] {processor.py:925} INFO - DAG(s) 'example_python_decorator' retrieved from /home/airflow/.local/lib/python3.12/site-packages/airflow/example_dags/example_python_decorator.py
[2025-04-02T08:03:57.003+0000] {logging_mixin.py:190} INFO - [2025-04-02T08:03:57.002+0000] {dag.py:3239} INFO - Sync 1 DAGs
[2025-04-02T08:03:57.051+0000] {logging_mixin.py:190} INFO - [2025-04-02T08:03:57.050+0000] {dag.py:4180} INFO - Setting next_dagrun for example_python_decorator to None, run_after=None
[2025-04-02T08:03:57.100+0000] {processor.py:208} INFO - Processing /home/airflow/.local/lib/python3.12/site-packages/airflow/example_dags/example_python_decorator.py took 0.294 seconds
[2025-04-02T08:04:27.521+0000] {processor.py:186} INFO - Started process (PID=7522) to work on /home/airflow/.local/lib/python3.12/site-packages/airflow/example_dags/example_python_decorator.py
[2025-04-02T08:04:27.527+0000] {processor.py:914} INFO - Processing file /home/airflow/.local/lib/python3.12/site-packages/airflow/example_dags/example_python_decorator.py for tasks to queue
[2025-04-02T08:04:27.536+0000] {logging_mixin.py:190} INFO - [2025-04-02T08:04:27.535+0000] {dagbag.py:588} INFO - Filling up the DagBag from /home/airflow/.local/lib/python3.12/site-packages/airflow/example_dags/example_python_decorator.py
[2025-04-02T08:04:27.589+0000] {processor.py:925} INFO - DAG(s) 'example_python_decorator' retrieved from /home/airflow/.local/lib/python3.12/site-packages/airflow/example_dags/example_python_decorator.py
[2025-04-02T08:04:27.658+0000] {logging_mixin.py:190} INFO - [2025-04-02T08:04:27.657+0000] {dag.py:3239} INFO - Sync 1 DAGs
[2025-04-02T08:04:27.699+0000] {logging_mixin.py:190} INFO - [2025-04-02T08:04:27.698+0000] {dag.py:4180} INFO - Setting next_dagrun for example_python_decorator to None, run_after=None
[2025-04-02T08:04:27.742+0000] {processor.py:208} INFO - Processing /home/airflow/.local/lib/python3.12/site-packages/airflow/example_dags/example_python_decorator.py took 0.255 seconds
[2025-04-02T08:04:58.071+0000] {processor.py:186} INFO - Started process (PID=7601) to work on /home/airflow/.local/lib/python3.12/site-packages/airflow/example_dags/example_python_decorator.py
[2025-04-02T08:04:58.074+0000] {processor.py:914} INFO - Processing file /home/airflow/.local/lib/python3.12/site-packages/airflow/example_dags/example_python_decorator.py for tasks to queue
[2025-04-02T08:04:58.091+0000] {logging_mixin.py:190} INFO - [2025-04-02T08:04:58.089+0000] {dagbag.py:588} INFO - Filling up the DagBag from /home/airflow/.local/lib/python3.12/site-packages/airflow/example_dags/example_python_decorator.py
[2025-04-02T08:04:58.141+0000] {processor.py:925} INFO - DAG(s) 'example_python_decorator' retrieved from /home/airflow/.local/lib/python3.12/site-packages/airflow/example_dags/example_python_decorator.py
[2025-04-02T08:04:58.221+0000] {logging_mixin.py:190} INFO - [2025-04-02T08:04:58.220+0000] {dag.py:3239} INFO - Sync 1 DAGs
[2025-04-02T08:04:58.258+0000] {logging_mixin.py:190} INFO - [2025-04-02T08:04:58.257+0000] {dag.py:4180} INFO - Setting next_dagrun for example_python_decorator to None, run_after=None
[2025-04-02T08:04:58.316+0000] {processor.py:208} INFO - Processing /home/airflow/.local/lib/python3.12/site-packages/airflow/example_dags/example_python_decorator.py took 0.278 seconds
[2025-04-02T08:05:28.567+0000] {processor.py:186} INFO - Started process (PID=7665) to work on /home/airflow/.local/lib/python3.12/site-packages/airflow/example_dags/example_python_decorator.py
[2025-04-02T08:05:28.569+0000] {processor.py:914} INFO - Processing file /home/airflow/.local/lib/python3.12/site-packages/airflow/example_dags/example_python_decorator.py for tasks to queue
[2025-04-02T08:05:28.576+0000] {logging_mixin.py:190} INFO - [2025-04-02T08:05:28.575+0000] {dagbag.py:588} INFO - Filling up the DagBag from /home/airflow/.local/lib/python3.12/site-packages/airflow/example_dags/example_python_decorator.py
[2025-04-02T08:05:28.636+0000] {processor.py:925} INFO - DAG(s) 'example_python_decorator' retrieved from /home/airflow/.local/lib/python3.12/site-packages/airflow/example_dags/example_python_decorator.py
[2025-04-02T08:05:28.738+0000] {logging_mixin.py:190} INFO - [2025-04-02T08:05:28.737+0000] {dag.py:3239} INFO - Sync 1 DAGs
[2025-04-02T08:05:28.810+0000] {logging_mixin.py:190} INFO - [2025-04-02T08:05:28.802+0000] {dag.py:4180} INFO - Setting next_dagrun for example_python_decorator to None, run_after=None
[2025-04-02T08:05:28.885+0000] {processor.py:208} INFO - Processing /home/airflow/.local/lib/python3.12/site-packages/airflow/example_dags/example_python_decorator.py took 0.338 seconds
[2025-04-02T08:06:03.248+0000] {processor.py:186} INFO - Started process (PID=7742) to work on /home/airflow/.local/lib/python3.12/site-packages/airflow/example_dags/example_python_decorator.py
[2025-04-02T08:06:03.255+0000] {processor.py:914} INFO - Processing file /home/airflow/.local/lib/python3.12/site-packages/airflow/example_dags/example_python_decorator.py for tasks to queue
[2025-04-02T08:06:03.290+0000] {logging_mixin.py:190} INFO - [2025-04-02T08:06:03.289+0000] {dagbag.py:588} INFO - Filling up the DagBag from /home/airflow/.local/lib/python3.12/site-packages/airflow/example_dags/example_python_decorator.py
[2025-04-02T08:06:03.515+0000] {processor.py:925} INFO - DAG(s) 'example_python_decorator' retrieved from /home/airflow/.local/lib/python3.12/site-packages/airflow/example_dags/example_python_decorator.py
[2025-04-02T08:06:03.678+0000] {logging_mixin.py:190} INFO - [2025-04-02T08:06:03.676+0000] {dag.py:3239} INFO - Sync 1 DAGs
[2025-04-02T08:06:03.827+0000] {logging_mixin.py:190} INFO - [2025-04-02T08:06:03.822+0000] {dag.py:4180} INFO - Setting next_dagrun for example_python_decorator to None, run_after=None
[2025-04-02T08:06:04.033+0000] {processor.py:208} INFO - Processing /home/airflow/.local/lib/python3.12/site-packages/airflow/example_dags/example_python_decorator.py took 0.885 seconds
[2025-04-02T08:06:37.379+0000] {processor.py:186} INFO - Started process (PID=7806) to work on /home/airflow/.local/lib/python3.12/site-packages/airflow/example_dags/example_python_decorator.py
[2025-04-02T08:06:37.387+0000] {processor.py:914} INFO - Processing file /home/airflow/.local/lib/python3.12/site-packages/airflow/example_dags/example_python_decorator.py for tasks to queue
[2025-04-02T08:06:37.396+0000] {logging_mixin.py:190} INFO - [2025-04-02T08:06:37.392+0000] {dagbag.py:588} INFO - Filling up the DagBag from /home/airflow/.local/lib/python3.12/site-packages/airflow/example_dags/example_python_decorator.py
[2025-04-02T08:06:37.467+0000] {processor.py:925} INFO - DAG(s) 'example_python_decorator' retrieved from /home/airflow/.local/lib/python3.12/site-packages/airflow/example_dags/example_python_decorator.py
[2025-04-02T08:06:37.608+0000] {logging_mixin.py:190} INFO - [2025-04-02T08:06:37.604+0000] {dag.py:3239} INFO - Sync 1 DAGs
[2025-04-02T08:06:37.666+0000] {logging_mixin.py:190} INFO - [2025-04-02T08:06:37.664+0000] {dag.py:4180} INFO - Setting next_dagrun for example_python_decorator to None, run_after=None
[2025-04-02T08:06:37.751+0000] {processor.py:208} INFO - Processing /home/airflow/.local/lib/python3.12/site-packages/airflow/example_dags/example_python_decorator.py took 0.416 seconds
[2025-04-02T08:07:08.055+0000] {processor.py:186} INFO - Started process (PID=7870) to work on /home/airflow/.local/lib/python3.12/site-packages/airflow/example_dags/example_python_decorator.py
[2025-04-02T08:07:08.059+0000] {processor.py:914} INFO - Processing file /home/airflow/.local/lib/python3.12/site-packages/airflow/example_dags/example_python_decorator.py for tasks to queue
[2025-04-02T08:07:08.067+0000] {logging_mixin.py:190} INFO - [2025-04-02T08:07:08.066+0000] {dagbag.py:588} INFO - Filling up the DagBag from /home/airflow/.local/lib/python3.12/site-packages/airflow/example_dags/example_python_decorator.py
[2025-04-02T08:07:08.130+0000] {processor.py:925} INFO - DAG(s) 'example_python_decorator' retrieved from /home/airflow/.local/lib/python3.12/site-packages/airflow/example_dags/example_python_decorator.py
[2025-04-02T08:07:08.216+0000] {logging_mixin.py:190} INFO - [2025-04-02T08:07:08.214+0000] {dag.py:3239} INFO - Sync 1 DAGs
[2025-04-02T08:07:08.264+0000] {logging_mixin.py:190} INFO - [2025-04-02T08:07:08.263+0000] {dag.py:4180} INFO - Setting next_dagrun for example_python_decorator to None, run_after=None
[2025-04-02T08:07:08.311+0000] {processor.py:208} INFO - Processing /home/airflow/.local/lib/python3.12/site-packages/airflow/example_dags/example_python_decorator.py took 0.283 seconds
[2025-04-02T08:07:38.645+0000] {processor.py:186} INFO - Started process (PID=7959) to work on /home/airflow/.local/lib/python3.12/site-packages/airflow/example_dags/example_python_decorator.py
[2025-04-02T08:07:38.651+0000] {processor.py:914} INFO - Processing file /home/airflow/.local/lib/python3.12/site-packages/airflow/example_dags/example_python_decorator.py for tasks to queue
[2025-04-02T08:07:38.666+0000] {logging_mixin.py:190} INFO - [2025-04-02T08:07:38.665+0000] {dagbag.py:588} INFO - Filling up the DagBag from /home/airflow/.local/lib/python3.12/site-packages/airflow/example_dags/example_python_decorator.py
[2025-04-02T08:07:38.763+0000] {processor.py:925} INFO - DAG(s) 'example_python_decorator' retrieved from /home/airflow/.local/lib/python3.12/site-packages/airflow/example_dags/example_python_decorator.py
[2025-04-02T08:07:38.890+0000] {logging_mixin.py:190} INFO - [2025-04-02T08:07:38.889+0000] {dag.py:3239} INFO - Sync 1 DAGs
[2025-04-02T08:07:38.931+0000] {logging_mixin.py:190} INFO - [2025-04-02T08:07:38.931+0000] {dag.py:4180} INFO - Setting next_dagrun for example_python_decorator to None, run_after=None
[2025-04-02T08:07:38.986+0000] {processor.py:208} INFO - Processing /home/airflow/.local/lib/python3.12/site-packages/airflow/example_dags/example_python_decorator.py took 0.382 seconds
[2025-04-02T08:08:10.430+0000] {processor.py:186} INFO - Started process (PID=8023) to work on /home/airflow/.local/lib/python3.12/site-packages/airflow/example_dags/example_python_decorator.py
[2025-04-02T08:08:10.434+0000] {processor.py:914} INFO - Processing file /home/airflow/.local/lib/python3.12/site-packages/airflow/example_dags/example_python_decorator.py for tasks to queue
[2025-04-02T08:08:10.441+0000] {logging_mixin.py:190} INFO - [2025-04-02T08:08:10.440+0000] {dagbag.py:588} INFO - Filling up the DagBag from /home/airflow/.local/lib/python3.12/site-packages/airflow/example_dags/example_python_decorator.py
[2025-04-02T08:08:10.505+0000] {processor.py:925} INFO - DAG(s) 'example_python_decorator' retrieved from /home/airflow/.local/lib/python3.12/site-packages/airflow/example_dags/example_python_decorator.py
[2025-04-02T08:08:10.584+0000] {logging_mixin.py:190} INFO - [2025-04-02T08:08:10.583+0000] {dag.py:3239} INFO - Sync 1 DAGs
[2025-04-02T08:08:10.623+0000] {logging_mixin.py:190} INFO - [2025-04-02T08:08:10.622+0000] {dag.py:4180} INFO - Setting next_dagrun for example_python_decorator to None, run_after=None
[2025-04-02T08:08:10.666+0000] {processor.py:208} INFO - Processing /home/airflow/.local/lib/python3.12/site-packages/airflow/example_dags/example_python_decorator.py took 0.259 seconds
[2025-04-02T08:08:41.607+0000] {processor.py:186} INFO - Started process (PID=8092) to work on /home/airflow/.local/lib/python3.12/site-packages/airflow/example_dags/example_python_decorator.py
[2025-04-02T08:08:41.610+0000] {processor.py:914} INFO - Processing file /home/airflow/.local/lib/python3.12/site-packages/airflow/example_dags/example_python_decorator.py for tasks to queue
[2025-04-02T08:08:41.619+0000] {logging_mixin.py:190} INFO - [2025-04-02T08:08:41.618+0000] {dagbag.py:588} INFO - Filling up the DagBag from /home/airflow/.local/lib/python3.12/site-packages/airflow/example_dags/example_python_decorator.py
[2025-04-02T08:08:41.669+0000] {processor.py:925} INFO - DAG(s) 'example_python_decorator' retrieved from /home/airflow/.local/lib/python3.12/site-packages/airflow/example_dags/example_python_decorator.py
[2025-04-02T08:08:41.749+0000] {logging_mixin.py:190} INFO - [2025-04-02T08:08:41.744+0000] {dag.py:3239} INFO - Sync 1 DAGs
[2025-04-02T08:08:41.812+0000] {logging_mixin.py:190} INFO - [2025-04-02T08:08:41.809+0000] {dag.py:4180} INFO - Setting next_dagrun for example_python_decorator to None, run_after=None
[2025-04-02T08:08:41.891+0000] {processor.py:208} INFO - Processing /home/airflow/.local/lib/python3.12/site-packages/airflow/example_dags/example_python_decorator.py took 0.306 seconds
[2025-04-02T08:09:15.523+0000] {processor.py:186} INFO - Started process (PID=8160) to work on /home/airflow/.local/lib/python3.12/site-packages/airflow/example_dags/example_python_decorator.py
[2025-04-02T08:09:15.527+0000] {processor.py:914} INFO - Processing file /home/airflow/.local/lib/python3.12/site-packages/airflow/example_dags/example_python_decorator.py for tasks to queue
[2025-04-02T08:09:15.537+0000] {logging_mixin.py:190} INFO - [2025-04-02T08:09:15.536+0000] {dagbag.py:588} INFO - Filling up the DagBag from /home/airflow/.local/lib/python3.12/site-packages/airflow/example_dags/example_python_decorator.py
[2025-04-02T08:09:15.615+0000] {processor.py:925} INFO - DAG(s) 'example_python_decorator' retrieved from /home/airflow/.local/lib/python3.12/site-packages/airflow/example_dags/example_python_decorator.py
[2025-04-02T08:09:15.721+0000] {logging_mixin.py:190} INFO - [2025-04-02T08:09:15.720+0000] {dag.py:3239} INFO - Sync 1 DAGs
[2025-04-02T08:09:15.776+0000] {logging_mixin.py:190} INFO - [2025-04-02T08:09:15.776+0000] {dag.py:4180} INFO - Setting next_dagrun for example_python_decorator to None, run_after=None
[2025-04-02T08:09:15.832+0000] {processor.py:208} INFO - Processing /home/airflow/.local/lib/python3.12/site-packages/airflow/example_dags/example_python_decorator.py took 0.333 seconds
[2025-04-02T08:09:46.144+0000] {processor.py:186} INFO - Started process (PID=8232) to work on /home/airflow/.local/lib/python3.12/site-packages/airflow/example_dags/example_python_decorator.py
[2025-04-02T08:09:46.146+0000] {processor.py:914} INFO - Processing file /home/airflow/.local/lib/python3.12/site-packages/airflow/example_dags/example_python_decorator.py for tasks to queue
[2025-04-02T08:09:46.155+0000] {logging_mixin.py:190} INFO - [2025-04-02T08:09:46.154+0000] {dagbag.py:588} INFO - Filling up the DagBag from /home/airflow/.local/lib/python3.12/site-packages/airflow/example_dags/example_python_decorator.py
[2025-04-02T08:09:46.193+0000] {processor.py:925} INFO - DAG(s) 'example_python_decorator' retrieved from /home/airflow/.local/lib/python3.12/site-packages/airflow/example_dags/example_python_decorator.py
[2025-04-02T08:09:46.262+0000] {logging_mixin.py:190} INFO - [2025-04-02T08:09:46.260+0000] {dag.py:3239} INFO - Sync 1 DAGs
[2025-04-02T08:09:46.306+0000] {logging_mixin.py:190} INFO - [2025-04-02T08:09:46.305+0000] {dag.py:4180} INFO - Setting next_dagrun for example_python_decorator to None, run_after=None
[2025-04-02T08:09:46.357+0000] {processor.py:208} INFO - Processing /home/airflow/.local/lib/python3.12/site-packages/airflow/example_dags/example_python_decorator.py took 0.237 seconds
[2025-04-02T08:10:17.145+0000] {processor.py:186} INFO - Started process (PID=8306) to work on /home/airflow/.local/lib/python3.12/site-packages/airflow/example_dags/example_python_decorator.py
[2025-04-02T08:10:17.148+0000] {processor.py:914} INFO - Processing file /home/airflow/.local/lib/python3.12/site-packages/airflow/example_dags/example_python_decorator.py for tasks to queue
[2025-04-02T08:10:17.159+0000] {logging_mixin.py:190} INFO - [2025-04-02T08:10:17.157+0000] {dagbag.py:588} INFO - Filling up the DagBag from /home/airflow/.local/lib/python3.12/site-packages/airflow/example_dags/example_python_decorator.py
[2025-04-02T08:10:17.239+0000] {processor.py:925} INFO - DAG(s) 'example_python_decorator' retrieved from /home/airflow/.local/lib/python3.12/site-packages/airflow/example_dags/example_python_decorator.py
[2025-04-02T08:10:17.326+0000] {logging_mixin.py:190} INFO - [2025-04-02T08:10:17.325+0000] {dag.py:3239} INFO - Sync 1 DAGs
[2025-04-02T08:10:17.370+0000] {logging_mixin.py:190} INFO - [2025-04-02T08:10:17.370+0000] {dag.py:4180} INFO - Setting next_dagrun for example_python_decorator to None, run_after=None
[2025-04-02T08:10:17.419+0000] {processor.py:208} INFO - Processing /home/airflow/.local/lib/python3.12/site-packages/airflow/example_dags/example_python_decorator.py took 0.314 seconds
[2025-04-02T08:10:48.190+0000] {processor.py:186} INFO - Started process (PID=8374) to work on /home/airflow/.local/lib/python3.12/site-packages/airflow/example_dags/example_python_decorator.py
[2025-04-02T08:10:48.191+0000] {processor.py:914} INFO - Processing file /home/airflow/.local/lib/python3.12/site-packages/airflow/example_dags/example_python_decorator.py for tasks to queue
[2025-04-02T08:10:48.201+0000] {logging_mixin.py:190} INFO - [2025-04-02T08:10:48.200+0000] {dagbag.py:588} INFO - Filling up the DagBag from /home/airflow/.local/lib/python3.12/site-packages/airflow/example_dags/example_python_decorator.py
[2025-04-02T08:10:48.250+0000] {processor.py:925} INFO - DAG(s) 'example_python_decorator' retrieved from /home/airflow/.local/lib/python3.12/site-packages/airflow/example_dags/example_python_decorator.py
[2025-04-02T08:10:48.302+0000] {logging_mixin.py:190} INFO - [2025-04-02T08:10:48.301+0000] {dag.py:3239} INFO - Sync 1 DAGs
[2025-04-02T08:10:48.342+0000] {logging_mixin.py:190} INFO - [2025-04-02T08:10:48.341+0000] {dag.py:4180} INFO - Setting next_dagrun for example_python_decorator to None, run_after=None
[2025-04-02T08:10:48.392+0000] {processor.py:208} INFO - Processing /home/airflow/.local/lib/python3.12/site-packages/airflow/example_dags/example_python_decorator.py took 0.225 seconds
[2025-04-02T08:11:18.487+0000] {processor.py:186} INFO - Started process (PID=8438) to work on /home/airflow/.local/lib/python3.12/site-packages/airflow/example_dags/example_python_decorator.py
[2025-04-02T08:11:18.489+0000] {processor.py:914} INFO - Processing file /home/airflow/.local/lib/python3.12/site-packages/airflow/example_dags/example_python_decorator.py for tasks to queue
[2025-04-02T08:11:18.494+0000] {logging_mixin.py:190} INFO - [2025-04-02T08:11:18.493+0000] {dagbag.py:588} INFO - Filling up the DagBag from /home/airflow/.local/lib/python3.12/site-packages/airflow/example_dags/example_python_decorator.py
[2025-04-02T08:11:18.521+0000] {processor.py:925} INFO - DAG(s) 'example_python_decorator' retrieved from /home/airflow/.local/lib/python3.12/site-packages/airflow/example_dags/example_python_decorator.py
[2025-04-02T08:11:18.560+0000] {logging_mixin.py:190} INFO - [2025-04-02T08:11:18.559+0000] {dag.py:3239} INFO - Sync 1 DAGs
[2025-04-02T08:11:18.584+0000] {logging_mixin.py:190} INFO - [2025-04-02T08:11:18.584+0000] {dag.py:4180} INFO - Setting next_dagrun for example_python_decorator to None, run_after=None
[2025-04-02T08:11:18.616+0000] {processor.py:208} INFO - Processing /home/airflow/.local/lib/python3.12/site-packages/airflow/example_dags/example_python_decorator.py took 0.140 seconds
[2025-04-02T08:11:48.727+0000] {processor.py:186} INFO - Started process (PID=8502) to work on /home/airflow/.local/lib/python3.12/site-packages/airflow/example_dags/example_python_decorator.py
[2025-04-02T08:11:48.730+0000] {processor.py:914} INFO - Processing file /home/airflow/.local/lib/python3.12/site-packages/airflow/example_dags/example_python_decorator.py for tasks to queue
[2025-04-02T08:11:48.735+0000] {logging_mixin.py:190} INFO - [2025-04-02T08:11:48.734+0000] {dagbag.py:588} INFO - Filling up the DagBag from /home/airflow/.local/lib/python3.12/site-packages/airflow/example_dags/example_python_decorator.py
[2025-04-02T08:11:48.763+0000] {processor.py:925} INFO - DAG(s) 'example_python_decorator' retrieved from /home/airflow/.local/lib/python3.12/site-packages/airflow/example_dags/example_python_decorator.py
[2025-04-02T08:11:48.811+0000] {logging_mixin.py:190} INFO - [2025-04-02T08:11:48.810+0000] {dag.py:3239} INFO - Sync 1 DAGs
[2025-04-02T08:11:48.840+0000] {logging_mixin.py:190} INFO - [2025-04-02T08:11:48.840+0000] {dag.py:4180} INFO - Setting next_dagrun for example_python_decorator to None, run_after=None
[2025-04-02T08:11:48.868+0000] {processor.py:208} INFO - Processing /home/airflow/.local/lib/python3.12/site-packages/airflow/example_dags/example_python_decorator.py took 0.154 seconds
[2025-04-02T08:12:19.564+0000] {processor.py:186} INFO - Started process (PID=8565) to work on /home/airflow/.local/lib/python3.12/site-packages/airflow/example_dags/example_python_decorator.py
[2025-04-02T08:12:19.566+0000] {processor.py:914} INFO - Processing file /home/airflow/.local/lib/python3.12/site-packages/airflow/example_dags/example_python_decorator.py for tasks to queue
[2025-04-02T08:12:19.571+0000] {logging_mixin.py:190} INFO - [2025-04-02T08:12:19.571+0000] {dagbag.py:588} INFO - Filling up the DagBag from /home/airflow/.local/lib/python3.12/site-packages/airflow/example_dags/example_python_decorator.py
[2025-04-02T08:12:19.599+0000] {processor.py:925} INFO - DAG(s) 'example_python_decorator' retrieved from /home/airflow/.local/lib/python3.12/site-packages/airflow/example_dags/example_python_decorator.py
[2025-04-02T08:12:19.652+0000] {logging_mixin.py:190} INFO - [2025-04-02T08:12:19.651+0000] {dag.py:3239} INFO - Sync 1 DAGs
[2025-04-02T08:12:19.688+0000] {logging_mixin.py:190} INFO - [2025-04-02T08:12:19.687+0000] {dag.py:4180} INFO - Setting next_dagrun for example_python_decorator to None, run_after=None
[2025-04-02T08:12:19.727+0000] {processor.py:208} INFO - Processing /home/airflow/.local/lib/python3.12/site-packages/airflow/example_dags/example_python_decorator.py took 0.179 seconds
[2025-04-02T08:12:50.274+0000] {processor.py:186} INFO - Started process (PID=8629) to work on /home/airflow/.local/lib/python3.12/site-packages/airflow/example_dags/example_python_decorator.py
[2025-04-02T08:12:50.276+0000] {processor.py:914} INFO - Processing file /home/airflow/.local/lib/python3.12/site-packages/airflow/example_dags/example_python_decorator.py for tasks to queue
[2025-04-02T08:12:50.280+0000] {logging_mixin.py:190} INFO - [2025-04-02T08:12:50.280+0000] {dagbag.py:588} INFO - Filling up the DagBag from /home/airflow/.local/lib/python3.12/site-packages/airflow/example_dags/example_python_decorator.py
[2025-04-02T08:12:50.305+0000] {processor.py:925} INFO - DAG(s) 'example_python_decorator' retrieved from /home/airflow/.local/lib/python3.12/site-packages/airflow/example_dags/example_python_decorator.py
[2025-04-02T08:12:50.344+0000] {logging_mixin.py:190} INFO - [2025-04-02T08:12:50.343+0000] {dag.py:3239} INFO - Sync 1 DAGs
[2025-04-02T08:12:50.367+0000] {logging_mixin.py:190} INFO - [2025-04-02T08:12:50.366+0000] {dag.py:4180} INFO - Setting next_dagrun for example_python_decorator to None, run_after=None
[2025-04-02T08:12:50.395+0000] {processor.py:208} INFO - Processing /home/airflow/.local/lib/python3.12/site-packages/airflow/example_dags/example_python_decorator.py took 0.132 seconds
[2025-04-02T08:13:20.575+0000] {processor.py:186} INFO - Started process (PID=8693) to work on /home/airflow/.local/lib/python3.12/site-packages/airflow/example_dags/example_python_decorator.py
[2025-04-02T08:13:20.577+0000] {processor.py:914} INFO - Processing file /home/airflow/.local/lib/python3.12/site-packages/airflow/example_dags/example_python_decorator.py for tasks to queue
[2025-04-02T08:13:20.581+0000] {logging_mixin.py:190} INFO - [2025-04-02T08:13:20.581+0000] {dagbag.py:588} INFO - Filling up the DagBag from /home/airflow/.local/lib/python3.12/site-packages/airflow/example_dags/example_python_decorator.py
[2025-04-02T08:13:20.608+0000] {processor.py:925} INFO - DAG(s) 'example_python_decorator' retrieved from /home/airflow/.local/lib/python3.12/site-packages/airflow/example_dags/example_python_decorator.py
[2025-04-02T08:13:20.645+0000] {logging_mixin.py:190} INFO - [2025-04-02T08:13:20.644+0000] {dag.py:3239} INFO - Sync 1 DAGs
[2025-04-02T08:13:20.671+0000] {logging_mixin.py:190} INFO - [2025-04-02T08:13:20.671+0000] {dag.py:4180} INFO - Setting next_dagrun for example_python_decorator to None, run_after=None
[2025-04-02T08:13:20.704+0000] {processor.py:208} INFO - Processing /home/airflow/.local/lib/python3.12/site-packages/airflow/example_dags/example_python_decorator.py took 0.139 seconds
[2025-04-02T08:13:51.045+0000] {processor.py:186} INFO - Started process (PID=8757) to work on /home/airflow/.local/lib/python3.12/site-packages/airflow/example_dags/example_python_decorator.py
[2025-04-02T08:13:51.047+0000] {processor.py:914} INFO - Processing file /home/airflow/.local/lib/python3.12/site-packages/airflow/example_dags/example_python_decorator.py for tasks to queue
[2025-04-02T08:13:51.051+0000] {logging_mixin.py:190} INFO - [2025-04-02T08:13:51.051+0000] {dagbag.py:588} INFO - Filling up the DagBag from /home/airflow/.local/lib/python3.12/site-packages/airflow/example_dags/example_python_decorator.py
[2025-04-02T08:13:51.077+0000] {processor.py:925} INFO - DAG(s) 'example_python_decorator' retrieved from /home/airflow/.local/lib/python3.12/site-packages/airflow/example_dags/example_python_decorator.py
[2025-04-02T08:13:51.115+0000] {logging_mixin.py:190} INFO - [2025-04-02T08:13:51.114+0000] {dag.py:3239} INFO - Sync 1 DAGs
[2025-04-02T08:13:51.138+0000] {logging_mixin.py:190} INFO - [2025-04-02T08:13:51.138+0000] {dag.py:4180} INFO - Setting next_dagrun for example_python_decorator to None, run_after=None
[2025-04-02T08:13:51.164+0000] {processor.py:208} INFO - Processing /home/airflow/.local/lib/python3.12/site-packages/airflow/example_dags/example_python_decorator.py took 0.130 seconds
[2025-04-02T08:14:22.036+0000] {processor.py:186} INFO - Started process (PID=8821) to work on /home/airflow/.local/lib/python3.12/site-packages/airflow/example_dags/example_python_decorator.py
[2025-04-02T08:14:22.038+0000] {processor.py:914} INFO - Processing file /home/airflow/.local/lib/python3.12/site-packages/airflow/example_dags/example_python_decorator.py for tasks to queue
[2025-04-02T08:14:22.043+0000] {logging_mixin.py:190} INFO - [2025-04-02T08:14:22.042+0000] {dagbag.py:588} INFO - Filling up the DagBag from /home/airflow/.local/lib/python3.12/site-packages/airflow/example_dags/example_python_decorator.py
[2025-04-02T08:14:22.069+0000] {processor.py:925} INFO - DAG(s) 'example_python_decorator' retrieved from /home/airflow/.local/lib/python3.12/site-packages/airflow/example_dags/example_python_decorator.py
[2025-04-02T08:14:22.107+0000] {logging_mixin.py:190} INFO - [2025-04-02T08:14:22.106+0000] {dag.py:3239} INFO - Sync 1 DAGs
[2025-04-02T08:14:22.130+0000] {logging_mixin.py:190} INFO - [2025-04-02T08:14:22.130+0000] {dag.py:4180} INFO - Setting next_dagrun for example_python_decorator to None, run_after=None
[2025-04-02T08:14:22.157+0000] {processor.py:208} INFO - Processing /home/airflow/.local/lib/python3.12/site-packages/airflow/example_dags/example_python_decorator.py took 0.132 seconds
[2025-04-02T08:14:52.449+0000] {processor.py:186} INFO - Started process (PID=8885) to work on /home/airflow/.local/lib/python3.12/site-packages/airflow/example_dags/example_python_decorator.py
[2025-04-02T08:14:52.450+0000] {processor.py:914} INFO - Processing file /home/airflow/.local/lib/python3.12/site-packages/airflow/example_dags/example_python_decorator.py for tasks to queue
[2025-04-02T08:14:52.454+0000] {logging_mixin.py:190} INFO - [2025-04-02T08:14:52.453+0000] {dagbag.py:588} INFO - Filling up the DagBag from /home/airflow/.local/lib/python3.12/site-packages/airflow/example_dags/example_python_decorator.py
[2025-04-02T08:14:52.481+0000] {processor.py:925} INFO - DAG(s) 'example_python_decorator' retrieved from /home/airflow/.local/lib/python3.12/site-packages/airflow/example_dags/example_python_decorator.py
[2025-04-02T08:14:52.518+0000] {logging_mixin.py:190} INFO - [2025-04-02T08:14:52.517+0000] {dag.py:3239} INFO - Sync 1 DAGs
[2025-04-02T08:14:52.541+0000] {logging_mixin.py:190} INFO - [2025-04-02T08:14:52.541+0000] {dag.py:4180} INFO - Setting next_dagrun for example_python_decorator to None, run_after=None
[2025-04-02T08:14:52.569+0000] {processor.py:208} INFO - Processing /home/airflow/.local/lib/python3.12/site-packages/airflow/example_dags/example_python_decorator.py took 0.131 seconds
[2025-04-02T08:15:23.104+0000] {processor.py:186} INFO - Started process (PID=8949) to work on /home/airflow/.local/lib/python3.12/site-packages/airflow/example_dags/example_python_decorator.py
[2025-04-02T08:15:23.106+0000] {processor.py:914} INFO - Processing file /home/airflow/.local/lib/python3.12/site-packages/airflow/example_dags/example_python_decorator.py for tasks to queue
[2025-04-02T08:15:23.111+0000] {logging_mixin.py:190} INFO - [2025-04-02T08:15:23.110+0000] {dagbag.py:588} INFO - Filling up the DagBag from /home/airflow/.local/lib/python3.12/site-packages/airflow/example_dags/example_python_decorator.py
[2025-04-02T08:15:23.137+0000] {processor.py:925} INFO - DAG(s) 'example_python_decorator' retrieved from /home/airflow/.local/lib/python3.12/site-packages/airflow/example_dags/example_python_decorator.py
[2025-04-02T08:15:23.184+0000] {logging_mixin.py:190} INFO - [2025-04-02T08:15:23.183+0000] {dag.py:3239} INFO - Sync 1 DAGs
[2025-04-02T08:15:23.209+0000] {logging_mixin.py:190} INFO - [2025-04-02T08:15:23.208+0000] {dag.py:4180} INFO - Setting next_dagrun for example_python_decorator to None, run_after=None
[2025-04-02T08:15:23.243+0000] {processor.py:208} INFO - Processing /home/airflow/.local/lib/python3.12/site-packages/airflow/example_dags/example_python_decorator.py took 0.150 seconds
[2025-04-02T08:15:53.877+0000] {processor.py:186} INFO - Started process (PID=9013) to work on /home/airflow/.local/lib/python3.12/site-packages/airflow/example_dags/example_python_decorator.py
[2025-04-02T08:15:53.879+0000] {processor.py:914} INFO - Processing file /home/airflow/.local/lib/python3.12/site-packages/airflow/example_dags/example_python_decorator.py for tasks to queue
[2025-04-02T08:15:53.883+0000] {logging_mixin.py:190} INFO - [2025-04-02T08:15:53.883+0000] {dagbag.py:588} INFO - Filling up the DagBag from /home/airflow/.local/lib/python3.12/site-packages/airflow/example_dags/example_python_decorator.py
[2025-04-02T08:15:53.909+0000] {processor.py:925} INFO - DAG(s) 'example_python_decorator' retrieved from /home/airflow/.local/lib/python3.12/site-packages/airflow/example_dags/example_python_decorator.py
[2025-04-02T08:15:53.954+0000] {logging_mixin.py:190} INFO - [2025-04-02T08:15:53.953+0000] {dag.py:3239} INFO - Sync 1 DAGs
[2025-04-02T08:15:53.979+0000] {logging_mixin.py:190} INFO - [2025-04-02T08:15:53.979+0000] {dag.py:4180} INFO - Setting next_dagrun for example_python_decorator to None, run_after=None
[2025-04-02T08:15:54.012+0000] {processor.py:208} INFO - Processing /home/airflow/.local/lib/python3.12/site-packages/airflow/example_dags/example_python_decorator.py took 0.146 seconds
[2025-04-02T08:16:24.545+0000] {processor.py:186} INFO - Started process (PID=9077) to work on /home/airflow/.local/lib/python3.12/site-packages/airflow/example_dags/example_python_decorator.py
[2025-04-02T08:16:24.547+0000] {processor.py:914} INFO - Processing file /home/airflow/.local/lib/python3.12/site-packages/airflow/example_dags/example_python_decorator.py for tasks to queue
[2025-04-02T08:16:24.551+0000] {logging_mixin.py:190} INFO - [2025-04-02T08:16:24.551+0000] {dagbag.py:588} INFO - Filling up the DagBag from /home/airflow/.local/lib/python3.12/site-packages/airflow/example_dags/example_python_decorator.py
[2025-04-02T08:16:24.579+0000] {processor.py:925} INFO - DAG(s) 'example_python_decorator' retrieved from /home/airflow/.local/lib/python3.12/site-packages/airflow/example_dags/example_python_decorator.py
[2025-04-02T08:16:24.620+0000] {logging_mixin.py:190} INFO - [2025-04-02T08:16:24.619+0000] {dag.py:3239} INFO - Sync 1 DAGs
[2025-04-02T08:16:24.647+0000] {logging_mixin.py:190} INFO - [2025-04-02T08:16:24.646+0000] {dag.py:4180} INFO - Setting next_dagrun for example_python_decorator to None, run_after=None
[2025-04-02T08:16:24.688+0000] {processor.py:208} INFO - Processing /home/airflow/.local/lib/python3.12/site-packages/airflow/example_dags/example_python_decorator.py took 0.154 seconds
[2025-04-02T08:16:54.815+0000] {processor.py:186} INFO - Started process (PID=9141) to work on /home/airflow/.local/lib/python3.12/site-packages/airflow/example_dags/example_python_decorator.py
[2025-04-02T08:16:54.818+0000] {processor.py:914} INFO - Processing file /home/airflow/.local/lib/python3.12/site-packages/airflow/example_dags/example_python_decorator.py for tasks to queue
[2025-04-02T08:16:54.825+0000] {logging_mixin.py:190} INFO - [2025-04-02T08:16:54.823+0000] {dagbag.py:588} INFO - Filling up the DagBag from /home/airflow/.local/lib/python3.12/site-packages/airflow/example_dags/example_python_decorator.py
[2025-04-02T08:16:54.861+0000] {processor.py:925} INFO - DAG(s) 'example_python_decorator' retrieved from /home/airflow/.local/lib/python3.12/site-packages/airflow/example_dags/example_python_decorator.py
[2025-04-02T08:16:54.902+0000] {logging_mixin.py:190} INFO - [2025-04-02T08:16:54.901+0000] {dag.py:3239} INFO - Sync 1 DAGs
[2025-04-02T08:16:54.925+0000] {logging_mixin.py:190} INFO - [2025-04-02T08:16:54.925+0000] {dag.py:4180} INFO - Setting next_dagrun for example_python_decorator to None, run_after=None
[2025-04-02T08:16:54.956+0000] {processor.py:208} INFO - Processing /home/airflow/.local/lib/python3.12/site-packages/airflow/example_dags/example_python_decorator.py took 0.158 seconds
[2025-04-02T08:17:25.257+0000] {processor.py:186} INFO - Started process (PID=9205) to work on /home/airflow/.local/lib/python3.12/site-packages/airflow/example_dags/example_python_decorator.py
[2025-04-02T08:17:25.259+0000] {processor.py:914} INFO - Processing file /home/airflow/.local/lib/python3.12/site-packages/airflow/example_dags/example_python_decorator.py for tasks to queue
[2025-04-02T08:17:25.266+0000] {logging_mixin.py:190} INFO - [2025-04-02T08:17:25.265+0000] {dagbag.py:588} INFO - Filling up the DagBag from /home/airflow/.local/lib/python3.12/site-packages/airflow/example_dags/example_python_decorator.py
[2025-04-02T08:17:25.300+0000] {processor.py:925} INFO - DAG(s) 'example_python_decorator' retrieved from /home/airflow/.local/lib/python3.12/site-packages/airflow/example_dags/example_python_decorator.py
[2025-04-02T08:17:25.350+0000] {logging_mixin.py:190} INFO - [2025-04-02T08:17:25.349+0000] {dag.py:3239} INFO - Sync 1 DAGs
[2025-04-02T08:17:25.386+0000] {logging_mixin.py:190} INFO - [2025-04-02T08:17:25.386+0000] {dag.py:4180} INFO - Setting next_dagrun for example_python_decorator to None, run_after=None
[2025-04-02T08:17:25.425+0000] {processor.py:208} INFO - Processing /home/airflow/.local/lib/python3.12/site-packages/airflow/example_dags/example_python_decorator.py took 0.185 seconds
[2025-04-02T08:17:55.895+0000] {processor.py:186} INFO - Started process (PID=9269) to work on /home/airflow/.local/lib/python3.12/site-packages/airflow/example_dags/example_python_decorator.py
[2025-04-02T08:17:55.898+0000] {processor.py:914} INFO - Processing file /home/airflow/.local/lib/python3.12/site-packages/airflow/example_dags/example_python_decorator.py for tasks to queue
[2025-04-02T08:17:55.902+0000] {logging_mixin.py:190} INFO - [2025-04-02T08:17:55.901+0000] {dagbag.py:588} INFO - Filling up the DagBag from /home/airflow/.local/lib/python3.12/site-packages/airflow/example_dags/example_python_decorator.py
[2025-04-02T08:17:55.929+0000] {processor.py:925} INFO - DAG(s) 'example_python_decorator' retrieved from /home/airflow/.local/lib/python3.12/site-packages/airflow/example_dags/example_python_decorator.py
[2025-04-02T08:17:55.973+0000] {logging_mixin.py:190} INFO - [2025-04-02T08:17:55.972+0000] {dag.py:3239} INFO - Sync 1 DAGs
[2025-04-02T08:17:55.999+0000] {logging_mixin.py:190} INFO - [2025-04-02T08:17:55.998+0000] {dag.py:4180} INFO - Setting next_dagrun for example_python_decorator to None, run_after=None
[2025-04-02T08:17:56.028+0000] {processor.py:208} INFO - Processing /home/airflow/.local/lib/python3.12/site-packages/airflow/example_dags/example_python_decorator.py took 0.147 seconds
[2025-04-02T08:18:26.575+0000] {processor.py:186} INFO - Started process (PID=9333) to work on /home/airflow/.local/lib/python3.12/site-packages/airflow/example_dags/example_python_decorator.py
[2025-04-02T08:18:26.577+0000] {processor.py:914} INFO - Processing file /home/airflow/.local/lib/python3.12/site-packages/airflow/example_dags/example_python_decorator.py for tasks to queue
[2025-04-02T08:18:26.581+0000] {logging_mixin.py:190} INFO - [2025-04-02T08:18:26.580+0000] {dagbag.py:588} INFO - Filling up the DagBag from /home/airflow/.local/lib/python3.12/site-packages/airflow/example_dags/example_python_decorator.py
[2025-04-02T08:18:26.607+0000] {processor.py:925} INFO - DAG(s) 'example_python_decorator' retrieved from /home/airflow/.local/lib/python3.12/site-packages/airflow/example_dags/example_python_decorator.py
[2025-04-02T08:18:26.647+0000] {logging_mixin.py:190} INFO - [2025-04-02T08:18:26.646+0000] {dag.py:3239} INFO - Sync 1 DAGs
[2025-04-02T08:18:26.674+0000] {logging_mixin.py:190} INFO - [2025-04-02T08:18:26.673+0000] {dag.py:4180} INFO - Setting next_dagrun for example_python_decorator to None, run_after=None
[2025-04-02T08:18:26.705+0000] {processor.py:208} INFO - Processing /home/airflow/.local/lib/python3.12/site-packages/airflow/example_dags/example_python_decorator.py took 0.140 seconds
[2025-04-02T08:18:56.943+0000] {processor.py:186} INFO - Started process (PID=9397) to work on /home/airflow/.local/lib/python3.12/site-packages/airflow/example_dags/example_python_decorator.py
[2025-04-02T08:18:56.945+0000] {processor.py:914} INFO - Processing file /home/airflow/.local/lib/python3.12/site-packages/airflow/example_dags/example_python_decorator.py for tasks to queue
[2025-04-02T08:18:56.950+0000] {logging_mixin.py:190} INFO - [2025-04-02T08:18:56.949+0000] {dagbag.py:588} INFO - Filling up the DagBag from /home/airflow/.local/lib/python3.12/site-packages/airflow/example_dags/example_python_decorator.py
[2025-04-02T08:18:56.977+0000] {processor.py:925} INFO - DAG(s) 'example_python_decorator' retrieved from /home/airflow/.local/lib/python3.12/site-packages/airflow/example_dags/example_python_decorator.py
[2025-04-02T08:18:57.015+0000] {logging_mixin.py:190} INFO - [2025-04-02T08:18:57.014+0000] {dag.py:3239} INFO - Sync 1 DAGs
[2025-04-02T08:18:57.042+0000] {logging_mixin.py:190} INFO - [2025-04-02T08:18:57.041+0000] {dag.py:4180} INFO - Setting next_dagrun for example_python_decorator to None, run_after=None
[2025-04-02T08:18:57.073+0000] {processor.py:208} INFO - Processing /home/airflow/.local/lib/python3.12/site-packages/airflow/example_dags/example_python_decorator.py took 0.140 seconds
[2025-04-02T08:19:27.317+0000] {processor.py:186} INFO - Started process (PID=9461) to work on /home/airflow/.local/lib/python3.12/site-packages/airflow/example_dags/example_python_decorator.py
[2025-04-02T08:19:27.319+0000] {processor.py:914} INFO - Processing file /home/airflow/.local/lib/python3.12/site-packages/airflow/example_dags/example_python_decorator.py for tasks to queue
[2025-04-02T08:19:27.323+0000] {logging_mixin.py:190} INFO - [2025-04-02T08:19:27.322+0000] {dagbag.py:588} INFO - Filling up the DagBag from /home/airflow/.local/lib/python3.12/site-packages/airflow/example_dags/example_python_decorator.py
[2025-04-02T08:19:27.352+0000] {processor.py:925} INFO - DAG(s) 'example_python_decorator' retrieved from /home/airflow/.local/lib/python3.12/site-packages/airflow/example_dags/example_python_decorator.py
[2025-04-02T08:19:27.398+0000] {logging_mixin.py:190} INFO - [2025-04-02T08:19:27.397+0000] {dag.py:3239} INFO - Sync 1 DAGs
[2025-04-02T08:19:27.426+0000] {logging_mixin.py:190} INFO - [2025-04-02T08:19:27.425+0000] {dag.py:4180} INFO - Setting next_dagrun for example_python_decorator to None, run_after=None
[2025-04-02T08:19:27.456+0000] {processor.py:208} INFO - Processing /home/airflow/.local/lib/python3.12/site-packages/airflow/example_dags/example_python_decorator.py took 0.150 seconds
[2025-04-02T08:19:57.952+0000] {processor.py:186} INFO - Started process (PID=9525) to work on /home/airflow/.local/lib/python3.12/site-packages/airflow/example_dags/example_python_decorator.py
[2025-04-02T08:19:57.954+0000] {processor.py:914} INFO - Processing file /home/airflow/.local/lib/python3.12/site-packages/airflow/example_dags/example_python_decorator.py for tasks to queue
[2025-04-02T08:19:57.959+0000] {logging_mixin.py:190} INFO - [2025-04-02T08:19:57.958+0000] {dagbag.py:588} INFO - Filling up the DagBag from /home/airflow/.local/lib/python3.12/site-packages/airflow/example_dags/example_python_decorator.py
[2025-04-02T08:19:57.986+0000] {processor.py:925} INFO - DAG(s) 'example_python_decorator' retrieved from /home/airflow/.local/lib/python3.12/site-packages/airflow/example_dags/example_python_decorator.py
[2025-04-02T08:19:58.025+0000] {logging_mixin.py:190} INFO - [2025-04-02T08:19:58.024+0000] {dag.py:3239} INFO - Sync 1 DAGs
[2025-04-02T08:19:58.051+0000] {logging_mixin.py:190} INFO - [2025-04-02T08:19:58.051+0000] {dag.py:4180} INFO - Setting next_dagrun for example_python_decorator to None, run_after=None
[2025-04-02T08:19:58.082+0000] {processor.py:208} INFO - Processing /home/airflow/.local/lib/python3.12/site-packages/airflow/example_dags/example_python_decorator.py took 0.140 seconds
[2025-04-02T08:20:28.302+0000] {processor.py:186} INFO - Started process (PID=9589) to work on /home/airflow/.local/lib/python3.12/site-packages/airflow/example_dags/example_python_decorator.py
[2025-04-02T08:20:28.304+0000] {processor.py:914} INFO - Processing file /home/airflow/.local/lib/python3.12/site-packages/airflow/example_dags/example_python_decorator.py for tasks to queue
[2025-04-02T08:20:28.309+0000] {logging_mixin.py:190} INFO - [2025-04-02T08:20:28.308+0000] {dagbag.py:588} INFO - Filling up the DagBag from /home/airflow/.local/lib/python3.12/site-packages/airflow/example_dags/example_python_decorator.py
[2025-04-02T08:20:28.339+0000] {processor.py:925} INFO - DAG(s) 'example_python_decorator' retrieved from /home/airflow/.local/lib/python3.12/site-packages/airflow/example_dags/example_python_decorator.py
[2025-04-02T08:20:28.380+0000] {logging_mixin.py:190} INFO - [2025-04-02T08:20:28.379+0000] {dag.py:3239} INFO - Sync 1 DAGs
[2025-04-02T08:20:28.408+0000] {logging_mixin.py:190} INFO - [2025-04-02T08:20:28.408+0000] {dag.py:4180} INFO - Setting next_dagrun for example_python_decorator to None, run_after=None
[2025-04-02T08:20:28.438+0000] {processor.py:208} INFO - Processing /home/airflow/.local/lib/python3.12/site-packages/airflow/example_dags/example_python_decorator.py took 0.148 seconds
[2025-04-02T08:21:01.656+0000] {processor.py:186} INFO - Started process (PID=9652) to work on /home/airflow/.local/lib/python3.12/site-packages/airflow/example_dags/example_python_decorator.py
[2025-04-02T08:21:01.660+0000] {processor.py:914} INFO - Processing file /home/airflow/.local/lib/python3.12/site-packages/airflow/example_dags/example_python_decorator.py for tasks to queue
[2025-04-02T08:21:01.670+0000] {logging_mixin.py:190} INFO - [2025-04-02T08:21:01.669+0000] {dagbag.py:588} INFO - Filling up the DagBag from /home/airflow/.local/lib/python3.12/site-packages/airflow/example_dags/example_python_decorator.py
[2025-04-02T08:21:01.729+0000] {processor.py:925} INFO - DAG(s) 'example_python_decorator' retrieved from /home/airflow/.local/lib/python3.12/site-packages/airflow/example_dags/example_python_decorator.py
[2025-04-02T08:21:01.803+0000] {logging_mixin.py:190} INFO - [2025-04-02T08:21:01.802+0000] {dag.py:3239} INFO - Sync 1 DAGs
[2025-04-02T08:21:01.852+0000] {logging_mixin.py:190} INFO - [2025-04-02T08:21:01.851+0000] {dag.py:4180} INFO - Setting next_dagrun for example_python_decorator to None, run_after=None
[2025-04-02T08:21:01.900+0000] {processor.py:208} INFO - Processing /home/airflow/.local/lib/python3.12/site-packages/airflow/example_dags/example_python_decorator.py took 0.265 seconds
[2025-04-02T08:21:32.112+0000] {processor.py:186} INFO - Started process (PID=9716) to work on /home/airflow/.local/lib/python3.12/site-packages/airflow/example_dags/example_python_decorator.py
[2025-04-02T08:21:32.113+0000] {processor.py:914} INFO - Processing file /home/airflow/.local/lib/python3.12/site-packages/airflow/example_dags/example_python_decorator.py for tasks to queue
[2025-04-02T08:21:32.117+0000] {logging_mixin.py:190} INFO - [2025-04-02T08:21:32.116+0000] {dagbag.py:588} INFO - Filling up the DagBag from /home/airflow/.local/lib/python3.12/site-packages/airflow/example_dags/example_python_decorator.py
[2025-04-02T08:21:32.145+0000] {processor.py:925} INFO - DAG(s) 'example_python_decorator' retrieved from /home/airflow/.local/lib/python3.12/site-packages/airflow/example_dags/example_python_decorator.py
[2025-04-02T08:21:32.181+0000] {logging_mixin.py:190} INFO - [2025-04-02T08:21:32.181+0000] {dag.py:3239} INFO - Sync 1 DAGs
[2025-04-02T08:21:32.207+0000] {logging_mixin.py:190} INFO - [2025-04-02T08:21:32.207+0000] {dag.py:4180} INFO - Setting next_dagrun for example_python_decorator to None, run_after=None
[2025-04-02T08:21:32.238+0000] {processor.py:208} INFO - Processing /home/airflow/.local/lib/python3.12/site-packages/airflow/example_dags/example_python_decorator.py took 0.138 seconds
[2025-04-02T08:22:02.870+0000] {processor.py:186} INFO - Started process (PID=9786) to work on /home/airflow/.local/lib/python3.12/site-packages/airflow/example_dags/example_python_decorator.py
[2025-04-02T08:22:02.872+0000] {processor.py:914} INFO - Processing file /home/airflow/.local/lib/python3.12/site-packages/airflow/example_dags/example_python_decorator.py for tasks to queue
[2025-04-02T08:22:02.877+0000] {logging_mixin.py:190} INFO - [2025-04-02T08:22:02.876+0000] {dagbag.py:588} INFO - Filling up the DagBag from /home/airflow/.local/lib/python3.12/site-packages/airflow/example_dags/example_python_decorator.py
[2025-04-02T08:22:02.903+0000] {processor.py:925} INFO - DAG(s) 'example_python_decorator' retrieved from /home/airflow/.local/lib/python3.12/site-packages/airflow/example_dags/example_python_decorator.py
[2025-04-02T08:22:02.940+0000] {logging_mixin.py:190} INFO - [2025-04-02T08:22:02.939+0000] {dag.py:3239} INFO - Sync 1 DAGs
[2025-04-02T08:22:02.964+0000] {logging_mixin.py:190} INFO - [2025-04-02T08:22:02.964+0000] {dag.py:4180} INFO - Setting next_dagrun for example_python_decorator to None, run_after=None
[2025-04-02T08:22:02.994+0000] {processor.py:208} INFO - Processing /home/airflow/.local/lib/python3.12/site-packages/airflow/example_dags/example_python_decorator.py took 0.135 seconds
[2025-04-02T08:22:33.195+0000] {processor.py:186} INFO - Started process (PID=9850) to work on /home/airflow/.local/lib/python3.12/site-packages/airflow/example_dags/example_python_decorator.py
[2025-04-02T08:22:33.196+0000] {processor.py:914} INFO - Processing file /home/airflow/.local/lib/python3.12/site-packages/airflow/example_dags/example_python_decorator.py for tasks to queue
[2025-04-02T08:22:33.200+0000] {logging_mixin.py:190} INFO - [2025-04-02T08:22:33.200+0000] {dagbag.py:588} INFO - Filling up the DagBag from /home/airflow/.local/lib/python3.12/site-packages/airflow/example_dags/example_python_decorator.py
[2025-04-02T08:22:33.230+0000] {processor.py:925} INFO - DAG(s) 'example_python_decorator' retrieved from /home/airflow/.local/lib/python3.12/site-packages/airflow/example_dags/example_python_decorator.py
[2025-04-02T08:22:33.270+0000] {logging_mixin.py:190} INFO - [2025-04-02T08:22:33.269+0000] {dag.py:3239} INFO - Sync 1 DAGs
[2025-04-02T08:22:33.296+0000] {logging_mixin.py:190} INFO - [2025-04-02T08:22:33.295+0000] {dag.py:4180} INFO - Setting next_dagrun for example_python_decorator to None, run_after=None
[2025-04-02T08:22:33.330+0000] {processor.py:208} INFO - Processing /home/airflow/.local/lib/python3.12/site-packages/airflow/example_dags/example_python_decorator.py took 0.146 seconds
[2025-04-02T08:23:03.669+0000] {processor.py:186} INFO - Started process (PID=9914) to work on /home/airflow/.local/lib/python3.12/site-packages/airflow/example_dags/example_python_decorator.py
[2025-04-02T08:23:03.671+0000] {processor.py:914} INFO - Processing file /home/airflow/.local/lib/python3.12/site-packages/airflow/example_dags/example_python_decorator.py for tasks to queue
[2025-04-02T08:23:03.675+0000] {logging_mixin.py:190} INFO - [2025-04-02T08:23:03.674+0000] {dagbag.py:588} INFO - Filling up the DagBag from /home/airflow/.local/lib/python3.12/site-packages/airflow/example_dags/example_python_decorator.py
[2025-04-02T08:23:03.701+0000] {processor.py:925} INFO - DAG(s) 'example_python_decorator' retrieved from /home/airflow/.local/lib/python3.12/site-packages/airflow/example_dags/example_python_decorator.py
[2025-04-02T08:23:03.738+0000] {logging_mixin.py:190} INFO - [2025-04-02T08:23:03.737+0000] {dag.py:3239} INFO - Sync 1 DAGs
[2025-04-02T08:23:03.761+0000] {logging_mixin.py:190} INFO - [2025-04-02T08:23:03.761+0000] {dag.py:4180} INFO - Setting next_dagrun for example_python_decorator to None, run_after=None
[2025-04-02T08:23:03.789+0000] {processor.py:208} INFO - Processing /home/airflow/.local/lib/python3.12/site-packages/airflow/example_dags/example_python_decorator.py took 0.132 seconds
[2025-04-02T08:23:34.384+0000] {processor.py:186} INFO - Started process (PID=9978) to work on /home/airflow/.local/lib/python3.12/site-packages/airflow/example_dags/example_python_decorator.py
[2025-04-02T08:23:34.385+0000] {processor.py:914} INFO - Processing file /home/airflow/.local/lib/python3.12/site-packages/airflow/example_dags/example_python_decorator.py for tasks to queue
[2025-04-02T08:23:34.390+0000] {logging_mixin.py:190} INFO - [2025-04-02T08:23:34.389+0000] {dagbag.py:588} INFO - Filling up the DagBag from /home/airflow/.local/lib/python3.12/site-packages/airflow/example_dags/example_python_decorator.py
[2025-04-02T08:23:34.419+0000] {processor.py:925} INFO - DAG(s) 'example_python_decorator' retrieved from /home/airflow/.local/lib/python3.12/site-packages/airflow/example_dags/example_python_decorator.py
[2025-04-02T08:23:34.456+0000] {logging_mixin.py:190} INFO - [2025-04-02T08:23:34.455+0000] {dag.py:3239} INFO - Sync 1 DAGs
[2025-04-02T08:23:34.480+0000] {logging_mixin.py:190} INFO - [2025-04-02T08:23:34.479+0000] {dag.py:4180} INFO - Setting next_dagrun for example_python_decorator to None, run_after=None
[2025-04-02T08:23:34.508+0000] {processor.py:208} INFO - Processing /home/airflow/.local/lib/python3.12/site-packages/airflow/example_dags/example_python_decorator.py took 0.136 seconds
