[2025-04-02T07:56:25.883+0000] {processor.py:186} INFO - Started process (PID=6393) to work on /home/airflow/.local/lib/python3.12/site-packages/airflow/example_dags/example_python_operator.py
[2025-04-02T07:56:25.884+0000] {processor.py:914} INFO - Processing file /home/airflow/.local/lib/python3.12/site-packages/airflow/example_dags/example_python_operator.py for tasks to queue
[2025-04-02T07:56:25.900+0000] {logging_mixin.py:190} INFO - [2025-04-02T07:56:25.899+0000] {dagbag.py:588} INFO - Filling up the DagBag from /home/airflow/.local/lib/python3.12/site-packages/airflow/example_dags/example_python_operator.py
[2025-04-02T07:56:25.994+0000] {processor.py:925} INFO - DAG(s) 'example_python_operator' retrieved from /home/airflow/.local/lib/python3.12/site-packages/airflow/example_dags/example_python_operator.py
[2025-04-02T07:56:26.113+0000] {logging_mixin.py:190} INFO - [2025-04-02T07:56:26.109+0000] {dag.py:3239} INFO - Sync 1 DAGs
[2025-04-02T07:56:26.187+0000] {logging_mixin.py:190} INFO - [2025-04-02T07:56:26.186+0000] {dag.py:4180} INFO - Setting next_dagrun for example_python_operator to None, run_after=None
[2025-04-02T07:56:26.299+0000] {processor.py:208} INFO - Processing /home/airflow/.local/lib/python3.12/site-packages/airflow/example_dags/example_python_operator.py took 0.467 seconds
[2025-04-02T07:56:56.587+0000] {processor.py:186} INFO - Started process (PID=6461) to work on /home/airflow/.local/lib/python3.12/site-packages/airflow/example_dags/example_python_operator.py
[2025-04-02T07:56:56.589+0000] {processor.py:914} INFO - Processing file /home/airflow/.local/lib/python3.12/site-packages/airflow/example_dags/example_python_operator.py for tasks to queue
[2025-04-02T07:56:56.601+0000] {logging_mixin.py:190} INFO - [2025-04-02T07:56:56.598+0000] {dagbag.py:588} INFO - Filling up the DagBag from /home/airflow/.local/lib/python3.12/site-packages/airflow/example_dags/example_python_operator.py
[2025-04-02T07:56:56.643+0000] {processor.py:925} INFO - DAG(s) 'example_python_operator' retrieved from /home/airflow/.local/lib/python3.12/site-packages/airflow/example_dags/example_python_operator.py
[2025-04-02T07:56:56.735+0000] {logging_mixin.py:190} INFO - [2025-04-02T07:56:56.734+0000] {dag.py:3239} INFO - Sync 1 DAGs
[2025-04-02T07:56:56.785+0000] {logging_mixin.py:190} INFO - [2025-04-02T07:56:56.784+0000] {dag.py:4180} INFO - Setting next_dagrun for example_python_operator to None, run_after=None
[2025-04-02T07:56:56.843+0000] {processor.py:208} INFO - Processing /home/airflow/.local/lib/python3.12/site-packages/airflow/example_dags/example_python_operator.py took 0.282 seconds
[2025-04-02T07:57:27.258+0000] {processor.py:186} INFO - Started process (PID=6525) to work on /home/airflow/.local/lib/python3.12/site-packages/airflow/example_dags/example_python_operator.py
[2025-04-02T07:57:27.262+0000] {processor.py:914} INFO - Processing file /home/airflow/.local/lib/python3.12/site-packages/airflow/example_dags/example_python_operator.py for tasks to queue
[2025-04-02T07:57:27.267+0000] {logging_mixin.py:190} INFO - [2025-04-02T07:57:27.267+0000] {dagbag.py:588} INFO - Filling up the DagBag from /home/airflow/.local/lib/python3.12/site-packages/airflow/example_dags/example_python_operator.py
[2025-04-02T07:57:27.300+0000] {processor.py:925} INFO - DAG(s) 'example_python_operator' retrieved from /home/airflow/.local/lib/python3.12/site-packages/airflow/example_dags/example_python_operator.py
[2025-04-02T07:57:27.371+0000] {logging_mixin.py:190} INFO - [2025-04-02T07:57:27.370+0000] {dag.py:3239} INFO - Sync 1 DAGs
[2025-04-02T07:57:27.419+0000] {logging_mixin.py:190} INFO - [2025-04-02T07:57:27.418+0000] {dag.py:4180} INFO - Setting next_dagrun for example_python_operator to None, run_after=None
[2025-04-02T07:57:27.459+0000] {processor.py:208} INFO - Processing /home/airflow/.local/lib/python3.12/site-packages/airflow/example_dags/example_python_operator.py took 0.215 seconds
[2025-04-02T07:57:58.338+0000] {processor.py:186} INFO - Started process (PID=6603) to work on /home/airflow/.local/lib/python3.12/site-packages/airflow/example_dags/example_python_operator.py
[2025-04-02T07:57:58.339+0000] {processor.py:914} INFO - Processing file /home/airflow/.local/lib/python3.12/site-packages/airflow/example_dags/example_python_operator.py for tasks to queue
[2025-04-02T07:57:58.344+0000] {logging_mixin.py:190} INFO - [2025-04-02T07:57:58.344+0000] {dagbag.py:588} INFO - Filling up the DagBag from /home/airflow/.local/lib/python3.12/site-packages/airflow/example_dags/example_python_operator.py
[2025-04-02T07:57:58.380+0000] {processor.py:925} INFO - DAG(s) 'example_python_operator' retrieved from /home/airflow/.local/lib/python3.12/site-packages/airflow/example_dags/example_python_operator.py
[2025-04-02T07:57:58.447+0000] {logging_mixin.py:190} INFO - [2025-04-02T07:57:58.446+0000] {dag.py:3239} INFO - Sync 1 DAGs
[2025-04-02T07:57:58.492+0000] {logging_mixin.py:190} INFO - [2025-04-02T07:57:58.491+0000] {dag.py:4180} INFO - Setting next_dagrun for example_python_operator to None, run_after=None
[2025-04-02T07:57:58.546+0000] {processor.py:208} INFO - Processing /home/airflow/.local/lib/python3.12/site-packages/airflow/example_dags/example_python_operator.py took 0.225 seconds
[2025-04-02T07:58:29.578+0000] {processor.py:186} INFO - Started process (PID=6667) to work on /home/airflow/.local/lib/python3.12/site-packages/airflow/example_dags/example_python_operator.py
[2025-04-02T07:58:29.584+0000] {processor.py:914} INFO - Processing file /home/airflow/.local/lib/python3.12/site-packages/airflow/example_dags/example_python_operator.py for tasks to queue
[2025-04-02T07:58:29.591+0000] {logging_mixin.py:190} INFO - [2025-04-02T07:58:29.588+0000] {dagbag.py:588} INFO - Filling up the DagBag from /home/airflow/.local/lib/python3.12/site-packages/airflow/example_dags/example_python_operator.py
[2025-04-02T07:58:29.632+0000] {processor.py:925} INFO - DAG(s) 'example_python_operator' retrieved from /home/airflow/.local/lib/python3.12/site-packages/airflow/example_dags/example_python_operator.py
[2025-04-02T07:58:29.692+0000] {logging_mixin.py:190} INFO - [2025-04-02T07:58:29.691+0000] {dag.py:3239} INFO - Sync 1 DAGs
[2025-04-02T07:58:29.735+0000] {logging_mixin.py:190} INFO - [2025-04-02T07:58:29.734+0000] {dag.py:4180} INFO - Setting next_dagrun for example_python_operator to None, run_after=None
[2025-04-02T07:58:29.779+0000] {processor.py:208} INFO - Processing /home/airflow/.local/lib/python3.12/site-packages/airflow/example_dags/example_python_operator.py took 0.221 seconds
[2025-04-02T07:59:00.094+0000] {processor.py:186} INFO - Started process (PID=6745) to work on /home/airflow/.local/lib/python3.12/site-packages/airflow/example_dags/example_python_operator.py
[2025-04-02T07:59:00.096+0000] {processor.py:914} INFO - Processing file /home/airflow/.local/lib/python3.12/site-packages/airflow/example_dags/example_python_operator.py for tasks to queue
[2025-04-02T07:59:00.101+0000] {logging_mixin.py:190} INFO - [2025-04-02T07:59:00.100+0000] {dagbag.py:588} INFO - Filling up the DagBag from /home/airflow/.local/lib/python3.12/site-packages/airflow/example_dags/example_python_operator.py
[2025-04-02T07:59:00.134+0000] {processor.py:925} INFO - DAG(s) 'example_python_operator' retrieved from /home/airflow/.local/lib/python3.12/site-packages/airflow/example_dags/example_python_operator.py
[2025-04-02T07:59:00.203+0000] {logging_mixin.py:190} INFO - [2025-04-02T07:59:00.202+0000] {dag.py:3239} INFO - Sync 1 DAGs
[2025-04-02T07:59:00.241+0000] {logging_mixin.py:190} INFO - [2025-04-02T07:59:00.240+0000] {dag.py:4180} INFO - Setting next_dagrun for example_python_operator to None, run_after=None
[2025-04-02T07:59:00.303+0000] {processor.py:208} INFO - Processing /home/airflow/.local/lib/python3.12/site-packages/airflow/example_dags/example_python_operator.py took 0.227 seconds
[2025-04-02T07:59:31.096+0000] {processor.py:186} INFO - Started process (PID=6808) to work on /home/airflow/.local/lib/python3.12/site-packages/airflow/example_dags/example_python_operator.py
[2025-04-02T07:59:31.100+0000] {processor.py:914} INFO - Processing file /home/airflow/.local/lib/python3.12/site-packages/airflow/example_dags/example_python_operator.py for tasks to queue
[2025-04-02T07:59:31.107+0000] {logging_mixin.py:190} INFO - [2025-04-02T07:59:31.106+0000] {dagbag.py:588} INFO - Filling up the DagBag from /home/airflow/.local/lib/python3.12/site-packages/airflow/example_dags/example_python_operator.py
[2025-04-02T07:59:31.177+0000] {processor.py:925} INFO - DAG(s) 'example_python_operator' retrieved from /home/airflow/.local/lib/python3.12/site-packages/airflow/example_dags/example_python_operator.py
[2025-04-02T07:59:31.271+0000] {logging_mixin.py:190} INFO - [2025-04-02T07:59:31.270+0000] {dag.py:3239} INFO - Sync 1 DAGs
[2025-04-02T07:59:31.350+0000] {logging_mixin.py:190} INFO - [2025-04-02T07:59:31.350+0000] {dag.py:4180} INFO - Setting next_dagrun for example_python_operator to None, run_after=None
[2025-04-02T07:59:31.431+0000] {processor.py:208} INFO - Processing /home/airflow/.local/lib/python3.12/site-packages/airflow/example_dags/example_python_operator.py took 0.369 seconds
[2025-04-02T08:00:02.013+0000] {processor.py:186} INFO - Started process (PID=6896) to work on /home/airflow/.local/lib/python3.12/site-packages/airflow/example_dags/example_python_operator.py
[2025-04-02T08:00:02.015+0000] {processor.py:914} INFO - Processing file /home/airflow/.local/lib/python3.12/site-packages/airflow/example_dags/example_python_operator.py for tasks to queue
[2025-04-02T08:00:02.020+0000] {logging_mixin.py:190} INFO - [2025-04-02T08:00:02.019+0000] {dagbag.py:588} INFO - Filling up the DagBag from /home/airflow/.local/lib/python3.12/site-packages/airflow/example_dags/example_python_operator.py
[2025-04-02T08:00:02.050+0000] {processor.py:925} INFO - DAG(s) 'example_python_operator' retrieved from /home/airflow/.local/lib/python3.12/site-packages/airflow/example_dags/example_python_operator.py
[2025-04-02T08:00:02.115+0000] {logging_mixin.py:190} INFO - [2025-04-02T08:00:02.114+0000] {dag.py:3239} INFO - Sync 1 DAGs
[2025-04-02T08:00:02.160+0000] {logging_mixin.py:190} INFO - [2025-04-02T08:00:02.160+0000] {dag.py:4180} INFO - Setting next_dagrun for example_python_operator to None, run_after=None
[2025-04-02T08:00:02.212+0000] {processor.py:208} INFO - Processing /home/airflow/.local/lib/python3.12/site-packages/airflow/example_dags/example_python_operator.py took 0.216 seconds
[2025-04-02T08:00:33.100+0000] {processor.py:186} INFO - Started process (PID=6960) to work on /home/airflow/.local/lib/python3.12/site-packages/airflow/example_dags/example_python_operator.py
[2025-04-02T08:00:33.102+0000] {processor.py:914} INFO - Processing file /home/airflow/.local/lib/python3.12/site-packages/airflow/example_dags/example_python_operator.py for tasks to queue
[2025-04-02T08:00:33.109+0000] {logging_mixin.py:190} INFO - [2025-04-02T08:00:33.109+0000] {dagbag.py:588} INFO - Filling up the DagBag from /home/airflow/.local/lib/python3.12/site-packages/airflow/example_dags/example_python_operator.py
[2025-04-02T08:00:33.152+0000] {processor.py:925} INFO - DAG(s) 'example_python_operator' retrieved from /home/airflow/.local/lib/python3.12/site-packages/airflow/example_dags/example_python_operator.py
[2025-04-02T08:00:33.218+0000] {logging_mixin.py:190} INFO - [2025-04-02T08:00:33.217+0000] {dag.py:3239} INFO - Sync 1 DAGs
[2025-04-02T08:00:33.262+0000] {logging_mixin.py:190} INFO - [2025-04-02T08:00:33.262+0000] {dag.py:4180} INFO - Setting next_dagrun for example_python_operator to None, run_after=None
[2025-04-02T08:00:33.321+0000] {processor.py:208} INFO - Processing /home/airflow/.local/lib/python3.12/site-packages/airflow/example_dags/example_python_operator.py took 0.248 seconds
[2025-04-02T08:01:03.734+0000] {processor.py:186} INFO - Started process (PID=7032) to work on /home/airflow/.local/lib/python3.12/site-packages/airflow/example_dags/example_python_operator.py
[2025-04-02T08:01:03.735+0000] {processor.py:914} INFO - Processing file /home/airflow/.local/lib/python3.12/site-packages/airflow/example_dags/example_python_operator.py for tasks to queue
[2025-04-02T08:01:03.740+0000] {logging_mixin.py:190} INFO - [2025-04-02T08:01:03.739+0000] {dagbag.py:588} INFO - Filling up the DagBag from /home/airflow/.local/lib/python3.12/site-packages/airflow/example_dags/example_python_operator.py
[2025-04-02T08:01:03.778+0000] {processor.py:925} INFO - DAG(s) 'example_python_operator' retrieved from /home/airflow/.local/lib/python3.12/site-packages/airflow/example_dags/example_python_operator.py
[2025-04-02T08:01:03.845+0000] {logging_mixin.py:190} INFO - [2025-04-02T08:01:03.844+0000] {dag.py:3239} INFO - Sync 1 DAGs
[2025-04-02T08:01:03.890+0000] {logging_mixin.py:190} INFO - [2025-04-02T08:01:03.889+0000] {dag.py:4180} INFO - Setting next_dagrun for example_python_operator to None, run_after=None
[2025-04-02T08:01:03.934+0000] {processor.py:208} INFO - Processing /home/airflow/.local/lib/python3.12/site-packages/airflow/example_dags/example_python_operator.py took 0.225 seconds
[2025-04-02T08:01:36.225+0000] {processor.py:186} INFO - Started process (PID=7118) to work on /home/airflow/.local/lib/python3.12/site-packages/airflow/example_dags/example_python_operator.py
[2025-04-02T08:01:36.227+0000] {processor.py:914} INFO - Processing file /home/airflow/.local/lib/python3.12/site-packages/airflow/example_dags/example_python_operator.py for tasks to queue
[2025-04-02T08:01:36.234+0000] {logging_mixin.py:190} INFO - [2025-04-02T08:01:36.233+0000] {dagbag.py:588} INFO - Filling up the DagBag from /home/airflow/.local/lib/python3.12/site-packages/airflow/example_dags/example_python_operator.py
[2025-04-02T08:01:36.271+0000] {processor.py:925} INFO - DAG(s) 'example_python_operator' retrieved from /home/airflow/.local/lib/python3.12/site-packages/airflow/example_dags/example_python_operator.py
[2025-04-02T08:01:36.338+0000] {logging_mixin.py:190} INFO - [2025-04-02T08:01:36.337+0000] {dag.py:3239} INFO - Sync 1 DAGs
[2025-04-02T08:01:36.402+0000] {logging_mixin.py:190} INFO - [2025-04-02T08:01:36.402+0000] {dag.py:4180} INFO - Setting next_dagrun for example_python_operator to None, run_after=None
[2025-04-02T08:01:36.469+0000] {processor.py:208} INFO - Processing /home/airflow/.local/lib/python3.12/site-packages/airflow/example_dags/example_python_operator.py took 0.267 seconds
[2025-04-02T08:02:06.677+0000] {processor.py:186} INFO - Started process (PID=7187) to work on /home/airflow/.local/lib/python3.12/site-packages/airflow/example_dags/example_python_operator.py
[2025-04-02T08:02:06.679+0000] {processor.py:914} INFO - Processing file /home/airflow/.local/lib/python3.12/site-packages/airflow/example_dags/example_python_operator.py for tasks to queue
[2025-04-02T08:02:06.690+0000] {logging_mixin.py:190} INFO - [2025-04-02T08:02:06.686+0000] {dagbag.py:588} INFO - Filling up the DagBag from /home/airflow/.local/lib/python3.12/site-packages/airflow/example_dags/example_python_operator.py
[2025-04-02T08:02:06.757+0000] {processor.py:925} INFO - DAG(s) 'example_python_operator' retrieved from /home/airflow/.local/lib/python3.12/site-packages/airflow/example_dags/example_python_operator.py
[2025-04-02T08:02:06.869+0000] {logging_mixin.py:190} INFO - [2025-04-02T08:02:06.868+0000] {dag.py:3239} INFO - Sync 1 DAGs
[2025-04-02T08:02:06.947+0000] {logging_mixin.py:190} INFO - [2025-04-02T08:02:06.947+0000] {dag.py:4180} INFO - Setting next_dagrun for example_python_operator to None, run_after=None
[2025-04-02T08:02:07.010+0000] {processor.py:208} INFO - Processing /home/airflow/.local/lib/python3.12/site-packages/airflow/example_dags/example_python_operator.py took 0.368 seconds
[2025-04-02T08:02:37.346+0000] {processor.py:186} INFO - Started process (PID=7272) to work on /home/airflow/.local/lib/python3.12/site-packages/airflow/example_dags/example_python_operator.py
[2025-04-02T08:02:37.348+0000] {processor.py:914} INFO - Processing file /home/airflow/.local/lib/python3.12/site-packages/airflow/example_dags/example_python_operator.py for tasks to queue
[2025-04-02T08:02:37.354+0000] {logging_mixin.py:190} INFO - [2025-04-02T08:02:37.353+0000] {dagbag.py:588} INFO - Filling up the DagBag from /home/airflow/.local/lib/python3.12/site-packages/airflow/example_dags/example_python_operator.py
[2025-04-02T08:02:37.393+0000] {processor.py:925} INFO - DAG(s) 'example_python_operator' retrieved from /home/airflow/.local/lib/python3.12/site-packages/airflow/example_dags/example_python_operator.py
[2025-04-02T08:02:37.457+0000] {logging_mixin.py:190} INFO - [2025-04-02T08:02:37.455+0000] {dag.py:3239} INFO - Sync 1 DAGs
[2025-04-02T08:02:37.495+0000] {logging_mixin.py:190} INFO - [2025-04-02T08:02:37.494+0000] {dag.py:4180} INFO - Setting next_dagrun for example_python_operator to None, run_after=None
[2025-04-02T08:02:37.547+0000] {processor.py:208} INFO - Processing /home/airflow/.local/lib/python3.12/site-packages/airflow/example_dags/example_python_operator.py took 0.228 seconds
[2025-04-02T08:03:08.483+0000] {processor.py:186} INFO - Started process (PID=7340) to work on /home/airflow/.local/lib/python3.12/site-packages/airflow/example_dags/example_python_operator.py
[2025-04-02T08:03:08.487+0000] {processor.py:914} INFO - Processing file /home/airflow/.local/lib/python3.12/site-packages/airflow/example_dags/example_python_operator.py for tasks to queue
[2025-04-02T08:03:08.495+0000] {logging_mixin.py:190} INFO - [2025-04-02T08:03:08.494+0000] {dagbag.py:588} INFO - Filling up the DagBag from /home/airflow/.local/lib/python3.12/site-packages/airflow/example_dags/example_python_operator.py
[2025-04-02T08:03:08.541+0000] {processor.py:925} INFO - DAG(s) 'example_python_operator' retrieved from /home/airflow/.local/lib/python3.12/site-packages/airflow/example_dags/example_python_operator.py
[2025-04-02T08:03:08.613+0000] {logging_mixin.py:190} INFO - [2025-04-02T08:03:08.612+0000] {dag.py:3239} INFO - Sync 1 DAGs
[2025-04-02T08:03:08.658+0000] {logging_mixin.py:190} INFO - [2025-04-02T08:03:08.658+0000] {dag.py:4180} INFO - Setting next_dagrun for example_python_operator to None, run_after=None
[2025-04-02T08:03:08.698+0000] {processor.py:208} INFO - Processing /home/airflow/.local/lib/python3.12/site-packages/airflow/example_dags/example_python_operator.py took 0.241 seconds
[2025-04-02T08:03:39.134+0000] {processor.py:186} INFO - Started process (PID=7418) to work on /home/airflow/.local/lib/python3.12/site-packages/airflow/example_dags/example_python_operator.py
[2025-04-02T08:03:39.136+0000] {processor.py:914} INFO - Processing file /home/airflow/.local/lib/python3.12/site-packages/airflow/example_dags/example_python_operator.py for tasks to queue
[2025-04-02T08:03:39.141+0000] {logging_mixin.py:190} INFO - [2025-04-02T08:03:39.140+0000] {dagbag.py:588} INFO - Filling up the DagBag from /home/airflow/.local/lib/python3.12/site-packages/airflow/example_dags/example_python_operator.py
[2025-04-02T08:03:39.171+0000] {processor.py:925} INFO - DAG(s) 'example_python_operator' retrieved from /home/airflow/.local/lib/python3.12/site-packages/airflow/example_dags/example_python_operator.py
[2025-04-02T08:03:39.238+0000] {logging_mixin.py:190} INFO - [2025-04-02T08:03:39.237+0000] {dag.py:3239} INFO - Sync 1 DAGs
[2025-04-02T08:03:39.280+0000] {logging_mixin.py:190} INFO - [2025-04-02T08:03:39.279+0000] {dag.py:4180} INFO - Setting next_dagrun for example_python_operator to None, run_after=None
[2025-04-02T08:03:39.335+0000] {processor.py:208} INFO - Processing /home/airflow/.local/lib/python3.12/site-packages/airflow/example_dags/example_python_operator.py took 0.215 seconds
[2025-04-02T08:04:10.168+0000] {processor.py:186} INFO - Started process (PID=7486) to work on /home/airflow/.local/lib/python3.12/site-packages/airflow/example_dags/example_python_operator.py
[2025-04-02T08:04:10.172+0000] {processor.py:914} INFO - Processing file /home/airflow/.local/lib/python3.12/site-packages/airflow/example_dags/example_python_operator.py for tasks to queue
[2025-04-02T08:04:10.177+0000] {logging_mixin.py:190} INFO - [2025-04-02T08:04:10.177+0000] {dagbag.py:588} INFO - Filling up the DagBag from /home/airflow/.local/lib/python3.12/site-packages/airflow/example_dags/example_python_operator.py
[2025-04-02T08:04:10.212+0000] {processor.py:925} INFO - DAG(s) 'example_python_operator' retrieved from /home/airflow/.local/lib/python3.12/site-packages/airflow/example_dags/example_python_operator.py
[2025-04-02T08:04:10.269+0000] {logging_mixin.py:190} INFO - [2025-04-02T08:04:10.268+0000] {dag.py:3239} INFO - Sync 1 DAGs
[2025-04-02T08:04:10.308+0000] {logging_mixin.py:190} INFO - [2025-04-02T08:04:10.308+0000] {dag.py:4180} INFO - Setting next_dagrun for example_python_operator to None, run_after=None
[2025-04-02T08:04:10.356+0000] {processor.py:208} INFO - Processing /home/airflow/.local/lib/python3.12/site-packages/airflow/example_dags/example_python_operator.py took 0.211 seconds
[2025-04-02T08:04:41.164+0000] {processor.py:186} INFO - Started process (PID=7564) to work on /home/airflow/.local/lib/python3.12/site-packages/airflow/example_dags/example_python_operator.py
[2025-04-02T08:04:41.166+0000] {processor.py:914} INFO - Processing file /home/airflow/.local/lib/python3.12/site-packages/airflow/example_dags/example_python_operator.py for tasks to queue
[2025-04-02T08:04:41.175+0000] {logging_mixin.py:190} INFO - [2025-04-02T08:04:41.174+0000] {dagbag.py:588} INFO - Filling up the DagBag from /home/airflow/.local/lib/python3.12/site-packages/airflow/example_dags/example_python_operator.py
[2025-04-02T08:04:41.252+0000] {processor.py:925} INFO - DAG(s) 'example_python_operator' retrieved from /home/airflow/.local/lib/python3.12/site-packages/airflow/example_dags/example_python_operator.py
[2025-04-02T08:04:41.361+0000] {logging_mixin.py:190} INFO - [2025-04-02T08:04:41.360+0000] {dag.py:3239} INFO - Sync 1 DAGs
[2025-04-02T08:04:41.415+0000] {logging_mixin.py:190} INFO - [2025-04-02T08:04:41.414+0000] {dag.py:4180} INFO - Setting next_dagrun for example_python_operator to None, run_after=None
[2025-04-02T08:04:41.461+0000] {processor.py:208} INFO - Processing /home/airflow/.local/lib/python3.12/site-packages/airflow/example_dags/example_python_operator.py took 0.338 seconds
[2025-04-02T08:05:12.286+0000] {processor.py:186} INFO - Started process (PID=7637) to work on /home/airflow/.local/lib/python3.12/site-packages/airflow/example_dags/example_python_operator.py
[2025-04-02T08:05:12.288+0000] {processor.py:914} INFO - Processing file /home/airflow/.local/lib/python3.12/site-packages/airflow/example_dags/example_python_operator.py for tasks to queue
[2025-04-02T08:05:12.299+0000] {logging_mixin.py:190} INFO - [2025-04-02T08:05:12.297+0000] {dagbag.py:588} INFO - Filling up the DagBag from /home/airflow/.local/lib/python3.12/site-packages/airflow/example_dags/example_python_operator.py
[2025-04-02T08:05:12.354+0000] {processor.py:925} INFO - DAG(s) 'example_python_operator' retrieved from /home/airflow/.local/lib/python3.12/site-packages/airflow/example_dags/example_python_operator.py
[2025-04-02T08:05:12.466+0000] {logging_mixin.py:190} INFO - [2025-04-02T08:05:12.465+0000] {dag.py:3239} INFO - Sync 1 DAGs
[2025-04-02T08:05:12.536+0000] {logging_mixin.py:190} INFO - [2025-04-02T08:05:12.536+0000] {dag.py:4180} INFO - Setting next_dagrun for example_python_operator to None, run_after=None
[2025-04-02T08:05:12.588+0000] {processor.py:208} INFO - Processing /home/airflow/.local/lib/python3.12/site-packages/airflow/example_dags/example_python_operator.py took 0.329 seconds
[2025-04-02T08:05:43.223+0000] {processor.py:186} INFO - Started process (PID=7714) to work on /home/airflow/.local/lib/python3.12/site-packages/airflow/example_dags/example_python_operator.py
[2025-04-02T08:05:43.226+0000] {processor.py:914} INFO - Processing file /home/airflow/.local/lib/python3.12/site-packages/airflow/example_dags/example_python_operator.py for tasks to queue
[2025-04-02T08:05:43.233+0000] {logging_mixin.py:190} INFO - [2025-04-02T08:05:43.232+0000] {dagbag.py:588} INFO - Filling up the DagBag from /home/airflow/.local/lib/python3.12/site-packages/airflow/example_dags/example_python_operator.py
[2025-04-02T08:05:43.263+0000] {processor.py:925} INFO - DAG(s) 'example_python_operator' retrieved from /home/airflow/.local/lib/python3.12/site-packages/airflow/example_dags/example_python_operator.py
[2025-04-02T08:05:43.320+0000] {logging_mixin.py:190} INFO - [2025-04-02T08:05:43.318+0000] {dag.py:3239} INFO - Sync 1 DAGs
[2025-04-02T08:05:43.381+0000] {logging_mixin.py:190} INFO - [2025-04-02T08:05:43.380+0000] {dag.py:4180} INFO - Setting next_dagrun for example_python_operator to None, run_after=None
[2025-04-02T08:05:43.431+0000] {processor.py:208} INFO - Processing /home/airflow/.local/lib/python3.12/site-packages/airflow/example_dags/example_python_operator.py took 0.225 seconds
[2025-04-02T08:06:31.411+0000] {processor.py:186} INFO - Started process (PID=7785) to work on /home/airflow/.local/lib/python3.12/site-packages/airflow/example_dags/example_python_operator.py
[2025-04-02T08:06:31.415+0000] {processor.py:914} INFO - Processing file /home/airflow/.local/lib/python3.12/site-packages/airflow/example_dags/example_python_operator.py for tasks to queue
[2025-04-02T08:06:31.428+0000] {logging_mixin.py:190} INFO - [2025-04-02T08:06:31.423+0000] {dagbag.py:588} INFO - Filling up the DagBag from /home/airflow/.local/lib/python3.12/site-packages/airflow/example_dags/example_python_operator.py
[2025-04-02T08:06:31.464+0000] {processor.py:925} INFO - DAG(s) 'example_python_operator' retrieved from /home/airflow/.local/lib/python3.12/site-packages/airflow/example_dags/example_python_operator.py
[2025-04-02T08:06:31.549+0000] {logging_mixin.py:190} INFO - [2025-04-02T08:06:31.548+0000] {dag.py:3239} INFO - Sync 1 DAGs
[2025-04-02T08:06:31.596+0000] {logging_mixin.py:190} INFO - [2025-04-02T08:06:31.596+0000] {dag.py:4180} INFO - Setting next_dagrun for example_python_operator to None, run_after=None
[2025-04-02T08:06:31.666+0000] {processor.py:208} INFO - Processing /home/airflow/.local/lib/python3.12/site-packages/airflow/example_dags/example_python_operator.py took 0.290 seconds
[2025-04-02T08:07:02.671+0000] {processor.py:186} INFO - Started process (PID=7849) to work on /home/airflow/.local/lib/python3.12/site-packages/airflow/example_dags/example_python_operator.py
[2025-04-02T08:07:02.673+0000] {processor.py:914} INFO - Processing file /home/airflow/.local/lib/python3.12/site-packages/airflow/example_dags/example_python_operator.py for tasks to queue
[2025-04-02T08:07:02.680+0000] {logging_mixin.py:190} INFO - [2025-04-02T08:07:02.679+0000] {dagbag.py:588} INFO - Filling up the DagBag from /home/airflow/.local/lib/python3.12/site-packages/airflow/example_dags/example_python_operator.py
[2025-04-02T08:07:02.720+0000] {processor.py:925} INFO - DAG(s) 'example_python_operator' retrieved from /home/airflow/.local/lib/python3.12/site-packages/airflow/example_dags/example_python_operator.py
[2025-04-02T08:07:02.820+0000] {logging_mixin.py:190} INFO - [2025-04-02T08:07:02.819+0000] {dag.py:3239} INFO - Sync 1 DAGs
[2025-04-02T08:07:02.888+0000] {logging_mixin.py:190} INFO - [2025-04-02T08:07:02.887+0000] {dag.py:4180} INFO - Setting next_dagrun for example_python_operator to None, run_after=None
[2025-04-02T08:07:02.959+0000] {processor.py:208} INFO - Processing /home/airflow/.local/lib/python3.12/site-packages/airflow/example_dags/example_python_operator.py took 0.312 seconds
[2025-04-02T08:07:33.717+0000] {processor.py:186} INFO - Started process (PID=7938) to work on /home/airflow/.local/lib/python3.12/site-packages/airflow/example_dags/example_python_operator.py
[2025-04-02T08:07:33.724+0000] {processor.py:914} INFO - Processing file /home/airflow/.local/lib/python3.12/site-packages/airflow/example_dags/example_python_operator.py for tasks to queue
[2025-04-02T08:07:33.736+0000] {logging_mixin.py:190} INFO - [2025-04-02T08:07:33.732+0000] {dagbag.py:588} INFO - Filling up the DagBag from /home/airflow/.local/lib/python3.12/site-packages/airflow/example_dags/example_python_operator.py
[2025-04-02T08:07:33.781+0000] {processor.py:925} INFO - DAG(s) 'example_python_operator' retrieved from /home/airflow/.local/lib/python3.12/site-packages/airflow/example_dags/example_python_operator.py
[2025-04-02T08:07:33.834+0000] {logging_mixin.py:190} INFO - [2025-04-02T08:07:33.833+0000] {dag.py:3239} INFO - Sync 1 DAGs
[2025-04-02T08:07:33.870+0000] {logging_mixin.py:190} INFO - [2025-04-02T08:07:33.869+0000] {dag.py:4180} INFO - Setting next_dagrun for example_python_operator to None, run_after=None
[2025-04-02T08:07:33.914+0000] {processor.py:208} INFO - Processing /home/airflow/.local/lib/python3.12/site-packages/airflow/example_dags/example_python_operator.py took 0.232 seconds
[2025-04-02T08:08:04.481+0000] {processor.py:186} INFO - Started process (PID=8002) to work on /home/airflow/.local/lib/python3.12/site-packages/airflow/example_dags/example_python_operator.py
[2025-04-02T08:08:04.483+0000] {processor.py:914} INFO - Processing file /home/airflow/.local/lib/python3.12/site-packages/airflow/example_dags/example_python_operator.py for tasks to queue
[2025-04-02T08:08:04.488+0000] {logging_mixin.py:190} INFO - [2025-04-02T08:08:04.487+0000] {dagbag.py:588} INFO - Filling up the DagBag from /home/airflow/.local/lib/python3.12/site-packages/airflow/example_dags/example_python_operator.py
[2025-04-02T08:08:04.515+0000] {processor.py:925} INFO - DAG(s) 'example_python_operator' retrieved from /home/airflow/.local/lib/python3.12/site-packages/airflow/example_dags/example_python_operator.py
[2025-04-02T08:08:04.553+0000] {logging_mixin.py:190} INFO - [2025-04-02T08:08:04.552+0000] {dag.py:3239} INFO - Sync 1 DAGs
[2025-04-02T08:08:04.577+0000] {logging_mixin.py:190} INFO - [2025-04-02T08:08:04.576+0000] {dag.py:4180} INFO - Setting next_dagrun for example_python_operator to None, run_after=None
[2025-04-02T08:08:04.604+0000] {processor.py:208} INFO - Processing /home/airflow/.local/lib/python3.12/site-packages/airflow/example_dags/example_python_operator.py took 0.135 seconds
[2025-04-02T08:08:36.283+0000] {processor.py:186} INFO - Started process (PID=8069) to work on /home/airflow/.local/lib/python3.12/site-packages/airflow/example_dags/example_python_operator.py
[2025-04-02T08:08:36.286+0000] {processor.py:914} INFO - Processing file /home/airflow/.local/lib/python3.12/site-packages/airflow/example_dags/example_python_operator.py for tasks to queue
[2025-04-02T08:08:36.298+0000] {logging_mixin.py:190} INFO - [2025-04-02T08:08:36.297+0000] {dagbag.py:588} INFO - Filling up the DagBag from /home/airflow/.local/lib/python3.12/site-packages/airflow/example_dags/example_python_operator.py
[2025-04-02T08:08:36.373+0000] {processor.py:925} INFO - DAG(s) 'example_python_operator' retrieved from /home/airflow/.local/lib/python3.12/site-packages/airflow/example_dags/example_python_operator.py
[2025-04-02T08:08:36.493+0000] {logging_mixin.py:190} INFO - [2025-04-02T08:08:36.492+0000] {dag.py:3239} INFO - Sync 1 DAGs
[2025-04-02T08:08:36.537+0000] {logging_mixin.py:190} INFO - [2025-04-02T08:08:36.537+0000] {dag.py:4180} INFO - Setting next_dagrun for example_python_operator to None, run_after=None
[2025-04-02T08:08:36.627+0000] {processor.py:208} INFO - Processing /home/airflow/.local/lib/python3.12/site-packages/airflow/example_dags/example_python_operator.py took 0.380 seconds
[2025-04-02T08:09:07.563+0000] {processor.py:186} INFO - Started process (PID=8143) to work on /home/airflow/.local/lib/python3.12/site-packages/airflow/example_dags/example_python_operator.py
[2025-04-02T08:09:07.565+0000] {processor.py:914} INFO - Processing file /home/airflow/.local/lib/python3.12/site-packages/airflow/example_dags/example_python_operator.py for tasks to queue
[2025-04-02T08:09:07.585+0000] {logging_mixin.py:190} INFO - [2025-04-02T08:09:07.585+0000] {dagbag.py:588} INFO - Filling up the DagBag from /home/airflow/.local/lib/python3.12/site-packages/airflow/example_dags/example_python_operator.py
[2025-04-02T08:09:07.660+0000] {processor.py:925} INFO - DAG(s) 'example_python_operator' retrieved from /home/airflow/.local/lib/python3.12/site-packages/airflow/example_dags/example_python_operator.py
[2025-04-02T08:09:07.791+0000] {logging_mixin.py:190} INFO - [2025-04-02T08:09:07.789+0000] {dag.py:3239} INFO - Sync 1 DAGs
[2025-04-02T08:09:07.856+0000] {logging_mixin.py:190} INFO - [2025-04-02T08:09:07.855+0000] {dag.py:4180} INFO - Setting next_dagrun for example_python_operator to None, run_after=None
[2025-04-02T08:09:07.931+0000] {processor.py:208} INFO - Processing /home/airflow/.local/lib/python3.12/site-packages/airflow/example_dags/example_python_operator.py took 0.414 seconds
[2025-04-02T08:09:38.350+0000] {processor.py:186} INFO - Started process (PID=8215) to work on /home/airflow/.local/lib/python3.12/site-packages/airflow/example_dags/example_python_operator.py
[2025-04-02T08:09:38.352+0000] {processor.py:914} INFO - Processing file /home/airflow/.local/lib/python3.12/site-packages/airflow/example_dags/example_python_operator.py for tasks to queue
[2025-04-02T08:09:38.363+0000] {logging_mixin.py:190} INFO - [2025-04-02T08:09:38.359+0000] {dagbag.py:588} INFO - Filling up the DagBag from /home/airflow/.local/lib/python3.12/site-packages/airflow/example_dags/example_python_operator.py
[2025-04-02T08:09:38.407+0000] {processor.py:925} INFO - DAG(s) 'example_python_operator' retrieved from /home/airflow/.local/lib/python3.12/site-packages/airflow/example_dags/example_python_operator.py
[2025-04-02T08:09:38.484+0000] {logging_mixin.py:190} INFO - [2025-04-02T08:09:38.483+0000] {dag.py:3239} INFO - Sync 1 DAGs
[2025-04-02T08:09:38.524+0000] {logging_mixin.py:190} INFO - [2025-04-02T08:09:38.523+0000] {dag.py:4180} INFO - Setting next_dagrun for example_python_operator to None, run_after=None
[2025-04-02T08:09:38.574+0000] {processor.py:208} INFO - Processing /home/airflow/.local/lib/python3.12/site-packages/airflow/example_dags/example_python_operator.py took 0.249 seconds
[2025-04-02T08:10:09.433+0000] {processor.py:186} INFO - Started process (PID=8289) to work on /home/airflow/.local/lib/python3.12/site-packages/airflow/example_dags/example_python_operator.py
[2025-04-02T08:10:09.435+0000] {processor.py:914} INFO - Processing file /home/airflow/.local/lib/python3.12/site-packages/airflow/example_dags/example_python_operator.py for tasks to queue
[2025-04-02T08:10:09.445+0000] {logging_mixin.py:190} INFO - [2025-04-02T08:10:09.444+0000] {dagbag.py:588} INFO - Filling up the DagBag from /home/airflow/.local/lib/python3.12/site-packages/airflow/example_dags/example_python_operator.py
[2025-04-02T08:10:09.503+0000] {processor.py:925} INFO - DAG(s) 'example_python_operator' retrieved from /home/airflow/.local/lib/python3.12/site-packages/airflow/example_dags/example_python_operator.py
[2025-04-02T08:10:09.597+0000] {logging_mixin.py:190} INFO - [2025-04-02T08:10:09.596+0000] {dag.py:3239} INFO - Sync 1 DAGs
[2025-04-02T08:10:09.653+0000] {logging_mixin.py:190} INFO - [2025-04-02T08:10:09.653+0000] {dag.py:4180} INFO - Setting next_dagrun for example_python_operator to None, run_after=None
[2025-04-02T08:10:09.710+0000] {processor.py:208} INFO - Processing /home/airflow/.local/lib/python3.12/site-packages/airflow/example_dags/example_python_operator.py took 0.311 seconds
[2025-04-02T08:10:40.395+0000] {processor.py:186} INFO - Started process (PID=8357) to work on /home/airflow/.local/lib/python3.12/site-packages/airflow/example_dags/example_python_operator.py
[2025-04-02T08:10:40.400+0000] {processor.py:914} INFO - Processing file /home/airflow/.local/lib/python3.12/site-packages/airflow/example_dags/example_python_operator.py for tasks to queue
[2025-04-02T08:10:40.409+0000] {logging_mixin.py:190} INFO - [2025-04-02T08:10:40.408+0000] {dagbag.py:588} INFO - Filling up the DagBag from /home/airflow/.local/lib/python3.12/site-packages/airflow/example_dags/example_python_operator.py
[2025-04-02T08:10:40.450+0000] {processor.py:925} INFO - DAG(s) 'example_python_operator' retrieved from /home/airflow/.local/lib/python3.12/site-packages/airflow/example_dags/example_python_operator.py
[2025-04-02T08:10:40.521+0000] {logging_mixin.py:190} INFO - [2025-04-02T08:10:40.520+0000] {dag.py:3239} INFO - Sync 1 DAGs
[2025-04-02T08:10:40.585+0000] {logging_mixin.py:190} INFO - [2025-04-02T08:10:40.580+0000] {dag.py:4180} INFO - Setting next_dagrun for example_python_operator to None, run_after=None
[2025-04-02T08:10:40.671+0000] {processor.py:208} INFO - Processing /home/airflow/.local/lib/python3.12/site-packages/airflow/example_dags/example_python_operator.py took 0.310 seconds
[2025-04-02T08:11:11.013+0000] {processor.py:186} INFO - Started process (PID=8421) to work on /home/airflow/.local/lib/python3.12/site-packages/airflow/example_dags/example_python_operator.py
[2025-04-02T08:11:11.015+0000] {processor.py:914} INFO - Processing file /home/airflow/.local/lib/python3.12/site-packages/airflow/example_dags/example_python_operator.py for tasks to queue
[2025-04-02T08:11:11.019+0000] {logging_mixin.py:190} INFO - [2025-04-02T08:11:11.019+0000] {dagbag.py:588} INFO - Filling up the DagBag from /home/airflow/.local/lib/python3.12/site-packages/airflow/example_dags/example_python_operator.py
[2025-04-02T08:11:11.043+0000] {processor.py:925} INFO - DAG(s) 'example_python_operator' retrieved from /home/airflow/.local/lib/python3.12/site-packages/airflow/example_dags/example_python_operator.py
[2025-04-02T08:11:11.081+0000] {logging_mixin.py:190} INFO - [2025-04-02T08:11:11.080+0000] {dag.py:3239} INFO - Sync 1 DAGs
[2025-04-02T08:11:11.105+0000] {logging_mixin.py:190} INFO - [2025-04-02T08:11:11.105+0000] {dag.py:4180} INFO - Setting next_dagrun for example_python_operator to None, run_after=None
[2025-04-02T08:11:11.134+0000] {processor.py:208} INFO - Processing /home/airflow/.local/lib/python3.12/site-packages/airflow/example_dags/example_python_operator.py took 0.132 seconds
[2025-04-02T08:11:41.201+0000] {processor.py:186} INFO - Started process (PID=8484) to work on /home/airflow/.local/lib/python3.12/site-packages/airflow/example_dags/example_python_operator.py
[2025-04-02T08:11:41.202+0000] {processor.py:914} INFO - Processing file /home/airflow/.local/lib/python3.12/site-packages/airflow/example_dags/example_python_operator.py for tasks to queue
[2025-04-02T08:11:41.206+0000] {logging_mixin.py:190} INFO - [2025-04-02T08:11:41.206+0000] {dagbag.py:588} INFO - Filling up the DagBag from /home/airflow/.local/lib/python3.12/site-packages/airflow/example_dags/example_python_operator.py
[2025-04-02T08:11:41.233+0000] {processor.py:925} INFO - DAG(s) 'example_python_operator' retrieved from /home/airflow/.local/lib/python3.12/site-packages/airflow/example_dags/example_python_operator.py
[2025-04-02T08:11:41.282+0000] {logging_mixin.py:190} INFO - [2025-04-02T08:11:41.280+0000] {dag.py:3239} INFO - Sync 1 DAGs
[2025-04-02T08:11:41.309+0000] {logging_mixin.py:190} INFO - [2025-04-02T08:11:41.309+0000] {dag.py:4180} INFO - Setting next_dagrun for example_python_operator to None, run_after=None
[2025-04-02T08:11:41.340+0000] {processor.py:208} INFO - Processing /home/airflow/.local/lib/python3.12/site-packages/airflow/example_dags/example_python_operator.py took 0.151 seconds
[2025-04-02T08:12:12.768+0000] {processor.py:186} INFO - Started process (PID=8550) to work on /home/airflow/.local/lib/python3.12/site-packages/airflow/example_dags/example_python_operator.py
[2025-04-02T08:12:12.770+0000] {processor.py:914} INFO - Processing file /home/airflow/.local/lib/python3.12/site-packages/airflow/example_dags/example_python_operator.py for tasks to queue
[2025-04-02T08:12:12.776+0000] {logging_mixin.py:190} INFO - [2025-04-02T08:12:12.775+0000] {dagbag.py:588} INFO - Filling up the DagBag from /home/airflow/.local/lib/python3.12/site-packages/airflow/example_dags/example_python_operator.py
[2025-04-02T08:12:12.808+0000] {processor.py:925} INFO - DAG(s) 'example_python_operator' retrieved from /home/airflow/.local/lib/python3.12/site-packages/airflow/example_dags/example_python_operator.py
[2025-04-02T08:12:12.862+0000] {logging_mixin.py:190} INFO - [2025-04-02T08:12:12.861+0000] {dag.py:3239} INFO - Sync 1 DAGs
[2025-04-02T08:12:12.896+0000] {logging_mixin.py:190} INFO - [2025-04-02T08:12:12.895+0000] {dag.py:4180} INFO - Setting next_dagrun for example_python_operator to None, run_after=None
[2025-04-02T08:12:12.933+0000] {processor.py:208} INFO - Processing /home/airflow/.local/lib/python3.12/site-packages/airflow/example_dags/example_python_operator.py took 0.182 seconds
[2025-04-02T08:12:43.701+0000] {processor.py:186} INFO - Started process (PID=8614) to work on /home/airflow/.local/lib/python3.12/site-packages/airflow/example_dags/example_python_operator.py
[2025-04-02T08:12:43.703+0000] {processor.py:914} INFO - Processing file /home/airflow/.local/lib/python3.12/site-packages/airflow/example_dags/example_python_operator.py for tasks to queue
[2025-04-02T08:12:43.707+0000] {logging_mixin.py:190} INFO - [2025-04-02T08:12:43.706+0000] {dagbag.py:588} INFO - Filling up the DagBag from /home/airflow/.local/lib/python3.12/site-packages/airflow/example_dags/example_python_operator.py
[2025-04-02T08:12:43.730+0000] {processor.py:925} INFO - DAG(s) 'example_python_operator' retrieved from /home/airflow/.local/lib/python3.12/site-packages/airflow/example_dags/example_python_operator.py
[2025-04-02T08:12:43.766+0000] {logging_mixin.py:190} INFO - [2025-04-02T08:12:43.766+0000] {dag.py:3239} INFO - Sync 1 DAGs
[2025-04-02T08:12:43.791+0000] {logging_mixin.py:190} INFO - [2025-04-02T08:12:43.791+0000] {dag.py:4180} INFO - Setting next_dagrun for example_python_operator to None, run_after=None
[2025-04-02T08:12:43.827+0000] {processor.py:208} INFO - Processing /home/airflow/.local/lib/python3.12/site-packages/airflow/example_dags/example_python_operator.py took 0.137 seconds
[2025-04-02T08:13:14.203+0000] {processor.py:186} INFO - Started process (PID=8678) to work on /home/airflow/.local/lib/python3.12/site-packages/airflow/example_dags/example_python_operator.py
[2025-04-02T08:13:14.206+0000] {processor.py:914} INFO - Processing file /home/airflow/.local/lib/python3.12/site-packages/airflow/example_dags/example_python_operator.py for tasks to queue
[2025-04-02T08:13:14.210+0000] {logging_mixin.py:190} INFO - [2025-04-02T08:13:14.209+0000] {dagbag.py:588} INFO - Filling up the DagBag from /home/airflow/.local/lib/python3.12/site-packages/airflow/example_dags/example_python_operator.py
[2025-04-02T08:13:14.235+0000] {processor.py:925} INFO - DAG(s) 'example_python_operator' retrieved from /home/airflow/.local/lib/python3.12/site-packages/airflow/example_dags/example_python_operator.py
[2025-04-02T08:13:14.275+0000] {logging_mixin.py:190} INFO - [2025-04-02T08:13:14.274+0000] {dag.py:3239} INFO - Sync 1 DAGs
[2025-04-02T08:13:14.307+0000] {logging_mixin.py:190} INFO - [2025-04-02T08:13:14.307+0000] {dag.py:4180} INFO - Setting next_dagrun for example_python_operator to None, run_after=None
[2025-04-02T08:13:14.339+0000] {processor.py:208} INFO - Processing /home/airflow/.local/lib/python3.12/site-packages/airflow/example_dags/example_python_operator.py took 0.147 seconds
[2025-04-02T08:13:45.607+0000] {processor.py:186} INFO - Started process (PID=8742) to work on /home/airflow/.local/lib/python3.12/site-packages/airflow/example_dags/example_python_operator.py
[2025-04-02T08:13:45.609+0000] {processor.py:914} INFO - Processing file /home/airflow/.local/lib/python3.12/site-packages/airflow/example_dags/example_python_operator.py for tasks to queue
[2025-04-02T08:13:45.614+0000] {logging_mixin.py:190} INFO - [2025-04-02T08:13:45.614+0000] {dagbag.py:588} INFO - Filling up the DagBag from /home/airflow/.local/lib/python3.12/site-packages/airflow/example_dags/example_python_operator.py
[2025-04-02T08:13:45.639+0000] {processor.py:925} INFO - DAG(s) 'example_python_operator' retrieved from /home/airflow/.local/lib/python3.12/site-packages/airflow/example_dags/example_python_operator.py
[2025-04-02T08:13:45.679+0000] {logging_mixin.py:190} INFO - [2025-04-02T08:13:45.678+0000] {dag.py:3239} INFO - Sync 1 DAGs
[2025-04-02T08:13:45.703+0000] {logging_mixin.py:190} INFO - [2025-04-02T08:13:45.703+0000] {dag.py:4180} INFO - Setting next_dagrun for example_python_operator to None, run_after=None
[2025-04-02T08:13:45.731+0000] {processor.py:208} INFO - Processing /home/airflow/.local/lib/python3.12/site-packages/airflow/example_dags/example_python_operator.py took 0.137 seconds
[2025-04-02T08:14:16.583+0000] {processor.py:186} INFO - Started process (PID=8806) to work on /home/airflow/.local/lib/python3.12/site-packages/airflow/example_dags/example_python_operator.py
[2025-04-02T08:14:16.585+0000] {processor.py:914} INFO - Processing file /home/airflow/.local/lib/python3.12/site-packages/airflow/example_dags/example_python_operator.py for tasks to queue
[2025-04-02T08:14:16.590+0000] {logging_mixin.py:190} INFO - [2025-04-02T08:14:16.589+0000] {dagbag.py:588} INFO - Filling up the DagBag from /home/airflow/.local/lib/python3.12/site-packages/airflow/example_dags/example_python_operator.py
[2025-04-02T08:14:16.613+0000] {processor.py:925} INFO - DAG(s) 'example_python_operator' retrieved from /home/airflow/.local/lib/python3.12/site-packages/airflow/example_dags/example_python_operator.py
[2025-04-02T08:14:16.654+0000] {logging_mixin.py:190} INFO - [2025-04-02T08:14:16.653+0000] {dag.py:3239} INFO - Sync 1 DAGs
[2025-04-02T08:14:16.678+0000] {logging_mixin.py:190} INFO - [2025-04-02T08:14:16.678+0000] {dag.py:4180} INFO - Setting next_dagrun for example_python_operator to None, run_after=None
[2025-04-02T08:14:16.713+0000] {processor.py:208} INFO - Processing /home/airflow/.local/lib/python3.12/site-packages/airflow/example_dags/example_python_operator.py took 0.141 seconds
[2025-04-02T08:14:47.050+0000] {processor.py:186} INFO - Started process (PID=8870) to work on /home/airflow/.local/lib/python3.12/site-packages/airflow/example_dags/example_python_operator.py
[2025-04-02T08:14:47.051+0000] {processor.py:914} INFO - Processing file /home/airflow/.local/lib/python3.12/site-packages/airflow/example_dags/example_python_operator.py for tasks to queue
[2025-04-02T08:14:47.056+0000] {logging_mixin.py:190} INFO - [2025-04-02T08:14:47.055+0000] {dagbag.py:588} INFO - Filling up the DagBag from /home/airflow/.local/lib/python3.12/site-packages/airflow/example_dags/example_python_operator.py
[2025-04-02T08:14:47.079+0000] {processor.py:925} INFO - DAG(s) 'example_python_operator' retrieved from /home/airflow/.local/lib/python3.12/site-packages/airflow/example_dags/example_python_operator.py
[2025-04-02T08:14:47.122+0000] {logging_mixin.py:190} INFO - [2025-04-02T08:14:47.121+0000] {dag.py:3239} INFO - Sync 1 DAGs
[2025-04-02T08:14:47.149+0000] {logging_mixin.py:190} INFO - [2025-04-02T08:14:47.148+0000] {dag.py:4180} INFO - Setting next_dagrun for example_python_operator to None, run_after=None
[2025-04-02T08:14:47.181+0000] {processor.py:208} INFO - Processing /home/airflow/.local/lib/python3.12/site-packages/airflow/example_dags/example_python_operator.py took 0.142 seconds
[2025-04-02T08:15:17.562+0000] {processor.py:186} INFO - Started process (PID=8934) to work on /home/airflow/.local/lib/python3.12/site-packages/airflow/example_dags/example_python_operator.py
[2025-04-02T08:15:17.564+0000] {processor.py:914} INFO - Processing file /home/airflow/.local/lib/python3.12/site-packages/airflow/example_dags/example_python_operator.py for tasks to queue
[2025-04-02T08:15:17.568+0000] {logging_mixin.py:190} INFO - [2025-04-02T08:15:17.567+0000] {dagbag.py:588} INFO - Filling up the DagBag from /home/airflow/.local/lib/python3.12/site-packages/airflow/example_dags/example_python_operator.py
[2025-04-02T08:15:17.591+0000] {processor.py:925} INFO - DAG(s) 'example_python_operator' retrieved from /home/airflow/.local/lib/python3.12/site-packages/airflow/example_dags/example_python_operator.py
[2025-04-02T08:15:17.629+0000] {logging_mixin.py:190} INFO - [2025-04-02T08:15:17.628+0000] {dag.py:3239} INFO - Sync 1 DAGs
[2025-04-02T08:15:17.653+0000] {logging_mixin.py:190} INFO - [2025-04-02T08:15:17.653+0000] {dag.py:4180} INFO - Setting next_dagrun for example_python_operator to None, run_after=None
[2025-04-02T08:15:17.681+0000] {processor.py:208} INFO - Processing /home/airflow/.local/lib/python3.12/site-packages/airflow/example_dags/example_python_operator.py took 0.130 seconds
[2025-04-02T08:15:48.356+0000] {processor.py:186} INFO - Started process (PID=8998) to work on /home/airflow/.local/lib/python3.12/site-packages/airflow/example_dags/example_python_operator.py
[2025-04-02T08:15:48.358+0000] {processor.py:914} INFO - Processing file /home/airflow/.local/lib/python3.12/site-packages/airflow/example_dags/example_python_operator.py for tasks to queue
[2025-04-02T08:15:48.362+0000] {logging_mixin.py:190} INFO - [2025-04-02T08:15:48.362+0000] {dagbag.py:588} INFO - Filling up the DagBag from /home/airflow/.local/lib/python3.12/site-packages/airflow/example_dags/example_python_operator.py
[2025-04-02T08:15:48.385+0000] {processor.py:925} INFO - DAG(s) 'example_python_operator' retrieved from /home/airflow/.local/lib/python3.12/site-packages/airflow/example_dags/example_python_operator.py
[2025-04-02T08:15:48.425+0000] {logging_mixin.py:190} INFO - [2025-04-02T08:15:48.424+0000] {dag.py:3239} INFO - Sync 1 DAGs
[2025-04-02T08:15:48.455+0000] {logging_mixin.py:190} INFO - [2025-04-02T08:15:48.455+0000] {dag.py:4180} INFO - Setting next_dagrun for example_python_operator to None, run_after=None
[2025-04-02T08:15:48.485+0000] {processor.py:208} INFO - Processing /home/airflow/.local/lib/python3.12/site-packages/airflow/example_dags/example_python_operator.py took 0.144 seconds
[2025-04-02T08:16:19.004+0000] {processor.py:186} INFO - Started process (PID=9062) to work on /home/airflow/.local/lib/python3.12/site-packages/airflow/example_dags/example_python_operator.py
[2025-04-02T08:16:19.006+0000] {processor.py:914} INFO - Processing file /home/airflow/.local/lib/python3.12/site-packages/airflow/example_dags/example_python_operator.py for tasks to queue
[2025-04-02T08:16:19.012+0000] {logging_mixin.py:190} INFO - [2025-04-02T08:16:19.011+0000] {dagbag.py:588} INFO - Filling up the DagBag from /home/airflow/.local/lib/python3.12/site-packages/airflow/example_dags/example_python_operator.py
[2025-04-02T08:16:19.046+0000] {processor.py:925} INFO - DAG(s) 'example_python_operator' retrieved from /home/airflow/.local/lib/python3.12/site-packages/airflow/example_dags/example_python_operator.py
[2025-04-02T08:16:19.108+0000] {logging_mixin.py:190} INFO - [2025-04-02T08:16:19.107+0000] {dag.py:3239} INFO - Sync 1 DAGs
[2025-04-02T08:16:19.147+0000] {logging_mixin.py:190} INFO - [2025-04-02T08:16:19.146+0000] {dag.py:4180} INFO - Setting next_dagrun for example_python_operator to None, run_after=None
[2025-04-02T08:16:19.186+0000] {processor.py:208} INFO - Processing /home/airflow/.local/lib/python3.12/site-packages/airflow/example_dags/example_python_operator.py took 0.199 seconds
[2025-04-02T08:16:50.108+0000] {processor.py:186} INFO - Started process (PID=9126) to work on /home/airflow/.local/lib/python3.12/site-packages/airflow/example_dags/example_python_operator.py
[2025-04-02T08:16:50.111+0000] {processor.py:914} INFO - Processing file /home/airflow/.local/lib/python3.12/site-packages/airflow/example_dags/example_python_operator.py for tasks to queue
[2025-04-02T08:16:50.117+0000] {logging_mixin.py:190} INFO - [2025-04-02T08:16:50.116+0000] {dagbag.py:588} INFO - Filling up the DagBag from /home/airflow/.local/lib/python3.12/site-packages/airflow/example_dags/example_python_operator.py
[2025-04-02T08:16:50.144+0000] {processor.py:925} INFO - DAG(s) 'example_python_operator' retrieved from /home/airflow/.local/lib/python3.12/site-packages/airflow/example_dags/example_python_operator.py
[2025-04-02T08:16:50.183+0000] {logging_mixin.py:190} INFO - [2025-04-02T08:16:50.182+0000] {dag.py:3239} INFO - Sync 1 DAGs
[2025-04-02T08:16:50.211+0000] {logging_mixin.py:190} INFO - [2025-04-02T08:16:50.211+0000] {dag.py:4180} INFO - Setting next_dagrun for example_python_operator to None, run_after=None
[2025-04-02T08:16:50.243+0000] {processor.py:208} INFO - Processing /home/airflow/.local/lib/python3.12/site-packages/airflow/example_dags/example_python_operator.py took 0.151 seconds
[2025-04-02T08:17:20.760+0000] {processor.py:186} INFO - Started process (PID=9190) to work on /home/airflow/.local/lib/python3.12/site-packages/airflow/example_dags/example_python_operator.py
[2025-04-02T08:17:20.763+0000] {processor.py:914} INFO - Processing file /home/airflow/.local/lib/python3.12/site-packages/airflow/example_dags/example_python_operator.py for tasks to queue
[2025-04-02T08:17:20.767+0000] {logging_mixin.py:190} INFO - [2025-04-02T08:17:20.766+0000] {dagbag.py:588} INFO - Filling up the DagBag from /home/airflow/.local/lib/python3.12/site-packages/airflow/example_dags/example_python_operator.py
[2025-04-02T08:17:20.789+0000] {processor.py:925} INFO - DAG(s) 'example_python_operator' retrieved from /home/airflow/.local/lib/python3.12/site-packages/airflow/example_dags/example_python_operator.py
[2025-04-02T08:17:20.827+0000] {logging_mixin.py:190} INFO - [2025-04-02T08:17:20.826+0000] {dag.py:3239} INFO - Sync 1 DAGs
[2025-04-02T08:17:20.851+0000] {logging_mixin.py:190} INFO - [2025-04-02T08:17:20.851+0000] {dag.py:4180} INFO - Setting next_dagrun for example_python_operator to None, run_after=None
[2025-04-02T08:17:20.880+0000] {processor.py:208} INFO - Processing /home/airflow/.local/lib/python3.12/site-packages/airflow/example_dags/example_python_operator.py took 0.131 seconds
[2025-04-02T08:17:51.172+0000] {processor.py:186} INFO - Started process (PID=9254) to work on /home/airflow/.local/lib/python3.12/site-packages/airflow/example_dags/example_python_operator.py
[2025-04-02T08:17:51.174+0000] {processor.py:914} INFO - Processing file /home/airflow/.local/lib/python3.12/site-packages/airflow/example_dags/example_python_operator.py for tasks to queue
[2025-04-02T08:17:51.178+0000] {logging_mixin.py:190} INFO - [2025-04-02T08:17:51.178+0000] {dagbag.py:588} INFO - Filling up the DagBag from /home/airflow/.local/lib/python3.12/site-packages/airflow/example_dags/example_python_operator.py
[2025-04-02T08:17:51.203+0000] {processor.py:925} INFO - DAG(s) 'example_python_operator' retrieved from /home/airflow/.local/lib/python3.12/site-packages/airflow/example_dags/example_python_operator.py
[2025-04-02T08:17:51.246+0000] {logging_mixin.py:190} INFO - [2025-04-02T08:17:51.244+0000] {dag.py:3239} INFO - Sync 1 DAGs
[2025-04-02T08:17:51.276+0000] {logging_mixin.py:190} INFO - [2025-04-02T08:17:51.276+0000] {dag.py:4180} INFO - Setting next_dagrun for example_python_operator to None, run_after=None
[2025-04-02T08:17:51.306+0000] {processor.py:208} INFO - Processing /home/airflow/.local/lib/python3.12/site-packages/airflow/example_dags/example_python_operator.py took 0.144 seconds
[2025-04-02T08:18:21.857+0000] {processor.py:186} INFO - Started process (PID=9318) to work on /home/airflow/.local/lib/python3.12/site-packages/airflow/example_dags/example_python_operator.py
[2025-04-02T08:18:21.859+0000] {processor.py:914} INFO - Processing file /home/airflow/.local/lib/python3.12/site-packages/airflow/example_dags/example_python_operator.py for tasks to queue
[2025-04-02T08:18:21.862+0000] {logging_mixin.py:190} INFO - [2025-04-02T08:18:21.862+0000] {dagbag.py:588} INFO - Filling up the DagBag from /home/airflow/.local/lib/python3.12/site-packages/airflow/example_dags/example_python_operator.py
[2025-04-02T08:18:21.885+0000] {processor.py:925} INFO - DAG(s) 'example_python_operator' retrieved from /home/airflow/.local/lib/python3.12/site-packages/airflow/example_dags/example_python_operator.py
[2025-04-02T08:18:21.922+0000] {logging_mixin.py:190} INFO - [2025-04-02T08:18:21.921+0000] {dag.py:3239} INFO - Sync 1 DAGs
[2025-04-02T08:18:21.946+0000] {logging_mixin.py:190} INFO - [2025-04-02T08:18:21.945+0000] {dag.py:4180} INFO - Setting next_dagrun for example_python_operator to None, run_after=None
[2025-04-02T08:18:21.975+0000] {processor.py:208} INFO - Processing /home/airflow/.local/lib/python3.12/site-packages/airflow/example_dags/example_python_operator.py took 0.129 seconds
[2025-04-02T08:18:52.368+0000] {processor.py:186} INFO - Started process (PID=9382) to work on /home/airflow/.local/lib/python3.12/site-packages/airflow/example_dags/example_python_operator.py
[2025-04-02T08:18:52.371+0000] {processor.py:914} INFO - Processing file /home/airflow/.local/lib/python3.12/site-packages/airflow/example_dags/example_python_operator.py for tasks to queue
[2025-04-02T08:18:52.375+0000] {logging_mixin.py:190} INFO - [2025-04-02T08:18:52.374+0000] {dagbag.py:588} INFO - Filling up the DagBag from /home/airflow/.local/lib/python3.12/site-packages/airflow/example_dags/example_python_operator.py
[2025-04-02T08:18:52.397+0000] {processor.py:925} INFO - DAG(s) 'example_python_operator' retrieved from /home/airflow/.local/lib/python3.12/site-packages/airflow/example_dags/example_python_operator.py
[2025-04-02T08:18:52.434+0000] {logging_mixin.py:190} INFO - [2025-04-02T08:18:52.433+0000] {dag.py:3239} INFO - Sync 1 DAGs
[2025-04-02T08:18:52.458+0000] {logging_mixin.py:190} INFO - [2025-04-02T08:18:52.458+0000] {dag.py:4180} INFO - Setting next_dagrun for example_python_operator to None, run_after=None
[2025-04-02T08:18:52.486+0000] {processor.py:208} INFO - Processing /home/airflow/.local/lib/python3.12/site-packages/airflow/example_dags/example_python_operator.py took 0.129 seconds
[2025-04-02T08:19:22.852+0000] {processor.py:186} INFO - Started process (PID=9446) to work on /home/airflow/.local/lib/python3.12/site-packages/airflow/example_dags/example_python_operator.py
[2025-04-02T08:19:22.853+0000] {processor.py:914} INFO - Processing file /home/airflow/.local/lib/python3.12/site-packages/airflow/example_dags/example_python_operator.py for tasks to queue
[2025-04-02T08:19:22.857+0000] {logging_mixin.py:190} INFO - [2025-04-02T08:19:22.857+0000] {dagbag.py:588} INFO - Filling up the DagBag from /home/airflow/.local/lib/python3.12/site-packages/airflow/example_dags/example_python_operator.py
[2025-04-02T08:19:22.880+0000] {processor.py:925} INFO - DAG(s) 'example_python_operator' retrieved from /home/airflow/.local/lib/python3.12/site-packages/airflow/example_dags/example_python_operator.py
[2025-04-02T08:19:22.921+0000] {logging_mixin.py:190} INFO - [2025-04-02T08:19:22.920+0000] {dag.py:3239} INFO - Sync 1 DAGs
[2025-04-02T08:19:22.944+0000] {logging_mixin.py:190} INFO - [2025-04-02T08:19:22.944+0000] {dag.py:4180} INFO - Setting next_dagrun for example_python_operator to None, run_after=None
[2025-04-02T08:19:22.976+0000] {processor.py:208} INFO - Processing /home/airflow/.local/lib/python3.12/site-packages/airflow/example_dags/example_python_operator.py took 0.135 seconds
[2025-04-02T08:19:53.383+0000] {processor.py:186} INFO - Started process (PID=9510) to work on /home/airflow/.local/lib/python3.12/site-packages/airflow/example_dags/example_python_operator.py
[2025-04-02T08:19:53.385+0000] {processor.py:914} INFO - Processing file /home/airflow/.local/lib/python3.12/site-packages/airflow/example_dags/example_python_operator.py for tasks to queue
[2025-04-02T08:19:53.389+0000] {logging_mixin.py:190} INFO - [2025-04-02T08:19:53.389+0000] {dagbag.py:588} INFO - Filling up the DagBag from /home/airflow/.local/lib/python3.12/site-packages/airflow/example_dags/example_python_operator.py
[2025-04-02T08:19:53.412+0000] {processor.py:925} INFO - DAG(s) 'example_python_operator' retrieved from /home/airflow/.local/lib/python3.12/site-packages/airflow/example_dags/example_python_operator.py
[2025-04-02T08:19:53.449+0000] {logging_mixin.py:190} INFO - [2025-04-02T08:19:53.448+0000] {dag.py:3239} INFO - Sync 1 DAGs
[2025-04-02T08:19:53.472+0000] {logging_mixin.py:190} INFO - [2025-04-02T08:19:53.471+0000] {dag.py:4180} INFO - Setting next_dagrun for example_python_operator to None, run_after=None
[2025-04-02T08:19:53.500+0000] {processor.py:208} INFO - Processing /home/airflow/.local/lib/python3.12/site-packages/airflow/example_dags/example_python_operator.py took 0.128 seconds
[2025-04-02T08:20:24.703+0000] {processor.py:186} INFO - Started process (PID=9575) to work on /home/airflow/.local/lib/python3.12/site-packages/airflow/example_dags/example_python_operator.py
[2025-04-02T08:20:24.704+0000] {processor.py:914} INFO - Processing file /home/airflow/.local/lib/python3.12/site-packages/airflow/example_dags/example_python_operator.py for tasks to queue
[2025-04-02T08:20:24.710+0000] {logging_mixin.py:190} INFO - [2025-04-02T08:20:24.709+0000] {dagbag.py:588} INFO - Filling up the DagBag from /home/airflow/.local/lib/python3.12/site-packages/airflow/example_dags/example_python_operator.py
[2025-04-02T08:20:24.743+0000] {processor.py:925} INFO - DAG(s) 'example_python_operator' retrieved from /home/airflow/.local/lib/python3.12/site-packages/airflow/example_dags/example_python_operator.py
[2025-04-02T08:20:24.794+0000] {logging_mixin.py:190} INFO - [2025-04-02T08:20:24.793+0000] {dag.py:3239} INFO - Sync 1 DAGs
[2025-04-02T08:20:24.824+0000] {logging_mixin.py:190} INFO - [2025-04-02T08:20:24.823+0000] {dag.py:4180} INFO - Setting next_dagrun for example_python_operator to None, run_after=None
[2025-04-02T08:20:24.852+0000] {processor.py:208} INFO - Processing /home/airflow/.local/lib/python3.12/site-packages/airflow/example_dags/example_python_operator.py took 0.165 seconds
[2025-04-02T08:20:57.625+0000] {processor.py:186} INFO - Started process (PID=9639) to work on /home/airflow/.local/lib/python3.12/site-packages/airflow/example_dags/example_python_operator.py
[2025-04-02T08:20:57.630+0000] {processor.py:914} INFO - Processing file /home/airflow/.local/lib/python3.12/site-packages/airflow/example_dags/example_python_operator.py for tasks to queue
[2025-04-02T08:20:57.643+0000] {logging_mixin.py:190} INFO - [2025-04-02T08:20:57.642+0000] {dagbag.py:588} INFO - Filling up the DagBag from /home/airflow/.local/lib/python3.12/site-packages/airflow/example_dags/example_python_operator.py
[2025-04-02T08:20:57.732+0000] {processor.py:925} INFO - DAG(s) 'example_python_operator' retrieved from /home/airflow/.local/lib/python3.12/site-packages/airflow/example_dags/example_python_operator.py
[2025-04-02T08:20:57.873+0000] {logging_mixin.py:190} INFO - [2025-04-02T08:20:57.870+0000] {dag.py:3239} INFO - Sync 1 DAGs
[2025-04-02T08:20:57.996+0000] {logging_mixin.py:190} INFO - [2025-04-02T08:20:57.995+0000] {dag.py:4180} INFO - Setting next_dagrun for example_python_operator to None, run_after=None
[2025-04-02T08:20:58.086+0000] {processor.py:208} INFO - Processing /home/airflow/.local/lib/python3.12/site-packages/airflow/example_dags/example_python_operator.py took 0.497 seconds
[2025-04-02T08:21:28.199+0000] {processor.py:186} INFO - Started process (PID=9703) to work on /home/airflow/.local/lib/python3.12/site-packages/airflow/example_dags/example_python_operator.py
[2025-04-02T08:21:28.201+0000] {processor.py:914} INFO - Processing file /home/airflow/.local/lib/python3.12/site-packages/airflow/example_dags/example_python_operator.py for tasks to queue
[2025-04-02T08:21:28.205+0000] {logging_mixin.py:190} INFO - [2025-04-02T08:21:28.204+0000] {dagbag.py:588} INFO - Filling up the DagBag from /home/airflow/.local/lib/python3.12/site-packages/airflow/example_dags/example_python_operator.py
[2025-04-02T08:21:28.227+0000] {processor.py:925} INFO - DAG(s) 'example_python_operator' retrieved from /home/airflow/.local/lib/python3.12/site-packages/airflow/example_dags/example_python_operator.py
[2025-04-02T08:21:28.263+0000] {logging_mixin.py:190} INFO - [2025-04-02T08:21:28.263+0000] {dag.py:3239} INFO - Sync 1 DAGs
[2025-04-02T08:21:28.286+0000] {logging_mixin.py:190} INFO - [2025-04-02T08:21:28.285+0000] {dag.py:4180} INFO - Setting next_dagrun for example_python_operator to None, run_after=None
[2025-04-02T08:21:28.314+0000] {processor.py:208} INFO - Processing /home/airflow/.local/lib/python3.12/site-packages/airflow/example_dags/example_python_operator.py took 0.126 seconds
[2025-04-02T08:21:58.640+0000] {processor.py:186} INFO - Started process (PID=9767) to work on /home/airflow/.local/lib/python3.12/site-packages/airflow/example_dags/example_python_operator.py
[2025-04-02T08:21:58.642+0000] {processor.py:914} INFO - Processing file /home/airflow/.local/lib/python3.12/site-packages/airflow/example_dags/example_python_operator.py for tasks to queue
[2025-04-02T08:21:58.646+0000] {logging_mixin.py:190} INFO - [2025-04-02T08:21:58.645+0000] {dagbag.py:588} INFO - Filling up the DagBag from /home/airflow/.local/lib/python3.12/site-packages/airflow/example_dags/example_python_operator.py
[2025-04-02T08:21:58.668+0000] {processor.py:925} INFO - DAG(s) 'example_python_operator' retrieved from /home/airflow/.local/lib/python3.12/site-packages/airflow/example_dags/example_python_operator.py
[2025-04-02T08:21:58.706+0000] {logging_mixin.py:190} INFO - [2025-04-02T08:21:58.705+0000] {dag.py:3239} INFO - Sync 1 DAGs
[2025-04-02T08:21:58.731+0000] {logging_mixin.py:190} INFO - [2025-04-02T08:21:58.731+0000] {dag.py:4180} INFO - Setting next_dagrun for example_python_operator to None, run_after=None
[2025-04-02T08:21:58.759+0000] {processor.py:208} INFO - Processing /home/airflow/.local/lib/python3.12/site-packages/airflow/example_dags/example_python_operator.py took 0.130 seconds
[2025-04-02T08:22:29.721+0000] {processor.py:186} INFO - Started process (PID=9831) to work on /home/airflow/.local/lib/python3.12/site-packages/airflow/example_dags/example_python_operator.py
[2025-04-02T08:22:29.722+0000] {processor.py:914} INFO - Processing file /home/airflow/.local/lib/python3.12/site-packages/airflow/example_dags/example_python_operator.py for tasks to queue
[2025-04-02T08:22:29.726+0000] {logging_mixin.py:190} INFO - [2025-04-02T08:22:29.726+0000] {dagbag.py:588} INFO - Filling up the DagBag from /home/airflow/.local/lib/python3.12/site-packages/airflow/example_dags/example_python_operator.py
[2025-04-02T08:22:29.751+0000] {processor.py:925} INFO - DAG(s) 'example_python_operator' retrieved from /home/airflow/.local/lib/python3.12/site-packages/airflow/example_dags/example_python_operator.py
[2025-04-02T08:22:29.798+0000] {logging_mixin.py:190} INFO - [2025-04-02T08:22:29.797+0000] {dag.py:3239} INFO - Sync 1 DAGs
[2025-04-02T08:22:29.822+0000] {logging_mixin.py:190} INFO - [2025-04-02T08:22:29.822+0000] {dag.py:4180} INFO - Setting next_dagrun for example_python_operator to None, run_after=None
[2025-04-02T08:22:29.851+0000] {processor.py:208} INFO - Processing /home/airflow/.local/lib/python3.12/site-packages/airflow/example_dags/example_python_operator.py took 0.142 seconds
[2025-04-02T08:23:00.210+0000] {processor.py:186} INFO - Started process (PID=9895) to work on /home/airflow/.local/lib/python3.12/site-packages/airflow/example_dags/example_python_operator.py
[2025-04-02T08:23:00.212+0000] {processor.py:914} INFO - Processing file /home/airflow/.local/lib/python3.12/site-packages/airflow/example_dags/example_python_operator.py for tasks to queue
[2025-04-02T08:23:00.217+0000] {logging_mixin.py:190} INFO - [2025-04-02T08:23:00.217+0000] {dagbag.py:588} INFO - Filling up the DagBag from /home/airflow/.local/lib/python3.12/site-packages/airflow/example_dags/example_python_operator.py
[2025-04-02T08:23:00.244+0000] {processor.py:925} INFO - DAG(s) 'example_python_operator' retrieved from /home/airflow/.local/lib/python3.12/site-packages/airflow/example_dags/example_python_operator.py
[2025-04-02T08:23:00.286+0000] {logging_mixin.py:190} INFO - [2025-04-02T08:23:00.285+0000] {dag.py:3239} INFO - Sync 1 DAGs
[2025-04-02T08:23:00.314+0000] {logging_mixin.py:190} INFO - [2025-04-02T08:23:00.313+0000] {dag.py:4180} INFO - Setting next_dagrun for example_python_operator to None, run_after=None
[2025-04-02T08:23:00.346+0000] {processor.py:208} INFO - Processing /home/airflow/.local/lib/python3.12/site-packages/airflow/example_dags/example_python_operator.py took 0.151 seconds
[2025-04-02T08:23:31.118+0000] {processor.py:186} INFO - Started process (PID=9959) to work on /home/airflow/.local/lib/python3.12/site-packages/airflow/example_dags/example_python_operator.py
[2025-04-02T08:23:31.120+0000] {processor.py:914} INFO - Processing file /home/airflow/.local/lib/python3.12/site-packages/airflow/example_dags/example_python_operator.py for tasks to queue
[2025-04-02T08:23:31.125+0000] {logging_mixin.py:190} INFO - [2025-04-02T08:23:31.124+0000] {dagbag.py:588} INFO - Filling up the DagBag from /home/airflow/.local/lib/python3.12/site-packages/airflow/example_dags/example_python_operator.py
[2025-04-02T08:23:31.151+0000] {processor.py:925} INFO - DAG(s) 'example_python_operator' retrieved from /home/airflow/.local/lib/python3.12/site-packages/airflow/example_dags/example_python_operator.py
[2025-04-02T08:23:31.189+0000] {logging_mixin.py:190} INFO - [2025-04-02T08:23:31.188+0000] {dag.py:3239} INFO - Sync 1 DAGs
[2025-04-02T08:23:31.216+0000] {logging_mixin.py:190} INFO - [2025-04-02T08:23:31.215+0000] {dag.py:4180} INFO - Setting next_dagrun for example_python_operator to None, run_after=None
[2025-04-02T08:23:31.245+0000] {processor.py:208} INFO - Processing /home/airflow/.local/lib/python3.12/site-packages/airflow/example_dags/example_python_operator.py took 0.141 seconds
