[2025-04-02T07:56:28.081+0000] {processor.py:186} INFO - Started process (PID=6398) to work on /home/airflow/.local/lib/python3.12/site-packages/airflow/example_dags/example_workday_timetable.py
[2025-04-02T07:56:28.087+0000] {processor.py:914} INFO - Processing file /home/airflow/.local/lib/python3.12/site-packages/airflow/example_dags/example_workday_timetable.py for tasks to queue
[2025-04-02T07:56:28.102+0000] {logging_mixin.py:190} INFO - [2025-04-02T07:56:28.101+0000] {dagbag.py:588} INFO - Filling up the DagBag from /home/airflow/.local/lib/python3.12/site-packages/airflow/example_dags/example_workday_timetable.py
[2025-04-02T07:56:28.155+0000] {processor.py:925} INFO - DAG(s) 'example_workday_timetable' retrieved from /home/airflow/.local/lib/python3.12/site-packages/airflow/example_dags/example_workday_timetable.py
[2025-04-02T07:56:28.271+0000] {logging_mixin.py:190} INFO - [2025-04-02T07:56:28.270+0000] {dag.py:3239} INFO - Sync 1 DAGs
[2025-04-02T07:56:28.880+0000] {logging_mixin.py:190} INFO - [2025-04-02T07:56:28.874+0000] {dag.py:4180} INFO - Setting next_dagrun for example_workday_timetable to 2021-01-04 00:00:00+00:00, run_after=2021-01-05 00:00:00+00:00
[2025-04-02T07:56:28.973+0000] {processor.py:208} INFO - Processing /home/airflow/.local/lib/python3.12/site-packages/airflow/example_dags/example_workday_timetable.py took 0.941 seconds
[2025-04-02T07:56:59.463+0000] {processor.py:186} INFO - Started process (PID=6466) to work on /home/airflow/.local/lib/python3.12/site-packages/airflow/example_dags/example_workday_timetable.py
[2025-04-02T07:56:59.468+0000] {processor.py:914} INFO - Processing file /home/airflow/.local/lib/python3.12/site-packages/airflow/example_dags/example_workday_timetable.py for tasks to queue
[2025-04-02T07:56:59.480+0000] {logging_mixin.py:190} INFO - [2025-04-02T07:56:59.475+0000] {dagbag.py:588} INFO - Filling up the DagBag from /home/airflow/.local/lib/python3.12/site-packages/airflow/example_dags/example_workday_timetable.py
[2025-04-02T07:56:59.507+0000] {processor.py:925} INFO - DAG(s) 'example_workday_timetable' retrieved from /home/airflow/.local/lib/python3.12/site-packages/airflow/example_dags/example_workday_timetable.py
[2025-04-02T07:56:59.600+0000] {logging_mixin.py:190} INFO - [2025-04-02T07:56:59.598+0000] {dag.py:3239} INFO - Sync 1 DAGs
[2025-04-02T07:56:59.888+0000] {logging_mixin.py:190} INFO - [2025-04-02T07:56:59.888+0000] {dag.py:4180} INFO - Setting next_dagrun for example_workday_timetable to 2021-01-04 00:00:00+00:00, run_after=2021-01-05 00:00:00+00:00
[2025-04-02T07:56:59.943+0000] {processor.py:208} INFO - Processing /home/airflow/.local/lib/python3.12/site-packages/airflow/example_dags/example_workday_timetable.py took 0.512 seconds
[2025-04-02T07:57:30.214+0000] {processor.py:186} INFO - Started process (PID=6530) to work on /home/airflow/.local/lib/python3.12/site-packages/airflow/example_dags/example_workday_timetable.py
[2025-04-02T07:57:30.219+0000] {processor.py:914} INFO - Processing file /home/airflow/.local/lib/python3.12/site-packages/airflow/example_dags/example_workday_timetable.py for tasks to queue
[2025-04-02T07:57:30.226+0000] {logging_mixin.py:190} INFO - [2025-04-02T07:57:30.223+0000] {dagbag.py:588} INFO - Filling up the DagBag from /home/airflow/.local/lib/python3.12/site-packages/airflow/example_dags/example_workday_timetable.py
[2025-04-02T07:57:30.248+0000] {processor.py:925} INFO - DAG(s) 'example_workday_timetable' retrieved from /home/airflow/.local/lib/python3.12/site-packages/airflow/example_dags/example_workday_timetable.py
[2025-04-02T07:57:30.339+0000] {logging_mixin.py:190} INFO - [2025-04-02T07:57:30.338+0000] {dag.py:3239} INFO - Sync 1 DAGs
[2025-04-02T07:57:30.687+0000] {logging_mixin.py:190} INFO - [2025-04-02T07:57:30.687+0000] {dag.py:4180} INFO - Setting next_dagrun for example_workday_timetable to 2021-01-04 00:00:00+00:00, run_after=2021-01-05 00:00:00+00:00
[2025-04-02T07:57:30.737+0000] {processor.py:208} INFO - Processing /home/airflow/.local/lib/python3.12/site-packages/airflow/example_dags/example_workday_timetable.py took 0.552 seconds
[2025-04-02T07:58:01.367+0000] {processor.py:186} INFO - Started process (PID=6608) to work on /home/airflow/.local/lib/python3.12/site-packages/airflow/example_dags/example_workday_timetable.py
[2025-04-02T07:58:01.372+0000] {processor.py:914} INFO - Processing file /home/airflow/.local/lib/python3.12/site-packages/airflow/example_dags/example_workday_timetable.py for tasks to queue
[2025-04-02T07:58:01.379+0000] {logging_mixin.py:190} INFO - [2025-04-02T07:58:01.379+0000] {dagbag.py:588} INFO - Filling up the DagBag from /home/airflow/.local/lib/python3.12/site-packages/airflow/example_dags/example_workday_timetable.py
[2025-04-02T07:58:01.405+0000] {processor.py:925} INFO - DAG(s) 'example_workday_timetable' retrieved from /home/airflow/.local/lib/python3.12/site-packages/airflow/example_dags/example_workday_timetable.py
[2025-04-02T07:58:01.482+0000] {logging_mixin.py:190} INFO - [2025-04-02T07:58:01.479+0000] {dag.py:3239} INFO - Sync 1 DAGs
[2025-04-02T07:58:01.751+0000] {logging_mixin.py:190} INFO - [2025-04-02T07:58:01.750+0000] {dag.py:4180} INFO - Setting next_dagrun for example_workday_timetable to 2021-01-04 00:00:00+00:00, run_after=2021-01-05 00:00:00+00:00
[2025-04-02T07:58:01.800+0000] {processor.py:208} INFO - Processing /home/airflow/.local/lib/python3.12/site-packages/airflow/example_dags/example_workday_timetable.py took 0.460 seconds
[2025-04-02T07:58:32.229+0000] {processor.py:186} INFO - Started process (PID=6671) to work on /home/airflow/.local/lib/python3.12/site-packages/airflow/example_dags/example_workday_timetable.py
[2025-04-02T07:58:32.233+0000] {processor.py:914} INFO - Processing file /home/airflow/.local/lib/python3.12/site-packages/airflow/example_dags/example_workday_timetable.py for tasks to queue
[2025-04-02T07:58:32.239+0000] {logging_mixin.py:190} INFO - [2025-04-02T07:58:32.238+0000] {dagbag.py:588} INFO - Filling up the DagBag from /home/airflow/.local/lib/python3.12/site-packages/airflow/example_dags/example_workday_timetable.py
[2025-04-02T07:58:32.256+0000] {processor.py:925} INFO - DAG(s) 'example_workday_timetable' retrieved from /home/airflow/.local/lib/python3.12/site-packages/airflow/example_dags/example_workday_timetable.py
[2025-04-02T07:58:32.300+0000] {logging_mixin.py:190} INFO - [2025-04-02T07:58:32.298+0000] {dag.py:3239} INFO - Sync 1 DAGs
[2025-04-02T07:58:32.481+0000] {logging_mixin.py:190} INFO - [2025-04-02T07:58:32.481+0000] {dag.py:4180} INFO - Setting next_dagrun for example_workday_timetable to 2021-01-04 00:00:00+00:00, run_after=2021-01-05 00:00:00+00:00
[2025-04-02T07:58:32.529+0000] {processor.py:208} INFO - Processing /home/airflow/.local/lib/python3.12/site-packages/airflow/example_dags/example_workday_timetable.py took 0.320 seconds
[2025-04-02T07:59:02.909+0000] {processor.py:186} INFO - Started process (PID=6750) to work on /home/airflow/.local/lib/python3.12/site-packages/airflow/example_dags/example_workday_timetable.py
[2025-04-02T07:59:02.912+0000] {processor.py:914} INFO - Processing file /home/airflow/.local/lib/python3.12/site-packages/airflow/example_dags/example_workday_timetable.py for tasks to queue
[2025-04-02T07:59:02.919+0000] {logging_mixin.py:190} INFO - [2025-04-02T07:59:02.919+0000] {dagbag.py:588} INFO - Filling up the DagBag from /home/airflow/.local/lib/python3.12/site-packages/airflow/example_dags/example_workday_timetable.py
[2025-04-02T07:59:02.933+0000] {processor.py:925} INFO - DAG(s) 'example_workday_timetable' retrieved from /home/airflow/.local/lib/python3.12/site-packages/airflow/example_dags/example_workday_timetable.py
[2025-04-02T07:59:02.986+0000] {logging_mixin.py:190} INFO - [2025-04-02T07:59:02.985+0000] {dag.py:3239} INFO - Sync 1 DAGs
[2025-04-02T07:59:03.164+0000] {logging_mixin.py:190} INFO - [2025-04-02T07:59:03.163+0000] {dag.py:4180} INFO - Setting next_dagrun for example_workday_timetable to 2021-01-04 00:00:00+00:00, run_after=2021-01-05 00:00:00+00:00
[2025-04-02T07:59:03.220+0000] {processor.py:208} INFO - Processing /home/airflow/.local/lib/python3.12/site-packages/airflow/example_dags/example_workday_timetable.py took 0.331 seconds
[2025-04-02T07:59:33.318+0000] {processor.py:186} INFO - Started process (PID=6814) to work on /home/airflow/.local/lib/python3.12/site-packages/airflow/example_dags/example_workday_timetable.py
[2025-04-02T07:59:33.320+0000] {processor.py:914} INFO - Processing file /home/airflow/.local/lib/python3.12/site-packages/airflow/example_dags/example_workday_timetable.py for tasks to queue
[2025-04-02T07:59:33.326+0000] {logging_mixin.py:190} INFO - [2025-04-02T07:59:33.325+0000] {dagbag.py:588} INFO - Filling up the DagBag from /home/airflow/.local/lib/python3.12/site-packages/airflow/example_dags/example_workday_timetable.py
[2025-04-02T07:59:33.343+0000] {processor.py:925} INFO - DAG(s) 'example_workday_timetable' retrieved from /home/airflow/.local/lib/python3.12/site-packages/airflow/example_dags/example_workday_timetable.py
[2025-04-02T07:59:33.398+0000] {logging_mixin.py:190} INFO - [2025-04-02T07:59:33.397+0000] {dag.py:3239} INFO - Sync 1 DAGs
[2025-04-02T07:59:33.595+0000] {logging_mixin.py:190} INFO - [2025-04-02T07:59:33.595+0000] {dag.py:4180} INFO - Setting next_dagrun for example_workday_timetable to 2021-01-04 00:00:00+00:00, run_after=2021-01-05 00:00:00+00:00
[2025-04-02T07:59:33.645+0000] {processor.py:208} INFO - Processing /home/airflow/.local/lib/python3.12/site-packages/airflow/example_dags/example_workday_timetable.py took 0.346 seconds
[2025-04-02T08:00:03.913+0000] {processor.py:186} INFO - Started process (PID=6902) to work on /home/airflow/.local/lib/python3.12/site-packages/airflow/example_dags/example_workday_timetable.py
[2025-04-02T08:00:03.917+0000] {processor.py:914} INFO - Processing file /home/airflow/.local/lib/python3.12/site-packages/airflow/example_dags/example_workday_timetable.py for tasks to queue
[2025-04-02T08:00:03.922+0000] {logging_mixin.py:190} INFO - [2025-04-02T08:00:03.922+0000] {dagbag.py:588} INFO - Filling up the DagBag from /home/airflow/.local/lib/python3.12/site-packages/airflow/example_dags/example_workday_timetable.py
[2025-04-02T08:00:03.936+0000] {processor.py:925} INFO - DAG(s) 'example_workday_timetable' retrieved from /home/airflow/.local/lib/python3.12/site-packages/airflow/example_dags/example_workday_timetable.py
[2025-04-02T08:00:03.986+0000] {logging_mixin.py:190} INFO - [2025-04-02T08:00:03.985+0000] {dag.py:3239} INFO - Sync 1 DAGs
[2025-04-02T08:00:04.196+0000] {logging_mixin.py:190} INFO - [2025-04-02T08:00:04.195+0000] {dag.py:4180} INFO - Setting next_dagrun for example_workday_timetable to 2021-01-04 00:00:00+00:00, run_after=2021-01-05 00:00:00+00:00
[2025-04-02T08:00:04.244+0000] {processor.py:208} INFO - Processing /home/airflow/.local/lib/python3.12/site-packages/airflow/example_dags/example_workday_timetable.py took 0.350 seconds
[2025-04-02T08:00:34.465+0000] {processor.py:186} INFO - Started process (PID=6966) to work on /home/airflow/.local/lib/python3.12/site-packages/airflow/example_dags/example_workday_timetable.py
[2025-04-02T08:00:34.469+0000] {processor.py:914} INFO - Processing file /home/airflow/.local/lib/python3.12/site-packages/airflow/example_dags/example_workday_timetable.py for tasks to queue
[2025-04-02T08:00:34.474+0000] {logging_mixin.py:190} INFO - [2025-04-02T08:00:34.474+0000] {dagbag.py:588} INFO - Filling up the DagBag from /home/airflow/.local/lib/python3.12/site-packages/airflow/example_dags/example_workday_timetable.py
[2025-04-02T08:00:34.488+0000] {processor.py:925} INFO - DAG(s) 'example_workday_timetable' retrieved from /home/airflow/.local/lib/python3.12/site-packages/airflow/example_dags/example_workday_timetable.py
[2025-04-02T08:00:34.536+0000] {logging_mixin.py:190} INFO - [2025-04-02T08:00:34.535+0000] {dag.py:3239} INFO - Sync 1 DAGs
[2025-04-02T08:00:34.648+0000] {logging_mixin.py:190} INFO - [2025-04-02T08:00:34.648+0000] {dag.py:4180} INFO - Setting next_dagrun for example_workday_timetable to 2021-01-04 00:00:00+00:00, run_after=2021-01-05 00:00:00+00:00
[2025-04-02T08:00:34.676+0000] {processor.py:208} INFO - Processing /home/airflow/.local/lib/python3.12/site-packages/airflow/example_dags/example_workday_timetable.py took 0.226 seconds
[2025-04-02T08:01:05.003+0000] {processor.py:186} INFO - Started process (PID=7037) to work on /home/airflow/.local/lib/python3.12/site-packages/airflow/example_dags/example_workday_timetable.py
[2025-04-02T08:01:05.008+0000] {processor.py:914} INFO - Processing file /home/airflow/.local/lib/python3.12/site-packages/airflow/example_dags/example_workday_timetable.py for tasks to queue
[2025-04-02T08:01:05.019+0000] {logging_mixin.py:190} INFO - [2025-04-02T08:01:05.015+0000] {dagbag.py:588} INFO - Filling up the DagBag from /home/airflow/.local/lib/python3.12/site-packages/airflow/example_dags/example_workday_timetable.py
[2025-04-02T08:01:05.045+0000] {processor.py:925} INFO - DAG(s) 'example_workday_timetable' retrieved from /home/airflow/.local/lib/python3.12/site-packages/airflow/example_dags/example_workday_timetable.py
[2025-04-02T08:01:05.088+0000] {logging_mixin.py:190} INFO - [2025-04-02T08:01:05.087+0000] {dag.py:3239} INFO - Sync 1 DAGs
[2025-04-02T08:01:05.298+0000] {logging_mixin.py:190} INFO - [2025-04-02T08:01:05.298+0000] {dag.py:4180} INFO - Setting next_dagrun for example_workday_timetable to 2021-01-04 00:00:00+00:00, run_after=2021-01-05 00:00:00+00:00
[2025-04-02T08:01:05.345+0000] {processor.py:208} INFO - Processing /home/airflow/.local/lib/python3.12/site-packages/airflow/example_dags/example_workday_timetable.py took 0.370 seconds
[2025-04-02T08:01:37.189+0000] {processor.py:186} INFO - Started process (PID=7122) to work on /home/airflow/.local/lib/python3.12/site-packages/airflow/example_dags/example_workday_timetable.py
[2025-04-02T08:01:37.196+0000] {processor.py:914} INFO - Processing file /home/airflow/.local/lib/python3.12/site-packages/airflow/example_dags/example_workday_timetable.py for tasks to queue
[2025-04-02T08:01:37.210+0000] {logging_mixin.py:190} INFO - [2025-04-02T08:01:37.210+0000] {dagbag.py:588} INFO - Filling up the DagBag from /home/airflow/.local/lib/python3.12/site-packages/airflow/example_dags/example_workday_timetable.py
[2025-04-02T08:01:37.239+0000] {processor.py:925} INFO - DAG(s) 'example_workday_timetable' retrieved from /home/airflow/.local/lib/python3.12/site-packages/airflow/example_dags/example_workday_timetable.py
[2025-04-02T08:01:37.315+0000] {logging_mixin.py:190} INFO - [2025-04-02T08:01:37.313+0000] {dag.py:3239} INFO - Sync 1 DAGs
[2025-04-02T08:01:37.507+0000] {logging_mixin.py:190} INFO - [2025-04-02T08:01:37.506+0000] {dag.py:4180} INFO - Setting next_dagrun for example_workday_timetable to 2021-01-04 00:00:00+00:00, run_after=2021-01-05 00:00:00+00:00
[2025-04-02T08:01:37.548+0000] {processor.py:208} INFO - Processing /home/airflow/.local/lib/python3.12/site-packages/airflow/example_dags/example_workday_timetable.py took 0.386 seconds
[2025-04-02T08:02:08.133+0000] {processor.py:186} INFO - Started process (PID=7191) to work on /home/airflow/.local/lib/python3.12/site-packages/airflow/example_dags/example_workday_timetable.py
[2025-04-02T08:02:08.138+0000] {processor.py:914} INFO - Processing file /home/airflow/.local/lib/python3.12/site-packages/airflow/example_dags/example_workday_timetable.py for tasks to queue
[2025-04-02T08:02:08.147+0000] {logging_mixin.py:190} INFO - [2025-04-02T08:02:08.145+0000] {dagbag.py:588} INFO - Filling up the DagBag from /home/airflow/.local/lib/python3.12/site-packages/airflow/example_dags/example_workday_timetable.py
[2025-04-02T08:02:08.169+0000] {processor.py:925} INFO - DAG(s) 'example_workday_timetable' retrieved from /home/airflow/.local/lib/python3.12/site-packages/airflow/example_dags/example_workday_timetable.py
[2025-04-02T08:02:08.242+0000] {logging_mixin.py:190} INFO - [2025-04-02T08:02:08.241+0000] {dag.py:3239} INFO - Sync 1 DAGs
[2025-04-02T08:02:08.485+0000] {logging_mixin.py:190} INFO - [2025-04-02T08:02:08.485+0000] {dag.py:4180} INFO - Setting next_dagrun for example_workday_timetable to 2021-01-04 00:00:00+00:00, run_after=2021-01-05 00:00:00+00:00
[2025-04-02T08:02:08.550+0000] {processor.py:208} INFO - Processing /home/airflow/.local/lib/python3.12/site-packages/airflow/example_dags/example_workday_timetable.py took 0.445 seconds
[2025-04-02T08:02:39.257+0000] {processor.py:186} INFO - Started process (PID=7277) to work on /home/airflow/.local/lib/python3.12/site-packages/airflow/example_dags/example_workday_timetable.py
[2025-04-02T08:02:39.261+0000] {processor.py:914} INFO - Processing file /home/airflow/.local/lib/python3.12/site-packages/airflow/example_dags/example_workday_timetable.py for tasks to queue
[2025-04-02T08:02:39.273+0000] {logging_mixin.py:190} INFO - [2025-04-02T08:02:39.272+0000] {dagbag.py:588} INFO - Filling up the DagBag from /home/airflow/.local/lib/python3.12/site-packages/airflow/example_dags/example_workday_timetable.py
[2025-04-02T08:02:39.298+0000] {processor.py:925} INFO - DAG(s) 'example_workday_timetable' retrieved from /home/airflow/.local/lib/python3.12/site-packages/airflow/example_dags/example_workday_timetable.py
[2025-04-02T08:02:39.365+0000] {logging_mixin.py:190} INFO - [2025-04-02T08:02:39.363+0000] {dag.py:3239} INFO - Sync 1 DAGs
[2025-04-02T08:02:39.694+0000] {logging_mixin.py:190} INFO - [2025-04-02T08:02:39.694+0000] {dag.py:4180} INFO - Setting next_dagrun for example_workday_timetable to 2021-01-04 00:00:00+00:00, run_after=2021-01-05 00:00:00+00:00
[2025-04-02T08:02:39.751+0000] {processor.py:208} INFO - Processing /home/airflow/.local/lib/python3.12/site-packages/airflow/example_dags/example_workday_timetable.py took 0.513 seconds
[2025-04-02T08:03:10.672+0000] {processor.py:186} INFO - Started process (PID=7345) to work on /home/airflow/.local/lib/python3.12/site-packages/airflow/example_dags/example_workday_timetable.py
[2025-04-02T08:03:10.674+0000] {processor.py:914} INFO - Processing file /home/airflow/.local/lib/python3.12/site-packages/airflow/example_dags/example_workday_timetable.py for tasks to queue
[2025-04-02T08:03:10.679+0000] {logging_mixin.py:190} INFO - [2025-04-02T08:03:10.678+0000] {dagbag.py:588} INFO - Filling up the DagBag from /home/airflow/.local/lib/python3.12/site-packages/airflow/example_dags/example_workday_timetable.py
[2025-04-02T08:03:10.695+0000] {processor.py:925} INFO - DAG(s) 'example_workday_timetable' retrieved from /home/airflow/.local/lib/python3.12/site-packages/airflow/example_dags/example_workday_timetable.py
[2025-04-02T08:03:10.751+0000] {logging_mixin.py:190} INFO - [2025-04-02T08:03:10.750+0000] {dag.py:3239} INFO - Sync 1 DAGs
[2025-04-02T08:03:10.960+0000] {logging_mixin.py:190} INFO - [2025-04-02T08:03:10.959+0000] {dag.py:4180} INFO - Setting next_dagrun for example_workday_timetable to 2021-01-04 00:00:00+00:00, run_after=2021-01-05 00:00:00+00:00
[2025-04-02T08:03:11.008+0000] {processor.py:208} INFO - Processing /home/airflow/.local/lib/python3.12/site-packages/airflow/example_dags/example_workday_timetable.py took 0.354 seconds
[2025-04-02T08:03:41.532+0000] {processor.py:186} INFO - Started process (PID=7423) to work on /home/airflow/.local/lib/python3.12/site-packages/airflow/example_dags/example_workday_timetable.py
[2025-04-02T08:03:41.534+0000] {processor.py:914} INFO - Processing file /home/airflow/.local/lib/python3.12/site-packages/airflow/example_dags/example_workday_timetable.py for tasks to queue
[2025-04-02T08:03:41.539+0000] {logging_mixin.py:190} INFO - [2025-04-02T08:03:41.538+0000] {dagbag.py:588} INFO - Filling up the DagBag from /home/airflow/.local/lib/python3.12/site-packages/airflow/example_dags/example_workday_timetable.py
[2025-04-02T08:03:41.555+0000] {processor.py:925} INFO - DAG(s) 'example_workday_timetable' retrieved from /home/airflow/.local/lib/python3.12/site-packages/airflow/example_dags/example_workday_timetable.py
[2025-04-02T08:03:41.622+0000] {logging_mixin.py:190} INFO - [2025-04-02T08:03:41.621+0000] {dag.py:3239} INFO - Sync 1 DAGs
[2025-04-02T08:03:41.854+0000] {logging_mixin.py:190} INFO - [2025-04-02T08:03:41.853+0000] {dag.py:4180} INFO - Setting next_dagrun for example_workday_timetable to 2021-01-04 00:00:00+00:00, run_after=2021-01-05 00:00:00+00:00
[2025-04-02T08:03:41.897+0000] {processor.py:208} INFO - Processing /home/airflow/.local/lib/python3.12/site-packages/airflow/example_dags/example_workday_timetable.py took 0.394 seconds
[2025-04-02T08:04:12.606+0000] {processor.py:186} INFO - Started process (PID=7491) to work on /home/airflow/.local/lib/python3.12/site-packages/airflow/example_dags/example_workday_timetable.py
[2025-04-02T08:04:12.608+0000] {processor.py:914} INFO - Processing file /home/airflow/.local/lib/python3.12/site-packages/airflow/example_dags/example_workday_timetable.py for tasks to queue
[2025-04-02T08:04:12.615+0000] {logging_mixin.py:190} INFO - [2025-04-02T08:04:12.615+0000] {dagbag.py:588} INFO - Filling up the DagBag from /home/airflow/.local/lib/python3.12/site-packages/airflow/example_dags/example_workday_timetable.py
[2025-04-02T08:04:12.631+0000] {processor.py:925} INFO - DAG(s) 'example_workday_timetable' retrieved from /home/airflow/.local/lib/python3.12/site-packages/airflow/example_dags/example_workday_timetable.py
[2025-04-02T08:04:12.685+0000] {logging_mixin.py:190} INFO - [2025-04-02T08:04:12.684+0000] {dag.py:3239} INFO - Sync 1 DAGs
[2025-04-02T08:04:12.906+0000] {logging_mixin.py:190} INFO - [2025-04-02T08:04:12.906+0000] {dag.py:4180} INFO - Setting next_dagrun for example_workday_timetable to 2021-01-04 00:00:00+00:00, run_after=2021-01-05 00:00:00+00:00
[2025-04-02T08:04:12.964+0000] {processor.py:208} INFO - Processing /home/airflow/.local/lib/python3.12/site-packages/airflow/example_dags/example_workday_timetable.py took 0.378 seconds
[2025-04-02T08:04:43.314+0000] {processor.py:186} INFO - Started process (PID=7568) to work on /home/airflow/.local/lib/python3.12/site-packages/airflow/example_dags/example_workday_timetable.py
[2025-04-02T08:04:43.316+0000] {processor.py:914} INFO - Processing file /home/airflow/.local/lib/python3.12/site-packages/airflow/example_dags/example_workday_timetable.py for tasks to queue
[2025-04-02T08:04:43.323+0000] {logging_mixin.py:190} INFO - [2025-04-02T08:04:43.323+0000] {dagbag.py:588} INFO - Filling up the DagBag from /home/airflow/.local/lib/python3.12/site-packages/airflow/example_dags/example_workday_timetable.py
[2025-04-02T08:04:43.341+0000] {processor.py:925} INFO - DAG(s) 'example_workday_timetable' retrieved from /home/airflow/.local/lib/python3.12/site-packages/airflow/example_dags/example_workday_timetable.py
[2025-04-02T08:04:43.397+0000] {logging_mixin.py:190} INFO - [2025-04-02T08:04:43.396+0000] {dag.py:3239} INFO - Sync 1 DAGs
[2025-04-02T08:04:43.586+0000] {logging_mixin.py:190} INFO - [2025-04-02T08:04:43.586+0000] {dag.py:4180} INFO - Setting next_dagrun for example_workday_timetable to 2021-01-04 00:00:00+00:00, run_after=2021-01-05 00:00:00+00:00
[2025-04-02T08:04:43.631+0000] {processor.py:208} INFO - Processing /home/airflow/.local/lib/python3.12/site-packages/airflow/example_dags/example_workday_timetable.py took 0.342 seconds
[2025-04-02T08:05:14.036+0000] {processor.py:186} INFO - Started process (PID=7641) to work on /home/airflow/.local/lib/python3.12/site-packages/airflow/example_dags/example_workday_timetable.py
[2025-04-02T08:05:14.037+0000] {processor.py:914} INFO - Processing file /home/airflow/.local/lib/python3.12/site-packages/airflow/example_dags/example_workday_timetable.py for tasks to queue
[2025-04-02T08:05:14.044+0000] {logging_mixin.py:190} INFO - [2025-04-02T08:05:14.043+0000] {dagbag.py:588} INFO - Filling up the DagBag from /home/airflow/.local/lib/python3.12/site-packages/airflow/example_dags/example_workday_timetable.py
[2025-04-02T08:05:14.060+0000] {processor.py:925} INFO - DAG(s) 'example_workday_timetable' retrieved from /home/airflow/.local/lib/python3.12/site-packages/airflow/example_dags/example_workday_timetable.py
[2025-04-02T08:05:14.116+0000] {logging_mixin.py:190} INFO - [2025-04-02T08:05:14.115+0000] {dag.py:3239} INFO - Sync 1 DAGs
[2025-04-02T08:05:14.331+0000] {logging_mixin.py:190} INFO - [2025-04-02T08:05:14.331+0000] {dag.py:4180} INFO - Setting next_dagrun for example_workday_timetable to 2021-01-04 00:00:00+00:00, run_after=2021-01-05 00:00:00+00:00
[2025-04-02T08:05:14.381+0000] {processor.py:208} INFO - Processing /home/airflow/.local/lib/python3.12/site-packages/airflow/example_dags/example_workday_timetable.py took 0.366 seconds
[2025-04-02T08:05:45.030+0000] {processor.py:186} INFO - Started process (PID=7718) to work on /home/airflow/.local/lib/python3.12/site-packages/airflow/example_dags/example_workday_timetable.py
[2025-04-02T08:05:45.037+0000] {processor.py:914} INFO - Processing file /home/airflow/.local/lib/python3.12/site-packages/airflow/example_dags/example_workday_timetable.py for tasks to queue
[2025-04-02T08:05:45.045+0000] {logging_mixin.py:190} INFO - [2025-04-02T08:05:45.044+0000] {dagbag.py:588} INFO - Filling up the DagBag from /home/airflow/.local/lib/python3.12/site-packages/airflow/example_dags/example_workday_timetable.py
[2025-04-02T08:05:45.067+0000] {processor.py:925} INFO - DAG(s) 'example_workday_timetable' retrieved from /home/airflow/.local/lib/python3.12/site-packages/airflow/example_dags/example_workday_timetable.py
[2025-04-02T08:05:45.144+0000] {logging_mixin.py:190} INFO - [2025-04-02T08:05:45.143+0000] {dag.py:3239} INFO - Sync 1 DAGs
[2025-04-02T08:05:45.369+0000] {logging_mixin.py:190} INFO - [2025-04-02T08:05:45.369+0000] {dag.py:4180} INFO - Setting next_dagrun for example_workday_timetable to 2021-01-04 00:00:00+00:00, run_after=2021-01-05 00:00:00+00:00
[2025-04-02T08:05:45.419+0000] {processor.py:208} INFO - Processing /home/airflow/.local/lib/python3.12/site-packages/airflow/example_dags/example_workday_timetable.py took 0.414 seconds
[2025-04-02T08:06:33.395+0000] {processor.py:186} INFO - Started process (PID=7790) to work on /home/airflow/.local/lib/python3.12/site-packages/airflow/example_dags/example_workday_timetable.py
[2025-04-02T08:06:33.398+0000] {processor.py:914} INFO - Processing file /home/airflow/.local/lib/python3.12/site-packages/airflow/example_dags/example_workday_timetable.py for tasks to queue
[2025-04-02T08:06:33.423+0000] {logging_mixin.py:190} INFO - [2025-04-02T08:06:33.415+0000] {dagbag.py:588} INFO - Filling up the DagBag from /home/airflow/.local/lib/python3.12/site-packages/airflow/example_dags/example_workday_timetable.py
[2025-04-02T08:06:33.475+0000] {processor.py:925} INFO - DAG(s) 'example_workday_timetable' retrieved from /home/airflow/.local/lib/python3.12/site-packages/airflow/example_dags/example_workday_timetable.py
[2025-04-02T08:06:33.592+0000] {logging_mixin.py:190} INFO - [2025-04-02T08:06:33.591+0000] {dag.py:3239} INFO - Sync 1 DAGs
[2025-04-02T08:06:33.913+0000] {logging_mixin.py:190} INFO - [2025-04-02T08:06:33.913+0000] {dag.py:4180} INFO - Setting next_dagrun for example_workday_timetable to 2021-01-04 00:00:00+00:00, run_after=2021-01-05 00:00:00+00:00
[2025-04-02T08:06:33.994+0000] {processor.py:208} INFO - Processing /home/airflow/.local/lib/python3.12/site-packages/airflow/example_dags/example_workday_timetable.py took 0.646 seconds
[2025-04-02T08:07:04.441+0000] {processor.py:186} INFO - Started process (PID=7854) to work on /home/airflow/.local/lib/python3.12/site-packages/airflow/example_dags/example_workday_timetable.py
[2025-04-02T08:07:04.443+0000] {processor.py:914} INFO - Processing file /home/airflow/.local/lib/python3.12/site-packages/airflow/example_dags/example_workday_timetable.py for tasks to queue
[2025-04-02T08:07:04.451+0000] {logging_mixin.py:190} INFO - [2025-04-02T08:07:04.450+0000] {dagbag.py:588} INFO - Filling up the DagBag from /home/airflow/.local/lib/python3.12/site-packages/airflow/example_dags/example_workday_timetable.py
[2025-04-02T08:07:04.471+0000] {processor.py:925} INFO - DAG(s) 'example_workday_timetable' retrieved from /home/airflow/.local/lib/python3.12/site-packages/airflow/example_dags/example_workday_timetable.py
[2025-04-02T08:07:04.532+0000] {logging_mixin.py:190} INFO - [2025-04-02T08:07:04.530+0000] {dag.py:3239} INFO - Sync 1 DAGs
[2025-04-02T08:07:04.783+0000] {logging_mixin.py:190} INFO - [2025-04-02T08:07:04.783+0000] {dag.py:4180} INFO - Setting next_dagrun for example_workday_timetable to 2021-01-04 00:00:00+00:00, run_after=2021-01-05 00:00:00+00:00
[2025-04-02T08:07:04.852+0000] {processor.py:208} INFO - Processing /home/airflow/.local/lib/python3.12/site-packages/airflow/example_dags/example_workday_timetable.py took 0.433 seconds
[2025-04-02T08:07:35.352+0000] {processor.py:186} INFO - Started process (PID=7942) to work on /home/airflow/.local/lib/python3.12/site-packages/airflow/example_dags/example_workday_timetable.py
[2025-04-02T08:07:35.357+0000] {processor.py:914} INFO - Processing file /home/airflow/.local/lib/python3.12/site-packages/airflow/example_dags/example_workday_timetable.py for tasks to queue
[2025-04-02T08:07:35.366+0000] {logging_mixin.py:190} INFO - [2025-04-02T08:07:35.364+0000] {dagbag.py:588} INFO - Filling up the DagBag from /home/airflow/.local/lib/python3.12/site-packages/airflow/example_dags/example_workday_timetable.py
[2025-04-02T08:07:35.386+0000] {processor.py:925} INFO - DAG(s) 'example_workday_timetable' retrieved from /home/airflow/.local/lib/python3.12/site-packages/airflow/example_dags/example_workday_timetable.py
[2025-04-02T08:07:35.444+0000] {logging_mixin.py:190} INFO - [2025-04-02T08:07:35.443+0000] {dag.py:3239} INFO - Sync 1 DAGs
[2025-04-02T08:07:35.658+0000] {logging_mixin.py:190} INFO - [2025-04-02T08:07:35.658+0000] {dag.py:4180} INFO - Setting next_dagrun for example_workday_timetable to 2021-01-04 00:00:00+00:00, run_after=2021-01-05 00:00:00+00:00
[2025-04-02T08:07:35.720+0000] {processor.py:208} INFO - Processing /home/airflow/.local/lib/python3.12/site-packages/airflow/example_dags/example_workday_timetable.py took 0.389 seconds
[2025-04-02T08:08:05.909+0000] {processor.py:186} INFO - Started process (PID=8006) to work on /home/airflow/.local/lib/python3.12/site-packages/airflow/example_dags/example_workday_timetable.py
[2025-04-02T08:08:05.916+0000] {processor.py:914} INFO - Processing file /home/airflow/.local/lib/python3.12/site-packages/airflow/example_dags/example_workday_timetable.py for tasks to queue
[2025-04-02T08:08:05.927+0000] {logging_mixin.py:190} INFO - [2025-04-02T08:08:05.926+0000] {dagbag.py:588} INFO - Filling up the DagBag from /home/airflow/.local/lib/python3.12/site-packages/airflow/example_dags/example_workday_timetable.py
[2025-04-02T08:08:05.958+0000] {processor.py:925} INFO - DAG(s) 'example_workday_timetable' retrieved from /home/airflow/.local/lib/python3.12/site-packages/airflow/example_dags/example_workday_timetable.py
[2025-04-02T08:08:06.037+0000] {logging_mixin.py:190} INFO - [2025-04-02T08:08:06.036+0000] {dag.py:3239} INFO - Sync 1 DAGs
[2025-04-02T08:08:06.313+0000] {logging_mixin.py:190} INFO - [2025-04-02T08:08:06.313+0000] {dag.py:4180} INFO - Setting next_dagrun for example_workday_timetable to 2021-01-04 00:00:00+00:00, run_after=2021-01-05 00:00:00+00:00
[2025-04-02T08:08:06.380+0000] {processor.py:208} INFO - Processing /home/airflow/.local/lib/python3.12/site-packages/airflow/example_dags/example_workday_timetable.py took 0.502 seconds
[2025-04-02T08:08:37.206+0000] {processor.py:186} INFO - Started process (PID=8073) to work on /home/airflow/.local/lib/python3.12/site-packages/airflow/example_dags/example_workday_timetable.py
[2025-04-02T08:08:37.209+0000] {processor.py:914} INFO - Processing file /home/airflow/.local/lib/python3.12/site-packages/airflow/example_dags/example_workday_timetable.py for tasks to queue
[2025-04-02T08:08:37.217+0000] {logging_mixin.py:190} INFO - [2025-04-02T08:08:37.216+0000] {dagbag.py:588} INFO - Filling up the DagBag from /home/airflow/.local/lib/python3.12/site-packages/airflow/example_dags/example_workday_timetable.py
[2025-04-02T08:08:37.240+0000] {processor.py:925} INFO - DAG(s) 'example_workday_timetable' retrieved from /home/airflow/.local/lib/python3.12/site-packages/airflow/example_dags/example_workday_timetable.py
[2025-04-02T08:08:37.326+0000] {logging_mixin.py:190} INFO - [2025-04-02T08:08:37.325+0000] {dag.py:3239} INFO - Sync 1 DAGs
[2025-04-02T08:08:37.579+0000] {logging_mixin.py:190} INFO - [2025-04-02T08:08:37.578+0000] {dag.py:4180} INFO - Setting next_dagrun for example_workday_timetable to 2021-01-04 00:00:00+00:00, run_after=2021-01-05 00:00:00+00:00
[2025-04-02T08:08:37.656+0000] {processor.py:208} INFO - Processing /home/airflow/.local/lib/python3.12/site-packages/airflow/example_dags/example_workday_timetable.py took 0.478 seconds
[2025-04-02T08:09:09.138+0000] {processor.py:186} INFO - Started process (PID=8148) to work on /home/airflow/.local/lib/python3.12/site-packages/airflow/example_dags/example_workday_timetable.py
[2025-04-02T08:09:09.161+0000] {processor.py:914} INFO - Processing file /home/airflow/.local/lib/python3.12/site-packages/airflow/example_dags/example_workday_timetable.py for tasks to queue
[2025-04-02T08:09:09.194+0000] {logging_mixin.py:190} INFO - [2025-04-02T08:09:09.186+0000] {dagbag.py:588} INFO - Filling up the DagBag from /home/airflow/.local/lib/python3.12/site-packages/airflow/example_dags/example_workday_timetable.py
[2025-04-02T08:09:09.293+0000] {processor.py:925} INFO - DAG(s) 'example_workday_timetable' retrieved from /home/airflow/.local/lib/python3.12/site-packages/airflow/example_dags/example_workday_timetable.py
[2025-04-02T08:09:09.518+0000] {logging_mixin.py:190} INFO - [2025-04-02T08:09:09.506+0000] {dag.py:3239} INFO - Sync 1 DAGs
[2025-04-02T08:09:10.343+0000] {logging_mixin.py:190} INFO - [2025-04-02T08:09:10.342+0000] {dag.py:4180} INFO - Setting next_dagrun for example_workday_timetable to 2021-01-04 00:00:00+00:00, run_after=2021-01-05 00:00:00+00:00
[2025-04-02T08:09:10.510+0000] {processor.py:208} INFO - Processing /home/airflow/.local/lib/python3.12/site-packages/airflow/example_dags/example_workday_timetable.py took 1.435 seconds
[2025-04-02T08:09:40.746+0000] {processor.py:186} INFO - Started process (PID=8220) to work on /home/airflow/.local/lib/python3.12/site-packages/airflow/example_dags/example_workday_timetable.py
[2025-04-02T08:09:40.749+0000] {processor.py:914} INFO - Processing file /home/airflow/.local/lib/python3.12/site-packages/airflow/example_dags/example_workday_timetable.py for tasks to queue
[2025-04-02T08:09:40.757+0000] {logging_mixin.py:190} INFO - [2025-04-02T08:09:40.756+0000] {dagbag.py:588} INFO - Filling up the DagBag from /home/airflow/.local/lib/python3.12/site-packages/airflow/example_dags/example_workday_timetable.py
[2025-04-02T08:09:40.779+0000] {processor.py:925} INFO - DAG(s) 'example_workday_timetable' retrieved from /home/airflow/.local/lib/python3.12/site-packages/airflow/example_dags/example_workday_timetable.py
[2025-04-02T08:09:40.839+0000] {logging_mixin.py:190} INFO - [2025-04-02T08:09:40.838+0000] {dag.py:3239} INFO - Sync 1 DAGs
[2025-04-02T08:09:41.027+0000] {logging_mixin.py:190} INFO - [2025-04-02T08:09:41.026+0000] {dag.py:4180} INFO - Setting next_dagrun for example_workday_timetable to 2021-01-04 00:00:00+00:00, run_after=2021-01-05 00:00:00+00:00
[2025-04-02T08:09:41.073+0000] {processor.py:208} INFO - Processing /home/airflow/.local/lib/python3.12/site-packages/airflow/example_dags/example_workday_timetable.py took 0.346 seconds
[2025-04-02T08:10:11.300+0000] {processor.py:186} INFO - Started process (PID=8294) to work on /home/airflow/.local/lib/python3.12/site-packages/airflow/example_dags/example_workday_timetable.py
[2025-04-02T08:10:11.305+0000] {processor.py:914} INFO - Processing file /home/airflow/.local/lib/python3.12/site-packages/airflow/example_dags/example_workday_timetable.py for tasks to queue
[2025-04-02T08:10:11.314+0000] {logging_mixin.py:190} INFO - [2025-04-02T08:10:11.314+0000] {dagbag.py:588} INFO - Filling up the DagBag from /home/airflow/.local/lib/python3.12/site-packages/airflow/example_dags/example_workday_timetable.py
[2025-04-02T08:10:11.336+0000] {processor.py:925} INFO - DAG(s) 'example_workday_timetable' retrieved from /home/airflow/.local/lib/python3.12/site-packages/airflow/example_dags/example_workday_timetable.py
[2025-04-02T08:10:11.432+0000] {logging_mixin.py:190} INFO - [2025-04-02T08:10:11.431+0000] {dag.py:3239} INFO - Sync 1 DAGs
[2025-04-02T08:10:11.787+0000] {logging_mixin.py:190} INFO - [2025-04-02T08:10:11.786+0000] {dag.py:4180} INFO - Setting next_dagrun for example_workday_timetable to 2021-01-04 00:00:00+00:00, run_after=2021-01-05 00:00:00+00:00
[2025-04-02T08:10:11.878+0000] {processor.py:208} INFO - Processing /home/airflow/.local/lib/python3.12/site-packages/airflow/example_dags/example_workday_timetable.py took 0.611 seconds
[2025-04-02T08:10:42.385+0000] {processor.py:186} INFO - Started process (PID=8362) to work on /home/airflow/.local/lib/python3.12/site-packages/airflow/example_dags/example_workday_timetable.py
[2025-04-02T08:10:42.389+0000] {processor.py:914} INFO - Processing file /home/airflow/.local/lib/python3.12/site-packages/airflow/example_dags/example_workday_timetable.py for tasks to queue
[2025-04-02T08:10:42.395+0000] {logging_mixin.py:190} INFO - [2025-04-02T08:10:42.394+0000] {dagbag.py:588} INFO - Filling up the DagBag from /home/airflow/.local/lib/python3.12/site-packages/airflow/example_dags/example_workday_timetable.py
[2025-04-02T08:10:42.409+0000] {processor.py:925} INFO - DAG(s) 'example_workday_timetable' retrieved from /home/airflow/.local/lib/python3.12/site-packages/airflow/example_dags/example_workday_timetable.py
[2025-04-02T08:10:42.464+0000] {logging_mixin.py:190} INFO - [2025-04-02T08:10:42.463+0000] {dag.py:3239} INFO - Sync 1 DAGs
[2025-04-02T08:10:42.635+0000] {logging_mixin.py:190} INFO - [2025-04-02T08:10:42.634+0000] {dag.py:4180} INFO - Setting next_dagrun for example_workday_timetable to 2021-01-04 00:00:00+00:00, run_after=2021-01-05 00:00:00+00:00
[2025-04-02T08:10:42.691+0000] {processor.py:208} INFO - Processing /home/airflow/.local/lib/python3.12/site-packages/airflow/example_dags/example_workday_timetable.py took 0.322 seconds
[2025-04-02T08:11:12.772+0000] {processor.py:186} INFO - Started process (PID=8426) to work on /home/airflow/.local/lib/python3.12/site-packages/airflow/example_dags/example_workday_timetable.py
[2025-04-02T08:11:12.774+0000] {processor.py:914} INFO - Processing file /home/airflow/.local/lib/python3.12/site-packages/airflow/example_dags/example_workday_timetable.py for tasks to queue
[2025-04-02T08:11:12.779+0000] {logging_mixin.py:190} INFO - [2025-04-02T08:11:12.778+0000] {dagbag.py:588} INFO - Filling up the DagBag from /home/airflow/.local/lib/python3.12/site-packages/airflow/example_dags/example_workday_timetable.py
[2025-04-02T08:11:12.793+0000] {processor.py:925} INFO - DAG(s) 'example_workday_timetable' retrieved from /home/airflow/.local/lib/python3.12/site-packages/airflow/example_dags/example_workday_timetable.py
[2025-04-02T08:11:12.836+0000] {logging_mixin.py:190} INFO - [2025-04-02T08:11:12.835+0000] {dag.py:3239} INFO - Sync 1 DAGs
[2025-04-02T08:11:12.988+0000] {logging_mixin.py:190} INFO - [2025-04-02T08:11:12.988+0000] {dag.py:4180} INFO - Setting next_dagrun for example_workday_timetable to 2021-01-04 00:00:00+00:00, run_after=2021-01-05 00:00:00+00:00
[2025-04-02T08:11:13.024+0000] {processor.py:208} INFO - Processing /home/airflow/.local/lib/python3.12/site-packages/airflow/example_dags/example_workday_timetable.py took 0.266 seconds
[2025-04-02T08:11:43.228+0000] {processor.py:186} INFO - Started process (PID=8490) to work on /home/airflow/.local/lib/python3.12/site-packages/airflow/example_dags/example_workday_timetable.py
[2025-04-02T08:11:43.229+0000] {processor.py:914} INFO - Processing file /home/airflow/.local/lib/python3.12/site-packages/airflow/example_dags/example_workday_timetable.py for tasks to queue
[2025-04-02T08:11:43.234+0000] {logging_mixin.py:190} INFO - [2025-04-02T08:11:43.233+0000] {dagbag.py:588} INFO - Filling up the DagBag from /home/airflow/.local/lib/python3.12/site-packages/airflow/example_dags/example_workday_timetable.py
[2025-04-02T08:11:43.244+0000] {processor.py:925} INFO - DAG(s) 'example_workday_timetable' retrieved from /home/airflow/.local/lib/python3.12/site-packages/airflow/example_dags/example_workday_timetable.py
[2025-04-02T08:11:43.282+0000] {logging_mixin.py:190} INFO - [2025-04-02T08:11:43.281+0000] {dag.py:3239} INFO - Sync 1 DAGs
[2025-04-02T08:11:43.401+0000] {logging_mixin.py:190} INFO - [2025-04-02T08:11:43.401+0000] {dag.py:4180} INFO - Setting next_dagrun for example_workday_timetable to 2021-01-04 00:00:00+00:00, run_after=2021-01-05 00:00:00+00:00
[2025-04-02T08:11:43.431+0000] {processor.py:208} INFO - Processing /home/airflow/.local/lib/python3.12/site-packages/airflow/example_dags/example_workday_timetable.py took 0.214 seconds
[2025-04-02T08:12:13.603+0000] {processor.py:186} INFO - Started process (PID=8555) to work on /home/airflow/.local/lib/python3.12/site-packages/airflow/example_dags/example_workday_timetable.py
[2025-04-02T08:12:13.605+0000] {processor.py:914} INFO - Processing file /home/airflow/.local/lib/python3.12/site-packages/airflow/example_dags/example_workday_timetable.py for tasks to queue
[2025-04-02T08:12:13.609+0000] {logging_mixin.py:190} INFO - [2025-04-02T08:12:13.608+0000] {dagbag.py:588} INFO - Filling up the DagBag from /home/airflow/.local/lib/python3.12/site-packages/airflow/example_dags/example_workday_timetable.py
[2025-04-02T08:12:13.619+0000] {processor.py:925} INFO - DAG(s) 'example_workday_timetable' retrieved from /home/airflow/.local/lib/python3.12/site-packages/airflow/example_dags/example_workday_timetable.py
[2025-04-02T08:12:13.656+0000] {logging_mixin.py:190} INFO - [2025-04-02T08:12:13.655+0000] {dag.py:3239} INFO - Sync 1 DAGs
[2025-04-02T08:12:13.763+0000] {logging_mixin.py:190} INFO - [2025-04-02T08:12:13.762+0000] {dag.py:4180} INFO - Setting next_dagrun for example_workday_timetable to 2021-01-04 00:00:00+00:00, run_after=2021-01-05 00:00:00+00:00
[2025-04-02T08:12:13.792+0000] {processor.py:208} INFO - Processing /home/airflow/.local/lib/python3.12/site-packages/airflow/example_dags/example_workday_timetable.py took 0.201 seconds
[2025-04-02T08:12:44.163+0000] {processor.py:186} INFO - Started process (PID=8618) to work on /home/airflow/.local/lib/python3.12/site-packages/airflow/example_dags/example_workday_timetable.py
[2025-04-02T08:12:44.164+0000] {processor.py:914} INFO - Processing file /home/airflow/.local/lib/python3.12/site-packages/airflow/example_dags/example_workday_timetable.py for tasks to queue
[2025-04-02T08:12:44.169+0000] {logging_mixin.py:190} INFO - [2025-04-02T08:12:44.168+0000] {dagbag.py:588} INFO - Filling up the DagBag from /home/airflow/.local/lib/python3.12/site-packages/airflow/example_dags/example_workday_timetable.py
[2025-04-02T08:12:44.182+0000] {processor.py:925} INFO - DAG(s) 'example_workday_timetable' retrieved from /home/airflow/.local/lib/python3.12/site-packages/airflow/example_dags/example_workday_timetable.py
[2025-04-02T08:12:44.220+0000] {logging_mixin.py:190} INFO - [2025-04-02T08:12:44.219+0000] {dag.py:3239} INFO - Sync 1 DAGs
[2025-04-02T08:12:44.332+0000] {logging_mixin.py:190} INFO - [2025-04-02T08:12:44.332+0000] {dag.py:4180} INFO - Setting next_dagrun for example_workday_timetable to 2021-01-04 00:00:00+00:00, run_after=2021-01-05 00:00:00+00:00
[2025-04-02T08:12:44.360+0000] {processor.py:208} INFO - Processing /home/airflow/.local/lib/python3.12/site-packages/airflow/example_dags/example_workday_timetable.py took 0.208 seconds
[2025-04-02T08:13:14.584+0000] {processor.py:186} INFO - Started process (PID=8682) to work on /home/airflow/.local/lib/python3.12/site-packages/airflow/example_dags/example_workday_timetable.py
[2025-04-02T08:13:14.586+0000] {processor.py:914} INFO - Processing file /home/airflow/.local/lib/python3.12/site-packages/airflow/example_dags/example_workday_timetable.py for tasks to queue
[2025-04-02T08:13:14.590+0000] {logging_mixin.py:190} INFO - [2025-04-02T08:13:14.590+0000] {dagbag.py:588} INFO - Filling up the DagBag from /home/airflow/.local/lib/python3.12/site-packages/airflow/example_dags/example_workday_timetable.py
[2025-04-02T08:13:14.601+0000] {processor.py:925} INFO - DAG(s) 'example_workday_timetable' retrieved from /home/airflow/.local/lib/python3.12/site-packages/airflow/example_dags/example_workday_timetable.py
[2025-04-02T08:13:14.635+0000] {logging_mixin.py:190} INFO - [2025-04-02T08:13:14.634+0000] {dag.py:3239} INFO - Sync 1 DAGs
[2025-04-02T08:13:14.752+0000] {logging_mixin.py:190} INFO - [2025-04-02T08:13:14.751+0000] {dag.py:4180} INFO - Setting next_dagrun for example_workday_timetable to 2021-01-04 00:00:00+00:00, run_after=2021-01-05 00:00:00+00:00
[2025-04-02T08:13:14.780+0000] {processor.py:208} INFO - Processing /home/airflow/.local/lib/python3.12/site-packages/airflow/example_dags/example_workday_timetable.py took 0.207 seconds
[2025-04-02T08:13:45.980+0000] {processor.py:186} INFO - Started process (PID=8746) to work on /home/airflow/.local/lib/python3.12/site-packages/airflow/example_dags/example_workday_timetable.py
[2025-04-02T08:13:45.982+0000] {processor.py:914} INFO - Processing file /home/airflow/.local/lib/python3.12/site-packages/airflow/example_dags/example_workday_timetable.py for tasks to queue
[2025-04-02T08:13:45.987+0000] {logging_mixin.py:190} INFO - [2025-04-02T08:13:45.986+0000] {dagbag.py:588} INFO - Filling up the DagBag from /home/airflow/.local/lib/python3.12/site-packages/airflow/example_dags/example_workday_timetable.py
[2025-04-02T08:13:45.998+0000] {processor.py:925} INFO - DAG(s) 'example_workday_timetable' retrieved from /home/airflow/.local/lib/python3.12/site-packages/airflow/example_dags/example_workday_timetable.py
[2025-04-02T08:13:46.031+0000] {logging_mixin.py:190} INFO - [2025-04-02T08:13:46.030+0000] {dag.py:3239} INFO - Sync 1 DAGs
[2025-04-02T08:13:46.165+0000] {logging_mixin.py:190} INFO - [2025-04-02T08:13:46.164+0000] {dag.py:4180} INFO - Setting next_dagrun for example_workday_timetable to 2021-01-04 00:00:00+00:00, run_after=2021-01-05 00:00:00+00:00
[2025-04-02T08:13:46.195+0000] {processor.py:208} INFO - Processing /home/airflow/.local/lib/python3.12/site-packages/airflow/example_dags/example_workday_timetable.py took 0.226 seconds
[2025-04-02T08:14:16.955+0000] {processor.py:186} INFO - Started process (PID=8810) to work on /home/airflow/.local/lib/python3.12/site-packages/airflow/example_dags/example_workday_timetable.py
[2025-04-02T08:14:16.957+0000] {processor.py:914} INFO - Processing file /home/airflow/.local/lib/python3.12/site-packages/airflow/example_dags/example_workday_timetable.py for tasks to queue
[2025-04-02T08:14:16.962+0000] {logging_mixin.py:190} INFO - [2025-04-02T08:14:16.961+0000] {dagbag.py:588} INFO - Filling up the DagBag from /home/airflow/.local/lib/python3.12/site-packages/airflow/example_dags/example_workday_timetable.py
[2025-04-02T08:14:16.975+0000] {processor.py:925} INFO - DAG(s) 'example_workday_timetable' retrieved from /home/airflow/.local/lib/python3.12/site-packages/airflow/example_dags/example_workday_timetable.py
[2025-04-02T08:14:17.010+0000] {logging_mixin.py:190} INFO - [2025-04-02T08:14:17.009+0000] {dag.py:3239} INFO - Sync 1 DAGs
[2025-04-02T08:14:17.137+0000] {logging_mixin.py:190} INFO - [2025-04-02T08:14:17.137+0000] {dag.py:4180} INFO - Setting next_dagrun for example_workday_timetable to 2021-01-04 00:00:00+00:00, run_after=2021-01-05 00:00:00+00:00
[2025-04-02T08:14:17.168+0000] {processor.py:208} INFO - Processing /home/airflow/.local/lib/python3.12/site-packages/airflow/example_dags/example_workday_timetable.py took 0.226 seconds
[2025-04-02T08:14:47.422+0000] {processor.py:186} INFO - Started process (PID=8874) to work on /home/airflow/.local/lib/python3.12/site-packages/airflow/example_dags/example_workday_timetable.py
[2025-04-02T08:14:47.424+0000] {processor.py:914} INFO - Processing file /home/airflow/.local/lib/python3.12/site-packages/airflow/example_dags/example_workday_timetable.py for tasks to queue
[2025-04-02T08:14:47.429+0000] {logging_mixin.py:190} INFO - [2025-04-02T08:14:47.428+0000] {dagbag.py:588} INFO - Filling up the DagBag from /home/airflow/.local/lib/python3.12/site-packages/airflow/example_dags/example_workday_timetable.py
[2025-04-02T08:14:47.441+0000] {processor.py:925} INFO - DAG(s) 'example_workday_timetable' retrieved from /home/airflow/.local/lib/python3.12/site-packages/airflow/example_dags/example_workday_timetable.py
[2025-04-02T08:14:47.473+0000] {logging_mixin.py:190} INFO - [2025-04-02T08:14:47.472+0000] {dag.py:3239} INFO - Sync 1 DAGs
[2025-04-02T08:14:47.589+0000] {logging_mixin.py:190} INFO - [2025-04-02T08:14:47.589+0000] {dag.py:4180} INFO - Setting next_dagrun for example_workday_timetable to 2021-01-04 00:00:00+00:00, run_after=2021-01-05 00:00:00+00:00
[2025-04-02T08:14:47.618+0000] {processor.py:208} INFO - Processing /home/airflow/.local/lib/python3.12/site-packages/airflow/example_dags/example_workday_timetable.py took 0.210 seconds
[2025-04-02T08:15:18.097+0000] {processor.py:186} INFO - Started process (PID=8938) to work on /home/airflow/.local/lib/python3.12/site-packages/airflow/example_dags/example_workday_timetable.py
[2025-04-02T08:15:18.099+0000] {processor.py:914} INFO - Processing file /home/airflow/.local/lib/python3.12/site-packages/airflow/example_dags/example_workday_timetable.py for tasks to queue
[2025-04-02T08:15:18.103+0000] {logging_mixin.py:190} INFO - [2025-04-02T08:15:18.103+0000] {dagbag.py:588} INFO - Filling up the DagBag from /home/airflow/.local/lib/python3.12/site-packages/airflow/example_dags/example_workday_timetable.py
[2025-04-02T08:15:18.114+0000] {processor.py:925} INFO - DAG(s) 'example_workday_timetable' retrieved from /home/airflow/.local/lib/python3.12/site-packages/airflow/example_dags/example_workday_timetable.py
[2025-04-02T08:15:18.152+0000] {logging_mixin.py:190} INFO - [2025-04-02T08:15:18.151+0000] {dag.py:3239} INFO - Sync 1 DAGs
[2025-04-02T08:15:18.259+0000] {logging_mixin.py:190} INFO - [2025-04-02T08:15:18.259+0000] {dag.py:4180} INFO - Setting next_dagrun for example_workday_timetable to 2021-01-04 00:00:00+00:00, run_after=2021-01-05 00:00:00+00:00
[2025-04-02T08:15:18.288+0000] {processor.py:208} INFO - Processing /home/airflow/.local/lib/python3.12/site-packages/airflow/example_dags/example_workday_timetable.py took 0.202 seconds
[2025-04-02T08:15:48.752+0000] {processor.py:186} INFO - Started process (PID=9002) to work on /home/airflow/.local/lib/python3.12/site-packages/airflow/example_dags/example_workday_timetable.py
[2025-04-02T08:15:48.755+0000] {processor.py:914} INFO - Processing file /home/airflow/.local/lib/python3.12/site-packages/airflow/example_dags/example_workday_timetable.py for tasks to queue
[2025-04-02T08:15:48.761+0000] {logging_mixin.py:190} INFO - [2025-04-02T08:15:48.760+0000] {dagbag.py:588} INFO - Filling up the DagBag from /home/airflow/.local/lib/python3.12/site-packages/airflow/example_dags/example_workday_timetable.py
[2025-04-02T08:15:48.776+0000] {processor.py:925} INFO - DAG(s) 'example_workday_timetable' retrieved from /home/airflow/.local/lib/python3.12/site-packages/airflow/example_dags/example_workday_timetable.py
[2025-04-02T08:15:48.823+0000] {logging_mixin.py:190} INFO - [2025-04-02T08:15:48.821+0000] {dag.py:3239} INFO - Sync 1 DAGs
[2025-04-02T08:15:48.992+0000] {logging_mixin.py:190} INFO - [2025-04-02T08:15:48.992+0000] {dag.py:4180} INFO - Setting next_dagrun for example_workday_timetable to 2021-01-04 00:00:00+00:00, run_after=2021-01-05 00:00:00+00:00
[2025-04-02T08:15:49.033+0000] {processor.py:208} INFO - Processing /home/airflow/.local/lib/python3.12/site-packages/airflow/example_dags/example_workday_timetable.py took 0.297 seconds
[2025-04-02T08:16:19.503+0000] {processor.py:186} INFO - Started process (PID=9066) to work on /home/airflow/.local/lib/python3.12/site-packages/airflow/example_dags/example_workday_timetable.py
[2025-04-02T08:16:19.506+0000] {processor.py:914} INFO - Processing file /home/airflow/.local/lib/python3.12/site-packages/airflow/example_dags/example_workday_timetable.py for tasks to queue
[2025-04-02T08:16:19.514+0000] {logging_mixin.py:190} INFO - [2025-04-02T08:16:19.513+0000] {dagbag.py:588} INFO - Filling up the DagBag from /home/airflow/.local/lib/python3.12/site-packages/airflow/example_dags/example_workday_timetable.py
[2025-04-02T08:16:19.530+0000] {processor.py:925} INFO - DAG(s) 'example_workday_timetable' retrieved from /home/airflow/.local/lib/python3.12/site-packages/airflow/example_dags/example_workday_timetable.py
[2025-04-02T08:16:19.578+0000] {logging_mixin.py:190} INFO - [2025-04-02T08:16:19.577+0000] {dag.py:3239} INFO - Sync 1 DAGs
[2025-04-02T08:16:19.726+0000] {logging_mixin.py:190} INFO - [2025-04-02T08:16:19.725+0000] {dag.py:4180} INFO - Setting next_dagrun for example_workday_timetable to 2021-01-04 00:00:00+00:00, run_after=2021-01-05 00:00:00+00:00
[2025-04-02T08:16:19.756+0000] {processor.py:208} INFO - Processing /home/airflow/.local/lib/python3.12/site-packages/airflow/example_dags/example_workday_timetable.py took 0.265 seconds
[2025-04-02T08:16:50.559+0000] {processor.py:186} INFO - Started process (PID=9130) to work on /home/airflow/.local/lib/python3.12/site-packages/airflow/example_dags/example_workday_timetable.py
[2025-04-02T08:16:50.562+0000] {processor.py:914} INFO - Processing file /home/airflow/.local/lib/python3.12/site-packages/airflow/example_dags/example_workday_timetable.py for tasks to queue
[2025-04-02T08:16:50.568+0000] {logging_mixin.py:190} INFO - [2025-04-02T08:16:50.567+0000] {dagbag.py:588} INFO - Filling up the DagBag from /home/airflow/.local/lib/python3.12/site-packages/airflow/example_dags/example_workday_timetable.py
[2025-04-02T08:16:50.582+0000] {processor.py:925} INFO - DAG(s) 'example_workday_timetable' retrieved from /home/airflow/.local/lib/python3.12/site-packages/airflow/example_dags/example_workday_timetable.py
[2025-04-02T08:16:50.629+0000] {logging_mixin.py:190} INFO - [2025-04-02T08:16:50.628+0000] {dag.py:3239} INFO - Sync 1 DAGs
[2025-04-02T08:16:50.800+0000] {logging_mixin.py:190} INFO - [2025-04-02T08:16:50.800+0000] {dag.py:4180} INFO - Setting next_dagrun for example_workday_timetable to 2021-01-04 00:00:00+00:00, run_after=2021-01-05 00:00:00+00:00
[2025-04-02T08:16:50.839+0000] {processor.py:208} INFO - Processing /home/airflow/.local/lib/python3.12/site-packages/airflow/example_dags/example_workday_timetable.py took 0.296 seconds
[2025-04-02T08:17:21.306+0000] {processor.py:186} INFO - Started process (PID=9194) to work on /home/airflow/.local/lib/python3.12/site-packages/airflow/example_dags/example_workday_timetable.py
[2025-04-02T08:17:21.308+0000] {processor.py:914} INFO - Processing file /home/airflow/.local/lib/python3.12/site-packages/airflow/example_dags/example_workday_timetable.py for tasks to queue
[2025-04-02T08:17:21.313+0000] {logging_mixin.py:190} INFO - [2025-04-02T08:17:21.312+0000] {dagbag.py:588} INFO - Filling up the DagBag from /home/airflow/.local/lib/python3.12/site-packages/airflow/example_dags/example_workday_timetable.py
[2025-04-02T08:17:21.323+0000] {processor.py:925} INFO - DAG(s) 'example_workday_timetable' retrieved from /home/airflow/.local/lib/python3.12/site-packages/airflow/example_dags/example_workday_timetable.py
[2025-04-02T08:17:21.358+0000] {logging_mixin.py:190} INFO - [2025-04-02T08:17:21.357+0000] {dag.py:3239} INFO - Sync 1 DAGs
[2025-04-02T08:17:21.476+0000] {logging_mixin.py:190} INFO - [2025-04-02T08:17:21.476+0000] {dag.py:4180} INFO - Setting next_dagrun for example_workday_timetable to 2021-01-04 00:00:00+00:00, run_after=2021-01-05 00:00:00+00:00
[2025-04-02T08:17:21.504+0000] {processor.py:208} INFO - Processing /home/airflow/.local/lib/python3.12/site-packages/airflow/example_dags/example_workday_timetable.py took 0.209 seconds
[2025-04-02T08:17:51.705+0000] {processor.py:186} INFO - Started process (PID=9258) to work on /home/airflow/.local/lib/python3.12/site-packages/airflow/example_dags/example_workday_timetable.py
[2025-04-02T08:17:51.707+0000] {processor.py:914} INFO - Processing file /home/airflow/.local/lib/python3.12/site-packages/airflow/example_dags/example_workday_timetable.py for tasks to queue
[2025-04-02T08:17:51.711+0000] {logging_mixin.py:190} INFO - [2025-04-02T08:17:51.711+0000] {dagbag.py:588} INFO - Filling up the DagBag from /home/airflow/.local/lib/python3.12/site-packages/airflow/example_dags/example_workday_timetable.py
[2025-04-02T08:17:51.722+0000] {processor.py:925} INFO - DAG(s) 'example_workday_timetable' retrieved from /home/airflow/.local/lib/python3.12/site-packages/airflow/example_dags/example_workday_timetable.py
[2025-04-02T08:17:51.756+0000] {logging_mixin.py:190} INFO - [2025-04-02T08:17:51.756+0000] {dag.py:3239} INFO - Sync 1 DAGs
[2025-04-02T08:17:51.859+0000] {logging_mixin.py:190} INFO - [2025-04-02T08:17:51.859+0000] {dag.py:4180} INFO - Setting next_dagrun for example_workday_timetable to 2021-01-04 00:00:00+00:00, run_after=2021-01-05 00:00:00+00:00
[2025-04-02T08:17:51.887+0000] {processor.py:208} INFO - Processing /home/airflow/.local/lib/python3.12/site-packages/airflow/example_dags/example_workday_timetable.py took 0.193 seconds
[2025-04-02T08:18:22.386+0000] {processor.py:186} INFO - Started process (PID=9322) to work on /home/airflow/.local/lib/python3.12/site-packages/airflow/example_dags/example_workday_timetable.py
[2025-04-02T08:18:22.388+0000] {processor.py:914} INFO - Processing file /home/airflow/.local/lib/python3.12/site-packages/airflow/example_dags/example_workday_timetable.py for tasks to queue
[2025-04-02T08:18:22.393+0000] {logging_mixin.py:190} INFO - [2025-04-02T08:18:22.392+0000] {dagbag.py:588} INFO - Filling up the DagBag from /home/airflow/.local/lib/python3.12/site-packages/airflow/example_dags/example_workday_timetable.py
[2025-04-02T08:18:22.403+0000] {processor.py:925} INFO - DAG(s) 'example_workday_timetable' retrieved from /home/airflow/.local/lib/python3.12/site-packages/airflow/example_dags/example_workday_timetable.py
[2025-04-02T08:18:22.437+0000] {logging_mixin.py:190} INFO - [2025-04-02T08:18:22.436+0000] {dag.py:3239} INFO - Sync 1 DAGs
[2025-04-02T08:18:22.540+0000] {logging_mixin.py:190} INFO - [2025-04-02T08:18:22.539+0000] {dag.py:4180} INFO - Setting next_dagrun for example_workday_timetable to 2021-01-04 00:00:00+00:00, run_after=2021-01-05 00:00:00+00:00
[2025-04-02T08:18:22.568+0000] {processor.py:208} INFO - Processing /home/airflow/.local/lib/python3.12/site-packages/airflow/example_dags/example_workday_timetable.py took 0.193 seconds
[2025-04-02T08:18:52.925+0000] {processor.py:186} INFO - Started process (PID=9387) to work on /home/airflow/.local/lib/python3.12/site-packages/airflow/example_dags/example_workday_timetable.py
[2025-04-02T08:18:52.927+0000] {processor.py:914} INFO - Processing file /home/airflow/.local/lib/python3.12/site-packages/airflow/example_dags/example_workday_timetable.py for tasks to queue
[2025-04-02T08:18:52.932+0000] {logging_mixin.py:190} INFO - [2025-04-02T08:18:52.931+0000] {dagbag.py:588} INFO - Filling up the DagBag from /home/airflow/.local/lib/python3.12/site-packages/airflow/example_dags/example_workday_timetable.py
[2025-04-02T08:18:52.943+0000] {processor.py:925} INFO - DAG(s) 'example_workday_timetable' retrieved from /home/airflow/.local/lib/python3.12/site-packages/airflow/example_dags/example_workday_timetable.py
[2025-04-02T08:18:52.978+0000] {logging_mixin.py:190} INFO - [2025-04-02T08:18:52.978+0000] {dag.py:3239} INFO - Sync 1 DAGs
[2025-04-02T08:18:53.088+0000] {logging_mixin.py:190} INFO - [2025-04-02T08:18:53.088+0000] {dag.py:4180} INFO - Setting next_dagrun for example_workday_timetable to 2021-01-04 00:00:00+00:00, run_after=2021-01-05 00:00:00+00:00
[2025-04-02T08:18:53.120+0000] {processor.py:208} INFO - Processing /home/airflow/.local/lib/python3.12/site-packages/airflow/example_dags/example_workday_timetable.py took 0.206 seconds
[2025-04-02T08:19:23.275+0000] {processor.py:186} INFO - Started process (PID=9451) to work on /home/airflow/.local/lib/python3.12/site-packages/airflow/example_dags/example_workday_timetable.py
[2025-04-02T08:19:23.276+0000] {processor.py:914} INFO - Processing file /home/airflow/.local/lib/python3.12/site-packages/airflow/example_dags/example_workday_timetable.py for tasks to queue
[2025-04-02T08:19:23.281+0000] {logging_mixin.py:190} INFO - [2025-04-02T08:19:23.280+0000] {dagbag.py:588} INFO - Filling up the DagBag from /home/airflow/.local/lib/python3.12/site-packages/airflow/example_dags/example_workday_timetable.py
[2025-04-02T08:19:23.294+0000] {processor.py:925} INFO - DAG(s) 'example_workday_timetable' retrieved from /home/airflow/.local/lib/python3.12/site-packages/airflow/example_dags/example_workday_timetable.py
[2025-04-02T08:19:23.337+0000] {logging_mixin.py:190} INFO - [2025-04-02T08:19:23.336+0000] {dag.py:3239} INFO - Sync 1 DAGs
[2025-04-02T08:19:23.458+0000] {logging_mixin.py:190} INFO - [2025-04-02T08:19:23.458+0000] {dag.py:4180} INFO - Setting next_dagrun for example_workday_timetable to 2021-01-04 00:00:00+00:00, run_after=2021-01-05 00:00:00+00:00
[2025-04-02T08:19:23.487+0000] {processor.py:208} INFO - Processing /home/airflow/.local/lib/python3.12/site-packages/airflow/example_dags/example_workday_timetable.py took 0.223 seconds
[2025-04-02T08:19:53.929+0000] {processor.py:186} INFO - Started process (PID=9515) to work on /home/airflow/.local/lib/python3.12/site-packages/airflow/example_dags/example_workday_timetable.py
[2025-04-02T08:19:53.931+0000] {processor.py:914} INFO - Processing file /home/airflow/.local/lib/python3.12/site-packages/airflow/example_dags/example_workday_timetable.py for tasks to queue
[2025-04-02T08:19:53.935+0000] {logging_mixin.py:190} INFO - [2025-04-02T08:19:53.934+0000] {dagbag.py:588} INFO - Filling up the DagBag from /home/airflow/.local/lib/python3.12/site-packages/airflow/example_dags/example_workday_timetable.py
[2025-04-02T08:19:53.945+0000] {processor.py:925} INFO - DAG(s) 'example_workday_timetable' retrieved from /home/airflow/.local/lib/python3.12/site-packages/airflow/example_dags/example_workday_timetable.py
[2025-04-02T08:19:53.983+0000] {logging_mixin.py:190} INFO - [2025-04-02T08:19:53.982+0000] {dag.py:3239} INFO - Sync 1 DAGs
[2025-04-02T08:19:54.089+0000] {logging_mixin.py:190} INFO - [2025-04-02T08:19:54.089+0000] {dag.py:4180} INFO - Setting next_dagrun for example_workday_timetable to 2021-01-04 00:00:00+00:00, run_after=2021-01-05 00:00:00+00:00
[2025-04-02T08:19:54.121+0000] {processor.py:208} INFO - Processing /home/airflow/.local/lib/python3.12/site-packages/airflow/example_dags/example_workday_timetable.py took 0.203 seconds
[2025-04-02T08:20:25.264+0000] {processor.py:186} INFO - Started process (PID=9579) to work on /home/airflow/.local/lib/python3.12/site-packages/airflow/example_dags/example_workday_timetable.py
[2025-04-02T08:20:25.265+0000] {processor.py:914} INFO - Processing file /home/airflow/.local/lib/python3.12/site-packages/airflow/example_dags/example_workday_timetable.py for tasks to queue
[2025-04-02T08:20:25.270+0000] {logging_mixin.py:190} INFO - [2025-04-02T08:20:25.269+0000] {dagbag.py:588} INFO - Filling up the DagBag from /home/airflow/.local/lib/python3.12/site-packages/airflow/example_dags/example_workday_timetable.py
[2025-04-02T08:20:25.280+0000] {processor.py:925} INFO - DAG(s) 'example_workday_timetable' retrieved from /home/airflow/.local/lib/python3.12/site-packages/airflow/example_dags/example_workday_timetable.py
[2025-04-02T08:20:25.313+0000] {logging_mixin.py:190} INFO - [2025-04-02T08:20:25.312+0000] {dag.py:3239} INFO - Sync 1 DAGs
[2025-04-02T08:20:25.433+0000] {logging_mixin.py:190} INFO - [2025-04-02T08:20:25.432+0000] {dag.py:4180} INFO - Setting next_dagrun for example_workday_timetable to 2021-01-04 00:00:00+00:00, run_after=2021-01-05 00:00:00+00:00
[2025-04-02T08:20:25.464+0000] {processor.py:208} INFO - Processing /home/airflow/.local/lib/python3.12/site-packages/airflow/example_dags/example_workday_timetable.py took 0.214 seconds
[2025-04-02T08:20:58.885+0000] {processor.py:186} INFO - Started process (PID=9643) to work on /home/airflow/.local/lib/python3.12/site-packages/airflow/example_dags/example_workday_timetable.py
[2025-04-02T08:20:58.891+0000] {processor.py:914} INFO - Processing file /home/airflow/.local/lib/python3.12/site-packages/airflow/example_dags/example_workday_timetable.py for tasks to queue
[2025-04-02T08:20:58.897+0000] {logging_mixin.py:190} INFO - [2025-04-02T08:20:58.896+0000] {dagbag.py:588} INFO - Filling up the DagBag from /home/airflow/.local/lib/python3.12/site-packages/airflow/example_dags/example_workday_timetable.py
[2025-04-02T08:20:58.930+0000] {processor.py:925} INFO - DAG(s) 'example_workday_timetable' retrieved from /home/airflow/.local/lib/python3.12/site-packages/airflow/example_dags/example_workday_timetable.py
[2025-04-02T08:20:59.041+0000] {logging_mixin.py:190} INFO - [2025-04-02T08:20:59.040+0000] {dag.py:3239} INFO - Sync 1 DAGs
[2025-04-02T08:20:59.432+0000] {logging_mixin.py:190} INFO - [2025-04-02T08:20:59.431+0000] {dag.py:4180} INFO - Setting next_dagrun for example_workday_timetable to 2021-01-04 00:00:00+00:00, run_after=2021-01-05 00:00:00+00:00
[2025-04-02T08:20:59.656+0000] {processor.py:208} INFO - Processing /home/airflow/.local/lib/python3.12/site-packages/airflow/example_dags/example_workday_timetable.py took 0.799 seconds
[2025-04-02T08:21:30.429+0000] {processor.py:186} INFO - Started process (PID=9707) to work on /home/airflow/.local/lib/python3.12/site-packages/airflow/example_dags/example_workday_timetable.py
[2025-04-02T08:21:30.431+0000] {processor.py:914} INFO - Processing file /home/airflow/.local/lib/python3.12/site-packages/airflow/example_dags/example_workday_timetable.py for tasks to queue
[2025-04-02T08:21:30.435+0000] {logging_mixin.py:190} INFO - [2025-04-02T08:21:30.434+0000] {dagbag.py:588} INFO - Filling up the DagBag from /home/airflow/.local/lib/python3.12/site-packages/airflow/example_dags/example_workday_timetable.py
[2025-04-02T08:21:30.446+0000] {processor.py:925} INFO - DAG(s) 'example_workday_timetable' retrieved from /home/airflow/.local/lib/python3.12/site-packages/airflow/example_dags/example_workday_timetable.py
[2025-04-02T08:21:30.481+0000] {logging_mixin.py:190} INFO - [2025-04-02T08:21:30.480+0000] {dag.py:3239} INFO - Sync 1 DAGs
[2025-04-02T08:21:30.588+0000] {logging_mixin.py:190} INFO - [2025-04-02T08:21:30.587+0000] {dag.py:4180} INFO - Setting next_dagrun for example_workday_timetable to 2021-01-04 00:00:00+00:00, run_after=2021-01-05 00:00:00+00:00
[2025-04-02T08:21:30.620+0000] {processor.py:208} INFO - Processing /home/airflow/.local/lib/python3.12/site-packages/airflow/example_dags/example_workday_timetable.py took 0.204 seconds
[2025-04-02T08:22:00.976+0000] {processor.py:186} INFO - Started process (PID=9771) to work on /home/airflow/.local/lib/python3.12/site-packages/airflow/example_dags/example_workday_timetable.py
[2025-04-02T08:22:00.978+0000] {processor.py:914} INFO - Processing file /home/airflow/.local/lib/python3.12/site-packages/airflow/example_dags/example_workday_timetable.py for tasks to queue
[2025-04-02T08:22:00.982+0000] {logging_mixin.py:190} INFO - [2025-04-02T08:22:00.981+0000] {dagbag.py:588} INFO - Filling up the DagBag from /home/airflow/.local/lib/python3.12/site-packages/airflow/example_dags/example_workday_timetable.py
[2025-04-02T08:22:00.993+0000] {processor.py:925} INFO - DAG(s) 'example_workday_timetable' retrieved from /home/airflow/.local/lib/python3.12/site-packages/airflow/example_dags/example_workday_timetable.py
[2025-04-02T08:22:01.029+0000] {logging_mixin.py:190} INFO - [2025-04-02T08:22:01.028+0000] {dag.py:3239} INFO - Sync 1 DAGs
[2025-04-02T08:22:01.149+0000] {logging_mixin.py:190} INFO - [2025-04-02T08:22:01.149+0000] {dag.py:4180} INFO - Setting next_dagrun for example_workday_timetable to 2021-01-04 00:00:00+00:00, run_after=2021-01-05 00:00:00+00:00
[2025-04-02T08:22:01.177+0000] {processor.py:208} INFO - Processing /home/airflow/.local/lib/python3.12/site-packages/airflow/example_dags/example_workday_timetable.py took 0.213 seconds
[2025-04-02T08:22:31.378+0000] {processor.py:186} INFO - Started process (PID=9836) to work on /home/airflow/.local/lib/python3.12/site-packages/airflow/example_dags/example_workday_timetable.py
[2025-04-02T08:22:31.380+0000] {processor.py:914} INFO - Processing file /home/airflow/.local/lib/python3.12/site-packages/airflow/example_dags/example_workday_timetable.py for tasks to queue
[2025-04-02T08:22:31.384+0000] {logging_mixin.py:190} INFO - [2025-04-02T08:22:31.383+0000] {dagbag.py:588} INFO - Filling up the DagBag from /home/airflow/.local/lib/python3.12/site-packages/airflow/example_dags/example_workday_timetable.py
[2025-04-02T08:22:31.394+0000] {processor.py:925} INFO - DAG(s) 'example_workday_timetable' retrieved from /home/airflow/.local/lib/python3.12/site-packages/airflow/example_dags/example_workday_timetable.py
[2025-04-02T08:22:31.429+0000] {logging_mixin.py:190} INFO - [2025-04-02T08:22:31.428+0000] {dag.py:3239} INFO - Sync 1 DAGs
[2025-04-02T08:22:31.551+0000] {logging_mixin.py:190} INFO - [2025-04-02T08:22:31.551+0000] {dag.py:4180} INFO - Setting next_dagrun for example_workday_timetable to 2021-01-04 00:00:00+00:00, run_after=2021-01-05 00:00:00+00:00
[2025-04-02T08:22:31.584+0000] {processor.py:208} INFO - Processing /home/airflow/.local/lib/python3.12/site-packages/airflow/example_dags/example_workday_timetable.py took 0.217 seconds
[2025-04-02T08:23:01.740+0000] {processor.py:186} INFO - Started process (PID=9899) to work on /home/airflow/.local/lib/python3.12/site-packages/airflow/example_dags/example_workday_timetable.py
[2025-04-02T08:23:01.742+0000] {processor.py:914} INFO - Processing file /home/airflow/.local/lib/python3.12/site-packages/airflow/example_dags/example_workday_timetable.py for tasks to queue
[2025-04-02T08:23:01.746+0000] {logging_mixin.py:190} INFO - [2025-04-02T08:23:01.746+0000] {dagbag.py:588} INFO - Filling up the DagBag from /home/airflow/.local/lib/python3.12/site-packages/airflow/example_dags/example_workday_timetable.py
[2025-04-02T08:23:01.757+0000] {processor.py:925} INFO - DAG(s) 'example_workday_timetable' retrieved from /home/airflow/.local/lib/python3.12/site-packages/airflow/example_dags/example_workday_timetable.py
[2025-04-02T08:23:01.792+0000] {logging_mixin.py:190} INFO - [2025-04-02T08:23:01.791+0000] {dag.py:3239} INFO - Sync 1 DAGs
[2025-04-02T08:23:01.933+0000] {logging_mixin.py:190} INFO - [2025-04-02T08:23:01.932+0000] {dag.py:4180} INFO - Setting next_dagrun for example_workday_timetable to 2021-01-04 00:00:00+00:00, run_after=2021-01-05 00:00:00+00:00
[2025-04-02T08:23:01.972+0000] {processor.py:208} INFO - Processing /home/airflow/.local/lib/python3.12/site-packages/airflow/example_dags/example_workday_timetable.py took 0.243 seconds
[2025-04-02T08:23:32.622+0000] {processor.py:186} INFO - Started process (PID=9963) to work on /home/airflow/.local/lib/python3.12/site-packages/airflow/example_dags/example_workday_timetable.py
[2025-04-02T08:23:32.623+0000] {processor.py:914} INFO - Processing file /home/airflow/.local/lib/python3.12/site-packages/airflow/example_dags/example_workday_timetable.py for tasks to queue
[2025-04-02T08:23:32.628+0000] {logging_mixin.py:190} INFO - [2025-04-02T08:23:32.627+0000] {dagbag.py:588} INFO - Filling up the DagBag from /home/airflow/.local/lib/python3.12/site-packages/airflow/example_dags/example_workday_timetable.py
[2025-04-02T08:23:32.638+0000] {processor.py:925} INFO - DAG(s) 'example_workday_timetable' retrieved from /home/airflow/.local/lib/python3.12/site-packages/airflow/example_dags/example_workday_timetable.py
[2025-04-02T08:23:32.675+0000] {logging_mixin.py:190} INFO - [2025-04-02T08:23:32.673+0000] {dag.py:3239} INFO - Sync 1 DAGs
[2025-04-02T08:23:32.809+0000] {logging_mixin.py:190} INFO - [2025-04-02T08:23:32.809+0000] {dag.py:4180} INFO - Setting next_dagrun for example_workday_timetable to 2021-01-04 00:00:00+00:00, run_after=2021-01-05 00:00:00+00:00
[2025-04-02T08:23:32.836+0000] {processor.py:208} INFO - Processing /home/airflow/.local/lib/python3.12/site-packages/airflow/example_dags/example_workday_timetable.py took 0.226 seconds
