[2025-04-02T07:56:21.221+0000] {processor.py:186} INFO - Started process (PID=6374) to work on /home/airflow/.local/lib/python3.12/site-packages/airflow/example_dags/example_task_group.py
[2025-04-02T07:56:21.226+0000] {processor.py:914} INFO - Processing file /home/airflow/.local/lib/python3.12/site-packages/airflow/example_dags/example_task_group.py for tasks to queue
[2025-04-02T07:56:21.238+0000] {logging_mixin.py:190} INFO - [2025-04-02T07:56:21.233+0000] {dagbag.py:588} INFO - Filling up the DagBag from /home/airflow/.local/lib/python3.12/site-packages/airflow/example_dags/example_task_group.py
[2025-04-02T07:56:21.289+0000] {processor.py:925} INFO - DAG(s) 'example_task_group' retrieved from /home/airflow/.local/lib/python3.12/site-packages/airflow/example_dags/example_task_group.py
[2025-04-02T07:56:21.405+0000] {logging_mixin.py:190} INFO - [2025-04-02T07:56:21.405+0000] {dag.py:3239} INFO - Sync 1 DAGs
[2025-04-02T07:56:21.497+0000] {logging_mixin.py:190} INFO - [2025-04-02T07:56:21.496+0000] {dag.py:4180} INFO - Setting next_dagrun for example_task_group to None, run_after=None
[2025-04-02T07:56:21.585+0000] {processor.py:208} INFO - Processing /home/airflow/.local/lib/python3.12/site-packages/airflow/example_dags/example_task_group.py took 0.399 seconds
[2025-04-02T07:56:52.269+0000] {processor.py:186} INFO - Started process (PID=6438) to work on /home/airflow/.local/lib/python3.12/site-packages/airflow/example_dags/example_task_group.py
[2025-04-02T07:56:52.270+0000] {processor.py:914} INFO - Processing file /home/airflow/.local/lib/python3.12/site-packages/airflow/example_dags/example_task_group.py for tasks to queue
[2025-04-02T07:56:52.276+0000] {logging_mixin.py:190} INFO - [2025-04-02T07:56:52.276+0000] {dagbag.py:588} INFO - Filling up the DagBag from /home/airflow/.local/lib/python3.12/site-packages/airflow/example_dags/example_task_group.py
[2025-04-02T07:56:52.299+0000] {processor.py:925} INFO - DAG(s) 'example_task_group' retrieved from /home/airflow/.local/lib/python3.12/site-packages/airflow/example_dags/example_task_group.py
[2025-04-02T07:56:52.345+0000] {logging_mixin.py:190} INFO - [2025-04-02T07:56:52.344+0000] {dag.py:3239} INFO - Sync 1 DAGs
[2025-04-02T07:56:52.378+0000] {logging_mixin.py:190} INFO - [2025-04-02T07:56:52.377+0000] {dag.py:4180} INFO - Setting next_dagrun for example_task_group to None, run_after=None
[2025-04-02T07:56:52.413+0000] {processor.py:208} INFO - Processing /home/airflow/.local/lib/python3.12/site-packages/airflow/example_dags/example_task_group.py took 0.158 seconds
[2025-04-02T07:57:23.328+0000] {processor.py:186} INFO - Started process (PID=6506) to work on /home/airflow/.local/lib/python3.12/site-packages/airflow/example_dags/example_task_group.py
[2025-04-02T07:57:23.335+0000] {processor.py:914} INFO - Processing file /home/airflow/.local/lib/python3.12/site-packages/airflow/example_dags/example_task_group.py for tasks to queue
[2025-04-02T07:57:23.344+0000] {logging_mixin.py:190} INFO - [2025-04-02T07:57:23.343+0000] {dagbag.py:588} INFO - Filling up the DagBag from /home/airflow/.local/lib/python3.12/site-packages/airflow/example_dags/example_task_group.py
[2025-04-02T07:57:23.385+0000] {processor.py:925} INFO - DAG(s) 'example_task_group' retrieved from /home/airflow/.local/lib/python3.12/site-packages/airflow/example_dags/example_task_group.py
[2025-04-02T07:57:23.480+0000] {logging_mixin.py:190} INFO - [2025-04-02T07:57:23.480+0000] {dag.py:3239} INFO - Sync 1 DAGs
[2025-04-02T07:57:23.535+0000] {logging_mixin.py:190} INFO - [2025-04-02T07:57:23.535+0000] {dag.py:4180} INFO - Setting next_dagrun for example_task_group to None, run_after=None
[2025-04-02T07:57:23.613+0000] {processor.py:208} INFO - Processing /home/airflow/.local/lib/python3.12/site-packages/airflow/example_dags/example_task_group.py took 0.333 seconds
[2025-04-02T07:57:53.804+0000] {processor.py:186} INFO - Started process (PID=6583) to work on /home/airflow/.local/lib/python3.12/site-packages/airflow/example_dags/example_task_group.py
[2025-04-02T07:57:53.809+0000] {processor.py:914} INFO - Processing file /home/airflow/.local/lib/python3.12/site-packages/airflow/example_dags/example_task_group.py for tasks to queue
[2025-04-02T07:57:53.818+0000] {logging_mixin.py:190} INFO - [2025-04-02T07:57:53.815+0000] {dagbag.py:588} INFO - Filling up the DagBag from /home/airflow/.local/lib/python3.12/site-packages/airflow/example_dags/example_task_group.py
[2025-04-02T07:57:53.857+0000] {processor.py:925} INFO - DAG(s) 'example_task_group' retrieved from /home/airflow/.local/lib/python3.12/site-packages/airflow/example_dags/example_task_group.py
[2025-04-02T07:57:53.922+0000] {logging_mixin.py:190} INFO - [2025-04-02T07:57:53.922+0000] {dag.py:3239} INFO - Sync 1 DAGs
[2025-04-02T07:57:53.964+0000] {logging_mixin.py:190} INFO - [2025-04-02T07:57:53.964+0000] {dag.py:4180} INFO - Setting next_dagrun for example_task_group to None, run_after=None
[2025-04-02T07:57:54.020+0000] {processor.py:208} INFO - Processing /home/airflow/.local/lib/python3.12/site-packages/airflow/example_dags/example_task_group.py took 0.236 seconds
[2025-04-02T07:58:25.374+0000] {processor.py:186} INFO - Started process (PID=6648) to work on /home/airflow/.local/lib/python3.12/site-packages/airflow/example_dags/example_task_group.py
[2025-04-02T07:58:25.383+0000] {processor.py:914} INFO - Processing file /home/airflow/.local/lib/python3.12/site-packages/airflow/example_dags/example_task_group.py for tasks to queue
[2025-04-02T07:58:25.392+0000] {logging_mixin.py:190} INFO - [2025-04-02T07:58:25.392+0000] {dagbag.py:588} INFO - Filling up the DagBag from /home/airflow/.local/lib/python3.12/site-packages/airflow/example_dags/example_task_group.py
[2025-04-02T07:58:25.439+0000] {processor.py:925} INFO - DAG(s) 'example_task_group' retrieved from /home/airflow/.local/lib/python3.12/site-packages/airflow/example_dags/example_task_group.py
[2025-04-02T07:58:25.561+0000] {logging_mixin.py:190} INFO - [2025-04-02T07:58:25.560+0000] {dag.py:3239} INFO - Sync 1 DAGs
[2025-04-02T07:58:25.675+0000] {logging_mixin.py:190} INFO - [2025-04-02T07:58:25.670+0000] {dag.py:4180} INFO - Setting next_dagrun for example_task_group to None, run_after=None
[2025-04-02T07:58:25.789+0000] {processor.py:208} INFO - Processing /home/airflow/.local/lib/python3.12/site-packages/airflow/example_dags/example_task_group.py took 0.465 seconds
[2025-04-02T07:58:56.370+0000] {processor.py:186} INFO - Started process (PID=6732) to work on /home/airflow/.local/lib/python3.12/site-packages/airflow/example_dags/example_task_group.py
[2025-04-02T07:58:56.371+0000] {processor.py:914} INFO - Processing file /home/airflow/.local/lib/python3.12/site-packages/airflow/example_dags/example_task_group.py for tasks to queue
[2025-04-02T07:58:56.378+0000] {logging_mixin.py:190} INFO - [2025-04-02T07:58:56.378+0000] {dagbag.py:588} INFO - Filling up the DagBag from /home/airflow/.local/lib/python3.12/site-packages/airflow/example_dags/example_task_group.py
[2025-04-02T07:58:56.414+0000] {processor.py:925} INFO - DAG(s) 'example_task_group' retrieved from /home/airflow/.local/lib/python3.12/site-packages/airflow/example_dags/example_task_group.py
[2025-04-02T07:58:56.486+0000] {logging_mixin.py:190} INFO - [2025-04-02T07:58:56.485+0000] {dag.py:3239} INFO - Sync 1 DAGs
[2025-04-02T07:58:56.533+0000] {logging_mixin.py:190} INFO - [2025-04-02T07:58:56.532+0000] {dag.py:4180} INFO - Setting next_dagrun for example_task_group to None, run_after=None
[2025-04-02T07:58:56.599+0000] {processor.py:208} INFO - Processing /home/airflow/.local/lib/python3.12/site-packages/airflow/example_dags/example_task_group.py took 0.255 seconds
[2025-04-02T07:59:26.947+0000] {processor.py:186} INFO - Started process (PID=6796) to work on /home/airflow/.local/lib/python3.12/site-packages/airflow/example_dags/example_task_group.py
[2025-04-02T07:59:26.950+0000] {processor.py:914} INFO - Processing file /home/airflow/.local/lib/python3.12/site-packages/airflow/example_dags/example_task_group.py for tasks to queue
[2025-04-02T07:59:26.956+0000] {logging_mixin.py:190} INFO - [2025-04-02T07:59:26.954+0000] {dagbag.py:588} INFO - Filling up the DagBag from /home/airflow/.local/lib/python3.12/site-packages/airflow/example_dags/example_task_group.py
[2025-04-02T07:59:26.978+0000] {processor.py:925} INFO - DAG(s) 'example_task_group' retrieved from /home/airflow/.local/lib/python3.12/site-packages/airflow/example_dags/example_task_group.py
[2025-04-02T07:59:27.023+0000] {logging_mixin.py:190} INFO - [2025-04-02T07:59:27.022+0000] {dag.py:3239} INFO - Sync 1 DAGs
[2025-04-02T07:59:27.054+0000] {logging_mixin.py:190} INFO - [2025-04-02T07:59:27.053+0000] {dag.py:4180} INFO - Setting next_dagrun for example_task_group to None, run_after=None
[2025-04-02T07:59:27.088+0000] {processor.py:208} INFO - Processing /home/airflow/.local/lib/python3.12/site-packages/airflow/example_dags/example_task_group.py took 0.156 seconds
[2025-04-02T07:59:58.009+0000] {processor.py:186} INFO - Started process (PID=6880) to work on /home/airflow/.local/lib/python3.12/site-packages/airflow/example_dags/example_task_group.py
[2025-04-02T07:59:58.012+0000] {processor.py:914} INFO - Processing file /home/airflow/.local/lib/python3.12/site-packages/airflow/example_dags/example_task_group.py for tasks to queue
[2025-04-02T07:59:58.020+0000] {logging_mixin.py:190} INFO - [2025-04-02T07:59:58.016+0000] {dagbag.py:588} INFO - Filling up the DagBag from /home/airflow/.local/lib/python3.12/site-packages/airflow/example_dags/example_task_group.py
[2025-04-02T07:59:58.045+0000] {processor.py:925} INFO - DAG(s) 'example_task_group' retrieved from /home/airflow/.local/lib/python3.12/site-packages/airflow/example_dags/example_task_group.py
[2025-04-02T07:59:58.115+0000] {logging_mixin.py:190} INFO - [2025-04-02T07:59:58.114+0000] {dag.py:3239} INFO - Sync 1 DAGs
[2025-04-02T07:59:58.166+0000] {logging_mixin.py:190} INFO - [2025-04-02T07:59:58.166+0000] {dag.py:4180} INFO - Setting next_dagrun for example_task_group to None, run_after=None
[2025-04-02T07:59:58.219+0000] {processor.py:208} INFO - Processing /home/airflow/.local/lib/python3.12/site-packages/airflow/example_dags/example_task_group.py took 0.231 seconds
[2025-04-02T08:00:29.500+0000] {processor.py:186} INFO - Started process (PID=6948) to work on /home/airflow/.local/lib/python3.12/site-packages/airflow/example_dags/example_task_group.py
[2025-04-02T08:00:29.505+0000] {processor.py:914} INFO - Processing file /home/airflow/.local/lib/python3.12/site-packages/airflow/example_dags/example_task_group.py for tasks to queue
[2025-04-02T08:00:29.514+0000] {logging_mixin.py:190} INFO - [2025-04-02T08:00:29.510+0000] {dagbag.py:588} INFO - Filling up the DagBag from /home/airflow/.local/lib/python3.12/site-packages/airflow/example_dags/example_task_group.py
[2025-04-02T08:00:29.545+0000] {processor.py:925} INFO - DAG(s) 'example_task_group' retrieved from /home/airflow/.local/lib/python3.12/site-packages/airflow/example_dags/example_task_group.py
[2025-04-02T08:00:29.614+0000] {logging_mixin.py:190} INFO - [2025-04-02T08:00:29.613+0000] {dag.py:3239} INFO - Sync 1 DAGs
[2025-04-02T08:00:29.665+0000] {logging_mixin.py:190} INFO - [2025-04-02T08:00:29.664+0000] {dag.py:4180} INFO - Setting next_dagrun for example_task_group to None, run_after=None
[2025-04-02T08:00:29.715+0000] {processor.py:208} INFO - Processing /home/airflow/.local/lib/python3.12/site-packages/airflow/example_dags/example_task_group.py took 0.229 seconds
[2025-04-02T08:01:00.539+0000] {processor.py:186} INFO - Started process (PID=7020) to work on /home/airflow/.local/lib/python3.12/site-packages/airflow/example_dags/example_task_group.py
[2025-04-02T08:01:00.544+0000] {processor.py:914} INFO - Processing file /home/airflow/.local/lib/python3.12/site-packages/airflow/example_dags/example_task_group.py for tasks to queue
[2025-04-02T08:01:00.556+0000] {logging_mixin.py:190} INFO - [2025-04-02T08:01:00.553+0000] {dagbag.py:588} INFO - Filling up the DagBag from /home/airflow/.local/lib/python3.12/site-packages/airflow/example_dags/example_task_group.py
[2025-04-02T08:01:00.605+0000] {processor.py:925} INFO - DAG(s) 'example_task_group' retrieved from /home/airflow/.local/lib/python3.12/site-packages/airflow/example_dags/example_task_group.py
[2025-04-02T08:01:00.691+0000] {logging_mixin.py:190} INFO - [2025-04-02T08:01:00.691+0000] {dag.py:3239} INFO - Sync 1 DAGs
[2025-04-02T08:01:00.752+0000] {logging_mixin.py:190} INFO - [2025-04-02T08:01:00.751+0000] {dag.py:4180} INFO - Setting next_dagrun for example_task_group to None, run_after=None
[2025-04-02T08:01:00.815+0000] {processor.py:208} INFO - Processing /home/airflow/.local/lib/python3.12/site-packages/airflow/example_dags/example_task_group.py took 0.306 seconds
[2025-04-02T08:01:32.527+0000] {processor.py:186} INFO - Started process (PID=7105) to work on /home/airflow/.local/lib/python3.12/site-packages/airflow/example_dags/example_task_group.py
[2025-04-02T08:01:32.530+0000] {processor.py:914} INFO - Processing file /home/airflow/.local/lib/python3.12/site-packages/airflow/example_dags/example_task_group.py for tasks to queue
[2025-04-02T08:01:32.544+0000] {logging_mixin.py:190} INFO - [2025-04-02T08:01:32.543+0000] {dagbag.py:588} INFO - Filling up the DagBag from /home/airflow/.local/lib/python3.12/site-packages/airflow/example_dags/example_task_group.py
[2025-04-02T08:01:32.591+0000] {processor.py:925} INFO - DAG(s) 'example_task_group' retrieved from /home/airflow/.local/lib/python3.12/site-packages/airflow/example_dags/example_task_group.py
[2025-04-02T08:01:32.709+0000] {logging_mixin.py:190} INFO - [2025-04-02T08:01:32.709+0000] {dag.py:3239} INFO - Sync 1 DAGs
[2025-04-02T08:01:32.787+0000] {logging_mixin.py:190} INFO - [2025-04-02T08:01:32.786+0000] {dag.py:4180} INFO - Setting next_dagrun for example_task_group to None, run_after=None
[2025-04-02T08:01:32.870+0000] {processor.py:208} INFO - Processing /home/airflow/.local/lib/python3.12/site-packages/airflow/example_dags/example_task_group.py took 0.377 seconds
[2025-04-02T08:02:02.955+0000] {processor.py:186} INFO - Started process (PID=7174) to work on /home/airflow/.local/lib/python3.12/site-packages/airflow/example_dags/example_task_group.py
[2025-04-02T08:02:02.957+0000] {processor.py:914} INFO - Processing file /home/airflow/.local/lib/python3.12/site-packages/airflow/example_dags/example_task_group.py for tasks to queue
[2025-04-02T08:02:02.963+0000] {logging_mixin.py:190} INFO - [2025-04-02T08:02:02.961+0000] {dagbag.py:588} INFO - Filling up the DagBag from /home/airflow/.local/lib/python3.12/site-packages/airflow/example_dags/example_task_group.py
[2025-04-02T08:02:02.985+0000] {processor.py:925} INFO - DAG(s) 'example_task_group' retrieved from /home/airflow/.local/lib/python3.12/site-packages/airflow/example_dags/example_task_group.py
[2025-04-02T08:02:03.032+0000] {logging_mixin.py:190} INFO - [2025-04-02T08:02:03.031+0000] {dag.py:3239} INFO - Sync 1 DAGs
[2025-04-02T08:02:03.066+0000] {logging_mixin.py:190} INFO - [2025-04-02T08:02:03.065+0000] {dag.py:4180} INFO - Setting next_dagrun for example_task_group to None, run_after=None
[2025-04-02T08:02:03.105+0000] {processor.py:208} INFO - Processing /home/airflow/.local/lib/python3.12/site-packages/airflow/example_dags/example_task_group.py took 0.164 seconds
[2025-04-02T08:02:34.115+0000] {processor.py:186} INFO - Started process (PID=7260) to work on /home/airflow/.local/lib/python3.12/site-packages/airflow/example_dags/example_task_group.py
[2025-04-02T08:02:34.123+0000] {processor.py:914} INFO - Processing file /home/airflow/.local/lib/python3.12/site-packages/airflow/example_dags/example_task_group.py for tasks to queue
[2025-04-02T08:02:34.141+0000] {logging_mixin.py:190} INFO - [2025-04-02T08:02:34.133+0000] {dagbag.py:588} INFO - Filling up the DagBag from /home/airflow/.local/lib/python3.12/site-packages/airflow/example_dags/example_task_group.py
[2025-04-02T08:02:34.181+0000] {processor.py:925} INFO - DAG(s) 'example_task_group' retrieved from /home/airflow/.local/lib/python3.12/site-packages/airflow/example_dags/example_task_group.py
[2025-04-02T08:02:34.265+0000] {logging_mixin.py:190} INFO - [2025-04-02T08:02:34.265+0000] {dag.py:3239} INFO - Sync 1 DAGs
[2025-04-02T08:02:34.347+0000] {logging_mixin.py:190} INFO - [2025-04-02T08:02:34.346+0000] {dag.py:4180} INFO - Setting next_dagrun for example_task_group to None, run_after=None
[2025-04-02T08:02:34.421+0000] {processor.py:208} INFO - Processing /home/airflow/.local/lib/python3.12/site-packages/airflow/example_dags/example_task_group.py took 0.345 seconds
[2025-04-02T08:03:05.523+0000] {processor.py:186} INFO - Started process (PID=7328) to work on /home/airflow/.local/lib/python3.12/site-packages/airflow/example_dags/example_task_group.py
[2025-04-02T08:03:05.527+0000] {processor.py:914} INFO - Processing file /home/airflow/.local/lib/python3.12/site-packages/airflow/example_dags/example_task_group.py for tasks to queue
[2025-04-02T08:03:05.533+0000] {logging_mixin.py:190} INFO - [2025-04-02T08:03:05.533+0000] {dagbag.py:588} INFO - Filling up the DagBag from /home/airflow/.local/lib/python3.12/site-packages/airflow/example_dags/example_task_group.py
[2025-04-02T08:03:05.560+0000] {processor.py:925} INFO - DAG(s) 'example_task_group' retrieved from /home/airflow/.local/lib/python3.12/site-packages/airflow/example_dags/example_task_group.py
[2025-04-02T08:03:05.614+0000] {logging_mixin.py:190} INFO - [2025-04-02T08:03:05.614+0000] {dag.py:3239} INFO - Sync 1 DAGs
[2025-04-02T08:03:05.654+0000] {logging_mixin.py:190} INFO - [2025-04-02T08:03:05.653+0000] {dag.py:4180} INFO - Setting next_dagrun for example_task_group to None, run_after=None
[2025-04-02T08:03:05.706+0000] {processor.py:208} INFO - Processing /home/airflow/.local/lib/python3.12/site-packages/airflow/example_dags/example_task_group.py took 0.210 seconds
[2025-04-02T08:03:36.169+0000] {processor.py:186} INFO - Started process (PID=7406) to work on /home/airflow/.local/lib/python3.12/site-packages/airflow/example_dags/example_task_group.py
[2025-04-02T08:03:36.171+0000] {processor.py:914} INFO - Processing file /home/airflow/.local/lib/python3.12/site-packages/airflow/example_dags/example_task_group.py for tasks to queue
[2025-04-02T08:03:36.176+0000] {logging_mixin.py:190} INFO - [2025-04-02T08:03:36.176+0000] {dagbag.py:588} INFO - Filling up the DagBag from /home/airflow/.local/lib/python3.12/site-packages/airflow/example_dags/example_task_group.py
[2025-04-02T08:03:36.198+0000] {processor.py:925} INFO - DAG(s) 'example_task_group' retrieved from /home/airflow/.local/lib/python3.12/site-packages/airflow/example_dags/example_task_group.py
[2025-04-02T08:03:36.260+0000] {logging_mixin.py:190} INFO - [2025-04-02T08:03:36.259+0000] {dag.py:3239} INFO - Sync 1 DAGs
[2025-04-02T08:03:36.308+0000] {logging_mixin.py:190} INFO - [2025-04-02T08:03:36.308+0000] {dag.py:4180} INFO - Setting next_dagrun for example_task_group to None, run_after=None
[2025-04-02T08:03:36.347+0000] {processor.py:208} INFO - Processing /home/airflow/.local/lib/python3.12/site-packages/airflow/example_dags/example_task_group.py took 0.193 seconds
[2025-04-02T08:04:06.448+0000] {processor.py:186} INFO - Started process (PID=7474) to work on /home/airflow/.local/lib/python3.12/site-packages/airflow/example_dags/example_task_group.py
[2025-04-02T08:04:06.453+0000] {processor.py:914} INFO - Processing file /home/airflow/.local/lib/python3.12/site-packages/airflow/example_dags/example_task_group.py for tasks to queue
[2025-04-02T08:04:06.458+0000] {logging_mixin.py:190} INFO - [2025-04-02T08:04:06.458+0000] {dagbag.py:588} INFO - Filling up the DagBag from /home/airflow/.local/lib/python3.12/site-packages/airflow/example_dags/example_task_group.py
[2025-04-02T08:04:06.490+0000] {processor.py:925} INFO - DAG(s) 'example_task_group' retrieved from /home/airflow/.local/lib/python3.12/site-packages/airflow/example_dags/example_task_group.py
[2025-04-02T08:04:06.568+0000] {logging_mixin.py:190} INFO - [2025-04-02T08:04:06.566+0000] {dag.py:3239} INFO - Sync 1 DAGs
[2025-04-02T08:04:06.630+0000] {logging_mixin.py:190} INFO - [2025-04-02T08:04:06.628+0000] {dag.py:4180} INFO - Setting next_dagrun for example_task_group to None, run_after=None
[2025-04-02T08:04:06.725+0000] {processor.py:208} INFO - Processing /home/airflow/.local/lib/python3.12/site-packages/airflow/example_dags/example_task_group.py took 0.296 seconds
[2025-04-02T08:04:37.463+0000] {processor.py:186} INFO - Started process (PID=7551) to work on /home/airflow/.local/lib/python3.12/site-packages/airflow/example_dags/example_task_group.py
[2025-04-02T08:04:37.465+0000] {processor.py:914} INFO - Processing file /home/airflow/.local/lib/python3.12/site-packages/airflow/example_dags/example_task_group.py for tasks to queue
[2025-04-02T08:04:37.471+0000] {logging_mixin.py:190} INFO - [2025-04-02T08:04:37.470+0000] {dagbag.py:588} INFO - Filling up the DagBag from /home/airflow/.local/lib/python3.12/site-packages/airflow/example_dags/example_task_group.py
[2025-04-02T08:04:37.495+0000] {processor.py:925} INFO - DAG(s) 'example_task_group' retrieved from /home/airflow/.local/lib/python3.12/site-packages/airflow/example_dags/example_task_group.py
[2025-04-02T08:04:37.560+0000] {logging_mixin.py:190} INFO - [2025-04-02T08:04:37.559+0000] {dag.py:3239} INFO - Sync 1 DAGs
[2025-04-02T08:04:37.599+0000] {logging_mixin.py:190} INFO - [2025-04-02T08:04:37.599+0000] {dag.py:4180} INFO - Setting next_dagrun for example_task_group to None, run_after=None
[2025-04-02T08:04:37.647+0000] {processor.py:208} INFO - Processing /home/airflow/.local/lib/python3.12/site-packages/airflow/example_dags/example_task_group.py took 0.201 seconds
[2025-04-02T08:05:07.773+0000] {processor.py:186} INFO - Started process (PID=7624) to work on /home/airflow/.local/lib/python3.12/site-packages/airflow/example_dags/example_task_group.py
[2025-04-02T08:05:07.775+0000] {processor.py:914} INFO - Processing file /home/airflow/.local/lib/python3.12/site-packages/airflow/example_dags/example_task_group.py for tasks to queue
[2025-04-02T08:05:07.780+0000] {logging_mixin.py:190} INFO - [2025-04-02T08:05:07.779+0000] {dagbag.py:588} INFO - Filling up the DagBag from /home/airflow/.local/lib/python3.12/site-packages/airflow/example_dags/example_task_group.py
[2025-04-02T08:05:07.804+0000] {processor.py:925} INFO - DAG(s) 'example_task_group' retrieved from /home/airflow/.local/lib/python3.12/site-packages/airflow/example_dags/example_task_group.py
[2025-04-02T08:05:07.852+0000] {logging_mixin.py:190} INFO - [2025-04-02T08:05:07.852+0000] {dag.py:3239} INFO - Sync 1 DAGs
[2025-04-02T08:05:07.883+0000] {logging_mixin.py:190} INFO - [2025-04-02T08:05:07.882+0000] {dag.py:4180} INFO - Setting next_dagrun for example_task_group to None, run_after=None
[2025-04-02T08:05:07.910+0000] {processor.py:208} INFO - Processing /home/airflow/.local/lib/python3.12/site-packages/airflow/example_dags/example_task_group.py took 0.151 seconds
[2025-04-02T08:05:38.618+0000] {processor.py:186} INFO - Started process (PID=7693) to work on /home/airflow/.local/lib/python3.12/site-packages/airflow/example_dags/example_task_group.py
[2025-04-02T08:05:38.623+0000] {processor.py:914} INFO - Processing file /home/airflow/.local/lib/python3.12/site-packages/airflow/example_dags/example_task_group.py for tasks to queue
[2025-04-02T08:05:38.633+0000] {logging_mixin.py:190} INFO - [2025-04-02T08:05:38.630+0000] {dagbag.py:588} INFO - Filling up the DagBag from /home/airflow/.local/lib/python3.12/site-packages/airflow/example_dags/example_task_group.py
[2025-04-02T08:05:38.667+0000] {processor.py:925} INFO - DAG(s) 'example_task_group' retrieved from /home/airflow/.local/lib/python3.12/site-packages/airflow/example_dags/example_task_group.py
[2025-04-02T08:05:38.751+0000] {logging_mixin.py:190} INFO - [2025-04-02T08:05:38.751+0000] {dag.py:3239} INFO - Sync 1 DAGs
[2025-04-02T08:05:38.805+0000] {logging_mixin.py:190} INFO - [2025-04-02T08:05:38.805+0000] {dag.py:4180} INFO - Setting next_dagrun for example_task_group to None, run_after=None
[2025-04-02T08:05:38.879+0000] {processor.py:208} INFO - Processing /home/airflow/.local/lib/python3.12/site-packages/airflow/example_dags/example_task_group.py took 0.281 seconds
[2025-04-02T08:06:27.841+0000] {processor.py:186} INFO - Started process (PID=7766) to work on /home/airflow/.local/lib/python3.12/site-packages/airflow/example_dags/example_task_group.py
[2025-04-02T08:06:27.853+0000] {processor.py:914} INFO - Processing file /home/airflow/.local/lib/python3.12/site-packages/airflow/example_dags/example_task_group.py for tasks to queue
[2025-04-02T08:06:27.874+0000] {logging_mixin.py:190} INFO - [2025-04-02T08:06:27.870+0000] {dagbag.py:588} INFO - Filling up the DagBag from /home/airflow/.local/lib/python3.12/site-packages/airflow/example_dags/example_task_group.py
[2025-04-02T08:06:27.924+0000] {processor.py:925} INFO - DAG(s) 'example_task_group' retrieved from /home/airflow/.local/lib/python3.12/site-packages/airflow/example_dags/example_task_group.py
[2025-04-02T08:06:27.996+0000] {logging_mixin.py:190} INFO - [2025-04-02T08:06:27.996+0000] {dag.py:3239} INFO - Sync 1 DAGs
[2025-04-02T08:06:28.043+0000] {logging_mixin.py:190} INFO - [2025-04-02T08:06:28.042+0000] {dag.py:4180} INFO - Setting next_dagrun for example_task_group to None, run_after=None
[2025-04-02T08:06:28.101+0000] {processor.py:208} INFO - Processing /home/airflow/.local/lib/python3.12/site-packages/airflow/example_dags/example_task_group.py took 0.364 seconds
[2025-04-02T08:06:58.620+0000] {processor.py:186} INFO - Started process (PID=7830) to work on /home/airflow/.local/lib/python3.12/site-packages/airflow/example_dags/example_task_group.py
[2025-04-02T08:06:58.624+0000] {processor.py:914} INFO - Processing file /home/airflow/.local/lib/python3.12/site-packages/airflow/example_dags/example_task_group.py for tasks to queue
[2025-04-02T08:06:58.643+0000] {logging_mixin.py:190} INFO - [2025-04-02T08:06:58.642+0000] {dagbag.py:588} INFO - Filling up the DagBag from /home/airflow/.local/lib/python3.12/site-packages/airflow/example_dags/example_task_group.py
[2025-04-02T08:06:58.720+0000] {processor.py:925} INFO - DAG(s) 'example_task_group' retrieved from /home/airflow/.local/lib/python3.12/site-packages/airflow/example_dags/example_task_group.py
[2025-04-02T08:06:58.843+0000] {logging_mixin.py:190} INFO - [2025-04-02T08:06:58.842+0000] {dag.py:3239} INFO - Sync 1 DAGs
[2025-04-02T08:06:58.969+0000] {logging_mixin.py:190} INFO - [2025-04-02T08:06:58.969+0000] {dag.py:4180} INFO - Setting next_dagrun for example_task_group to None, run_after=None
[2025-04-02T08:06:59.040+0000] {processor.py:208} INFO - Processing /home/airflow/.local/lib/python3.12/site-packages/airflow/example_dags/example_task_group.py took 0.471 seconds
[2025-04-02T08:07:29.835+0000] {processor.py:186} INFO - Started process (PID=7925) to work on /home/airflow/.local/lib/python3.12/site-packages/airflow/example_dags/example_task_group.py
[2025-04-02T08:07:29.837+0000] {processor.py:914} INFO - Processing file /home/airflow/.local/lib/python3.12/site-packages/airflow/example_dags/example_task_group.py for tasks to queue
[2025-04-02T08:07:29.848+0000] {logging_mixin.py:190} INFO - [2025-04-02T08:07:29.844+0000] {dagbag.py:588} INFO - Filling up the DagBag from /home/airflow/.local/lib/python3.12/site-packages/airflow/example_dags/example_task_group.py
[2025-04-02T08:07:29.885+0000] {processor.py:925} INFO - DAG(s) 'example_task_group' retrieved from /home/airflow/.local/lib/python3.12/site-packages/airflow/example_dags/example_task_group.py
[2025-04-02T08:07:29.968+0000] {logging_mixin.py:190} INFO - [2025-04-02T08:07:29.968+0000] {dag.py:3239} INFO - Sync 1 DAGs
[2025-04-02T08:07:30.020+0000] {logging_mixin.py:190} INFO - [2025-04-02T08:07:30.019+0000] {dag.py:4180} INFO - Setting next_dagrun for example_task_group to None, run_after=None
[2025-04-02T08:07:30.071+0000] {processor.py:208} INFO - Processing /home/airflow/.local/lib/python3.12/site-packages/airflow/example_dags/example_task_group.py took 0.258 seconds
[2025-04-02T08:08:00.398+0000] {processor.py:186} INFO - Started process (PID=7989) to work on /home/airflow/.local/lib/python3.12/site-packages/airflow/example_dags/example_task_group.py
[2025-04-02T08:08:00.406+0000] {processor.py:914} INFO - Processing file /home/airflow/.local/lib/python3.12/site-packages/airflow/example_dags/example_task_group.py for tasks to queue
[2025-04-02T08:08:00.415+0000] {logging_mixin.py:190} INFO - [2025-04-02T08:08:00.414+0000] {dagbag.py:588} INFO - Filling up the DagBag from /home/airflow/.local/lib/python3.12/site-packages/airflow/example_dags/example_task_group.py
[2025-04-02T08:08:00.442+0000] {processor.py:925} INFO - DAG(s) 'example_task_group' retrieved from /home/airflow/.local/lib/python3.12/site-packages/airflow/example_dags/example_task_group.py
[2025-04-02T08:08:00.497+0000] {logging_mixin.py:190} INFO - [2025-04-02T08:08:00.496+0000] {dag.py:3239} INFO - Sync 1 DAGs
[2025-04-02T08:08:00.533+0000] {logging_mixin.py:190} INFO - [2025-04-02T08:08:00.533+0000] {dag.py:4180} INFO - Setting next_dagrun for example_task_group to None, run_after=None
[2025-04-02T08:08:00.571+0000] {processor.py:208} INFO - Processing /home/airflow/.local/lib/python3.12/site-packages/airflow/example_dags/example_task_group.py took 0.204 seconds
[2025-04-02T08:08:31.492+0000] {processor.py:186} INFO - Started process (PID=8052) to work on /home/airflow/.local/lib/python3.12/site-packages/airflow/example_dags/example_task_group.py
[2025-04-02T08:08:31.495+0000] {processor.py:914} INFO - Processing file /home/airflow/.local/lib/python3.12/site-packages/airflow/example_dags/example_task_group.py for tasks to queue
[2025-04-02T08:08:31.506+0000] {logging_mixin.py:190} INFO - [2025-04-02T08:08:31.503+0000] {dagbag.py:588} INFO - Filling up the DagBag from /home/airflow/.local/lib/python3.12/site-packages/airflow/example_dags/example_task_group.py
[2025-04-02T08:08:31.535+0000] {processor.py:925} INFO - DAG(s) 'example_task_group' retrieved from /home/airflow/.local/lib/python3.12/site-packages/airflow/example_dags/example_task_group.py
[2025-04-02T08:08:31.654+0000] {logging_mixin.py:190} INFO - [2025-04-02T08:08:31.654+0000] {dag.py:3239} INFO - Sync 1 DAGs
[2025-04-02T08:08:31.744+0000] {logging_mixin.py:190} INFO - [2025-04-02T08:08:31.743+0000] {dag.py:4180} INFO - Setting next_dagrun for example_task_group to None, run_after=None
[2025-04-02T08:08:31.834+0000] {processor.py:208} INFO - Processing /home/airflow/.local/lib/python3.12/site-packages/airflow/example_dags/example_task_group.py took 0.373 seconds
[2025-04-02T08:09:02.036+0000] {processor.py:186} INFO - Started process (PID=8129) to work on /home/airflow/.local/lib/python3.12/site-packages/airflow/example_dags/example_task_group.py
[2025-04-02T08:09:02.039+0000] {processor.py:914} INFO - Processing file /home/airflow/.local/lib/python3.12/site-packages/airflow/example_dags/example_task_group.py for tasks to queue
[2025-04-02T08:09:02.049+0000] {logging_mixin.py:190} INFO - [2025-04-02T08:09:02.048+0000] {dagbag.py:588} INFO - Filling up the DagBag from /home/airflow/.local/lib/python3.12/site-packages/airflow/example_dags/example_task_group.py
[2025-04-02T08:09:02.077+0000] {processor.py:925} INFO - DAG(s) 'example_task_group' retrieved from /home/airflow/.local/lib/python3.12/site-packages/airflow/example_dags/example_task_group.py
[2025-04-02T08:09:02.153+0000] {logging_mixin.py:190} INFO - [2025-04-02T08:09:02.152+0000] {dag.py:3239} INFO - Sync 1 DAGs
[2025-04-02T08:09:02.202+0000] {logging_mixin.py:190} INFO - [2025-04-02T08:09:02.202+0000] {dag.py:4180} INFO - Setting next_dagrun for example_task_group to None, run_after=None
[2025-04-02T08:09:02.260+0000] {processor.py:208} INFO - Processing /home/airflow/.local/lib/python3.12/site-packages/airflow/example_dags/example_task_group.py took 0.257 seconds
[2025-04-02T08:09:32.552+0000] {processor.py:186} INFO - Started process (PID=8200) to work on /home/airflow/.local/lib/python3.12/site-packages/airflow/example_dags/example_task_group.py
[2025-04-02T08:09:32.558+0000] {processor.py:914} INFO - Processing file /home/airflow/.local/lib/python3.12/site-packages/airflow/example_dags/example_task_group.py for tasks to queue
[2025-04-02T08:09:32.569+0000] {logging_mixin.py:190} INFO - [2025-04-02T08:09:32.567+0000] {dagbag.py:588} INFO - Filling up the DagBag from /home/airflow/.local/lib/python3.12/site-packages/airflow/example_dags/example_task_group.py
[2025-04-02T08:09:32.604+0000] {processor.py:925} INFO - DAG(s) 'example_task_group' retrieved from /home/airflow/.local/lib/python3.12/site-packages/airflow/example_dags/example_task_group.py
[2025-04-02T08:09:32.674+0000] {logging_mixin.py:190} INFO - [2025-04-02T08:09:32.673+0000] {dag.py:3239} INFO - Sync 1 DAGs
[2025-04-02T08:09:32.719+0000] {logging_mixin.py:190} INFO - [2025-04-02T08:09:32.718+0000] {dag.py:4180} INFO - Setting next_dagrun for example_task_group to None, run_after=None
[2025-04-02T08:09:32.769+0000] {processor.py:208} INFO - Processing /home/airflow/.local/lib/python3.12/site-packages/airflow/example_dags/example_task_group.py took 0.234 seconds
[2025-04-02T08:10:02.968+0000] {processor.py:186} INFO - Started process (PID=8270) to work on /home/airflow/.local/lib/python3.12/site-packages/airflow/example_dags/example_task_group.py
[2025-04-02T08:10:02.974+0000] {processor.py:914} INFO - Processing file /home/airflow/.local/lib/python3.12/site-packages/airflow/example_dags/example_task_group.py for tasks to queue
[2025-04-02T08:10:02.980+0000] {logging_mixin.py:190} INFO - [2025-04-02T08:10:02.979+0000] {dagbag.py:588} INFO - Filling up the DagBag from /home/airflow/.local/lib/python3.12/site-packages/airflow/example_dags/example_task_group.py
[2025-04-02T08:10:03.009+0000] {processor.py:925} INFO - DAG(s) 'example_task_group' retrieved from /home/airflow/.local/lib/python3.12/site-packages/airflow/example_dags/example_task_group.py
[2025-04-02T08:10:03.099+0000] {logging_mixin.py:190} INFO - [2025-04-02T08:10:03.099+0000] {dag.py:3239} INFO - Sync 1 DAGs
[2025-04-02T08:10:03.143+0000] {logging_mixin.py:190} INFO - [2025-04-02T08:10:03.142+0000] {dag.py:4180} INFO - Setting next_dagrun for example_task_group to None, run_after=None
[2025-04-02T08:10:03.197+0000] {processor.py:208} INFO - Processing /home/airflow/.local/lib/python3.12/site-packages/airflow/example_dags/example_task_group.py took 0.254 seconds
[2025-04-02T08:10:33.771+0000] {processor.py:186} INFO - Started process (PID=8339) to work on /home/airflow/.local/lib/python3.12/site-packages/airflow/example_dags/example_task_group.py
[2025-04-02T08:10:33.774+0000] {processor.py:914} INFO - Processing file /home/airflow/.local/lib/python3.12/site-packages/airflow/example_dags/example_task_group.py for tasks to queue
[2025-04-02T08:10:33.780+0000] {logging_mixin.py:190} INFO - [2025-04-02T08:10:33.779+0000] {dagbag.py:588} INFO - Filling up the DagBag from /home/airflow/.local/lib/python3.12/site-packages/airflow/example_dags/example_task_group.py
[2025-04-02T08:10:33.805+0000] {processor.py:925} INFO - DAG(s) 'example_task_group' retrieved from /home/airflow/.local/lib/python3.12/site-packages/airflow/example_dags/example_task_group.py
[2025-04-02T08:10:33.870+0000] {logging_mixin.py:190} INFO - [2025-04-02T08:10:33.869+0000] {dag.py:3239} INFO - Sync 1 DAGs
[2025-04-02T08:10:33.906+0000] {logging_mixin.py:190} INFO - [2025-04-02T08:10:33.906+0000] {dag.py:4180} INFO - Setting next_dagrun for example_task_group to None, run_after=None
[2025-04-02T08:10:33.952+0000] {processor.py:208} INFO - Processing /home/airflow/.local/lib/python3.12/site-packages/airflow/example_dags/example_task_group.py took 0.200 seconds
[2025-04-02T08:11:04.217+0000] {processor.py:186} INFO - Started process (PID=8407) to work on /home/airflow/.local/lib/python3.12/site-packages/airflow/example_dags/example_task_group.py
[2025-04-02T08:11:04.219+0000] {processor.py:914} INFO - Processing file /home/airflow/.local/lib/python3.12/site-packages/airflow/example_dags/example_task_group.py for tasks to queue
[2025-04-02T08:11:04.223+0000] {logging_mixin.py:190} INFO - [2025-04-02T08:11:04.222+0000] {dagbag.py:588} INFO - Filling up the DagBag from /home/airflow/.local/lib/python3.12/site-packages/airflow/example_dags/example_task_group.py
[2025-04-02T08:11:04.240+0000] {processor.py:925} INFO - DAG(s) 'example_task_group' retrieved from /home/airflow/.local/lib/python3.12/site-packages/airflow/example_dags/example_task_group.py
[2025-04-02T08:11:04.275+0000] {logging_mixin.py:190} INFO - [2025-04-02T08:11:04.275+0000] {dag.py:3239} INFO - Sync 1 DAGs
[2025-04-02T08:11:04.300+0000] {logging_mixin.py:190} INFO - [2025-04-02T08:11:04.300+0000] {dag.py:4180} INFO - Setting next_dagrun for example_task_group to None, run_after=None
[2025-04-02T08:11:04.331+0000] {processor.py:208} INFO - Processing /home/airflow/.local/lib/python3.12/site-packages/airflow/example_dags/example_task_group.py took 0.126 seconds
[2025-04-02T08:11:34.378+0000] {processor.py:186} INFO - Started process (PID=8471) to work on /home/airflow/.local/lib/python3.12/site-packages/airflow/example_dags/example_task_group.py
[2025-04-02T08:11:34.380+0000] {processor.py:914} INFO - Processing file /home/airflow/.local/lib/python3.12/site-packages/airflow/example_dags/example_task_group.py for tasks to queue
[2025-04-02T08:11:34.384+0000] {logging_mixin.py:190} INFO - [2025-04-02T08:11:34.383+0000] {dagbag.py:588} INFO - Filling up the DagBag from /home/airflow/.local/lib/python3.12/site-packages/airflow/example_dags/example_task_group.py
[2025-04-02T08:11:34.400+0000] {processor.py:925} INFO - DAG(s) 'example_task_group' retrieved from /home/airflow/.local/lib/python3.12/site-packages/airflow/example_dags/example_task_group.py
[2025-04-02T08:11:34.436+0000] {logging_mixin.py:190} INFO - [2025-04-02T08:11:34.436+0000] {dag.py:3239} INFO - Sync 1 DAGs
[2025-04-02T08:11:34.461+0000] {logging_mixin.py:190} INFO - [2025-04-02T08:11:34.461+0000] {dag.py:4180} INFO - Setting next_dagrun for example_task_group to None, run_after=None
[2025-04-02T08:11:34.490+0000] {processor.py:208} INFO - Processing /home/airflow/.local/lib/python3.12/site-packages/airflow/example_dags/example_task_group.py took 0.123 seconds
[2025-04-02T08:12:04.594+0000] {processor.py:186} INFO - Started process (PID=8535) to work on /home/airflow/.local/lib/python3.12/site-packages/airflow/example_dags/example_task_group.py
[2025-04-02T08:12:04.597+0000] {processor.py:914} INFO - Processing file /home/airflow/.local/lib/python3.12/site-packages/airflow/example_dags/example_task_group.py for tasks to queue
[2025-04-02T08:12:04.607+0000] {logging_mixin.py:190} INFO - [2025-04-02T08:12:04.606+0000] {dagbag.py:588} INFO - Filling up the DagBag from /home/airflow/.local/lib/python3.12/site-packages/airflow/example_dags/example_task_group.py
[2025-04-02T08:12:04.635+0000] {processor.py:925} INFO - DAG(s) 'example_task_group' retrieved from /home/airflow/.local/lib/python3.12/site-packages/airflow/example_dags/example_task_group.py
[2025-04-02T08:12:04.698+0000] {logging_mixin.py:190} INFO - [2025-04-02T08:12:04.698+0000] {dag.py:3239} INFO - Sync 1 DAGs
[2025-04-02T08:12:04.738+0000] {logging_mixin.py:190} INFO - [2025-04-02T08:12:04.738+0000] {dag.py:4180} INFO - Setting next_dagrun for example_task_group to None, run_after=None
[2025-04-02T08:12:04.776+0000] {processor.py:208} INFO - Processing /home/airflow/.local/lib/python3.12/site-packages/airflow/example_dags/example_task_group.py took 0.202 seconds
[2025-04-02T08:12:35.007+0000] {processor.py:186} INFO - Started process (PID=8599) to work on /home/airflow/.local/lib/python3.12/site-packages/airflow/example_dags/example_task_group.py
[2025-04-02T08:12:35.009+0000] {processor.py:914} INFO - Processing file /home/airflow/.local/lib/python3.12/site-packages/airflow/example_dags/example_task_group.py for tasks to queue
[2025-04-02T08:12:35.013+0000] {logging_mixin.py:190} INFO - [2025-04-02T08:12:35.012+0000] {dagbag.py:588} INFO - Filling up the DagBag from /home/airflow/.local/lib/python3.12/site-packages/airflow/example_dags/example_task_group.py
[2025-04-02T08:12:35.031+0000] {processor.py:925} INFO - DAG(s) 'example_task_group' retrieved from /home/airflow/.local/lib/python3.12/site-packages/airflow/example_dags/example_task_group.py
[2025-04-02T08:12:35.066+0000] {logging_mixin.py:190} INFO - [2025-04-02T08:12:35.065+0000] {dag.py:3239} INFO - Sync 1 DAGs
[2025-04-02T08:12:35.091+0000] {logging_mixin.py:190} INFO - [2025-04-02T08:12:35.090+0000] {dag.py:4180} INFO - Setting next_dagrun for example_task_group to None, run_after=None
[2025-04-02T08:12:35.122+0000] {processor.py:208} INFO - Processing /home/airflow/.local/lib/python3.12/site-packages/airflow/example_dags/example_task_group.py took 0.125 seconds
[2025-04-02T08:13:05.640+0000] {processor.py:186} INFO - Started process (PID=8663) to work on /home/airflow/.local/lib/python3.12/site-packages/airflow/example_dags/example_task_group.py
[2025-04-02T08:13:05.642+0000] {processor.py:914} INFO - Processing file /home/airflow/.local/lib/python3.12/site-packages/airflow/example_dags/example_task_group.py for tasks to queue
[2025-04-02T08:13:05.646+0000] {logging_mixin.py:190} INFO - [2025-04-02T08:13:05.645+0000] {dagbag.py:588} INFO - Filling up the DagBag from /home/airflow/.local/lib/python3.12/site-packages/airflow/example_dags/example_task_group.py
[2025-04-02T08:13:05.662+0000] {processor.py:925} INFO - DAG(s) 'example_task_group' retrieved from /home/airflow/.local/lib/python3.12/site-packages/airflow/example_dags/example_task_group.py
[2025-04-02T08:13:05.698+0000] {logging_mixin.py:190} INFO - [2025-04-02T08:13:05.697+0000] {dag.py:3239} INFO - Sync 1 DAGs
[2025-04-02T08:13:05.723+0000] {logging_mixin.py:190} INFO - [2025-04-02T08:13:05.722+0000] {dag.py:4180} INFO - Setting next_dagrun for example_task_group to None, run_after=None
[2025-04-02T08:13:05.755+0000] {processor.py:208} INFO - Processing /home/airflow/.local/lib/python3.12/site-packages/airflow/example_dags/example_task_group.py took 0.126 seconds
[2025-04-02T08:13:35.832+0000] {processor.py:186} INFO - Started process (PID=8727) to work on /home/airflow/.local/lib/python3.12/site-packages/airflow/example_dags/example_task_group.py
[2025-04-02T08:13:35.833+0000] {processor.py:914} INFO - Processing file /home/airflow/.local/lib/python3.12/site-packages/airflow/example_dags/example_task_group.py for tasks to queue
[2025-04-02T08:13:35.838+0000] {logging_mixin.py:190} INFO - [2025-04-02T08:13:35.838+0000] {dagbag.py:588} INFO - Filling up the DagBag from /home/airflow/.local/lib/python3.12/site-packages/airflow/example_dags/example_task_group.py
[2025-04-02T08:13:35.854+0000] {processor.py:925} INFO - DAG(s) 'example_task_group' retrieved from /home/airflow/.local/lib/python3.12/site-packages/airflow/example_dags/example_task_group.py
[2025-04-02T08:13:35.889+0000] {logging_mixin.py:190} INFO - [2025-04-02T08:13:35.889+0000] {dag.py:3239} INFO - Sync 1 DAGs
[2025-04-02T08:13:35.913+0000] {logging_mixin.py:190} INFO - [2025-04-02T08:13:35.913+0000] {dag.py:4180} INFO - Setting next_dagrun for example_task_group to None, run_after=None
[2025-04-02T08:13:35.943+0000] {processor.py:208} INFO - Processing /home/airflow/.local/lib/python3.12/site-packages/airflow/example_dags/example_task_group.py took 0.122 seconds
[2025-04-02T08:14:06.285+0000] {processor.py:186} INFO - Started process (PID=8791) to work on /home/airflow/.local/lib/python3.12/site-packages/airflow/example_dags/example_task_group.py
[2025-04-02T08:14:06.287+0000] {processor.py:914} INFO - Processing file /home/airflow/.local/lib/python3.12/site-packages/airflow/example_dags/example_task_group.py for tasks to queue
[2025-04-02T08:14:06.294+0000] {logging_mixin.py:190} INFO - [2025-04-02T08:14:06.293+0000] {dagbag.py:588} INFO - Filling up the DagBag from /home/airflow/.local/lib/python3.12/site-packages/airflow/example_dags/example_task_group.py
[2025-04-02T08:14:06.315+0000] {processor.py:925} INFO - DAG(s) 'example_task_group' retrieved from /home/airflow/.local/lib/python3.12/site-packages/airflow/example_dags/example_task_group.py
[2025-04-02T08:14:06.351+0000] {logging_mixin.py:190} INFO - [2025-04-02T08:14:06.350+0000] {dag.py:3239} INFO - Sync 1 DAGs
[2025-04-02T08:14:06.374+0000] {logging_mixin.py:190} INFO - [2025-04-02T08:14:06.374+0000] {dag.py:4180} INFO - Setting next_dagrun for example_task_group to None, run_after=None
[2025-04-02T08:14:06.403+0000] {processor.py:208} INFO - Processing /home/airflow/.local/lib/python3.12/site-packages/airflow/example_dags/example_task_group.py took 0.133 seconds
[2025-04-02T08:14:36.912+0000] {processor.py:186} INFO - Started process (PID=8855) to work on /home/airflow/.local/lib/python3.12/site-packages/airflow/example_dags/example_task_group.py
[2025-04-02T08:14:36.915+0000] {processor.py:914} INFO - Processing file /home/airflow/.local/lib/python3.12/site-packages/airflow/example_dags/example_task_group.py for tasks to queue
[2025-04-02T08:14:36.919+0000] {logging_mixin.py:190} INFO - [2025-04-02T08:14:36.919+0000] {dagbag.py:588} INFO - Filling up the DagBag from /home/airflow/.local/lib/python3.12/site-packages/airflow/example_dags/example_task_group.py
[2025-04-02T08:14:36.936+0000] {processor.py:925} INFO - DAG(s) 'example_task_group' retrieved from /home/airflow/.local/lib/python3.12/site-packages/airflow/example_dags/example_task_group.py
[2025-04-02T08:14:36.970+0000] {logging_mixin.py:190} INFO - [2025-04-02T08:14:36.970+0000] {dag.py:3239} INFO - Sync 1 DAGs
[2025-04-02T08:14:36.993+0000] {logging_mixin.py:190} INFO - [2025-04-02T08:14:36.993+0000] {dag.py:4180} INFO - Setting next_dagrun for example_task_group to None, run_after=None
[2025-04-02T08:14:37.023+0000] {processor.py:208} INFO - Processing /home/airflow/.local/lib/python3.12/site-packages/airflow/example_dags/example_task_group.py took 0.121 seconds
[2025-04-02T08:15:07.375+0000] {processor.py:186} INFO - Started process (PID=8919) to work on /home/airflow/.local/lib/python3.12/site-packages/airflow/example_dags/example_task_group.py
[2025-04-02T08:15:07.377+0000] {processor.py:914} INFO - Processing file /home/airflow/.local/lib/python3.12/site-packages/airflow/example_dags/example_task_group.py for tasks to queue
[2025-04-02T08:15:07.383+0000] {logging_mixin.py:190} INFO - [2025-04-02T08:15:07.382+0000] {dagbag.py:588} INFO - Filling up the DagBag from /home/airflow/.local/lib/python3.12/site-packages/airflow/example_dags/example_task_group.py
[2025-04-02T08:15:07.400+0000] {processor.py:925} INFO - DAG(s) 'example_task_group' retrieved from /home/airflow/.local/lib/python3.12/site-packages/airflow/example_dags/example_task_group.py
[2025-04-02T08:15:07.438+0000] {logging_mixin.py:190} INFO - [2025-04-02T08:15:07.437+0000] {dag.py:3239} INFO - Sync 1 DAGs
[2025-04-02T08:15:07.468+0000] {logging_mixin.py:190} INFO - [2025-04-02T08:15:07.467+0000] {dag.py:4180} INFO - Setting next_dagrun for example_task_group to None, run_after=None
[2025-04-02T08:15:07.503+0000] {processor.py:208} INFO - Processing /home/airflow/.local/lib/python3.12/site-packages/airflow/example_dags/example_task_group.py took 0.141 seconds
[2025-04-02T08:15:37.733+0000] {processor.py:186} INFO - Started process (PID=8983) to work on /home/airflow/.local/lib/python3.12/site-packages/airflow/example_dags/example_task_group.py
[2025-04-02T08:15:37.737+0000] {processor.py:914} INFO - Processing file /home/airflow/.local/lib/python3.12/site-packages/airflow/example_dags/example_task_group.py for tasks to queue
[2025-04-02T08:15:37.741+0000] {logging_mixin.py:190} INFO - [2025-04-02T08:15:37.740+0000] {dagbag.py:588} INFO - Filling up the DagBag from /home/airflow/.local/lib/python3.12/site-packages/airflow/example_dags/example_task_group.py
[2025-04-02T08:15:37.757+0000] {processor.py:925} INFO - DAG(s) 'example_task_group' retrieved from /home/airflow/.local/lib/python3.12/site-packages/airflow/example_dags/example_task_group.py
[2025-04-02T08:15:37.794+0000] {logging_mixin.py:190} INFO - [2025-04-02T08:15:37.793+0000] {dag.py:3239} INFO - Sync 1 DAGs
[2025-04-02T08:15:37.817+0000] {logging_mixin.py:190} INFO - [2025-04-02T08:15:37.817+0000] {dag.py:4180} INFO - Setting next_dagrun for example_task_group to None, run_after=None
[2025-04-02T08:15:37.848+0000] {processor.py:208} INFO - Processing /home/airflow/.local/lib/python3.12/site-packages/airflow/example_dags/example_task_group.py took 0.125 seconds
[2025-04-02T08:16:08.064+0000] {processor.py:186} INFO - Started process (PID=9047) to work on /home/airflow/.local/lib/python3.12/site-packages/airflow/example_dags/example_task_group.py
[2025-04-02T08:16:08.066+0000] {processor.py:914} INFO - Processing file /home/airflow/.local/lib/python3.12/site-packages/airflow/example_dags/example_task_group.py for tasks to queue
[2025-04-02T08:16:08.071+0000] {logging_mixin.py:190} INFO - [2025-04-02T08:16:08.071+0000] {dagbag.py:588} INFO - Filling up the DagBag from /home/airflow/.local/lib/python3.12/site-packages/airflow/example_dags/example_task_group.py
[2025-04-02T08:16:08.088+0000] {processor.py:925} INFO - DAG(s) 'example_task_group' retrieved from /home/airflow/.local/lib/python3.12/site-packages/airflow/example_dags/example_task_group.py
[2025-04-02T08:16:08.123+0000] {logging_mixin.py:190} INFO - [2025-04-02T08:16:08.122+0000] {dag.py:3239} INFO - Sync 1 DAGs
[2025-04-02T08:16:08.146+0000] {logging_mixin.py:190} INFO - [2025-04-02T08:16:08.146+0000] {dag.py:4180} INFO - Setting next_dagrun for example_task_group to None, run_after=None
[2025-04-02T08:16:08.175+0000] {processor.py:208} INFO - Processing /home/airflow/.local/lib/python3.12/site-packages/airflow/example_dags/example_task_group.py took 0.122 seconds
[2025-04-02T08:16:38.329+0000] {processor.py:186} INFO - Started process (PID=9111) to work on /home/airflow/.local/lib/python3.12/site-packages/airflow/example_dags/example_task_group.py
[2025-04-02T08:16:38.331+0000] {processor.py:914} INFO - Processing file /home/airflow/.local/lib/python3.12/site-packages/airflow/example_dags/example_task_group.py for tasks to queue
[2025-04-02T08:16:38.336+0000] {logging_mixin.py:190} INFO - [2025-04-02T08:16:38.336+0000] {dagbag.py:588} INFO - Filling up the DagBag from /home/airflow/.local/lib/python3.12/site-packages/airflow/example_dags/example_task_group.py
[2025-04-02T08:16:38.353+0000] {processor.py:925} INFO - DAG(s) 'example_task_group' retrieved from /home/airflow/.local/lib/python3.12/site-packages/airflow/example_dags/example_task_group.py
[2025-04-02T08:16:38.388+0000] {logging_mixin.py:190} INFO - [2025-04-02T08:16:38.387+0000] {dag.py:3239} INFO - Sync 1 DAGs
[2025-04-02T08:16:38.412+0000] {logging_mixin.py:190} INFO - [2025-04-02T08:16:38.412+0000] {dag.py:4180} INFO - Setting next_dagrun for example_task_group to None, run_after=None
[2025-04-02T08:16:38.443+0000] {processor.py:208} INFO - Processing /home/airflow/.local/lib/python3.12/site-packages/airflow/example_dags/example_task_group.py took 0.125 seconds
[2025-04-02T08:17:08.728+0000] {processor.py:186} INFO - Started process (PID=9175) to work on /home/airflow/.local/lib/python3.12/site-packages/airflow/example_dags/example_task_group.py
[2025-04-02T08:17:08.730+0000] {processor.py:914} INFO - Processing file /home/airflow/.local/lib/python3.12/site-packages/airflow/example_dags/example_task_group.py for tasks to queue
[2025-04-02T08:17:08.735+0000] {logging_mixin.py:190} INFO - [2025-04-02T08:17:08.734+0000] {dagbag.py:588} INFO - Filling up the DagBag from /home/airflow/.local/lib/python3.12/site-packages/airflow/example_dags/example_task_group.py
[2025-04-02T08:17:08.751+0000] {processor.py:925} INFO - DAG(s) 'example_task_group' retrieved from /home/airflow/.local/lib/python3.12/site-packages/airflow/example_dags/example_task_group.py
[2025-04-02T08:17:08.786+0000] {logging_mixin.py:190} INFO - [2025-04-02T08:17:08.786+0000] {dag.py:3239} INFO - Sync 1 DAGs
[2025-04-02T08:17:08.809+0000] {logging_mixin.py:190} INFO - [2025-04-02T08:17:08.808+0000] {dag.py:4180} INFO - Setting next_dagrun for example_task_group to None, run_after=None
[2025-04-02T08:17:08.838+0000] {processor.py:208} INFO - Processing /home/airflow/.local/lib/python3.12/site-packages/airflow/example_dags/example_task_group.py took 0.121 seconds
[2025-04-02T08:17:39.304+0000] {processor.py:186} INFO - Started process (PID=9239) to work on /home/airflow/.local/lib/python3.12/site-packages/airflow/example_dags/example_task_group.py
[2025-04-02T08:17:39.306+0000] {processor.py:914} INFO - Processing file /home/airflow/.local/lib/python3.12/site-packages/airflow/example_dags/example_task_group.py for tasks to queue
[2025-04-02T08:17:39.311+0000] {logging_mixin.py:190} INFO - [2025-04-02T08:17:39.310+0000] {dagbag.py:588} INFO - Filling up the DagBag from /home/airflow/.local/lib/python3.12/site-packages/airflow/example_dags/example_task_group.py
[2025-04-02T08:17:39.327+0000] {processor.py:925} INFO - DAG(s) 'example_task_group' retrieved from /home/airflow/.local/lib/python3.12/site-packages/airflow/example_dags/example_task_group.py
[2025-04-02T08:17:39.362+0000] {logging_mixin.py:190} INFO - [2025-04-02T08:17:39.361+0000] {dag.py:3239} INFO - Sync 1 DAGs
[2025-04-02T08:17:39.385+0000] {logging_mixin.py:190} INFO - [2025-04-02T08:17:39.385+0000] {dag.py:4180} INFO - Setting next_dagrun for example_task_group to None, run_after=None
[2025-04-02T08:17:39.417+0000] {processor.py:208} INFO - Processing /home/airflow/.local/lib/python3.12/site-packages/airflow/example_dags/example_task_group.py took 0.124 seconds
[2025-04-02T08:18:09.824+0000] {processor.py:186} INFO - Started process (PID=9303) to work on /home/airflow/.local/lib/python3.12/site-packages/airflow/example_dags/example_task_group.py
[2025-04-02T08:18:09.826+0000] {processor.py:914} INFO - Processing file /home/airflow/.local/lib/python3.12/site-packages/airflow/example_dags/example_task_group.py for tasks to queue
[2025-04-02T08:18:09.831+0000] {logging_mixin.py:190} INFO - [2025-04-02T08:18:09.830+0000] {dagbag.py:588} INFO - Filling up the DagBag from /home/airflow/.local/lib/python3.12/site-packages/airflow/example_dags/example_task_group.py
[2025-04-02T08:18:09.847+0000] {processor.py:925} INFO - DAG(s) 'example_task_group' retrieved from /home/airflow/.local/lib/python3.12/site-packages/airflow/example_dags/example_task_group.py
[2025-04-02T08:18:09.880+0000] {logging_mixin.py:190} INFO - [2025-04-02T08:18:09.879+0000] {dag.py:3239} INFO - Sync 1 DAGs
[2025-04-02T08:18:09.902+0000] {logging_mixin.py:190} INFO - [2025-04-02T08:18:09.902+0000] {dag.py:4180} INFO - Setting next_dagrun for example_task_group to None, run_after=None
[2025-04-02T08:18:09.932+0000] {processor.py:208} INFO - Processing /home/airflow/.local/lib/python3.12/site-packages/airflow/example_dags/example_task_group.py took 0.119 seconds
[2025-04-02T08:18:40.193+0000] {processor.py:186} INFO - Started process (PID=9367) to work on /home/airflow/.local/lib/python3.12/site-packages/airflow/example_dags/example_task_group.py
[2025-04-02T08:18:40.195+0000] {processor.py:914} INFO - Processing file /home/airflow/.local/lib/python3.12/site-packages/airflow/example_dags/example_task_group.py for tasks to queue
[2025-04-02T08:18:40.201+0000] {logging_mixin.py:190} INFO - [2025-04-02T08:18:40.200+0000] {dagbag.py:588} INFO - Filling up the DagBag from /home/airflow/.local/lib/python3.12/site-packages/airflow/example_dags/example_task_group.py
[2025-04-02T08:18:40.218+0000] {processor.py:925} INFO - DAG(s) 'example_task_group' retrieved from /home/airflow/.local/lib/python3.12/site-packages/airflow/example_dags/example_task_group.py
[2025-04-02T08:18:40.257+0000] {logging_mixin.py:190} INFO - [2025-04-02T08:18:40.256+0000] {dag.py:3239} INFO - Sync 1 DAGs
[2025-04-02T08:18:40.283+0000] {logging_mixin.py:190} INFO - [2025-04-02T08:18:40.282+0000] {dag.py:4180} INFO - Setting next_dagrun for example_task_group to None, run_after=None
[2025-04-02T08:18:40.314+0000] {processor.py:208} INFO - Processing /home/airflow/.local/lib/python3.12/site-packages/airflow/example_dags/example_task_group.py took 0.132 seconds
[2025-04-02T08:19:10.610+0000] {processor.py:186} INFO - Started process (PID=9431) to work on /home/airflow/.local/lib/python3.12/site-packages/airflow/example_dags/example_task_group.py
[2025-04-02T08:19:10.612+0000] {processor.py:914} INFO - Processing file /home/airflow/.local/lib/python3.12/site-packages/airflow/example_dags/example_task_group.py for tasks to queue
[2025-04-02T08:19:10.617+0000] {logging_mixin.py:190} INFO - [2025-04-02T08:19:10.617+0000] {dagbag.py:588} INFO - Filling up the DagBag from /home/airflow/.local/lib/python3.12/site-packages/airflow/example_dags/example_task_group.py
[2025-04-02T08:19:10.634+0000] {processor.py:925} INFO - DAG(s) 'example_task_group' retrieved from /home/airflow/.local/lib/python3.12/site-packages/airflow/example_dags/example_task_group.py
[2025-04-02T08:19:10.680+0000] {logging_mixin.py:190} INFO - [2025-04-02T08:19:10.680+0000] {dag.py:3239} INFO - Sync 1 DAGs
[2025-04-02T08:19:10.705+0000] {logging_mixin.py:190} INFO - [2025-04-02T08:19:10.705+0000] {dag.py:4180} INFO - Setting next_dagrun for example_task_group to None, run_after=None
[2025-04-02T08:19:10.733+0000] {processor.py:208} INFO - Processing /home/airflow/.local/lib/python3.12/site-packages/airflow/example_dags/example_task_group.py took 0.134 seconds
[2025-04-02T08:19:41.086+0000] {processor.py:186} INFO - Started process (PID=9495) to work on /home/airflow/.local/lib/python3.12/site-packages/airflow/example_dags/example_task_group.py
[2025-04-02T08:19:41.088+0000] {processor.py:914} INFO - Processing file /home/airflow/.local/lib/python3.12/site-packages/airflow/example_dags/example_task_group.py for tasks to queue
[2025-04-02T08:19:41.093+0000] {logging_mixin.py:190} INFO - [2025-04-02T08:19:41.092+0000] {dagbag.py:588} INFO - Filling up the DagBag from /home/airflow/.local/lib/python3.12/site-packages/airflow/example_dags/example_task_group.py
[2025-04-02T08:19:41.109+0000] {processor.py:925} INFO - DAG(s) 'example_task_group' retrieved from /home/airflow/.local/lib/python3.12/site-packages/airflow/example_dags/example_task_group.py
[2025-04-02T08:19:41.145+0000] {logging_mixin.py:190} INFO - [2025-04-02T08:19:41.145+0000] {dag.py:3239} INFO - Sync 1 DAGs
[2025-04-02T08:19:41.169+0000] {logging_mixin.py:190} INFO - [2025-04-02T08:19:41.168+0000] {dag.py:4180} INFO - Setting next_dagrun for example_task_group to None, run_after=None
[2025-04-02T08:19:41.199+0000] {processor.py:208} INFO - Processing /home/airflow/.local/lib/python3.12/site-packages/airflow/example_dags/example_task_group.py took 0.123 seconds
[2025-04-02T08:20:11.380+0000] {processor.py:186} INFO - Started process (PID=9559) to work on /home/airflow/.local/lib/python3.12/site-packages/airflow/example_dags/example_task_group.py
[2025-04-02T08:20:11.382+0000] {processor.py:914} INFO - Processing file /home/airflow/.local/lib/python3.12/site-packages/airflow/example_dags/example_task_group.py for tasks to queue
[2025-04-02T08:20:11.387+0000] {logging_mixin.py:190} INFO - [2025-04-02T08:20:11.386+0000] {dagbag.py:588} INFO - Filling up the DagBag from /home/airflow/.local/lib/python3.12/site-packages/airflow/example_dags/example_task_group.py
[2025-04-02T08:20:11.404+0000] {processor.py:925} INFO - DAG(s) 'example_task_group' retrieved from /home/airflow/.local/lib/python3.12/site-packages/airflow/example_dags/example_task_group.py
[2025-04-02T08:20:11.441+0000] {logging_mixin.py:190} INFO - [2025-04-02T08:20:11.441+0000] {dag.py:3239} INFO - Sync 1 DAGs
[2025-04-02T08:20:11.465+0000] {logging_mixin.py:190} INFO - [2025-04-02T08:20:11.465+0000] {dag.py:4180} INFO - Setting next_dagrun for example_task_group to None, run_after=None
[2025-04-02T08:20:11.493+0000] {processor.py:208} INFO - Processing /home/airflow/.local/lib/python3.12/site-packages/airflow/example_dags/example_task_group.py took 0.124 seconds
[2025-04-02T08:20:42.306+0000] {processor.py:186} INFO - Started process (PID=9623) to work on /home/airflow/.local/lib/python3.12/site-packages/airflow/example_dags/example_task_group.py
[2025-04-02T08:20:42.309+0000] {processor.py:914} INFO - Processing file /home/airflow/.local/lib/python3.12/site-packages/airflow/example_dags/example_task_group.py for tasks to queue
[2025-04-02T08:20:42.330+0000] {logging_mixin.py:190} INFO - [2025-04-02T08:20:42.329+0000] {dagbag.py:588} INFO - Filling up the DagBag from /home/airflow/.local/lib/python3.12/site-packages/airflow/example_dags/example_task_group.py
[2025-04-02T08:20:42.392+0000] {processor.py:925} INFO - DAG(s) 'example_task_group' retrieved from /home/airflow/.local/lib/python3.12/site-packages/airflow/example_dags/example_task_group.py
[2025-04-02T08:20:42.512+0000] {logging_mixin.py:190} INFO - [2025-04-02T08:20:42.509+0000] {dag.py:3239} INFO - Sync 1 DAGs
[2025-04-02T08:20:42.594+0000] {logging_mixin.py:190} INFO - [2025-04-02T08:20:42.591+0000] {dag.py:4180} INFO - Setting next_dagrun for example_task_group to None, run_after=None
[2025-04-02T08:20:42.690+0000] {processor.py:208} INFO - Processing /home/airflow/.local/lib/python3.12/site-packages/airflow/example_dags/example_task_group.py took 0.422 seconds
[2025-04-02T08:21:12.846+0000] {processor.py:186} INFO - Started process (PID=9687) to work on /home/airflow/.local/lib/python3.12/site-packages/airflow/example_dags/example_task_group.py
[2025-04-02T08:21:12.848+0000] {processor.py:914} INFO - Processing file /home/airflow/.local/lib/python3.12/site-packages/airflow/example_dags/example_task_group.py for tasks to queue
[2025-04-02T08:21:12.853+0000] {logging_mixin.py:190} INFO - [2025-04-02T08:21:12.853+0000] {dagbag.py:588} INFO - Filling up the DagBag from /home/airflow/.local/lib/python3.12/site-packages/airflow/example_dags/example_task_group.py
[2025-04-02T08:21:12.870+0000] {processor.py:925} INFO - DAG(s) 'example_task_group' retrieved from /home/airflow/.local/lib/python3.12/site-packages/airflow/example_dags/example_task_group.py
[2025-04-02T08:21:12.904+0000] {logging_mixin.py:190} INFO - [2025-04-02T08:21:12.904+0000] {dag.py:3239} INFO - Sync 1 DAGs
[2025-04-02T08:21:12.927+0000] {logging_mixin.py:190} INFO - [2025-04-02T08:21:12.927+0000] {dag.py:4180} INFO - Setting next_dagrun for example_task_group to None, run_after=None
[2025-04-02T08:21:12.955+0000] {processor.py:208} INFO - Processing /home/airflow/.local/lib/python3.12/site-packages/airflow/example_dags/example_task_group.py took 0.120 seconds
[2025-04-02T08:21:43.859+0000] {processor.py:186} INFO - Started process (PID=9751) to work on /home/airflow/.local/lib/python3.12/site-packages/airflow/example_dags/example_task_group.py
[2025-04-02T08:21:43.861+0000] {processor.py:914} INFO - Processing file /home/airflow/.local/lib/python3.12/site-packages/airflow/example_dags/example_task_group.py for tasks to queue
[2025-04-02T08:21:43.866+0000] {logging_mixin.py:190} INFO - [2025-04-02T08:21:43.865+0000] {dagbag.py:588} INFO - Filling up the DagBag from /home/airflow/.local/lib/python3.12/site-packages/airflow/example_dags/example_task_group.py
[2025-04-02T08:21:43.882+0000] {processor.py:925} INFO - DAG(s) 'example_task_group' retrieved from /home/airflow/.local/lib/python3.12/site-packages/airflow/example_dags/example_task_group.py
[2025-04-02T08:21:43.916+0000] {logging_mixin.py:190} INFO - [2025-04-02T08:21:43.916+0000] {dag.py:3239} INFO - Sync 1 DAGs
[2025-04-02T08:21:43.939+0000] {logging_mixin.py:190} INFO - [2025-04-02T08:21:43.938+0000] {dag.py:4180} INFO - Setting next_dagrun for example_task_group to None, run_after=None
[2025-04-02T08:21:43.967+0000] {processor.py:208} INFO - Processing /home/airflow/.local/lib/python3.12/site-packages/airflow/example_dags/example_task_group.py took 0.121 seconds
[2025-04-02T08:22:14.781+0000] {processor.py:186} INFO - Started process (PID=9815) to work on /home/airflow/.local/lib/python3.12/site-packages/airflow/example_dags/example_task_group.py
[2025-04-02T08:22:14.784+0000] {processor.py:914} INFO - Processing file /home/airflow/.local/lib/python3.12/site-packages/airflow/example_dags/example_task_group.py for tasks to queue
[2025-04-02T08:22:14.791+0000] {logging_mixin.py:190} INFO - [2025-04-02T08:22:14.790+0000] {dagbag.py:588} INFO - Filling up the DagBag from /home/airflow/.local/lib/python3.12/site-packages/airflow/example_dags/example_task_group.py
[2025-04-02T08:22:14.817+0000] {processor.py:925} INFO - DAG(s) 'example_task_group' retrieved from /home/airflow/.local/lib/python3.12/site-packages/airflow/example_dags/example_task_group.py
[2025-04-02T08:22:14.887+0000] {logging_mixin.py:190} INFO - [2025-04-02T08:22:14.886+0000] {dag.py:3239} INFO - Sync 1 DAGs
[2025-04-02T08:22:14.933+0000] {logging_mixin.py:190} INFO - [2025-04-02T08:22:14.933+0000] {dag.py:4180} INFO - Setting next_dagrun for example_task_group to None, run_after=None
[2025-04-02T08:22:14.977+0000] {processor.py:208} INFO - Processing /home/airflow/.local/lib/python3.12/site-packages/airflow/example_dags/example_task_group.py took 0.212 seconds
[2025-04-02T08:22:45.326+0000] {processor.py:186} INFO - Started process (PID=9879) to work on /home/airflow/.local/lib/python3.12/site-packages/airflow/example_dags/example_task_group.py
[2025-04-02T08:22:45.327+0000] {processor.py:914} INFO - Processing file /home/airflow/.local/lib/python3.12/site-packages/airflow/example_dags/example_task_group.py for tasks to queue
[2025-04-02T08:22:45.332+0000] {logging_mixin.py:190} INFO - [2025-04-02T08:22:45.332+0000] {dagbag.py:588} INFO - Filling up the DagBag from /home/airflow/.local/lib/python3.12/site-packages/airflow/example_dags/example_task_group.py
[2025-04-02T08:22:45.349+0000] {processor.py:925} INFO - DAG(s) 'example_task_group' retrieved from /home/airflow/.local/lib/python3.12/site-packages/airflow/example_dags/example_task_group.py
[2025-04-02T08:22:45.386+0000] {logging_mixin.py:190} INFO - [2025-04-02T08:22:45.385+0000] {dag.py:3239} INFO - Sync 1 DAGs
[2025-04-02T08:22:45.411+0000] {logging_mixin.py:190} INFO - [2025-04-02T08:22:45.410+0000] {dag.py:4180} INFO - Setting next_dagrun for example_task_group to None, run_after=None
[2025-04-02T08:22:45.439+0000] {processor.py:208} INFO - Processing /home/airflow/.local/lib/python3.12/site-packages/airflow/example_dags/example_task_group.py took 0.127 seconds
[2025-04-02T08:23:16.288+0000] {processor.py:186} INFO - Started process (PID=9943) to work on /home/airflow/.local/lib/python3.12/site-packages/airflow/example_dags/example_task_group.py
[2025-04-02T08:23:16.290+0000] {processor.py:914} INFO - Processing file /home/airflow/.local/lib/python3.12/site-packages/airflow/example_dags/example_task_group.py for tasks to queue
[2025-04-02T08:23:16.295+0000] {logging_mixin.py:190} INFO - [2025-04-02T08:23:16.295+0000] {dagbag.py:588} INFO - Filling up the DagBag from /home/airflow/.local/lib/python3.12/site-packages/airflow/example_dags/example_task_group.py
[2025-04-02T08:23:16.313+0000] {processor.py:925} INFO - DAG(s) 'example_task_group' retrieved from /home/airflow/.local/lib/python3.12/site-packages/airflow/example_dags/example_task_group.py
[2025-04-02T08:23:16.348+0000] {logging_mixin.py:190} INFO - [2025-04-02T08:23:16.348+0000] {dag.py:3239} INFO - Sync 1 DAGs
[2025-04-02T08:23:16.372+0000] {logging_mixin.py:190} INFO - [2025-04-02T08:23:16.371+0000] {dag.py:4180} INFO - Setting next_dagrun for example_task_group to None, run_after=None
[2025-04-02T08:23:16.400+0000] {processor.py:208} INFO - Processing /home/airflow/.local/lib/python3.12/site-packages/airflow/example_dags/example_task_group.py took 0.123 seconds
