[2025-04-02T07:56:25.480+0000] {processor.py:186} INFO - Started process (PID=6392) to work on /home/airflow/.local/lib/python3.12/site-packages/airflow/example_dags/example_sla_dag.py
[2025-04-02T07:56:25.482+0000] {processor.py:914} INFO - Processing file /home/airflow/.local/lib/python3.12/site-packages/airflow/example_dags/example_sla_dag.py for tasks to queue
[2025-04-02T07:56:25.491+0000] {logging_mixin.py:190} INFO - [2025-04-02T07:56:25.490+0000] {dagbag.py:588} INFO - Filling up the DagBag from /home/airflow/.local/lib/python3.12/site-packages/airflow/example_dags/example_sla_dag.py
[2025-04-02T07:56:25.539+0000] {processor.py:925} INFO - DAG(s) 'example_sla_dag' retrieved from /home/airflow/.local/lib/python3.12/site-packages/airflow/example_dags/example_sla_dag.py
[2025-04-02T07:56:25.611+0000] {logging_mixin.py:190} INFO - [2025-04-02T07:56:25.608+0000] {dag.py:3239} INFO - Sync 1 DAGs
[2025-04-02T07:56:25.702+0000] {logging_mixin.py:190} INFO - [2025-04-02T07:56:25.702+0000] {dag.py:4180} INFO - Setting next_dagrun for example_sla_dag to 2025-04-02 07:54:00+00:00, run_after=2025-04-02 07:56:00+00:00
[2025-04-02T07:56:25.757+0000] {processor.py:208} INFO - Processing /home/airflow/.local/lib/python3.12/site-packages/airflow/example_dags/example_sla_dag.py took 0.306 seconds
[2025-04-02T07:56:56.190+0000] {processor.py:186} INFO - Started process (PID=6460) to work on /home/airflow/.local/lib/python3.12/site-packages/airflow/example_dags/example_sla_dag.py
[2025-04-02T07:56:56.194+0000] {processor.py:914} INFO - Processing file /home/airflow/.local/lib/python3.12/site-packages/airflow/example_dags/example_sla_dag.py for tasks to queue
[2025-04-02T07:56:56.206+0000] {logging_mixin.py:190} INFO - [2025-04-02T07:56:56.203+0000] {dagbag.py:588} INFO - Filling up the DagBag from /home/airflow/.local/lib/python3.12/site-packages/airflow/example_dags/example_sla_dag.py
[2025-04-02T07:56:56.252+0000] {processor.py:925} INFO - DAG(s) 'example_sla_dag' retrieved from /home/airflow/.local/lib/python3.12/site-packages/airflow/example_dags/example_sla_dag.py
[2025-04-02T07:56:56.322+0000] {logging_mixin.py:190} INFO - [2025-04-02T07:56:56.320+0000] {dag.py:3239} INFO - Sync 1 DAGs
[2025-04-02T07:56:56.402+0000] {logging_mixin.py:190} INFO - [2025-04-02T07:56:56.402+0000] {dag.py:4180} INFO - Setting next_dagrun for example_sla_dag to 2025-04-02 07:54:00+00:00, run_after=2025-04-02 07:56:00+00:00
[2025-04-02T07:56:56.461+0000] {processor.py:208} INFO - Processing /home/airflow/.local/lib/python3.12/site-packages/airflow/example_dags/example_sla_dag.py took 0.301 seconds
[2025-04-02T07:57:26.981+0000] {processor.py:186} INFO - Started process (PID=6524) to work on /home/airflow/.local/lib/python3.12/site-packages/airflow/example_dags/example_sla_dag.py
[2025-04-02T07:57:26.983+0000] {processor.py:914} INFO - Processing file /home/airflow/.local/lib/python3.12/site-packages/airflow/example_dags/example_sla_dag.py for tasks to queue
[2025-04-02T07:57:26.991+0000] {logging_mixin.py:190} INFO - [2025-04-02T07:57:26.989+0000] {dagbag.py:588} INFO - Filling up the DagBag from /home/airflow/.local/lib/python3.12/site-packages/airflow/example_dags/example_sla_dag.py
[2025-04-02T07:57:27.018+0000] {processor.py:925} INFO - DAG(s) 'example_sla_dag' retrieved from /home/airflow/.local/lib/python3.12/site-packages/airflow/example_dags/example_sla_dag.py
[2025-04-02T07:57:27.068+0000] {logging_mixin.py:190} INFO - [2025-04-02T07:57:27.067+0000] {dag.py:3239} INFO - Sync 1 DAGs
[2025-04-02T07:57:27.137+0000] {logging_mixin.py:190} INFO - [2025-04-02T07:57:27.137+0000] {dag.py:4180} INFO - Setting next_dagrun for example_sla_dag to 2025-04-02 07:54:00+00:00, run_after=2025-04-02 07:56:00+00:00
[2025-04-02T07:57:27.181+0000] {processor.py:208} INFO - Processing /home/airflow/.local/lib/python3.12/site-packages/airflow/example_dags/example_sla_dag.py took 0.217 seconds
[2025-04-02T07:57:58.303+0000] {processor.py:186} INFO - Started process (PID=6602) to work on /home/airflow/.local/lib/python3.12/site-packages/airflow/example_dags/example_sla_dag.py
[2025-04-02T07:57:58.307+0000] {processor.py:914} INFO - Processing file /home/airflow/.local/lib/python3.12/site-packages/airflow/example_dags/example_sla_dag.py for tasks to queue
[2025-04-02T07:57:58.313+0000] {logging_mixin.py:190} INFO - [2025-04-02T07:57:58.312+0000] {dagbag.py:588} INFO - Filling up the DagBag from /home/airflow/.local/lib/python3.12/site-packages/airflow/example_dags/example_sla_dag.py
[2025-04-02T07:57:58.346+0000] {processor.py:925} INFO - DAG(s) 'example_sla_dag' retrieved from /home/airflow/.local/lib/python3.12/site-packages/airflow/example_dags/example_sla_dag.py
[2025-04-02T07:57:58.401+0000] {logging_mixin.py:190} INFO - [2025-04-02T07:57:58.400+0000] {dag.py:3239} INFO - Sync 1 DAGs
[2025-04-02T07:57:58.500+0000] {logging_mixin.py:190} INFO - [2025-04-02T07:57:58.499+0000] {dag.py:4180} INFO - Setting next_dagrun for example_sla_dag to 2025-04-02 07:54:00+00:00, run_after=2025-04-02 07:56:00+00:00
[2025-04-02T07:57:58.556+0000] {processor.py:208} INFO - Processing /home/airflow/.local/lib/python3.12/site-packages/airflow/example_dags/example_sla_dag.py took 0.270 seconds
[2025-04-02T07:58:29.305+0000] {processor.py:186} INFO - Started process (PID=6666) to work on /home/airflow/.local/lib/python3.12/site-packages/airflow/example_dags/example_sla_dag.py
[2025-04-02T07:58:29.309+0000] {processor.py:914} INFO - Processing file /home/airflow/.local/lib/python3.12/site-packages/airflow/example_dags/example_sla_dag.py for tasks to queue
[2025-04-02T07:58:29.316+0000] {logging_mixin.py:190} INFO - [2025-04-02T07:58:29.315+0000] {dagbag.py:588} INFO - Filling up the DagBag from /home/airflow/.local/lib/python3.12/site-packages/airflow/example_dags/example_sla_dag.py
[2025-04-02T07:58:29.343+0000] {processor.py:925} INFO - DAG(s) 'example_sla_dag' retrieved from /home/airflow/.local/lib/python3.12/site-packages/airflow/example_dags/example_sla_dag.py
[2025-04-02T07:58:29.386+0000] {logging_mixin.py:190} INFO - [2025-04-02T07:58:29.384+0000] {dag.py:3239} INFO - Sync 1 DAGs
[2025-04-02T07:58:29.449+0000] {logging_mixin.py:190} INFO - [2025-04-02T07:58:29.448+0000] {dag.py:4180} INFO - Setting next_dagrun for example_sla_dag to 2025-04-02 07:56:00+00:00, run_after=2025-04-02 07:58:00+00:00
[2025-04-02T07:58:29.492+0000] {processor.py:208} INFO - Processing /home/airflow/.local/lib/python3.12/site-packages/airflow/example_dags/example_sla_dag.py took 0.202 seconds
[2025-04-02T07:58:59.784+0000] {processor.py:186} INFO - Started process (PID=6743) to work on /home/airflow/.local/lib/python3.12/site-packages/airflow/example_dags/example_sla_dag.py
[2025-04-02T07:58:59.788+0000] {processor.py:914} INFO - Processing file /home/airflow/.local/lib/python3.12/site-packages/airflow/example_dags/example_sla_dag.py for tasks to queue
[2025-04-02T07:58:59.794+0000] {logging_mixin.py:190} INFO - [2025-04-02T07:58:59.794+0000] {dagbag.py:588} INFO - Filling up the DagBag from /home/airflow/.local/lib/python3.12/site-packages/airflow/example_dags/example_sla_dag.py
[2025-04-02T07:58:59.825+0000] {processor.py:925} INFO - DAG(s) 'example_sla_dag' retrieved from /home/airflow/.local/lib/python3.12/site-packages/airflow/example_dags/example_sla_dag.py
[2025-04-02T07:58:59.877+0000] {logging_mixin.py:190} INFO - [2025-04-02T07:58:59.876+0000] {dag.py:3239} INFO - Sync 1 DAGs
[2025-04-02T07:58:59.946+0000] {logging_mixin.py:190} INFO - [2025-04-02T07:58:59.946+0000] {dag.py:4180} INFO - Setting next_dagrun for example_sla_dag to 2025-04-02 07:56:00+00:00, run_after=2025-04-02 07:58:00+00:00
[2025-04-02T07:58:59.986+0000] {processor.py:208} INFO - Processing /home/airflow/.local/lib/python3.12/site-packages/airflow/example_dags/example_sla_dag.py took 0.226 seconds
[2025-04-02T07:59:30.836+0000] {processor.py:186} INFO - Started process (PID=6807) to work on /home/airflow/.local/lib/python3.12/site-packages/airflow/example_dags/example_sla_dag.py
[2025-04-02T07:59:30.839+0000] {processor.py:914} INFO - Processing file /home/airflow/.local/lib/python3.12/site-packages/airflow/example_dags/example_sla_dag.py for tasks to queue
[2025-04-02T07:59:30.846+0000] {logging_mixin.py:190} INFO - [2025-04-02T07:59:30.845+0000] {dagbag.py:588} INFO - Filling up the DagBag from /home/airflow/.local/lib/python3.12/site-packages/airflow/example_dags/example_sla_dag.py
[2025-04-02T07:59:30.880+0000] {processor.py:925} INFO - DAG(s) 'example_sla_dag' retrieved from /home/airflow/.local/lib/python3.12/site-packages/airflow/example_dags/example_sla_dag.py
[2025-04-02T07:59:30.954+0000] {logging_mixin.py:190} INFO - [2025-04-02T07:59:30.951+0000] {dag.py:3239} INFO - Sync 1 DAGs
[2025-04-02T07:59:31.074+0000] {logging_mixin.py:190} INFO - [2025-04-02T07:59:31.074+0000] {dag.py:4180} INFO - Setting next_dagrun for example_sla_dag to 2025-04-02 07:56:00+00:00, run_after=2025-04-02 07:58:00+00:00
[2025-04-02T07:59:31.145+0000] {processor.py:208} INFO - Processing /home/airflow/.local/lib/python3.12/site-packages/airflow/example_dags/example_sla_dag.py took 0.336 seconds
[2025-04-02T08:00:01.752+0000] {processor.py:186} INFO - Started process (PID=6895) to work on /home/airflow/.local/lib/python3.12/site-packages/airflow/example_dags/example_sla_dag.py
[2025-04-02T08:00:01.754+0000] {processor.py:914} INFO - Processing file /home/airflow/.local/lib/python3.12/site-packages/airflow/example_dags/example_sla_dag.py for tasks to queue
[2025-04-02T08:00:01.761+0000] {logging_mixin.py:190} INFO - [2025-04-02T08:00:01.760+0000] {dagbag.py:588} INFO - Filling up the DagBag from /home/airflow/.local/lib/python3.12/site-packages/airflow/example_dags/example_sla_dag.py
[2025-04-02T08:00:01.801+0000] {processor.py:925} INFO - DAG(s) 'example_sla_dag' retrieved from /home/airflow/.local/lib/python3.12/site-packages/airflow/example_dags/example_sla_dag.py
[2025-04-02T08:00:01.852+0000] {logging_mixin.py:190} INFO - [2025-04-02T08:00:01.851+0000] {dag.py:3239} INFO - Sync 1 DAGs
[2025-04-02T08:00:01.917+0000] {logging_mixin.py:190} INFO - [2025-04-02T08:00:01.916+0000] {dag.py:4180} INFO - Setting next_dagrun for example_sla_dag to 2025-04-02 07:58:00+00:00, run_after=2025-04-02 08:00:00+00:00
[2025-04-02T08:00:01.957+0000] {processor.py:208} INFO - Processing /home/airflow/.local/lib/python3.12/site-packages/airflow/example_dags/example_sla_dag.py took 0.230 seconds
[2025-04-02T08:00:32.854+0000] {processor.py:186} INFO - Started process (PID=6959) to work on /home/airflow/.local/lib/python3.12/site-packages/airflow/example_dags/example_sla_dag.py
[2025-04-02T08:00:32.859+0000] {processor.py:914} INFO - Processing file /home/airflow/.local/lib/python3.12/site-packages/airflow/example_dags/example_sla_dag.py for tasks to queue
[2025-04-02T08:00:32.867+0000] {logging_mixin.py:190} INFO - [2025-04-02T08:00:32.867+0000] {dagbag.py:588} INFO - Filling up the DagBag from /home/airflow/.local/lib/python3.12/site-packages/airflow/example_dags/example_sla_dag.py
[2025-04-02T08:00:32.911+0000] {processor.py:925} INFO - DAG(s) 'example_sla_dag' retrieved from /home/airflow/.local/lib/python3.12/site-packages/airflow/example_dags/example_sla_dag.py
[2025-04-02T08:00:32.974+0000] {logging_mixin.py:190} INFO - [2025-04-02T08:00:32.973+0000] {dag.py:3239} INFO - Sync 1 DAGs
[2025-04-02T08:00:33.035+0000] {logging_mixin.py:190} INFO - [2025-04-02T08:00:33.035+0000] {dag.py:4180} INFO - Setting next_dagrun for example_sla_dag to 2025-04-02 07:58:00+00:00, run_after=2025-04-02 08:00:00+00:00
[2025-04-02T08:00:33.076+0000] {processor.py:208} INFO - Processing /home/airflow/.local/lib/python3.12/site-packages/airflow/example_dags/example_sla_dag.py took 0.253 seconds
[2025-04-02T08:01:03.688+0000] {processor.py:186} INFO - Started process (PID=7031) to work on /home/airflow/.local/lib/python3.12/site-packages/airflow/example_dags/example_sla_dag.py
[2025-04-02T08:01:03.689+0000] {processor.py:914} INFO - Processing file /home/airflow/.local/lib/python3.12/site-packages/airflow/example_dags/example_sla_dag.py for tasks to queue
[2025-04-02T08:01:03.698+0000] {logging_mixin.py:190} INFO - [2025-04-02T08:01:03.697+0000] {dagbag.py:588} INFO - Filling up the DagBag from /home/airflow/.local/lib/python3.12/site-packages/airflow/example_dags/example_sla_dag.py
[2025-04-02T08:01:03.740+0000] {processor.py:925} INFO - DAG(s) 'example_sla_dag' retrieved from /home/airflow/.local/lib/python3.12/site-packages/airflow/example_dags/example_sla_dag.py
[2025-04-02T08:01:03.811+0000] {logging_mixin.py:190} INFO - [2025-04-02T08:01:03.809+0000] {dag.py:3239} INFO - Sync 1 DAGs
[2025-04-02T08:01:03.894+0000] {logging_mixin.py:190} INFO - [2025-04-02T08:01:03.894+0000] {dag.py:4180} INFO - Setting next_dagrun for example_sla_dag to 2025-04-02 07:58:00+00:00, run_after=2025-04-02 08:00:00+00:00
[2025-04-02T08:01:03.944+0000] {processor.py:208} INFO - Processing /home/airflow/.local/lib/python3.12/site-packages/airflow/example_dags/example_sla_dag.py took 0.275 seconds
[2025-04-02T08:01:35.736+0000] {processor.py:186} INFO - Started process (PID=7117) to work on /home/airflow/.local/lib/python3.12/site-packages/airflow/example_dags/example_sla_dag.py
[2025-04-02T08:01:35.743+0000] {processor.py:914} INFO - Processing file /home/airflow/.local/lib/python3.12/site-packages/airflow/example_dags/example_sla_dag.py for tasks to queue
[2025-04-02T08:01:35.755+0000] {logging_mixin.py:190} INFO - [2025-04-02T08:01:35.750+0000] {dagbag.py:588} INFO - Filling up the DagBag from /home/airflow/.local/lib/python3.12/site-packages/airflow/example_dags/example_sla_dag.py
[2025-04-02T08:01:35.822+0000] {processor.py:925} INFO - DAG(s) 'example_sla_dag' retrieved from /home/airflow/.local/lib/python3.12/site-packages/airflow/example_dags/example_sla_dag.py
[2025-04-02T08:01:35.902+0000] {logging_mixin.py:190} INFO - [2025-04-02T08:01:35.901+0000] {dag.py:3239} INFO - Sync 1 DAGs
[2025-04-02T08:01:36.040+0000] {logging_mixin.py:190} INFO - [2025-04-02T08:01:36.037+0000] {dag.py:4180} INFO - Setting next_dagrun for example_sla_dag to 2025-04-02 07:58:00+00:00, run_after=2025-04-02 08:00:00+00:00
[2025-04-02T08:01:36.116+0000] {processor.py:208} INFO - Processing /home/airflow/.local/lib/python3.12/site-packages/airflow/example_dags/example_sla_dag.py took 0.428 seconds
[2025-04-02T08:02:06.281+0000] {processor.py:186} INFO - Started process (PID=7185) to work on /home/airflow/.local/lib/python3.12/site-packages/airflow/example_dags/example_sla_dag.py
[2025-04-02T08:02:06.282+0000] {processor.py:914} INFO - Processing file /home/airflow/.local/lib/python3.12/site-packages/airflow/example_dags/example_sla_dag.py for tasks to queue
[2025-04-02T08:02:06.288+0000] {logging_mixin.py:190} INFO - [2025-04-02T08:02:06.287+0000] {dagbag.py:588} INFO - Filling up the DagBag from /home/airflow/.local/lib/python3.12/site-packages/airflow/example_dags/example_sla_dag.py
[2025-04-02T08:02:06.311+0000] {processor.py:925} INFO - DAG(s) 'example_sla_dag' retrieved from /home/airflow/.local/lib/python3.12/site-packages/airflow/example_dags/example_sla_dag.py
[2025-04-02T08:02:06.360+0000] {logging_mixin.py:190} INFO - [2025-04-02T08:02:06.359+0000] {dag.py:3239} INFO - Sync 1 DAGs
[2025-04-02T08:02:06.442+0000] {logging_mixin.py:190} INFO - [2025-04-02T08:02:06.442+0000] {dag.py:4180} INFO - Setting next_dagrun for example_sla_dag to 2025-04-02 08:00:00+00:00, run_after=2025-04-02 08:02:00+00:00
[2025-04-02T08:02:06.494+0000] {processor.py:208} INFO - Processing /home/airflow/.local/lib/python3.12/site-packages/airflow/example_dags/example_sla_dag.py took 0.229 seconds
[2025-04-02T08:02:37.154+0000] {processor.py:186} INFO - Started process (PID=7271) to work on /home/airflow/.local/lib/python3.12/site-packages/airflow/example_dags/example_sla_dag.py
[2025-04-02T08:02:37.156+0000] {processor.py:914} INFO - Processing file /home/airflow/.local/lib/python3.12/site-packages/airflow/example_dags/example_sla_dag.py for tasks to queue
[2025-04-02T08:02:37.161+0000] {logging_mixin.py:190} INFO - [2025-04-02T08:02:37.161+0000] {dagbag.py:588} INFO - Filling up the DagBag from /home/airflow/.local/lib/python3.12/site-packages/airflow/example_dags/example_sla_dag.py
[2025-04-02T08:02:37.189+0000] {processor.py:925} INFO - DAG(s) 'example_sla_dag' retrieved from /home/airflow/.local/lib/python3.12/site-packages/airflow/example_dags/example_sla_dag.py
[2025-04-02T08:02:37.241+0000] {logging_mixin.py:190} INFO - [2025-04-02T08:02:37.240+0000] {dag.py:3239} INFO - Sync 1 DAGs
[2025-04-02T08:02:37.315+0000] {logging_mixin.py:190} INFO - [2025-04-02T08:02:37.315+0000] {dag.py:4180} INFO - Setting next_dagrun for example_sla_dag to 2025-04-02 08:00:00+00:00, run_after=2025-04-02 08:02:00+00:00
[2025-04-02T08:02:37.366+0000] {processor.py:208} INFO - Processing /home/airflow/.local/lib/python3.12/site-packages/airflow/example_dags/example_sla_dag.py took 0.231 seconds
[2025-04-02T08:03:08.379+0000] {processor.py:186} INFO - Started process (PID=7339) to work on /home/airflow/.local/lib/python3.12/site-packages/airflow/example_dags/example_sla_dag.py
[2025-04-02T08:03:08.381+0000] {processor.py:914} INFO - Processing file /home/airflow/.local/lib/python3.12/site-packages/airflow/example_dags/example_sla_dag.py for tasks to queue
[2025-04-02T08:03:08.387+0000] {logging_mixin.py:190} INFO - [2025-04-02T08:03:08.386+0000] {dagbag.py:588} INFO - Filling up the DagBag from /home/airflow/.local/lib/python3.12/site-packages/airflow/example_dags/example_sla_dag.py
[2025-04-02T08:03:08.411+0000] {processor.py:925} INFO - DAG(s) 'example_sla_dag' retrieved from /home/airflow/.local/lib/python3.12/site-packages/airflow/example_dags/example_sla_dag.py
[2025-04-02T08:03:08.452+0000] {logging_mixin.py:190} INFO - [2025-04-02T08:03:08.451+0000] {dag.py:3239} INFO - Sync 1 DAGs
[2025-04-02T08:03:08.513+0000] {logging_mixin.py:190} INFO - [2025-04-02T08:03:08.512+0000] {dag.py:4180} INFO - Setting next_dagrun for example_sla_dag to 2025-04-02 08:00:00+00:00, run_after=2025-04-02 08:02:00+00:00
[2025-04-02T08:03:08.551+0000] {processor.py:208} INFO - Processing /home/airflow/.local/lib/python3.12/site-packages/airflow/example_dags/example_sla_dag.py took 0.192 seconds
[2025-04-02T08:03:39.068+0000] {processor.py:186} INFO - Started process (PID=7417) to work on /home/airflow/.local/lib/python3.12/site-packages/airflow/example_dags/example_sla_dag.py
[2025-04-02T08:03:39.069+0000] {processor.py:914} INFO - Processing file /home/airflow/.local/lib/python3.12/site-packages/airflow/example_dags/example_sla_dag.py for tasks to queue
[2025-04-02T08:03:39.077+0000] {logging_mixin.py:190} INFO - [2025-04-02T08:03:39.076+0000] {dagbag.py:588} INFO - Filling up the DagBag from /home/airflow/.local/lib/python3.12/site-packages/airflow/example_dags/example_sla_dag.py
[2025-04-02T08:03:39.105+0000] {processor.py:925} INFO - DAG(s) 'example_sla_dag' retrieved from /home/airflow/.local/lib/python3.12/site-packages/airflow/example_dags/example_sla_dag.py
[2025-04-02T08:03:39.148+0000] {logging_mixin.py:190} INFO - [2025-04-02T08:03:39.147+0000] {dag.py:3239} INFO - Sync 1 DAGs
[2025-04-02T08:03:39.217+0000] {logging_mixin.py:190} INFO - [2025-04-02T08:03:39.217+0000] {dag.py:4180} INFO - Setting next_dagrun for example_sla_dag to 2025-04-02 08:00:00+00:00, run_after=2025-04-02 08:02:00+00:00
[2025-04-02T08:03:39.257+0000] {processor.py:208} INFO - Processing /home/airflow/.local/lib/python3.12/site-packages/airflow/example_dags/example_sla_dag.py took 0.206 seconds
[2025-04-02T08:04:09.893+0000] {processor.py:186} INFO - Started process (PID=7485) to work on /home/airflow/.local/lib/python3.12/site-packages/airflow/example_dags/example_sla_dag.py
[2025-04-02T08:04:09.897+0000] {processor.py:914} INFO - Processing file /home/airflow/.local/lib/python3.12/site-packages/airflow/example_dags/example_sla_dag.py for tasks to queue
[2025-04-02T08:04:09.902+0000] {logging_mixin.py:190} INFO - [2025-04-02T08:04:09.902+0000] {dagbag.py:588} INFO - Filling up the DagBag from /home/airflow/.local/lib/python3.12/site-packages/airflow/example_dags/example_sla_dag.py
[2025-04-02T08:04:09.927+0000] {processor.py:925} INFO - DAG(s) 'example_sla_dag' retrieved from /home/airflow/.local/lib/python3.12/site-packages/airflow/example_dags/example_sla_dag.py
[2025-04-02T08:04:09.981+0000] {logging_mixin.py:190} INFO - [2025-04-02T08:04:09.980+0000] {dag.py:3239} INFO - Sync 1 DAGs
[2025-04-02T08:04:10.047+0000] {logging_mixin.py:190} INFO - [2025-04-02T08:04:10.046+0000] {dag.py:4180} INFO - Setting next_dagrun for example_sla_dag to 2025-04-02 08:02:00+00:00, run_after=2025-04-02 08:04:00+00:00
[2025-04-02T08:04:10.095+0000] {processor.py:208} INFO - Processing /home/airflow/.local/lib/python3.12/site-packages/airflow/example_dags/example_sla_dag.py took 0.216 seconds
[2025-04-02T08:04:41.049+0000] {processor.py:186} INFO - Started process (PID=7563) to work on /home/airflow/.local/lib/python3.12/site-packages/airflow/example_dags/example_sla_dag.py
[2025-04-02T08:04:41.055+0000] {processor.py:914} INFO - Processing file /home/airflow/.local/lib/python3.12/site-packages/airflow/example_dags/example_sla_dag.py for tasks to queue
[2025-04-02T08:04:41.066+0000] {logging_mixin.py:190} INFO - [2025-04-02T08:04:41.066+0000] {dagbag.py:588} INFO - Filling up the DagBag from /home/airflow/.local/lib/python3.12/site-packages/airflow/example_dags/example_sla_dag.py
[2025-04-02T08:04:41.143+0000] {processor.py:925} INFO - DAG(s) 'example_sla_dag' retrieved from /home/airflow/.local/lib/python3.12/site-packages/airflow/example_dags/example_sla_dag.py
[2025-04-02T08:04:41.249+0000] {logging_mixin.py:190} INFO - [2025-04-02T08:04:41.246+0000] {dag.py:3239} INFO - Sync 1 DAGs
[2025-04-02T08:04:41.367+0000] {logging_mixin.py:190} INFO - [2025-04-02T08:04:41.367+0000] {dag.py:4180} INFO - Setting next_dagrun for example_sla_dag to 2025-04-02 08:02:00+00:00, run_after=2025-04-02 08:04:00+00:00
[2025-04-02T08:04:41.448+0000] {processor.py:208} INFO - Processing /home/airflow/.local/lib/python3.12/site-packages/airflow/example_dags/example_sla_dag.py took 0.439 seconds
[2025-04-02T08:05:11.965+0000] {processor.py:186} INFO - Started process (PID=7636) to work on /home/airflow/.local/lib/python3.12/site-packages/airflow/example_dags/example_sla_dag.py
[2025-04-02T08:05:11.967+0000] {processor.py:914} INFO - Processing file /home/airflow/.local/lib/python3.12/site-packages/airflow/example_dags/example_sla_dag.py for tasks to queue
[2025-04-02T08:05:11.972+0000] {logging_mixin.py:190} INFO - [2025-04-02T08:05:11.971+0000] {dagbag.py:588} INFO - Filling up the DagBag from /home/airflow/.local/lib/python3.12/site-packages/airflow/example_dags/example_sla_dag.py
[2025-04-02T08:05:12.007+0000] {processor.py:925} INFO - DAG(s) 'example_sla_dag' retrieved from /home/airflow/.local/lib/python3.12/site-packages/airflow/example_dags/example_sla_dag.py
[2025-04-02T08:05:12.063+0000] {logging_mixin.py:190} INFO - [2025-04-02T08:05:12.062+0000] {dag.py:3239} INFO - Sync 1 DAGs
[2025-04-02T08:05:12.148+0000] {logging_mixin.py:190} INFO - [2025-04-02T08:05:12.148+0000] {dag.py:4180} INFO - Setting next_dagrun for example_sla_dag to 2025-04-02 08:02:00+00:00, run_after=2025-04-02 08:04:00+00:00
[2025-04-02T08:05:12.193+0000] {processor.py:208} INFO - Processing /home/airflow/.local/lib/python3.12/site-packages/airflow/example_dags/example_sla_dag.py took 0.261 seconds
[2025-04-02T08:05:43.066+0000] {processor.py:186} INFO - Started process (PID=7713) to work on /home/airflow/.local/lib/python3.12/site-packages/airflow/example_dags/example_sla_dag.py
[2025-04-02T08:05:43.068+0000] {processor.py:914} INFO - Processing file /home/airflow/.local/lib/python3.12/site-packages/airflow/example_dags/example_sla_dag.py for tasks to queue
[2025-04-02T08:05:43.074+0000] {logging_mixin.py:190} INFO - [2025-04-02T08:05:43.074+0000] {dagbag.py:588} INFO - Filling up the DagBag from /home/airflow/.local/lib/python3.12/site-packages/airflow/example_dags/example_sla_dag.py
[2025-04-02T08:05:43.106+0000] {processor.py:925} INFO - DAG(s) 'example_sla_dag' retrieved from /home/airflow/.local/lib/python3.12/site-packages/airflow/example_dags/example_sla_dag.py
[2025-04-02T08:05:43.160+0000] {logging_mixin.py:190} INFO - [2025-04-02T08:05:43.159+0000] {dag.py:3239} INFO - Sync 1 DAGs
[2025-04-02T08:05:43.227+0000] {logging_mixin.py:190} INFO - [2025-04-02T08:05:43.226+0000] {dag.py:4180} INFO - Setting next_dagrun for example_sla_dag to 2025-04-02 08:02:00+00:00, run_after=2025-04-02 08:04:00+00:00
[2025-04-02T08:05:43.278+0000] {processor.py:208} INFO - Processing /home/airflow/.local/lib/python3.12/site-packages/airflow/example_dags/example_sla_dag.py took 0.229 seconds
[2025-04-02T08:06:31.312+0000] {processor.py:186} INFO - Started process (PID=7784) to work on /home/airflow/.local/lib/python3.12/site-packages/airflow/example_dags/example_sla_dag.py
[2025-04-02T08:06:31.316+0000] {processor.py:914} INFO - Processing file /home/airflow/.local/lib/python3.12/site-packages/airflow/example_dags/example_sla_dag.py for tasks to queue
[2025-04-02T08:06:31.329+0000] {logging_mixin.py:190} INFO - [2025-04-02T08:06:31.328+0000] {dagbag.py:588} INFO - Filling up the DagBag from /home/airflow/.local/lib/python3.12/site-packages/airflow/example_dags/example_sla_dag.py
[2025-04-02T08:06:31.405+0000] {processor.py:925} INFO - DAG(s) 'example_sla_dag' retrieved from /home/airflow/.local/lib/python3.12/site-packages/airflow/example_dags/example_sla_dag.py
[2025-04-02T08:06:31.489+0000] {logging_mixin.py:190} INFO - [2025-04-02T08:06:31.488+0000] {dag.py:3239} INFO - Sync 1 DAGs
[2025-04-02T08:06:31.629+0000] {logging_mixin.py:190} INFO - [2025-04-02T08:06:31.626+0000] {dag.py:4180} INFO - Setting next_dagrun for example_sla_dag to 2025-04-02 08:04:00+00:00, run_after=2025-04-02 08:06:00+00:00
[2025-04-02T08:06:31.683+0000] {processor.py:208} INFO - Processing /home/airflow/.local/lib/python3.12/site-packages/airflow/example_dags/example_sla_dag.py took 0.399 seconds
[2025-04-02T08:07:02.590+0000] {processor.py:186} INFO - Started process (PID=7848) to work on /home/airflow/.local/lib/python3.12/site-packages/airflow/example_dags/example_sla_dag.py
[2025-04-02T08:07:02.592+0000] {processor.py:914} INFO - Processing file /home/airflow/.local/lib/python3.12/site-packages/airflow/example_dags/example_sla_dag.py for tasks to queue
[2025-04-02T08:07:02.607+0000] {logging_mixin.py:190} INFO - [2025-04-02T08:07:02.606+0000] {dagbag.py:588} INFO - Filling up the DagBag from /home/airflow/.local/lib/python3.12/site-packages/airflow/example_dags/example_sla_dag.py
[2025-04-02T08:07:02.674+0000] {processor.py:925} INFO - DAG(s) 'example_sla_dag' retrieved from /home/airflow/.local/lib/python3.12/site-packages/airflow/example_dags/example_sla_dag.py
[2025-04-02T08:07:02.770+0000] {logging_mixin.py:190} INFO - [2025-04-02T08:07:02.769+0000] {dag.py:3239} INFO - Sync 1 DAGs
[2025-04-02T08:07:02.900+0000] {logging_mixin.py:190} INFO - [2025-04-02T08:07:02.899+0000] {dag.py:4180} INFO - Setting next_dagrun for example_sla_dag to 2025-04-02 08:04:00+00:00, run_after=2025-04-02 08:06:00+00:00
[2025-04-02T08:07:02.956+0000] {processor.py:208} INFO - Processing /home/airflow/.local/lib/python3.12/site-packages/airflow/example_dags/example_sla_dag.py took 0.402 seconds
[2025-04-02T08:07:33.550+0000] {processor.py:186} INFO - Started process (PID=7937) to work on /home/airflow/.local/lib/python3.12/site-packages/airflow/example_dags/example_sla_dag.py
[2025-04-02T08:07:33.555+0000] {processor.py:914} INFO - Processing file /home/airflow/.local/lib/python3.12/site-packages/airflow/example_dags/example_sla_dag.py for tasks to queue
[2025-04-02T08:07:33.562+0000] {logging_mixin.py:190} INFO - [2025-04-02T08:07:33.561+0000] {dagbag.py:588} INFO - Filling up the DagBag from /home/airflow/.local/lib/python3.12/site-packages/airflow/example_dags/example_sla_dag.py
[2025-04-02T08:07:33.597+0000] {processor.py:925} INFO - DAG(s) 'example_sla_dag' retrieved from /home/airflow/.local/lib/python3.12/site-packages/airflow/example_dags/example_sla_dag.py
[2025-04-02T08:07:33.644+0000] {logging_mixin.py:190} INFO - [2025-04-02T08:07:33.643+0000] {dag.py:3239} INFO - Sync 1 DAGs
[2025-04-02T08:07:33.708+0000] {logging_mixin.py:190} INFO - [2025-04-02T08:07:33.708+0000] {dag.py:4180} INFO - Setting next_dagrun for example_sla_dag to 2025-04-02 08:04:00+00:00, run_after=2025-04-02 08:06:00+00:00
[2025-04-02T08:07:33.752+0000] {processor.py:208} INFO - Processing /home/airflow/.local/lib/python3.12/site-packages/airflow/example_dags/example_sla_dag.py took 0.231 seconds
[2025-04-02T08:08:04.318+0000] {processor.py:186} INFO - Started process (PID=8001) to work on /home/airflow/.local/lib/python3.12/site-packages/airflow/example_dags/example_sla_dag.py
[2025-04-02T08:08:04.319+0000] {processor.py:914} INFO - Processing file /home/airflow/.local/lib/python3.12/site-packages/airflow/example_dags/example_sla_dag.py for tasks to queue
[2025-04-02T08:08:04.324+0000] {logging_mixin.py:190} INFO - [2025-04-02T08:08:04.323+0000] {dagbag.py:588} INFO - Filling up the DagBag from /home/airflow/.local/lib/python3.12/site-packages/airflow/example_dags/example_sla_dag.py
[2025-04-02T08:08:04.344+0000] {processor.py:925} INFO - DAG(s) 'example_sla_dag' retrieved from /home/airflow/.local/lib/python3.12/site-packages/airflow/example_dags/example_sla_dag.py
[2025-04-02T08:08:04.384+0000] {logging_mixin.py:190} INFO - [2025-04-02T08:08:04.383+0000] {dag.py:3239} INFO - Sync 1 DAGs
[2025-04-02T08:08:04.437+0000] {logging_mixin.py:190} INFO - [2025-04-02T08:08:04.437+0000] {dag.py:4180} INFO - Setting next_dagrun for example_sla_dag to 2025-04-02 08:06:00+00:00, run_after=2025-04-02 08:08:00+00:00
[2025-04-02T08:08:04.466+0000] {processor.py:208} INFO - Processing /home/airflow/.local/lib/python3.12/site-packages/airflow/example_dags/example_sla_dag.py took 0.160 seconds
[2025-04-02T08:08:36.104+0000] {processor.py:186} INFO - Started process (PID=8068) to work on /home/airflow/.local/lib/python3.12/site-packages/airflow/example_dags/example_sla_dag.py
[2025-04-02T08:08:36.107+0000] {processor.py:914} INFO - Processing file /home/airflow/.local/lib/python3.12/site-packages/airflow/example_dags/example_sla_dag.py for tasks to queue
[2025-04-02T08:08:36.117+0000] {logging_mixin.py:190} INFO - [2025-04-02T08:08:36.116+0000] {dagbag.py:588} INFO - Filling up the DagBag from /home/airflow/.local/lib/python3.12/site-packages/airflow/example_dags/example_sla_dag.py
[2025-04-02T08:08:36.168+0000] {processor.py:925} INFO - DAG(s) 'example_sla_dag' retrieved from /home/airflow/.local/lib/python3.12/site-packages/airflow/example_dags/example_sla_dag.py
[2025-04-02T08:08:36.233+0000] {logging_mixin.py:190} INFO - [2025-04-02T08:08:36.230+0000] {dag.py:3239} INFO - Sync 1 DAGs
[2025-04-02T08:08:36.395+0000] {logging_mixin.py:190} INFO - [2025-04-02T08:08:36.394+0000] {dag.py:4180} INFO - Setting next_dagrun for example_sla_dag to 2025-04-02 08:06:00+00:00, run_after=2025-04-02 08:08:00+00:00
[2025-04-02T08:08:36.467+0000] {processor.py:208} INFO - Processing /home/airflow/.local/lib/python3.12/site-packages/airflow/example_dags/example_sla_dag.py took 0.400 seconds
[2025-04-02T08:09:07.420+0000] {processor.py:186} INFO - Started process (PID=8142) to work on /home/airflow/.local/lib/python3.12/site-packages/airflow/example_dags/example_sla_dag.py
[2025-04-02T08:09:07.421+0000] {processor.py:914} INFO - Processing file /home/airflow/.local/lib/python3.12/site-packages/airflow/example_dags/example_sla_dag.py for tasks to queue
[2025-04-02T08:09:07.428+0000] {logging_mixin.py:190} INFO - [2025-04-02T08:09:07.427+0000] {dagbag.py:588} INFO - Filling up the DagBag from /home/airflow/.local/lib/python3.12/site-packages/airflow/example_dags/example_sla_dag.py
[2025-04-02T08:09:07.456+0000] {processor.py:925} INFO - DAG(s) 'example_sla_dag' retrieved from /home/airflow/.local/lib/python3.12/site-packages/airflow/example_dags/example_sla_dag.py
[2025-04-02T08:09:07.546+0000] {logging_mixin.py:190} INFO - [2025-04-02T08:09:07.544+0000] {dag.py:3239} INFO - Sync 1 DAGs
[2025-04-02T08:09:07.672+0000] {logging_mixin.py:190} INFO - [2025-04-02T08:09:07.671+0000] {dag.py:4180} INFO - Setting next_dagrun for example_sla_dag to 2025-04-02 08:06:00+00:00, run_after=2025-04-02 08:08:00+00:00
[2025-04-02T08:09:07.769+0000] {processor.py:208} INFO - Processing /home/airflow/.local/lib/python3.12/site-packages/airflow/example_dags/example_sla_dag.py took 0.383 seconds
[2025-04-02T08:09:38.049+0000] {processor.py:186} INFO - Started process (PID=8214) to work on /home/airflow/.local/lib/python3.12/site-packages/airflow/example_dags/example_sla_dag.py
[2025-04-02T08:09:38.053+0000] {processor.py:914} INFO - Processing file /home/airflow/.local/lib/python3.12/site-packages/airflow/example_dags/example_sla_dag.py for tasks to queue
[2025-04-02T08:09:38.062+0000] {logging_mixin.py:190} INFO - [2025-04-02T08:09:38.058+0000] {dagbag.py:588} INFO - Filling up the DagBag from /home/airflow/.local/lib/python3.12/site-packages/airflow/example_dags/example_sla_dag.py
[2025-04-02T08:09:38.098+0000] {processor.py:925} INFO - DAG(s) 'example_sla_dag' retrieved from /home/airflow/.local/lib/python3.12/site-packages/airflow/example_dags/example_sla_dag.py
[2025-04-02T08:09:38.153+0000] {logging_mixin.py:190} INFO - [2025-04-02T08:09:38.150+0000] {dag.py:3239} INFO - Sync 1 DAGs
[2025-04-02T08:09:38.217+0000] {logging_mixin.py:190} INFO - [2025-04-02T08:09:38.216+0000] {dag.py:4180} INFO - Setting next_dagrun for example_sla_dag to 2025-04-02 08:06:00+00:00, run_after=2025-04-02 08:08:00+00:00
[2025-04-02T08:09:38.259+0000] {processor.py:208} INFO - Processing /home/airflow/.local/lib/python3.12/site-packages/airflow/example_dags/example_sla_dag.py took 0.225 seconds
[2025-04-02T08:10:08.994+0000] {processor.py:186} INFO - Started process (PID=8288) to work on /home/airflow/.local/lib/python3.12/site-packages/airflow/example_dags/example_sla_dag.py
[2025-04-02T08:10:08.996+0000] {processor.py:914} INFO - Processing file /home/airflow/.local/lib/python3.12/site-packages/airflow/example_dags/example_sla_dag.py for tasks to queue
[2025-04-02T08:10:09.003+0000] {logging_mixin.py:190} INFO - [2025-04-02T08:10:09.003+0000] {dagbag.py:588} INFO - Filling up the DagBag from /home/airflow/.local/lib/python3.12/site-packages/airflow/example_dags/example_sla_dag.py
[2025-04-02T08:10:09.031+0000] {processor.py:925} INFO - DAG(s) 'example_sla_dag' retrieved from /home/airflow/.local/lib/python3.12/site-packages/airflow/example_dags/example_sla_dag.py
[2025-04-02T08:10:09.134+0000] {logging_mixin.py:190} INFO - [2025-04-02T08:10:09.126+0000] {dag.py:3239} INFO - Sync 1 DAGs
[2025-04-02T08:10:09.262+0000] {logging_mixin.py:190} INFO - [2025-04-02T08:10:09.261+0000] {dag.py:4180} INFO - Setting next_dagrun for example_sla_dag to 2025-04-02 08:08:00+00:00, run_after=2025-04-02 08:10:00+00:00
[2025-04-02T08:10:09.320+0000] {processor.py:208} INFO - Processing /home/airflow/.local/lib/python3.12/site-packages/airflow/example_dags/example_sla_dag.py took 0.342 seconds
[2025-04-02T08:10:40.006+0000] {processor.py:186} INFO - Started process (PID=8356) to work on /home/airflow/.local/lib/python3.12/site-packages/airflow/example_dags/example_sla_dag.py
[2025-04-02T08:10:40.010+0000] {processor.py:914} INFO - Processing file /home/airflow/.local/lib/python3.12/site-packages/airflow/example_dags/example_sla_dag.py for tasks to queue
[2025-04-02T08:10:40.019+0000] {logging_mixin.py:190} INFO - [2025-04-02T08:10:40.016+0000] {dagbag.py:588} INFO - Filling up the DagBag from /home/airflow/.local/lib/python3.12/site-packages/airflow/example_dags/example_sla_dag.py
[2025-04-02T08:10:40.056+0000] {processor.py:925} INFO - DAG(s) 'example_sla_dag' retrieved from /home/airflow/.local/lib/python3.12/site-packages/airflow/example_dags/example_sla_dag.py
[2025-04-02T08:10:40.130+0000] {logging_mixin.py:190} INFO - [2025-04-02T08:10:40.129+0000] {dag.py:3239} INFO - Sync 1 DAGs
[2025-04-02T08:10:40.237+0000] {logging_mixin.py:190} INFO - [2025-04-02T08:10:40.237+0000] {dag.py:4180} INFO - Setting next_dagrun for example_sla_dag to 2025-04-02 08:08:00+00:00, run_after=2025-04-02 08:10:00+00:00
[2025-04-02T08:10:40.305+0000] {processor.py:208} INFO - Processing /home/airflow/.local/lib/python3.12/site-packages/airflow/example_dags/example_sla_dag.py took 0.329 seconds
[2025-04-02T08:11:10.780+0000] {processor.py:186} INFO - Started process (PID=8420) to work on /home/airflow/.local/lib/python3.12/site-packages/airflow/example_dags/example_sla_dag.py
[2025-04-02T08:11:10.782+0000] {processor.py:914} INFO - Processing file /home/airflow/.local/lib/python3.12/site-packages/airflow/example_dags/example_sla_dag.py for tasks to queue
[2025-04-02T08:11:10.789+0000] {logging_mixin.py:190} INFO - [2025-04-02T08:11:10.788+0000] {dagbag.py:588} INFO - Filling up the DagBag from /home/airflow/.local/lib/python3.12/site-packages/airflow/example_dags/example_sla_dag.py
[2025-04-02T08:11:10.814+0000] {processor.py:925} INFO - DAG(s) 'example_sla_dag' retrieved from /home/airflow/.local/lib/python3.12/site-packages/airflow/example_dags/example_sla_dag.py
[2025-04-02T08:11:10.858+0000] {logging_mixin.py:190} INFO - [2025-04-02T08:11:10.857+0000] {dag.py:3239} INFO - Sync 1 DAGs
[2025-04-02T08:11:10.922+0000] {logging_mixin.py:190} INFO - [2025-04-02T08:11:10.922+0000] {dag.py:4180} INFO - Setting next_dagrun for example_sla_dag to 2025-04-02 08:08:00+00:00, run_after=2025-04-02 08:10:00+00:00
[2025-04-02T08:11:10.960+0000] {processor.py:208} INFO - Processing /home/airflow/.local/lib/python3.12/site-packages/airflow/example_dags/example_sla_dag.py took 0.195 seconds
[2025-04-02T08:11:41.184+0000] {processor.py:186} INFO - Started process (PID=8483) to work on /home/airflow/.local/lib/python3.12/site-packages/airflow/example_dags/example_sla_dag.py
[2025-04-02T08:11:41.186+0000] {processor.py:914} INFO - Processing file /home/airflow/.local/lib/python3.12/site-packages/airflow/example_dags/example_sla_dag.py for tasks to queue
[2025-04-02T08:11:41.190+0000] {logging_mixin.py:190} INFO - [2025-04-02T08:11:41.190+0000] {dagbag.py:588} INFO - Filling up the DagBag from /home/airflow/.local/lib/python3.12/site-packages/airflow/example_dags/example_sla_dag.py
[2025-04-02T08:11:41.210+0000] {processor.py:925} INFO - DAG(s) 'example_sla_dag' retrieved from /home/airflow/.local/lib/python3.12/site-packages/airflow/example_dags/example_sla_dag.py
[2025-04-02T08:11:41.246+0000] {logging_mixin.py:190} INFO - [2025-04-02T08:11:41.245+0000] {dag.py:3239} INFO - Sync 1 DAGs
[2025-04-02T08:11:41.303+0000] {logging_mixin.py:190} INFO - [2025-04-02T08:11:41.303+0000] {dag.py:4180} INFO - Setting next_dagrun for example_sla_dag to 2025-04-02 08:08:00+00:00, run_after=2025-04-02 08:10:00+00:00
[2025-04-02T08:11:41.333+0000] {processor.py:208} INFO - Processing /home/airflow/.local/lib/python3.12/site-packages/airflow/example_dags/example_sla_dag.py took 0.159 seconds
[2025-04-02T08:12:12.520+0000] {processor.py:186} INFO - Started process (PID=8549) to work on /home/airflow/.local/lib/python3.12/site-packages/airflow/example_dags/example_sla_dag.py
[2025-04-02T08:12:12.522+0000] {processor.py:914} INFO - Processing file /home/airflow/.local/lib/python3.12/site-packages/airflow/example_dags/example_sla_dag.py for tasks to queue
[2025-04-02T08:12:12.528+0000] {logging_mixin.py:190} INFO - [2025-04-02T08:12:12.527+0000] {dagbag.py:588} INFO - Filling up the DagBag from /home/airflow/.local/lib/python3.12/site-packages/airflow/example_dags/example_sla_dag.py
[2025-04-02T08:12:12.554+0000] {processor.py:925} INFO - DAG(s) 'example_sla_dag' retrieved from /home/airflow/.local/lib/python3.12/site-packages/airflow/example_dags/example_sla_dag.py
[2025-04-02T08:12:12.600+0000] {logging_mixin.py:190} INFO - [2025-04-02T08:12:12.599+0000] {dag.py:3239} INFO - Sync 1 DAGs
[2025-04-02T08:12:12.665+0000] {logging_mixin.py:190} INFO - [2025-04-02T08:12:12.665+0000] {dag.py:4180} INFO - Setting next_dagrun for example_sla_dag to 2025-04-02 08:10:00+00:00, run_after=2025-04-02 08:12:00+00:00
[2025-04-02T08:12:12.702+0000] {processor.py:208} INFO - Processing /home/airflow/.local/lib/python3.12/site-packages/airflow/example_dags/example_sla_dag.py took 0.197 seconds
[2025-04-02T08:12:43.517+0000] {processor.py:186} INFO - Started process (PID=8613) to work on /home/airflow/.local/lib/python3.12/site-packages/airflow/example_dags/example_sla_dag.py
[2025-04-02T08:12:43.519+0000] {processor.py:914} INFO - Processing file /home/airflow/.local/lib/python3.12/site-packages/airflow/example_dags/example_sla_dag.py for tasks to queue
[2025-04-02T08:12:43.523+0000] {logging_mixin.py:190} INFO - [2025-04-02T08:12:43.522+0000] {dagbag.py:588} INFO - Filling up the DagBag from /home/airflow/.local/lib/python3.12/site-packages/airflow/example_dags/example_sla_dag.py
[2025-04-02T08:12:43.542+0000] {processor.py:925} INFO - DAG(s) 'example_sla_dag' retrieved from /home/airflow/.local/lib/python3.12/site-packages/airflow/example_dags/example_sla_dag.py
[2025-04-02T08:12:43.576+0000] {logging_mixin.py:190} INFO - [2025-04-02T08:12:43.575+0000] {dag.py:3239} INFO - Sync 1 DAGs
[2025-04-02T08:12:43.622+0000] {logging_mixin.py:190} INFO - [2025-04-02T08:12:43.622+0000] {dag.py:4180} INFO - Setting next_dagrun for example_sla_dag to 2025-04-02 08:10:00+00:00, run_after=2025-04-02 08:12:00+00:00
[2025-04-02T08:12:43.651+0000] {processor.py:208} INFO - Processing /home/airflow/.local/lib/python3.12/site-packages/airflow/example_dags/example_sla_dag.py took 0.145 seconds
[2025-04-02T08:13:14.020+0000] {processor.py:186} INFO - Started process (PID=8677) to work on /home/airflow/.local/lib/python3.12/site-packages/airflow/example_dags/example_sla_dag.py
[2025-04-02T08:13:14.022+0000] {processor.py:914} INFO - Processing file /home/airflow/.local/lib/python3.12/site-packages/airflow/example_dags/example_sla_dag.py for tasks to queue
[2025-04-02T08:13:14.026+0000] {logging_mixin.py:190} INFO - [2025-04-02T08:13:14.026+0000] {dagbag.py:588} INFO - Filling up the DagBag from /home/airflow/.local/lib/python3.12/site-packages/airflow/example_dags/example_sla_dag.py
[2025-04-02T08:13:14.046+0000] {processor.py:925} INFO - DAG(s) 'example_sla_dag' retrieved from /home/airflow/.local/lib/python3.12/site-packages/airflow/example_dags/example_sla_dag.py
[2025-04-02T08:13:14.084+0000] {logging_mixin.py:190} INFO - [2025-04-02T08:13:14.083+0000] {dag.py:3239} INFO - Sync 1 DAGs
[2025-04-02T08:13:14.126+0000] {logging_mixin.py:190} INFO - [2025-04-02T08:13:14.126+0000] {dag.py:4180} INFO - Setting next_dagrun for example_sla_dag to 2025-04-02 08:10:00+00:00, run_after=2025-04-02 08:12:00+00:00
[2025-04-02T08:13:14.155+0000] {processor.py:208} INFO - Processing /home/airflow/.local/lib/python3.12/site-packages/airflow/example_dags/example_sla_dag.py took 0.146 seconds
[2025-04-02T08:13:45.517+0000] {processor.py:186} INFO - Started process (PID=8741) to work on /home/airflow/.local/lib/python3.12/site-packages/airflow/example_dags/example_sla_dag.py
[2025-04-02T08:13:45.519+0000] {processor.py:914} INFO - Processing file /home/airflow/.local/lib/python3.12/site-packages/airflow/example_dags/example_sla_dag.py for tasks to queue
[2025-04-02T08:13:45.523+0000] {logging_mixin.py:190} INFO - [2025-04-02T08:13:45.522+0000] {dagbag.py:588} INFO - Filling up the DagBag from /home/airflow/.local/lib/python3.12/site-packages/airflow/example_dags/example_sla_dag.py
[2025-04-02T08:13:45.542+0000] {processor.py:925} INFO - DAG(s) 'example_sla_dag' retrieved from /home/airflow/.local/lib/python3.12/site-packages/airflow/example_dags/example_sla_dag.py
[2025-04-02T08:13:45.578+0000] {logging_mixin.py:190} INFO - [2025-04-02T08:13:45.577+0000] {dag.py:3239} INFO - Sync 1 DAGs
[2025-04-02T08:13:45.624+0000] {logging_mixin.py:190} INFO - [2025-04-02T08:13:45.624+0000] {dag.py:4180} INFO - Setting next_dagrun for example_sla_dag to 2025-04-02 08:10:00+00:00, run_after=2025-04-02 08:12:00+00:00
[2025-04-02T08:13:45.654+0000] {processor.py:208} INFO - Processing /home/airflow/.local/lib/python3.12/site-packages/airflow/example_dags/example_sla_dag.py took 0.149 seconds
[2025-04-02T08:14:16.399+0000] {processor.py:186} INFO - Started process (PID=8805) to work on /home/airflow/.local/lib/python3.12/site-packages/airflow/example_dags/example_sla_dag.py
[2025-04-02T08:14:16.401+0000] {processor.py:914} INFO - Processing file /home/airflow/.local/lib/python3.12/site-packages/airflow/example_dags/example_sla_dag.py for tasks to queue
[2025-04-02T08:14:16.406+0000] {logging_mixin.py:190} INFO - [2025-04-02T08:14:16.406+0000] {dagbag.py:588} INFO - Filling up the DagBag from /home/airflow/.local/lib/python3.12/site-packages/airflow/example_dags/example_sla_dag.py
[2025-04-02T08:14:16.431+0000] {processor.py:925} INFO - DAG(s) 'example_sla_dag' retrieved from /home/airflow/.local/lib/python3.12/site-packages/airflow/example_dags/example_sla_dag.py
[2025-04-02T08:14:16.464+0000] {logging_mixin.py:190} INFO - [2025-04-02T08:14:16.463+0000] {dag.py:3239} INFO - Sync 1 DAGs
[2025-04-02T08:14:16.507+0000] {logging_mixin.py:190} INFO - [2025-04-02T08:14:16.506+0000] {dag.py:4180} INFO - Setting next_dagrun for example_sla_dag to 2025-04-02 08:12:00+00:00, run_after=2025-04-02 08:14:00+00:00
[2025-04-02T08:14:16.535+0000] {processor.py:208} INFO - Processing /home/airflow/.local/lib/python3.12/site-packages/airflow/example_dags/example_sla_dag.py took 0.148 seconds
[2025-04-02T08:14:46.876+0000] {processor.py:186} INFO - Started process (PID=8869) to work on /home/airflow/.local/lib/python3.12/site-packages/airflow/example_dags/example_sla_dag.py
[2025-04-02T08:14:46.877+0000] {processor.py:914} INFO - Processing file /home/airflow/.local/lib/python3.12/site-packages/airflow/example_dags/example_sla_dag.py for tasks to queue
[2025-04-02T08:14:46.881+0000] {logging_mixin.py:190} INFO - [2025-04-02T08:14:46.881+0000] {dagbag.py:588} INFO - Filling up the DagBag from /home/airflow/.local/lib/python3.12/site-packages/airflow/example_dags/example_sla_dag.py
[2025-04-02T08:14:46.899+0000] {processor.py:925} INFO - DAG(s) 'example_sla_dag' retrieved from /home/airflow/.local/lib/python3.12/site-packages/airflow/example_dags/example_sla_dag.py
[2025-04-02T08:14:46.931+0000] {logging_mixin.py:190} INFO - [2025-04-02T08:14:46.930+0000] {dag.py:3239} INFO - Sync 1 DAGs
[2025-04-02T08:14:46.976+0000] {logging_mixin.py:190} INFO - [2025-04-02T08:14:46.976+0000] {dag.py:4180} INFO - Setting next_dagrun for example_sla_dag to 2025-04-02 08:12:00+00:00, run_after=2025-04-02 08:14:00+00:00
[2025-04-02T08:14:47.003+0000] {processor.py:208} INFO - Processing /home/airflow/.local/lib/python3.12/site-packages/airflow/example_dags/example_sla_dag.py took 0.139 seconds
[2025-04-02T08:15:17.393+0000] {processor.py:186} INFO - Started process (PID=8933) to work on /home/airflow/.local/lib/python3.12/site-packages/airflow/example_dags/example_sla_dag.py
[2025-04-02T08:15:17.395+0000] {processor.py:914} INFO - Processing file /home/airflow/.local/lib/python3.12/site-packages/airflow/example_dags/example_sla_dag.py for tasks to queue
[2025-04-02T08:15:17.400+0000] {logging_mixin.py:190} INFO - [2025-04-02T08:15:17.400+0000] {dagbag.py:588} INFO - Filling up the DagBag from /home/airflow/.local/lib/python3.12/site-packages/airflow/example_dags/example_sla_dag.py
[2025-04-02T08:15:17.418+0000] {processor.py:925} INFO - DAG(s) 'example_sla_dag' retrieved from /home/airflow/.local/lib/python3.12/site-packages/airflow/example_dags/example_sla_dag.py
[2025-04-02T08:15:17.449+0000] {logging_mixin.py:190} INFO - [2025-04-02T08:15:17.448+0000] {dag.py:3239} INFO - Sync 1 DAGs
[2025-04-02T08:15:17.490+0000] {logging_mixin.py:190} INFO - [2025-04-02T08:15:17.490+0000] {dag.py:4180} INFO - Setting next_dagrun for example_sla_dag to 2025-04-02 08:12:00+00:00, run_after=2025-04-02 08:14:00+00:00
[2025-04-02T08:15:17.517+0000] {processor.py:208} INFO - Processing /home/airflow/.local/lib/python3.12/site-packages/airflow/example_dags/example_sla_dag.py took 0.135 seconds
[2025-04-02T08:15:48.166+0000] {processor.py:186} INFO - Started process (PID=8997) to work on /home/airflow/.local/lib/python3.12/site-packages/airflow/example_dags/example_sla_dag.py
[2025-04-02T08:15:48.168+0000] {processor.py:914} INFO - Processing file /home/airflow/.local/lib/python3.12/site-packages/airflow/example_dags/example_sla_dag.py for tasks to queue
[2025-04-02T08:15:48.172+0000] {logging_mixin.py:190} INFO - [2025-04-02T08:15:48.172+0000] {dagbag.py:588} INFO - Filling up the DagBag from /home/airflow/.local/lib/python3.12/site-packages/airflow/example_dags/example_sla_dag.py
[2025-04-02T08:15:48.191+0000] {processor.py:925} INFO - DAG(s) 'example_sla_dag' retrieved from /home/airflow/.local/lib/python3.12/site-packages/airflow/example_dags/example_sla_dag.py
[2025-04-02T08:15:48.227+0000] {logging_mixin.py:190} INFO - [2025-04-02T08:15:48.226+0000] {dag.py:3239} INFO - Sync 1 DAGs
[2025-04-02T08:15:48.274+0000] {logging_mixin.py:190} INFO - [2025-04-02T08:15:48.273+0000] {dag.py:4180} INFO - Setting next_dagrun for example_sla_dag to 2025-04-02 08:12:00+00:00, run_after=2025-04-02 08:14:00+00:00
[2025-04-02T08:15:48.304+0000] {processor.py:208} INFO - Processing /home/airflow/.local/lib/python3.12/site-packages/airflow/example_dags/example_sla_dag.py took 0.151 seconds
[2025-04-02T08:16:18.976+0000] {processor.py:186} INFO - Started process (PID=9061) to work on /home/airflow/.local/lib/python3.12/site-packages/airflow/example_dags/example_sla_dag.py
[2025-04-02T08:16:18.979+0000] {processor.py:914} INFO - Processing file /home/airflow/.local/lib/python3.12/site-packages/airflow/example_dags/example_sla_dag.py for tasks to queue
[2025-04-02T08:16:18.984+0000] {logging_mixin.py:190} INFO - [2025-04-02T08:16:18.984+0000] {dagbag.py:588} INFO - Filling up the DagBag from /home/airflow/.local/lib/python3.12/site-packages/airflow/example_dags/example_sla_dag.py
[2025-04-02T08:16:19.003+0000] {processor.py:925} INFO - DAG(s) 'example_sla_dag' retrieved from /home/airflow/.local/lib/python3.12/site-packages/airflow/example_dags/example_sla_dag.py
[2025-04-02T08:16:19.039+0000] {logging_mixin.py:190} INFO - [2025-04-02T08:16:19.038+0000] {dag.py:3239} INFO - Sync 1 DAGs
[2025-04-02T08:16:19.085+0000] {logging_mixin.py:190} INFO - [2025-04-02T08:16:19.084+0000] {dag.py:4180} INFO - Setting next_dagrun for example_sla_dag to 2025-04-02 08:14:00+00:00, run_after=2025-04-02 08:16:00+00:00
[2025-04-02T08:16:19.115+0000] {processor.py:208} INFO - Processing /home/airflow/.local/lib/python3.12/site-packages/airflow/example_dags/example_sla_dag.py took 0.152 seconds
[2025-04-02T08:16:50.008+0000] {processor.py:186} INFO - Started process (PID=9125) to work on /home/airflow/.local/lib/python3.12/site-packages/airflow/example_dags/example_sla_dag.py
[2025-04-02T08:16:50.012+0000] {processor.py:914} INFO - Processing file /home/airflow/.local/lib/python3.12/site-packages/airflow/example_dags/example_sla_dag.py for tasks to queue
[2025-04-02T08:16:50.018+0000] {logging_mixin.py:190} INFO - [2025-04-02T08:16:50.017+0000] {dagbag.py:588} INFO - Filling up the DagBag from /home/airflow/.local/lib/python3.12/site-packages/airflow/example_dags/example_sla_dag.py
[2025-04-02T08:16:50.044+0000] {processor.py:925} INFO - DAG(s) 'example_sla_dag' retrieved from /home/airflow/.local/lib/python3.12/site-packages/airflow/example_dags/example_sla_dag.py
[2025-04-02T08:16:50.086+0000] {logging_mixin.py:190} INFO - [2025-04-02T08:16:50.085+0000] {dag.py:3239} INFO - Sync 1 DAGs
[2025-04-02T08:16:50.148+0000] {logging_mixin.py:190} INFO - [2025-04-02T08:16:50.148+0000] {dag.py:4180} INFO - Setting next_dagrun for example_sla_dag to 2025-04-02 08:14:00+00:00, run_after=2025-04-02 08:16:00+00:00
[2025-04-02T08:16:50.187+0000] {processor.py:208} INFO - Processing /home/airflow/.local/lib/python3.12/site-packages/airflow/example_dags/example_sla_dag.py took 0.199 seconds
[2025-04-02T08:17:20.587+0000] {processor.py:186} INFO - Started process (PID=9189) to work on /home/airflow/.local/lib/python3.12/site-packages/airflow/example_dags/example_sla_dag.py
[2025-04-02T08:17:20.589+0000] {processor.py:914} INFO - Processing file /home/airflow/.local/lib/python3.12/site-packages/airflow/example_dags/example_sla_dag.py for tasks to queue
[2025-04-02T08:17:20.593+0000] {logging_mixin.py:190} INFO - [2025-04-02T08:17:20.593+0000] {dagbag.py:588} INFO - Filling up the DagBag from /home/airflow/.local/lib/python3.12/site-packages/airflow/example_dags/example_sla_dag.py
[2025-04-02T08:17:20.613+0000] {processor.py:925} INFO - DAG(s) 'example_sla_dag' retrieved from /home/airflow/.local/lib/python3.12/site-packages/airflow/example_dags/example_sla_dag.py
[2025-04-02T08:17:20.645+0000] {logging_mixin.py:190} INFO - [2025-04-02T08:17:20.644+0000] {dag.py:3239} INFO - Sync 1 DAGs
[2025-04-02T08:17:20.688+0000] {logging_mixin.py:190} INFO - [2025-04-02T08:17:20.688+0000] {dag.py:4180} INFO - Setting next_dagrun for example_sla_dag to 2025-04-02 08:14:00+00:00, run_after=2025-04-02 08:16:00+00:00
[2025-04-02T08:17:20.715+0000] {processor.py:208} INFO - Processing /home/airflow/.local/lib/python3.12/site-packages/airflow/example_dags/example_sla_dag.py took 0.139 seconds
[2025-04-02T08:17:51.158+0000] {processor.py:186} INFO - Started process (PID=9253) to work on /home/airflow/.local/lib/python3.12/site-packages/airflow/example_dags/example_sla_dag.py
[2025-04-02T08:17:51.160+0000] {processor.py:914} INFO - Processing file /home/airflow/.local/lib/python3.12/site-packages/airflow/example_dags/example_sla_dag.py for tasks to queue
[2025-04-02T08:17:51.165+0000] {logging_mixin.py:190} INFO - [2025-04-02T08:17:51.164+0000] {dagbag.py:588} INFO - Filling up the DagBag from /home/airflow/.local/lib/python3.12/site-packages/airflow/example_dags/example_sla_dag.py
[2025-04-02T08:17:51.183+0000] {processor.py:925} INFO - DAG(s) 'example_sla_dag' retrieved from /home/airflow/.local/lib/python3.12/site-packages/airflow/example_dags/example_sla_dag.py
[2025-04-02T08:17:51.220+0000] {logging_mixin.py:190} INFO - [2025-04-02T08:17:51.218+0000] {dag.py:3239} INFO - Sync 1 DAGs
[2025-04-02T08:17:51.272+0000] {logging_mixin.py:190} INFO - [2025-04-02T08:17:51.271+0000] {dag.py:4180} INFO - Setting next_dagrun for example_sla_dag to 2025-04-02 08:14:00+00:00, run_after=2025-04-02 08:16:00+00:00
[2025-04-02T08:17:51.300+0000] {processor.py:208} INFO - Processing /home/airflow/.local/lib/python3.12/site-packages/airflow/example_dags/example_sla_dag.py took 0.152 seconds
[2025-04-02T08:18:21.686+0000] {processor.py:186} INFO - Started process (PID=9317) to work on /home/airflow/.local/lib/python3.12/site-packages/airflow/example_dags/example_sla_dag.py
[2025-04-02T08:18:21.687+0000] {processor.py:914} INFO - Processing file /home/airflow/.local/lib/python3.12/site-packages/airflow/example_dags/example_sla_dag.py for tasks to queue
[2025-04-02T08:18:21.691+0000] {logging_mixin.py:190} INFO - [2025-04-02T08:18:21.691+0000] {dagbag.py:588} INFO - Filling up the DagBag from /home/airflow/.local/lib/python3.12/site-packages/airflow/example_dags/example_sla_dag.py
[2025-04-02T08:18:21.710+0000] {processor.py:925} INFO - DAG(s) 'example_sla_dag' retrieved from /home/airflow/.local/lib/python3.12/site-packages/airflow/example_dags/example_sla_dag.py
[2025-04-02T08:18:21.742+0000] {logging_mixin.py:190} INFO - [2025-04-02T08:18:21.741+0000] {dag.py:3239} INFO - Sync 1 DAGs
[2025-04-02T08:18:21.783+0000] {logging_mixin.py:190} INFO - [2025-04-02T08:18:21.783+0000] {dag.py:4180} INFO - Setting next_dagrun for example_sla_dag to 2025-04-02 08:16:00+00:00, run_after=2025-04-02 08:18:00+00:00
[2025-04-02T08:18:21.811+0000] {processor.py:208} INFO - Processing /home/airflow/.local/lib/python3.12/site-packages/airflow/example_dags/example_sla_dag.py took 0.136 seconds
[2025-04-02T08:18:52.198+0000] {processor.py:186} INFO - Started process (PID=9381) to work on /home/airflow/.local/lib/python3.12/site-packages/airflow/example_dags/example_sla_dag.py
[2025-04-02T08:18:52.200+0000] {processor.py:914} INFO - Processing file /home/airflow/.local/lib/python3.12/site-packages/airflow/example_dags/example_sla_dag.py for tasks to queue
[2025-04-02T08:18:52.204+0000] {logging_mixin.py:190} INFO - [2025-04-02T08:18:52.203+0000] {dagbag.py:588} INFO - Filling up the DagBag from /home/airflow/.local/lib/python3.12/site-packages/airflow/example_dags/example_sla_dag.py
[2025-04-02T08:18:52.223+0000] {processor.py:925} INFO - DAG(s) 'example_sla_dag' retrieved from /home/airflow/.local/lib/python3.12/site-packages/airflow/example_dags/example_sla_dag.py
[2025-04-02T08:18:52.254+0000] {logging_mixin.py:190} INFO - [2025-04-02T08:18:52.254+0000] {dag.py:3239} INFO - Sync 1 DAGs
[2025-04-02T08:18:52.295+0000] {logging_mixin.py:190} INFO - [2025-04-02T08:18:52.295+0000] {dag.py:4180} INFO - Setting next_dagrun for example_sla_dag to 2025-04-02 08:16:00+00:00, run_after=2025-04-02 08:18:00+00:00
[2025-04-02T08:18:52.323+0000] {processor.py:208} INFO - Processing /home/airflow/.local/lib/python3.12/site-packages/airflow/example_dags/example_sla_dag.py took 0.136 seconds
[2025-04-02T08:19:22.677+0000] {processor.py:186} INFO - Started process (PID=9445) to work on /home/airflow/.local/lib/python3.12/site-packages/airflow/example_dags/example_sla_dag.py
[2025-04-02T08:19:22.679+0000] {processor.py:914} INFO - Processing file /home/airflow/.local/lib/python3.12/site-packages/airflow/example_dags/example_sla_dag.py for tasks to queue
[2025-04-02T08:19:22.683+0000] {logging_mixin.py:190} INFO - [2025-04-02T08:19:22.682+0000] {dagbag.py:588} INFO - Filling up the DagBag from /home/airflow/.local/lib/python3.12/site-packages/airflow/example_dags/example_sla_dag.py
[2025-04-02T08:19:22.702+0000] {processor.py:925} INFO - DAG(s) 'example_sla_dag' retrieved from /home/airflow/.local/lib/python3.12/site-packages/airflow/example_dags/example_sla_dag.py
[2025-04-02T08:19:22.734+0000] {logging_mixin.py:190} INFO - [2025-04-02T08:19:22.733+0000] {dag.py:3239} INFO - Sync 1 DAGs
[2025-04-02T08:19:22.775+0000] {logging_mixin.py:190} INFO - [2025-04-02T08:19:22.775+0000] {dag.py:4180} INFO - Setting next_dagrun for example_sla_dag to 2025-04-02 08:16:00+00:00, run_after=2025-04-02 08:18:00+00:00
[2025-04-02T08:19:22.804+0000] {processor.py:208} INFO - Processing /home/airflow/.local/lib/python3.12/site-packages/airflow/example_dags/example_sla_dag.py took 0.138 seconds
[2025-04-02T08:19:53.205+0000] {processor.py:186} INFO - Started process (PID=9509) to work on /home/airflow/.local/lib/python3.12/site-packages/airflow/example_dags/example_sla_dag.py
[2025-04-02T08:19:53.207+0000] {processor.py:914} INFO - Processing file /home/airflow/.local/lib/python3.12/site-packages/airflow/example_dags/example_sla_dag.py for tasks to queue
[2025-04-02T08:19:53.211+0000] {logging_mixin.py:190} INFO - [2025-04-02T08:19:53.210+0000] {dagbag.py:588} INFO - Filling up the DagBag from /home/airflow/.local/lib/python3.12/site-packages/airflow/example_dags/example_sla_dag.py
[2025-04-02T08:19:53.229+0000] {processor.py:925} INFO - DAG(s) 'example_sla_dag' retrieved from /home/airflow/.local/lib/python3.12/site-packages/airflow/example_dags/example_sla_dag.py
[2025-04-02T08:19:53.262+0000] {logging_mixin.py:190} INFO - [2025-04-02T08:19:53.261+0000] {dag.py:3239} INFO - Sync 1 DAGs
[2025-04-02T08:19:53.306+0000] {logging_mixin.py:190} INFO - [2025-04-02T08:19:53.305+0000] {dag.py:4180} INFO - Setting next_dagrun for example_sla_dag to 2025-04-02 08:16:00+00:00, run_after=2025-04-02 08:18:00+00:00
[2025-04-02T08:19:53.337+0000] {processor.py:208} INFO - Processing /home/airflow/.local/lib/python3.12/site-packages/airflow/example_dags/example_sla_dag.py took 0.143 seconds
[2025-04-02T08:20:24.609+0000] {processor.py:186} INFO - Started process (PID=9574) to work on /home/airflow/.local/lib/python3.12/site-packages/airflow/example_dags/example_sla_dag.py
[2025-04-02T08:20:24.611+0000] {processor.py:914} INFO - Processing file /home/airflow/.local/lib/python3.12/site-packages/airflow/example_dags/example_sla_dag.py for tasks to queue
[2025-04-02T08:20:24.616+0000] {logging_mixin.py:190} INFO - [2025-04-02T08:20:24.615+0000] {dagbag.py:588} INFO - Filling up the DagBag from /home/airflow/.local/lib/python3.12/site-packages/airflow/example_dags/example_sla_dag.py
[2025-04-02T08:20:24.641+0000] {processor.py:925} INFO - DAG(s) 'example_sla_dag' retrieved from /home/airflow/.local/lib/python3.12/site-packages/airflow/example_dags/example_sla_dag.py
[2025-04-02T08:20:24.685+0000] {logging_mixin.py:190} INFO - [2025-04-02T08:20:24.684+0000] {dag.py:3239} INFO - Sync 1 DAGs
[2025-04-02T08:20:24.729+0000] {logging_mixin.py:190} INFO - [2025-04-02T08:20:24.728+0000] {dag.py:4180} INFO - Setting next_dagrun for example_sla_dag to 2025-04-02 08:18:00+00:00, run_after=2025-04-02 08:20:00+00:00
[2025-04-02T08:20:24.759+0000] {processor.py:208} INFO - Processing /home/airflow/.local/lib/python3.12/site-packages/airflow/example_dags/example_sla_dag.py took 0.161 seconds
[2025-04-02T08:20:57.391+0000] {processor.py:186} INFO - Started process (PID=9638) to work on /home/airflow/.local/lib/python3.12/site-packages/airflow/example_dags/example_sla_dag.py
[2025-04-02T08:20:57.395+0000] {processor.py:914} INFO - Processing file /home/airflow/.local/lib/python3.12/site-packages/airflow/example_dags/example_sla_dag.py for tasks to queue
[2025-04-02T08:20:57.407+0000] {logging_mixin.py:190} INFO - [2025-04-02T08:20:57.406+0000] {dagbag.py:588} INFO - Filling up the DagBag from /home/airflow/.local/lib/python3.12/site-packages/airflow/example_dags/example_sla_dag.py
[2025-04-02T08:20:57.462+0000] {processor.py:925} INFO - DAG(s) 'example_sla_dag' retrieved from /home/airflow/.local/lib/python3.12/site-packages/airflow/example_dags/example_sla_dag.py
[2025-04-02T08:20:57.576+0000] {logging_mixin.py:190} INFO - [2025-04-02T08:20:57.571+0000] {dag.py:3239} INFO - Sync 1 DAGs
[2025-04-02T08:20:57.710+0000] {logging_mixin.py:190} INFO - [2025-04-02T08:20:57.710+0000] {dag.py:4180} INFO - Setting next_dagrun for example_sla_dag to 2025-04-02 08:18:00+00:00, run_after=2025-04-02 08:20:00+00:00
[2025-04-02T08:20:57.782+0000] {processor.py:208} INFO - Processing /home/airflow/.local/lib/python3.12/site-packages/airflow/example_dags/example_sla_dag.py took 0.417 seconds
[2025-04-02T08:21:28.027+0000] {processor.py:186} INFO - Started process (PID=9702) to work on /home/airflow/.local/lib/python3.12/site-packages/airflow/example_dags/example_sla_dag.py
[2025-04-02T08:21:28.028+0000] {processor.py:914} INFO - Processing file /home/airflow/.local/lib/python3.12/site-packages/airflow/example_dags/example_sla_dag.py for tasks to queue
[2025-04-02T08:21:28.032+0000] {logging_mixin.py:190} INFO - [2025-04-02T08:21:28.031+0000] {dagbag.py:588} INFO - Filling up the DagBag from /home/airflow/.local/lib/python3.12/site-packages/airflow/example_dags/example_sla_dag.py
[2025-04-02T08:21:28.050+0000] {processor.py:925} INFO - DAG(s) 'example_sla_dag' retrieved from /home/airflow/.local/lib/python3.12/site-packages/airflow/example_dags/example_sla_dag.py
[2025-04-02T08:21:28.082+0000] {logging_mixin.py:190} INFO - [2025-04-02T08:21:28.081+0000] {dag.py:3239} INFO - Sync 1 DAGs
[2025-04-02T08:21:28.125+0000] {logging_mixin.py:190} INFO - [2025-04-02T08:21:28.125+0000] {dag.py:4180} INFO - Setting next_dagrun for example_sla_dag to 2025-04-02 08:18:00+00:00, run_after=2025-04-02 08:20:00+00:00
[2025-04-02T08:21:28.152+0000] {processor.py:208} INFO - Processing /home/airflow/.local/lib/python3.12/site-packages/airflow/example_dags/example_sla_dag.py took 0.136 seconds
[2025-04-02T08:21:58.588+0000] {processor.py:186} INFO - Started process (PID=9766) to work on /home/airflow/.local/lib/python3.12/site-packages/airflow/example_dags/example_sla_dag.py
[2025-04-02T08:21:58.590+0000] {processor.py:914} INFO - Processing file /home/airflow/.local/lib/python3.12/site-packages/airflow/example_dags/example_sla_dag.py for tasks to queue
[2025-04-02T08:21:58.595+0000] {logging_mixin.py:190} INFO - [2025-04-02T08:21:58.594+0000] {dagbag.py:588} INFO - Filling up the DagBag from /home/airflow/.local/lib/python3.12/site-packages/airflow/example_dags/example_sla_dag.py
[2025-04-02T08:21:58.615+0000] {processor.py:925} INFO - DAG(s) 'example_sla_dag' retrieved from /home/airflow/.local/lib/python3.12/site-packages/airflow/example_dags/example_sla_dag.py
[2025-04-02T08:21:58.645+0000] {logging_mixin.py:190} INFO - [2025-04-02T08:21:58.644+0000] {dag.py:3239} INFO - Sync 1 DAGs
[2025-04-02T08:21:58.688+0000] {logging_mixin.py:190} INFO - [2025-04-02T08:21:58.687+0000] {dag.py:4180} INFO - Setting next_dagrun for example_sla_dag to 2025-04-02 08:18:00+00:00, run_after=2025-04-02 08:20:00+00:00
[2025-04-02T08:21:58.715+0000] {processor.py:208} INFO - Processing /home/airflow/.local/lib/python3.12/site-packages/airflow/example_dags/example_sla_dag.py took 0.139 seconds
[2025-04-02T08:22:29.653+0000] {processor.py:186} INFO - Started process (PID=9830) to work on /home/airflow/.local/lib/python3.12/site-packages/airflow/example_dags/example_sla_dag.py
[2025-04-02T08:22:29.654+0000] {processor.py:914} INFO - Processing file /home/airflow/.local/lib/python3.12/site-packages/airflow/example_dags/example_sla_dag.py for tasks to queue
[2025-04-02T08:22:29.658+0000] {logging_mixin.py:190} INFO - [2025-04-02T08:22:29.658+0000] {dagbag.py:588} INFO - Filling up the DagBag from /home/airflow/.local/lib/python3.12/site-packages/airflow/example_dags/example_sla_dag.py
[2025-04-02T08:22:29.679+0000] {processor.py:925} INFO - DAG(s) 'example_sla_dag' retrieved from /home/airflow/.local/lib/python3.12/site-packages/airflow/example_dags/example_sla_dag.py
[2025-04-02T08:22:29.714+0000] {logging_mixin.py:190} INFO - [2025-04-02T08:22:29.713+0000] {dag.py:3239} INFO - Sync 1 DAGs
[2025-04-02T08:22:29.759+0000] {logging_mixin.py:190} INFO - [2025-04-02T08:22:29.758+0000] {dag.py:4180} INFO - Setting next_dagrun for example_sla_dag to 2025-04-02 08:20:00+00:00, run_after=2025-04-02 08:22:00+00:00
[2025-04-02T08:22:29.793+0000] {processor.py:208} INFO - Processing /home/airflow/.local/lib/python3.12/site-packages/airflow/example_dags/example_sla_dag.py took 0.151 seconds
[2025-04-02T08:23:00.152+0000] {processor.py:186} INFO - Started process (PID=9894) to work on /home/airflow/.local/lib/python3.12/site-packages/airflow/example_dags/example_sla_dag.py
[2025-04-02T08:23:00.154+0000] {processor.py:914} INFO - Processing file /home/airflow/.local/lib/python3.12/site-packages/airflow/example_dags/example_sla_dag.py for tasks to queue
[2025-04-02T08:23:00.159+0000] {logging_mixin.py:190} INFO - [2025-04-02T08:23:00.158+0000] {dagbag.py:588} INFO - Filling up the DagBag from /home/airflow/.local/lib/python3.12/site-packages/airflow/example_dags/example_sla_dag.py
[2025-04-02T08:23:00.183+0000] {processor.py:925} INFO - DAG(s) 'example_sla_dag' retrieved from /home/airflow/.local/lib/python3.12/site-packages/airflow/example_dags/example_sla_dag.py
[2025-04-02T08:23:00.222+0000] {logging_mixin.py:190} INFO - [2025-04-02T08:23:00.221+0000] {dag.py:3239} INFO - Sync 1 DAGs
[2025-04-02T08:23:00.271+0000] {logging_mixin.py:190} INFO - [2025-04-02T08:23:00.271+0000] {dag.py:4180} INFO - Setting next_dagrun for example_sla_dag to 2025-04-02 08:20:00+00:00, run_after=2025-04-02 08:22:00+00:00
[2025-04-02T08:23:00.302+0000] {processor.py:208} INFO - Processing /home/airflow/.local/lib/python3.12/site-packages/airflow/example_dags/example_sla_dag.py took 0.161 seconds
[2025-04-02T08:23:31.071+0000] {processor.py:186} INFO - Started process (PID=9958) to work on /home/airflow/.local/lib/python3.12/site-packages/airflow/example_dags/example_sla_dag.py
[2025-04-02T08:23:31.072+0000] {processor.py:914} INFO - Processing file /home/airflow/.local/lib/python3.12/site-packages/airflow/example_dags/example_sla_dag.py for tasks to queue
[2025-04-02T08:23:31.076+0000] {logging_mixin.py:190} INFO - [2025-04-02T08:23:31.076+0000] {dagbag.py:588} INFO - Filling up the DagBag from /home/airflow/.local/lib/python3.12/site-packages/airflow/example_dags/example_sla_dag.py
[2025-04-02T08:23:31.096+0000] {processor.py:925} INFO - DAG(s) 'example_sla_dag' retrieved from /home/airflow/.local/lib/python3.12/site-packages/airflow/example_dags/example_sla_dag.py
[2025-04-02T08:23:31.135+0000] {logging_mixin.py:190} INFO - [2025-04-02T08:23:31.134+0000] {dag.py:3239} INFO - Sync 1 DAGs
[2025-04-02T08:23:31.178+0000] {logging_mixin.py:190} INFO - [2025-04-02T08:23:31.177+0000] {dag.py:4180} INFO - Setting next_dagrun for example_sla_dag to 2025-04-02 08:20:00+00:00, run_after=2025-04-02 08:22:00+00:00
[2025-04-02T08:23:31.207+0000] {processor.py:208} INFO - Processing /home/airflow/.local/lib/python3.12/site-packages/airflow/example_dags/example_sla_dag.py took 0.147 seconds
