[2025-04-02T07:56:16.494+0000] {processor.py:186} INFO - Started process (PID=6358) to work on /home/airflow/.local/lib/python3.12/site-packages/airflow/example_dags/example_short_circuit_decorator.py
[2025-04-02T07:56:16.498+0000] {processor.py:914} INFO - Processing file /home/airflow/.local/lib/python3.12/site-packages/airflow/example_dags/example_short_circuit_decorator.py for tasks to queue
[2025-04-02T07:56:16.509+0000] {logging_mixin.py:190} INFO - [2025-04-02T07:56:16.505+0000] {dagbag.py:588} INFO - Filling up the DagBag from /home/airflow/.local/lib/python3.12/site-packages/airflow/example_dags/example_short_circuit_decorator.py
[2025-04-02T07:56:16.562+0000] {processor.py:925} INFO - DAG(s) 'example_short_circuit_decorator' retrieved from /home/airflow/.local/lib/python3.12/site-packages/airflow/example_dags/example_short_circuit_decorator.py
[2025-04-02T07:56:16.667+0000] {logging_mixin.py:190} INFO - [2025-04-02T07:56:16.664+0000] {dag.py:3239} INFO - Sync 1 DAGs
[2025-04-02T07:56:16.715+0000] {logging_mixin.py:190} INFO - [2025-04-02T07:56:16.714+0000] {dag.py:4180} INFO - Setting next_dagrun for example_short_circuit_decorator to None, run_after=None
[2025-04-02T07:56:16.764+0000] {processor.py:208} INFO - Processing /home/airflow/.local/lib/python3.12/site-packages/airflow/example_dags/example_short_circuit_decorator.py took 0.298 seconds
[2025-04-02T07:56:47.298+0000] {processor.py:186} INFO - Started process (PID=6422) to work on /home/airflow/.local/lib/python3.12/site-packages/airflow/example_dags/example_short_circuit_decorator.py
[2025-04-02T07:56:47.304+0000] {processor.py:914} INFO - Processing file /home/airflow/.local/lib/python3.12/site-packages/airflow/example_dags/example_short_circuit_decorator.py for tasks to queue
[2025-04-02T07:56:47.309+0000] {logging_mixin.py:190} INFO - [2025-04-02T07:56:47.308+0000] {dagbag.py:588} INFO - Filling up the DagBag from /home/airflow/.local/lib/python3.12/site-packages/airflow/example_dags/example_short_circuit_decorator.py
[2025-04-02T07:56:47.337+0000] {processor.py:925} INFO - DAG(s) 'example_short_circuit_decorator' retrieved from /home/airflow/.local/lib/python3.12/site-packages/airflow/example_dags/example_short_circuit_decorator.py
[2025-04-02T07:56:47.413+0000] {logging_mixin.py:190} INFO - [2025-04-02T07:56:47.412+0000] {dag.py:3239} INFO - Sync 1 DAGs
[2025-04-02T07:56:47.452+0000] {logging_mixin.py:190} INFO - [2025-04-02T07:56:47.451+0000] {dag.py:4180} INFO - Setting next_dagrun for example_short_circuit_decorator to None, run_after=None
[2025-04-02T07:56:47.496+0000] {processor.py:208} INFO - Processing /home/airflow/.local/lib/python3.12/site-packages/airflow/example_dags/example_short_circuit_decorator.py took 0.218 seconds
[2025-04-02T07:57:18.225+0000] {processor.py:186} INFO - Started process (PID=6490) to work on /home/airflow/.local/lib/python3.12/site-packages/airflow/example_dags/example_short_circuit_decorator.py
[2025-04-02T07:57:18.227+0000] {processor.py:914} INFO - Processing file /home/airflow/.local/lib/python3.12/site-packages/airflow/example_dags/example_short_circuit_decorator.py for tasks to queue
[2025-04-02T07:57:18.236+0000] {logging_mixin.py:190} INFO - [2025-04-02T07:57:18.234+0000] {dagbag.py:588} INFO - Filling up the DagBag from /home/airflow/.local/lib/python3.12/site-packages/airflow/example_dags/example_short_circuit_decorator.py
[2025-04-02T07:57:18.277+0000] {processor.py:925} INFO - DAG(s) 'example_short_circuit_decorator' retrieved from /home/airflow/.local/lib/python3.12/site-packages/airflow/example_dags/example_short_circuit_decorator.py
[2025-04-02T07:57:18.372+0000] {logging_mixin.py:190} INFO - [2025-04-02T07:57:18.370+0000] {dag.py:3239} INFO - Sync 1 DAGs
[2025-04-02T07:57:18.438+0000] {logging_mixin.py:190} INFO - [2025-04-02T07:57:18.437+0000] {dag.py:4180} INFO - Setting next_dagrun for example_short_circuit_decorator to None, run_after=None
[2025-04-02T07:57:18.548+0000] {processor.py:208} INFO - Processing /home/airflow/.local/lib/python3.12/site-packages/airflow/example_dags/example_short_circuit_decorator.py took 0.346 seconds
[2025-04-02T07:57:50.365+0000] {processor.py:186} INFO - Started process (PID=6567) to work on /home/airflow/.local/lib/python3.12/site-packages/airflow/example_dags/example_short_circuit_decorator.py
[2025-04-02T07:57:50.370+0000] {processor.py:914} INFO - Processing file /home/airflow/.local/lib/python3.12/site-packages/airflow/example_dags/example_short_circuit_decorator.py for tasks to queue
[2025-04-02T07:57:50.380+0000] {logging_mixin.py:190} INFO - [2025-04-02T07:57:50.379+0000] {dagbag.py:588} INFO - Filling up the DagBag from /home/airflow/.local/lib/python3.12/site-packages/airflow/example_dags/example_short_circuit_decorator.py
[2025-04-02T07:57:50.415+0000] {processor.py:925} INFO - DAG(s) 'example_short_circuit_decorator' retrieved from /home/airflow/.local/lib/python3.12/site-packages/airflow/example_dags/example_short_circuit_decorator.py
[2025-04-02T07:57:50.501+0000] {logging_mixin.py:190} INFO - [2025-04-02T07:57:50.495+0000] {dag.py:3239} INFO - Sync 1 DAGs
[2025-04-02T07:57:50.593+0000] {logging_mixin.py:190} INFO - [2025-04-02T07:57:50.593+0000] {dag.py:4180} INFO - Setting next_dagrun for example_short_circuit_decorator to None, run_after=None
[2025-04-02T07:57:50.679+0000] {processor.py:208} INFO - Processing /home/airflow/.local/lib/python3.12/site-packages/airflow/example_dags/example_short_circuit_decorator.py took 0.347 seconds
[2025-04-02T07:58:21.434+0000] {processor.py:186} INFO - Started process (PID=6632) to work on /home/airflow/.local/lib/python3.12/site-packages/airflow/example_dags/example_short_circuit_decorator.py
[2025-04-02T07:58:21.436+0000] {processor.py:914} INFO - Processing file /home/airflow/.local/lib/python3.12/site-packages/airflow/example_dags/example_short_circuit_decorator.py for tasks to queue
[2025-04-02T07:58:21.447+0000] {logging_mixin.py:190} INFO - [2025-04-02T07:58:21.447+0000] {dagbag.py:588} INFO - Filling up the DagBag from /home/airflow/.local/lib/python3.12/site-packages/airflow/example_dags/example_short_circuit_decorator.py
[2025-04-02T07:58:21.484+0000] {processor.py:925} INFO - DAG(s) 'example_short_circuit_decorator' retrieved from /home/airflow/.local/lib/python3.12/site-packages/airflow/example_dags/example_short_circuit_decorator.py
[2025-04-02T07:58:21.551+0000] {logging_mixin.py:190} INFO - [2025-04-02T07:58:21.549+0000] {dag.py:3239} INFO - Sync 1 DAGs
[2025-04-02T07:58:21.594+0000] {logging_mixin.py:190} INFO - [2025-04-02T07:58:21.593+0000] {dag.py:4180} INFO - Setting next_dagrun for example_short_circuit_decorator to None, run_after=None
[2025-04-02T07:58:21.646+0000] {processor.py:208} INFO - Processing /home/airflow/.local/lib/python3.12/site-packages/airflow/example_dags/example_short_circuit_decorator.py took 0.231 seconds
[2025-04-02T07:58:52.484+0000] {processor.py:186} INFO - Started process (PID=6706) to work on /home/airflow/.local/lib/python3.12/site-packages/airflow/example_dags/example_short_circuit_decorator.py
[2025-04-02T07:58:52.491+0000] {processor.py:914} INFO - Processing file /home/airflow/.local/lib/python3.12/site-packages/airflow/example_dags/example_short_circuit_decorator.py for tasks to queue
[2025-04-02T07:58:52.505+0000] {logging_mixin.py:190} INFO - [2025-04-02T07:58:52.500+0000] {dagbag.py:588} INFO - Filling up the DagBag from /home/airflow/.local/lib/python3.12/site-packages/airflow/example_dags/example_short_circuit_decorator.py
[2025-04-02T07:58:52.544+0000] {processor.py:925} INFO - DAG(s) 'example_short_circuit_decorator' retrieved from /home/airflow/.local/lib/python3.12/site-packages/airflow/example_dags/example_short_circuit_decorator.py
[2025-04-02T07:58:52.648+0000] {logging_mixin.py:190} INFO - [2025-04-02T07:58:52.647+0000] {dag.py:3239} INFO - Sync 1 DAGs
[2025-04-02T07:58:52.688+0000] {logging_mixin.py:190} INFO - [2025-04-02T07:58:52.688+0000] {dag.py:4180} INFO - Setting next_dagrun for example_short_circuit_decorator to None, run_after=None
[2025-04-02T07:58:52.752+0000] {processor.py:208} INFO - Processing /home/airflow/.local/lib/python3.12/site-packages/airflow/example_dags/example_short_circuit_decorator.py took 0.308 seconds
[2025-04-02T07:59:22.957+0000] {processor.py:186} INFO - Started process (PID=6774) to work on /home/airflow/.local/lib/python3.12/site-packages/airflow/example_dags/example_short_circuit_decorator.py
[2025-04-02T07:59:22.959+0000] {processor.py:914} INFO - Processing file /home/airflow/.local/lib/python3.12/site-packages/airflow/example_dags/example_short_circuit_decorator.py for tasks to queue
[2025-04-02T07:59:22.964+0000] {logging_mixin.py:190} INFO - [2025-04-02T07:59:22.964+0000] {dagbag.py:588} INFO - Filling up the DagBag from /home/airflow/.local/lib/python3.12/site-packages/airflow/example_dags/example_short_circuit_decorator.py
[2025-04-02T07:59:22.989+0000] {processor.py:925} INFO - DAG(s) 'example_short_circuit_decorator' retrieved from /home/airflow/.local/lib/python3.12/site-packages/airflow/example_dags/example_short_circuit_decorator.py
[2025-04-02T07:59:23.043+0000] {logging_mixin.py:190} INFO - [2025-04-02T07:59:23.042+0000] {dag.py:3239} INFO - Sync 1 DAGs
[2025-04-02T07:59:23.076+0000] {logging_mixin.py:190} INFO - [2025-04-02T07:59:23.076+0000] {dag.py:4180} INFO - Setting next_dagrun for example_short_circuit_decorator to None, run_after=None
[2025-04-02T07:59:23.113+0000] {processor.py:208} INFO - Processing /home/airflow/.local/lib/python3.12/site-packages/airflow/example_dags/example_short_circuit_decorator.py took 0.170 seconds
[2025-04-02T07:59:54.171+0000] {processor.py:186} INFO - Started process (PID=6850) to work on /home/airflow/.local/lib/python3.12/site-packages/airflow/example_dags/example_short_circuit_decorator.py
[2025-04-02T07:59:54.173+0000] {processor.py:914} INFO - Processing file /home/airflow/.local/lib/python3.12/site-packages/airflow/example_dags/example_short_circuit_decorator.py for tasks to queue
[2025-04-02T07:59:54.181+0000] {logging_mixin.py:190} INFO - [2025-04-02T07:59:54.180+0000] {dagbag.py:588} INFO - Filling up the DagBag from /home/airflow/.local/lib/python3.12/site-packages/airflow/example_dags/example_short_circuit_decorator.py
[2025-04-02T07:59:54.234+0000] {processor.py:925} INFO - DAG(s) 'example_short_circuit_decorator' retrieved from /home/airflow/.local/lib/python3.12/site-packages/airflow/example_dags/example_short_circuit_decorator.py
[2025-04-02T07:59:54.327+0000] {logging_mixin.py:190} INFO - [2025-04-02T07:59:54.325+0000] {dag.py:3239} INFO - Sync 1 DAGs
[2025-04-02T07:59:54.385+0000] {logging_mixin.py:190} INFO - [2025-04-02T07:59:54.385+0000] {dag.py:4180} INFO - Setting next_dagrun for example_short_circuit_decorator to None, run_after=None
[2025-04-02T07:59:54.449+0000] {processor.py:208} INFO - Processing /home/airflow/.local/lib/python3.12/site-packages/airflow/example_dags/example_short_circuit_decorator.py took 0.314 seconds
[2025-04-02T08:00:24.768+0000] {processor.py:186} INFO - Started process (PID=6925) to work on /home/airflow/.local/lib/python3.12/site-packages/airflow/example_dags/example_short_circuit_decorator.py
[2025-04-02T08:00:24.770+0000] {processor.py:914} INFO - Processing file /home/airflow/.local/lib/python3.12/site-packages/airflow/example_dags/example_short_circuit_decorator.py for tasks to queue
[2025-04-02T08:00:24.777+0000] {logging_mixin.py:190} INFO - [2025-04-02T08:00:24.776+0000] {dagbag.py:588} INFO - Filling up the DagBag from /home/airflow/.local/lib/python3.12/site-packages/airflow/example_dags/example_short_circuit_decorator.py
[2025-04-02T08:00:24.802+0000] {processor.py:925} INFO - DAG(s) 'example_short_circuit_decorator' retrieved from /home/airflow/.local/lib/python3.12/site-packages/airflow/example_dags/example_short_circuit_decorator.py
[2025-04-02T08:00:24.875+0000] {logging_mixin.py:190} INFO - [2025-04-02T08:00:24.873+0000] {dag.py:3239} INFO - Sync 1 DAGs
[2025-04-02T08:00:24.932+0000] {logging_mixin.py:190} INFO - [2025-04-02T08:00:24.931+0000] {dag.py:4180} INFO - Setting next_dagrun for example_short_circuit_decorator to None, run_after=None
[2025-04-02T08:00:24.997+0000] {processor.py:208} INFO - Processing /home/airflow/.local/lib/python3.12/site-packages/airflow/example_dags/example_short_circuit_decorator.py took 0.247 seconds
[2025-04-02T08:00:55.560+0000] {processor.py:186} INFO - Started process (PID=6998) to work on /home/airflow/.local/lib/python3.12/site-packages/airflow/example_dags/example_short_circuit_decorator.py
[2025-04-02T08:00:55.565+0000] {processor.py:914} INFO - Processing file /home/airflow/.local/lib/python3.12/site-packages/airflow/example_dags/example_short_circuit_decorator.py for tasks to queue
[2025-04-02T08:00:55.573+0000] {logging_mixin.py:190} INFO - [2025-04-02T08:00:55.573+0000] {dagbag.py:588} INFO - Filling up the DagBag from /home/airflow/.local/lib/python3.12/site-packages/airflow/example_dags/example_short_circuit_decorator.py
[2025-04-02T08:00:55.622+0000] {processor.py:925} INFO - DAG(s) 'example_short_circuit_decorator' retrieved from /home/airflow/.local/lib/python3.12/site-packages/airflow/example_dags/example_short_circuit_decorator.py
[2025-04-02T08:00:55.742+0000] {logging_mixin.py:190} INFO - [2025-04-02T08:00:55.741+0000] {dag.py:3239} INFO - Sync 1 DAGs
[2025-04-02T08:00:55.796+0000] {logging_mixin.py:190} INFO - [2025-04-02T08:00:55.796+0000] {dag.py:4180} INFO - Setting next_dagrun for example_short_circuit_decorator to None, run_after=None
[2025-04-02T08:00:55.847+0000] {processor.py:208} INFO - Processing /home/airflow/.local/lib/python3.12/site-packages/airflow/example_dags/example_short_circuit_decorator.py took 0.321 seconds
[2025-04-02T08:01:26.448+0000] {processor.py:186} INFO - Started process (PID=7082) to work on /home/airflow/.local/lib/python3.12/site-packages/airflow/example_dags/example_short_circuit_decorator.py
[2025-04-02T08:01:26.451+0000] {processor.py:914} INFO - Processing file /home/airflow/.local/lib/python3.12/site-packages/airflow/example_dags/example_short_circuit_decorator.py for tasks to queue
[2025-04-02T08:01:26.461+0000] {logging_mixin.py:190} INFO - [2025-04-02T08:01:26.458+0000] {dagbag.py:588} INFO - Filling up the DagBag from /home/airflow/.local/lib/python3.12/site-packages/airflow/example_dags/example_short_circuit_decorator.py
[2025-04-02T08:01:26.505+0000] {processor.py:925} INFO - DAG(s) 'example_short_circuit_decorator' retrieved from /home/airflow/.local/lib/python3.12/site-packages/airflow/example_dags/example_short_circuit_decorator.py
[2025-04-02T08:01:26.615+0000] {logging_mixin.py:190} INFO - [2025-04-02T08:01:26.614+0000] {dag.py:3239} INFO - Sync 1 DAGs
[2025-04-02T08:01:26.669+0000] {logging_mixin.py:190} INFO - [2025-04-02T08:01:26.668+0000] {dag.py:4180} INFO - Setting next_dagrun for example_short_circuit_decorator to None, run_after=None
[2025-04-02T08:01:26.724+0000] {processor.py:208} INFO - Processing /home/airflow/.local/lib/python3.12/site-packages/airflow/example_dags/example_short_circuit_decorator.py took 0.302 seconds
[2025-04-02T08:01:57.747+0000] {processor.py:186} INFO - Started process (PID=7157) to work on /home/airflow/.local/lib/python3.12/site-packages/airflow/example_dags/example_short_circuit_decorator.py
[2025-04-02T08:01:57.753+0000] {processor.py:914} INFO - Processing file /home/airflow/.local/lib/python3.12/site-packages/airflow/example_dags/example_short_circuit_decorator.py for tasks to queue
[2025-04-02T08:01:57.765+0000] {logging_mixin.py:190} INFO - [2025-04-02T08:01:57.762+0000] {dagbag.py:588} INFO - Filling up the DagBag from /home/airflow/.local/lib/python3.12/site-packages/airflow/example_dags/example_short_circuit_decorator.py
[2025-04-02T08:01:57.819+0000] {processor.py:925} INFO - DAG(s) 'example_short_circuit_decorator' retrieved from /home/airflow/.local/lib/python3.12/site-packages/airflow/example_dags/example_short_circuit_decorator.py
[2025-04-02T08:01:57.918+0000] {logging_mixin.py:190} INFO - [2025-04-02T08:01:57.916+0000] {dag.py:3239} INFO - Sync 1 DAGs
[2025-04-02T08:01:57.991+0000] {logging_mixin.py:190} INFO - [2025-04-02T08:01:57.990+0000] {dag.py:4180} INFO - Setting next_dagrun for example_short_circuit_decorator to None, run_after=None
[2025-04-02T08:01:58.050+0000] {processor.py:208} INFO - Processing /home/airflow/.local/lib/python3.12/site-packages/airflow/example_dags/example_short_circuit_decorator.py took 0.339 seconds
[2025-04-02T08:02:28.177+0000] {processor.py:186} INFO - Started process (PID=7242) to work on /home/airflow/.local/lib/python3.12/site-packages/airflow/example_dags/example_short_circuit_decorator.py
[2025-04-02T08:02:28.179+0000] {processor.py:914} INFO - Processing file /home/airflow/.local/lib/python3.12/site-packages/airflow/example_dags/example_short_circuit_decorator.py for tasks to queue
[2025-04-02T08:02:28.184+0000] {logging_mixin.py:190} INFO - [2025-04-02T08:02:28.183+0000] {dagbag.py:588} INFO - Filling up the DagBag from /home/airflow/.local/lib/python3.12/site-packages/airflow/example_dags/example_short_circuit_decorator.py
[2025-04-02T08:02:28.210+0000] {processor.py:925} INFO - DAG(s) 'example_short_circuit_decorator' retrieved from /home/airflow/.local/lib/python3.12/site-packages/airflow/example_dags/example_short_circuit_decorator.py
[2025-04-02T08:02:28.278+0000] {logging_mixin.py:190} INFO - [2025-04-02T08:02:28.277+0000] {dag.py:3239} INFO - Sync 1 DAGs
[2025-04-02T08:02:28.312+0000] {logging_mixin.py:190} INFO - [2025-04-02T08:02:28.312+0000] {dag.py:4180} INFO - Setting next_dagrun for example_short_circuit_decorator to None, run_after=None
[2025-04-02T08:02:28.359+0000] {processor.py:208} INFO - Processing /home/airflow/.local/lib/python3.12/site-packages/airflow/example_dags/example_short_circuit_decorator.py took 0.203 seconds
[2025-04-02T08:02:58.697+0000] {processor.py:186} INFO - Started process (PID=7310) to work on /home/airflow/.local/lib/python3.12/site-packages/airflow/example_dags/example_short_circuit_decorator.py
[2025-04-02T08:02:58.700+0000] {processor.py:914} INFO - Processing file /home/airflow/.local/lib/python3.12/site-packages/airflow/example_dags/example_short_circuit_decorator.py for tasks to queue
[2025-04-02T08:02:58.704+0000] {logging_mixin.py:190} INFO - [2025-04-02T08:02:58.704+0000] {dagbag.py:588} INFO - Filling up the DagBag from /home/airflow/.local/lib/python3.12/site-packages/airflow/example_dags/example_short_circuit_decorator.py
[2025-04-02T08:02:58.729+0000] {processor.py:925} INFO - DAG(s) 'example_short_circuit_decorator' retrieved from /home/airflow/.local/lib/python3.12/site-packages/airflow/example_dags/example_short_circuit_decorator.py
[2025-04-02T08:02:58.840+0000] {logging_mixin.py:190} INFO - [2025-04-02T08:02:58.838+0000] {dag.py:3239} INFO - Sync 1 DAGs
[2025-04-02T08:02:58.897+0000] {logging_mixin.py:190} INFO - [2025-04-02T08:02:58.896+0000] {dag.py:4180} INFO - Setting next_dagrun for example_short_circuit_decorator to None, run_after=None
[2025-04-02T08:02:58.979+0000] {processor.py:208} INFO - Processing /home/airflow/.local/lib/python3.12/site-packages/airflow/example_dags/example_short_circuit_decorator.py took 0.300 seconds
[2025-04-02T08:03:29.417+0000] {processor.py:186} INFO - Started process (PID=7389) to work on /home/airflow/.local/lib/python3.12/site-packages/airflow/example_dags/example_short_circuit_decorator.py
[2025-04-02T08:03:29.419+0000] {processor.py:914} INFO - Processing file /home/airflow/.local/lib/python3.12/site-packages/airflow/example_dags/example_short_circuit_decorator.py for tasks to queue
[2025-04-02T08:03:29.425+0000] {logging_mixin.py:190} INFO - [2025-04-02T08:03:29.425+0000] {dagbag.py:588} INFO - Filling up the DagBag from /home/airflow/.local/lib/python3.12/site-packages/airflow/example_dags/example_short_circuit_decorator.py
[2025-04-02T08:03:29.461+0000] {processor.py:925} INFO - DAG(s) 'example_short_circuit_decorator' retrieved from /home/airflow/.local/lib/python3.12/site-packages/airflow/example_dags/example_short_circuit_decorator.py
[2025-04-02T08:03:29.540+0000] {logging_mixin.py:190} INFO - [2025-04-02T08:03:29.539+0000] {dag.py:3239} INFO - Sync 1 DAGs
[2025-04-02T08:03:29.595+0000] {logging_mixin.py:190} INFO - [2025-04-02T08:03:29.594+0000] {dag.py:4180} INFO - Setting next_dagrun for example_short_circuit_decorator to None, run_after=None
[2025-04-02T08:03:29.656+0000] {processor.py:208} INFO - Processing /home/airflow/.local/lib/python3.12/site-packages/airflow/example_dags/example_short_circuit_decorator.py took 0.262 seconds
[2025-04-02T08:03:59.817+0000] {processor.py:186} INFO - Started process (PID=7457) to work on /home/airflow/.local/lib/python3.12/site-packages/airflow/example_dags/example_short_circuit_decorator.py
[2025-04-02T08:03:59.818+0000] {processor.py:914} INFO - Processing file /home/airflow/.local/lib/python3.12/site-packages/airflow/example_dags/example_short_circuit_decorator.py for tasks to queue
[2025-04-02T08:03:59.823+0000] {logging_mixin.py:190} INFO - [2025-04-02T08:03:59.823+0000] {dagbag.py:588} INFO - Filling up the DagBag from /home/airflow/.local/lib/python3.12/site-packages/airflow/example_dags/example_short_circuit_decorator.py
[2025-04-02T08:03:59.858+0000] {processor.py:925} INFO - DAG(s) 'example_short_circuit_decorator' retrieved from /home/airflow/.local/lib/python3.12/site-packages/airflow/example_dags/example_short_circuit_decorator.py
[2025-04-02T08:03:59.926+0000] {logging_mixin.py:190} INFO - [2025-04-02T08:03:59.925+0000] {dag.py:3239} INFO - Sync 1 DAGs
[2025-04-02T08:03:59.963+0000] {logging_mixin.py:190} INFO - [2025-04-02T08:03:59.963+0000] {dag.py:4180} INFO - Setting next_dagrun for example_short_circuit_decorator to None, run_after=None
[2025-04-02T08:04:00.010+0000] {processor.py:208} INFO - Processing /home/airflow/.local/lib/python3.12/site-packages/airflow/example_dags/example_short_circuit_decorator.py took 0.215 seconds
[2025-04-02T08:04:30.958+0000] {processor.py:186} INFO - Started process (PID=7535) to work on /home/airflow/.local/lib/python3.12/site-packages/airflow/example_dags/example_short_circuit_decorator.py
[2025-04-02T08:04:30.961+0000] {processor.py:914} INFO - Processing file /home/airflow/.local/lib/python3.12/site-packages/airflow/example_dags/example_short_circuit_decorator.py for tasks to queue
[2025-04-02T08:04:30.966+0000] {logging_mixin.py:190} INFO - [2025-04-02T08:04:30.965+0000] {dagbag.py:588} INFO - Filling up the DagBag from /home/airflow/.local/lib/python3.12/site-packages/airflow/example_dags/example_short_circuit_decorator.py
[2025-04-02T08:04:30.996+0000] {processor.py:925} INFO - DAG(s) 'example_short_circuit_decorator' retrieved from /home/airflow/.local/lib/python3.12/site-packages/airflow/example_dags/example_short_circuit_decorator.py
[2025-04-02T08:04:31.056+0000] {logging_mixin.py:190} INFO - [2025-04-02T08:04:31.055+0000] {dag.py:3239} INFO - Sync 1 DAGs
[2025-04-02T08:04:31.088+0000] {logging_mixin.py:190} INFO - [2025-04-02T08:04:31.088+0000] {dag.py:4180} INFO - Setting next_dagrun for example_short_circuit_decorator to None, run_after=None
[2025-04-02T08:04:31.128+0000] {processor.py:208} INFO - Processing /home/airflow/.local/lib/python3.12/site-packages/airflow/example_dags/example_short_circuit_decorator.py took 0.188 seconds
[2025-04-02T08:05:01.241+0000] {processor.py:186} INFO - Started process (PID=7607) to work on /home/airflow/.local/lib/python3.12/site-packages/airflow/example_dags/example_short_circuit_decorator.py
[2025-04-02T08:05:01.246+0000] {processor.py:914} INFO - Processing file /home/airflow/.local/lib/python3.12/site-packages/airflow/example_dags/example_short_circuit_decorator.py for tasks to queue
[2025-04-02T08:05:01.252+0000] {logging_mixin.py:190} INFO - [2025-04-02T08:05:01.251+0000] {dagbag.py:588} INFO - Filling up the DagBag from /home/airflow/.local/lib/python3.12/site-packages/airflow/example_dags/example_short_circuit_decorator.py
[2025-04-02T08:05:01.297+0000] {processor.py:925} INFO - DAG(s) 'example_short_circuit_decorator' retrieved from /home/airflow/.local/lib/python3.12/site-packages/airflow/example_dags/example_short_circuit_decorator.py
[2025-04-02T08:05:01.386+0000] {logging_mixin.py:190} INFO - [2025-04-02T08:05:01.384+0000] {dag.py:3239} INFO - Sync 1 DAGs
[2025-04-02T08:05:01.435+0000] {logging_mixin.py:190} INFO - [2025-04-02T08:05:01.434+0000] {dag.py:4180} INFO - Setting next_dagrun for example_short_circuit_decorator to None, run_after=None
[2025-04-02T08:05:01.493+0000] {processor.py:208} INFO - Processing /home/airflow/.local/lib/python3.12/site-packages/airflow/example_dags/example_short_circuit_decorator.py took 0.267 seconds
[2025-04-02T08:05:31.789+0000] {processor.py:186} INFO - Started process (PID=7671) to work on /home/airflow/.local/lib/python3.12/site-packages/airflow/example_dags/example_short_circuit_decorator.py
[2025-04-02T08:05:31.791+0000] {processor.py:914} INFO - Processing file /home/airflow/.local/lib/python3.12/site-packages/airflow/example_dags/example_short_circuit_decorator.py for tasks to queue
[2025-04-02T08:05:31.800+0000] {logging_mixin.py:190} INFO - [2025-04-02T08:05:31.799+0000] {dagbag.py:588} INFO - Filling up the DagBag from /home/airflow/.local/lib/python3.12/site-packages/airflow/example_dags/example_short_circuit_decorator.py
[2025-04-02T08:05:31.831+0000] {processor.py:925} INFO - DAG(s) 'example_short_circuit_decorator' retrieved from /home/airflow/.local/lib/python3.12/site-packages/airflow/example_dags/example_short_circuit_decorator.py
[2025-04-02T08:05:31.897+0000] {logging_mixin.py:190} INFO - [2025-04-02T08:05:31.896+0000] {dag.py:3239} INFO - Sync 1 DAGs
[2025-04-02T08:05:31.934+0000] {logging_mixin.py:190} INFO - [2025-04-02T08:05:31.934+0000] {dag.py:4180} INFO - Setting next_dagrun for example_short_circuit_decorator to None, run_after=None
[2025-04-02T08:05:31.977+0000] {processor.py:208} INFO - Processing /home/airflow/.local/lib/python3.12/site-packages/airflow/example_dags/example_short_circuit_decorator.py took 0.209 seconds
[2025-04-02T08:06:08.413+0000] {processor.py:186} INFO - Started process (PID=7748) to work on /home/airflow/.local/lib/python3.12/site-packages/airflow/example_dags/example_short_circuit_decorator.py
[2025-04-02T08:06:08.418+0000] {processor.py:914} INFO - Processing file /home/airflow/.local/lib/python3.12/site-packages/airflow/example_dags/example_short_circuit_decorator.py for tasks to queue
[2025-04-02T08:06:08.451+0000] {logging_mixin.py:190} INFO - [2025-04-02T08:06:08.446+0000] {dagbag.py:588} INFO - Filling up the DagBag from /home/airflow/.local/lib/python3.12/site-packages/airflow/example_dags/example_short_circuit_decorator.py
[2025-04-02T08:06:08.567+0000] {processor.py:925} INFO - DAG(s) 'example_short_circuit_decorator' retrieved from /home/airflow/.local/lib/python3.12/site-packages/airflow/example_dags/example_short_circuit_decorator.py
[2025-04-02T08:06:08.946+0000] {logging_mixin.py:190} INFO - [2025-04-02T08:06:08.941+0000] {dag.py:3239} INFO - Sync 1 DAGs
[2025-04-02T08:06:09.290+0000] {logging_mixin.py:190} INFO - [2025-04-02T08:06:09.269+0000] {dag.py:4180} INFO - Setting next_dagrun for example_short_circuit_decorator to None, run_after=None
[2025-04-02T08:06:09.650+0000] {processor.py:208} INFO - Processing /home/airflow/.local/lib/python3.12/site-packages/airflow/example_dags/example_short_circuit_decorator.py took 1.296 seconds
[2025-04-02T08:06:40.017+0000] {processor.py:186} INFO - Started process (PID=7812) to work on /home/airflow/.local/lib/python3.12/site-packages/airflow/example_dags/example_short_circuit_decorator.py
[2025-04-02T08:06:40.021+0000] {processor.py:914} INFO - Processing file /home/airflow/.local/lib/python3.12/site-packages/airflow/example_dags/example_short_circuit_decorator.py for tasks to queue
[2025-04-02T08:06:40.030+0000] {logging_mixin.py:190} INFO - [2025-04-02T08:06:40.028+0000] {dagbag.py:588} INFO - Filling up the DagBag from /home/airflow/.local/lib/python3.12/site-packages/airflow/example_dags/example_short_circuit_decorator.py
[2025-04-02T08:06:40.080+0000] {processor.py:925} INFO - DAG(s) 'example_short_circuit_decorator' retrieved from /home/airflow/.local/lib/python3.12/site-packages/airflow/example_dags/example_short_circuit_decorator.py
[2025-04-02T08:06:40.202+0000] {logging_mixin.py:190} INFO - [2025-04-02T08:06:40.199+0000] {dag.py:3239} INFO - Sync 1 DAGs
[2025-04-02T08:06:40.271+0000] {logging_mixin.py:190} INFO - [2025-04-02T08:06:40.270+0000] {dag.py:4180} INFO - Setting next_dagrun for example_short_circuit_decorator to None, run_after=None
[2025-04-02T08:06:40.357+0000] {processor.py:208} INFO - Processing /home/airflow/.local/lib/python3.12/site-packages/airflow/example_dags/example_short_circuit_decorator.py took 0.372 seconds
[2025-04-02T08:07:11.145+0000] {processor.py:186} INFO - Started process (PID=7876) to work on /home/airflow/.local/lib/python3.12/site-packages/airflow/example_dags/example_short_circuit_decorator.py
[2025-04-02T08:07:11.161+0000] {processor.py:914} INFO - Processing file /home/airflow/.local/lib/python3.12/site-packages/airflow/example_dags/example_short_circuit_decorator.py for tasks to queue
[2025-04-02T08:07:11.169+0000] {logging_mixin.py:190} INFO - [2025-04-02T08:07:11.166+0000] {dagbag.py:588} INFO - Filling up the DagBag from /home/airflow/.local/lib/python3.12/site-packages/airflow/example_dags/example_short_circuit_decorator.py
[2025-04-02T08:07:11.198+0000] {processor.py:925} INFO - DAG(s) 'example_short_circuit_decorator' retrieved from /home/airflow/.local/lib/python3.12/site-packages/airflow/example_dags/example_short_circuit_decorator.py
[2025-04-02T08:07:11.281+0000] {logging_mixin.py:190} INFO - [2025-04-02T08:07:11.280+0000] {dag.py:3239} INFO - Sync 1 DAGs
[2025-04-02T08:07:11.326+0000] {logging_mixin.py:190} INFO - [2025-04-02T08:07:11.326+0000] {dag.py:4180} INFO - Setting next_dagrun for example_short_circuit_decorator to None, run_after=None
[2025-04-02T08:07:11.375+0000] {processor.py:208} INFO - Processing /home/airflow/.local/lib/python3.12/site-packages/airflow/example_dags/example_short_circuit_decorator.py took 0.265 seconds
[2025-04-02T08:07:41.703+0000] {processor.py:186} INFO - Started process (PID=7965) to work on /home/airflow/.local/lib/python3.12/site-packages/airflow/example_dags/example_short_circuit_decorator.py
[2025-04-02T08:07:41.705+0000] {processor.py:914} INFO - Processing file /home/airflow/.local/lib/python3.12/site-packages/airflow/example_dags/example_short_circuit_decorator.py for tasks to queue
[2025-04-02T08:07:41.711+0000] {logging_mixin.py:190} INFO - [2025-04-02T08:07:41.710+0000] {dagbag.py:588} INFO - Filling up the DagBag from /home/airflow/.local/lib/python3.12/site-packages/airflow/example_dags/example_short_circuit_decorator.py
[2025-04-02T08:07:41.741+0000] {processor.py:925} INFO - DAG(s) 'example_short_circuit_decorator' retrieved from /home/airflow/.local/lib/python3.12/site-packages/airflow/example_dags/example_short_circuit_decorator.py
[2025-04-02T08:07:41.807+0000] {logging_mixin.py:190} INFO - [2025-04-02T08:07:41.806+0000] {dag.py:3239} INFO - Sync 1 DAGs
[2025-04-02T08:07:41.851+0000] {logging_mixin.py:190} INFO - [2025-04-02T08:07:41.850+0000] {dag.py:4180} INFO - Setting next_dagrun for example_short_circuit_decorator to None, run_after=None
[2025-04-02T08:07:41.898+0000] {processor.py:208} INFO - Processing /home/airflow/.local/lib/python3.12/site-packages/airflow/example_dags/example_short_circuit_decorator.py took 0.215 seconds
[2025-04-02T08:08:12.725+0000] {processor.py:186} INFO - Started process (PID=8029) to work on /home/airflow/.local/lib/python3.12/site-packages/airflow/example_dags/example_short_circuit_decorator.py
[2025-04-02T08:08:12.727+0000] {processor.py:914} INFO - Processing file /home/airflow/.local/lib/python3.12/site-packages/airflow/example_dags/example_short_circuit_decorator.py for tasks to queue
[2025-04-02T08:08:12.735+0000] {logging_mixin.py:190} INFO - [2025-04-02T08:08:12.734+0000] {dagbag.py:588} INFO - Filling up the DagBag from /home/airflow/.local/lib/python3.12/site-packages/airflow/example_dags/example_short_circuit_decorator.py
[2025-04-02T08:08:12.770+0000] {processor.py:925} INFO - DAG(s) 'example_short_circuit_decorator' retrieved from /home/airflow/.local/lib/python3.12/site-packages/airflow/example_dags/example_short_circuit_decorator.py
[2025-04-02T08:08:12.844+0000] {logging_mixin.py:190} INFO - [2025-04-02T08:08:12.843+0000] {dag.py:3239} INFO - Sync 1 DAGs
[2025-04-02T08:08:12.883+0000] {logging_mixin.py:190} INFO - [2025-04-02T08:08:12.883+0000] {dag.py:4180} INFO - Setting next_dagrun for example_short_circuit_decorator to None, run_after=None
[2025-04-02T08:08:12.930+0000] {processor.py:208} INFO - Processing /home/airflow/.local/lib/python3.12/site-packages/airflow/example_dags/example_short_circuit_decorator.py took 0.227 seconds
[2025-04-02T08:08:43.290+0000] {processor.py:186} INFO - Started process (PID=8106) to work on /home/airflow/.local/lib/python3.12/site-packages/airflow/example_dags/example_short_circuit_decorator.py
[2025-04-02T08:08:43.292+0000] {processor.py:914} INFO - Processing file /home/airflow/.local/lib/python3.12/site-packages/airflow/example_dags/example_short_circuit_decorator.py for tasks to queue
[2025-04-02T08:08:43.306+0000] {logging_mixin.py:190} INFO - [2025-04-02T08:08:43.302+0000] {dagbag.py:588} INFO - Filling up the DagBag from /home/airflow/.local/lib/python3.12/site-packages/airflow/example_dags/example_short_circuit_decorator.py
[2025-04-02T08:08:43.357+0000] {processor.py:925} INFO - DAG(s) 'example_short_circuit_decorator' retrieved from /home/airflow/.local/lib/python3.12/site-packages/airflow/example_dags/example_short_circuit_decorator.py
[2025-04-02T08:08:43.480+0000] {logging_mixin.py:190} INFO - [2025-04-02T08:08:43.479+0000] {dag.py:3239} INFO - Sync 1 DAGs
[2025-04-02T08:08:43.546+0000] {logging_mixin.py:190} INFO - [2025-04-02T08:08:43.546+0000] {dag.py:4180} INFO - Setting next_dagrun for example_short_circuit_decorator to None, run_after=None
[2025-04-02T08:08:43.595+0000] {processor.py:208} INFO - Processing /home/airflow/.local/lib/python3.12/site-packages/airflow/example_dags/example_short_circuit_decorator.py took 0.352 seconds
[2025-04-02T08:09:16.729+0000] {processor.py:186} INFO - Started process (PID=8166) to work on /home/airflow/.local/lib/python3.12/site-packages/airflow/example_dags/example_short_circuit_decorator.py
[2025-04-02T08:09:16.735+0000] {processor.py:914} INFO - Processing file /home/airflow/.local/lib/python3.12/site-packages/airflow/example_dags/example_short_circuit_decorator.py for tasks to queue
[2025-04-02T08:09:16.744+0000] {logging_mixin.py:190} INFO - [2025-04-02T08:09:16.743+0000] {dagbag.py:588} INFO - Filling up the DagBag from /home/airflow/.local/lib/python3.12/site-packages/airflow/example_dags/example_short_circuit_decorator.py
[2025-04-02T08:09:16.775+0000] {processor.py:925} INFO - DAG(s) 'example_short_circuit_decorator' retrieved from /home/airflow/.local/lib/python3.12/site-packages/airflow/example_dags/example_short_circuit_decorator.py
[2025-04-02T08:09:16.840+0000] {logging_mixin.py:190} INFO - [2025-04-02T08:09:16.838+0000] {dag.py:3239} INFO - Sync 1 DAGs
[2025-04-02T08:09:16.878+0000] {logging_mixin.py:190} INFO - [2025-04-02T08:09:16.878+0000] {dag.py:4180} INFO - Setting next_dagrun for example_short_circuit_decorator to None, run_after=None
[2025-04-02T08:09:16.938+0000] {processor.py:208} INFO - Processing /home/airflow/.local/lib/python3.12/site-packages/airflow/example_dags/example_short_circuit_decorator.py took 0.227 seconds
[2025-04-02T08:09:47.811+0000] {processor.py:186} INFO - Started process (PID=8238) to work on /home/airflow/.local/lib/python3.12/site-packages/airflow/example_dags/example_short_circuit_decorator.py
[2025-04-02T08:09:47.816+0000] {processor.py:914} INFO - Processing file /home/airflow/.local/lib/python3.12/site-packages/airflow/example_dags/example_short_circuit_decorator.py for tasks to queue
[2025-04-02T08:09:47.825+0000] {logging_mixin.py:190} INFO - [2025-04-02T08:09:47.824+0000] {dagbag.py:588} INFO - Filling up the DagBag from /home/airflow/.local/lib/python3.12/site-packages/airflow/example_dags/example_short_circuit_decorator.py
[2025-04-02T08:09:47.867+0000] {processor.py:925} INFO - DAG(s) 'example_short_circuit_decorator' retrieved from /home/airflow/.local/lib/python3.12/site-packages/airflow/example_dags/example_short_circuit_decorator.py
[2025-04-02T08:09:47.950+0000] {logging_mixin.py:190} INFO - [2025-04-02T08:09:47.949+0000] {dag.py:3239} INFO - Sync 1 DAGs
[2025-04-02T08:09:48.001+0000] {logging_mixin.py:190} INFO - [2025-04-02T08:09:48.000+0000] {dag.py:4180} INFO - Setting next_dagrun for example_short_circuit_decorator to None, run_after=None
[2025-04-02T08:09:48.060+0000] {processor.py:208} INFO - Processing /home/airflow/.local/lib/python3.12/site-packages/airflow/example_dags/example_short_circuit_decorator.py took 0.285 seconds
[2025-04-02T08:10:18.219+0000] {processor.py:186} INFO - Started process (PID=8312) to work on /home/airflow/.local/lib/python3.12/site-packages/airflow/example_dags/example_short_circuit_decorator.py
[2025-04-02T08:10:18.222+0000] {processor.py:914} INFO - Processing file /home/airflow/.local/lib/python3.12/site-packages/airflow/example_dags/example_short_circuit_decorator.py for tasks to queue
[2025-04-02T08:10:18.235+0000] {logging_mixin.py:190} INFO - [2025-04-02T08:10:18.235+0000] {dagbag.py:588} INFO - Filling up the DagBag from /home/airflow/.local/lib/python3.12/site-packages/airflow/example_dags/example_short_circuit_decorator.py
[2025-04-02T08:10:18.286+0000] {processor.py:925} INFO - DAG(s) 'example_short_circuit_decorator' retrieved from /home/airflow/.local/lib/python3.12/site-packages/airflow/example_dags/example_short_circuit_decorator.py
[2025-04-02T08:10:18.363+0000] {logging_mixin.py:190} INFO - [2025-04-02T08:10:18.361+0000] {dag.py:3239} INFO - Sync 1 DAGs
[2025-04-02T08:10:18.419+0000] {logging_mixin.py:190} INFO - [2025-04-02T08:10:18.419+0000] {dag.py:4180} INFO - Setting next_dagrun for example_short_circuit_decorator to None, run_after=None
[2025-04-02T08:10:18.470+0000] {processor.py:208} INFO - Processing /home/airflow/.local/lib/python3.12/site-packages/airflow/example_dags/example_short_circuit_decorator.py took 0.293 seconds
[2025-04-02T08:10:49.533+0000] {processor.py:186} INFO - Started process (PID=8380) to work on /home/airflow/.local/lib/python3.12/site-packages/airflow/example_dags/example_short_circuit_decorator.py
[2025-04-02T08:10:49.535+0000] {processor.py:914} INFO - Processing file /home/airflow/.local/lib/python3.12/site-packages/airflow/example_dags/example_short_circuit_decorator.py for tasks to queue
[2025-04-02T08:10:49.544+0000] {logging_mixin.py:190} INFO - [2025-04-02T08:10:49.543+0000] {dagbag.py:588} INFO - Filling up the DagBag from /home/airflow/.local/lib/python3.12/site-packages/airflow/example_dags/example_short_circuit_decorator.py
[2025-04-02T08:10:49.574+0000] {processor.py:925} INFO - DAG(s) 'example_short_circuit_decorator' retrieved from /home/airflow/.local/lib/python3.12/site-packages/airflow/example_dags/example_short_circuit_decorator.py
[2025-04-02T08:10:49.647+0000] {logging_mixin.py:190} INFO - [2025-04-02T08:10:49.646+0000] {dag.py:3239} INFO - Sync 1 DAGs
[2025-04-02T08:10:49.684+0000] {logging_mixin.py:190} INFO - [2025-04-02T08:10:49.683+0000] {dag.py:4180} INFO - Setting next_dagrun for example_short_circuit_decorator to None, run_after=None
[2025-04-02T08:10:49.728+0000] {processor.py:208} INFO - Processing /home/airflow/.local/lib/python3.12/site-packages/airflow/example_dags/example_short_circuit_decorator.py took 0.217 seconds
[2025-04-02T08:11:20.074+0000] {processor.py:186} INFO - Started process (PID=8444) to work on /home/airflow/.local/lib/python3.12/site-packages/airflow/example_dags/example_short_circuit_decorator.py
[2025-04-02T08:11:20.076+0000] {processor.py:914} INFO - Processing file /home/airflow/.local/lib/python3.12/site-packages/airflow/example_dags/example_short_circuit_decorator.py for tasks to queue
[2025-04-02T08:11:20.081+0000] {logging_mixin.py:190} INFO - [2025-04-02T08:11:20.080+0000] {dagbag.py:588} INFO - Filling up the DagBag from /home/airflow/.local/lib/python3.12/site-packages/airflow/example_dags/example_short_circuit_decorator.py
[2025-04-02T08:11:20.099+0000] {processor.py:925} INFO - DAG(s) 'example_short_circuit_decorator' retrieved from /home/airflow/.local/lib/python3.12/site-packages/airflow/example_dags/example_short_circuit_decorator.py
[2025-04-02T08:11:20.140+0000] {logging_mixin.py:190} INFO - [2025-04-02T08:11:20.139+0000] {dag.py:3239} INFO - Sync 1 DAGs
[2025-04-02T08:11:20.163+0000] {logging_mixin.py:190} INFO - [2025-04-02T08:11:20.163+0000] {dag.py:4180} INFO - Setting next_dagrun for example_short_circuit_decorator to None, run_after=None
[2025-04-02T08:11:20.193+0000] {processor.py:208} INFO - Processing /home/airflow/.local/lib/python3.12/site-packages/airflow/example_dags/example_short_circuit_decorator.py took 0.130 seconds
[2025-04-02T08:11:50.398+0000] {processor.py:186} INFO - Started process (PID=8508) to work on /home/airflow/.local/lib/python3.12/site-packages/airflow/example_dags/example_short_circuit_decorator.py
[2025-04-02T08:11:50.399+0000] {processor.py:914} INFO - Processing file /home/airflow/.local/lib/python3.12/site-packages/airflow/example_dags/example_short_circuit_decorator.py for tasks to queue
[2025-04-02T08:11:50.403+0000] {logging_mixin.py:190} INFO - [2025-04-02T08:11:50.403+0000] {dagbag.py:588} INFO - Filling up the DagBag from /home/airflow/.local/lib/python3.12/site-packages/airflow/example_dags/example_short_circuit_decorator.py
[2025-04-02T08:11:50.423+0000] {processor.py:925} INFO - DAG(s) 'example_short_circuit_decorator' retrieved from /home/airflow/.local/lib/python3.12/site-packages/airflow/example_dags/example_short_circuit_decorator.py
[2025-04-02T08:11:50.464+0000] {logging_mixin.py:190} INFO - [2025-04-02T08:11:50.463+0000] {dag.py:3239} INFO - Sync 1 DAGs
[2025-04-02T08:11:50.488+0000] {logging_mixin.py:190} INFO - [2025-04-02T08:11:50.488+0000] {dag.py:4180} INFO - Setting next_dagrun for example_short_circuit_decorator to None, run_after=None
[2025-04-02T08:11:50.517+0000] {processor.py:208} INFO - Processing /home/airflow/.local/lib/python3.12/site-packages/airflow/example_dags/example_short_circuit_decorator.py took 0.131 seconds
[2025-04-02T08:12:20.766+0000] {processor.py:186} INFO - Started process (PID=8572) to work on /home/airflow/.local/lib/python3.12/site-packages/airflow/example_dags/example_short_circuit_decorator.py
[2025-04-02T08:12:20.768+0000] {processor.py:914} INFO - Processing file /home/airflow/.local/lib/python3.12/site-packages/airflow/example_dags/example_short_circuit_decorator.py for tasks to queue
[2025-04-02T08:12:20.772+0000] {logging_mixin.py:190} INFO - [2025-04-02T08:12:20.771+0000] {dagbag.py:588} INFO - Filling up the DagBag from /home/airflow/.local/lib/python3.12/site-packages/airflow/example_dags/example_short_circuit_decorator.py
[2025-04-02T08:12:20.791+0000] {processor.py:925} INFO - DAG(s) 'example_short_circuit_decorator' retrieved from /home/airflow/.local/lib/python3.12/site-packages/airflow/example_dags/example_short_circuit_decorator.py
[2025-04-02T08:12:20.835+0000] {logging_mixin.py:190} INFO - [2025-04-02T08:12:20.834+0000] {dag.py:3239} INFO - Sync 1 DAGs
[2025-04-02T08:12:20.859+0000] {logging_mixin.py:190} INFO - [2025-04-02T08:12:20.859+0000] {dag.py:4180} INFO - Setting next_dagrun for example_short_circuit_decorator to None, run_after=None
[2025-04-02T08:12:20.889+0000] {processor.py:208} INFO - Processing /home/airflow/.local/lib/python3.12/site-packages/airflow/example_dags/example_short_circuit_decorator.py took 0.134 seconds
[2025-04-02T08:12:51.416+0000] {processor.py:186} INFO - Started process (PID=8636) to work on /home/airflow/.local/lib/python3.12/site-packages/airflow/example_dags/example_short_circuit_decorator.py
[2025-04-02T08:12:51.418+0000] {processor.py:914} INFO - Processing file /home/airflow/.local/lib/python3.12/site-packages/airflow/example_dags/example_short_circuit_decorator.py for tasks to queue
[2025-04-02T08:12:51.423+0000] {logging_mixin.py:190} INFO - [2025-04-02T08:12:51.422+0000] {dagbag.py:588} INFO - Filling up the DagBag from /home/airflow/.local/lib/python3.12/site-packages/airflow/example_dags/example_short_circuit_decorator.py
[2025-04-02T08:12:51.441+0000] {processor.py:925} INFO - DAG(s) 'example_short_circuit_decorator' retrieved from /home/airflow/.local/lib/python3.12/site-packages/airflow/example_dags/example_short_circuit_decorator.py
[2025-04-02T08:12:51.485+0000] {logging_mixin.py:190} INFO - [2025-04-02T08:12:51.483+0000] {dag.py:3239} INFO - Sync 1 DAGs
[2025-04-02T08:12:51.510+0000] {logging_mixin.py:190} INFO - [2025-04-02T08:12:51.509+0000] {dag.py:4180} INFO - Setting next_dagrun for example_short_circuit_decorator to None, run_after=None
[2025-04-02T08:12:51.538+0000] {processor.py:208} INFO - Processing /home/airflow/.local/lib/python3.12/site-packages/airflow/example_dags/example_short_circuit_decorator.py took 0.133 seconds
[2025-04-02T08:13:22.181+0000] {processor.py:186} INFO - Started process (PID=8699) to work on /home/airflow/.local/lib/python3.12/site-packages/airflow/example_dags/example_short_circuit_decorator.py
[2025-04-02T08:13:22.184+0000] {processor.py:914} INFO - Processing file /home/airflow/.local/lib/python3.12/site-packages/airflow/example_dags/example_short_circuit_decorator.py for tasks to queue
[2025-04-02T08:13:22.189+0000] {logging_mixin.py:190} INFO - [2025-04-02T08:13:22.188+0000] {dagbag.py:588} INFO - Filling up the DagBag from /home/airflow/.local/lib/python3.12/site-packages/airflow/example_dags/example_short_circuit_decorator.py
[2025-04-02T08:13:22.216+0000] {processor.py:925} INFO - DAG(s) 'example_short_circuit_decorator' retrieved from /home/airflow/.local/lib/python3.12/site-packages/airflow/example_dags/example_short_circuit_decorator.py
[2025-04-02T08:13:22.273+0000] {logging_mixin.py:190} INFO - [2025-04-02T08:13:22.271+0000] {dag.py:3239} INFO - Sync 1 DAGs
[2025-04-02T08:13:22.309+0000] {logging_mixin.py:190} INFO - [2025-04-02T08:13:22.309+0000] {dag.py:4180} INFO - Setting next_dagrun for example_short_circuit_decorator to None, run_after=None
[2025-04-02T08:13:22.350+0000] {processor.py:208} INFO - Processing /home/airflow/.local/lib/python3.12/site-packages/airflow/example_dags/example_short_circuit_decorator.py took 0.184 seconds
[2025-04-02T08:13:52.599+0000] {processor.py:186} INFO - Started process (PID=8763) to work on /home/airflow/.local/lib/python3.12/site-packages/airflow/example_dags/example_short_circuit_decorator.py
[2025-04-02T08:13:52.601+0000] {processor.py:914} INFO - Processing file /home/airflow/.local/lib/python3.12/site-packages/airflow/example_dags/example_short_circuit_decorator.py for tasks to queue
[2025-04-02T08:13:52.605+0000] {logging_mixin.py:190} INFO - [2025-04-02T08:13:52.605+0000] {dagbag.py:588} INFO - Filling up the DagBag from /home/airflow/.local/lib/python3.12/site-packages/airflow/example_dags/example_short_circuit_decorator.py
[2025-04-02T08:13:52.627+0000] {processor.py:925} INFO - DAG(s) 'example_short_circuit_decorator' retrieved from /home/airflow/.local/lib/python3.12/site-packages/airflow/example_dags/example_short_circuit_decorator.py
[2025-04-02T08:13:52.672+0000] {logging_mixin.py:190} INFO - [2025-04-02T08:13:52.671+0000] {dag.py:3239} INFO - Sync 1 DAGs
[2025-04-02T08:13:52.696+0000] {logging_mixin.py:190} INFO - [2025-04-02T08:13:52.695+0000] {dag.py:4180} INFO - Setting next_dagrun for example_short_circuit_decorator to None, run_after=None
[2025-04-02T08:13:52.725+0000] {processor.py:208} INFO - Processing /home/airflow/.local/lib/python3.12/site-packages/airflow/example_dags/example_short_circuit_decorator.py took 0.138 seconds
[2025-04-02T08:14:23.591+0000] {processor.py:186} INFO - Started process (PID=8827) to work on /home/airflow/.local/lib/python3.12/site-packages/airflow/example_dags/example_short_circuit_decorator.py
[2025-04-02T08:14:23.593+0000] {processor.py:914} INFO - Processing file /home/airflow/.local/lib/python3.12/site-packages/airflow/example_dags/example_short_circuit_decorator.py for tasks to queue
[2025-04-02T08:14:23.597+0000] {logging_mixin.py:190} INFO - [2025-04-02T08:14:23.596+0000] {dagbag.py:588} INFO - Filling up the DagBag from /home/airflow/.local/lib/python3.12/site-packages/airflow/example_dags/example_short_circuit_decorator.py
[2025-04-02T08:14:23.616+0000] {processor.py:925} INFO - DAG(s) 'example_short_circuit_decorator' retrieved from /home/airflow/.local/lib/python3.12/site-packages/airflow/example_dags/example_short_circuit_decorator.py
[2025-04-02T08:14:23.660+0000] {logging_mixin.py:190} INFO - [2025-04-02T08:14:23.659+0000] {dag.py:3239} INFO - Sync 1 DAGs
[2025-04-02T08:14:23.684+0000] {logging_mixin.py:190} INFO - [2025-04-02T08:14:23.684+0000] {dag.py:4180} INFO - Setting next_dagrun for example_short_circuit_decorator to None, run_after=None
[2025-04-02T08:14:23.715+0000] {processor.py:208} INFO - Processing /home/airflow/.local/lib/python3.12/site-packages/airflow/example_dags/example_short_circuit_decorator.py took 0.135 seconds
[2025-04-02T08:14:53.995+0000] {processor.py:186} INFO - Started process (PID=8891) to work on /home/airflow/.local/lib/python3.12/site-packages/airflow/example_dags/example_short_circuit_decorator.py
[2025-04-02T08:14:53.997+0000] {processor.py:914} INFO - Processing file /home/airflow/.local/lib/python3.12/site-packages/airflow/example_dags/example_short_circuit_decorator.py for tasks to queue
[2025-04-02T08:14:54.001+0000] {logging_mixin.py:190} INFO - [2025-04-02T08:14:54.001+0000] {dagbag.py:588} INFO - Filling up the DagBag from /home/airflow/.local/lib/python3.12/site-packages/airflow/example_dags/example_short_circuit_decorator.py
[2025-04-02T08:14:54.021+0000] {processor.py:925} INFO - DAG(s) 'example_short_circuit_decorator' retrieved from /home/airflow/.local/lib/python3.12/site-packages/airflow/example_dags/example_short_circuit_decorator.py
[2025-04-02T08:14:54.068+0000] {logging_mixin.py:190} INFO - [2025-04-02T08:14:54.067+0000] {dag.py:3239} INFO - Sync 1 DAGs
[2025-04-02T08:14:54.097+0000] {logging_mixin.py:190} INFO - [2025-04-02T08:14:54.097+0000] {dag.py:4180} INFO - Setting next_dagrun for example_short_circuit_decorator to None, run_after=None
[2025-04-02T08:14:54.126+0000] {processor.py:208} INFO - Processing /home/airflow/.local/lib/python3.12/site-packages/airflow/example_dags/example_short_circuit_decorator.py took 0.142 seconds
[2025-04-02T08:15:24.675+0000] {processor.py:186} INFO - Started process (PID=8955) to work on /home/airflow/.local/lib/python3.12/site-packages/airflow/example_dags/example_short_circuit_decorator.py
[2025-04-02T08:15:24.678+0000] {processor.py:914} INFO - Processing file /home/airflow/.local/lib/python3.12/site-packages/airflow/example_dags/example_short_circuit_decorator.py for tasks to queue
[2025-04-02T08:15:24.682+0000] {logging_mixin.py:190} INFO - [2025-04-02T08:15:24.682+0000] {dagbag.py:588} INFO - Filling up the DagBag from /home/airflow/.local/lib/python3.12/site-packages/airflow/example_dags/example_short_circuit_decorator.py
[2025-04-02T08:15:24.703+0000] {processor.py:925} INFO - DAG(s) 'example_short_circuit_decorator' retrieved from /home/airflow/.local/lib/python3.12/site-packages/airflow/example_dags/example_short_circuit_decorator.py
[2025-04-02T08:15:24.748+0000] {logging_mixin.py:190} INFO - [2025-04-02T08:15:24.747+0000] {dag.py:3239} INFO - Sync 1 DAGs
[2025-04-02T08:15:24.773+0000] {logging_mixin.py:190} INFO - [2025-04-02T08:15:24.773+0000] {dag.py:4180} INFO - Setting next_dagrun for example_short_circuit_decorator to None, run_after=None
[2025-04-02T08:15:24.806+0000] {processor.py:208} INFO - Processing /home/airflow/.local/lib/python3.12/site-packages/airflow/example_dags/example_short_circuit_decorator.py took 0.142 seconds
[2025-04-02T08:15:55.468+0000] {processor.py:186} INFO - Started process (PID=9019) to work on /home/airflow/.local/lib/python3.12/site-packages/airflow/example_dags/example_short_circuit_decorator.py
[2025-04-02T08:15:55.470+0000] {processor.py:914} INFO - Processing file /home/airflow/.local/lib/python3.12/site-packages/airflow/example_dags/example_short_circuit_decorator.py for tasks to queue
[2025-04-02T08:15:55.474+0000] {logging_mixin.py:190} INFO - [2025-04-02T08:15:55.474+0000] {dagbag.py:588} INFO - Filling up the DagBag from /home/airflow/.local/lib/python3.12/site-packages/airflow/example_dags/example_short_circuit_decorator.py
[2025-04-02T08:15:55.493+0000] {processor.py:925} INFO - DAG(s) 'example_short_circuit_decorator' retrieved from /home/airflow/.local/lib/python3.12/site-packages/airflow/example_dags/example_short_circuit_decorator.py
[2025-04-02T08:15:55.541+0000] {logging_mixin.py:190} INFO - [2025-04-02T08:15:55.540+0000] {dag.py:3239} INFO - Sync 1 DAGs
[2025-04-02T08:15:55.565+0000] {logging_mixin.py:190} INFO - [2025-04-02T08:15:55.565+0000] {dag.py:4180} INFO - Setting next_dagrun for example_short_circuit_decorator to None, run_after=None
[2025-04-02T08:15:55.593+0000] {processor.py:208} INFO - Processing /home/airflow/.local/lib/python3.12/site-packages/airflow/example_dags/example_short_circuit_decorator.py took 0.137 seconds
[2025-04-02T08:16:26.132+0000] {processor.py:186} INFO - Started process (PID=9083) to work on /home/airflow/.local/lib/python3.12/site-packages/airflow/example_dags/example_short_circuit_decorator.py
[2025-04-02T08:16:26.134+0000] {processor.py:914} INFO - Processing file /home/airflow/.local/lib/python3.12/site-packages/airflow/example_dags/example_short_circuit_decorator.py for tasks to queue
[2025-04-02T08:16:26.138+0000] {logging_mixin.py:190} INFO - [2025-04-02T08:16:26.137+0000] {dagbag.py:588} INFO - Filling up the DagBag from /home/airflow/.local/lib/python3.12/site-packages/airflow/example_dags/example_short_circuit_decorator.py
[2025-04-02T08:16:26.159+0000] {processor.py:925} INFO - DAG(s) 'example_short_circuit_decorator' retrieved from /home/airflow/.local/lib/python3.12/site-packages/airflow/example_dags/example_short_circuit_decorator.py
[2025-04-02T08:16:26.200+0000] {logging_mixin.py:190} INFO - [2025-04-02T08:16:26.199+0000] {dag.py:3239} INFO - Sync 1 DAGs
[2025-04-02T08:16:26.226+0000] {logging_mixin.py:190} INFO - [2025-04-02T08:16:26.225+0000] {dag.py:4180} INFO - Setting next_dagrun for example_short_circuit_decorator to None, run_after=None
[2025-04-02T08:16:26.255+0000] {processor.py:208} INFO - Processing /home/airflow/.local/lib/python3.12/site-packages/airflow/example_dags/example_short_circuit_decorator.py took 0.135 seconds
[2025-04-02T08:16:56.448+0000] {processor.py:186} INFO - Started process (PID=9147) to work on /home/airflow/.local/lib/python3.12/site-packages/airflow/example_dags/example_short_circuit_decorator.py
[2025-04-02T08:16:56.450+0000] {processor.py:914} INFO - Processing file /home/airflow/.local/lib/python3.12/site-packages/airflow/example_dags/example_short_circuit_decorator.py for tasks to queue
[2025-04-02T08:16:56.456+0000] {logging_mixin.py:190} INFO - [2025-04-02T08:16:56.455+0000] {dagbag.py:588} INFO - Filling up the DagBag from /home/airflow/.local/lib/python3.12/site-packages/airflow/example_dags/example_short_circuit_decorator.py
[2025-04-02T08:16:56.482+0000] {processor.py:925} INFO - DAG(s) 'example_short_circuit_decorator' retrieved from /home/airflow/.local/lib/python3.12/site-packages/airflow/example_dags/example_short_circuit_decorator.py
[2025-04-02T08:16:56.539+0000] {logging_mixin.py:190} INFO - [2025-04-02T08:16:56.537+0000] {dag.py:3239} INFO - Sync 1 DAGs
[2025-04-02T08:16:56.572+0000] {logging_mixin.py:190} INFO - [2025-04-02T08:16:56.572+0000] {dag.py:4180} INFO - Setting next_dagrun for example_short_circuit_decorator to None, run_after=None
[2025-04-02T08:16:56.602+0000] {processor.py:208} INFO - Processing /home/airflow/.local/lib/python3.12/site-packages/airflow/example_dags/example_short_circuit_decorator.py took 0.169 seconds
[2025-04-02T08:17:26.984+0000] {processor.py:186} INFO - Started process (PID=9211) to work on /home/airflow/.local/lib/python3.12/site-packages/airflow/example_dags/example_short_circuit_decorator.py
[2025-04-02T08:17:26.986+0000] {processor.py:914} INFO - Processing file /home/airflow/.local/lib/python3.12/site-packages/airflow/example_dags/example_short_circuit_decorator.py for tasks to queue
[2025-04-02T08:17:26.991+0000] {logging_mixin.py:190} INFO - [2025-04-02T08:17:26.990+0000] {dagbag.py:588} INFO - Filling up the DagBag from /home/airflow/.local/lib/python3.12/site-packages/airflow/example_dags/example_short_circuit_decorator.py
[2025-04-02T08:17:27.010+0000] {processor.py:925} INFO - DAG(s) 'example_short_circuit_decorator' retrieved from /home/airflow/.local/lib/python3.12/site-packages/airflow/example_dags/example_short_circuit_decorator.py
[2025-04-02T08:17:27.058+0000] {logging_mixin.py:190} INFO - [2025-04-02T08:17:27.057+0000] {dag.py:3239} INFO - Sync 1 DAGs
[2025-04-02T08:17:27.082+0000] {logging_mixin.py:190} INFO - [2025-04-02T08:17:27.082+0000] {dag.py:4180} INFO - Setting next_dagrun for example_short_circuit_decorator to None, run_after=None
[2025-04-02T08:17:27.113+0000] {processor.py:208} INFO - Processing /home/airflow/.local/lib/python3.12/site-packages/airflow/example_dags/example_short_circuit_decorator.py took 0.140 seconds
[2025-04-02T08:17:57.482+0000] {processor.py:186} INFO - Started process (PID=9275) to work on /home/airflow/.local/lib/python3.12/site-packages/airflow/example_dags/example_short_circuit_decorator.py
[2025-04-02T08:17:57.484+0000] {processor.py:914} INFO - Processing file /home/airflow/.local/lib/python3.12/site-packages/airflow/example_dags/example_short_circuit_decorator.py for tasks to queue
[2025-04-02T08:17:57.488+0000] {logging_mixin.py:190} INFO - [2025-04-02T08:17:57.487+0000] {dagbag.py:588} INFO - Filling up the DagBag from /home/airflow/.local/lib/python3.12/site-packages/airflow/example_dags/example_short_circuit_decorator.py
[2025-04-02T08:17:57.507+0000] {processor.py:925} INFO - DAG(s) 'example_short_circuit_decorator' retrieved from /home/airflow/.local/lib/python3.12/site-packages/airflow/example_dags/example_short_circuit_decorator.py
[2025-04-02T08:17:57.550+0000] {logging_mixin.py:190} INFO - [2025-04-02T08:17:57.549+0000] {dag.py:3239} INFO - Sync 1 DAGs
[2025-04-02T08:17:57.574+0000] {logging_mixin.py:190} INFO - [2025-04-02T08:17:57.574+0000] {dag.py:4180} INFO - Setting next_dagrun for example_short_circuit_decorator to None, run_after=None
[2025-04-02T08:17:57.605+0000] {processor.py:208} INFO - Processing /home/airflow/.local/lib/python3.12/site-packages/airflow/example_dags/example_short_circuit_decorator.py took 0.134 seconds
[2025-04-02T08:18:28.144+0000] {processor.py:186} INFO - Started process (PID=9339) to work on /home/airflow/.local/lib/python3.12/site-packages/airflow/example_dags/example_short_circuit_decorator.py
[2025-04-02T08:18:28.146+0000] {processor.py:914} INFO - Processing file /home/airflow/.local/lib/python3.12/site-packages/airflow/example_dags/example_short_circuit_decorator.py for tasks to queue
[2025-04-02T08:18:28.152+0000] {logging_mixin.py:190} INFO - [2025-04-02T08:18:28.151+0000] {dagbag.py:588} INFO - Filling up the DagBag from /home/airflow/.local/lib/python3.12/site-packages/airflow/example_dags/example_short_circuit_decorator.py
[2025-04-02T08:18:28.177+0000] {processor.py:925} INFO - DAG(s) 'example_short_circuit_decorator' retrieved from /home/airflow/.local/lib/python3.12/site-packages/airflow/example_dags/example_short_circuit_decorator.py
[2025-04-02T08:18:28.229+0000] {logging_mixin.py:190} INFO - [2025-04-02T08:18:28.228+0000] {dag.py:3239} INFO - Sync 1 DAGs
[2025-04-02T08:18:28.255+0000] {logging_mixin.py:190} INFO - [2025-04-02T08:18:28.254+0000] {dag.py:4180} INFO - Setting next_dagrun for example_short_circuit_decorator to None, run_after=None
[2025-04-02T08:18:28.286+0000] {processor.py:208} INFO - Processing /home/airflow/.local/lib/python3.12/site-packages/airflow/example_dags/example_short_circuit_decorator.py took 0.155 seconds
[2025-04-02T08:18:58.520+0000] {processor.py:186} INFO - Started process (PID=9403) to work on /home/airflow/.local/lib/python3.12/site-packages/airflow/example_dags/example_short_circuit_decorator.py
[2025-04-02T08:18:58.521+0000] {processor.py:914} INFO - Processing file /home/airflow/.local/lib/python3.12/site-packages/airflow/example_dags/example_short_circuit_decorator.py for tasks to queue
[2025-04-02T08:18:58.525+0000] {logging_mixin.py:190} INFO - [2025-04-02T08:18:58.525+0000] {dagbag.py:588} INFO - Filling up the DagBag from /home/airflow/.local/lib/python3.12/site-packages/airflow/example_dags/example_short_circuit_decorator.py
[2025-04-02T08:18:58.544+0000] {processor.py:925} INFO - DAG(s) 'example_short_circuit_decorator' retrieved from /home/airflow/.local/lib/python3.12/site-packages/airflow/example_dags/example_short_circuit_decorator.py
[2025-04-02T08:18:58.593+0000] {logging_mixin.py:190} INFO - [2025-04-02T08:18:58.592+0000] {dag.py:3239} INFO - Sync 1 DAGs
[2025-04-02T08:18:58.616+0000] {logging_mixin.py:190} INFO - [2025-04-02T08:18:58.616+0000] {dag.py:4180} INFO - Setting next_dagrun for example_short_circuit_decorator to None, run_after=None
[2025-04-02T08:18:58.644+0000] {processor.py:208} INFO - Processing /home/airflow/.local/lib/python3.12/site-packages/airflow/example_dags/example_short_circuit_decorator.py took 0.134 seconds
[2025-04-02T08:19:28.900+0000] {processor.py:186} INFO - Started process (PID=9467) to work on /home/airflow/.local/lib/python3.12/site-packages/airflow/example_dags/example_short_circuit_decorator.py
[2025-04-02T08:19:28.901+0000] {processor.py:914} INFO - Processing file /home/airflow/.local/lib/python3.12/site-packages/airflow/example_dags/example_short_circuit_decorator.py for tasks to queue
[2025-04-02T08:19:28.905+0000] {logging_mixin.py:190} INFO - [2025-04-02T08:19:28.904+0000] {dagbag.py:588} INFO - Filling up the DagBag from /home/airflow/.local/lib/python3.12/site-packages/airflow/example_dags/example_short_circuit_decorator.py
[2025-04-02T08:19:28.923+0000] {processor.py:925} INFO - DAG(s) 'example_short_circuit_decorator' retrieved from /home/airflow/.local/lib/python3.12/site-packages/airflow/example_dags/example_short_circuit_decorator.py
[2025-04-02T08:19:28.972+0000] {logging_mixin.py:190} INFO - [2025-04-02T08:19:28.971+0000] {dag.py:3239} INFO - Sync 1 DAGs
[2025-04-02T08:19:28.997+0000] {logging_mixin.py:190} INFO - [2025-04-02T08:19:28.996+0000] {dag.py:4180} INFO - Setting next_dagrun for example_short_circuit_decorator to None, run_after=None
[2025-04-02T08:19:29.027+0000] {processor.py:208} INFO - Processing /home/airflow/.local/lib/python3.12/site-packages/airflow/example_dags/example_short_circuit_decorator.py took 0.138 seconds
[2025-04-02T08:19:59.505+0000] {processor.py:186} INFO - Started process (PID=9531) to work on /home/airflow/.local/lib/python3.12/site-packages/airflow/example_dags/example_short_circuit_decorator.py
[2025-04-02T08:19:59.507+0000] {processor.py:914} INFO - Processing file /home/airflow/.local/lib/python3.12/site-packages/airflow/example_dags/example_short_circuit_decorator.py for tasks to queue
[2025-04-02T08:19:59.512+0000] {logging_mixin.py:190} INFO - [2025-04-02T08:19:59.511+0000] {dagbag.py:588} INFO - Filling up the DagBag from /home/airflow/.local/lib/python3.12/site-packages/airflow/example_dags/example_short_circuit_decorator.py
[2025-04-02T08:19:59.531+0000] {processor.py:925} INFO - DAG(s) 'example_short_circuit_decorator' retrieved from /home/airflow/.local/lib/python3.12/site-packages/airflow/example_dags/example_short_circuit_decorator.py
[2025-04-02T08:19:59.571+0000] {logging_mixin.py:190} INFO - [2025-04-02T08:19:59.571+0000] {dag.py:3239} INFO - Sync 1 DAGs
[2025-04-02T08:19:59.601+0000] {logging_mixin.py:190} INFO - [2025-04-02T08:19:59.600+0000] {dag.py:4180} INFO - Setting next_dagrun for example_short_circuit_decorator to None, run_after=None
[2025-04-02T08:19:59.633+0000] {processor.py:208} INFO - Processing /home/airflow/.local/lib/python3.12/site-packages/airflow/example_dags/example_short_circuit_decorator.py took 0.139 seconds
[2025-04-02T08:20:29.977+0000] {processor.py:186} INFO - Started process (PID=9595) to work on /home/airflow/.local/lib/python3.12/site-packages/airflow/example_dags/example_short_circuit_decorator.py
[2025-04-02T08:20:29.978+0000] {processor.py:914} INFO - Processing file /home/airflow/.local/lib/python3.12/site-packages/airflow/example_dags/example_short_circuit_decorator.py for tasks to queue
[2025-04-02T08:20:29.982+0000] {logging_mixin.py:190} INFO - [2025-04-02T08:20:29.982+0000] {dagbag.py:588} INFO - Filling up the DagBag from /home/airflow/.local/lib/python3.12/site-packages/airflow/example_dags/example_short_circuit_decorator.py
[2025-04-02T08:20:30.001+0000] {processor.py:925} INFO - DAG(s) 'example_short_circuit_decorator' retrieved from /home/airflow/.local/lib/python3.12/site-packages/airflow/example_dags/example_short_circuit_decorator.py
[2025-04-02T08:20:30.047+0000] {logging_mixin.py:190} INFO - [2025-04-02T08:20:30.046+0000] {dag.py:3239} INFO - Sync 1 DAGs
[2025-04-02T08:20:30.073+0000] {logging_mixin.py:190} INFO - [2025-04-02T08:20:30.073+0000] {dag.py:4180} INFO - Setting next_dagrun for example_short_circuit_decorator to None, run_after=None
[2025-04-02T08:20:30.102+0000] {processor.py:208} INFO - Processing /home/airflow/.local/lib/python3.12/site-packages/airflow/example_dags/example_short_circuit_decorator.py took 0.137 seconds
[2025-04-02T08:21:03.208+0000] {processor.py:186} INFO - Started process (PID=9664) to work on /home/airflow/.local/lib/python3.12/site-packages/airflow/example_dags/example_short_circuit_decorator.py
[2025-04-02T08:21:03.210+0000] {processor.py:914} INFO - Processing file /home/airflow/.local/lib/python3.12/site-packages/airflow/example_dags/example_short_circuit_decorator.py for tasks to queue
[2025-04-02T08:21:03.217+0000] {logging_mixin.py:190} INFO - [2025-04-02T08:21:03.216+0000] {dagbag.py:588} INFO - Filling up the DagBag from /home/airflow/.local/lib/python3.12/site-packages/airflow/example_dags/example_short_circuit_decorator.py
[2025-04-02T08:21:03.244+0000] {processor.py:925} INFO - DAG(s) 'example_short_circuit_decorator' retrieved from /home/airflow/.local/lib/python3.12/site-packages/airflow/example_dags/example_short_circuit_decorator.py
[2025-04-02T08:21:03.306+0000] {logging_mixin.py:190} INFO - [2025-04-02T08:21:03.305+0000] {dag.py:3239} INFO - Sync 1 DAGs
[2025-04-02T08:21:03.347+0000] {logging_mixin.py:190} INFO - [2025-04-02T08:21:03.346+0000] {dag.py:4180} INFO - Setting next_dagrun for example_short_circuit_decorator to None, run_after=None
[2025-04-02T08:21:03.398+0000] {processor.py:208} INFO - Processing /home/airflow/.local/lib/python3.12/site-packages/airflow/example_dags/example_short_circuit_decorator.py took 0.207 seconds
[2025-04-02T08:21:33.700+0000] {processor.py:186} INFO - Started process (PID=9728) to work on /home/airflow/.local/lib/python3.12/site-packages/airflow/example_dags/example_short_circuit_decorator.py
[2025-04-02T08:21:33.701+0000] {processor.py:914} INFO - Processing file /home/airflow/.local/lib/python3.12/site-packages/airflow/example_dags/example_short_circuit_decorator.py for tasks to queue
[2025-04-02T08:21:33.705+0000] {logging_mixin.py:190} INFO - [2025-04-02T08:21:33.705+0000] {dagbag.py:588} INFO - Filling up the DagBag from /home/airflow/.local/lib/python3.12/site-packages/airflow/example_dags/example_short_circuit_decorator.py
[2025-04-02T08:21:33.724+0000] {processor.py:925} INFO - DAG(s) 'example_short_circuit_decorator' retrieved from /home/airflow/.local/lib/python3.12/site-packages/airflow/example_dags/example_short_circuit_decorator.py
[2025-04-02T08:21:33.764+0000] {logging_mixin.py:190} INFO - [2025-04-02T08:21:33.763+0000] {dag.py:3239} INFO - Sync 1 DAGs
[2025-04-02T08:21:33.788+0000] {logging_mixin.py:190} INFO - [2025-04-02T08:21:33.787+0000] {dag.py:4180} INFO - Setting next_dagrun for example_short_circuit_decorator to None, run_after=None
[2025-04-02T08:21:33.819+0000] {processor.py:208} INFO - Processing /home/airflow/.local/lib/python3.12/site-packages/airflow/example_dags/example_short_circuit_decorator.py took 0.131 seconds
[2025-04-02T08:22:04.430+0000] {processor.py:186} INFO - Started process (PID=9792) to work on /home/airflow/.local/lib/python3.12/site-packages/airflow/example_dags/example_short_circuit_decorator.py
[2025-04-02T08:22:04.432+0000] {processor.py:914} INFO - Processing file /home/airflow/.local/lib/python3.12/site-packages/airflow/example_dags/example_short_circuit_decorator.py for tasks to queue
[2025-04-02T08:22:04.436+0000] {logging_mixin.py:190} INFO - [2025-04-02T08:22:04.436+0000] {dagbag.py:588} INFO - Filling up the DagBag from /home/airflow/.local/lib/python3.12/site-packages/airflow/example_dags/example_short_circuit_decorator.py
[2025-04-02T08:22:04.458+0000] {processor.py:925} INFO - DAG(s) 'example_short_circuit_decorator' retrieved from /home/airflow/.local/lib/python3.12/site-packages/airflow/example_dags/example_short_circuit_decorator.py
[2025-04-02T08:22:04.506+0000] {logging_mixin.py:190} INFO - [2025-04-02T08:22:04.505+0000] {dag.py:3239} INFO - Sync 1 DAGs
[2025-04-02T08:22:04.529+0000] {logging_mixin.py:190} INFO - [2025-04-02T08:22:04.529+0000] {dag.py:4180} INFO - Setting next_dagrun for example_short_circuit_decorator to None, run_after=None
[2025-04-02T08:22:04.559+0000] {processor.py:208} INFO - Processing /home/airflow/.local/lib/python3.12/site-packages/airflow/example_dags/example_short_circuit_decorator.py took 0.140 seconds
[2025-04-02T08:22:34.745+0000] {processor.py:186} INFO - Started process (PID=9856) to work on /home/airflow/.local/lib/python3.12/site-packages/airflow/example_dags/example_short_circuit_decorator.py
[2025-04-02T08:22:34.747+0000] {processor.py:914} INFO - Processing file /home/airflow/.local/lib/python3.12/site-packages/airflow/example_dags/example_short_circuit_decorator.py for tasks to queue
[2025-04-02T08:22:34.752+0000] {logging_mixin.py:190} INFO - [2025-04-02T08:22:34.751+0000] {dagbag.py:588} INFO - Filling up the DagBag from /home/airflow/.local/lib/python3.12/site-packages/airflow/example_dags/example_short_circuit_decorator.py
[2025-04-02T08:22:34.772+0000] {processor.py:925} INFO - DAG(s) 'example_short_circuit_decorator' retrieved from /home/airflow/.local/lib/python3.12/site-packages/airflow/example_dags/example_short_circuit_decorator.py
[2025-04-02T08:22:34.816+0000] {logging_mixin.py:190} INFO - [2025-04-02T08:22:34.815+0000] {dag.py:3239} INFO - Sync 1 DAGs
[2025-04-02T08:22:34.844+0000] {logging_mixin.py:190} INFO - [2025-04-02T08:22:34.844+0000] {dag.py:4180} INFO - Setting next_dagrun for example_short_circuit_decorator to None, run_after=None
[2025-04-02T08:22:34.881+0000] {processor.py:208} INFO - Processing /home/airflow/.local/lib/python3.12/site-packages/airflow/example_dags/example_short_circuit_decorator.py took 0.150 seconds
[2025-04-02T08:23:05.254+0000] {processor.py:186} INFO - Started process (PID=9920) to work on /home/airflow/.local/lib/python3.12/site-packages/airflow/example_dags/example_short_circuit_decorator.py
[2025-04-02T08:23:05.256+0000] {processor.py:914} INFO - Processing file /home/airflow/.local/lib/python3.12/site-packages/airflow/example_dags/example_short_circuit_decorator.py for tasks to queue
[2025-04-02T08:23:05.261+0000] {logging_mixin.py:190} INFO - [2025-04-02T08:23:05.260+0000] {dagbag.py:588} INFO - Filling up the DagBag from /home/airflow/.local/lib/python3.12/site-packages/airflow/example_dags/example_short_circuit_decorator.py
[2025-04-02T08:23:05.283+0000] {processor.py:925} INFO - DAG(s) 'example_short_circuit_decorator' retrieved from /home/airflow/.local/lib/python3.12/site-packages/airflow/example_dags/example_short_circuit_decorator.py
[2025-04-02T08:23:05.323+0000] {logging_mixin.py:190} INFO - [2025-04-02T08:23:05.322+0000] {dag.py:3239} INFO - Sync 1 DAGs
[2025-04-02T08:23:05.346+0000] {logging_mixin.py:190} INFO - [2025-04-02T08:23:05.346+0000] {dag.py:4180} INFO - Setting next_dagrun for example_short_circuit_decorator to None, run_after=None
[2025-04-02T08:23:05.377+0000] {processor.py:208} INFO - Processing /home/airflow/.local/lib/python3.12/site-packages/airflow/example_dags/example_short_circuit_decorator.py took 0.134 seconds
[2025-04-02T08:23:35.923+0000] {processor.py:186} INFO - Started process (PID=9984) to work on /home/airflow/.local/lib/python3.12/site-packages/airflow/example_dags/example_short_circuit_decorator.py
[2025-04-02T08:23:35.924+0000] {processor.py:914} INFO - Processing file /home/airflow/.local/lib/python3.12/site-packages/airflow/example_dags/example_short_circuit_decorator.py for tasks to queue
[2025-04-02T08:23:35.928+0000] {logging_mixin.py:190} INFO - [2025-04-02T08:23:35.928+0000] {dagbag.py:588} INFO - Filling up the DagBag from /home/airflow/.local/lib/python3.12/site-packages/airflow/example_dags/example_short_circuit_decorator.py
[2025-04-02T08:23:35.953+0000] {processor.py:925} INFO - DAG(s) 'example_short_circuit_decorator' retrieved from /home/airflow/.local/lib/python3.12/site-packages/airflow/example_dags/example_short_circuit_decorator.py
[2025-04-02T08:23:35.992+0000] {logging_mixin.py:190} INFO - [2025-04-02T08:23:35.991+0000] {dag.py:3239} INFO - Sync 1 DAGs
[2025-04-02T08:23:36.016+0000] {logging_mixin.py:190} INFO - [2025-04-02T08:23:36.016+0000] {dag.py:4180} INFO - Setting next_dagrun for example_short_circuit_decorator to None, run_after=None
[2025-04-02T08:23:36.047+0000] {processor.py:208} INFO - Processing /home/airflow/.local/lib/python3.12/site-packages/airflow/example_dags/example_short_circuit_decorator.py took 0.135 seconds
