[2025-04-02T07:56:20.095+0000] {processor.py:186} INFO - Started process (PID=6369) to work on /home/airflow/.local/lib/python3.12/site-packages/airflow/example_dags/example_latest_only_with_trigger.py
[2025-04-02T07:56:20.097+0000] {processor.py:914} INFO - Processing file /home/airflow/.local/lib/python3.12/site-packages/airflow/example_dags/example_latest_only_with_trigger.py for tasks to queue
[2025-04-02T07:56:20.111+0000] {logging_mixin.py:190} INFO - [2025-04-02T07:56:20.110+0000] {dagbag.py:588} INFO - Filling up the DagBag from /home/airflow/.local/lib/python3.12/site-packages/airflow/example_dags/example_latest_only_with_trigger.py
[2025-04-02T07:56:20.153+0000] {processor.py:925} INFO - DAG(s) 'latest_only_with_trigger' retrieved from /home/airflow/.local/lib/python3.12/site-packages/airflow/example_dags/example_latest_only_with_trigger.py
[2025-04-02T07:56:20.248+0000] {logging_mixin.py:190} INFO - [2025-04-02T07:56:20.244+0000] {dag.py:3239} INFO - Sync 1 DAGs
[2025-04-02T07:56:20.351+0000] {logging_mixin.py:190} INFO - [2025-04-02T07:56:20.351+0000] {dag.py:4180} INFO - Setting next_dagrun for latest_only_with_trigger to 2025-04-02 00:00:00+00:00, run_after=2025-04-02 04:00:00+00:00
[2025-04-02T07:56:20.437+0000] {processor.py:208} INFO - Processing /home/airflow/.local/lib/python3.12/site-packages/airflow/example_dags/example_latest_only_with_trigger.py took 0.378 seconds
[2025-04-02T07:56:50.645+0000] {processor.py:186} INFO - Started process (PID=6433) to work on /home/airflow/.local/lib/python3.12/site-packages/airflow/example_dags/example_latest_only_with_trigger.py
[2025-04-02T07:56:50.650+0000] {processor.py:914} INFO - Processing file /home/airflow/.local/lib/python3.12/site-packages/airflow/example_dags/example_latest_only_with_trigger.py for tasks to queue
[2025-04-02T07:56:50.659+0000] {logging_mixin.py:190} INFO - [2025-04-02T07:56:50.657+0000] {dagbag.py:588} INFO - Filling up the DagBag from /home/airflow/.local/lib/python3.12/site-packages/airflow/example_dags/example_latest_only_with_trigger.py
[2025-04-02T07:56:50.692+0000] {processor.py:925} INFO - DAG(s) 'latest_only_with_trigger' retrieved from /home/airflow/.local/lib/python3.12/site-packages/airflow/example_dags/example_latest_only_with_trigger.py
[2025-04-02T07:56:50.781+0000] {logging_mixin.py:190} INFO - [2025-04-02T07:56:50.780+0000] {dag.py:3239} INFO - Sync 1 DAGs
[2025-04-02T07:56:50.848+0000] {logging_mixin.py:190} INFO - [2025-04-02T07:56:50.848+0000] {dag.py:4180} INFO - Setting next_dagrun for latest_only_with_trigger to 2025-04-02 00:00:00+00:00, run_after=2025-04-02 04:00:00+00:00
[2025-04-02T07:56:50.891+0000] {processor.py:208} INFO - Processing /home/airflow/.local/lib/python3.12/site-packages/airflow/example_dags/example_latest_only_with_trigger.py took 0.273 seconds
[2025-04-02T07:57:21.850+0000] {processor.py:186} INFO - Started process (PID=6501) to work on /home/airflow/.local/lib/python3.12/site-packages/airflow/example_dags/example_latest_only_with_trigger.py
[2025-04-02T07:57:21.854+0000] {processor.py:914} INFO - Processing file /home/airflow/.local/lib/python3.12/site-packages/airflow/example_dags/example_latest_only_with_trigger.py for tasks to queue
[2025-04-02T07:57:21.862+0000] {logging_mixin.py:190} INFO - [2025-04-02T07:57:21.862+0000] {dagbag.py:588} INFO - Filling up the DagBag from /home/airflow/.local/lib/python3.12/site-packages/airflow/example_dags/example_latest_only_with_trigger.py
[2025-04-02T07:57:21.890+0000] {processor.py:925} INFO - DAG(s) 'latest_only_with_trigger' retrieved from /home/airflow/.local/lib/python3.12/site-packages/airflow/example_dags/example_latest_only_with_trigger.py
[2025-04-02T07:57:21.968+0000] {logging_mixin.py:190} INFO - [2025-04-02T07:57:21.966+0000] {dag.py:3239} INFO - Sync 1 DAGs
[2025-04-02T07:57:22.061+0000] {logging_mixin.py:190} INFO - [2025-04-02T07:57:22.061+0000] {dag.py:4180} INFO - Setting next_dagrun for latest_only_with_trigger to 2025-04-02 00:00:00+00:00, run_after=2025-04-02 04:00:00+00:00
[2025-04-02T07:57:22.128+0000] {processor.py:208} INFO - Processing /home/airflow/.local/lib/python3.12/site-packages/airflow/example_dags/example_latest_only_with_trigger.py took 0.298 seconds
[2025-04-02T07:57:53.070+0000] {processor.py:186} INFO - Started process (PID=6578) to work on /home/airflow/.local/lib/python3.12/site-packages/airflow/example_dags/example_latest_only_with_trigger.py
[2025-04-02T07:57:53.071+0000] {processor.py:914} INFO - Processing file /home/airflow/.local/lib/python3.12/site-packages/airflow/example_dags/example_latest_only_with_trigger.py for tasks to queue
[2025-04-02T07:57:53.078+0000] {logging_mixin.py:190} INFO - [2025-04-02T07:57:53.077+0000] {dagbag.py:588} INFO - Filling up the DagBag from /home/airflow/.local/lib/python3.12/site-packages/airflow/example_dags/example_latest_only_with_trigger.py
[2025-04-02T07:57:53.108+0000] {processor.py:925} INFO - DAG(s) 'latest_only_with_trigger' retrieved from /home/airflow/.local/lib/python3.12/site-packages/airflow/example_dags/example_latest_only_with_trigger.py
[2025-04-02T07:57:53.197+0000] {logging_mixin.py:190} INFO - [2025-04-02T07:57:53.196+0000] {dag.py:3239} INFO - Sync 1 DAGs
[2025-04-02T07:57:53.270+0000] {logging_mixin.py:190} INFO - [2025-04-02T07:57:53.270+0000] {dag.py:4180} INFO - Setting next_dagrun for latest_only_with_trigger to 2025-04-02 00:00:00+00:00, run_after=2025-04-02 04:00:00+00:00
[2025-04-02T07:57:53.322+0000] {processor.py:208} INFO - Processing /home/airflow/.local/lib/python3.12/site-packages/airflow/example_dags/example_latest_only_with_trigger.py took 0.277 seconds
[2025-04-02T07:58:24.304+0000] {processor.py:186} INFO - Started process (PID=6643) to work on /home/airflow/.local/lib/python3.12/site-packages/airflow/example_dags/example_latest_only_with_trigger.py
[2025-04-02T07:58:24.309+0000] {processor.py:914} INFO - Processing file /home/airflow/.local/lib/python3.12/site-packages/airflow/example_dags/example_latest_only_with_trigger.py for tasks to queue
[2025-04-02T07:58:24.320+0000] {logging_mixin.py:190} INFO - [2025-04-02T07:58:24.317+0000] {dagbag.py:588} INFO - Filling up the DagBag from /home/airflow/.local/lib/python3.12/site-packages/airflow/example_dags/example_latest_only_with_trigger.py
[2025-04-02T07:58:24.352+0000] {processor.py:925} INFO - DAG(s) 'latest_only_with_trigger' retrieved from /home/airflow/.local/lib/python3.12/site-packages/airflow/example_dags/example_latest_only_with_trigger.py
[2025-04-02T07:58:24.421+0000] {logging_mixin.py:190} INFO - [2025-04-02T07:58:24.419+0000] {dag.py:3239} INFO - Sync 1 DAGs
[2025-04-02T07:58:24.510+0000] {logging_mixin.py:190} INFO - [2025-04-02T07:58:24.509+0000] {dag.py:4180} INFO - Setting next_dagrun for latest_only_with_trigger to 2025-04-02 00:00:00+00:00, run_after=2025-04-02 04:00:00+00:00
[2025-04-02T07:58:24.576+0000] {processor.py:208} INFO - Processing /home/airflow/.local/lib/python3.12/site-packages/airflow/example_dags/example_latest_only_with_trigger.py took 0.301 seconds
[2025-04-02T07:58:55.363+0000] {processor.py:186} INFO - Started process (PID=6721) to work on /home/airflow/.local/lib/python3.12/site-packages/airflow/example_dags/example_latest_only_with_trigger.py
[2025-04-02T07:58:55.365+0000] {processor.py:914} INFO - Processing file /home/airflow/.local/lib/python3.12/site-packages/airflow/example_dags/example_latest_only_with_trigger.py for tasks to queue
[2025-04-02T07:58:55.371+0000] {logging_mixin.py:190} INFO - [2025-04-02T07:58:55.370+0000] {dagbag.py:588} INFO - Filling up the DagBag from /home/airflow/.local/lib/python3.12/site-packages/airflow/example_dags/example_latest_only_with_trigger.py
[2025-04-02T07:58:55.394+0000] {processor.py:925} INFO - DAG(s) 'latest_only_with_trigger' retrieved from /home/airflow/.local/lib/python3.12/site-packages/airflow/example_dags/example_latest_only_with_trigger.py
[2025-04-02T07:58:55.458+0000] {logging_mixin.py:190} INFO - [2025-04-02T07:58:55.457+0000] {dag.py:3239} INFO - Sync 1 DAGs
[2025-04-02T07:58:55.529+0000] {logging_mixin.py:190} INFO - [2025-04-02T07:58:55.529+0000] {dag.py:4180} INFO - Setting next_dagrun for latest_only_with_trigger to 2025-04-02 00:00:00+00:00, run_after=2025-04-02 04:00:00+00:00
[2025-04-02T07:58:55.580+0000] {processor.py:208} INFO - Processing /home/airflow/.local/lib/python3.12/site-packages/airflow/example_dags/example_latest_only_with_trigger.py took 0.234 seconds
[2025-04-02T07:59:26.308+0000] {processor.py:186} INFO - Started process (PID=6791) to work on /home/airflow/.local/lib/python3.12/site-packages/airflow/example_dags/example_latest_only_with_trigger.py
[2025-04-02T07:59:26.310+0000] {processor.py:914} INFO - Processing file /home/airflow/.local/lib/python3.12/site-packages/airflow/example_dags/example_latest_only_with_trigger.py for tasks to queue
[2025-04-02T07:59:26.316+0000] {logging_mixin.py:190} INFO - [2025-04-02T07:59:26.315+0000] {dagbag.py:588} INFO - Filling up the DagBag from /home/airflow/.local/lib/python3.12/site-packages/airflow/example_dags/example_latest_only_with_trigger.py
[2025-04-02T07:59:26.332+0000] {processor.py:925} INFO - DAG(s) 'latest_only_with_trigger' retrieved from /home/airflow/.local/lib/python3.12/site-packages/airflow/example_dags/example_latest_only_with_trigger.py
[2025-04-02T07:59:26.365+0000] {logging_mixin.py:190} INFO - [2025-04-02T07:59:26.364+0000] {dag.py:3239} INFO - Sync 1 DAGs
[2025-04-02T07:59:26.417+0000] {logging_mixin.py:190} INFO - [2025-04-02T07:59:26.417+0000] {dag.py:4180} INFO - Setting next_dagrun for latest_only_with_trigger to 2025-04-02 00:00:00+00:00, run_after=2025-04-02 04:00:00+00:00
[2025-04-02T07:59:26.452+0000] {processor.py:208} INFO - Processing /home/airflow/.local/lib/python3.12/site-packages/airflow/example_dags/example_latest_only_with_trigger.py took 0.158 seconds
[2025-04-02T07:59:56.818+0000] {processor.py:186} INFO - Started process (PID=6871) to work on /home/airflow/.local/lib/python3.12/site-packages/airflow/example_dags/example_latest_only_with_trigger.py
[2025-04-02T07:59:56.820+0000] {processor.py:914} INFO - Processing file /home/airflow/.local/lib/python3.12/site-packages/airflow/example_dags/example_latest_only_with_trigger.py for tasks to queue
[2025-04-02T07:59:56.831+0000] {logging_mixin.py:190} INFO - [2025-04-02T07:59:56.829+0000] {dagbag.py:588} INFO - Filling up the DagBag from /home/airflow/.local/lib/python3.12/site-packages/airflow/example_dags/example_latest_only_with_trigger.py
[2025-04-02T07:59:56.864+0000] {processor.py:925} INFO - DAG(s) 'latest_only_with_trigger' retrieved from /home/airflow/.local/lib/python3.12/site-packages/airflow/example_dags/example_latest_only_with_trigger.py
[2025-04-02T07:59:56.958+0000] {logging_mixin.py:190} INFO - [2025-04-02T07:59:56.957+0000] {dag.py:3239} INFO - Sync 1 DAGs
[2025-04-02T07:59:57.060+0000] {logging_mixin.py:190} INFO - [2025-04-02T07:59:57.056+0000] {dag.py:4180} INFO - Setting next_dagrun for latest_only_with_trigger to 2025-04-02 00:00:00+00:00, run_after=2025-04-02 04:00:00+00:00
[2025-04-02T07:59:57.147+0000] {processor.py:208} INFO - Processing /home/airflow/.local/lib/python3.12/site-packages/airflow/example_dags/example_latest_only_with_trigger.py took 0.361 seconds
[2025-04-02T08:00:27.307+0000] {processor.py:186} INFO - Started process (PID=6942) to work on /home/airflow/.local/lib/python3.12/site-packages/airflow/example_dags/example_latest_only_with_trigger.py
[2025-04-02T08:00:27.311+0000] {processor.py:914} INFO - Processing file /home/airflow/.local/lib/python3.12/site-packages/airflow/example_dags/example_latest_only_with_trigger.py for tasks to queue
[2025-04-02T08:00:27.329+0000] {logging_mixin.py:190} INFO - [2025-04-02T08:00:27.328+0000] {dagbag.py:588} INFO - Filling up the DagBag from /home/airflow/.local/lib/python3.12/site-packages/airflow/example_dags/example_latest_only_with_trigger.py
[2025-04-02T08:00:27.362+0000] {processor.py:925} INFO - DAG(s) 'latest_only_with_trigger' retrieved from /home/airflow/.local/lib/python3.12/site-packages/airflow/example_dags/example_latest_only_with_trigger.py
[2025-04-02T08:00:27.406+0000] {logging_mixin.py:190} INFO - [2025-04-02T08:00:27.405+0000] {dag.py:3239} INFO - Sync 1 DAGs
[2025-04-02T08:00:27.464+0000] {logging_mixin.py:190} INFO - [2025-04-02T08:00:27.464+0000] {dag.py:4180} INFO - Setting next_dagrun for latest_only_with_trigger to 2025-04-02 04:00:00+00:00, run_after=2025-04-02 08:00:00+00:00
[2025-04-02T08:00:27.504+0000] {processor.py:208} INFO - Processing /home/airflow/.local/lib/python3.12/site-packages/airflow/example_dags/example_latest_only_with_trigger.py took 0.223 seconds
[2025-04-02T08:00:58.178+0000] {processor.py:186} INFO - Started process (PID=7014) to work on /home/airflow/.local/lib/python3.12/site-packages/airflow/example_dags/example_latest_only_with_trigger.py
[2025-04-02T08:00:58.179+0000] {processor.py:914} INFO - Processing file /home/airflow/.local/lib/python3.12/site-packages/airflow/example_dags/example_latest_only_with_trigger.py for tasks to queue
[2025-04-02T08:00:58.187+0000] {logging_mixin.py:190} INFO - [2025-04-02T08:00:58.186+0000] {dagbag.py:588} INFO - Filling up the DagBag from /home/airflow/.local/lib/python3.12/site-packages/airflow/example_dags/example_latest_only_with_trigger.py
[2025-04-02T08:00:58.211+0000] {processor.py:925} INFO - DAG(s) 'latest_only_with_trigger' retrieved from /home/airflow/.local/lib/python3.12/site-packages/airflow/example_dags/example_latest_only_with_trigger.py
[2025-04-02T08:00:58.291+0000] {logging_mixin.py:190} INFO - [2025-04-02T08:00:58.290+0000] {dag.py:3239} INFO - Sync 1 DAGs
[2025-04-02T08:00:58.356+0000] {logging_mixin.py:190} INFO - [2025-04-02T08:00:58.353+0000] {dag.py:4180} INFO - Setting next_dagrun for latest_only_with_trigger to 2025-04-02 04:00:00+00:00, run_after=2025-04-02 08:00:00+00:00
[2025-04-02T08:00:58.402+0000] {processor.py:208} INFO - Processing /home/airflow/.local/lib/python3.12/site-packages/airflow/example_dags/example_latest_only_with_trigger.py took 0.254 seconds
[2025-04-02T08:01:29.992+0000] {processor.py:186} INFO - Started process (PID=7099) to work on /home/airflow/.local/lib/python3.12/site-packages/airflow/example_dags/example_latest_only_with_trigger.py
[2025-04-02T08:01:29.996+0000] {processor.py:914} INFO - Processing file /home/airflow/.local/lib/python3.12/site-packages/airflow/example_dags/example_latest_only_with_trigger.py for tasks to queue
[2025-04-02T08:01:30.005+0000] {logging_mixin.py:190} INFO - [2025-04-02T08:01:30.003+0000] {dagbag.py:588} INFO - Filling up the DagBag from /home/airflow/.local/lib/python3.12/site-packages/airflow/example_dags/example_latest_only_with_trigger.py
[2025-04-02T08:01:30.038+0000] {processor.py:925} INFO - DAG(s) 'latest_only_with_trigger' retrieved from /home/airflow/.local/lib/python3.12/site-packages/airflow/example_dags/example_latest_only_with_trigger.py
[2025-04-02T08:01:30.137+0000] {logging_mixin.py:190} INFO - [2025-04-02T08:01:30.136+0000] {dag.py:3239} INFO - Sync 1 DAGs
[2025-04-02T08:01:30.215+0000] {logging_mixin.py:190} INFO - [2025-04-02T08:01:30.214+0000] {dag.py:4180} INFO - Setting next_dagrun for latest_only_with_trigger to 2025-04-02 04:00:00+00:00, run_after=2025-04-02 08:00:00+00:00
[2025-04-02T08:01:30.276+0000] {processor.py:208} INFO - Processing /home/airflow/.local/lib/python3.12/site-packages/airflow/example_dags/example_latest_only_with_trigger.py took 0.329 seconds
[2025-04-02T08:02:00.699+0000] {processor.py:186} INFO - Started process (PID=7168) to work on /home/airflow/.local/lib/python3.12/site-packages/airflow/example_dags/example_latest_only_with_trigger.py
[2025-04-02T08:02:00.700+0000] {processor.py:914} INFO - Processing file /home/airflow/.local/lib/python3.12/site-packages/airflow/example_dags/example_latest_only_with_trigger.py for tasks to queue
[2025-04-02T08:02:00.705+0000] {logging_mixin.py:190} INFO - [2025-04-02T08:02:00.704+0000] {dagbag.py:588} INFO - Filling up the DagBag from /home/airflow/.local/lib/python3.12/site-packages/airflow/example_dags/example_latest_only_with_trigger.py
[2025-04-02T08:02:00.723+0000] {processor.py:925} INFO - DAG(s) 'latest_only_with_trigger' retrieved from /home/airflow/.local/lib/python3.12/site-packages/airflow/example_dags/example_latest_only_with_trigger.py
[2025-04-02T08:02:00.777+0000] {logging_mixin.py:190} INFO - [2025-04-02T08:02:00.776+0000] {dag.py:3239} INFO - Sync 1 DAGs
[2025-04-02T08:02:00.836+0000] {logging_mixin.py:190} INFO - [2025-04-02T08:02:00.836+0000] {dag.py:4180} INFO - Setting next_dagrun for latest_only_with_trigger to 2025-04-02 04:00:00+00:00, run_after=2025-04-02 08:00:00+00:00
[2025-04-02T08:02:00.877+0000] {processor.py:208} INFO - Processing /home/airflow/.local/lib/python3.12/site-packages/airflow/example_dags/example_latest_only_with_trigger.py took 0.210 seconds
[2025-04-02T08:02:31.258+0000] {processor.py:186} INFO - Started process (PID=7254) to work on /home/airflow/.local/lib/python3.12/site-packages/airflow/example_dags/example_latest_only_with_trigger.py
[2025-04-02T08:02:31.262+0000] {processor.py:914} INFO - Processing file /home/airflow/.local/lib/python3.12/site-packages/airflow/example_dags/example_latest_only_with_trigger.py for tasks to queue
[2025-04-02T08:02:31.267+0000] {logging_mixin.py:190} INFO - [2025-04-02T08:02:31.266+0000] {dagbag.py:588} INFO - Filling up the DagBag from /home/airflow/.local/lib/python3.12/site-packages/airflow/example_dags/example_latest_only_with_trigger.py
[2025-04-02T08:02:31.285+0000] {processor.py:925} INFO - DAG(s) 'latest_only_with_trigger' retrieved from /home/airflow/.local/lib/python3.12/site-packages/airflow/example_dags/example_latest_only_with_trigger.py
[2025-04-02T08:02:31.346+0000] {logging_mixin.py:190} INFO - [2025-04-02T08:02:31.345+0000] {dag.py:3239} INFO - Sync 1 DAGs
[2025-04-02T08:02:31.404+0000] {logging_mixin.py:190} INFO - [2025-04-02T08:02:31.404+0000] {dag.py:4180} INFO - Setting next_dagrun for latest_only_with_trigger to 2025-04-02 04:00:00+00:00, run_after=2025-04-02 08:00:00+00:00
[2025-04-02T08:02:31.446+0000] {processor.py:208} INFO - Processing /home/airflow/.local/lib/python3.12/site-packages/airflow/example_dags/example_latest_only_with_trigger.py took 0.214 seconds
[2025-04-02T08:03:02.141+0000] {processor.py:186} INFO - Started process (PID=7322) to work on /home/airflow/.local/lib/python3.12/site-packages/airflow/example_dags/example_latest_only_with_trigger.py
[2025-04-02T08:03:02.143+0000] {processor.py:914} INFO - Processing file /home/airflow/.local/lib/python3.12/site-packages/airflow/example_dags/example_latest_only_with_trigger.py for tasks to queue
[2025-04-02T08:03:02.154+0000] {logging_mixin.py:190} INFO - [2025-04-02T08:03:02.151+0000] {dagbag.py:588} INFO - Filling up the DagBag from /home/airflow/.local/lib/python3.12/site-packages/airflow/example_dags/example_latest_only_with_trigger.py
[2025-04-02T08:03:02.175+0000] {processor.py:925} INFO - DAG(s) 'latest_only_with_trigger' retrieved from /home/airflow/.local/lib/python3.12/site-packages/airflow/example_dags/example_latest_only_with_trigger.py
[2025-04-02T08:03:02.226+0000] {logging_mixin.py:190} INFO - [2025-04-02T08:03:02.225+0000] {dag.py:3239} INFO - Sync 1 DAGs
[2025-04-02T08:03:02.294+0000] {logging_mixin.py:190} INFO - [2025-04-02T08:03:02.294+0000] {dag.py:4180} INFO - Setting next_dagrun for latest_only_with_trigger to 2025-04-02 04:00:00+00:00, run_after=2025-04-02 08:00:00+00:00
[2025-04-02T08:03:02.334+0000] {processor.py:208} INFO - Processing /home/airflow/.local/lib/python3.12/site-packages/airflow/example_dags/example_latest_only_with_trigger.py took 0.225 seconds
[2025-04-02T08:03:32.738+0000] {processor.py:186} INFO - Started process (PID=7400) to work on /home/airflow/.local/lib/python3.12/site-packages/airflow/example_dags/example_latest_only_with_trigger.py
[2025-04-02T08:03:32.740+0000] {processor.py:914} INFO - Processing file /home/airflow/.local/lib/python3.12/site-packages/airflow/example_dags/example_latest_only_with_trigger.py for tasks to queue
[2025-04-02T08:03:32.746+0000] {logging_mixin.py:190} INFO - [2025-04-02T08:03:32.745+0000] {dagbag.py:588} INFO - Filling up the DagBag from /home/airflow/.local/lib/python3.12/site-packages/airflow/example_dags/example_latest_only_with_trigger.py
[2025-04-02T08:03:32.764+0000] {processor.py:925} INFO - DAG(s) 'latest_only_with_trigger' retrieved from /home/airflow/.local/lib/python3.12/site-packages/airflow/example_dags/example_latest_only_with_trigger.py
[2025-04-02T08:03:32.836+0000] {logging_mixin.py:190} INFO - [2025-04-02T08:03:32.835+0000] {dag.py:3239} INFO - Sync 1 DAGs
[2025-04-02T08:03:32.907+0000] {logging_mixin.py:190} INFO - [2025-04-02T08:03:32.906+0000] {dag.py:4180} INFO - Setting next_dagrun for latest_only_with_trigger to 2025-04-02 04:00:00+00:00, run_after=2025-04-02 08:00:00+00:00
[2025-04-02T08:03:32.979+0000] {processor.py:208} INFO - Processing /home/airflow/.local/lib/python3.12/site-packages/airflow/example_dags/example_latest_only_with_trigger.py took 0.257 seconds
[2025-04-02T08:04:03.783+0000] {processor.py:186} INFO - Started process (PID=7468) to work on /home/airflow/.local/lib/python3.12/site-packages/airflow/example_dags/example_latest_only_with_trigger.py
[2025-04-02T08:04:03.790+0000] {processor.py:914} INFO - Processing file /home/airflow/.local/lib/python3.12/site-packages/airflow/example_dags/example_latest_only_with_trigger.py for tasks to queue
[2025-04-02T08:04:03.802+0000] {logging_mixin.py:190} INFO - [2025-04-02T08:04:03.798+0000] {dagbag.py:588} INFO - Filling up the DagBag from /home/airflow/.local/lib/python3.12/site-packages/airflow/example_dags/example_latest_only_with_trigger.py
[2025-04-02T08:04:03.830+0000] {processor.py:925} INFO - DAG(s) 'latest_only_with_trigger' retrieved from /home/airflow/.local/lib/python3.12/site-packages/airflow/example_dags/example_latest_only_with_trigger.py
[2025-04-02T08:04:03.899+0000] {logging_mixin.py:190} INFO - [2025-04-02T08:04:03.897+0000] {dag.py:3239} INFO - Sync 1 DAGs
[2025-04-02T08:04:03.968+0000] {logging_mixin.py:190} INFO - [2025-04-02T08:04:03.968+0000] {dag.py:4180} INFO - Setting next_dagrun for latest_only_with_trigger to 2025-04-02 04:00:00+00:00, run_after=2025-04-02 08:00:00+00:00
[2025-04-02T08:04:04.011+0000] {processor.py:208} INFO - Processing /home/airflow/.local/lib/python3.12/site-packages/airflow/example_dags/example_latest_only_with_trigger.py took 0.269 seconds
[2025-04-02T08:04:34.575+0000] {processor.py:186} INFO - Started process (PID=7546) to work on /home/airflow/.local/lib/python3.12/site-packages/airflow/example_dags/example_latest_only_with_trigger.py
[2025-04-02T08:04:34.580+0000] {processor.py:914} INFO - Processing file /home/airflow/.local/lib/python3.12/site-packages/airflow/example_dags/example_latest_only_with_trigger.py for tasks to queue
[2025-04-02T08:04:34.588+0000] {logging_mixin.py:190} INFO - [2025-04-02T08:04:34.585+0000] {dagbag.py:588} INFO - Filling up the DagBag from /home/airflow/.local/lib/python3.12/site-packages/airflow/example_dags/example_latest_only_with_trigger.py
[2025-04-02T08:04:34.613+0000] {processor.py:925} INFO - DAG(s) 'latest_only_with_trigger' retrieved from /home/airflow/.local/lib/python3.12/site-packages/airflow/example_dags/example_latest_only_with_trigger.py
[2025-04-02T08:04:34.678+0000] {logging_mixin.py:190} INFO - [2025-04-02T08:04:34.677+0000] {dag.py:3239} INFO - Sync 1 DAGs
[2025-04-02T08:04:34.751+0000] {logging_mixin.py:190} INFO - [2025-04-02T08:04:34.750+0000] {dag.py:4180} INFO - Setting next_dagrun for latest_only_with_trigger to 2025-04-02 04:00:00+00:00, run_after=2025-04-02 08:00:00+00:00
[2025-04-02T08:04:34.800+0000] {processor.py:208} INFO - Processing /home/airflow/.local/lib/python3.12/site-packages/airflow/example_dags/example_latest_only_with_trigger.py took 0.252 seconds
[2025-04-02T08:05:05.287+0000] {processor.py:186} INFO - Started process (PID=7619) to work on /home/airflow/.local/lib/python3.12/site-packages/airflow/example_dags/example_latest_only_with_trigger.py
[2025-04-02T08:05:05.289+0000] {processor.py:914} INFO - Processing file /home/airflow/.local/lib/python3.12/site-packages/airflow/example_dags/example_latest_only_with_trigger.py for tasks to queue
[2025-04-02T08:05:05.293+0000] {logging_mixin.py:190} INFO - [2025-04-02T08:05:05.293+0000] {dagbag.py:588} INFO - Filling up the DagBag from /home/airflow/.local/lib/python3.12/site-packages/airflow/example_dags/example_latest_only_with_trigger.py
[2025-04-02T08:05:05.311+0000] {processor.py:925} INFO - DAG(s) 'latest_only_with_trigger' retrieved from /home/airflow/.local/lib/python3.12/site-packages/airflow/example_dags/example_latest_only_with_trigger.py
[2025-04-02T08:05:05.348+0000] {logging_mixin.py:190} INFO - [2025-04-02T08:05:05.347+0000] {dag.py:3239} INFO - Sync 1 DAGs
[2025-04-02T08:05:05.385+0000] {logging_mixin.py:190} INFO - [2025-04-02T08:05:05.385+0000] {dag.py:4180} INFO - Setting next_dagrun for latest_only_with_trigger to 2025-04-02 04:00:00+00:00, run_after=2025-04-02 08:00:00+00:00
[2025-04-02T08:05:05.411+0000] {processor.py:208} INFO - Processing /home/airflow/.local/lib/python3.12/site-packages/airflow/example_dags/example_latest_only_with_trigger.py took 0.138 seconds
[2025-04-02T08:05:36.436+0000] {processor.py:186} INFO - Started process (PID=7683) to work on /home/airflow/.local/lib/python3.12/site-packages/airflow/example_dags/example_latest_only_with_trigger.py
[2025-04-02T08:05:36.438+0000] {processor.py:914} INFO - Processing file /home/airflow/.local/lib/python3.12/site-packages/airflow/example_dags/example_latest_only_with_trigger.py for tasks to queue
[2025-04-02T08:05:36.449+0000] {logging_mixin.py:190} INFO - [2025-04-02T08:05:36.445+0000] {dagbag.py:588} INFO - Filling up the DagBag from /home/airflow/.local/lib/python3.12/site-packages/airflow/example_dags/example_latest_only_with_trigger.py
[2025-04-02T08:05:36.481+0000] {processor.py:925} INFO - DAG(s) 'latest_only_with_trigger' retrieved from /home/airflow/.local/lib/python3.12/site-packages/airflow/example_dags/example_latest_only_with_trigger.py
[2025-04-02T08:05:36.565+0000] {logging_mixin.py:190} INFO - [2025-04-02T08:05:36.564+0000] {dag.py:3239} INFO - Sync 1 DAGs
[2025-04-02T08:05:36.631+0000] {logging_mixin.py:190} INFO - [2025-04-02T08:05:36.630+0000] {dag.py:4180} INFO - Setting next_dagrun for latest_only_with_trigger to 2025-04-02 04:00:00+00:00, run_after=2025-04-02 08:00:00+00:00
[2025-04-02T08:05:36.678+0000] {processor.py:208} INFO - Processing /home/airflow/.local/lib/python3.12/site-packages/airflow/example_dags/example_latest_only_with_trigger.py took 0.272 seconds
[2025-04-02T08:06:22.594+0000] {processor.py:186} INFO - Started process (PID=7760) to work on /home/airflow/.local/lib/python3.12/site-packages/airflow/example_dags/example_latest_only_with_trigger.py
[2025-04-02T08:06:22.602+0000] {processor.py:914} INFO - Processing file /home/airflow/.local/lib/python3.12/site-packages/airflow/example_dags/example_latest_only_with_trigger.py for tasks to queue
[2025-04-02T08:06:22.632+0000] {logging_mixin.py:190} INFO - [2025-04-02T08:06:22.628+0000] {dagbag.py:588} INFO - Filling up the DagBag from /home/airflow/.local/lib/python3.12/site-packages/airflow/example_dags/example_latest_only_with_trigger.py
[2025-04-02T08:06:22.761+0000] {processor.py:925} INFO - DAG(s) 'latest_only_with_trigger' retrieved from /home/airflow/.local/lib/python3.12/site-packages/airflow/example_dags/example_latest_only_with_trigger.py
[2025-04-02T08:06:23.066+0000] {logging_mixin.py:190} INFO - [2025-04-02T08:06:23.065+0000] {dag.py:3239} INFO - Sync 1 DAGs
[2025-04-02T08:06:23.430+0000] {logging_mixin.py:190} INFO - [2025-04-02T08:06:23.425+0000] {dag.py:4180} INFO - Setting next_dagrun for latest_only_with_trigger to 2025-04-02 04:00:00+00:00, run_after=2025-04-02 08:00:00+00:00
[2025-04-02T08:06:23.611+0000] {processor.py:208} INFO - Processing /home/airflow/.local/lib/python3.12/site-packages/airflow/example_dags/example_latest_only_with_trigger.py took 1.070 seconds
[2025-04-02T08:06:54.106+0000] {processor.py:186} INFO - Started process (PID=7824) to work on /home/airflow/.local/lib/python3.12/site-packages/airflow/example_dags/example_latest_only_with_trigger.py
[2025-04-02T08:06:54.108+0000] {processor.py:914} INFO - Processing file /home/airflow/.local/lib/python3.12/site-packages/airflow/example_dags/example_latest_only_with_trigger.py for tasks to queue
[2025-04-02T08:06:54.120+0000] {logging_mixin.py:190} INFO - [2025-04-02T08:06:54.117+0000] {dagbag.py:588} INFO - Filling up the DagBag from /home/airflow/.local/lib/python3.12/site-packages/airflow/example_dags/example_latest_only_with_trigger.py
[2025-04-02T08:06:54.152+0000] {processor.py:925} INFO - DAG(s) 'latest_only_with_trigger' retrieved from /home/airflow/.local/lib/python3.12/site-packages/airflow/example_dags/example_latest_only_with_trigger.py
[2025-04-02T08:06:54.252+0000] {logging_mixin.py:190} INFO - [2025-04-02T08:06:54.251+0000] {dag.py:3239} INFO - Sync 1 DAGs
[2025-04-02T08:06:54.360+0000] {logging_mixin.py:190} INFO - [2025-04-02T08:06:54.357+0000] {dag.py:4180} INFO - Setting next_dagrun for latest_only_with_trigger to 2025-04-02 04:00:00+00:00, run_after=2025-04-02 08:00:00+00:00
[2025-04-02T08:06:54.426+0000] {processor.py:208} INFO - Processing /home/airflow/.local/lib/python3.12/site-packages/airflow/example_dags/example_latest_only_with_trigger.py took 0.347 seconds
[2025-04-02T08:07:24.903+0000] {processor.py:186} INFO - Started process (PID=7904) to work on /home/airflow/.local/lib/python3.12/site-packages/airflow/example_dags/example_latest_only_with_trigger.py
[2025-04-02T08:07:24.908+0000] {processor.py:914} INFO - Processing file /home/airflow/.local/lib/python3.12/site-packages/airflow/example_dags/example_latest_only_with_trigger.py for tasks to queue
[2025-04-02T08:07:24.919+0000] {logging_mixin.py:190} INFO - [2025-04-02T08:07:24.915+0000] {dagbag.py:588} INFO - Filling up the DagBag from /home/airflow/.local/lib/python3.12/site-packages/airflow/example_dags/example_latest_only_with_trigger.py
[2025-04-02T08:07:24.948+0000] {processor.py:925} INFO - DAG(s) 'latest_only_with_trigger' retrieved from /home/airflow/.local/lib/python3.12/site-packages/airflow/example_dags/example_latest_only_with_trigger.py
[2025-04-02T08:07:25.051+0000] {logging_mixin.py:190} INFO - [2025-04-02T08:07:25.049+0000] {dag.py:3239} INFO - Sync 1 DAGs
[2025-04-02T08:07:25.158+0000] {logging_mixin.py:190} INFO - [2025-04-02T08:07:25.156+0000] {dag.py:4180} INFO - Setting next_dagrun for latest_only_with_trigger to 2025-04-02 04:00:00+00:00, run_after=2025-04-02 08:00:00+00:00
[2025-04-02T08:07:25.206+0000] {processor.py:208} INFO - Processing /home/airflow/.local/lib/python3.12/site-packages/airflow/example_dags/example_latest_only_with_trigger.py took 0.335 seconds
[2025-04-02T08:07:55.452+0000] {processor.py:186} INFO - Started process (PID=7977) to work on /home/airflow/.local/lib/python3.12/site-packages/airflow/example_dags/example_latest_only_with_trigger.py
[2025-04-02T08:07:55.460+0000] {processor.py:914} INFO - Processing file /home/airflow/.local/lib/python3.12/site-packages/airflow/example_dags/example_latest_only_with_trigger.py for tasks to queue
[2025-04-02T08:07:55.469+0000] {logging_mixin.py:190} INFO - [2025-04-02T08:07:55.469+0000] {dagbag.py:588} INFO - Filling up the DagBag from /home/airflow/.local/lib/python3.12/site-packages/airflow/example_dags/example_latest_only_with_trigger.py
[2025-04-02T08:07:55.497+0000] {processor.py:925} INFO - DAG(s) 'latest_only_with_trigger' retrieved from /home/airflow/.local/lib/python3.12/site-packages/airflow/example_dags/example_latest_only_with_trigger.py
[2025-04-02T08:07:55.601+0000] {logging_mixin.py:190} INFO - [2025-04-02T08:07:55.600+0000] {dag.py:3239} INFO - Sync 1 DAGs
[2025-04-02T08:07:55.719+0000] {logging_mixin.py:190} INFO - [2025-04-02T08:07:55.718+0000] {dag.py:4180} INFO - Setting next_dagrun for latest_only_with_trigger to 2025-04-02 04:00:00+00:00, run_after=2025-04-02 08:00:00+00:00
[2025-04-02T08:07:55.792+0000] {processor.py:208} INFO - Processing /home/airflow/.local/lib/python3.12/site-packages/airflow/example_dags/example_latest_only_with_trigger.py took 0.380 seconds
[2025-04-02T08:08:26.115+0000] {processor.py:186} INFO - Started process (PID=8041) to work on /home/airflow/.local/lib/python3.12/site-packages/airflow/example_dags/example_latest_only_with_trigger.py
[2025-04-02T08:08:26.120+0000] {processor.py:914} INFO - Processing file /home/airflow/.local/lib/python3.12/site-packages/airflow/example_dags/example_latest_only_with_trigger.py for tasks to queue
[2025-04-02T08:08:26.126+0000] {logging_mixin.py:190} INFO - [2025-04-02T08:08:26.125+0000] {dagbag.py:588} INFO - Filling up the DagBag from /home/airflow/.local/lib/python3.12/site-packages/airflow/example_dags/example_latest_only_with_trigger.py
[2025-04-02T08:08:26.151+0000] {processor.py:925} INFO - DAG(s) 'latest_only_with_trigger' retrieved from /home/airflow/.local/lib/python3.12/site-packages/airflow/example_dags/example_latest_only_with_trigger.py
[2025-04-02T08:08:26.220+0000] {logging_mixin.py:190} INFO - [2025-04-02T08:08:26.219+0000] {dag.py:3239} INFO - Sync 1 DAGs
[2025-04-02T08:08:26.280+0000] {logging_mixin.py:190} INFO - [2025-04-02T08:08:26.280+0000] {dag.py:4180} INFO - Setting next_dagrun for latest_only_with_trigger to 2025-04-02 04:00:00+00:00, run_after=2025-04-02 08:00:00+00:00
[2025-04-02T08:08:26.322+0000] {processor.py:208} INFO - Processing /home/airflow/.local/lib/python3.12/site-packages/airflow/example_dags/example_latest_only_with_trigger.py took 0.222 seconds
[2025-04-02T08:08:56.712+0000] {processor.py:186} INFO - Started process (PID=8118) to work on /home/airflow/.local/lib/python3.12/site-packages/airflow/example_dags/example_latest_only_with_trigger.py
[2025-04-02T08:08:56.716+0000] {processor.py:914} INFO - Processing file /home/airflow/.local/lib/python3.12/site-packages/airflow/example_dags/example_latest_only_with_trigger.py for tasks to queue
[2025-04-02T08:08:56.726+0000] {logging_mixin.py:190} INFO - [2025-04-02T08:08:56.722+0000] {dagbag.py:588} INFO - Filling up the DagBag from /home/airflow/.local/lib/python3.12/site-packages/airflow/example_dags/example_latest_only_with_trigger.py
[2025-04-02T08:08:56.768+0000] {processor.py:925} INFO - DAG(s) 'latest_only_with_trigger' retrieved from /home/airflow/.local/lib/python3.12/site-packages/airflow/example_dags/example_latest_only_with_trigger.py
[2025-04-02T08:08:56.864+0000] {logging_mixin.py:190} INFO - [2025-04-02T08:08:56.863+0000] {dag.py:3239} INFO - Sync 1 DAGs
[2025-04-02T08:08:56.966+0000] {logging_mixin.py:190} INFO - [2025-04-02T08:08:56.965+0000] {dag.py:4180} INFO - Setting next_dagrun for latest_only_with_trigger to 2025-04-02 04:00:00+00:00, run_after=2025-04-02 08:00:00+00:00
[2025-04-02T08:08:57.025+0000] {processor.py:208} INFO - Processing /home/airflow/.local/lib/python3.12/site-packages/airflow/example_dags/example_latest_only_with_trigger.py took 0.336 seconds
[2025-04-02T08:09:27.214+0000] {processor.py:186} INFO - Started process (PID=8182) to work on /home/airflow/.local/lib/python3.12/site-packages/airflow/example_dags/example_latest_only_with_trigger.py
[2025-04-02T08:09:27.216+0000] {processor.py:914} INFO - Processing file /home/airflow/.local/lib/python3.12/site-packages/airflow/example_dags/example_latest_only_with_trigger.py for tasks to queue
[2025-04-02T08:09:27.228+0000] {logging_mixin.py:190} INFO - [2025-04-02T08:09:27.223+0000] {dagbag.py:588} INFO - Filling up the DagBag from /home/airflow/.local/lib/python3.12/site-packages/airflow/example_dags/example_latest_only_with_trigger.py
[2025-04-02T08:09:27.256+0000] {processor.py:925} INFO - DAG(s) 'latest_only_with_trigger' retrieved from /home/airflow/.local/lib/python3.12/site-packages/airflow/example_dags/example_latest_only_with_trigger.py
[2025-04-02T08:09:27.331+0000] {logging_mixin.py:190} INFO - [2025-04-02T08:09:27.330+0000] {dag.py:3239} INFO - Sync 1 DAGs
[2025-04-02T08:09:27.412+0000] {logging_mixin.py:190} INFO - [2025-04-02T08:09:27.411+0000] {dag.py:4180} INFO - Setting next_dagrun for latest_only_with_trigger to 2025-04-02 04:00:00+00:00, run_after=2025-04-02 08:00:00+00:00
[2025-04-02T08:09:27.490+0000] {processor.py:208} INFO - Processing /home/airflow/.local/lib/python3.12/site-packages/airflow/example_dags/example_latest_only_with_trigger.py took 0.294 seconds
[2025-04-02T08:09:57.832+0000] {processor.py:186} INFO - Started process (PID=8254) to work on /home/airflow/.local/lib/python3.12/site-packages/airflow/example_dags/example_latest_only_with_trigger.py
[2025-04-02T08:09:57.834+0000] {processor.py:914} INFO - Processing file /home/airflow/.local/lib/python3.12/site-packages/airflow/example_dags/example_latest_only_with_trigger.py for tasks to queue
[2025-04-02T08:09:57.841+0000] {logging_mixin.py:190} INFO - [2025-04-02T08:09:57.841+0000] {dagbag.py:588} INFO - Filling up the DagBag from /home/airflow/.local/lib/python3.12/site-packages/airflow/example_dags/example_latest_only_with_trigger.py
[2025-04-02T08:09:57.874+0000] {processor.py:925} INFO - DAG(s) 'latest_only_with_trigger' retrieved from /home/airflow/.local/lib/python3.12/site-packages/airflow/example_dags/example_latest_only_with_trigger.py
[2025-04-02T08:09:57.947+0000] {logging_mixin.py:190} INFO - [2025-04-02T08:09:57.946+0000] {dag.py:3239} INFO - Sync 1 DAGs
[2025-04-02T08:09:58.027+0000] {logging_mixin.py:190} INFO - [2025-04-02T08:09:58.026+0000] {dag.py:4180} INFO - Setting next_dagrun for latest_only_with_trigger to 2025-04-02 04:00:00+00:00, run_after=2025-04-02 08:00:00+00:00
[2025-04-02T08:09:58.078+0000] {processor.py:208} INFO - Processing /home/airflow/.local/lib/python3.12/site-packages/airflow/example_dags/example_latest_only_with_trigger.py took 0.270 seconds
[2025-04-02T08:10:28.728+0000] {processor.py:186} INFO - Started process (PID=8328) to work on /home/airflow/.local/lib/python3.12/site-packages/airflow/example_dags/example_latest_only_with_trigger.py
[2025-04-02T08:10:28.734+0000] {processor.py:914} INFO - Processing file /home/airflow/.local/lib/python3.12/site-packages/airflow/example_dags/example_latest_only_with_trigger.py for tasks to queue
[2025-04-02T08:10:28.746+0000] {logging_mixin.py:190} INFO - [2025-04-02T08:10:28.742+0000] {dagbag.py:588} INFO - Filling up the DagBag from /home/airflow/.local/lib/python3.12/site-packages/airflow/example_dags/example_latest_only_with_trigger.py
[2025-04-02T08:10:28.801+0000] {processor.py:925} INFO - DAG(s) 'latest_only_with_trigger' retrieved from /home/airflow/.local/lib/python3.12/site-packages/airflow/example_dags/example_latest_only_with_trigger.py
[2025-04-02T08:10:28.904+0000] {logging_mixin.py:190} INFO - [2025-04-02T08:10:28.902+0000] {dag.py:3239} INFO - Sync 1 DAGs
[2025-04-02T08:10:28.997+0000] {logging_mixin.py:190} INFO - [2025-04-02T08:10:28.996+0000] {dag.py:4180} INFO - Setting next_dagrun for latest_only_with_trigger to 2025-04-02 04:00:00+00:00, run_after=2025-04-02 08:00:00+00:00
[2025-04-02T08:10:29.055+0000] {processor.py:208} INFO - Processing /home/airflow/.local/lib/python3.12/site-packages/airflow/example_dags/example_latest_only_with_trigger.py took 0.369 seconds
[2025-04-02T08:10:59.606+0000] {processor.py:186} INFO - Started process (PID=8396) to work on /home/airflow/.local/lib/python3.12/site-packages/airflow/example_dags/example_latest_only_with_trigger.py
[2025-04-02T08:10:59.608+0000] {processor.py:914} INFO - Processing file /home/airflow/.local/lib/python3.12/site-packages/airflow/example_dags/example_latest_only_with_trigger.py for tasks to queue
[2025-04-02T08:10:59.612+0000] {logging_mixin.py:190} INFO - [2025-04-02T08:10:59.612+0000] {dagbag.py:588} INFO - Filling up the DagBag from /home/airflow/.local/lib/python3.12/site-packages/airflow/example_dags/example_latest_only_with_trigger.py
[2025-04-02T08:10:59.628+0000] {processor.py:925} INFO - DAG(s) 'latest_only_with_trigger' retrieved from /home/airflow/.local/lib/python3.12/site-packages/airflow/example_dags/example_latest_only_with_trigger.py
[2025-04-02T08:10:59.662+0000] {logging_mixin.py:190} INFO - [2025-04-02T08:10:59.661+0000] {dag.py:3239} INFO - Sync 1 DAGs
[2025-04-02T08:10:59.703+0000] {logging_mixin.py:190} INFO - [2025-04-02T08:10:59.702+0000] {dag.py:4180} INFO - Setting next_dagrun for latest_only_with_trigger to 2025-04-02 04:00:00+00:00, run_after=2025-04-02 08:00:00+00:00
[2025-04-02T08:10:59.731+0000] {processor.py:208} INFO - Processing /home/airflow/.local/lib/python3.12/site-packages/airflow/example_dags/example_latest_only_with_trigger.py took 0.138 seconds
[2025-04-02T08:11:29.865+0000] {processor.py:186} INFO - Started process (PID=8460) to work on /home/airflow/.local/lib/python3.12/site-packages/airflow/example_dags/example_latest_only_with_trigger.py
[2025-04-02T08:11:29.867+0000] {processor.py:914} INFO - Processing file /home/airflow/.local/lib/python3.12/site-packages/airflow/example_dags/example_latest_only_with_trigger.py for tasks to queue
[2025-04-02T08:11:29.870+0000] {logging_mixin.py:190} INFO - [2025-04-02T08:11:29.870+0000] {dagbag.py:588} INFO - Filling up the DagBag from /home/airflow/.local/lib/python3.12/site-packages/airflow/example_dags/example_latest_only_with_trigger.py
[2025-04-02T08:11:29.885+0000] {processor.py:925} INFO - DAG(s) 'latest_only_with_trigger' retrieved from /home/airflow/.local/lib/python3.12/site-packages/airflow/example_dags/example_latest_only_with_trigger.py
[2025-04-02T08:11:29.927+0000] {logging_mixin.py:190} INFO - [2025-04-02T08:11:29.926+0000] {dag.py:3239} INFO - Sync 1 DAGs
[2025-04-02T08:11:29.972+0000] {logging_mixin.py:190} INFO - [2025-04-02T08:11:29.972+0000] {dag.py:4180} INFO - Setting next_dagrun for latest_only_with_trigger to 2025-04-02 04:00:00+00:00, run_after=2025-04-02 08:00:00+00:00
[2025-04-02T08:11:30.001+0000] {processor.py:208} INFO - Processing /home/airflow/.local/lib/python3.12/site-packages/airflow/example_dags/example_latest_only_with_trigger.py took 0.147 seconds
[2025-04-02T08:12:00.053+0000] {processor.py:186} INFO - Started process (PID=8524) to work on /home/airflow/.local/lib/python3.12/site-packages/airflow/example_dags/example_latest_only_with_trigger.py
[2025-04-02T08:12:00.055+0000] {processor.py:914} INFO - Processing file /home/airflow/.local/lib/python3.12/site-packages/airflow/example_dags/example_latest_only_with_trigger.py for tasks to queue
[2025-04-02T08:12:00.060+0000] {logging_mixin.py:190} INFO - [2025-04-02T08:12:00.059+0000] {dagbag.py:588} INFO - Filling up the DagBag from /home/airflow/.local/lib/python3.12/site-packages/airflow/example_dags/example_latest_only_with_trigger.py
[2025-04-02T08:12:00.078+0000] {processor.py:925} INFO - DAG(s) 'latest_only_with_trigger' retrieved from /home/airflow/.local/lib/python3.12/site-packages/airflow/example_dags/example_latest_only_with_trigger.py
[2025-04-02T08:12:00.112+0000] {logging_mixin.py:190} INFO - [2025-04-02T08:12:00.111+0000] {dag.py:3239} INFO - Sync 1 DAGs
[2025-04-02T08:12:00.151+0000] {logging_mixin.py:190} INFO - [2025-04-02T08:12:00.151+0000] {dag.py:4180} INFO - Setting next_dagrun for latest_only_with_trigger to 2025-04-02 04:00:00+00:00, run_after=2025-04-02 08:00:00+00:00
[2025-04-02T08:12:00.180+0000] {processor.py:208} INFO - Processing /home/airflow/.local/lib/python3.12/site-packages/airflow/example_dags/example_latest_only_with_trigger.py took 0.139 seconds
[2025-04-02T08:12:30.480+0000] {processor.py:186} INFO - Started process (PID=8588) to work on /home/airflow/.local/lib/python3.12/site-packages/airflow/example_dags/example_latest_only_with_trigger.py
[2025-04-02T08:12:30.482+0000] {processor.py:914} INFO - Processing file /home/airflow/.local/lib/python3.12/site-packages/airflow/example_dags/example_latest_only_with_trigger.py for tasks to queue
[2025-04-02T08:12:30.486+0000] {logging_mixin.py:190} INFO - [2025-04-02T08:12:30.486+0000] {dagbag.py:588} INFO - Filling up the DagBag from /home/airflow/.local/lib/python3.12/site-packages/airflow/example_dags/example_latest_only_with_trigger.py
[2025-04-02T08:12:30.501+0000] {processor.py:925} INFO - DAG(s) 'latest_only_with_trigger' retrieved from /home/airflow/.local/lib/python3.12/site-packages/airflow/example_dags/example_latest_only_with_trigger.py
[2025-04-02T08:12:30.536+0000] {logging_mixin.py:190} INFO - [2025-04-02T08:12:30.535+0000] {dag.py:3239} INFO - Sync 1 DAGs
[2025-04-02T08:12:30.577+0000] {logging_mixin.py:190} INFO - [2025-04-02T08:12:30.576+0000] {dag.py:4180} INFO - Setting next_dagrun for latest_only_with_trigger to 2025-04-02 04:00:00+00:00, run_after=2025-04-02 08:00:00+00:00
[2025-04-02T08:12:30.609+0000] {processor.py:208} INFO - Processing /home/airflow/.local/lib/python3.12/site-packages/airflow/example_dags/example_latest_only_with_trigger.py took 0.142 seconds
[2025-04-02T08:13:01.107+0000] {processor.py:186} INFO - Started process (PID=8658) to work on /home/airflow/.local/lib/python3.12/site-packages/airflow/example_dags/example_latest_only_with_trigger.py
[2025-04-02T08:13:01.109+0000] {processor.py:914} INFO - Processing file /home/airflow/.local/lib/python3.12/site-packages/airflow/example_dags/example_latest_only_with_trigger.py for tasks to queue
[2025-04-02T08:13:01.114+0000] {logging_mixin.py:190} INFO - [2025-04-02T08:13:01.113+0000] {dagbag.py:588} INFO - Filling up the DagBag from /home/airflow/.local/lib/python3.12/site-packages/airflow/example_dags/example_latest_only_with_trigger.py
[2025-04-02T08:13:01.129+0000] {processor.py:925} INFO - DAG(s) 'latest_only_with_trigger' retrieved from /home/airflow/.local/lib/python3.12/site-packages/airflow/example_dags/example_latest_only_with_trigger.py
[2025-04-02T08:13:01.171+0000] {logging_mixin.py:190} INFO - [2025-04-02T08:13:01.170+0000] {dag.py:3239} INFO - Sync 1 DAGs
[2025-04-02T08:13:01.214+0000] {logging_mixin.py:190} INFO - [2025-04-02T08:13:01.214+0000] {dag.py:4180} INFO - Setting next_dagrun for latest_only_with_trigger to 2025-04-02 04:00:00+00:00, run_after=2025-04-02 08:00:00+00:00
[2025-04-02T08:13:01.246+0000] {processor.py:208} INFO - Processing /home/airflow/.local/lib/python3.12/site-packages/airflow/example_dags/example_latest_only_with_trigger.py took 0.153 seconds
[2025-04-02T08:13:31.313+0000] {processor.py:186} INFO - Started process (PID=8722) to work on /home/airflow/.local/lib/python3.12/site-packages/airflow/example_dags/example_latest_only_with_trigger.py
[2025-04-02T08:13:31.315+0000] {processor.py:914} INFO - Processing file /home/airflow/.local/lib/python3.12/site-packages/airflow/example_dags/example_latest_only_with_trigger.py for tasks to queue
[2025-04-02T08:13:31.321+0000] {logging_mixin.py:190} INFO - [2025-04-02T08:13:31.320+0000] {dagbag.py:588} INFO - Filling up the DagBag from /home/airflow/.local/lib/python3.12/site-packages/airflow/example_dags/example_latest_only_with_trigger.py
[2025-04-02T08:13:31.340+0000] {processor.py:925} INFO - DAG(s) 'latest_only_with_trigger' retrieved from /home/airflow/.local/lib/python3.12/site-packages/airflow/example_dags/example_latest_only_with_trigger.py
[2025-04-02T08:13:31.389+0000] {logging_mixin.py:190} INFO - [2025-04-02T08:13:31.388+0000] {dag.py:3239} INFO - Sync 1 DAGs
[2025-04-02T08:13:31.444+0000] {logging_mixin.py:190} INFO - [2025-04-02T08:13:31.444+0000] {dag.py:4180} INFO - Setting next_dagrun for latest_only_with_trigger to 2025-04-02 04:00:00+00:00, run_after=2025-04-02 08:00:00+00:00
[2025-04-02T08:13:31.473+0000] {processor.py:208} INFO - Processing /home/airflow/.local/lib/python3.12/site-packages/airflow/example_dags/example_latest_only_with_trigger.py took 0.175 seconds
[2025-04-02T08:14:01.717+0000] {processor.py:186} INFO - Started process (PID=8786) to work on /home/airflow/.local/lib/python3.12/site-packages/airflow/example_dags/example_latest_only_with_trigger.py
[2025-04-02T08:14:01.719+0000] {processor.py:914} INFO - Processing file /home/airflow/.local/lib/python3.12/site-packages/airflow/example_dags/example_latest_only_with_trigger.py for tasks to queue
[2025-04-02T08:14:01.723+0000] {logging_mixin.py:190} INFO - [2025-04-02T08:14:01.722+0000] {dagbag.py:588} INFO - Filling up the DagBag from /home/airflow/.local/lib/python3.12/site-packages/airflow/example_dags/example_latest_only_with_trigger.py
[2025-04-02T08:14:01.739+0000] {processor.py:925} INFO - DAG(s) 'latest_only_with_trigger' retrieved from /home/airflow/.local/lib/python3.12/site-packages/airflow/example_dags/example_latest_only_with_trigger.py
[2025-04-02T08:14:01.773+0000] {logging_mixin.py:190} INFO - [2025-04-02T08:14:01.772+0000] {dag.py:3239} INFO - Sync 1 DAGs
[2025-04-02T08:14:01.820+0000] {logging_mixin.py:190} INFO - [2025-04-02T08:14:01.820+0000] {dag.py:4180} INFO - Setting next_dagrun for latest_only_with_trigger to 2025-04-02 04:00:00+00:00, run_after=2025-04-02 08:00:00+00:00
[2025-04-02T08:14:01.852+0000] {processor.py:208} INFO - Processing /home/airflow/.local/lib/python3.12/site-packages/airflow/example_dags/example_latest_only_with_trigger.py took 0.148 seconds
[2025-04-02T08:14:32.321+0000] {processor.py:186} INFO - Started process (PID=8850) to work on /home/airflow/.local/lib/python3.12/site-packages/airflow/example_dags/example_latest_only_with_trigger.py
[2025-04-02T08:14:32.324+0000] {processor.py:914} INFO - Processing file /home/airflow/.local/lib/python3.12/site-packages/airflow/example_dags/example_latest_only_with_trigger.py for tasks to queue
[2025-04-02T08:14:32.333+0000] {logging_mixin.py:190} INFO - [2025-04-02T08:14:32.332+0000] {dagbag.py:588} INFO - Filling up the DagBag from /home/airflow/.local/lib/python3.12/site-packages/airflow/example_dags/example_latest_only_with_trigger.py
[2025-04-02T08:14:32.362+0000] {processor.py:925} INFO - DAG(s) 'latest_only_with_trigger' retrieved from /home/airflow/.local/lib/python3.12/site-packages/airflow/example_dags/example_latest_only_with_trigger.py
[2025-04-02T08:14:32.421+0000] {logging_mixin.py:190} INFO - [2025-04-02T08:14:32.420+0000] {dag.py:3239} INFO - Sync 1 DAGs
[2025-04-02T08:14:32.484+0000] {logging_mixin.py:190} INFO - [2025-04-02T08:14:32.484+0000] {dag.py:4180} INFO - Setting next_dagrun for latest_only_with_trigger to 2025-04-02 04:00:00+00:00, run_after=2025-04-02 08:00:00+00:00
[2025-04-02T08:14:32.517+0000] {processor.py:208} INFO - Processing /home/airflow/.local/lib/python3.12/site-packages/airflow/example_dags/example_latest_only_with_trigger.py took 0.211 seconds
[2025-04-02T08:15:02.819+0000] {processor.py:186} INFO - Started process (PID=8914) to work on /home/airflow/.local/lib/python3.12/site-packages/airflow/example_dags/example_latest_only_with_trigger.py
[2025-04-02T08:15:02.821+0000] {processor.py:914} INFO - Processing file /home/airflow/.local/lib/python3.12/site-packages/airflow/example_dags/example_latest_only_with_trigger.py for tasks to queue
[2025-04-02T08:15:02.825+0000] {logging_mixin.py:190} INFO - [2025-04-02T08:15:02.824+0000] {dagbag.py:588} INFO - Filling up the DagBag from /home/airflow/.local/lib/python3.12/site-packages/airflow/example_dags/example_latest_only_with_trigger.py
[2025-04-02T08:15:02.839+0000] {processor.py:925} INFO - DAG(s) 'latest_only_with_trigger' retrieved from /home/airflow/.local/lib/python3.12/site-packages/airflow/example_dags/example_latest_only_with_trigger.py
[2025-04-02T08:15:02.873+0000] {logging_mixin.py:190} INFO - [2025-04-02T08:15:02.872+0000] {dag.py:3239} INFO - Sync 1 DAGs
[2025-04-02T08:15:02.910+0000] {logging_mixin.py:190} INFO - [2025-04-02T08:15:02.910+0000] {dag.py:4180} INFO - Setting next_dagrun for latest_only_with_trigger to 2025-04-02 04:00:00+00:00, run_after=2025-04-02 08:00:00+00:00
[2025-04-02T08:15:02.940+0000] {processor.py:208} INFO - Processing /home/airflow/.local/lib/python3.12/site-packages/airflow/example_dags/example_latest_only_with_trigger.py took 0.134 seconds
[2025-04-02T08:15:33.194+0000] {processor.py:186} INFO - Started process (PID=8978) to work on /home/airflow/.local/lib/python3.12/site-packages/airflow/example_dags/example_latest_only_with_trigger.py
[2025-04-02T08:15:33.196+0000] {processor.py:914} INFO - Processing file /home/airflow/.local/lib/python3.12/site-packages/airflow/example_dags/example_latest_only_with_trigger.py for tasks to queue
[2025-04-02T08:15:33.200+0000] {logging_mixin.py:190} INFO - [2025-04-02T08:15:33.200+0000] {dagbag.py:588} INFO - Filling up the DagBag from /home/airflow/.local/lib/python3.12/site-packages/airflow/example_dags/example_latest_only_with_trigger.py
[2025-04-02T08:15:33.216+0000] {processor.py:925} INFO - DAG(s) 'latest_only_with_trigger' retrieved from /home/airflow/.local/lib/python3.12/site-packages/airflow/example_dags/example_latest_only_with_trigger.py
[2025-04-02T08:15:33.252+0000] {logging_mixin.py:190} INFO - [2025-04-02T08:15:33.252+0000] {dag.py:3239} INFO - Sync 1 DAGs
[2025-04-02T08:15:33.296+0000] {logging_mixin.py:190} INFO - [2025-04-02T08:15:33.296+0000] {dag.py:4180} INFO - Setting next_dagrun for latest_only_with_trigger to 2025-04-02 04:00:00+00:00, run_after=2025-04-02 08:00:00+00:00
[2025-04-02T08:15:33.329+0000] {processor.py:208} INFO - Processing /home/airflow/.local/lib/python3.12/site-packages/airflow/example_dags/example_latest_only_with_trigger.py took 0.148 seconds
[2025-04-02T08:16:03.427+0000] {processor.py:186} INFO - Started process (PID=9042) to work on /home/airflow/.local/lib/python3.12/site-packages/airflow/example_dags/example_latest_only_with_trigger.py
[2025-04-02T08:16:03.430+0000] {processor.py:914} INFO - Processing file /home/airflow/.local/lib/python3.12/site-packages/airflow/example_dags/example_latest_only_with_trigger.py for tasks to queue
[2025-04-02T08:16:03.435+0000] {logging_mixin.py:190} INFO - [2025-04-02T08:16:03.434+0000] {dagbag.py:588} INFO - Filling up the DagBag from /home/airflow/.local/lib/python3.12/site-packages/airflow/example_dags/example_latest_only_with_trigger.py
[2025-04-02T08:16:03.453+0000] {processor.py:925} INFO - DAG(s) 'latest_only_with_trigger' retrieved from /home/airflow/.local/lib/python3.12/site-packages/airflow/example_dags/example_latest_only_with_trigger.py
[2025-04-02T08:16:03.501+0000] {logging_mixin.py:190} INFO - [2025-04-02T08:16:03.499+0000] {dag.py:3239} INFO - Sync 1 DAGs
[2025-04-02T08:16:03.550+0000] {logging_mixin.py:190} INFO - [2025-04-02T08:16:03.550+0000] {dag.py:4180} INFO - Setting next_dagrun for latest_only_with_trigger to 2025-04-02 04:00:00+00:00, run_after=2025-04-02 08:00:00+00:00
[2025-04-02T08:16:03.585+0000] {processor.py:208} INFO - Processing /home/airflow/.local/lib/python3.12/site-packages/airflow/example_dags/example_latest_only_with_trigger.py took 0.173 seconds
[2025-04-02T08:16:33.803+0000] {processor.py:186} INFO - Started process (PID=9106) to work on /home/airflow/.local/lib/python3.12/site-packages/airflow/example_dags/example_latest_only_with_trigger.py
[2025-04-02T08:16:33.805+0000] {processor.py:914} INFO - Processing file /home/airflow/.local/lib/python3.12/site-packages/airflow/example_dags/example_latest_only_with_trigger.py for tasks to queue
[2025-04-02T08:16:33.810+0000] {logging_mixin.py:190} INFO - [2025-04-02T08:16:33.809+0000] {dagbag.py:588} INFO - Filling up the DagBag from /home/airflow/.local/lib/python3.12/site-packages/airflow/example_dags/example_latest_only_with_trigger.py
[2025-04-02T08:16:33.825+0000] {processor.py:925} INFO - DAG(s) 'latest_only_with_trigger' retrieved from /home/airflow/.local/lib/python3.12/site-packages/airflow/example_dags/example_latest_only_with_trigger.py
[2025-04-02T08:16:33.862+0000] {logging_mixin.py:190} INFO - [2025-04-02T08:16:33.861+0000] {dag.py:3239} INFO - Sync 1 DAGs
[2025-04-02T08:16:33.902+0000] {logging_mixin.py:190} INFO - [2025-04-02T08:16:33.901+0000] {dag.py:4180} INFO - Setting next_dagrun for latest_only_with_trigger to 2025-04-02 04:00:00+00:00, run_after=2025-04-02 08:00:00+00:00
[2025-04-02T08:16:33.933+0000] {processor.py:208} INFO - Processing /home/airflow/.local/lib/python3.12/site-packages/airflow/example_dags/example_latest_only_with_trigger.py took 0.142 seconds
[2025-04-02T08:17:04.216+0000] {processor.py:186} INFO - Started process (PID=9170) to work on /home/airflow/.local/lib/python3.12/site-packages/airflow/example_dags/example_latest_only_with_trigger.py
[2025-04-02T08:17:04.218+0000] {processor.py:914} INFO - Processing file /home/airflow/.local/lib/python3.12/site-packages/airflow/example_dags/example_latest_only_with_trigger.py for tasks to queue
[2025-04-02T08:17:04.222+0000] {logging_mixin.py:190} INFO - [2025-04-02T08:17:04.222+0000] {dagbag.py:588} INFO - Filling up the DagBag from /home/airflow/.local/lib/python3.12/site-packages/airflow/example_dags/example_latest_only_with_trigger.py
[2025-04-02T08:17:04.240+0000] {processor.py:925} INFO - DAG(s) 'latest_only_with_trigger' retrieved from /home/airflow/.local/lib/python3.12/site-packages/airflow/example_dags/example_latest_only_with_trigger.py
[2025-04-02T08:17:04.276+0000] {logging_mixin.py:190} INFO - [2025-04-02T08:17:04.275+0000] {dag.py:3239} INFO - Sync 1 DAGs
[2025-04-02T08:17:04.319+0000] {logging_mixin.py:190} INFO - [2025-04-02T08:17:04.319+0000] {dag.py:4180} INFO - Setting next_dagrun for latest_only_with_trigger to 2025-04-02 04:00:00+00:00, run_after=2025-04-02 08:00:00+00:00
[2025-04-02T08:17:04.347+0000] {processor.py:208} INFO - Processing /home/airflow/.local/lib/python3.12/site-packages/airflow/example_dags/example_latest_only_with_trigger.py took 0.142 seconds
[2025-04-02T08:17:34.797+0000] {processor.py:186} INFO - Started process (PID=9234) to work on /home/airflow/.local/lib/python3.12/site-packages/airflow/example_dags/example_latest_only_with_trigger.py
[2025-04-02T08:17:34.799+0000] {processor.py:914} INFO - Processing file /home/airflow/.local/lib/python3.12/site-packages/airflow/example_dags/example_latest_only_with_trigger.py for tasks to queue
[2025-04-02T08:17:34.805+0000] {logging_mixin.py:190} INFO - [2025-04-02T08:17:34.804+0000] {dagbag.py:588} INFO - Filling up the DagBag from /home/airflow/.local/lib/python3.12/site-packages/airflow/example_dags/example_latest_only_with_trigger.py
[2025-04-02T08:17:34.824+0000] {processor.py:925} INFO - DAG(s) 'latest_only_with_trigger' retrieved from /home/airflow/.local/lib/python3.12/site-packages/airflow/example_dags/example_latest_only_with_trigger.py
[2025-04-02T08:17:34.873+0000] {logging_mixin.py:190} INFO - [2025-04-02T08:17:34.872+0000] {dag.py:3239} INFO - Sync 1 DAGs
[2025-04-02T08:17:34.928+0000] {logging_mixin.py:190} INFO - [2025-04-02T08:17:34.928+0000] {dag.py:4180} INFO - Setting next_dagrun for latest_only_with_trigger to 2025-04-02 04:00:00+00:00, run_after=2025-04-02 08:00:00+00:00
[2025-04-02T08:17:34.957+0000] {processor.py:208} INFO - Processing /home/airflow/.local/lib/python3.12/site-packages/airflow/example_dags/example_latest_only_with_trigger.py took 0.179 seconds
[2025-04-02T08:18:05.289+0000] {processor.py:186} INFO - Started process (PID=9298) to work on /home/airflow/.local/lib/python3.12/site-packages/airflow/example_dags/example_latest_only_with_trigger.py
[2025-04-02T08:18:05.292+0000] {processor.py:914} INFO - Processing file /home/airflow/.local/lib/python3.12/site-packages/airflow/example_dags/example_latest_only_with_trigger.py for tasks to queue
[2025-04-02T08:18:05.297+0000] {logging_mixin.py:190} INFO - [2025-04-02T08:18:05.296+0000] {dagbag.py:588} INFO - Filling up the DagBag from /home/airflow/.local/lib/python3.12/site-packages/airflow/example_dags/example_latest_only_with_trigger.py
[2025-04-02T08:18:05.317+0000] {processor.py:925} INFO - DAG(s) 'latest_only_with_trigger' retrieved from /home/airflow/.local/lib/python3.12/site-packages/airflow/example_dags/example_latest_only_with_trigger.py
[2025-04-02T08:18:05.365+0000] {logging_mixin.py:190} INFO - [2025-04-02T08:18:05.364+0000] {dag.py:3239} INFO - Sync 1 DAGs
[2025-04-02T08:18:05.422+0000] {logging_mixin.py:190} INFO - [2025-04-02T08:18:05.422+0000] {dag.py:4180} INFO - Setting next_dagrun for latest_only_with_trigger to 2025-04-02 04:00:00+00:00, run_after=2025-04-02 08:00:00+00:00
[2025-04-02T08:18:05.453+0000] {processor.py:208} INFO - Processing /home/airflow/.local/lib/python3.12/site-packages/airflow/example_dags/example_latest_only_with_trigger.py took 0.179 seconds
[2025-04-02T08:18:35.774+0000] {processor.py:186} INFO - Started process (PID=9362) to work on /home/airflow/.local/lib/python3.12/site-packages/airflow/example_dags/example_latest_only_with_trigger.py
[2025-04-02T08:18:35.776+0000] {processor.py:914} INFO - Processing file /home/airflow/.local/lib/python3.12/site-packages/airflow/example_dags/example_latest_only_with_trigger.py for tasks to queue
[2025-04-02T08:18:35.781+0000] {logging_mixin.py:190} INFO - [2025-04-02T08:18:35.780+0000] {dagbag.py:588} INFO - Filling up the DagBag from /home/airflow/.local/lib/python3.12/site-packages/airflow/example_dags/example_latest_only_with_trigger.py
[2025-04-02T08:18:35.800+0000] {processor.py:925} INFO - DAG(s) 'latest_only_with_trigger' retrieved from /home/airflow/.local/lib/python3.12/site-packages/airflow/example_dags/example_latest_only_with_trigger.py
[2025-04-02T08:18:35.850+0000] {logging_mixin.py:190} INFO - [2025-04-02T08:18:35.849+0000] {dag.py:3239} INFO - Sync 1 DAGs
[2025-04-02T08:18:35.906+0000] {logging_mixin.py:190} INFO - [2025-04-02T08:18:35.906+0000] {dag.py:4180} INFO - Setting next_dagrun for latest_only_with_trigger to 2025-04-02 04:00:00+00:00, run_after=2025-04-02 08:00:00+00:00
[2025-04-02T08:18:35.936+0000] {processor.py:208} INFO - Processing /home/airflow/.local/lib/python3.12/site-packages/airflow/example_dags/example_latest_only_with_trigger.py took 0.177 seconds
[2025-04-02T08:19:06.195+0000] {processor.py:186} INFO - Started process (PID=9426) to work on /home/airflow/.local/lib/python3.12/site-packages/airflow/example_dags/example_latest_only_with_trigger.py
[2025-04-02T08:19:06.197+0000] {processor.py:914} INFO - Processing file /home/airflow/.local/lib/python3.12/site-packages/airflow/example_dags/example_latest_only_with_trigger.py for tasks to queue
[2025-04-02T08:19:06.201+0000] {logging_mixin.py:190} INFO - [2025-04-02T08:19:06.201+0000] {dagbag.py:588} INFO - Filling up the DagBag from /home/airflow/.local/lib/python3.12/site-packages/airflow/example_dags/example_latest_only_with_trigger.py
[2025-04-02T08:19:06.216+0000] {processor.py:925} INFO - DAG(s) 'latest_only_with_trigger' retrieved from /home/airflow/.local/lib/python3.12/site-packages/airflow/example_dags/example_latest_only_with_trigger.py
[2025-04-02T08:19:06.250+0000] {logging_mixin.py:190} INFO - [2025-04-02T08:19:06.250+0000] {dag.py:3239} INFO - Sync 1 DAGs
[2025-04-02T08:19:06.294+0000] {logging_mixin.py:190} INFO - [2025-04-02T08:19:06.294+0000] {dag.py:4180} INFO - Setting next_dagrun for latest_only_with_trigger to 2025-04-02 04:00:00+00:00, run_after=2025-04-02 08:00:00+00:00
[2025-04-02T08:19:06.327+0000] {processor.py:208} INFO - Processing /home/airflow/.local/lib/python3.12/site-packages/airflow/example_dags/example_latest_only_with_trigger.py took 0.143 seconds
[2025-04-02T08:19:36.679+0000] {processor.py:186} INFO - Started process (PID=9490) to work on /home/airflow/.local/lib/python3.12/site-packages/airflow/example_dags/example_latest_only_with_trigger.py
[2025-04-02T08:19:36.680+0000] {processor.py:914} INFO - Processing file /home/airflow/.local/lib/python3.12/site-packages/airflow/example_dags/example_latest_only_with_trigger.py for tasks to queue
[2025-04-02T08:19:36.684+0000] {logging_mixin.py:190} INFO - [2025-04-02T08:19:36.683+0000] {dagbag.py:588} INFO - Filling up the DagBag from /home/airflow/.local/lib/python3.12/site-packages/airflow/example_dags/example_latest_only_with_trigger.py
[2025-04-02T08:19:36.699+0000] {processor.py:925} INFO - DAG(s) 'latest_only_with_trigger' retrieved from /home/airflow/.local/lib/python3.12/site-packages/airflow/example_dags/example_latest_only_with_trigger.py
[2025-04-02T08:19:36.736+0000] {logging_mixin.py:190} INFO - [2025-04-02T08:19:36.735+0000] {dag.py:3239} INFO - Sync 1 DAGs
[2025-04-02T08:19:36.780+0000] {logging_mixin.py:190} INFO - [2025-04-02T08:19:36.779+0000] {dag.py:4180} INFO - Setting next_dagrun for latest_only_with_trigger to 2025-04-02 04:00:00+00:00, run_after=2025-04-02 08:00:00+00:00
[2025-04-02T08:19:36.809+0000] {processor.py:208} INFO - Processing /home/airflow/.local/lib/python3.12/site-packages/airflow/example_dags/example_latest_only_with_trigger.py took 0.142 seconds
[2025-04-02T08:20:06.922+0000] {processor.py:186} INFO - Started process (PID=9554) to work on /home/airflow/.local/lib/python3.12/site-packages/airflow/example_dags/example_latest_only_with_trigger.py
[2025-04-02T08:20:06.924+0000] {processor.py:914} INFO - Processing file /home/airflow/.local/lib/python3.12/site-packages/airflow/example_dags/example_latest_only_with_trigger.py for tasks to queue
[2025-04-02T08:20:06.929+0000] {logging_mixin.py:190} INFO - [2025-04-02T08:20:06.928+0000] {dagbag.py:588} INFO - Filling up the DagBag from /home/airflow/.local/lib/python3.12/site-packages/airflow/example_dags/example_latest_only_with_trigger.py
[2025-04-02T08:20:06.943+0000] {processor.py:925} INFO - DAG(s) 'latest_only_with_trigger' retrieved from /home/airflow/.local/lib/python3.12/site-packages/airflow/example_dags/example_latest_only_with_trigger.py
[2025-04-02T08:20:06.978+0000] {logging_mixin.py:190} INFO - [2025-04-02T08:20:06.978+0000] {dag.py:3239} INFO - Sync 1 DAGs
[2025-04-02T08:20:07.017+0000] {logging_mixin.py:190} INFO - [2025-04-02T08:20:07.017+0000] {dag.py:4180} INFO - Setting next_dagrun for latest_only_with_trigger to 2025-04-02 04:00:00+00:00, run_after=2025-04-02 08:00:00+00:00
[2025-04-02T08:20:07.045+0000] {processor.py:208} INFO - Processing /home/airflow/.local/lib/python3.12/site-packages/airflow/example_dags/example_latest_only_with_trigger.py took 0.134 seconds
[2025-04-02T08:20:37.440+0000] {processor.py:186} INFO - Started process (PID=9618) to work on /home/airflow/.local/lib/python3.12/site-packages/airflow/example_dags/example_latest_only_with_trigger.py
[2025-04-02T08:20:37.441+0000] {processor.py:914} INFO - Processing file /home/airflow/.local/lib/python3.12/site-packages/airflow/example_dags/example_latest_only_with_trigger.py for tasks to queue
[2025-04-02T08:20:37.446+0000] {logging_mixin.py:190} INFO - [2025-04-02T08:20:37.445+0000] {dagbag.py:588} INFO - Filling up the DagBag from /home/airflow/.local/lib/python3.12/site-packages/airflow/example_dags/example_latest_only_with_trigger.py
[2025-04-02T08:20:37.462+0000] {processor.py:925} INFO - DAG(s) 'latest_only_with_trigger' retrieved from /home/airflow/.local/lib/python3.12/site-packages/airflow/example_dags/example_latest_only_with_trigger.py
[2025-04-02T08:20:37.497+0000] {logging_mixin.py:190} INFO - [2025-04-02T08:20:37.497+0000] {dag.py:3239} INFO - Sync 1 DAGs
[2025-04-02T08:20:37.536+0000] {logging_mixin.py:190} INFO - [2025-04-02T08:20:37.535+0000] {dag.py:4180} INFO - Setting next_dagrun for latest_only_with_trigger to 2025-04-02 04:00:00+00:00, run_after=2025-04-02 08:00:00+00:00
[2025-04-02T08:20:37.564+0000] {processor.py:208} INFO - Processing /home/airflow/.local/lib/python3.12/site-packages/airflow/example_dags/example_latest_only_with_trigger.py took 0.135 seconds
[2025-04-02T08:21:08.317+0000] {processor.py:186} INFO - Started process (PID=9682) to work on /home/airflow/.local/lib/python3.12/site-packages/airflow/example_dags/example_latest_only_with_trigger.py
[2025-04-02T08:21:08.319+0000] {processor.py:914} INFO - Processing file /home/airflow/.local/lib/python3.12/site-packages/airflow/example_dags/example_latest_only_with_trigger.py for tasks to queue
[2025-04-02T08:21:08.323+0000] {logging_mixin.py:190} INFO - [2025-04-02T08:21:08.323+0000] {dagbag.py:588} INFO - Filling up the DagBag from /home/airflow/.local/lib/python3.12/site-packages/airflow/example_dags/example_latest_only_with_trigger.py
[2025-04-02T08:21:08.340+0000] {processor.py:925} INFO - DAG(s) 'latest_only_with_trigger' retrieved from /home/airflow/.local/lib/python3.12/site-packages/airflow/example_dags/example_latest_only_with_trigger.py
[2025-04-02T08:21:08.386+0000] {logging_mixin.py:190} INFO - [2025-04-02T08:21:08.384+0000] {dag.py:3239} INFO - Sync 1 DAGs
[2025-04-02T08:21:08.428+0000] {logging_mixin.py:190} INFO - [2025-04-02T08:21:08.428+0000] {dag.py:4180} INFO - Setting next_dagrun for latest_only_with_trigger to 2025-04-02 04:00:00+00:00, run_after=2025-04-02 08:00:00+00:00
[2025-04-02T08:21:08.459+0000] {processor.py:208} INFO - Processing /home/airflow/.local/lib/python3.12/site-packages/airflow/example_dags/example_latest_only_with_trigger.py took 0.154 seconds
[2025-04-02T08:21:39.275+0000] {processor.py:186} INFO - Started process (PID=9746) to work on /home/airflow/.local/lib/python3.12/site-packages/airflow/example_dags/example_latest_only_with_trigger.py
[2025-04-02T08:21:39.276+0000] {processor.py:914} INFO - Processing file /home/airflow/.local/lib/python3.12/site-packages/airflow/example_dags/example_latest_only_with_trigger.py for tasks to queue
[2025-04-02T08:21:39.282+0000] {logging_mixin.py:190} INFO - [2025-04-02T08:21:39.281+0000] {dagbag.py:588} INFO - Filling up the DagBag from /home/airflow/.local/lib/python3.12/site-packages/airflow/example_dags/example_latest_only_with_trigger.py
[2025-04-02T08:21:39.301+0000] {processor.py:925} INFO - DAG(s) 'latest_only_with_trigger' retrieved from /home/airflow/.local/lib/python3.12/site-packages/airflow/example_dags/example_latest_only_with_trigger.py
[2025-04-02T08:21:39.353+0000] {logging_mixin.py:190} INFO - [2025-04-02T08:21:39.352+0000] {dag.py:3239} INFO - Sync 1 DAGs
[2025-04-02T08:21:39.427+0000] {logging_mixin.py:190} INFO - [2025-04-02T08:21:39.427+0000] {dag.py:4180} INFO - Setting next_dagrun for latest_only_with_trigger to 2025-04-02 04:00:00+00:00, run_after=2025-04-02 08:00:00+00:00
[2025-04-02T08:21:39.469+0000] {processor.py:208} INFO - Processing /home/airflow/.local/lib/python3.12/site-packages/airflow/example_dags/example_latest_only_with_trigger.py took 0.211 seconds
[2025-04-02T08:22:10.296+0000] {processor.py:186} INFO - Started process (PID=9810) to work on /home/airflow/.local/lib/python3.12/site-packages/airflow/example_dags/example_latest_only_with_trigger.py
[2025-04-02T08:22:10.298+0000] {processor.py:914} INFO - Processing file /home/airflow/.local/lib/python3.12/site-packages/airflow/example_dags/example_latest_only_with_trigger.py for tasks to queue
[2025-04-02T08:22:10.303+0000] {logging_mixin.py:190} INFO - [2025-04-02T08:22:10.303+0000] {dagbag.py:588} INFO - Filling up the DagBag from /home/airflow/.local/lib/python3.12/site-packages/airflow/example_dags/example_latest_only_with_trigger.py
[2025-04-02T08:22:10.322+0000] {processor.py:925} INFO - DAG(s) 'latest_only_with_trigger' retrieved from /home/airflow/.local/lib/python3.12/site-packages/airflow/example_dags/example_latest_only_with_trigger.py
[2025-04-02T08:22:10.370+0000] {logging_mixin.py:190} INFO - [2025-04-02T08:22:10.369+0000] {dag.py:3239} INFO - Sync 1 DAGs
[2025-04-02T08:22:10.425+0000] {logging_mixin.py:190} INFO - [2025-04-02T08:22:10.424+0000] {dag.py:4180} INFO - Setting next_dagrun for latest_only_with_trigger to 2025-04-02 04:00:00+00:00, run_after=2025-04-02 08:00:00+00:00
[2025-04-02T08:22:10.455+0000] {processor.py:208} INFO - Processing /home/airflow/.local/lib/python3.12/site-packages/airflow/example_dags/example_latest_only_with_trigger.py took 0.175 seconds
[2025-04-02T08:22:40.783+0000] {processor.py:186} INFO - Started process (PID=9874) to work on /home/airflow/.local/lib/python3.12/site-packages/airflow/example_dags/example_latest_only_with_trigger.py
[2025-04-02T08:22:40.784+0000] {processor.py:914} INFO - Processing file /home/airflow/.local/lib/python3.12/site-packages/airflow/example_dags/example_latest_only_with_trigger.py for tasks to queue
[2025-04-02T08:22:40.788+0000] {logging_mixin.py:190} INFO - [2025-04-02T08:22:40.788+0000] {dagbag.py:588} INFO - Filling up the DagBag from /home/airflow/.local/lib/python3.12/site-packages/airflow/example_dags/example_latest_only_with_trigger.py
[2025-04-02T08:22:40.803+0000] {processor.py:925} INFO - DAG(s) 'latest_only_with_trigger' retrieved from /home/airflow/.local/lib/python3.12/site-packages/airflow/example_dags/example_latest_only_with_trigger.py
[2025-04-02T08:22:40.841+0000] {logging_mixin.py:190} INFO - [2025-04-02T08:22:40.840+0000] {dag.py:3239} INFO - Sync 1 DAGs
[2025-04-02T08:22:40.884+0000] {logging_mixin.py:190} INFO - [2025-04-02T08:22:40.883+0000] {dag.py:4180} INFO - Setting next_dagrun for latest_only_with_trigger to 2025-04-02 04:00:00+00:00, run_after=2025-04-02 08:00:00+00:00
[2025-04-02T08:22:40.913+0000] {processor.py:208} INFO - Processing /home/airflow/.local/lib/python3.12/site-packages/airflow/example_dags/example_latest_only_with_trigger.py took 0.141 seconds
[2025-04-02T08:23:11.775+0000] {processor.py:186} INFO - Started process (PID=9938) to work on /home/airflow/.local/lib/python3.12/site-packages/airflow/example_dags/example_latest_only_with_trigger.py
[2025-04-02T08:23:11.777+0000] {processor.py:914} INFO - Processing file /home/airflow/.local/lib/python3.12/site-packages/airflow/example_dags/example_latest_only_with_trigger.py for tasks to queue
[2025-04-02T08:23:11.781+0000] {logging_mixin.py:190} INFO - [2025-04-02T08:23:11.780+0000] {dagbag.py:588} INFO - Filling up the DagBag from /home/airflow/.local/lib/python3.12/site-packages/airflow/example_dags/example_latest_only_with_trigger.py
[2025-04-02T08:23:11.796+0000] {processor.py:925} INFO - DAG(s) 'latest_only_with_trigger' retrieved from /home/airflow/.local/lib/python3.12/site-packages/airflow/example_dags/example_latest_only_with_trigger.py
[2025-04-02T08:23:11.839+0000] {logging_mixin.py:190} INFO - [2025-04-02T08:23:11.838+0000] {dag.py:3239} INFO - Sync 1 DAGs
[2025-04-02T08:23:11.882+0000] {logging_mixin.py:190} INFO - [2025-04-02T08:23:11.882+0000] {dag.py:4180} INFO - Setting next_dagrun for latest_only_with_trigger to 2025-04-02 04:00:00+00:00, run_after=2025-04-02 08:00:00+00:00
[2025-04-02T08:23:11.912+0000] {processor.py:208} INFO - Processing /home/airflow/.local/lib/python3.12/site-packages/airflow/example_dags/example_latest_only_with_trigger.py took 0.149 seconds
