[2025-04-02T07:56:23.209+0000] {processor.py:186} INFO - Started process (PID=6381) to work on /home/airflow/.local/lib/python3.12/site-packages/airflow/example_dags/example_dag_decorator.py
[2025-04-02T07:56:23.210+0000] {processor.py:914} INFO - Processing file /home/airflow/.local/lib/python3.12/site-packages/airflow/example_dags/example_dag_decorator.py for tasks to queue
[2025-04-02T07:56:23.218+0000] {logging_mixin.py:190} INFO - [2025-04-02T07:56:23.218+0000] {dagbag.py:588} INFO - Filling up the DagBag from /home/airflow/.local/lib/python3.12/site-packages/airflow/example_dags/example_dag_decorator.py
[2025-04-02T07:56:23.609+0000] {processor.py:925} INFO - DAG(s) 'example_dag_decorator' retrieved from /home/airflow/.local/lib/python3.12/site-packages/airflow/example_dags/example_dag_decorator.py
[2025-04-02T07:56:24.139+0000] {logging_mixin.py:190} INFO - [2025-04-02T07:56:24.137+0000] {dag.py:3239} INFO - Sync 1 DAGs
[2025-04-02T07:56:24.195+0000] {logging_mixin.py:190} INFO - [2025-04-02T07:56:24.195+0000] {dag.py:4180} INFO - Setting next_dagrun for example_dag_decorator to None, run_after=None
[2025-04-02T07:56:24.284+0000] {processor.py:208} INFO - Processing /home/airflow/.local/lib/python3.12/site-packages/airflow/example_dags/example_dag_decorator.py took 1.101 seconds
[2025-04-02T07:56:54.502+0000] {processor.py:186} INFO - Started process (PID=6449) to work on /home/airflow/.local/lib/python3.12/site-packages/airflow/example_dags/example_dag_decorator.py
[2025-04-02T07:56:54.506+0000] {processor.py:914} INFO - Processing file /home/airflow/.local/lib/python3.12/site-packages/airflow/example_dags/example_dag_decorator.py for tasks to queue
[2025-04-02T07:56:54.517+0000] {logging_mixin.py:190} INFO - [2025-04-02T07:56:54.514+0000] {dagbag.py:588} INFO - Filling up the DagBag from /home/airflow/.local/lib/python3.12/site-packages/airflow/example_dags/example_dag_decorator.py
[2025-04-02T07:56:54.958+0000] {processor.py:925} INFO - DAG(s) 'example_dag_decorator' retrieved from /home/airflow/.local/lib/python3.12/site-packages/airflow/example_dags/example_dag_decorator.py
[2025-04-02T07:56:55.561+0000] {logging_mixin.py:190} INFO - [2025-04-02T07:56:55.559+0000] {dag.py:3239} INFO - Sync 1 DAGs
[2025-04-02T07:56:55.625+0000] {logging_mixin.py:190} INFO - [2025-04-02T07:56:55.625+0000] {dag.py:4180} INFO - Setting next_dagrun for example_dag_decorator to None, run_after=None
[2025-04-02T07:56:55.688+0000] {processor.py:208} INFO - Processing /home/airflow/.local/lib/python3.12/site-packages/airflow/example_dags/example_dag_decorator.py took 1.214 seconds
[2025-04-02T07:57:25.980+0000] {processor.py:186} INFO - Started process (PID=6521) to work on /home/airflow/.local/lib/python3.12/site-packages/airflow/example_dags/example_dag_decorator.py
[2025-04-02T07:57:25.985+0000] {processor.py:914} INFO - Processing file /home/airflow/.local/lib/python3.12/site-packages/airflow/example_dags/example_dag_decorator.py for tasks to queue
[2025-04-02T07:57:26.000+0000] {logging_mixin.py:190} INFO - [2025-04-02T07:57:25.999+0000] {dagbag.py:588} INFO - Filling up the DagBag from /home/airflow/.local/lib/python3.12/site-packages/airflow/example_dags/example_dag_decorator.py
[2025-04-02T07:57:26.550+0000] {processor.py:925} INFO - DAG(s) 'example_dag_decorator' retrieved from /home/airflow/.local/lib/python3.12/site-packages/airflow/example_dags/example_dag_decorator.py
[2025-04-02T07:57:27.020+0000] {logging_mixin.py:190} INFO - [2025-04-02T07:57:27.019+0000] {dag.py:3239} INFO - Sync 1 DAGs
[2025-04-02T07:57:27.081+0000] {logging_mixin.py:190} INFO - [2025-04-02T07:57:27.081+0000] {dag.py:4180} INFO - Setting next_dagrun for example_dag_decorator to None, run_after=None
[2025-04-02T07:57:27.166+0000] {processor.py:208} INFO - Processing /home/airflow/.local/lib/python3.12/site-packages/airflow/example_dags/example_dag_decorator.py took 1.223 seconds
[2025-04-02T07:57:57.275+0000] {processor.py:186} INFO - Started process (PID=6599) to work on /home/airflow/.local/lib/python3.12/site-packages/airflow/example_dags/example_dag_decorator.py
[2025-04-02T07:57:57.277+0000] {processor.py:914} INFO - Processing file /home/airflow/.local/lib/python3.12/site-packages/airflow/example_dags/example_dag_decorator.py for tasks to queue
[2025-04-02T07:57:57.286+0000] {logging_mixin.py:190} INFO - [2025-04-02T07:57:57.286+0000] {dagbag.py:588} INFO - Filling up the DagBag from /home/airflow/.local/lib/python3.12/site-packages/airflow/example_dags/example_dag_decorator.py
[2025-04-02T07:57:57.578+0000] {processor.py:925} INFO - DAG(s) 'example_dag_decorator' retrieved from /home/airflow/.local/lib/python3.12/site-packages/airflow/example_dags/example_dag_decorator.py
[2025-04-02T07:57:57.889+0000] {logging_mixin.py:190} INFO - [2025-04-02T07:57:57.887+0000] {dag.py:3239} INFO - Sync 1 DAGs
[2025-04-02T07:57:57.929+0000] {logging_mixin.py:190} INFO - [2025-04-02T07:57:57.928+0000] {dag.py:4180} INFO - Setting next_dagrun for example_dag_decorator to None, run_after=None
[2025-04-02T07:57:57.980+0000] {processor.py:208} INFO - Processing /home/airflow/.local/lib/python3.12/site-packages/airflow/example_dags/example_dag_decorator.py took 0.724 seconds
[2025-04-02T07:58:28.989+0000] {processor.py:186} INFO - Started process (PID=6664) to work on /home/airflow/.local/lib/python3.12/site-packages/airflow/example_dags/example_dag_decorator.py
[2025-04-02T07:58:28.994+0000] {processor.py:914} INFO - Processing file /home/airflow/.local/lib/python3.12/site-packages/airflow/example_dags/example_dag_decorator.py for tasks to queue
[2025-04-02T07:58:29.007+0000] {logging_mixin.py:190} INFO - [2025-04-02T07:58:29.006+0000] {dagbag.py:588} INFO - Filling up the DagBag from /home/airflow/.local/lib/python3.12/site-packages/airflow/example_dags/example_dag_decorator.py
[2025-04-02T07:58:29.353+0000] {processor.py:925} INFO - DAG(s) 'example_dag_decorator' retrieved from /home/airflow/.local/lib/python3.12/site-packages/airflow/example_dags/example_dag_decorator.py
[2025-04-02T07:58:29.729+0000] {logging_mixin.py:190} INFO - [2025-04-02T07:58:29.728+0000] {dag.py:3239} INFO - Sync 1 DAGs
[2025-04-02T07:58:29.765+0000] {logging_mixin.py:190} INFO - [2025-04-02T07:58:29.765+0000] {dag.py:4180} INFO - Setting next_dagrun for example_dag_decorator to None, run_after=None
[2025-04-02T07:58:29.811+0000] {processor.py:208} INFO - Processing /home/airflow/.local/lib/python3.12/site-packages/airflow/example_dags/example_dag_decorator.py took 0.851 seconds
[2025-04-02T07:59:00.056+0000] {processor.py:186} INFO - Started process (PID=6744) to work on /home/airflow/.local/lib/python3.12/site-packages/airflow/example_dags/example_dag_decorator.py
[2025-04-02T07:59:00.058+0000] {processor.py:914} INFO - Processing file /home/airflow/.local/lib/python3.12/site-packages/airflow/example_dags/example_dag_decorator.py for tasks to queue
[2025-04-02T07:59:00.064+0000] {logging_mixin.py:190} INFO - [2025-04-02T07:59:00.063+0000] {dagbag.py:588} INFO - Filling up the DagBag from /home/airflow/.local/lib/python3.12/site-packages/airflow/example_dags/example_dag_decorator.py
[2025-04-02T07:59:00.402+0000] {processor.py:925} INFO - DAG(s) 'example_dag_decorator' retrieved from /home/airflow/.local/lib/python3.12/site-packages/airflow/example_dags/example_dag_decorator.py
[2025-04-02T07:59:00.923+0000] {logging_mixin.py:190} INFO - [2025-04-02T07:59:00.921+0000] {dag.py:3239} INFO - Sync 1 DAGs
[2025-04-02T07:59:01.015+0000] {logging_mixin.py:190} INFO - [2025-04-02T07:59:01.013+0000] {dag.py:4180} INFO - Setting next_dagrun for example_dag_decorator to None, run_after=None
[2025-04-02T07:59:01.096+0000] {processor.py:208} INFO - Processing /home/airflow/.local/lib/python3.12/site-packages/airflow/example_dags/example_dag_decorator.py took 1.054 seconds
[2025-04-02T07:59:31.282+0000] {processor.py:186} INFO - Started process (PID=6809) to work on /home/airflow/.local/lib/python3.12/site-packages/airflow/example_dags/example_dag_decorator.py
[2025-04-02T07:59:31.287+0000] {processor.py:914} INFO - Processing file /home/airflow/.local/lib/python3.12/site-packages/airflow/example_dags/example_dag_decorator.py for tasks to queue
[2025-04-02T07:59:31.298+0000] {logging_mixin.py:190} INFO - [2025-04-02T07:59:31.298+0000] {dagbag.py:588} INFO - Filling up the DagBag from /home/airflow/.local/lib/python3.12/site-packages/airflow/example_dags/example_dag_decorator.py
[2025-04-02T07:59:31.728+0000] {processor.py:925} INFO - DAG(s) 'example_dag_decorator' retrieved from /home/airflow/.local/lib/python3.12/site-packages/airflow/example_dags/example_dag_decorator.py
[2025-04-02T07:59:32.134+0000] {logging_mixin.py:190} INFO - [2025-04-02T07:59:32.133+0000] {dag.py:3239} INFO - Sync 1 DAGs
[2025-04-02T07:59:32.173+0000] {logging_mixin.py:190} INFO - [2025-04-02T07:59:32.173+0000] {dag.py:4180} INFO - Setting next_dagrun for example_dag_decorator to None, run_after=None
[2025-04-02T07:59:32.233+0000] {processor.py:208} INFO - Processing /home/airflow/.local/lib/python3.12/site-packages/airflow/example_dags/example_dag_decorator.py took 0.980 seconds
[2025-04-02T08:00:02.610+0000] {processor.py:186} INFO - Started process (PID=6898) to work on /home/airflow/.local/lib/python3.12/site-packages/airflow/example_dags/example_dag_decorator.py
[2025-04-02T08:00:02.612+0000] {processor.py:914} INFO - Processing file /home/airflow/.local/lib/python3.12/site-packages/airflow/example_dags/example_dag_decorator.py for tasks to queue
[2025-04-02T08:00:02.617+0000] {logging_mixin.py:190} INFO - [2025-04-02T08:00:02.616+0000] {dagbag.py:588} INFO - Filling up the DagBag from /home/airflow/.local/lib/python3.12/site-packages/airflow/example_dags/example_dag_decorator.py
[2025-04-02T08:00:02.889+0000] {processor.py:925} INFO - DAG(s) 'example_dag_decorator' retrieved from /home/airflow/.local/lib/python3.12/site-packages/airflow/example_dags/example_dag_decorator.py
[2025-04-02T08:00:03.176+0000] {logging_mixin.py:190} INFO - [2025-04-02T08:00:03.175+0000] {dag.py:3239} INFO - Sync 1 DAGs
[2025-04-02T08:00:03.205+0000] {logging_mixin.py:190} INFO - [2025-04-02T08:00:03.204+0000] {dag.py:4180} INFO - Setting next_dagrun for example_dag_decorator to None, run_after=None
[2025-04-02T08:00:03.252+0000] {processor.py:208} INFO - Processing /home/airflow/.local/lib/python3.12/site-packages/airflow/example_dags/example_dag_decorator.py took 0.656 seconds
[2025-04-02T08:00:33.439+0000] {processor.py:186} INFO - Started process (PID=6962) to work on /home/airflow/.local/lib/python3.12/site-packages/airflow/example_dags/example_dag_decorator.py
[2025-04-02T08:00:33.442+0000] {processor.py:914} INFO - Processing file /home/airflow/.local/lib/python3.12/site-packages/airflow/example_dags/example_dag_decorator.py for tasks to queue
[2025-04-02T08:00:33.450+0000] {logging_mixin.py:190} INFO - [2025-04-02T08:00:33.449+0000] {dagbag.py:588} INFO - Filling up the DagBag from /home/airflow/.local/lib/python3.12/site-packages/airflow/example_dags/example_dag_decorator.py
[2025-04-02T08:00:33.765+0000] {processor.py:925} INFO - DAG(s) 'example_dag_decorator' retrieved from /home/airflow/.local/lib/python3.12/site-packages/airflow/example_dags/example_dag_decorator.py
[2025-04-02T08:00:34.047+0000] {logging_mixin.py:190} INFO - [2025-04-02T08:00:34.046+0000] {dag.py:3239} INFO - Sync 1 DAGs
[2025-04-02T08:00:34.088+0000] {logging_mixin.py:190} INFO - [2025-04-02T08:00:34.087+0000] {dag.py:4180} INFO - Setting next_dagrun for example_dag_decorator to None, run_after=None
[2025-04-02T08:00:34.144+0000] {processor.py:208} INFO - Processing /home/airflow/.local/lib/python3.12/site-packages/airflow/example_dags/example_dag_decorator.py took 0.730 seconds
[2025-04-02T08:01:04.311+0000] {processor.py:186} INFO - Started process (PID=7034) to work on /home/airflow/.local/lib/python3.12/site-packages/airflow/example_dags/example_dag_decorator.py
[2025-04-02T08:01:04.312+0000] {processor.py:914} INFO - Processing file /home/airflow/.local/lib/python3.12/site-packages/airflow/example_dags/example_dag_decorator.py for tasks to queue
[2025-04-02T08:01:04.317+0000] {logging_mixin.py:190} INFO - [2025-04-02T08:01:04.317+0000] {dagbag.py:588} INFO - Filling up the DagBag from /home/airflow/.local/lib/python3.12/site-packages/airflow/example_dags/example_dag_decorator.py
[2025-04-02T08:01:04.571+0000] {processor.py:925} INFO - DAG(s) 'example_dag_decorator' retrieved from /home/airflow/.local/lib/python3.12/site-packages/airflow/example_dags/example_dag_decorator.py
[2025-04-02T08:01:04.985+0000] {logging_mixin.py:190} INFO - [2025-04-02T08:01:04.981+0000] {dag.py:3239} INFO - Sync 1 DAGs
[2025-04-02T08:01:05.044+0000] {logging_mixin.py:190} INFO - [2025-04-02T08:01:05.044+0000] {dag.py:4180} INFO - Setting next_dagrun for example_dag_decorator to None, run_after=None
[2025-04-02T08:01:05.097+0000] {processor.py:208} INFO - Processing /home/airflow/.local/lib/python3.12/site-packages/airflow/example_dags/example_dag_decorator.py took 0.815 seconds
[2025-04-02T08:01:35.486+0000] {processor.py:186} INFO - Started process (PID=7116) to work on /home/airflow/.local/lib/python3.12/site-packages/airflow/example_dags/example_dag_decorator.py
[2025-04-02T08:01:35.489+0000] {processor.py:914} INFO - Processing file /home/airflow/.local/lib/python3.12/site-packages/airflow/example_dags/example_dag_decorator.py for tasks to queue
[2025-04-02T08:01:35.500+0000] {logging_mixin.py:190} INFO - [2025-04-02T08:01:35.499+0000] {dagbag.py:588} INFO - Filling up the DagBag from /home/airflow/.local/lib/python3.12/site-packages/airflow/example_dags/example_dag_decorator.py
[2025-04-02T08:01:35.907+0000] {processor.py:925} INFO - DAG(s) 'example_dag_decorator' retrieved from /home/airflow/.local/lib/python3.12/site-packages/airflow/example_dags/example_dag_decorator.py
[2025-04-02T08:01:36.244+0000] {logging_mixin.py:190} INFO - [2025-04-02T08:01:36.240+0000] {dag.py:3239} INFO - Sync 1 DAGs
[2025-04-02T08:01:36.287+0000] {logging_mixin.py:190} INFO - [2025-04-02T08:01:36.287+0000] {dag.py:4180} INFO - Setting next_dagrun for example_dag_decorator to None, run_after=None
[2025-04-02T08:01:36.333+0000] {processor.py:208} INFO - Processing /home/airflow/.local/lib/python3.12/site-packages/airflow/example_dags/example_dag_decorator.py took 0.897 seconds
[2025-04-02T08:02:06.597+0000] {processor.py:186} INFO - Started process (PID=7186) to work on /home/airflow/.local/lib/python3.12/site-packages/airflow/example_dags/example_dag_decorator.py
[2025-04-02T08:02:06.599+0000] {processor.py:914} INFO - Processing file /home/airflow/.local/lib/python3.12/site-packages/airflow/example_dags/example_dag_decorator.py for tasks to queue
[2025-04-02T08:02:06.604+0000] {logging_mixin.py:190} INFO - [2025-04-02T08:02:06.603+0000] {dagbag.py:588} INFO - Filling up the DagBag from /home/airflow/.local/lib/python3.12/site-packages/airflow/example_dags/example_dag_decorator.py
[2025-04-02T08:02:06.956+0000] {processor.py:925} INFO - DAG(s) 'example_dag_decorator' retrieved from /home/airflow/.local/lib/python3.12/site-packages/airflow/example_dags/example_dag_decorator.py
[2025-04-02T08:02:07.546+0000] {logging_mixin.py:190} INFO - [2025-04-02T08:02:07.543+0000] {dag.py:3239} INFO - Sync 1 DAGs
[2025-04-02T08:02:07.608+0000] {logging_mixin.py:190} INFO - [2025-04-02T08:02:07.608+0000] {dag.py:4180} INFO - Setting next_dagrun for example_dag_decorator to None, run_after=None
[2025-04-02T08:02:07.678+0000] {processor.py:208} INFO - Processing /home/airflow/.local/lib/python3.12/site-packages/airflow/example_dags/example_dag_decorator.py took 1.099 seconds
[2025-04-02T08:02:38.455+0000] {processor.py:186} INFO - Started process (PID=7273) to work on /home/airflow/.local/lib/python3.12/site-packages/airflow/example_dags/example_dag_decorator.py
[2025-04-02T08:02:38.457+0000] {processor.py:914} INFO - Processing file /home/airflow/.local/lib/python3.12/site-packages/airflow/example_dags/example_dag_decorator.py for tasks to queue
[2025-04-02T08:02:38.463+0000] {logging_mixin.py:190} INFO - [2025-04-02T08:02:38.461+0000] {dagbag.py:588} INFO - Filling up the DagBag from /home/airflow/.local/lib/python3.12/site-packages/airflow/example_dags/example_dag_decorator.py
[2025-04-02T08:02:38.760+0000] {processor.py:925} INFO - DAG(s) 'example_dag_decorator' retrieved from /home/airflow/.local/lib/python3.12/site-packages/airflow/example_dags/example_dag_decorator.py
[2025-04-02T08:02:39.102+0000] {logging_mixin.py:190} INFO - [2025-04-02T08:02:39.100+0000] {dag.py:3239} INFO - Sync 1 DAGs
[2025-04-02T08:02:39.140+0000] {logging_mixin.py:190} INFO - [2025-04-02T08:02:39.139+0000] {dag.py:4180} INFO - Setting next_dagrun for example_dag_decorator to None, run_after=None
[2025-04-02T08:02:39.182+0000] {processor.py:208} INFO - Processing /home/airflow/.local/lib/python3.12/site-packages/airflow/example_dags/example_dag_decorator.py took 0.741 seconds
[2025-04-02T08:03:09.661+0000] {processor.py:186} INFO - Started process (PID=7341) to work on /home/airflow/.local/lib/python3.12/site-packages/airflow/example_dags/example_dag_decorator.py
[2025-04-02T08:03:09.663+0000] {processor.py:914} INFO - Processing file /home/airflow/.local/lib/python3.12/site-packages/airflow/example_dags/example_dag_decorator.py for tasks to queue
[2025-04-02T08:03:09.668+0000] {logging_mixin.py:190} INFO - [2025-04-02T08:03:09.668+0000] {dagbag.py:588} INFO - Filling up the DagBag from /home/airflow/.local/lib/python3.12/site-packages/airflow/example_dags/example_dag_decorator.py
[2025-04-02T08:03:10.005+0000] {processor.py:925} INFO - DAG(s) 'example_dag_decorator' retrieved from /home/airflow/.local/lib/python3.12/site-packages/airflow/example_dags/example_dag_decorator.py
[2025-04-02T08:03:10.405+0000] {logging_mixin.py:190} INFO - [2025-04-02T08:03:10.403+0000] {dag.py:3239} INFO - Sync 1 DAGs
[2025-04-02T08:03:10.476+0000] {logging_mixin.py:190} INFO - [2025-04-02T08:03:10.475+0000] {dag.py:4180} INFO - Setting next_dagrun for example_dag_decorator to None, run_after=None
[2025-04-02T08:03:10.556+0000] {processor.py:208} INFO - Processing /home/airflow/.local/lib/python3.12/site-packages/airflow/example_dags/example_dag_decorator.py took 0.913 seconds
[2025-04-02T08:03:40.929+0000] {processor.py:186} INFO - Started process (PID=7421) to work on /home/airflow/.local/lib/python3.12/site-packages/airflow/example_dags/example_dag_decorator.py
[2025-04-02T08:03:40.931+0000] {processor.py:914} INFO - Processing file /home/airflow/.local/lib/python3.12/site-packages/airflow/example_dags/example_dag_decorator.py for tasks to queue
[2025-04-02T08:03:40.939+0000] {logging_mixin.py:190} INFO - [2025-04-02T08:03:40.935+0000] {dagbag.py:588} INFO - Filling up the DagBag from /home/airflow/.local/lib/python3.12/site-packages/airflow/example_dags/example_dag_decorator.py
[2025-04-02T08:03:41.303+0000] {processor.py:925} INFO - DAG(s) 'example_dag_decorator' retrieved from /home/airflow/.local/lib/python3.12/site-packages/airflow/example_dags/example_dag_decorator.py
[2025-04-02T08:03:41.730+0000] {logging_mixin.py:190} INFO - [2025-04-02T08:03:41.728+0000] {dag.py:3239} INFO - Sync 1 DAGs
[2025-04-02T08:03:41.772+0000] {logging_mixin.py:190} INFO - [2025-04-02T08:03:41.771+0000] {dag.py:4180} INFO - Setting next_dagrun for example_dag_decorator to None, run_after=None
[2025-04-02T08:03:41.829+0000] {processor.py:208} INFO - Processing /home/airflow/.local/lib/python3.12/site-packages/airflow/example_dags/example_dag_decorator.py took 0.913 seconds
[2025-04-02T08:04:12.582+0000] {processor.py:186} INFO - Started process (PID=7490) to work on /home/airflow/.local/lib/python3.12/site-packages/airflow/example_dags/example_dag_decorator.py
[2025-04-02T08:04:12.584+0000] {processor.py:914} INFO - Processing file /home/airflow/.local/lib/python3.12/site-packages/airflow/example_dags/example_dag_decorator.py for tasks to queue
[2025-04-02T08:04:12.601+0000] {logging_mixin.py:190} INFO - [2025-04-02T08:04:12.600+0000] {dagbag.py:588} INFO - Filling up the DagBag from /home/airflow/.local/lib/python3.12/site-packages/airflow/example_dags/example_dag_decorator.py
[2025-04-02T08:04:12.881+0000] {processor.py:925} INFO - DAG(s) 'example_dag_decorator' retrieved from /home/airflow/.local/lib/python3.12/site-packages/airflow/example_dags/example_dag_decorator.py
[2025-04-02T08:04:13.251+0000] {logging_mixin.py:190} INFO - [2025-04-02T08:04:13.249+0000] {dag.py:3239} INFO - Sync 1 DAGs
[2025-04-02T08:04:13.291+0000] {logging_mixin.py:190} INFO - [2025-04-02T08:04:13.291+0000] {dag.py:4180} INFO - Setting next_dagrun for example_dag_decorator to None, run_after=None
[2025-04-02T08:04:13.345+0000] {processor.py:208} INFO - Processing /home/airflow/.local/lib/python3.12/site-packages/airflow/example_dags/example_dag_decorator.py took 0.787 seconds
[2025-04-02T08:04:43.730+0000] {processor.py:186} INFO - Started process (PID=7569) to work on /home/airflow/.local/lib/python3.12/site-packages/airflow/example_dags/example_dag_decorator.py
[2025-04-02T08:04:43.735+0000] {processor.py:914} INFO - Processing file /home/airflow/.local/lib/python3.12/site-packages/airflow/example_dags/example_dag_decorator.py for tasks to queue
[2025-04-02T08:04:43.740+0000] {logging_mixin.py:190} INFO - [2025-04-02T08:04:43.739+0000] {dagbag.py:588} INFO - Filling up the DagBag from /home/airflow/.local/lib/python3.12/site-packages/airflow/example_dags/example_dag_decorator.py
[2025-04-02T08:04:44.222+0000] {processor.py:925} INFO - DAG(s) 'example_dag_decorator' retrieved from /home/airflow/.local/lib/python3.12/site-packages/airflow/example_dags/example_dag_decorator.py
[2025-04-02T08:04:44.669+0000] {logging_mixin.py:190} INFO - [2025-04-02T08:04:44.668+0000] {dag.py:3239} INFO - Sync 1 DAGs
[2025-04-02T08:04:44.710+0000] {logging_mixin.py:190} INFO - [2025-04-02T08:04:44.710+0000] {dag.py:4180} INFO - Setting next_dagrun for example_dag_decorator to None, run_after=None
[2025-04-02T08:04:44.761+0000] {processor.py:208} INFO - Processing /home/airflow/.local/lib/python3.12/site-packages/airflow/example_dags/example_dag_decorator.py took 1.070 seconds
[2025-04-02T08:05:15.522+0000] {processor.py:186} INFO - Started process (PID=7643) to work on /home/airflow/.local/lib/python3.12/site-packages/airflow/example_dags/example_dag_decorator.py
[2025-04-02T08:05:15.525+0000] {processor.py:914} INFO - Processing file /home/airflow/.local/lib/python3.12/site-packages/airflow/example_dags/example_dag_decorator.py for tasks to queue
[2025-04-02T08:05:15.536+0000] {logging_mixin.py:190} INFO - [2025-04-02T08:05:15.535+0000] {dagbag.py:588} INFO - Filling up the DagBag from /home/airflow/.local/lib/python3.12/site-packages/airflow/example_dags/example_dag_decorator.py
[2025-04-02T08:05:15.895+0000] {processor.py:925} INFO - DAG(s) 'example_dag_decorator' retrieved from /home/airflow/.local/lib/python3.12/site-packages/airflow/example_dags/example_dag_decorator.py
[2025-04-02T08:05:16.317+0000] {logging_mixin.py:190} INFO - [2025-04-02T08:05:16.314+0000] {dag.py:3239} INFO - Sync 1 DAGs
[2025-04-02T08:05:16.368+0000] {logging_mixin.py:190} INFO - [2025-04-02T08:05:16.368+0000] {dag.py:4180} INFO - Setting next_dagrun for example_dag_decorator to None, run_after=None
[2025-04-02T08:05:16.445+0000] {processor.py:208} INFO - Processing /home/airflow/.local/lib/python3.12/site-packages/airflow/example_dags/example_dag_decorator.py took 0.951 seconds
[2025-04-02T08:05:46.797+0000] {processor.py:186} INFO - Started process (PID=7723) to work on /home/airflow/.local/lib/python3.12/site-packages/airflow/example_dags/example_dag_decorator.py
[2025-04-02T08:05:46.799+0000] {processor.py:914} INFO - Processing file /home/airflow/.local/lib/python3.12/site-packages/airflow/example_dags/example_dag_decorator.py for tasks to queue
[2025-04-02T08:05:46.805+0000] {logging_mixin.py:190} INFO - [2025-04-02T08:05:46.804+0000] {dagbag.py:588} INFO - Filling up the DagBag from /home/airflow/.local/lib/python3.12/site-packages/airflow/example_dags/example_dag_decorator.py
[2025-04-02T08:05:47.093+0000] {processor.py:925} INFO - DAG(s) 'example_dag_decorator' retrieved from /home/airflow/.local/lib/python3.12/site-packages/airflow/example_dags/example_dag_decorator.py
[2025-04-02T08:05:47.442+0000] {logging_mixin.py:190} INFO - [2025-04-02T08:05:47.439+0000] {dag.py:3239} INFO - Sync 1 DAGs
[2025-04-02T08:05:47.474+0000] {logging_mixin.py:190} INFO - [2025-04-02T08:05:47.473+0000] {dag.py:4180} INFO - Setting next_dagrun for example_dag_decorator to None, run_after=None
[2025-04-02T08:05:47.521+0000] {processor.py:208} INFO - Processing /home/airflow/.local/lib/python3.12/site-packages/airflow/example_dags/example_dag_decorator.py took 0.745 seconds
[2025-04-02T08:06:29.795+0000] {processor.py:186} INFO - Started process (PID=7779) to work on /home/airflow/.local/lib/python3.12/site-packages/airflow/example_dags/example_dag_decorator.py
[2025-04-02T08:06:29.799+0000] {processor.py:914} INFO - Processing file /home/airflow/.local/lib/python3.12/site-packages/airflow/example_dags/example_dag_decorator.py for tasks to queue
[2025-04-02T08:06:29.805+0000] {logging_mixin.py:190} INFO - [2025-04-02T08:06:29.804+0000] {dagbag.py:588} INFO - Filling up the DagBag from /home/airflow/.local/lib/python3.12/site-packages/airflow/example_dags/example_dag_decorator.py
[2025-04-02T08:06:30.279+0000] {processor.py:925} INFO - DAG(s) 'example_dag_decorator' retrieved from /home/airflow/.local/lib/python3.12/site-packages/airflow/example_dags/example_dag_decorator.py
[2025-04-02T08:06:30.808+0000] {logging_mixin.py:190} INFO - [2025-04-02T08:06:30.806+0000] {dag.py:3239} INFO - Sync 1 DAGs
[2025-04-02T08:06:30.878+0000] {logging_mixin.py:190} INFO - [2025-04-02T08:06:30.877+0000] {dag.py:4180} INFO - Setting next_dagrun for example_dag_decorator to None, run_after=None
[2025-04-02T08:06:30.945+0000] {processor.py:208} INFO - Processing /home/airflow/.local/lib/python3.12/site-packages/airflow/example_dags/example_dag_decorator.py took 1.174 seconds
[2025-04-02T08:07:01.671+0000] {processor.py:186} INFO - Started process (PID=7844) to work on /home/airflow/.local/lib/python3.12/site-packages/airflow/example_dags/example_dag_decorator.py
[2025-04-02T08:07:01.676+0000] {processor.py:914} INFO - Processing file /home/airflow/.local/lib/python3.12/site-packages/airflow/example_dags/example_dag_decorator.py for tasks to queue
[2025-04-02T08:07:01.689+0000] {logging_mixin.py:190} INFO - [2025-04-02T08:07:01.688+0000] {dagbag.py:588} INFO - Filling up the DagBag from /home/airflow/.local/lib/python3.12/site-packages/airflow/example_dags/example_dag_decorator.py
[2025-04-02T08:07:02.024+0000] {processor.py:925} INFO - DAG(s) 'example_dag_decorator' retrieved from /home/airflow/.local/lib/python3.12/site-packages/airflow/example_dags/example_dag_decorator.py
[2025-04-02T08:07:02.355+0000] {logging_mixin.py:190} INFO - [2025-04-02T08:07:02.353+0000] {dag.py:3239} INFO - Sync 1 DAGs
[2025-04-02T08:07:02.398+0000] {logging_mixin.py:190} INFO - [2025-04-02T08:07:02.397+0000] {dag.py:4180} INFO - Setting next_dagrun for example_dag_decorator to None, run_after=None
[2025-04-02T08:07:02.457+0000] {processor.py:208} INFO - Processing /home/airflow/.local/lib/python3.12/site-packages/airflow/example_dags/example_dag_decorator.py took 0.805 seconds
[2025-04-02T08:07:32.623+0000] {processor.py:186} INFO - Started process (PID=7933) to work on /home/airflow/.local/lib/python3.12/site-packages/airflow/example_dags/example_dag_decorator.py
[2025-04-02T08:07:32.625+0000] {processor.py:914} INFO - Processing file /home/airflow/.local/lib/python3.12/site-packages/airflow/example_dags/example_dag_decorator.py for tasks to queue
[2025-04-02T08:07:32.633+0000] {logging_mixin.py:190} INFO - [2025-04-02T08:07:32.633+0000] {dagbag.py:588} INFO - Filling up the DagBag from /home/airflow/.local/lib/python3.12/site-packages/airflow/example_dags/example_dag_decorator.py
[2025-04-02T08:07:32.924+0000] {processor.py:925} INFO - DAG(s) 'example_dag_decorator' retrieved from /home/airflow/.local/lib/python3.12/site-packages/airflow/example_dags/example_dag_decorator.py
[2025-04-02T08:07:33.290+0000] {logging_mixin.py:190} INFO - [2025-04-02T08:07:33.289+0000] {dag.py:3239} INFO - Sync 1 DAGs
[2025-04-02T08:07:33.340+0000] {logging_mixin.py:190} INFO - [2025-04-02T08:07:33.340+0000] {dag.py:4180} INFO - Setting next_dagrun for example_dag_decorator to None, run_after=None
[2025-04-02T08:07:33.412+0000] {processor.py:208} INFO - Processing /home/airflow/.local/lib/python3.12/site-packages/airflow/example_dags/example_dag_decorator.py took 0.814 seconds
[2025-04-02T08:08:03.975+0000] {processor.py:186} INFO - Started process (PID=7998) to work on /home/airflow/.local/lib/python3.12/site-packages/airflow/example_dags/example_dag_decorator.py
[2025-04-02T08:08:03.978+0000] {processor.py:914} INFO - Processing file /home/airflow/.local/lib/python3.12/site-packages/airflow/example_dags/example_dag_decorator.py for tasks to queue
[2025-04-02T08:08:03.982+0000] {logging_mixin.py:190} INFO - [2025-04-02T08:08:03.982+0000] {dagbag.py:588} INFO - Filling up the DagBag from /home/airflow/.local/lib/python3.12/site-packages/airflow/example_dags/example_dag_decorator.py
[2025-04-02T08:08:04.159+0000] {processor.py:925} INFO - DAG(s) 'example_dag_decorator' retrieved from /home/airflow/.local/lib/python3.12/site-packages/airflow/example_dags/example_dag_decorator.py
[2025-04-02T08:08:04.366+0000] {logging_mixin.py:190} INFO - [2025-04-02T08:08:04.365+0000] {dag.py:3239} INFO - Sync 1 DAGs
[2025-04-02T08:08:04.394+0000] {logging_mixin.py:190} INFO - [2025-04-02T08:08:04.393+0000] {dag.py:4180} INFO - Setting next_dagrun for example_dag_decorator to None, run_after=None
[2025-04-02T08:08:04.429+0000] {processor.py:208} INFO - Processing /home/airflow/.local/lib/python3.12/site-packages/airflow/example_dags/example_dag_decorator.py took 0.465 seconds
[2025-04-02T08:08:35.203+0000] {processor.py:186} INFO - Started process (PID=8065) to work on /home/airflow/.local/lib/python3.12/site-packages/airflow/example_dags/example_dag_decorator.py
[2025-04-02T08:08:35.208+0000] {processor.py:914} INFO - Processing file /home/airflow/.local/lib/python3.12/site-packages/airflow/example_dags/example_dag_decorator.py for tasks to queue
[2025-04-02T08:08:35.215+0000] {logging_mixin.py:190} INFO - [2025-04-02T08:08:35.214+0000] {dagbag.py:588} INFO - Filling up the DagBag from /home/airflow/.local/lib/python3.12/site-packages/airflow/example_dags/example_dag_decorator.py
[2025-04-02T08:08:35.541+0000] {processor.py:925} INFO - DAG(s) 'example_dag_decorator' retrieved from /home/airflow/.local/lib/python3.12/site-packages/airflow/example_dags/example_dag_decorator.py
[2025-04-02T08:08:36.011+0000] {logging_mixin.py:190} INFO - [2025-04-02T08:08:36.010+0000] {dag.py:3239} INFO - Sync 1 DAGs
[2025-04-02T08:08:36.067+0000] {logging_mixin.py:190} INFO - [2025-04-02T08:08:36.067+0000] {dag.py:4180} INFO - Setting next_dagrun for example_dag_decorator to None, run_after=None
[2025-04-02T08:08:36.139+0000] {processor.py:208} INFO - Processing /home/airflow/.local/lib/python3.12/site-packages/airflow/example_dags/example_dag_decorator.py took 0.953 seconds
[2025-04-02T08:09:06.377+0000] {processor.py:186} INFO - Started process (PID=8141) to work on /home/airflow/.local/lib/python3.12/site-packages/airflow/example_dags/example_dag_decorator.py
[2025-04-02T08:09:06.387+0000] {processor.py:914} INFO - Processing file /home/airflow/.local/lib/python3.12/site-packages/airflow/example_dags/example_dag_decorator.py for tasks to queue
[2025-04-02T08:09:06.402+0000] {logging_mixin.py:190} INFO - [2025-04-02T08:09:06.401+0000] {dagbag.py:588} INFO - Filling up the DagBag from /home/airflow/.local/lib/python3.12/site-packages/airflow/example_dags/example_dag_decorator.py
[2025-04-02T08:09:06.737+0000] {processor.py:925} INFO - DAG(s) 'example_dag_decorator' retrieved from /home/airflow/.local/lib/python3.12/site-packages/airflow/example_dags/example_dag_decorator.py
[2025-04-02T08:09:07.171+0000] {logging_mixin.py:190} INFO - [2025-04-02T08:09:07.168+0000] {dag.py:3239} INFO - Sync 1 DAGs
[2025-04-02T08:09:07.225+0000] {logging_mixin.py:190} INFO - [2025-04-02T08:09:07.224+0000] {dag.py:4180} INFO - Setting next_dagrun for example_dag_decorator to None, run_after=None
[2025-04-02T08:09:07.300+0000] {processor.py:208} INFO - Processing /home/airflow/.local/lib/python3.12/site-packages/airflow/example_dags/example_dag_decorator.py took 0.955 seconds
[2025-04-02T08:09:38.032+0000] {processor.py:186} INFO - Started process (PID=8213) to work on /home/airflow/.local/lib/python3.12/site-packages/airflow/example_dags/example_dag_decorator.py
[2025-04-02T08:09:38.038+0000] {processor.py:914} INFO - Processing file /home/airflow/.local/lib/python3.12/site-packages/airflow/example_dags/example_dag_decorator.py for tasks to queue
[2025-04-02T08:09:38.045+0000] {logging_mixin.py:190} INFO - [2025-04-02T08:09:38.044+0000] {dagbag.py:588} INFO - Filling up the DagBag from /home/airflow/.local/lib/python3.12/site-packages/airflow/example_dags/example_dag_decorator.py
[2025-04-02T08:09:38.377+0000] {processor.py:925} INFO - DAG(s) 'example_dag_decorator' retrieved from /home/airflow/.local/lib/python3.12/site-packages/airflow/example_dags/example_dag_decorator.py
[2025-04-02T08:09:38.735+0000] {logging_mixin.py:190} INFO - [2025-04-02T08:09:38.734+0000] {dag.py:3239} INFO - Sync 1 DAGs
[2025-04-02T08:09:38.792+0000] {logging_mixin.py:190} INFO - [2025-04-02T08:09:38.792+0000] {dag.py:4180} INFO - Setting next_dagrun for example_dag_decorator to None, run_after=None
[2025-04-02T08:09:38.864+0000] {processor.py:208} INFO - Processing /home/airflow/.local/lib/python3.12/site-packages/airflow/example_dags/example_dag_decorator.py took 0.851 seconds
[2025-04-02T08:10:08.968+0000] {processor.py:186} INFO - Started process (PID=8287) to work on /home/airflow/.local/lib/python3.12/site-packages/airflow/example_dags/example_dag_decorator.py
[2025-04-02T08:10:08.972+0000] {processor.py:914} INFO - Processing file /home/airflow/.local/lib/python3.12/site-packages/airflow/example_dags/example_dag_decorator.py for tasks to queue
[2025-04-02T08:10:08.982+0000] {logging_mixin.py:190} INFO - [2025-04-02T08:10:08.982+0000] {dagbag.py:588} INFO - Filling up the DagBag from /home/airflow/.local/lib/python3.12/site-packages/airflow/example_dags/example_dag_decorator.py
[2025-04-02T08:10:09.425+0000] {processor.py:925} INFO - DAG(s) 'example_dag_decorator' retrieved from /home/airflow/.local/lib/python3.12/site-packages/airflow/example_dags/example_dag_decorator.py
[2025-04-02T08:10:09.737+0000] {logging_mixin.py:190} INFO - [2025-04-02T08:10:09.736+0000] {dag.py:3239} INFO - Sync 1 DAGs
[2025-04-02T08:10:09.767+0000] {logging_mixin.py:190} INFO - [2025-04-02T08:10:09.767+0000] {dag.py:4180} INFO - Setting next_dagrun for example_dag_decorator to None, run_after=None
[2025-04-02T08:10:09.826+0000] {processor.py:208} INFO - Processing /home/airflow/.local/lib/python3.12/site-packages/airflow/example_dags/example_dag_decorator.py took 0.873 seconds
[2025-04-02T08:10:39.972+0000] {processor.py:186} INFO - Started process (PID=8355) to work on /home/airflow/.local/lib/python3.12/site-packages/airflow/example_dags/example_dag_decorator.py
[2025-04-02T08:10:39.976+0000] {processor.py:914} INFO - Processing file /home/airflow/.local/lib/python3.12/site-packages/airflow/example_dags/example_dag_decorator.py for tasks to queue
[2025-04-02T08:10:39.987+0000] {logging_mixin.py:190} INFO - [2025-04-02T08:10:39.987+0000] {dagbag.py:588} INFO - Filling up the DagBag from /home/airflow/.local/lib/python3.12/site-packages/airflow/example_dags/example_dag_decorator.py
[2025-04-02T08:10:40.249+0000] {processor.py:925} INFO - DAG(s) 'example_dag_decorator' retrieved from /home/airflow/.local/lib/python3.12/site-packages/airflow/example_dags/example_dag_decorator.py
[2025-04-02T08:10:40.554+0000] {logging_mixin.py:190} INFO - [2025-04-02T08:10:40.553+0000] {dag.py:3239} INFO - Sync 1 DAGs
[2025-04-02T08:10:40.584+0000] {logging_mixin.py:190} INFO - [2025-04-02T08:10:40.584+0000] {dag.py:4180} INFO - Setting next_dagrun for example_dag_decorator to None, run_after=None
[2025-04-02T08:10:40.639+0000] {processor.py:208} INFO - Processing /home/airflow/.local/lib/python3.12/site-packages/airflow/example_dags/example_dag_decorator.py took 0.699 seconds
[2025-04-02T08:11:10.760+0000] {processor.py:186} INFO - Started process (PID=8419) to work on /home/airflow/.local/lib/python3.12/site-packages/airflow/example_dags/example_dag_decorator.py
[2025-04-02T08:11:10.762+0000] {processor.py:914} INFO - Processing file /home/airflow/.local/lib/python3.12/site-packages/airflow/example_dags/example_dag_decorator.py for tasks to queue
[2025-04-02T08:11:10.767+0000] {logging_mixin.py:190} INFO - [2025-04-02T08:11:10.767+0000] {dagbag.py:588} INFO - Filling up the DagBag from /home/airflow/.local/lib/python3.12/site-packages/airflow/example_dags/example_dag_decorator.py
[2025-04-02T08:11:10.976+0000] {processor.py:925} INFO - DAG(s) 'example_dag_decorator' retrieved from /home/airflow/.local/lib/python3.12/site-packages/airflow/example_dags/example_dag_decorator.py
[2025-04-02T08:11:11.250+0000] {logging_mixin.py:190} INFO - [2025-04-02T08:11:11.248+0000] {dag.py:3239} INFO - Sync 1 DAGs
[2025-04-02T08:11:11.280+0000] {logging_mixin.py:190} INFO - [2025-04-02T08:11:11.279+0000] {dag.py:4180} INFO - Setting next_dagrun for example_dag_decorator to None, run_after=None
[2025-04-02T08:11:11.322+0000] {processor.py:208} INFO - Processing /home/airflow/.local/lib/python3.12/site-packages/airflow/example_dags/example_dag_decorator.py took 0.575 seconds
[2025-04-02T08:11:41.554+0000] {processor.py:186} INFO - Started process (PID=8486) to work on /home/airflow/.local/lib/python3.12/site-packages/airflow/example_dags/example_dag_decorator.py
[2025-04-02T08:11:41.556+0000] {processor.py:914} INFO - Processing file /home/airflow/.local/lib/python3.12/site-packages/airflow/example_dags/example_dag_decorator.py for tasks to queue
[2025-04-02T08:11:41.560+0000] {logging_mixin.py:190} INFO - [2025-04-02T08:11:41.559+0000] {dagbag.py:588} INFO - Filling up the DagBag from /home/airflow/.local/lib/python3.12/site-packages/airflow/example_dags/example_dag_decorator.py
[2025-04-02T08:11:41.726+0000] {processor.py:925} INFO - DAG(s) 'example_dag_decorator' retrieved from /home/airflow/.local/lib/python3.12/site-packages/airflow/example_dags/example_dag_decorator.py
[2025-04-02T08:11:41.912+0000] {logging_mixin.py:190} INFO - [2025-04-02T08:11:41.911+0000] {dag.py:3239} INFO - Sync 1 DAGs
[2025-04-02T08:11:41.936+0000] {logging_mixin.py:190} INFO - [2025-04-02T08:11:41.936+0000] {dag.py:4180} INFO - Setting next_dagrun for example_dag_decorator to None, run_after=None
[2025-04-02T08:11:41.968+0000] {processor.py:208} INFO - Processing /home/airflow/.local/lib/python3.12/site-packages/airflow/example_dags/example_dag_decorator.py took 0.425 seconds
[2025-04-02T08:12:12.426+0000] {processor.py:186} INFO - Started process (PID=8548) to work on /home/airflow/.local/lib/python3.12/site-packages/airflow/example_dags/example_dag_decorator.py
[2025-04-02T08:12:12.429+0000] {processor.py:914} INFO - Processing file /home/airflow/.local/lib/python3.12/site-packages/airflow/example_dags/example_dag_decorator.py for tasks to queue
[2025-04-02T08:12:12.435+0000] {logging_mixin.py:190} INFO - [2025-04-02T08:12:12.434+0000] {dagbag.py:588} INFO - Filling up the DagBag from /home/airflow/.local/lib/python3.12/site-packages/airflow/example_dags/example_dag_decorator.py
[2025-04-02T08:12:12.661+0000] {processor.py:925} INFO - DAG(s) 'example_dag_decorator' retrieved from /home/airflow/.local/lib/python3.12/site-packages/airflow/example_dags/example_dag_decorator.py
[2025-04-02T08:12:12.915+0000] {logging_mixin.py:190} INFO - [2025-04-02T08:12:12.914+0000] {dag.py:3239} INFO - Sync 1 DAGs
[2025-04-02T08:12:12.942+0000] {logging_mixin.py:190} INFO - [2025-04-02T08:12:12.941+0000] {dag.py:4180} INFO - Setting next_dagrun for example_dag_decorator to None, run_after=None
[2025-04-02T08:12:12.979+0000] {processor.py:208} INFO - Processing /home/airflow/.local/lib/python3.12/site-packages/airflow/example_dags/example_dag_decorator.py took 0.570 seconds
[2025-04-02T08:12:43.487+0000] {processor.py:186} INFO - Started process (PID=8612) to work on /home/airflow/.local/lib/python3.12/site-packages/airflow/example_dags/example_dag_decorator.py
[2025-04-02T08:12:43.488+0000] {processor.py:914} INFO - Processing file /home/airflow/.local/lib/python3.12/site-packages/airflow/example_dags/example_dag_decorator.py for tasks to queue
[2025-04-02T08:12:43.492+0000] {logging_mixin.py:190} INFO - [2025-04-02T08:12:43.492+0000] {dagbag.py:588} INFO - Filling up the DagBag from /home/airflow/.local/lib/python3.12/site-packages/airflow/example_dags/example_dag_decorator.py
[2025-04-02T08:12:43.669+0000] {processor.py:925} INFO - DAG(s) 'example_dag_decorator' retrieved from /home/airflow/.local/lib/python3.12/site-packages/airflow/example_dags/example_dag_decorator.py
[2025-04-02T08:12:43.865+0000] {logging_mixin.py:190} INFO - [2025-04-02T08:12:43.865+0000] {dag.py:3239} INFO - Sync 1 DAGs
[2025-04-02T08:12:43.884+0000] {logging_mixin.py:190} INFO - [2025-04-02T08:12:43.884+0000] {dag.py:4180} INFO - Setting next_dagrun for example_dag_decorator to None, run_after=None
[2025-04-02T08:12:43.917+0000] {processor.py:208} INFO - Processing /home/airflow/.local/lib/python3.12/site-packages/airflow/example_dags/example_dag_decorator.py took 0.444 seconds
[2025-04-02T08:13:13.990+0000] {processor.py:186} INFO - Started process (PID=8676) to work on /home/airflow/.local/lib/python3.12/site-packages/airflow/example_dags/example_dag_decorator.py
[2025-04-02T08:13:13.992+0000] {processor.py:914} INFO - Processing file /home/airflow/.local/lib/python3.12/site-packages/airflow/example_dags/example_dag_decorator.py for tasks to queue
[2025-04-02T08:13:13.996+0000] {logging_mixin.py:190} INFO - [2025-04-02T08:13:13.995+0000] {dagbag.py:588} INFO - Filling up the DagBag from /home/airflow/.local/lib/python3.12/site-packages/airflow/example_dags/example_dag_decorator.py
[2025-04-02T08:13:14.166+0000] {processor.py:925} INFO - DAG(s) 'example_dag_decorator' retrieved from /home/airflow/.local/lib/python3.12/site-packages/airflow/example_dags/example_dag_decorator.py
[2025-04-02T08:13:14.204+0000] {logging_mixin.py:190} INFO - [2025-04-02T08:13:14.203+0000] {dag.py:3239} INFO - Sync 1 DAGs
[2025-04-02T08:13:14.228+0000] {logging_mixin.py:190} INFO - [2025-04-02T08:13:14.228+0000] {dag.py:4180} INFO - Setting next_dagrun for example_dag_decorator to None, run_after=None
[2025-04-02T08:13:14.257+0000] {processor.py:208} INFO - Processing /home/airflow/.local/lib/python3.12/site-packages/airflow/example_dags/example_dag_decorator.py took 0.279 seconds
[2025-04-02T08:13:44.982+0000] {processor.py:186} INFO - Started process (PID=8736) to work on /home/airflow/.local/lib/python3.12/site-packages/airflow/example_dags/example_dag_decorator.py
[2025-04-02T08:13:44.984+0000] {processor.py:914} INFO - Processing file /home/airflow/.local/lib/python3.12/site-packages/airflow/example_dags/example_dag_decorator.py for tasks to queue
[2025-04-02T08:13:44.990+0000] {logging_mixin.py:190} INFO - [2025-04-02T08:13:44.989+0000] {dagbag.py:588} INFO - Filling up the DagBag from /home/airflow/.local/lib/python3.12/site-packages/airflow/example_dags/example_dag_decorator.py
[2025-04-02T08:13:45.161+0000] {processor.py:925} INFO - DAG(s) 'example_dag_decorator' retrieved from /home/airflow/.local/lib/python3.12/site-packages/airflow/example_dags/example_dag_decorator.py
[2025-04-02T08:13:45.344+0000] {logging_mixin.py:190} INFO - [2025-04-02T08:13:45.343+0000] {dag.py:3239} INFO - Sync 1 DAGs
[2025-04-02T08:13:45.363+0000] {logging_mixin.py:190} INFO - [2025-04-02T08:13:45.363+0000] {dag.py:4180} INFO - Setting next_dagrun for example_dag_decorator to None, run_after=None
[2025-04-02T08:13:45.395+0000] {processor.py:208} INFO - Processing /home/airflow/.local/lib/python3.12/site-packages/airflow/example_dags/example_dag_decorator.py took 0.423 seconds
[2025-04-02T08:14:15.747+0000] {processor.py:186} INFO - Started process (PID=8802) to work on /home/airflow/.local/lib/python3.12/site-packages/airflow/example_dags/example_dag_decorator.py
[2025-04-02T08:14:15.749+0000] {processor.py:914} INFO - Processing file /home/airflow/.local/lib/python3.12/site-packages/airflow/example_dags/example_dag_decorator.py for tasks to queue
[2025-04-02T08:14:15.754+0000] {logging_mixin.py:190} INFO - [2025-04-02T08:14:15.753+0000] {dagbag.py:588} INFO - Filling up the DagBag from /home/airflow/.local/lib/python3.12/site-packages/airflow/example_dags/example_dag_decorator.py
[2025-04-02T08:14:15.917+0000] {processor.py:925} INFO - DAG(s) 'example_dag_decorator' retrieved from /home/airflow/.local/lib/python3.12/site-packages/airflow/example_dags/example_dag_decorator.py
[2025-04-02T08:14:16.104+0000] {logging_mixin.py:190} INFO - [2025-04-02T08:14:16.103+0000] {dag.py:3239} INFO - Sync 1 DAGs
[2025-04-02T08:14:16.127+0000] {logging_mixin.py:190} INFO - [2025-04-02T08:14:16.126+0000] {dag.py:4180} INFO - Setting next_dagrun for example_dag_decorator to None, run_after=None
[2025-04-02T08:14:16.160+0000] {processor.py:208} INFO - Processing /home/airflow/.local/lib/python3.12/site-packages/airflow/example_dags/example_dag_decorator.py took 0.425 seconds
[2025-04-02T08:14:46.235+0000] {processor.py:186} INFO - Started process (PID=8866) to work on /home/airflow/.local/lib/python3.12/site-packages/airflow/example_dags/example_dag_decorator.py
[2025-04-02T08:14:46.236+0000] {processor.py:914} INFO - Processing file /home/airflow/.local/lib/python3.12/site-packages/airflow/example_dags/example_dag_decorator.py for tasks to queue
[2025-04-02T08:14:46.241+0000] {logging_mixin.py:190} INFO - [2025-04-02T08:14:46.240+0000] {dagbag.py:588} INFO - Filling up the DagBag from /home/airflow/.local/lib/python3.12/site-packages/airflow/example_dags/example_dag_decorator.py
[2025-04-02T08:14:46.406+0000] {processor.py:925} INFO - DAG(s) 'example_dag_decorator' retrieved from /home/airflow/.local/lib/python3.12/site-packages/airflow/example_dags/example_dag_decorator.py
[2025-04-02T08:14:46.596+0000] {logging_mixin.py:190} INFO - [2025-04-02T08:14:46.595+0000] {dag.py:3239} INFO - Sync 1 DAGs
[2025-04-02T08:14:46.615+0000] {logging_mixin.py:190} INFO - [2025-04-02T08:14:46.615+0000] {dag.py:4180} INFO - Setting next_dagrun for example_dag_decorator to None, run_after=None
[2025-04-02T08:14:46.645+0000] {processor.py:208} INFO - Processing /home/airflow/.local/lib/python3.12/site-packages/airflow/example_dags/example_dag_decorator.py took 0.421 seconds
[2025-04-02T08:15:16.769+0000] {processor.py:186} INFO - Started process (PID=8930) to work on /home/airflow/.local/lib/python3.12/site-packages/airflow/example_dags/example_dag_decorator.py
[2025-04-02T08:15:16.772+0000] {processor.py:914} INFO - Processing file /home/airflow/.local/lib/python3.12/site-packages/airflow/example_dags/example_dag_decorator.py for tasks to queue
[2025-04-02T08:15:16.778+0000] {logging_mixin.py:190} INFO - [2025-04-02T08:15:16.777+0000] {dagbag.py:588} INFO - Filling up the DagBag from /home/airflow/.local/lib/python3.12/site-packages/airflow/example_dags/example_dag_decorator.py
[2025-04-02T08:15:16.947+0000] {processor.py:925} INFO - DAG(s) 'example_dag_decorator' retrieved from /home/airflow/.local/lib/python3.12/site-packages/airflow/example_dags/example_dag_decorator.py
[2025-04-02T08:15:17.129+0000] {logging_mixin.py:190} INFO - [2025-04-02T08:15:17.128+0000] {dag.py:3239} INFO - Sync 1 DAGs
[2025-04-02T08:15:17.148+0000] {logging_mixin.py:190} INFO - [2025-04-02T08:15:17.148+0000] {dag.py:4180} INFO - Setting next_dagrun for example_dag_decorator to None, run_after=None
[2025-04-02T08:15:17.176+0000] {processor.py:208} INFO - Processing /home/airflow/.local/lib/python3.12/site-packages/airflow/example_dags/example_dag_decorator.py took 0.420 seconds
[2025-04-02T08:15:47.296+0000] {processor.py:186} INFO - Started process (PID=8993) to work on /home/airflow/.local/lib/python3.12/site-packages/airflow/example_dags/example_dag_decorator.py
[2025-04-02T08:15:47.298+0000] {processor.py:914} INFO - Processing file /home/airflow/.local/lib/python3.12/site-packages/airflow/example_dags/example_dag_decorator.py for tasks to queue
[2025-04-02T08:15:47.303+0000] {logging_mixin.py:190} INFO - [2025-04-02T08:15:47.303+0000] {dagbag.py:588} INFO - Filling up the DagBag from /home/airflow/.local/lib/python3.12/site-packages/airflow/example_dags/example_dag_decorator.py
[2025-04-02T08:15:47.469+0000] {processor.py:925} INFO - DAG(s) 'example_dag_decorator' retrieved from /home/airflow/.local/lib/python3.12/site-packages/airflow/example_dags/example_dag_decorator.py
[2025-04-02T08:15:47.651+0000] {logging_mixin.py:190} INFO - [2025-04-02T08:15:47.650+0000] {dag.py:3239} INFO - Sync 1 DAGs
[2025-04-02T08:15:47.671+0000] {logging_mixin.py:190} INFO - [2025-04-02T08:15:47.671+0000] {dag.py:4180} INFO - Setting next_dagrun for example_dag_decorator to None, run_after=None
[2025-04-02T08:15:47.700+0000] {processor.py:208} INFO - Processing /home/airflow/.local/lib/python3.12/site-packages/airflow/example_dags/example_dag_decorator.py took 0.416 seconds
[2025-04-02T08:16:18.193+0000] {processor.py:186} INFO - Started process (PID=9057) to work on /home/airflow/.local/lib/python3.12/site-packages/airflow/example_dags/example_dag_decorator.py
[2025-04-02T08:16:18.195+0000] {processor.py:914} INFO - Processing file /home/airflow/.local/lib/python3.12/site-packages/airflow/example_dags/example_dag_decorator.py for tasks to queue
[2025-04-02T08:16:18.202+0000] {logging_mixin.py:190} INFO - [2025-04-02T08:16:18.201+0000] {dagbag.py:588} INFO - Filling up the DagBag from /home/airflow/.local/lib/python3.12/site-packages/airflow/example_dags/example_dag_decorator.py
[2025-04-02T08:16:18.431+0000] {processor.py:925} INFO - DAG(s) 'example_dag_decorator' retrieved from /home/airflow/.local/lib/python3.12/site-packages/airflow/example_dags/example_dag_decorator.py
[2025-04-02T08:16:18.670+0000] {logging_mixin.py:190} INFO - [2025-04-02T08:16:18.669+0000] {dag.py:3239} INFO - Sync 1 DAGs
[2025-04-02T08:16:18.701+0000] {logging_mixin.py:190} INFO - [2025-04-02T08:16:18.700+0000] {dag.py:4180} INFO - Setting next_dagrun for example_dag_decorator to None, run_after=None
[2025-04-02T08:16:18.742+0000] {processor.py:208} INFO - Processing /home/airflow/.local/lib/python3.12/site-packages/airflow/example_dags/example_dag_decorator.py took 0.564 seconds
[2025-04-02T08:16:49.374+0000] {processor.py:186} INFO - Started process (PID=9120) to work on /home/airflow/.local/lib/python3.12/site-packages/airflow/example_dags/example_dag_decorator.py
[2025-04-02T08:16:49.376+0000] {processor.py:914} INFO - Processing file /home/airflow/.local/lib/python3.12/site-packages/airflow/example_dags/example_dag_decorator.py for tasks to queue
[2025-04-02T08:16:49.382+0000] {logging_mixin.py:190} INFO - [2025-04-02T08:16:49.381+0000] {dagbag.py:588} INFO - Filling up the DagBag from /home/airflow/.local/lib/python3.12/site-packages/airflow/example_dags/example_dag_decorator.py
[2025-04-02T08:16:49.566+0000] {processor.py:925} INFO - DAG(s) 'example_dag_decorator' retrieved from /home/airflow/.local/lib/python3.12/site-packages/airflow/example_dags/example_dag_decorator.py
[2025-04-02T08:16:49.784+0000] {logging_mixin.py:190} INFO - [2025-04-02T08:16:49.783+0000] {dag.py:3239} INFO - Sync 1 DAGs
[2025-04-02T08:16:49.805+0000] {logging_mixin.py:190} INFO - [2025-04-02T08:16:49.804+0000] {dag.py:4180} INFO - Setting next_dagrun for example_dag_decorator to None, run_after=None
[2025-04-02T08:16:49.835+0000] {processor.py:208} INFO - Processing /home/airflow/.local/lib/python3.12/site-packages/airflow/example_dags/example_dag_decorator.py took 0.472 seconds
[2025-04-02T08:17:19.923+0000] {processor.py:186} INFO - Started process (PID=9186) to work on /home/airflow/.local/lib/python3.12/site-packages/airflow/example_dags/example_dag_decorator.py
[2025-04-02T08:17:19.925+0000] {processor.py:914} INFO - Processing file /home/airflow/.local/lib/python3.12/site-packages/airflow/example_dags/example_dag_decorator.py for tasks to queue
[2025-04-02T08:17:19.929+0000] {logging_mixin.py:190} INFO - [2025-04-02T08:17:19.929+0000] {dagbag.py:588} INFO - Filling up the DagBag from /home/airflow/.local/lib/python3.12/site-packages/airflow/example_dags/example_dag_decorator.py
[2025-04-02T08:17:20.096+0000] {processor.py:925} INFO - DAG(s) 'example_dag_decorator' retrieved from /home/airflow/.local/lib/python3.12/site-packages/airflow/example_dags/example_dag_decorator.py
[2025-04-02T08:17:20.276+0000] {logging_mixin.py:190} INFO - [2025-04-02T08:17:20.275+0000] {dag.py:3239} INFO - Sync 1 DAGs
[2025-04-02T08:17:20.295+0000] {logging_mixin.py:190} INFO - [2025-04-02T08:17:20.295+0000] {dag.py:4180} INFO - Setting next_dagrun for example_dag_decorator to None, run_after=None
[2025-04-02T08:17:20.329+0000] {processor.py:208} INFO - Processing /home/airflow/.local/lib/python3.12/site-packages/airflow/example_dags/example_dag_decorator.py took 0.417 seconds
[2025-04-02T08:17:50.529+0000] {processor.py:186} INFO - Started process (PID=9250) to work on /home/airflow/.local/lib/python3.12/site-packages/airflow/example_dags/example_dag_decorator.py
[2025-04-02T08:17:50.531+0000] {processor.py:914} INFO - Processing file /home/airflow/.local/lib/python3.12/site-packages/airflow/example_dags/example_dag_decorator.py for tasks to queue
[2025-04-02T08:17:50.536+0000] {logging_mixin.py:190} INFO - [2025-04-02T08:17:50.535+0000] {dagbag.py:588} INFO - Filling up the DagBag from /home/airflow/.local/lib/python3.12/site-packages/airflow/example_dags/example_dag_decorator.py
[2025-04-02T08:17:50.699+0000] {processor.py:925} INFO - DAG(s) 'example_dag_decorator' retrieved from /home/airflow/.local/lib/python3.12/site-packages/airflow/example_dags/example_dag_decorator.py
[2025-04-02T08:17:50.888+0000] {logging_mixin.py:190} INFO - [2025-04-02T08:17:50.887+0000] {dag.py:3239} INFO - Sync 1 DAGs
[2025-04-02T08:17:50.906+0000] {logging_mixin.py:190} INFO - [2025-04-02T08:17:50.906+0000] {dag.py:4180} INFO - Setting next_dagrun for example_dag_decorator to None, run_after=None
[2025-04-02T08:17:50.934+0000] {processor.py:208} INFO - Processing /home/airflow/.local/lib/python3.12/site-packages/airflow/example_dags/example_dag_decorator.py took 0.416 seconds
[2025-04-02T08:18:21.048+0000] {processor.py:186} INFO - Started process (PID=9314) to work on /home/airflow/.local/lib/python3.12/site-packages/airflow/example_dags/example_dag_decorator.py
[2025-04-02T08:18:21.050+0000] {processor.py:914} INFO - Processing file /home/airflow/.local/lib/python3.12/site-packages/airflow/example_dags/example_dag_decorator.py for tasks to queue
[2025-04-02T08:18:21.054+0000] {logging_mixin.py:190} INFO - [2025-04-02T08:18:21.053+0000] {dagbag.py:588} INFO - Filling up the DagBag from /home/airflow/.local/lib/python3.12/site-packages/airflow/example_dags/example_dag_decorator.py
[2025-04-02T08:18:21.239+0000] {processor.py:925} INFO - DAG(s) 'example_dag_decorator' retrieved from /home/airflow/.local/lib/python3.12/site-packages/airflow/example_dags/example_dag_decorator.py
[2025-04-02T08:18:21.425+0000] {logging_mixin.py:190} INFO - [2025-04-02T08:18:21.424+0000] {dag.py:3239} INFO - Sync 1 DAGs
[2025-04-02T08:18:21.444+0000] {logging_mixin.py:190} INFO - [2025-04-02T08:18:21.444+0000] {dag.py:4180} INFO - Setting next_dagrun for example_dag_decorator to None, run_after=None
[2025-04-02T08:18:21.474+0000] {processor.py:208} INFO - Processing /home/airflow/.local/lib/python3.12/site-packages/airflow/example_dags/example_dag_decorator.py took 0.437 seconds
[2025-04-02T08:18:51.591+0000] {processor.py:186} INFO - Started process (PID=9378) to work on /home/airflow/.local/lib/python3.12/site-packages/airflow/example_dags/example_dag_decorator.py
[2025-04-02T08:18:51.593+0000] {processor.py:914} INFO - Processing file /home/airflow/.local/lib/python3.12/site-packages/airflow/example_dags/example_dag_decorator.py for tasks to queue
[2025-04-02T08:18:51.598+0000] {logging_mixin.py:190} INFO - [2025-04-02T08:18:51.597+0000] {dagbag.py:588} INFO - Filling up the DagBag from /home/airflow/.local/lib/python3.12/site-packages/airflow/example_dags/example_dag_decorator.py
[2025-04-02T08:18:51.764+0000] {processor.py:925} INFO - DAG(s) 'example_dag_decorator' retrieved from /home/airflow/.local/lib/python3.12/site-packages/airflow/example_dags/example_dag_decorator.py
[2025-04-02T08:18:51.941+0000] {logging_mixin.py:190} INFO - [2025-04-02T08:18:51.940+0000] {dag.py:3239} INFO - Sync 1 DAGs
[2025-04-02T08:18:51.960+0000] {logging_mixin.py:190} INFO - [2025-04-02T08:18:51.959+0000] {dag.py:4180} INFO - Setting next_dagrun for example_dag_decorator to None, run_after=None
[2025-04-02T08:18:51.989+0000] {processor.py:208} INFO - Processing /home/airflow/.local/lib/python3.12/site-packages/airflow/example_dags/example_dag_decorator.py took 0.411 seconds
[2025-04-02T08:19:22.064+0000] {processor.py:186} INFO - Started process (PID=9442) to work on /home/airflow/.local/lib/python3.12/site-packages/airflow/example_dags/example_dag_decorator.py
[2025-04-02T08:19:22.066+0000] {processor.py:914} INFO - Processing file /home/airflow/.local/lib/python3.12/site-packages/airflow/example_dags/example_dag_decorator.py for tasks to queue
[2025-04-02T08:19:22.071+0000] {logging_mixin.py:190} INFO - [2025-04-02T08:19:22.070+0000] {dagbag.py:588} INFO - Filling up the DagBag from /home/airflow/.local/lib/python3.12/site-packages/airflow/example_dags/example_dag_decorator.py
[2025-04-02T08:19:22.231+0000] {processor.py:925} INFO - DAG(s) 'example_dag_decorator' retrieved from /home/airflow/.local/lib/python3.12/site-packages/airflow/example_dags/example_dag_decorator.py
[2025-04-02T08:19:22.409+0000] {logging_mixin.py:190} INFO - [2025-04-02T08:19:22.408+0000] {dag.py:3239} INFO - Sync 1 DAGs
[2025-04-02T08:19:22.429+0000] {logging_mixin.py:190} INFO - [2025-04-02T08:19:22.428+0000] {dag.py:4180} INFO - Setting next_dagrun for example_dag_decorator to None, run_after=None
[2025-04-02T08:19:22.456+0000] {processor.py:208} INFO - Processing /home/airflow/.local/lib/python3.12/site-packages/airflow/example_dags/example_dag_decorator.py took 0.405 seconds
[2025-04-02T08:19:52.586+0000] {processor.py:186} INFO - Started process (PID=9506) to work on /home/airflow/.local/lib/python3.12/site-packages/airflow/example_dags/example_dag_decorator.py
[2025-04-02T08:19:52.588+0000] {processor.py:914} INFO - Processing file /home/airflow/.local/lib/python3.12/site-packages/airflow/example_dags/example_dag_decorator.py for tasks to queue
[2025-04-02T08:19:52.592+0000] {logging_mixin.py:190} INFO - [2025-04-02T08:19:52.592+0000] {dagbag.py:588} INFO - Filling up the DagBag from /home/airflow/.local/lib/python3.12/site-packages/airflow/example_dags/example_dag_decorator.py
[2025-04-02T08:19:52.757+0000] {processor.py:925} INFO - DAG(s) 'example_dag_decorator' retrieved from /home/airflow/.local/lib/python3.12/site-packages/airflow/example_dags/example_dag_decorator.py
[2025-04-02T08:19:52.939+0000] {logging_mixin.py:190} INFO - [2025-04-02T08:19:52.938+0000] {dag.py:3239} INFO - Sync 1 DAGs
[2025-04-02T08:19:52.959+0000] {logging_mixin.py:190} INFO - [2025-04-02T08:19:52.958+0000] {dag.py:4180} INFO - Setting next_dagrun for example_dag_decorator to None, run_after=None
[2025-04-02T08:19:52.990+0000] {processor.py:208} INFO - Processing /home/airflow/.local/lib/python3.12/site-packages/airflow/example_dags/example_dag_decorator.py took 0.416 seconds
[2025-04-02T08:20:23.970+0000] {processor.py:186} INFO - Started process (PID=9571) to work on /home/airflow/.local/lib/python3.12/site-packages/airflow/example_dags/example_dag_decorator.py
[2025-04-02T08:20:23.972+0000] {processor.py:914} INFO - Processing file /home/airflow/.local/lib/python3.12/site-packages/airflow/example_dags/example_dag_decorator.py for tasks to queue
[2025-04-02T08:20:23.977+0000] {logging_mixin.py:190} INFO - [2025-04-02T08:20:23.977+0000] {dagbag.py:588} INFO - Filling up the DagBag from /home/airflow/.local/lib/python3.12/site-packages/airflow/example_dags/example_dag_decorator.py
[2025-04-02T08:20:24.225+0000] {processor.py:925} INFO - DAG(s) 'example_dag_decorator' retrieved from /home/airflow/.local/lib/python3.12/site-packages/airflow/example_dags/example_dag_decorator.py
[2025-04-02T08:20:24.498+0000] {logging_mixin.py:190} INFO - [2025-04-02T08:20:24.497+0000] {dag.py:3239} INFO - Sync 1 DAGs
[2025-04-02T08:20:24.528+0000] {logging_mixin.py:190} INFO - [2025-04-02T08:20:24.527+0000] {dag.py:4180} INFO - Setting next_dagrun for example_dag_decorator to None, run_after=None
[2025-04-02T08:20:24.558+0000] {processor.py:208} INFO - Processing /home/airflow/.local/lib/python3.12/site-packages/airflow/example_dags/example_dag_decorator.py took 0.603 seconds
[2025-04-02T08:20:56.170+0000] {processor.py:186} INFO - Started process (PID=9635) to work on /home/airflow/.local/lib/python3.12/site-packages/airflow/example_dags/example_dag_decorator.py
[2025-04-02T08:20:56.175+0000] {processor.py:914} INFO - Processing file /home/airflow/.local/lib/python3.12/site-packages/airflow/example_dags/example_dag_decorator.py for tasks to queue
[2025-04-02T08:20:56.187+0000] {logging_mixin.py:190} INFO - [2025-04-02T08:20:56.186+0000] {dagbag.py:588} INFO - Filling up the DagBag from /home/airflow/.local/lib/python3.12/site-packages/airflow/example_dags/example_dag_decorator.py
[2025-04-02T08:20:56.672+0000] {processor.py:925} INFO - DAG(s) 'example_dag_decorator' retrieved from /home/airflow/.local/lib/python3.12/site-packages/airflow/example_dags/example_dag_decorator.py
[2025-04-02T08:20:57.248+0000] {logging_mixin.py:190} INFO - [2025-04-02T08:20:57.247+0000] {dag.py:3239} INFO - Sync 1 DAGs
[2025-04-02T08:20:57.337+0000] {logging_mixin.py:190} INFO - [2025-04-02T08:20:57.337+0000] {dag.py:4180} INFO - Setting next_dagrun for example_dag_decorator to None, run_after=None
[2025-04-02T08:20:57.439+0000] {processor.py:208} INFO - Processing /home/airflow/.local/lib/python3.12/site-packages/airflow/example_dags/example_dag_decorator.py took 1.290 seconds
[2025-04-02T08:21:27.580+0000] {processor.py:186} INFO - Started process (PID=9701) to work on /home/airflow/.local/lib/python3.12/site-packages/airflow/example_dags/example_dag_decorator.py
[2025-04-02T08:21:27.582+0000] {processor.py:914} INFO - Processing file /home/airflow/.local/lib/python3.12/site-packages/airflow/example_dags/example_dag_decorator.py for tasks to queue
[2025-04-02T08:21:27.587+0000] {logging_mixin.py:190} INFO - [2025-04-02T08:21:27.586+0000] {dagbag.py:588} INFO - Filling up the DagBag from /home/airflow/.local/lib/python3.12/site-packages/airflow/example_dags/example_dag_decorator.py
[2025-04-02T08:21:27.751+0000] {processor.py:925} INFO - DAG(s) 'example_dag_decorator' retrieved from /home/airflow/.local/lib/python3.12/site-packages/airflow/example_dags/example_dag_decorator.py
[2025-04-02T08:21:27.931+0000] {logging_mixin.py:190} INFO - [2025-04-02T08:21:27.930+0000] {dag.py:3239} INFO - Sync 1 DAGs
[2025-04-02T08:21:27.950+0000] {logging_mixin.py:190} INFO - [2025-04-02T08:21:27.950+0000] {dag.py:4180} INFO - Setting next_dagrun for example_dag_decorator to None, run_after=None
[2025-04-02T08:21:27.978+0000] {processor.py:208} INFO - Processing /home/airflow/.local/lib/python3.12/site-packages/airflow/example_dags/example_dag_decorator.py took 0.409 seconds
[2025-04-02T08:21:58.108+0000] {processor.py:186} INFO - Started process (PID=9763) to work on /home/airflow/.local/lib/python3.12/site-packages/airflow/example_dags/example_dag_decorator.py
[2025-04-02T08:21:58.110+0000] {processor.py:914} INFO - Processing file /home/airflow/.local/lib/python3.12/site-packages/airflow/example_dags/example_dag_decorator.py for tasks to queue
[2025-04-02T08:21:58.114+0000] {logging_mixin.py:190} INFO - [2025-04-02T08:21:58.113+0000] {dagbag.py:588} INFO - Filling up the DagBag from /home/airflow/.local/lib/python3.12/site-packages/airflow/example_dags/example_dag_decorator.py
[2025-04-02T08:21:58.288+0000] {processor.py:925} INFO - DAG(s) 'example_dag_decorator' retrieved from /home/airflow/.local/lib/python3.12/site-packages/airflow/example_dags/example_dag_decorator.py
[2025-04-02T08:21:58.481+0000] {logging_mixin.py:190} INFO - [2025-04-02T08:21:58.480+0000] {dag.py:3239} INFO - Sync 1 DAGs
[2025-04-02T08:21:58.500+0000] {logging_mixin.py:190} INFO - [2025-04-02T08:21:58.500+0000] {dag.py:4180} INFO - Setting next_dagrun for example_dag_decorator to None, run_after=None
[2025-04-02T08:21:58.531+0000] {processor.py:208} INFO - Processing /home/airflow/.local/lib/python3.12/site-packages/airflow/example_dags/example_dag_decorator.py took 0.435 seconds
[2025-04-02T08:22:29.172+0000] {processor.py:186} INFO - Started process (PID=9827) to work on /home/airflow/.local/lib/python3.12/site-packages/airflow/example_dags/example_dag_decorator.py
[2025-04-02T08:22:29.174+0000] {processor.py:914} INFO - Processing file /home/airflow/.local/lib/python3.12/site-packages/airflow/example_dags/example_dag_decorator.py for tasks to queue
[2025-04-02T08:22:29.177+0000] {logging_mixin.py:190} INFO - [2025-04-02T08:22:29.177+0000] {dagbag.py:588} INFO - Filling up the DagBag from /home/airflow/.local/lib/python3.12/site-packages/airflow/example_dags/example_dag_decorator.py
[2025-04-02T08:22:29.348+0000] {processor.py:925} INFO - DAG(s) 'example_dag_decorator' retrieved from /home/airflow/.local/lib/python3.12/site-packages/airflow/example_dags/example_dag_decorator.py
[2025-04-02T08:22:29.548+0000] {logging_mixin.py:190} INFO - [2025-04-02T08:22:29.547+0000] {dag.py:3239} INFO - Sync 1 DAGs
[2025-04-02T08:22:29.568+0000] {logging_mixin.py:190} INFO - [2025-04-02T08:22:29.567+0000] {dag.py:4180} INFO - Setting next_dagrun for example_dag_decorator to None, run_after=None
[2025-04-02T08:22:29.599+0000] {processor.py:208} INFO - Processing /home/airflow/.local/lib/python3.12/site-packages/airflow/example_dags/example_dag_decorator.py took 0.439 seconds
[2025-04-02T08:22:59.660+0000] {processor.py:186} INFO - Started process (PID=9891) to work on /home/airflow/.local/lib/python3.12/site-packages/airflow/example_dags/example_dag_decorator.py
[2025-04-02T08:22:59.662+0000] {processor.py:914} INFO - Processing file /home/airflow/.local/lib/python3.12/site-packages/airflow/example_dags/example_dag_decorator.py for tasks to queue
[2025-04-02T08:22:59.666+0000] {logging_mixin.py:190} INFO - [2025-04-02T08:22:59.666+0000] {dagbag.py:588} INFO - Filling up the DagBag from /home/airflow/.local/lib/python3.12/site-packages/airflow/example_dags/example_dag_decorator.py
[2025-04-02T08:22:59.838+0000] {processor.py:925} INFO - DAG(s) 'example_dag_decorator' retrieved from /home/airflow/.local/lib/python3.12/site-packages/airflow/example_dags/example_dag_decorator.py
[2025-04-02T08:23:00.048+0000] {logging_mixin.py:190} INFO - [2025-04-02T08:23:00.047+0000] {dag.py:3239} INFO - Sync 1 DAGs
[2025-04-02T08:23:00.068+0000] {logging_mixin.py:190} INFO - [2025-04-02T08:23:00.068+0000] {dag.py:4180} INFO - Setting next_dagrun for example_dag_decorator to None, run_after=None
[2025-04-02T08:23:00.102+0000] {processor.py:208} INFO - Processing /home/airflow/.local/lib/python3.12/site-packages/airflow/example_dags/example_dag_decorator.py took 0.454 seconds
[2025-04-02T08:23:30.555+0000] {processor.py:186} INFO - Started process (PID=9955) to work on /home/airflow/.local/lib/python3.12/site-packages/airflow/example_dags/example_dag_decorator.py
[2025-04-02T08:23:30.557+0000] {processor.py:914} INFO - Processing file /home/airflow/.local/lib/python3.12/site-packages/airflow/example_dags/example_dag_decorator.py for tasks to queue
[2025-04-02T08:23:30.561+0000] {logging_mixin.py:190} INFO - [2025-04-02T08:23:30.561+0000] {dagbag.py:588} INFO - Filling up the DagBag from /home/airflow/.local/lib/python3.12/site-packages/airflow/example_dags/example_dag_decorator.py
[2025-04-02T08:23:30.757+0000] {processor.py:925} INFO - DAG(s) 'example_dag_decorator' retrieved from /home/airflow/.local/lib/python3.12/site-packages/airflow/example_dags/example_dag_decorator.py
[2025-04-02T08:23:30.960+0000] {logging_mixin.py:190} INFO - [2025-04-02T08:23:30.959+0000] {dag.py:3239} INFO - Sync 1 DAGs
[2025-04-02T08:23:30.983+0000] {logging_mixin.py:190} INFO - [2025-04-02T08:23:30.983+0000] {dag.py:4180} INFO - Setting next_dagrun for example_dag_decorator to None, run_after=None
[2025-04-02T08:23:31.014+0000] {processor.py:208} INFO - Processing /home/airflow/.local/lib/python3.12/site-packages/airflow/example_dags/example_dag_decorator.py took 0.471 seconds
