[2025-04-02T07:56:22.756+0000] {processor.py:186} INFO - Started process (PID=6379) to work on /home/airflow/.local/lib/python3.12/site-packages/airflow/example_dags/example_latest_only.py
[2025-04-02T07:56:22.761+0000] {processor.py:914} INFO - Processing file /home/airflow/.local/lib/python3.12/site-packages/airflow/example_dags/example_latest_only.py for tasks to queue
[2025-04-02T07:56:22.770+0000] {logging_mixin.py:190} INFO - [2025-04-02T07:56:22.769+0000] {dagbag.py:588} INFO - Filling up the DagBag from /home/airflow/.local/lib/python3.12/site-packages/airflow/example_dags/example_latest_only.py
[2025-04-02T07:56:22.802+0000] {processor.py:925} INFO - DAG(s) 'latest_only' retrieved from /home/airflow/.local/lib/python3.12/site-packages/airflow/example_dags/example_latest_only.py
[2025-04-02T07:56:22.859+0000] {logging_mixin.py:190} INFO - [2025-04-02T07:56:22.858+0000] {dag.py:3239} INFO - Sync 1 DAGs
[2025-04-02T07:56:22.919+0000] {logging_mixin.py:190} INFO - [2025-04-02T07:56:22.918+0000] {dag.py:4180} INFO - Setting next_dagrun for latest_only to 2025-04-02 00:00:00+00:00, run_after=2025-04-02 04:00:00+00:00
[2025-04-02T07:56:22.976+0000] {processor.py:208} INFO - Processing /home/airflow/.local/lib/python3.12/site-packages/airflow/example_dags/example_latest_only.py took 0.262 seconds
[2025-04-02T07:56:53.373+0000] {processor.py:186} INFO - Started process (PID=6444) to work on /home/airflow/.local/lib/python3.12/site-packages/airflow/example_dags/example_latest_only.py
[2025-04-02T07:56:53.377+0000] {processor.py:914} INFO - Processing file /home/airflow/.local/lib/python3.12/site-packages/airflow/example_dags/example_latest_only.py for tasks to queue
[2025-04-02T07:56:53.389+0000] {logging_mixin.py:190} INFO - [2025-04-02T07:56:53.388+0000] {dagbag.py:588} INFO - Filling up the DagBag from /home/airflow/.local/lib/python3.12/site-packages/airflow/example_dags/example_latest_only.py
[2025-04-02T07:56:53.420+0000] {processor.py:925} INFO - DAG(s) 'latest_only' retrieved from /home/airflow/.local/lib/python3.12/site-packages/airflow/example_dags/example_latest_only.py
[2025-04-02T07:56:53.527+0000] {logging_mixin.py:190} INFO - [2025-04-02T07:56:53.526+0000] {dag.py:3239} INFO - Sync 1 DAGs
[2025-04-02T07:56:53.649+0000] {logging_mixin.py:190} INFO - [2025-04-02T07:56:53.648+0000] {dag.py:4180} INFO - Setting next_dagrun for latest_only to 2025-04-02 00:00:00+00:00, run_after=2025-04-02 04:00:00+00:00
[2025-04-02T07:56:53.721+0000] {processor.py:208} INFO - Processing /home/airflow/.local/lib/python3.12/site-packages/airflow/example_dags/example_latest_only.py took 0.377 seconds
[2025-04-02T07:57:24.082+0000] {processor.py:186} INFO - Started process (PID=6510) to work on /home/airflow/.local/lib/python3.12/site-packages/airflow/example_dags/example_latest_only.py
[2025-04-02T07:57:24.085+0000] {processor.py:914} INFO - Processing file /home/airflow/.local/lib/python3.12/site-packages/airflow/example_dags/example_latest_only.py for tasks to queue
[2025-04-02T07:57:24.097+0000] {logging_mixin.py:190} INFO - [2025-04-02T07:57:24.096+0000] {dagbag.py:588} INFO - Filling up the DagBag from /home/airflow/.local/lib/python3.12/site-packages/airflow/example_dags/example_latest_only.py
[2025-04-02T07:57:24.128+0000] {processor.py:925} INFO - DAG(s) 'latest_only' retrieved from /home/airflow/.local/lib/python3.12/site-packages/airflow/example_dags/example_latest_only.py
[2025-04-02T07:57:24.258+0000] {logging_mixin.py:190} INFO - [2025-04-02T07:57:24.257+0000] {dag.py:3239} INFO - Sync 1 DAGs
[2025-04-02T07:57:24.381+0000] {logging_mixin.py:190} INFO - [2025-04-02T07:57:24.380+0000] {dag.py:4180} INFO - Setting next_dagrun for latest_only to 2025-04-02 00:00:00+00:00, run_after=2025-04-02 04:00:00+00:00
[2025-04-02T07:57:24.428+0000] {processor.py:208} INFO - Processing /home/airflow/.local/lib/python3.12/site-packages/airflow/example_dags/example_latest_only.py took 0.368 seconds
[2025-04-02T07:57:55.665+0000] {processor.py:186} INFO - Started process (PID=6595) to work on /home/airflow/.local/lib/python3.12/site-packages/airflow/example_dags/example_latest_only.py
[2025-04-02T07:57:55.669+0000] {processor.py:914} INFO - Processing file /home/airflow/.local/lib/python3.12/site-packages/airflow/example_dags/example_latest_only.py for tasks to queue
[2025-04-02T07:57:55.675+0000] {logging_mixin.py:190} INFO - [2025-04-02T07:57:55.674+0000] {dagbag.py:588} INFO - Filling up the DagBag from /home/airflow/.local/lib/python3.12/site-packages/airflow/example_dags/example_latest_only.py
[2025-04-02T07:57:55.694+0000] {processor.py:925} INFO - DAG(s) 'latest_only' retrieved from /home/airflow/.local/lib/python3.12/site-packages/airflow/example_dags/example_latest_only.py
[2025-04-02T07:57:55.753+0000] {logging_mixin.py:190} INFO - [2025-04-02T07:57:55.752+0000] {dag.py:3239} INFO - Sync 1 DAGs
[2025-04-02T07:57:55.818+0000] {logging_mixin.py:190} INFO - [2025-04-02T07:57:55.817+0000] {dag.py:4180} INFO - Setting next_dagrun for latest_only to 2025-04-02 00:00:00+00:00, run_after=2025-04-02 04:00:00+00:00
[2025-04-02T07:57:55.867+0000] {processor.py:208} INFO - Processing /home/airflow/.local/lib/python3.12/site-packages/airflow/example_dags/example_latest_only.py took 0.226 seconds
[2025-04-02T07:58:26.396+0000] {processor.py:186} INFO - Started process (PID=6658) to work on /home/airflow/.local/lib/python3.12/site-packages/airflow/example_dags/example_latest_only.py
[2025-04-02T07:58:26.398+0000] {processor.py:914} INFO - Processing file /home/airflow/.local/lib/python3.12/site-packages/airflow/example_dags/example_latest_only.py for tasks to queue
[2025-04-02T07:58:26.404+0000] {logging_mixin.py:190} INFO - [2025-04-02T07:58:26.404+0000] {dagbag.py:588} INFO - Filling up the DagBag from /home/airflow/.local/lib/python3.12/site-packages/airflow/example_dags/example_latest_only.py
[2025-04-02T07:58:26.424+0000] {processor.py:925} INFO - DAG(s) 'latest_only' retrieved from /home/airflow/.local/lib/python3.12/site-packages/airflow/example_dags/example_latest_only.py
[2025-04-02T07:58:26.489+0000] {logging_mixin.py:190} INFO - [2025-04-02T07:58:26.488+0000] {dag.py:3239} INFO - Sync 1 DAGs
[2025-04-02T07:58:26.557+0000] {logging_mixin.py:190} INFO - [2025-04-02T07:58:26.557+0000] {dag.py:4180} INFO - Setting next_dagrun for latest_only to 2025-04-02 00:00:00+00:00, run_after=2025-04-02 04:00:00+00:00
[2025-04-02T07:58:26.608+0000] {processor.py:208} INFO - Processing /home/airflow/.local/lib/python3.12/site-packages/airflow/example_dags/example_latest_only.py took 0.236 seconds
[2025-04-02T07:58:57.203+0000] {processor.py:186} INFO - Started process (PID=6736) to work on /home/airflow/.local/lib/python3.12/site-packages/airflow/example_dags/example_latest_only.py
[2025-04-02T07:58:57.205+0000] {processor.py:914} INFO - Processing file /home/airflow/.local/lib/python3.12/site-packages/airflow/example_dags/example_latest_only.py for tasks to queue
[2025-04-02T07:58:57.210+0000] {logging_mixin.py:190} INFO - [2025-04-02T07:58:57.209+0000] {dagbag.py:588} INFO - Filling up the DagBag from /home/airflow/.local/lib/python3.12/site-packages/airflow/example_dags/example_latest_only.py
[2025-04-02T07:58:57.236+0000] {processor.py:925} INFO - DAG(s) 'latest_only' retrieved from /home/airflow/.local/lib/python3.12/site-packages/airflow/example_dags/example_latest_only.py
[2025-04-02T07:58:57.301+0000] {logging_mixin.py:190} INFO - [2025-04-02T07:58:57.300+0000] {dag.py:3239} INFO - Sync 1 DAGs
[2025-04-02T07:58:57.371+0000] {logging_mixin.py:190} INFO - [2025-04-02T07:58:57.371+0000] {dag.py:4180} INFO - Setting next_dagrun for latest_only to 2025-04-02 00:00:00+00:00, run_after=2025-04-02 04:00:00+00:00
[2025-04-02T07:58:57.420+0000] {processor.py:208} INFO - Processing /home/airflow/.local/lib/python3.12/site-packages/airflow/example_dags/example_latest_only.py took 0.237 seconds
[2025-04-02T07:59:28.369+0000] {processor.py:186} INFO - Started process (PID=6800) to work on /home/airflow/.local/lib/python3.12/site-packages/airflow/example_dags/example_latest_only.py
[2025-04-02T07:59:28.372+0000] {processor.py:914} INFO - Processing file /home/airflow/.local/lib/python3.12/site-packages/airflow/example_dags/example_latest_only.py for tasks to queue
[2025-04-02T07:59:28.384+0000] {logging_mixin.py:190} INFO - [2025-04-02T07:59:28.383+0000] {dagbag.py:588} INFO - Filling up the DagBag from /home/airflow/.local/lib/python3.12/site-packages/airflow/example_dags/example_latest_only.py
[2025-04-02T07:59:28.417+0000] {processor.py:925} INFO - DAG(s) 'latest_only' retrieved from /home/airflow/.local/lib/python3.12/site-packages/airflow/example_dags/example_latest_only.py
[2025-04-02T07:59:28.500+0000] {logging_mixin.py:190} INFO - [2025-04-02T07:59:28.499+0000] {dag.py:3239} INFO - Sync 1 DAGs
[2025-04-02T07:59:28.584+0000] {logging_mixin.py:190} INFO - [2025-04-02T07:59:28.581+0000] {dag.py:4180} INFO - Setting next_dagrun for latest_only to 2025-04-02 00:00:00+00:00, run_after=2025-04-02 04:00:00+00:00
[2025-04-02T07:59:28.650+0000] {processor.py:208} INFO - Processing /home/airflow/.local/lib/python3.12/site-packages/airflow/example_dags/example_latest_only.py took 0.296 seconds
[2025-04-02T07:59:58.788+0000] {processor.py:186} INFO - Started process (PID=6884) to work on /home/airflow/.local/lib/python3.12/site-packages/airflow/example_dags/example_latest_only.py
[2025-04-02T07:59:58.792+0000] {processor.py:914} INFO - Processing file /home/airflow/.local/lib/python3.12/site-packages/airflow/example_dags/example_latest_only.py for tasks to queue
[2025-04-02T07:59:58.798+0000] {logging_mixin.py:190} INFO - [2025-04-02T07:59:58.798+0000] {dagbag.py:588} INFO - Filling up the DagBag from /home/airflow/.local/lib/python3.12/site-packages/airflow/example_dags/example_latest_only.py
[2025-04-02T07:59:58.820+0000] {processor.py:925} INFO - DAG(s) 'latest_only' retrieved from /home/airflow/.local/lib/python3.12/site-packages/airflow/example_dags/example_latest_only.py
[2025-04-02T07:59:58.897+0000] {logging_mixin.py:190} INFO - [2025-04-02T07:59:58.896+0000] {dag.py:3239} INFO - Sync 1 DAGs
[2025-04-02T07:59:58.969+0000] {logging_mixin.py:190} INFO - [2025-04-02T07:59:58.969+0000] {dag.py:4180} INFO - Setting next_dagrun for latest_only to 2025-04-02 00:00:00+00:00, run_after=2025-04-02 04:00:00+00:00
[2025-04-02T07:59:59.026+0000] {processor.py:208} INFO - Processing /home/airflow/.local/lib/python3.12/site-packages/airflow/example_dags/example_latest_only.py took 0.254 seconds
[2025-04-02T08:00:30.448+0000] {processor.py:186} INFO - Started process (PID=6952) to work on /home/airflow/.local/lib/python3.12/site-packages/airflow/example_dags/example_latest_only.py
[2025-04-02T08:00:30.452+0000] {processor.py:914} INFO - Processing file /home/airflow/.local/lib/python3.12/site-packages/airflow/example_dags/example_latest_only.py for tasks to queue
[2025-04-02T08:00:30.461+0000] {logging_mixin.py:190} INFO - [2025-04-02T08:00:30.458+0000] {dagbag.py:588} INFO - Filling up the DagBag from /home/airflow/.local/lib/python3.12/site-packages/airflow/example_dags/example_latest_only.py
[2025-04-02T08:00:30.483+0000] {processor.py:925} INFO - DAG(s) 'latest_only' retrieved from /home/airflow/.local/lib/python3.12/site-packages/airflow/example_dags/example_latest_only.py
[2025-04-02T08:00:30.549+0000] {logging_mixin.py:190} INFO - [2025-04-02T08:00:30.548+0000] {dag.py:3239} INFO - Sync 1 DAGs
[2025-04-02T08:00:30.627+0000] {logging_mixin.py:190} INFO - [2025-04-02T08:00:30.626+0000] {dag.py:4180} INFO - Setting next_dagrun for latest_only to 2025-04-02 04:00:00+00:00, run_after=2025-04-02 08:00:00+00:00
[2025-04-02T08:00:30.678+0000] {processor.py:208} INFO - Processing /home/airflow/.local/lib/python3.12/site-packages/airflow/example_dags/example_latest_only.py took 0.247 seconds
[2025-04-02T08:01:01.231+0000] {processor.py:186} INFO - Started process (PID=7024) to work on /home/airflow/.local/lib/python3.12/site-packages/airflow/example_dags/example_latest_only.py
[2025-04-02T08:01:01.233+0000] {processor.py:914} INFO - Processing file /home/airflow/.local/lib/python3.12/site-packages/airflow/example_dags/example_latest_only.py for tasks to queue
[2025-04-02T08:01:01.241+0000] {logging_mixin.py:190} INFO - [2025-04-02T08:01:01.240+0000] {dagbag.py:588} INFO - Filling up the DagBag from /home/airflow/.local/lib/python3.12/site-packages/airflow/example_dags/example_latest_only.py
[2025-04-02T08:01:01.265+0000] {processor.py:925} INFO - DAG(s) 'latest_only' retrieved from /home/airflow/.local/lib/python3.12/site-packages/airflow/example_dags/example_latest_only.py
[2025-04-02T08:01:01.337+0000] {logging_mixin.py:190} INFO - [2025-04-02T08:01:01.336+0000] {dag.py:3239} INFO - Sync 1 DAGs
[2025-04-02T08:01:01.401+0000] {logging_mixin.py:190} INFO - [2025-04-02T08:01:01.401+0000] {dag.py:4180} INFO - Setting next_dagrun for latest_only to 2025-04-02 04:00:00+00:00, run_after=2025-04-02 08:00:00+00:00
[2025-04-02T08:01:01.443+0000] {processor.py:208} INFO - Processing /home/airflow/.local/lib/python3.12/site-packages/airflow/example_dags/example_latest_only.py took 0.230 seconds
[2025-04-02T08:01:33.360+0000] {processor.py:186} INFO - Started process (PID=7109) to work on /home/airflow/.local/lib/python3.12/site-packages/airflow/example_dags/example_latest_only.py
[2025-04-02T08:01:33.366+0000] {processor.py:914} INFO - Processing file /home/airflow/.local/lib/python3.12/site-packages/airflow/example_dags/example_latest_only.py for tasks to queue
[2025-04-02T08:01:33.374+0000] {logging_mixin.py:190} INFO - [2025-04-02T08:01:33.372+0000] {dagbag.py:588} INFO - Filling up the DagBag from /home/airflow/.local/lib/python3.12/site-packages/airflow/example_dags/example_latest_only.py
[2025-04-02T08:01:33.393+0000] {processor.py:925} INFO - DAG(s) 'latest_only' retrieved from /home/airflow/.local/lib/python3.12/site-packages/airflow/example_dags/example_latest_only.py
[2025-04-02T08:01:33.487+0000] {logging_mixin.py:190} INFO - [2025-04-02T08:01:33.481+0000] {dag.py:3239} INFO - Sync 1 DAGs
[2025-04-02T08:01:33.643+0000] {logging_mixin.py:190} INFO - [2025-04-02T08:01:33.642+0000] {dag.py:4180} INFO - Setting next_dagrun for latest_only to 2025-04-02 04:00:00+00:00, run_after=2025-04-02 08:00:00+00:00
[2025-04-02T08:01:33.789+0000] {processor.py:208} INFO - Processing /home/airflow/.local/lib/python3.12/site-packages/airflow/example_dags/example_latest_only.py took 0.451 seconds
[2025-04-02T08:02:04.814+0000] {processor.py:186} INFO - Started process (PID=7179) to work on /home/airflow/.local/lib/python3.12/site-packages/airflow/example_dags/example_latest_only.py
[2025-04-02T08:02:04.815+0000] {processor.py:914} INFO - Processing file /home/airflow/.local/lib/python3.12/site-packages/airflow/example_dags/example_latest_only.py for tasks to queue
[2025-04-02T08:02:04.822+0000] {logging_mixin.py:190} INFO - [2025-04-02T08:02:04.821+0000] {dagbag.py:588} INFO - Filling up the DagBag from /home/airflow/.local/lib/python3.12/site-packages/airflow/example_dags/example_latest_only.py
[2025-04-02T08:02:04.837+0000] {processor.py:925} INFO - DAG(s) 'latest_only' retrieved from /home/airflow/.local/lib/python3.12/site-packages/airflow/example_dags/example_latest_only.py
[2025-04-02T08:02:04.892+0000] {logging_mixin.py:190} INFO - [2025-04-02T08:02:04.891+0000] {dag.py:3239} INFO - Sync 1 DAGs
[2025-04-02T08:02:04.956+0000] {logging_mixin.py:190} INFO - [2025-04-02T08:02:04.956+0000] {dag.py:4180} INFO - Setting next_dagrun for latest_only to 2025-04-02 04:00:00+00:00, run_after=2025-04-02 08:00:00+00:00
[2025-04-02T08:02:05.002+0000] {processor.py:208} INFO - Processing /home/airflow/.local/lib/python3.12/site-packages/airflow/example_dags/example_latest_only.py took 0.213 seconds
[2025-04-02T08:02:35.892+0000] {processor.py:186} INFO - Started process (PID=7265) to work on /home/airflow/.local/lib/python3.12/site-packages/airflow/example_dags/example_latest_only.py
[2025-04-02T08:02:35.897+0000] {processor.py:914} INFO - Processing file /home/airflow/.local/lib/python3.12/site-packages/airflow/example_dags/example_latest_only.py for tasks to queue
[2025-04-02T08:02:35.903+0000] {logging_mixin.py:190} INFO - [2025-04-02T08:02:35.903+0000] {dagbag.py:588} INFO - Filling up the DagBag from /home/airflow/.local/lib/python3.12/site-packages/airflow/example_dags/example_latest_only.py
[2025-04-02T08:02:35.923+0000] {processor.py:925} INFO - DAG(s) 'latest_only' retrieved from /home/airflow/.local/lib/python3.12/site-packages/airflow/example_dags/example_latest_only.py
[2025-04-02T08:02:35.980+0000] {logging_mixin.py:190} INFO - [2025-04-02T08:02:35.979+0000] {dag.py:3239} INFO - Sync 1 DAGs
[2025-04-02T08:02:36.049+0000] {logging_mixin.py:190} INFO - [2025-04-02T08:02:36.049+0000] {dag.py:4180} INFO - Setting next_dagrun for latest_only to 2025-04-02 04:00:00+00:00, run_after=2025-04-02 08:00:00+00:00
[2025-04-02T08:02:36.096+0000] {processor.py:208} INFO - Processing /home/airflow/.local/lib/python3.12/site-packages/airflow/example_dags/example_latest_only.py took 0.223 seconds
[2025-04-02T08:03:06.185+0000] {processor.py:186} INFO - Started process (PID=7332) to work on /home/airflow/.local/lib/python3.12/site-packages/airflow/example_dags/example_latest_only.py
[2025-04-02T08:03:06.187+0000] {processor.py:914} INFO - Processing file /home/airflow/.local/lib/python3.12/site-packages/airflow/example_dags/example_latest_only.py for tasks to queue
[2025-04-02T08:03:06.193+0000] {logging_mixin.py:190} INFO - [2025-04-02T08:03:06.193+0000] {dagbag.py:588} INFO - Filling up the DagBag from /home/airflow/.local/lib/python3.12/site-packages/airflow/example_dags/example_latest_only.py
[2025-04-02T08:03:06.209+0000] {processor.py:925} INFO - DAG(s) 'latest_only' retrieved from /home/airflow/.local/lib/python3.12/site-packages/airflow/example_dags/example_latest_only.py
[2025-04-02T08:03:06.255+0000] {logging_mixin.py:190} INFO - [2025-04-02T08:03:06.254+0000] {dag.py:3239} INFO - Sync 1 DAGs
[2025-04-02T08:03:06.308+0000] {logging_mixin.py:190} INFO - [2025-04-02T08:03:06.308+0000] {dag.py:4180} INFO - Setting next_dagrun for latest_only to 2025-04-02 04:00:00+00:00, run_after=2025-04-02 08:00:00+00:00
[2025-04-02T08:03:06.349+0000] {processor.py:208} INFO - Processing /home/airflow/.local/lib/python3.12/site-packages/airflow/example_dags/example_latest_only.py took 0.185 seconds
[2025-04-02T08:03:36.829+0000] {processor.py:186} INFO - Started process (PID=7410) to work on /home/airflow/.local/lib/python3.12/site-packages/airflow/example_dags/example_latest_only.py
[2025-04-02T08:03:36.831+0000] {processor.py:914} INFO - Processing file /home/airflow/.local/lib/python3.12/site-packages/airflow/example_dags/example_latest_only.py for tasks to queue
[2025-04-02T08:03:36.840+0000] {logging_mixin.py:190} INFO - [2025-04-02T08:03:36.839+0000] {dagbag.py:588} INFO - Filling up the DagBag from /home/airflow/.local/lib/python3.12/site-packages/airflow/example_dags/example_latest_only.py
[2025-04-02T08:03:36.857+0000] {processor.py:925} INFO - DAG(s) 'latest_only' retrieved from /home/airflow/.local/lib/python3.12/site-packages/airflow/example_dags/example_latest_only.py
[2025-04-02T08:03:36.926+0000] {logging_mixin.py:190} INFO - [2025-04-02T08:03:36.925+0000] {dag.py:3239} INFO - Sync 1 DAGs
[2025-04-02T08:03:37.027+0000] {logging_mixin.py:190} INFO - [2025-04-02T08:03:37.022+0000] {dag.py:4180} INFO - Setting next_dagrun for latest_only to 2025-04-02 04:00:00+00:00, run_after=2025-04-02 08:00:00+00:00
[2025-04-02T08:03:37.096+0000] {processor.py:208} INFO - Processing /home/airflow/.local/lib/python3.12/site-packages/airflow/example_dags/example_latest_only.py took 0.286 seconds
[2025-04-02T08:04:07.581+0000] {processor.py:186} INFO - Started process (PID=7478) to work on /home/airflow/.local/lib/python3.12/site-packages/airflow/example_dags/example_latest_only.py
[2025-04-02T08:04:07.584+0000] {processor.py:914} INFO - Processing file /home/airflow/.local/lib/python3.12/site-packages/airflow/example_dags/example_latest_only.py for tasks to queue
[2025-04-02T08:04:07.592+0000] {logging_mixin.py:190} INFO - [2025-04-02T08:04:07.591+0000] {dagbag.py:588} INFO - Filling up the DagBag from /home/airflow/.local/lib/python3.12/site-packages/airflow/example_dags/example_latest_only.py
[2025-04-02T08:04:07.612+0000] {processor.py:925} INFO - DAG(s) 'latest_only' retrieved from /home/airflow/.local/lib/python3.12/site-packages/airflow/example_dags/example_latest_only.py
[2025-04-02T08:04:07.667+0000] {logging_mixin.py:190} INFO - [2025-04-02T08:04:07.666+0000] {dag.py:3239} INFO - Sync 1 DAGs
[2025-04-02T08:04:07.728+0000] {logging_mixin.py:190} INFO - [2025-04-02T08:04:07.728+0000] {dag.py:4180} INFO - Setting next_dagrun for latest_only to 2025-04-02 04:00:00+00:00, run_after=2025-04-02 08:00:00+00:00
[2025-04-02T08:04:07.791+0000] {processor.py:208} INFO - Processing /home/airflow/.local/lib/python3.12/site-packages/airflow/example_dags/example_latest_only.py took 0.231 seconds
[2025-04-02T08:04:39.111+0000] {processor.py:186} INFO - Started process (PID=7556) to work on /home/airflow/.local/lib/python3.12/site-packages/airflow/example_dags/example_latest_only.py
[2025-04-02T08:04:39.114+0000] {processor.py:914} INFO - Processing file /home/airflow/.local/lib/python3.12/site-packages/airflow/example_dags/example_latest_only.py for tasks to queue
[2025-04-02T08:04:39.121+0000] {logging_mixin.py:190} INFO - [2025-04-02T08:04:39.120+0000] {dagbag.py:588} INFO - Filling up the DagBag from /home/airflow/.local/lib/python3.12/site-packages/airflow/example_dags/example_latest_only.py
[2025-04-02T08:04:39.137+0000] {processor.py:925} INFO - DAG(s) 'latest_only' retrieved from /home/airflow/.local/lib/python3.12/site-packages/airflow/example_dags/example_latest_only.py
[2025-04-02T08:04:39.187+0000] {logging_mixin.py:190} INFO - [2025-04-02T08:04:39.186+0000] {dag.py:3239} INFO - Sync 1 DAGs
[2025-04-02T08:04:39.246+0000] {logging_mixin.py:190} INFO - [2025-04-02T08:04:39.246+0000] {dag.py:4180} INFO - Setting next_dagrun for latest_only to 2025-04-02 04:00:00+00:00, run_after=2025-04-02 08:00:00+00:00
[2025-04-02T08:04:39.290+0000] {processor.py:208} INFO - Processing /home/airflow/.local/lib/python3.12/site-packages/airflow/example_dags/example_latest_only.py took 0.197 seconds
[2025-04-02T08:05:10.141+0000] {processor.py:186} INFO - Started process (PID=7629) to work on /home/airflow/.local/lib/python3.12/site-packages/airflow/example_dags/example_latest_only.py
[2025-04-02T08:05:10.143+0000] {processor.py:914} INFO - Processing file /home/airflow/.local/lib/python3.12/site-packages/airflow/example_dags/example_latest_only.py for tasks to queue
[2025-04-02T08:05:10.149+0000] {logging_mixin.py:190} INFO - [2025-04-02T08:05:10.148+0000] {dagbag.py:588} INFO - Filling up the DagBag from /home/airflow/.local/lib/python3.12/site-packages/airflow/example_dags/example_latest_only.py
[2025-04-02T08:05:10.166+0000] {processor.py:925} INFO - DAG(s) 'latest_only' retrieved from /home/airflow/.local/lib/python3.12/site-packages/airflow/example_dags/example_latest_only.py
[2025-04-02T08:05:10.221+0000] {logging_mixin.py:190} INFO - [2025-04-02T08:05:10.220+0000] {dag.py:3239} INFO - Sync 1 DAGs
[2025-04-02T08:05:10.298+0000] {logging_mixin.py:190} INFO - [2025-04-02T08:05:10.298+0000] {dag.py:4180} INFO - Setting next_dagrun for latest_only to 2025-04-02 04:00:00+00:00, run_after=2025-04-02 08:00:00+00:00
[2025-04-02T08:05:10.347+0000] {processor.py:208} INFO - Processing /home/airflow/.local/lib/python3.12/site-packages/airflow/example_dags/example_latest_only.py took 0.223 seconds
[2025-04-02T08:05:40.583+0000] {processor.py:186} INFO - Started process (PID=7702) to work on /home/airflow/.local/lib/python3.12/site-packages/airflow/example_dags/example_latest_only.py
[2025-04-02T08:05:40.587+0000] {processor.py:914} INFO - Processing file /home/airflow/.local/lib/python3.12/site-packages/airflow/example_dags/example_latest_only.py for tasks to queue
[2025-04-02T08:05:40.597+0000] {logging_mixin.py:190} INFO - [2025-04-02T08:05:40.593+0000] {dagbag.py:588} INFO - Filling up the DagBag from /home/airflow/.local/lib/python3.12/site-packages/airflow/example_dags/example_latest_only.py
[2025-04-02T08:05:40.617+0000] {processor.py:925} INFO - DAG(s) 'latest_only' retrieved from /home/airflow/.local/lib/python3.12/site-packages/airflow/example_dags/example_latest_only.py
[2025-04-02T08:05:40.676+0000] {logging_mixin.py:190} INFO - [2025-04-02T08:05:40.675+0000] {dag.py:3239} INFO - Sync 1 DAGs
[2025-04-02T08:05:40.738+0000] {logging_mixin.py:190} INFO - [2025-04-02T08:05:40.735+0000] {dag.py:4180} INFO - Setting next_dagrun for latest_only to 2025-04-02 04:00:00+00:00, run_after=2025-04-02 08:00:00+00:00
[2025-04-02T08:05:40.782+0000] {processor.py:208} INFO - Processing /home/airflow/.local/lib/python3.12/site-packages/airflow/example_dags/example_latest_only.py took 0.217 seconds
[2025-04-02T08:06:29.404+0000] {processor.py:186} INFO - Started process (PID=7777) to work on /home/airflow/.local/lib/python3.12/site-packages/airflow/example_dags/example_latest_only.py
[2025-04-02T08:06:29.407+0000] {processor.py:914} INFO - Processing file /home/airflow/.local/lib/python3.12/site-packages/airflow/example_dags/example_latest_only.py for tasks to queue
[2025-04-02T08:06:29.423+0000] {logging_mixin.py:190} INFO - [2025-04-02T08:06:29.422+0000] {dagbag.py:588} INFO - Filling up the DagBag from /home/airflow/.local/lib/python3.12/site-packages/airflow/example_dags/example_latest_only.py
[2025-04-02T08:06:29.452+0000] {processor.py:925} INFO - DAG(s) 'latest_only' retrieved from /home/airflow/.local/lib/python3.12/site-packages/airflow/example_dags/example_latest_only.py
[2025-04-02T08:06:29.540+0000] {logging_mixin.py:190} INFO - [2025-04-02T08:06:29.537+0000] {dag.py:3239} INFO - Sync 1 DAGs
[2025-04-02T08:06:29.631+0000] {logging_mixin.py:190} INFO - [2025-04-02T08:06:29.630+0000] {dag.py:4180} INFO - Setting next_dagrun for latest_only to 2025-04-02 04:00:00+00:00, run_after=2025-04-02 08:00:00+00:00
[2025-04-02T08:06:29.689+0000] {processor.py:208} INFO - Processing /home/airflow/.local/lib/python3.12/site-packages/airflow/example_dags/example_latest_only.py took 0.312 seconds
[2025-04-02T08:06:59.877+0000] {processor.py:186} INFO - Started process (PID=7841) to work on /home/airflow/.local/lib/python3.12/site-packages/airflow/example_dags/example_latest_only.py
[2025-04-02T08:06:59.882+0000] {processor.py:914} INFO - Processing file /home/airflow/.local/lib/python3.12/site-packages/airflow/example_dags/example_latest_only.py for tasks to queue
[2025-04-02T08:06:59.887+0000] {logging_mixin.py:190} INFO - [2025-04-02T08:06:59.887+0000] {dagbag.py:588} INFO - Filling up the DagBag from /home/airflow/.local/lib/python3.12/site-packages/airflow/example_dags/example_latest_only.py
[2025-04-02T08:06:59.919+0000] {processor.py:925} INFO - DAG(s) 'latest_only' retrieved from /home/airflow/.local/lib/python3.12/site-packages/airflow/example_dags/example_latest_only.py
[2025-04-02T08:06:59.983+0000] {logging_mixin.py:190} INFO - [2025-04-02T08:06:59.981+0000] {dag.py:3239} INFO - Sync 1 DAGs
[2025-04-02T08:07:00.069+0000] {logging_mixin.py:190} INFO - [2025-04-02T08:07:00.068+0000] {dag.py:4180} INFO - Setting next_dagrun for latest_only to 2025-04-02 04:00:00+00:00, run_after=2025-04-02 08:00:00+00:00
[2025-04-02T08:07:00.126+0000] {processor.py:208} INFO - Processing /home/airflow/.local/lib/python3.12/site-packages/airflow/example_dags/example_latest_only.py took 0.273 seconds
[2025-04-02T08:07:30.569+0000] {processor.py:186} INFO - Started process (PID=7929) to work on /home/airflow/.local/lib/python3.12/site-packages/airflow/example_dags/example_latest_only.py
[2025-04-02T08:07:30.571+0000] {processor.py:914} INFO - Processing file /home/airflow/.local/lib/python3.12/site-packages/airflow/example_dags/example_latest_only.py for tasks to queue
[2025-04-02T08:07:30.581+0000] {logging_mixin.py:190} INFO - [2025-04-02T08:07:30.576+0000] {dagbag.py:588} INFO - Filling up the DagBag from /home/airflow/.local/lib/python3.12/site-packages/airflow/example_dags/example_latest_only.py
[2025-04-02T08:07:30.614+0000] {processor.py:925} INFO - DAG(s) 'latest_only' retrieved from /home/airflow/.local/lib/python3.12/site-packages/airflow/example_dags/example_latest_only.py
[2025-04-02T08:07:30.699+0000] {logging_mixin.py:190} INFO - [2025-04-02T08:07:30.698+0000] {dag.py:3239} INFO - Sync 1 DAGs
[2025-04-02T08:07:30.792+0000] {logging_mixin.py:190} INFO - [2025-04-02T08:07:30.791+0000] {dag.py:4180} INFO - Setting next_dagrun for latest_only to 2025-04-02 04:00:00+00:00, run_after=2025-04-02 08:00:00+00:00
[2025-04-02T08:07:30.848+0000] {processor.py:208} INFO - Processing /home/airflow/.local/lib/python3.12/site-packages/airflow/example_dags/example_latest_only.py took 0.312 seconds
[2025-04-02T08:08:01.192+0000] {processor.py:186} INFO - Started process (PID=7993) to work on /home/airflow/.local/lib/python3.12/site-packages/airflow/example_dags/example_latest_only.py
[2025-04-02T08:08:01.194+0000] {processor.py:914} INFO - Processing file /home/airflow/.local/lib/python3.12/site-packages/airflow/example_dags/example_latest_only.py for tasks to queue
[2025-04-02T08:08:01.198+0000] {logging_mixin.py:190} INFO - [2025-04-02T08:08:01.197+0000] {dagbag.py:588} INFO - Filling up the DagBag from /home/airflow/.local/lib/python3.12/site-packages/airflow/example_dags/example_latest_only.py
[2025-04-02T08:08:01.211+0000] {processor.py:925} INFO - DAG(s) 'latest_only' retrieved from /home/airflow/.local/lib/python3.12/site-packages/airflow/example_dags/example_latest_only.py
[2025-04-02T08:08:01.243+0000] {logging_mixin.py:190} INFO - [2025-04-02T08:08:01.242+0000] {dag.py:3239} INFO - Sync 1 DAGs
[2025-04-02T08:08:01.280+0000] {logging_mixin.py:190} INFO - [2025-04-02T08:08:01.280+0000] {dag.py:4180} INFO - Setting next_dagrun for latest_only to 2025-04-02 04:00:00+00:00, run_after=2025-04-02 08:00:00+00:00
[2025-04-02T08:08:01.329+0000] {processor.py:208} INFO - Processing /home/airflow/.local/lib/python3.12/site-packages/airflow/example_dags/example_latest_only.py took 0.152 seconds
[2025-04-02T08:08:33.132+0000] {processor.py:186} INFO - Started process (PID=8056) to work on /home/airflow/.local/lib/python3.12/site-packages/airflow/example_dags/example_latest_only.py
[2025-04-02T08:08:33.135+0000] {processor.py:914} INFO - Processing file /home/airflow/.local/lib/python3.12/site-packages/airflow/example_dags/example_latest_only.py for tasks to queue
[2025-04-02T08:08:33.144+0000] {logging_mixin.py:190} INFO - [2025-04-02T08:08:33.143+0000] {dagbag.py:588} INFO - Filling up the DagBag from /home/airflow/.local/lib/python3.12/site-packages/airflow/example_dags/example_latest_only.py
[2025-04-02T08:08:33.174+0000] {processor.py:925} INFO - DAG(s) 'latest_only' retrieved from /home/airflow/.local/lib/python3.12/site-packages/airflow/example_dags/example_latest_only.py
[2025-04-02T08:08:33.269+0000] {logging_mixin.py:190} INFO - [2025-04-02T08:08:33.268+0000] {dag.py:3239} INFO - Sync 1 DAGs
[2025-04-02T08:08:33.363+0000] {logging_mixin.py:190} INFO - [2025-04-02T08:08:33.363+0000] {dag.py:4180} INFO - Setting next_dagrun for latest_only to 2025-04-02 04:00:00+00:00, run_after=2025-04-02 08:00:00+00:00
[2025-04-02T08:08:33.431+0000] {processor.py:208} INFO - Processing /home/airflow/.local/lib/python3.12/site-packages/airflow/example_dags/example_latest_only.py took 0.321 seconds
[2025-04-02T08:09:04.430+0000] {processor.py:186} INFO - Started process (PID=8134) to work on /home/airflow/.local/lib/python3.12/site-packages/airflow/example_dags/example_latest_only.py
[2025-04-02T08:09:04.434+0000] {processor.py:914} INFO - Processing file /home/airflow/.local/lib/python3.12/site-packages/airflow/example_dags/example_latest_only.py for tasks to queue
[2025-04-02T08:09:04.444+0000] {logging_mixin.py:190} INFO - [2025-04-02T08:09:04.443+0000] {dagbag.py:588} INFO - Filling up the DagBag from /home/airflow/.local/lib/python3.12/site-packages/airflow/example_dags/example_latest_only.py
[2025-04-02T08:09:04.474+0000] {processor.py:925} INFO - DAG(s) 'latest_only' retrieved from /home/airflow/.local/lib/python3.12/site-packages/airflow/example_dags/example_latest_only.py
[2025-04-02T08:09:04.604+0000] {logging_mixin.py:190} INFO - [2025-04-02T08:09:04.603+0000] {dag.py:3239} INFO - Sync 1 DAGs
[2025-04-02T08:09:04.770+0000] {logging_mixin.py:190} INFO - [2025-04-02T08:09:04.767+0000] {dag.py:4180} INFO - Setting next_dagrun for latest_only to 2025-04-02 04:00:00+00:00, run_after=2025-04-02 08:00:00+00:00
[2025-04-02T08:09:04.861+0000] {processor.py:208} INFO - Processing /home/airflow/.local/lib/python3.12/site-packages/airflow/example_dags/example_latest_only.py took 0.465 seconds
[2025-04-02T08:09:35.628+0000] {processor.py:186} INFO - Started process (PID=8206) to work on /home/airflow/.local/lib/python3.12/site-packages/airflow/example_dags/example_latest_only.py
[2025-04-02T08:09:35.633+0000] {processor.py:914} INFO - Processing file /home/airflow/.local/lib/python3.12/site-packages/airflow/example_dags/example_latest_only.py for tasks to queue
[2025-04-02T08:09:35.639+0000] {logging_mixin.py:190} INFO - [2025-04-02T08:09:35.638+0000] {dagbag.py:588} INFO - Filling up the DagBag from /home/airflow/.local/lib/python3.12/site-packages/airflow/example_dags/example_latest_only.py
[2025-04-02T08:09:35.659+0000] {processor.py:925} INFO - DAG(s) 'latest_only' retrieved from /home/airflow/.local/lib/python3.12/site-packages/airflow/example_dags/example_latest_only.py
[2025-04-02T08:09:35.705+0000] {logging_mixin.py:190} INFO - [2025-04-02T08:09:35.704+0000] {dag.py:3239} INFO - Sync 1 DAGs
[2025-04-02T08:09:35.765+0000] {logging_mixin.py:190} INFO - [2025-04-02T08:09:35.764+0000] {dag.py:4180} INFO - Setting next_dagrun for latest_only to 2025-04-02 04:00:00+00:00, run_after=2025-04-02 08:00:00+00:00
[2025-04-02T08:09:35.817+0000] {processor.py:208} INFO - Processing /home/airflow/.local/lib/python3.12/site-packages/airflow/example_dags/example_latest_only.py took 0.206 seconds
[2025-04-02T08:10:06.107+0000] {processor.py:186} INFO - Started process (PID=8280) to work on /home/airflow/.local/lib/python3.12/site-packages/airflow/example_dags/example_latest_only.py
[2025-04-02T08:10:06.113+0000] {processor.py:914} INFO - Processing file /home/airflow/.local/lib/python3.12/site-packages/airflow/example_dags/example_latest_only.py for tasks to queue
[2025-04-02T08:10:06.123+0000] {logging_mixin.py:190} INFO - [2025-04-02T08:10:06.122+0000] {dagbag.py:588} INFO - Filling up the DagBag from /home/airflow/.local/lib/python3.12/site-packages/airflow/example_dags/example_latest_only.py
[2025-04-02T08:10:06.160+0000] {processor.py:925} INFO - DAG(s) 'latest_only' retrieved from /home/airflow/.local/lib/python3.12/site-packages/airflow/example_dags/example_latest_only.py
[2025-04-02T08:10:06.252+0000] {logging_mixin.py:190} INFO - [2025-04-02T08:10:06.251+0000] {dag.py:3239} INFO - Sync 1 DAGs
[2025-04-02T08:10:06.373+0000] {logging_mixin.py:190} INFO - [2025-04-02T08:10:06.370+0000] {dag.py:4180} INFO - Setting next_dagrun for latest_only to 2025-04-02 04:00:00+00:00, run_after=2025-04-02 08:00:00+00:00
[2025-04-02T08:10:06.450+0000] {processor.py:208} INFO - Processing /home/airflow/.local/lib/python3.12/site-packages/airflow/example_dags/example_latest_only.py took 0.367 seconds
[2025-04-02T08:10:37.466+0000] {processor.py:186} INFO - Started process (PID=8344) to work on /home/airflow/.local/lib/python3.12/site-packages/airflow/example_dags/example_latest_only.py
[2025-04-02T08:10:37.467+0000] {processor.py:914} INFO - Processing file /home/airflow/.local/lib/python3.12/site-packages/airflow/example_dags/example_latest_only.py for tasks to queue
[2025-04-02T08:10:37.475+0000] {logging_mixin.py:190} INFO - [2025-04-02T08:10:37.474+0000] {dagbag.py:588} INFO - Filling up the DagBag from /home/airflow/.local/lib/python3.12/site-packages/airflow/example_dags/example_latest_only.py
[2025-04-02T08:10:37.492+0000] {processor.py:925} INFO - DAG(s) 'latest_only' retrieved from /home/airflow/.local/lib/python3.12/site-packages/airflow/example_dags/example_latest_only.py
[2025-04-02T08:10:37.538+0000] {logging_mixin.py:190} INFO - [2025-04-02T08:10:37.537+0000] {dag.py:3239} INFO - Sync 1 DAGs
[2025-04-02T08:10:37.599+0000] {logging_mixin.py:190} INFO - [2025-04-02T08:10:37.599+0000] {dag.py:4180} INFO - Setting next_dagrun for latest_only to 2025-04-02 04:00:00+00:00, run_after=2025-04-02 08:00:00+00:00
[2025-04-02T08:10:37.639+0000] {processor.py:208} INFO - Processing /home/airflow/.local/lib/python3.12/site-packages/airflow/example_dags/example_latest_only.py took 0.189 seconds
[2025-04-02T08:11:07.761+0000] {processor.py:186} INFO - Started process (PID=8411) to work on /home/airflow/.local/lib/python3.12/site-packages/airflow/example_dags/example_latest_only.py
[2025-04-02T08:11:07.763+0000] {processor.py:914} INFO - Processing file /home/airflow/.local/lib/python3.12/site-packages/airflow/example_dags/example_latest_only.py for tasks to queue
[2025-04-02T08:11:07.767+0000] {logging_mixin.py:190} INFO - [2025-04-02T08:11:07.767+0000] {dagbag.py:588} INFO - Filling up the DagBag from /home/airflow/.local/lib/python3.12/site-packages/airflow/example_dags/example_latest_only.py
[2025-04-02T08:11:07.781+0000] {processor.py:925} INFO - DAG(s) 'latest_only' retrieved from /home/airflow/.local/lib/python3.12/site-packages/airflow/example_dags/example_latest_only.py
[2025-04-02T08:11:07.815+0000] {logging_mixin.py:190} INFO - [2025-04-02T08:11:07.814+0000] {dag.py:3239} INFO - Sync 1 DAGs
[2025-04-02T08:11:07.853+0000] {logging_mixin.py:190} INFO - [2025-04-02T08:11:07.853+0000] {dag.py:4180} INFO - Setting next_dagrun for latest_only to 2025-04-02 04:00:00+00:00, run_after=2025-04-02 08:00:00+00:00
[2025-04-02T08:11:07.882+0000] {processor.py:208} INFO - Processing /home/airflow/.local/lib/python3.12/site-packages/airflow/example_dags/example_latest_only.py took 0.132 seconds
[2025-04-02T08:11:37.934+0000] {processor.py:186} INFO - Started process (PID=8475) to work on /home/airflow/.local/lib/python3.12/site-packages/airflow/example_dags/example_latest_only.py
[2025-04-02T08:11:37.935+0000] {processor.py:914} INFO - Processing file /home/airflow/.local/lib/python3.12/site-packages/airflow/example_dags/example_latest_only.py for tasks to queue
[2025-04-02T08:11:37.940+0000] {logging_mixin.py:190} INFO - [2025-04-02T08:11:37.939+0000] {dagbag.py:588} INFO - Filling up the DagBag from /home/airflow/.local/lib/python3.12/site-packages/airflow/example_dags/example_latest_only.py
[2025-04-02T08:11:37.953+0000] {processor.py:925} INFO - DAG(s) 'latest_only' retrieved from /home/airflow/.local/lib/python3.12/site-packages/airflow/example_dags/example_latest_only.py
[2025-04-02T08:11:37.989+0000] {logging_mixin.py:190} INFO - [2025-04-02T08:11:37.988+0000] {dag.py:3239} INFO - Sync 1 DAGs
[2025-04-02T08:11:38.037+0000] {logging_mixin.py:190} INFO - [2025-04-02T08:11:38.037+0000] {dag.py:4180} INFO - Setting next_dagrun for latest_only to 2025-04-02 04:00:00+00:00, run_after=2025-04-02 08:00:00+00:00
[2025-04-02T08:11:38.065+0000] {processor.py:208} INFO - Processing /home/airflow/.local/lib/python3.12/site-packages/airflow/example_dags/example_latest_only.py took 0.142 seconds
[2025-04-02T08:12:08.134+0000] {processor.py:186} INFO - Started process (PID=8539) to work on /home/airflow/.local/lib/python3.12/site-packages/airflow/example_dags/example_latest_only.py
[2025-04-02T08:12:08.135+0000] {processor.py:914} INFO - Processing file /home/airflow/.local/lib/python3.12/site-packages/airflow/example_dags/example_latest_only.py for tasks to queue
[2025-04-02T08:12:08.141+0000] {logging_mixin.py:190} INFO - [2025-04-02T08:12:08.140+0000] {dagbag.py:588} INFO - Filling up the DagBag from /home/airflow/.local/lib/python3.12/site-packages/airflow/example_dags/example_latest_only.py
[2025-04-02T08:12:08.153+0000] {processor.py:925} INFO - DAG(s) 'latest_only' retrieved from /home/airflow/.local/lib/python3.12/site-packages/airflow/example_dags/example_latest_only.py
[2025-04-02T08:12:08.187+0000] {logging_mixin.py:190} INFO - [2025-04-02T08:12:08.186+0000] {dag.py:3239} INFO - Sync 1 DAGs
[2025-04-02T08:12:08.227+0000] {logging_mixin.py:190} INFO - [2025-04-02T08:12:08.226+0000] {dag.py:4180} INFO - Setting next_dagrun for latest_only to 2025-04-02 04:00:00+00:00, run_after=2025-04-02 08:00:00+00:00
[2025-04-02T08:12:08.257+0000] {processor.py:208} INFO - Processing /home/airflow/.local/lib/python3.12/site-packages/airflow/example_dags/example_latest_only.py took 0.134 seconds
[2025-04-02T08:12:38.373+0000] {processor.py:186} INFO - Started process (PID=8603) to work on /home/airflow/.local/lib/python3.12/site-packages/airflow/example_dags/example_latest_only.py
[2025-04-02T08:12:38.375+0000] {processor.py:914} INFO - Processing file /home/airflow/.local/lib/python3.12/site-packages/airflow/example_dags/example_latest_only.py for tasks to queue
[2025-04-02T08:12:38.379+0000] {logging_mixin.py:190} INFO - [2025-04-02T08:12:38.378+0000] {dagbag.py:588} INFO - Filling up the DagBag from /home/airflow/.local/lib/python3.12/site-packages/airflow/example_dags/example_latest_only.py
[2025-04-02T08:12:38.392+0000] {processor.py:925} INFO - DAG(s) 'latest_only' retrieved from /home/airflow/.local/lib/python3.12/site-packages/airflow/example_dags/example_latest_only.py
[2025-04-02T08:12:38.428+0000] {logging_mixin.py:190} INFO - [2025-04-02T08:12:38.427+0000] {dag.py:3239} INFO - Sync 1 DAGs
[2025-04-02T08:12:38.467+0000] {logging_mixin.py:190} INFO - [2025-04-02T08:12:38.467+0000] {dag.py:4180} INFO - Setting next_dagrun for latest_only to 2025-04-02 04:00:00+00:00, run_after=2025-04-02 08:00:00+00:00
[2025-04-02T08:12:38.497+0000] {processor.py:208} INFO - Processing /home/airflow/.local/lib/python3.12/site-packages/airflow/example_dags/example_latest_only.py took 0.137 seconds
[2025-04-02T08:13:08.865+0000] {processor.py:186} INFO - Started process (PID=8667) to work on /home/airflow/.local/lib/python3.12/site-packages/airflow/example_dags/example_latest_only.py
[2025-04-02T08:13:08.867+0000] {processor.py:914} INFO - Processing file /home/airflow/.local/lib/python3.12/site-packages/airflow/example_dags/example_latest_only.py for tasks to queue
[2025-04-02T08:13:08.871+0000] {logging_mixin.py:190} INFO - [2025-04-02T08:13:08.870+0000] {dagbag.py:588} INFO - Filling up the DagBag from /home/airflow/.local/lib/python3.12/site-packages/airflow/example_dags/example_latest_only.py
[2025-04-02T08:13:08.884+0000] {processor.py:925} INFO - DAG(s) 'latest_only' retrieved from /home/airflow/.local/lib/python3.12/site-packages/airflow/example_dags/example_latest_only.py
[2025-04-02T08:13:08.915+0000] {logging_mixin.py:190} INFO - [2025-04-02T08:13:08.915+0000] {dag.py:3239} INFO - Sync 1 DAGs
[2025-04-02T08:13:08.954+0000] {logging_mixin.py:190} INFO - [2025-04-02T08:13:08.954+0000] {dag.py:4180} INFO - Setting next_dagrun for latest_only to 2025-04-02 04:00:00+00:00, run_after=2025-04-02 08:00:00+00:00
[2025-04-02T08:13:08.982+0000] {processor.py:208} INFO - Processing /home/airflow/.local/lib/python3.12/site-packages/airflow/example_dags/example_latest_only.py took 0.128 seconds
[2025-04-02T08:13:39.207+0000] {processor.py:186} INFO - Started process (PID=8731) to work on /home/airflow/.local/lib/python3.12/site-packages/airflow/example_dags/example_latest_only.py
[2025-04-02T08:13:39.210+0000] {processor.py:914} INFO - Processing file /home/airflow/.local/lib/python3.12/site-packages/airflow/example_dags/example_latest_only.py for tasks to queue
[2025-04-02T08:13:39.215+0000] {logging_mixin.py:190} INFO - [2025-04-02T08:13:39.214+0000] {dagbag.py:588} INFO - Filling up the DagBag from /home/airflow/.local/lib/python3.12/site-packages/airflow/example_dags/example_latest_only.py
[2025-04-02T08:13:39.230+0000] {processor.py:925} INFO - DAG(s) 'latest_only' retrieved from /home/airflow/.local/lib/python3.12/site-packages/airflow/example_dags/example_latest_only.py
[2025-04-02T08:13:39.263+0000] {logging_mixin.py:190} INFO - [2025-04-02T08:13:39.262+0000] {dag.py:3239} INFO - Sync 1 DAGs
[2025-04-02T08:13:39.302+0000] {logging_mixin.py:190} INFO - [2025-04-02T08:13:39.302+0000] {dag.py:4180} INFO - Setting next_dagrun for latest_only to 2025-04-02 04:00:00+00:00, run_after=2025-04-02 08:00:00+00:00
[2025-04-02T08:13:39.332+0000] {processor.py:208} INFO - Processing /home/airflow/.local/lib/python3.12/site-packages/airflow/example_dags/example_latest_only.py took 0.136 seconds
[2025-04-02T08:14:09.521+0000] {processor.py:186} INFO - Started process (PID=8795) to work on /home/airflow/.local/lib/python3.12/site-packages/airflow/example_dags/example_latest_only.py
[2025-04-02T08:14:09.524+0000] {processor.py:914} INFO - Processing file /home/airflow/.local/lib/python3.12/site-packages/airflow/example_dags/example_latest_only.py for tasks to queue
[2025-04-02T08:14:09.531+0000] {logging_mixin.py:190} INFO - [2025-04-02T08:14:09.530+0000] {dagbag.py:588} INFO - Filling up the DagBag from /home/airflow/.local/lib/python3.12/site-packages/airflow/example_dags/example_latest_only.py
[2025-04-02T08:14:09.550+0000] {processor.py:925} INFO - DAG(s) 'latest_only' retrieved from /home/airflow/.local/lib/python3.12/site-packages/airflow/example_dags/example_latest_only.py
[2025-04-02T08:14:09.595+0000] {logging_mixin.py:190} INFO - [2025-04-02T08:14:09.594+0000] {dag.py:3239} INFO - Sync 1 DAGs
[2025-04-02T08:14:09.642+0000] {logging_mixin.py:190} INFO - [2025-04-02T08:14:09.642+0000] {dag.py:4180} INFO - Setting next_dagrun for latest_only to 2025-04-02 04:00:00+00:00, run_after=2025-04-02 08:00:00+00:00
[2025-04-02T08:14:09.674+0000] {processor.py:208} INFO - Processing /home/airflow/.local/lib/python3.12/site-packages/airflow/example_dags/example_latest_only.py took 0.170 seconds
[2025-04-02T08:14:40.284+0000] {processor.py:186} INFO - Started process (PID=8859) to work on /home/airflow/.local/lib/python3.12/site-packages/airflow/example_dags/example_latest_only.py
[2025-04-02T08:14:40.286+0000] {processor.py:914} INFO - Processing file /home/airflow/.local/lib/python3.12/site-packages/airflow/example_dags/example_latest_only.py for tasks to queue
[2025-04-02T08:14:40.290+0000] {logging_mixin.py:190} INFO - [2025-04-02T08:14:40.289+0000] {dagbag.py:588} INFO - Filling up the DagBag from /home/airflow/.local/lib/python3.12/site-packages/airflow/example_dags/example_latest_only.py
[2025-04-02T08:14:40.304+0000] {processor.py:925} INFO - DAG(s) 'latest_only' retrieved from /home/airflow/.local/lib/python3.12/site-packages/airflow/example_dags/example_latest_only.py
[2025-04-02T08:14:40.335+0000] {logging_mixin.py:190} INFO - [2025-04-02T08:14:40.334+0000] {dag.py:3239} INFO - Sync 1 DAGs
[2025-04-02T08:14:40.372+0000] {logging_mixin.py:190} INFO - [2025-04-02T08:14:40.372+0000] {dag.py:4180} INFO - Setting next_dagrun for latest_only to 2025-04-02 04:00:00+00:00, run_after=2025-04-02 08:00:00+00:00
[2025-04-02T08:14:40.401+0000] {processor.py:208} INFO - Processing /home/airflow/.local/lib/python3.12/site-packages/airflow/example_dags/example_latest_only.py took 0.128 seconds
[2025-04-02T08:15:10.774+0000] {processor.py:186} INFO - Started process (PID=8923) to work on /home/airflow/.local/lib/python3.12/site-packages/airflow/example_dags/example_latest_only.py
[2025-04-02T08:15:10.776+0000] {processor.py:914} INFO - Processing file /home/airflow/.local/lib/python3.12/site-packages/airflow/example_dags/example_latest_only.py for tasks to queue
[2025-04-02T08:15:10.781+0000] {logging_mixin.py:190} INFO - [2025-04-02T08:15:10.780+0000] {dagbag.py:588} INFO - Filling up the DagBag from /home/airflow/.local/lib/python3.12/site-packages/airflow/example_dags/example_latest_only.py
[2025-04-02T08:15:10.794+0000] {processor.py:925} INFO - DAG(s) 'latest_only' retrieved from /home/airflow/.local/lib/python3.12/site-packages/airflow/example_dags/example_latest_only.py
[2025-04-02T08:15:10.827+0000] {logging_mixin.py:190} INFO - [2025-04-02T08:15:10.826+0000] {dag.py:3239} INFO - Sync 1 DAGs
[2025-04-02T08:15:10.866+0000] {logging_mixin.py:190} INFO - [2025-04-02T08:15:10.866+0000] {dag.py:4180} INFO - Setting next_dagrun for latest_only to 2025-04-02 04:00:00+00:00, run_after=2025-04-02 08:00:00+00:00
[2025-04-02T08:15:10.896+0000] {processor.py:208} INFO - Processing /home/airflow/.local/lib/python3.12/site-packages/airflow/example_dags/example_latest_only.py took 0.133 seconds
[2025-04-02T08:15:41.107+0000] {processor.py:186} INFO - Started process (PID=8987) to work on /home/airflow/.local/lib/python3.12/site-packages/airflow/example_dags/example_latest_only.py
[2025-04-02T08:15:41.109+0000] {processor.py:914} INFO - Processing file /home/airflow/.local/lib/python3.12/site-packages/airflow/example_dags/example_latest_only.py for tasks to queue
[2025-04-02T08:15:41.113+0000] {logging_mixin.py:190} INFO - [2025-04-02T08:15:41.112+0000] {dagbag.py:588} INFO - Filling up the DagBag from /home/airflow/.local/lib/python3.12/site-packages/airflow/example_dags/example_latest_only.py
[2025-04-02T08:15:41.128+0000] {processor.py:925} INFO - DAG(s) 'latest_only' retrieved from /home/airflow/.local/lib/python3.12/site-packages/airflow/example_dags/example_latest_only.py
[2025-04-02T08:15:41.162+0000] {logging_mixin.py:190} INFO - [2025-04-02T08:15:41.161+0000] {dag.py:3239} INFO - Sync 1 DAGs
[2025-04-02T08:15:41.201+0000] {logging_mixin.py:190} INFO - [2025-04-02T08:15:41.200+0000] {dag.py:4180} INFO - Setting next_dagrun for latest_only to 2025-04-02 04:00:00+00:00, run_after=2025-04-02 08:00:00+00:00
[2025-04-02T08:15:41.231+0000] {processor.py:208} INFO - Processing /home/airflow/.local/lib/python3.12/site-packages/airflow/example_dags/example_latest_only.py took 0.135 seconds
[2025-04-02T08:16:11.297+0000] {processor.py:186} INFO - Started process (PID=9051) to work on /home/airflow/.local/lib/python3.12/site-packages/airflow/example_dags/example_latest_only.py
[2025-04-02T08:16:11.299+0000] {processor.py:914} INFO - Processing file /home/airflow/.local/lib/python3.12/site-packages/airflow/example_dags/example_latest_only.py for tasks to queue
[2025-04-02T08:16:11.304+0000] {logging_mixin.py:190} INFO - [2025-04-02T08:16:11.303+0000] {dagbag.py:588} INFO - Filling up the DagBag from /home/airflow/.local/lib/python3.12/site-packages/airflow/example_dags/example_latest_only.py
[2025-04-02T08:16:11.316+0000] {processor.py:925} INFO - DAG(s) 'latest_only' retrieved from /home/airflow/.local/lib/python3.12/site-packages/airflow/example_dags/example_latest_only.py
[2025-04-02T08:16:11.352+0000] {logging_mixin.py:190} INFO - [2025-04-02T08:16:11.351+0000] {dag.py:3239} INFO - Sync 1 DAGs
[2025-04-02T08:16:11.392+0000] {logging_mixin.py:190} INFO - [2025-04-02T08:16:11.391+0000] {dag.py:4180} INFO - Setting next_dagrun for latest_only to 2025-04-02 04:00:00+00:00, run_after=2025-04-02 08:00:00+00:00
[2025-04-02T08:16:11.427+0000] {processor.py:208} INFO - Processing /home/airflow/.local/lib/python3.12/site-packages/airflow/example_dags/example_latest_only.py took 0.141 seconds
[2025-04-02T08:16:41.565+0000] {processor.py:186} INFO - Started process (PID=9115) to work on /home/airflow/.local/lib/python3.12/site-packages/airflow/example_dags/example_latest_only.py
[2025-04-02T08:16:41.567+0000] {processor.py:914} INFO - Processing file /home/airflow/.local/lib/python3.12/site-packages/airflow/example_dags/example_latest_only.py for tasks to queue
[2025-04-02T08:16:41.572+0000] {logging_mixin.py:190} INFO - [2025-04-02T08:16:41.571+0000] {dagbag.py:588} INFO - Filling up the DagBag from /home/airflow/.local/lib/python3.12/site-packages/airflow/example_dags/example_latest_only.py
[2025-04-02T08:16:41.586+0000] {processor.py:925} INFO - DAG(s) 'latest_only' retrieved from /home/airflow/.local/lib/python3.12/site-packages/airflow/example_dags/example_latest_only.py
[2025-04-02T08:16:41.626+0000] {logging_mixin.py:190} INFO - [2025-04-02T08:16:41.625+0000] {dag.py:3239} INFO - Sync 1 DAGs
[2025-04-02T08:16:41.666+0000] {logging_mixin.py:190} INFO - [2025-04-02T08:16:41.666+0000] {dag.py:4180} INFO - Setting next_dagrun for latest_only to 2025-04-02 04:00:00+00:00, run_after=2025-04-02 08:00:00+00:00
[2025-04-02T08:16:41.698+0000] {processor.py:208} INFO - Processing /home/airflow/.local/lib/python3.12/site-packages/airflow/example_dags/example_latest_only.py took 0.145 seconds
[2025-04-02T08:17:11.955+0000] {processor.py:186} INFO - Started process (PID=9179) to work on /home/airflow/.local/lib/python3.12/site-packages/airflow/example_dags/example_latest_only.py
[2025-04-02T08:17:11.957+0000] {processor.py:914} INFO - Processing file /home/airflow/.local/lib/python3.12/site-packages/airflow/example_dags/example_latest_only.py for tasks to queue
[2025-04-02T08:17:11.961+0000] {logging_mixin.py:190} INFO - [2025-04-02T08:17:11.960+0000] {dagbag.py:588} INFO - Filling up the DagBag from /home/airflow/.local/lib/python3.12/site-packages/airflow/example_dags/example_latest_only.py
[2025-04-02T08:17:11.975+0000] {processor.py:925} INFO - DAG(s) 'latest_only' retrieved from /home/airflow/.local/lib/python3.12/site-packages/airflow/example_dags/example_latest_only.py
[2025-04-02T08:17:12.010+0000] {logging_mixin.py:190} INFO - [2025-04-02T08:17:12.009+0000] {dag.py:3239} INFO - Sync 1 DAGs
[2025-04-02T08:17:12.051+0000] {logging_mixin.py:190} INFO - [2025-04-02T08:17:12.050+0000] {dag.py:4180} INFO - Setting next_dagrun for latest_only to 2025-04-02 04:00:00+00:00, run_after=2025-04-02 08:00:00+00:00
[2025-04-02T08:17:12.082+0000] {processor.py:208} INFO - Processing /home/airflow/.local/lib/python3.12/site-packages/airflow/example_dags/example_latest_only.py took 0.139 seconds
[2025-04-02T08:17:42.530+0000] {processor.py:186} INFO - Started process (PID=9243) to work on /home/airflow/.local/lib/python3.12/site-packages/airflow/example_dags/example_latest_only.py
[2025-04-02T08:17:42.532+0000] {processor.py:914} INFO - Processing file /home/airflow/.local/lib/python3.12/site-packages/airflow/example_dags/example_latest_only.py for tasks to queue
[2025-04-02T08:17:42.536+0000] {logging_mixin.py:190} INFO - [2025-04-02T08:17:42.536+0000] {dagbag.py:588} INFO - Filling up the DagBag from /home/airflow/.local/lib/python3.12/site-packages/airflow/example_dags/example_latest_only.py
[2025-04-02T08:17:42.549+0000] {processor.py:925} INFO - DAG(s) 'latest_only' retrieved from /home/airflow/.local/lib/python3.12/site-packages/airflow/example_dags/example_latest_only.py
[2025-04-02T08:17:42.583+0000] {logging_mixin.py:190} INFO - [2025-04-02T08:17:42.582+0000] {dag.py:3239} INFO - Sync 1 DAGs
[2025-04-02T08:17:42.623+0000] {logging_mixin.py:190} INFO - [2025-04-02T08:17:42.623+0000] {dag.py:4180} INFO - Setting next_dagrun for latest_only to 2025-04-02 04:00:00+00:00, run_after=2025-04-02 08:00:00+00:00
[2025-04-02T08:17:42.653+0000] {processor.py:208} INFO - Processing /home/airflow/.local/lib/python3.12/site-packages/airflow/example_dags/example_latest_only.py took 0.135 seconds
[2025-04-02T08:18:13.082+0000] {processor.py:186} INFO - Started process (PID=9307) to work on /home/airflow/.local/lib/python3.12/site-packages/airflow/example_dags/example_latest_only.py
[2025-04-02T08:18:13.084+0000] {processor.py:914} INFO - Processing file /home/airflow/.local/lib/python3.12/site-packages/airflow/example_dags/example_latest_only.py for tasks to queue
[2025-04-02T08:18:13.088+0000] {logging_mixin.py:190} INFO - [2025-04-02T08:18:13.088+0000] {dagbag.py:588} INFO - Filling up the DagBag from /home/airflow/.local/lib/python3.12/site-packages/airflow/example_dags/example_latest_only.py
[2025-04-02T08:18:13.101+0000] {processor.py:925} INFO - DAG(s) 'latest_only' retrieved from /home/airflow/.local/lib/python3.12/site-packages/airflow/example_dags/example_latest_only.py
[2025-04-02T08:18:13.135+0000] {logging_mixin.py:190} INFO - [2025-04-02T08:18:13.133+0000] {dag.py:3239} INFO - Sync 1 DAGs
[2025-04-02T08:18:13.176+0000] {logging_mixin.py:190} INFO - [2025-04-02T08:18:13.175+0000] {dag.py:4180} INFO - Setting next_dagrun for latest_only to 2025-04-02 04:00:00+00:00, run_after=2025-04-02 08:00:00+00:00
[2025-04-02T08:18:13.204+0000] {processor.py:208} INFO - Processing /home/airflow/.local/lib/python3.12/site-packages/airflow/example_dags/example_latest_only.py took 0.133 seconds
[2025-04-02T08:18:43.615+0000] {processor.py:186} INFO - Started process (PID=9371) to work on /home/airflow/.local/lib/python3.12/site-packages/airflow/example_dags/example_latest_only.py
[2025-04-02T08:18:43.617+0000] {processor.py:914} INFO - Processing file /home/airflow/.local/lib/python3.12/site-packages/airflow/example_dags/example_latest_only.py for tasks to queue
[2025-04-02T08:18:43.622+0000] {logging_mixin.py:190} INFO - [2025-04-02T08:18:43.621+0000] {dagbag.py:588} INFO - Filling up the DagBag from /home/airflow/.local/lib/python3.12/site-packages/airflow/example_dags/example_latest_only.py
[2025-04-02T08:18:43.635+0000] {processor.py:925} INFO - DAG(s) 'latest_only' retrieved from /home/airflow/.local/lib/python3.12/site-packages/airflow/example_dags/example_latest_only.py
[2025-04-02T08:18:43.669+0000] {logging_mixin.py:190} INFO - [2025-04-02T08:18:43.668+0000] {dag.py:3239} INFO - Sync 1 DAGs
[2025-04-02T08:18:43.710+0000] {logging_mixin.py:190} INFO - [2025-04-02T08:18:43.710+0000] {dag.py:4180} INFO - Setting next_dagrun for latest_only to 2025-04-02 04:00:00+00:00, run_after=2025-04-02 08:00:00+00:00
[2025-04-02T08:18:43.740+0000] {processor.py:208} INFO - Processing /home/airflow/.local/lib/python3.12/site-packages/airflow/example_dags/example_latest_only.py took 0.138 seconds
[2025-04-02T08:19:14.044+0000] {processor.py:186} INFO - Started process (PID=9435) to work on /home/airflow/.local/lib/python3.12/site-packages/airflow/example_dags/example_latest_only.py
[2025-04-02T08:19:14.046+0000] {processor.py:914} INFO - Processing file /home/airflow/.local/lib/python3.12/site-packages/airflow/example_dags/example_latest_only.py for tasks to queue
[2025-04-02T08:19:14.052+0000] {logging_mixin.py:190} INFO - [2025-04-02T08:19:14.051+0000] {dagbag.py:588} INFO - Filling up the DagBag from /home/airflow/.local/lib/python3.12/site-packages/airflow/example_dags/example_latest_only.py
[2025-04-02T08:19:14.069+0000] {processor.py:925} INFO - DAG(s) 'latest_only' retrieved from /home/airflow/.local/lib/python3.12/site-packages/airflow/example_dags/example_latest_only.py
[2025-04-02T08:19:14.114+0000] {logging_mixin.py:190} INFO - [2025-04-02T08:19:14.113+0000] {dag.py:3239} INFO - Sync 1 DAGs
[2025-04-02T08:19:14.157+0000] {logging_mixin.py:190} INFO - [2025-04-02T08:19:14.157+0000] {dag.py:4180} INFO - Setting next_dagrun for latest_only to 2025-04-02 04:00:00+00:00, run_after=2025-04-02 08:00:00+00:00
[2025-04-02T08:19:14.186+0000] {processor.py:208} INFO - Processing /home/airflow/.local/lib/python3.12/site-packages/airflow/example_dags/example_latest_only.py took 0.156 seconds
[2025-04-02T08:19:44.420+0000] {processor.py:186} INFO - Started process (PID=9499) to work on /home/airflow/.local/lib/python3.12/site-packages/airflow/example_dags/example_latest_only.py
[2025-04-02T08:19:44.421+0000] {processor.py:914} INFO - Processing file /home/airflow/.local/lib/python3.12/site-packages/airflow/example_dags/example_latest_only.py for tasks to queue
[2025-04-02T08:19:44.426+0000] {logging_mixin.py:190} INFO - [2025-04-02T08:19:44.425+0000] {dagbag.py:588} INFO - Filling up the DagBag from /home/airflow/.local/lib/python3.12/site-packages/airflow/example_dags/example_latest_only.py
[2025-04-02T08:19:44.438+0000] {processor.py:925} INFO - DAG(s) 'latest_only' retrieved from /home/airflow/.local/lib/python3.12/site-packages/airflow/example_dags/example_latest_only.py
[2025-04-02T08:19:44.469+0000] {logging_mixin.py:190} INFO - [2025-04-02T08:19:44.468+0000] {dag.py:3239} INFO - Sync 1 DAGs
[2025-04-02T08:19:44.506+0000] {logging_mixin.py:190} INFO - [2025-04-02T08:19:44.506+0000] {dag.py:4180} INFO - Setting next_dagrun for latest_only to 2025-04-02 04:00:00+00:00, run_after=2025-04-02 08:00:00+00:00
[2025-04-02T08:19:44.533+0000] {processor.py:208} INFO - Processing /home/airflow/.local/lib/python3.12/site-packages/airflow/example_dags/example_latest_only.py took 0.124 seconds
[2025-04-02T08:20:14.706+0000] {processor.py:186} INFO - Started process (PID=9563) to work on /home/airflow/.local/lib/python3.12/site-packages/airflow/example_dags/example_latest_only.py
[2025-04-02T08:20:14.709+0000] {processor.py:914} INFO - Processing file /home/airflow/.local/lib/python3.12/site-packages/airflow/example_dags/example_latest_only.py for tasks to queue
[2025-04-02T08:20:14.713+0000] {logging_mixin.py:190} INFO - [2025-04-02T08:20:14.712+0000] {dagbag.py:588} INFO - Filling up the DagBag from /home/airflow/.local/lib/python3.12/site-packages/airflow/example_dags/example_latest_only.py
[2025-04-02T08:20:14.727+0000] {processor.py:925} INFO - DAG(s) 'latest_only' retrieved from /home/airflow/.local/lib/python3.12/site-packages/airflow/example_dags/example_latest_only.py
[2025-04-02T08:20:14.759+0000] {logging_mixin.py:190} INFO - [2025-04-02T08:20:14.758+0000] {dag.py:3239} INFO - Sync 1 DAGs
[2025-04-02T08:20:14.802+0000] {logging_mixin.py:190} INFO - [2025-04-02T08:20:14.801+0000] {dag.py:4180} INFO - Setting next_dagrun for latest_only to 2025-04-02 04:00:00+00:00, run_after=2025-04-02 08:00:00+00:00
[2025-04-02T08:20:14.830+0000] {processor.py:208} INFO - Processing /home/airflow/.local/lib/python3.12/site-packages/airflow/example_dags/example_latest_only.py took 0.135 seconds
[2025-04-02T08:20:45.354+0000] {processor.py:186} INFO - Started process (PID=9627) to work on /home/airflow/.local/lib/python3.12/site-packages/airflow/example_dags/example_latest_only.py
[2025-04-02T08:20:45.358+0000] {processor.py:914} INFO - Processing file /home/airflow/.local/lib/python3.12/site-packages/airflow/example_dags/example_latest_only.py for tasks to queue
[2025-04-02T08:20:45.370+0000] {logging_mixin.py:190} INFO - [2025-04-02T08:20:45.368+0000] {dagbag.py:588} INFO - Filling up the DagBag from /home/airflow/.local/lib/python3.12/site-packages/airflow/example_dags/example_latest_only.py
[2025-04-02T08:20:45.430+0000] {processor.py:925} INFO - DAG(s) 'latest_only' retrieved from /home/airflow/.local/lib/python3.12/site-packages/airflow/example_dags/example_latest_only.py
[2025-04-02T08:20:45.539+0000] {logging_mixin.py:190} INFO - [2025-04-02T08:20:45.535+0000] {dag.py:3239} INFO - Sync 1 DAGs
[2025-04-02T08:20:45.666+0000] {logging_mixin.py:190} INFO - [2025-04-02T08:20:45.665+0000] {dag.py:4180} INFO - Setting next_dagrun for latest_only to 2025-04-02 04:00:00+00:00, run_after=2025-04-02 08:00:00+00:00
[2025-04-02T08:20:45.766+0000] {processor.py:208} INFO - Processing /home/airflow/.local/lib/python3.12/site-packages/airflow/example_dags/example_latest_only.py took 0.451 seconds
[2025-04-02T08:21:16.196+0000] {processor.py:186} INFO - Started process (PID=9691) to work on /home/airflow/.local/lib/python3.12/site-packages/airflow/example_dags/example_latest_only.py
[2025-04-02T08:21:16.199+0000] {processor.py:914} INFO - Processing file /home/airflow/.local/lib/python3.12/site-packages/airflow/example_dags/example_latest_only.py for tasks to queue
[2025-04-02T08:21:16.203+0000] {logging_mixin.py:190} INFO - [2025-04-02T08:21:16.202+0000] {dagbag.py:588} INFO - Filling up the DagBag from /home/airflow/.local/lib/python3.12/site-packages/airflow/example_dags/example_latest_only.py
[2025-04-02T08:21:16.216+0000] {processor.py:925} INFO - DAG(s) 'latest_only' retrieved from /home/airflow/.local/lib/python3.12/site-packages/airflow/example_dags/example_latest_only.py
[2025-04-02T08:21:16.248+0000] {logging_mixin.py:190} INFO - [2025-04-02T08:21:16.247+0000] {dag.py:3239} INFO - Sync 1 DAGs
[2025-04-02T08:21:16.285+0000] {logging_mixin.py:190} INFO - [2025-04-02T08:21:16.284+0000] {dag.py:4180} INFO - Setting next_dagrun for latest_only to 2025-04-02 04:00:00+00:00, run_after=2025-04-02 08:00:00+00:00
[2025-04-02T08:21:16.311+0000] {processor.py:208} INFO - Processing /home/airflow/.local/lib/python3.12/site-packages/airflow/example_dags/example_latest_only.py took 0.126 seconds
[2025-04-02T08:21:47.088+0000] {processor.py:186} INFO - Started process (PID=9755) to work on /home/airflow/.local/lib/python3.12/site-packages/airflow/example_dags/example_latest_only.py
[2025-04-02T08:21:47.089+0000] {processor.py:914} INFO - Processing file /home/airflow/.local/lib/python3.12/site-packages/airflow/example_dags/example_latest_only.py for tasks to queue
[2025-04-02T08:21:47.093+0000] {logging_mixin.py:190} INFO - [2025-04-02T08:21:47.093+0000] {dagbag.py:588} INFO - Filling up the DagBag from /home/airflow/.local/lib/python3.12/site-packages/airflow/example_dags/example_latest_only.py
[2025-04-02T08:21:47.106+0000] {processor.py:925} INFO - DAG(s) 'latest_only' retrieved from /home/airflow/.local/lib/python3.12/site-packages/airflow/example_dags/example_latest_only.py
[2025-04-02T08:21:47.138+0000] {logging_mixin.py:190} INFO - [2025-04-02T08:21:47.137+0000] {dag.py:3239} INFO - Sync 1 DAGs
[2025-04-02T08:21:47.175+0000] {logging_mixin.py:190} INFO - [2025-04-02T08:21:47.174+0000] {dag.py:4180} INFO - Setting next_dagrun for latest_only to 2025-04-02 04:00:00+00:00, run_after=2025-04-02 08:00:00+00:00
[2025-04-02T08:21:47.203+0000] {processor.py:208} INFO - Processing /home/airflow/.local/lib/python3.12/site-packages/airflow/example_dags/example_latest_only.py took 0.126 seconds
[2025-04-02T08:22:18.162+0000] {processor.py:186} INFO - Started process (PID=9819) to work on /home/airflow/.local/lib/python3.12/site-packages/airflow/example_dags/example_latest_only.py
[2025-04-02T08:22:18.164+0000] {processor.py:914} INFO - Processing file /home/airflow/.local/lib/python3.12/site-packages/airflow/example_dags/example_latest_only.py for tasks to queue
[2025-04-02T08:22:18.168+0000] {logging_mixin.py:190} INFO - [2025-04-02T08:22:18.167+0000] {dagbag.py:588} INFO - Filling up the DagBag from /home/airflow/.local/lib/python3.12/site-packages/airflow/example_dags/example_latest_only.py
[2025-04-02T08:22:18.181+0000] {processor.py:925} INFO - DAG(s) 'latest_only' retrieved from /home/airflow/.local/lib/python3.12/site-packages/airflow/example_dags/example_latest_only.py
[2025-04-02T08:22:18.217+0000] {logging_mixin.py:190} INFO - [2025-04-02T08:22:18.216+0000] {dag.py:3239} INFO - Sync 1 DAGs
[2025-04-02T08:22:18.257+0000] {logging_mixin.py:190} INFO - [2025-04-02T08:22:18.257+0000] {dag.py:4180} INFO - Setting next_dagrun for latest_only to 2025-04-02 04:00:00+00:00, run_after=2025-04-02 08:00:00+00:00
[2025-04-02T08:22:18.287+0000] {processor.py:208} INFO - Processing /home/airflow/.local/lib/python3.12/site-packages/airflow/example_dags/example_latest_only.py took 0.136 seconds
[2025-04-02T08:22:48.767+0000] {processor.py:186} INFO - Started process (PID=9883) to work on /home/airflow/.local/lib/python3.12/site-packages/airflow/example_dags/example_latest_only.py
[2025-04-02T08:22:48.768+0000] {processor.py:914} INFO - Processing file /home/airflow/.local/lib/python3.12/site-packages/airflow/example_dags/example_latest_only.py for tasks to queue
[2025-04-02T08:22:48.774+0000] {logging_mixin.py:190} INFO - [2025-04-02T08:22:48.773+0000] {dagbag.py:588} INFO - Filling up the DagBag from /home/airflow/.local/lib/python3.12/site-packages/airflow/example_dags/example_latest_only.py
[2025-04-02T08:22:48.791+0000] {processor.py:925} INFO - DAG(s) 'latest_only' retrieved from /home/airflow/.local/lib/python3.12/site-packages/airflow/example_dags/example_latest_only.py
[2025-04-02T08:22:48.835+0000] {logging_mixin.py:190} INFO - [2025-04-02T08:22:48.834+0000] {dag.py:3239} INFO - Sync 1 DAGs
[2025-04-02T08:22:48.893+0000] {logging_mixin.py:190} INFO - [2025-04-02T08:22:48.892+0000] {dag.py:4180} INFO - Setting next_dagrun for latest_only to 2025-04-02 04:00:00+00:00, run_after=2025-04-02 08:00:00+00:00
[2025-04-02T08:22:48.933+0000] {processor.py:208} INFO - Processing /home/airflow/.local/lib/python3.12/site-packages/airflow/example_dags/example_latest_only.py took 0.181 seconds
[2025-04-02T08:23:19.513+0000] {processor.py:186} INFO - Started process (PID=9947) to work on /home/airflow/.local/lib/python3.12/site-packages/airflow/example_dags/example_latest_only.py
[2025-04-02T08:23:19.515+0000] {processor.py:914} INFO - Processing file /home/airflow/.local/lib/python3.12/site-packages/airflow/example_dags/example_latest_only.py for tasks to queue
[2025-04-02T08:23:19.519+0000] {logging_mixin.py:190} INFO - [2025-04-02T08:23:19.519+0000] {dagbag.py:588} INFO - Filling up the DagBag from /home/airflow/.local/lib/python3.12/site-packages/airflow/example_dags/example_latest_only.py
[2025-04-02T08:23:19.532+0000] {processor.py:925} INFO - DAG(s) 'latest_only' retrieved from /home/airflow/.local/lib/python3.12/site-packages/airflow/example_dags/example_latest_only.py
[2025-04-02T08:23:19.566+0000] {logging_mixin.py:190} INFO - [2025-04-02T08:23:19.565+0000] {dag.py:3239} INFO - Sync 1 DAGs
[2025-04-02T08:23:19.605+0000] {logging_mixin.py:190} INFO - [2025-04-02T08:23:19.605+0000] {dag.py:4180} INFO - Setting next_dagrun for latest_only to 2025-04-02 04:00:00+00:00, run_after=2025-04-02 08:00:00+00:00
[2025-04-02T08:23:19.636+0000] {processor.py:208} INFO - Processing /home/airflow/.local/lib/python3.12/site-packages/airflow/example_dags/example_latest_only.py took 0.134 seconds
