[2025-04-02T07:56:13.891+0000] {processor.py:186} INFO - Started process (PID=6349) to work on /home/airflow/.local/lib/python3.12/site-packages/airflow/example_dags/example_xcomargs.py
[2025-04-02T07:56:13.896+0000] {processor.py:914} INFO - Processing file /home/airflow/.local/lib/python3.12/site-packages/airflow/example_dags/example_xcomargs.py for tasks to queue
[2025-04-02T07:56:13.902+0000] {logging_mixin.py:190} INFO - [2025-04-02T07:56:13.901+0000] {dagbag.py:588} INFO - Filling up the DagBag from /home/airflow/.local/lib/python3.12/site-packages/airflow/example_dags/example_xcomargs.py
[2025-04-02T07:56:13.933+0000] {processor.py:925} INFO - DAG(s) 'example_xcom_args', 'example_xcom_args_with_operators' retrieved from /home/airflow/.local/lib/python3.12/site-packages/airflow/example_dags/example_xcomargs.py
[2025-04-02T07:56:14.036+0000] {logging_mixin.py:190} INFO - [2025-04-02T07:56:14.035+0000] {dag.py:3239} INFO - Sync 2 DAGs
[2025-04-02T07:56:14.110+0000] {logging_mixin.py:190} INFO - [2025-04-02T07:56:14.109+0000] {dag.py:4180} INFO - Setting next_dagrun for example_xcom_args to None, run_after=None
[2025-04-02T07:56:14.122+0000] {logging_mixin.py:190} INFO - [2025-04-02T07:56:14.121+0000] {dag.py:4180} INFO - Setting next_dagrun for example_xcom_args_with_operators to None, run_after=None
[2025-04-02T07:56:14.166+0000] {processor.py:208} INFO - Processing /home/airflow/.local/lib/python3.12/site-packages/airflow/example_dags/example_xcomargs.py took 0.305 seconds
[2025-04-02T07:56:45.000+0000] {processor.py:186} INFO - Started process (PID=6413) to work on /home/airflow/.local/lib/python3.12/site-packages/airflow/example_dags/example_xcomargs.py
[2025-04-02T07:56:45.006+0000] {processor.py:914} INFO - Processing file /home/airflow/.local/lib/python3.12/site-packages/airflow/example_dags/example_xcomargs.py for tasks to queue
[2025-04-02T07:56:45.015+0000] {logging_mixin.py:190} INFO - [2025-04-02T07:56:45.015+0000] {dagbag.py:588} INFO - Filling up the DagBag from /home/airflow/.local/lib/python3.12/site-packages/airflow/example_dags/example_xcomargs.py
[2025-04-02T07:56:45.064+0000] {processor.py:925} INFO - DAG(s) 'example_xcom_args', 'example_xcom_args_with_operators' retrieved from /home/airflow/.local/lib/python3.12/site-packages/airflow/example_dags/example_xcomargs.py
[2025-04-02T07:56:45.148+0000] {logging_mixin.py:190} INFO - [2025-04-02T07:56:45.147+0000] {dag.py:3239} INFO - Sync 2 DAGs
[2025-04-02T07:56:45.206+0000] {logging_mixin.py:190} INFO - [2025-04-02T07:56:45.205+0000] {dag.py:4180} INFO - Setting next_dagrun for example_xcom_args to None, run_after=None
[2025-04-02T07:56:45.218+0000] {logging_mixin.py:190} INFO - [2025-04-02T07:56:45.217+0000] {dag.py:4180} INFO - Setting next_dagrun for example_xcom_args_with_operators to None, run_after=None
[2025-04-02T07:56:45.270+0000] {processor.py:208} INFO - Processing /home/airflow/.local/lib/python3.12/site-packages/airflow/example_dags/example_xcomargs.py took 0.301 seconds
[2025-04-02T07:57:16.004+0000] {processor.py:186} INFO - Started process (PID=6481) to work on /home/airflow/.local/lib/python3.12/site-packages/airflow/example_dags/example_xcomargs.py
[2025-04-02T07:57:16.007+0000] {processor.py:914} INFO - Processing file /home/airflow/.local/lib/python3.12/site-packages/airflow/example_dags/example_xcomargs.py for tasks to queue
[2025-04-02T07:57:16.017+0000] {logging_mixin.py:190} INFO - [2025-04-02T07:57:16.013+0000] {dagbag.py:588} INFO - Filling up the DagBag from /home/airflow/.local/lib/python3.12/site-packages/airflow/example_dags/example_xcomargs.py
[2025-04-02T07:57:16.066+0000] {processor.py:925} INFO - DAG(s) 'example_xcom_args', 'example_xcom_args_with_operators' retrieved from /home/airflow/.local/lib/python3.12/site-packages/airflow/example_dags/example_xcomargs.py
[2025-04-02T07:57:16.150+0000] {logging_mixin.py:190} INFO - [2025-04-02T07:57:16.149+0000] {dag.py:3239} INFO - Sync 2 DAGs
[2025-04-02T07:57:16.220+0000] {logging_mixin.py:190} INFO - [2025-04-02T07:57:16.216+0000] {dag.py:4180} INFO - Setting next_dagrun for example_xcom_args to None, run_after=None
[2025-04-02T07:57:16.241+0000] {logging_mixin.py:190} INFO - [2025-04-02T07:57:16.241+0000] {dag.py:4180} INFO - Setting next_dagrun for example_xcom_args_with_operators to None, run_after=None
[2025-04-02T07:57:16.295+0000] {processor.py:208} INFO - Processing /home/airflow/.local/lib/python3.12/site-packages/airflow/example_dags/example_xcomargs.py took 0.326 seconds
[2025-04-02T07:57:47.231+0000] {processor.py:186} INFO - Started process (PID=6558) to work on /home/airflow/.local/lib/python3.12/site-packages/airflow/example_dags/example_xcomargs.py
[2025-04-02T07:57:47.233+0000] {processor.py:914} INFO - Processing file /home/airflow/.local/lib/python3.12/site-packages/airflow/example_dags/example_xcomargs.py for tasks to queue
[2025-04-02T07:57:47.243+0000] {logging_mixin.py:190} INFO - [2025-04-02T07:57:47.242+0000] {dagbag.py:588} INFO - Filling up the DagBag from /home/airflow/.local/lib/python3.12/site-packages/airflow/example_dags/example_xcomargs.py
[2025-04-02T07:57:47.283+0000] {processor.py:925} INFO - DAG(s) 'example_xcom_args_with_operators', 'example_xcom_args' retrieved from /home/airflow/.local/lib/python3.12/site-packages/airflow/example_dags/example_xcomargs.py
[2025-04-02T07:57:47.368+0000] {logging_mixin.py:190} INFO - [2025-04-02T07:57:47.367+0000] {dag.py:3239} INFO - Sync 2 DAGs
[2025-04-02T07:57:47.461+0000] {logging_mixin.py:190} INFO - [2025-04-02T07:57:47.461+0000] {dag.py:4180} INFO - Setting next_dagrun for example_xcom_args to None, run_after=None
[2025-04-02T07:57:47.490+0000] {logging_mixin.py:190} INFO - [2025-04-02T07:57:47.489+0000] {dag.py:4180} INFO - Setting next_dagrun for example_xcom_args_with_operators to None, run_after=None
[2025-04-02T07:57:47.547+0000] {processor.py:208} INFO - Processing /home/airflow/.local/lib/python3.12/site-packages/airflow/example_dags/example_xcomargs.py took 0.349 seconds
[2025-04-02T07:58:18.153+0000] {processor.py:186} INFO - Started process (PID=6623) to work on /home/airflow/.local/lib/python3.12/site-packages/airflow/example_dags/example_xcomargs.py
[2025-04-02T07:58:18.156+0000] {processor.py:914} INFO - Processing file /home/airflow/.local/lib/python3.12/site-packages/airflow/example_dags/example_xcomargs.py for tasks to queue
[2025-04-02T07:58:18.164+0000] {logging_mixin.py:190} INFO - [2025-04-02T07:58:18.163+0000] {dagbag.py:588} INFO - Filling up the DagBag from /home/airflow/.local/lib/python3.12/site-packages/airflow/example_dags/example_xcomargs.py
[2025-04-02T07:58:18.211+0000] {processor.py:925} INFO - DAG(s) 'example_xcom_args', 'example_xcom_args_with_operators' retrieved from /home/airflow/.local/lib/python3.12/site-packages/airflow/example_dags/example_xcomargs.py
[2025-04-02T07:58:18.313+0000] {logging_mixin.py:190} INFO - [2025-04-02T07:58:18.313+0000] {dag.py:3239} INFO - Sync 2 DAGs
[2025-04-02T07:58:18.348+0000] {logging_mixin.py:190} INFO - [2025-04-02T07:58:18.347+0000] {dag.py:4180} INFO - Setting next_dagrun for example_xcom_args to None, run_after=None
[2025-04-02T07:58:18.356+0000] {logging_mixin.py:190} INFO - [2025-04-02T07:58:18.356+0000] {dag.py:4180} INFO - Setting next_dagrun for example_xcom_args_with_operators to None, run_after=None
[2025-04-02T07:58:18.396+0000] {processor.py:208} INFO - Processing /home/airflow/.local/lib/python3.12/site-packages/airflow/example_dags/example_xcomargs.py took 0.264 seconds
[2025-04-02T07:58:48.524+0000] {processor.py:186} INFO - Started process (PID=6687) to work on /home/airflow/.local/lib/python3.12/site-packages/airflow/example_dags/example_xcomargs.py
[2025-04-02T07:58:48.529+0000] {processor.py:914} INFO - Processing file /home/airflow/.local/lib/python3.12/site-packages/airflow/example_dags/example_xcomargs.py for tasks to queue
[2025-04-02T07:58:48.536+0000] {logging_mixin.py:190} INFO - [2025-04-02T07:58:48.536+0000] {dagbag.py:588} INFO - Filling up the DagBag from /home/airflow/.local/lib/python3.12/site-packages/airflow/example_dags/example_xcomargs.py
[2025-04-02T07:58:48.574+0000] {processor.py:925} INFO - DAG(s) 'example_xcom_args_with_operators', 'example_xcom_args' retrieved from /home/airflow/.local/lib/python3.12/site-packages/airflow/example_dags/example_xcomargs.py
[2025-04-02T07:58:48.651+0000] {logging_mixin.py:190} INFO - [2025-04-02T07:58:48.651+0000] {dag.py:3239} INFO - Sync 2 DAGs
[2025-04-02T07:58:48.702+0000] {logging_mixin.py:190} INFO - [2025-04-02T07:58:48.702+0000] {dag.py:4180} INFO - Setting next_dagrun for example_xcom_args to None, run_after=None
[2025-04-02T07:58:48.717+0000] {logging_mixin.py:190} INFO - [2025-04-02T07:58:48.717+0000] {dag.py:4180} INFO - Setting next_dagrun for example_xcom_args_with_operators to None, run_after=None
[2025-04-02T07:58:48.765+0000] {processor.py:208} INFO - Processing /home/airflow/.local/lib/python3.12/site-packages/airflow/example_dags/example_xcomargs.py took 0.257 seconds
[2025-04-02T07:59:19.013+0000] {processor.py:186} INFO - Started process (PID=6764) to work on /home/airflow/.local/lib/python3.12/site-packages/airflow/example_dags/example_xcomargs.py
[2025-04-02T07:59:19.017+0000] {processor.py:914} INFO - Processing file /home/airflow/.local/lib/python3.12/site-packages/airflow/example_dags/example_xcomargs.py for tasks to queue
[2025-04-02T07:59:19.024+0000] {logging_mixin.py:190} INFO - [2025-04-02T07:59:19.022+0000] {dagbag.py:588} INFO - Filling up the DagBag from /home/airflow/.local/lib/python3.12/site-packages/airflow/example_dags/example_xcomargs.py
[2025-04-02T07:59:19.068+0000] {processor.py:925} INFO - DAG(s) 'example_xcom_args_with_operators', 'example_xcom_args' retrieved from /home/airflow/.local/lib/python3.12/site-packages/airflow/example_dags/example_xcomargs.py
[2025-04-02T07:59:19.140+0000] {logging_mixin.py:190} INFO - [2025-04-02T07:59:19.139+0000] {dag.py:3239} INFO - Sync 2 DAGs
[2025-04-02T07:59:19.185+0000] {logging_mixin.py:190} INFO - [2025-04-02T07:59:19.184+0000] {dag.py:4180} INFO - Setting next_dagrun for example_xcom_args to None, run_after=None
[2025-04-02T07:59:19.193+0000] {logging_mixin.py:190} INFO - [2025-04-02T07:59:19.193+0000] {dag.py:4180} INFO - Setting next_dagrun for example_xcom_args_with_operators to None, run_after=None
[2025-04-02T07:59:19.256+0000] {processor.py:208} INFO - Processing /home/airflow/.local/lib/python3.12/site-packages/airflow/example_dags/example_xcomargs.py took 0.267 seconds
[2025-04-02T07:59:50.155+0000] {processor.py:186} INFO - Started process (PID=6836) to work on /home/airflow/.local/lib/python3.12/site-packages/airflow/example_dags/example_xcomargs.py
[2025-04-02T07:59:50.158+0000] {processor.py:914} INFO - Processing file /home/airflow/.local/lib/python3.12/site-packages/airflow/example_dags/example_xcomargs.py for tasks to queue
[2025-04-02T07:59:50.171+0000] {logging_mixin.py:190} INFO - [2025-04-02T07:59:50.170+0000] {dagbag.py:588} INFO - Filling up the DagBag from /home/airflow/.local/lib/python3.12/site-packages/airflow/example_dags/example_xcomargs.py
[2025-04-02T07:59:50.197+0000] {processor.py:925} INFO - DAG(s) 'example_xcom_args_with_operators', 'example_xcom_args' retrieved from /home/airflow/.local/lib/python3.12/site-packages/airflow/example_dags/example_xcomargs.py
[2025-04-02T07:59:50.266+0000] {logging_mixin.py:190} INFO - [2025-04-02T07:59:50.265+0000] {dag.py:3239} INFO - Sync 2 DAGs
[2025-04-02T07:59:50.303+0000] {logging_mixin.py:190} INFO - [2025-04-02T07:59:50.300+0000] {dag.py:4180} INFO - Setting next_dagrun for example_xcom_args to None, run_after=None
[2025-04-02T07:59:50.315+0000] {logging_mixin.py:190} INFO - [2025-04-02T07:59:50.314+0000] {dag.py:4180} INFO - Setting next_dagrun for example_xcom_args_with_operators to None, run_after=None
[2025-04-02T07:59:50.357+0000] {processor.py:208} INFO - Processing /home/airflow/.local/lib/python3.12/site-packages/airflow/example_dags/example_xcomargs.py took 0.230 seconds
[2025-04-02T08:00:20.594+0000] {processor.py:186} INFO - Started process (PID=6916) to work on /home/airflow/.local/lib/python3.12/site-packages/airflow/example_dags/example_xcomargs.py
[2025-04-02T08:00:20.595+0000] {processor.py:914} INFO - Processing file /home/airflow/.local/lib/python3.12/site-packages/airflow/example_dags/example_xcomargs.py for tasks to queue
[2025-04-02T08:00:20.606+0000] {logging_mixin.py:190} INFO - [2025-04-02T08:00:20.605+0000] {dagbag.py:588} INFO - Filling up the DagBag from /home/airflow/.local/lib/python3.12/site-packages/airflow/example_dags/example_xcomargs.py
[2025-04-02T08:00:20.671+0000] {processor.py:925} INFO - DAG(s) 'example_xcom_args_with_operators', 'example_xcom_args' retrieved from /home/airflow/.local/lib/python3.12/site-packages/airflow/example_dags/example_xcomargs.py
[2025-04-02T08:00:20.801+0000] {logging_mixin.py:190} INFO - [2025-04-02T08:00:20.800+0000] {dag.py:3239} INFO - Sync 2 DAGs
[2025-04-02T08:00:20.892+0000] {logging_mixin.py:190} INFO - [2025-04-02T08:00:20.890+0000] {dag.py:4180} INFO - Setting next_dagrun for example_xcom_args to None, run_after=None
[2025-04-02T08:00:20.908+0000] {logging_mixin.py:190} INFO - [2025-04-02T08:00:20.907+0000] {dag.py:4180} INFO - Setting next_dagrun for example_xcom_args_with_operators to None, run_after=None
[2025-04-02T08:00:20.954+0000] {processor.py:208} INFO - Processing /home/airflow/.local/lib/python3.12/site-packages/airflow/example_dags/example_xcomargs.py took 0.399 seconds
[2025-04-02T08:00:51.663+0000] {processor.py:186} INFO - Started process (PID=6989) to work on /home/airflow/.local/lib/python3.12/site-packages/airflow/example_dags/example_xcomargs.py
[2025-04-02T08:00:51.665+0000] {processor.py:914} INFO - Processing file /home/airflow/.local/lib/python3.12/site-packages/airflow/example_dags/example_xcomargs.py for tasks to queue
[2025-04-02T08:00:51.673+0000] {logging_mixin.py:190} INFO - [2025-04-02T08:00:51.672+0000] {dagbag.py:588} INFO - Filling up the DagBag from /home/airflow/.local/lib/python3.12/site-packages/airflow/example_dags/example_xcomargs.py
[2025-04-02T08:00:51.720+0000] {processor.py:925} INFO - DAG(s) 'example_xcom_args_with_operators', 'example_xcom_args' retrieved from /home/airflow/.local/lib/python3.12/site-packages/airflow/example_dags/example_xcomargs.py
[2025-04-02T08:00:51.803+0000] {logging_mixin.py:190} INFO - [2025-04-02T08:00:51.802+0000] {dag.py:3239} INFO - Sync 2 DAGs
[2025-04-02T08:00:51.854+0000] {logging_mixin.py:190} INFO - [2025-04-02T08:00:51.853+0000] {dag.py:4180} INFO - Setting next_dagrun for example_xcom_args to None, run_after=None
[2025-04-02T08:00:51.865+0000] {logging_mixin.py:190} INFO - [2025-04-02T08:00:51.864+0000] {dag.py:4180} INFO - Setting next_dagrun for example_xcom_args_with_operators to None, run_after=None
[2025-04-02T08:00:51.904+0000] {processor.py:208} INFO - Processing /home/airflow/.local/lib/python3.12/site-packages/airflow/example_dags/example_xcomargs.py took 0.260 seconds
[2025-04-02T08:01:22.137+0000] {processor.py:186} INFO - Started process (PID=7073) to work on /home/airflow/.local/lib/python3.12/site-packages/airflow/example_dags/example_xcomargs.py
[2025-04-02T08:01:22.140+0000] {processor.py:914} INFO - Processing file /home/airflow/.local/lib/python3.12/site-packages/airflow/example_dags/example_xcomargs.py for tasks to queue
[2025-04-02T08:01:22.145+0000] {logging_mixin.py:190} INFO - [2025-04-02T08:01:22.145+0000] {dagbag.py:588} INFO - Filling up the DagBag from /home/airflow/.local/lib/python3.12/site-packages/airflow/example_dags/example_xcomargs.py
[2025-04-02T08:01:22.178+0000] {processor.py:925} INFO - DAG(s) 'example_xcom_args_with_operators', 'example_xcom_args' retrieved from /home/airflow/.local/lib/python3.12/site-packages/airflow/example_dags/example_xcomargs.py
[2025-04-02T08:01:22.283+0000] {logging_mixin.py:190} INFO - [2025-04-02T08:01:22.282+0000] {dag.py:3239} INFO - Sync 2 DAGs
[2025-04-02T08:01:22.354+0000] {logging_mixin.py:190} INFO - [2025-04-02T08:01:22.353+0000] {dag.py:4180} INFO - Setting next_dagrun for example_xcom_args to None, run_after=None
[2025-04-02T08:01:22.373+0000] {logging_mixin.py:190} INFO - [2025-04-02T08:01:22.373+0000] {dag.py:4180} INFO - Setting next_dagrun for example_xcom_args_with_operators to None, run_after=None
[2025-04-02T08:01:22.416+0000] {processor.py:208} INFO - Processing /home/airflow/.local/lib/python3.12/site-packages/airflow/example_dags/example_xcomargs.py took 0.295 seconds
[2025-04-02T08:01:52.961+0000] {processor.py:186} INFO - Started process (PID=7142) to work on /home/airflow/.local/lib/python3.12/site-packages/airflow/example_dags/example_xcomargs.py
[2025-04-02T08:01:52.963+0000] {processor.py:914} INFO - Processing file /home/airflow/.local/lib/python3.12/site-packages/airflow/example_dags/example_xcomargs.py for tasks to queue
[2025-04-02T08:01:52.971+0000] {logging_mixin.py:190} INFO - [2025-04-02T08:01:52.970+0000] {dagbag.py:588} INFO - Filling up the DagBag from /home/airflow/.local/lib/python3.12/site-packages/airflow/example_dags/example_xcomargs.py
[2025-04-02T08:01:53.011+0000] {processor.py:925} INFO - DAG(s) 'example_xcom_args_with_operators', 'example_xcom_args' retrieved from /home/airflow/.local/lib/python3.12/site-packages/airflow/example_dags/example_xcomargs.py
[2025-04-02T08:01:53.103+0000] {logging_mixin.py:190} INFO - [2025-04-02T08:01:53.102+0000] {dag.py:3239} INFO - Sync 2 DAGs
[2025-04-02T08:01:53.144+0000] {logging_mixin.py:190} INFO - [2025-04-02T08:01:53.143+0000] {dag.py:4180} INFO - Setting next_dagrun for example_xcom_args to None, run_after=None
[2025-04-02T08:01:53.153+0000] {logging_mixin.py:190} INFO - [2025-04-02T08:01:53.152+0000] {dag.py:4180} INFO - Setting next_dagrun for example_xcom_args_with_operators to None, run_after=None
[2025-04-02T08:01:53.190+0000] {processor.py:208} INFO - Processing /home/airflow/.local/lib/python3.12/site-packages/airflow/example_dags/example_xcomargs.py took 0.250 seconds
[2025-04-02T08:02:23.403+0000] {processor.py:186} INFO - Started process (PID=7228) to work on /home/airflow/.local/lib/python3.12/site-packages/airflow/example_dags/example_xcomargs.py
[2025-04-02T08:02:23.405+0000] {processor.py:914} INFO - Processing file /home/airflow/.local/lib/python3.12/site-packages/airflow/example_dags/example_xcomargs.py for tasks to queue
[2025-04-02T08:02:23.410+0000] {logging_mixin.py:190} INFO - [2025-04-02T08:02:23.409+0000] {dagbag.py:588} INFO - Filling up the DagBag from /home/airflow/.local/lib/python3.12/site-packages/airflow/example_dags/example_xcomargs.py
[2025-04-02T08:02:23.442+0000] {processor.py:925} INFO - DAG(s) 'example_xcom_args_with_operators', 'example_xcom_args' retrieved from /home/airflow/.local/lib/python3.12/site-packages/airflow/example_dags/example_xcomargs.py
[2025-04-02T08:02:23.503+0000] {logging_mixin.py:190} INFO - [2025-04-02T08:02:23.503+0000] {dag.py:3239} INFO - Sync 2 DAGs
[2025-04-02T08:02:23.552+0000] {logging_mixin.py:190} INFO - [2025-04-02T08:02:23.552+0000] {dag.py:4180} INFO - Setting next_dagrun for example_xcom_args to None, run_after=None
[2025-04-02T08:02:23.565+0000] {logging_mixin.py:190} INFO - [2025-04-02T08:02:23.565+0000] {dag.py:4180} INFO - Setting next_dagrun for example_xcom_args_with_operators to None, run_after=None
[2025-04-02T08:02:23.617+0000] {processor.py:208} INFO - Processing /home/airflow/.local/lib/python3.12/site-packages/airflow/example_dags/example_xcomargs.py took 0.230 seconds
[2025-04-02T08:02:54.247+0000] {processor.py:186} INFO - Started process (PID=7296) to work on /home/airflow/.local/lib/python3.12/site-packages/airflow/example_dags/example_xcomargs.py
[2025-04-02T08:02:54.254+0000] {processor.py:914} INFO - Processing file /home/airflow/.local/lib/python3.12/site-packages/airflow/example_dags/example_xcomargs.py for tasks to queue
[2025-04-02T08:02:54.261+0000] {logging_mixin.py:190} INFO - [2025-04-02T08:02:54.260+0000] {dagbag.py:588} INFO - Filling up the DagBag from /home/airflow/.local/lib/python3.12/site-packages/airflow/example_dags/example_xcomargs.py
[2025-04-02T08:02:54.308+0000] {processor.py:925} INFO - DAG(s) 'example_xcom_args', 'example_xcom_args_with_operators' retrieved from /home/airflow/.local/lib/python3.12/site-packages/airflow/example_dags/example_xcomargs.py
[2025-04-02T08:02:54.385+0000] {logging_mixin.py:190} INFO - [2025-04-02T08:02:54.385+0000] {dag.py:3239} INFO - Sync 2 DAGs
[2025-04-02T08:02:54.424+0000] {logging_mixin.py:190} INFO - [2025-04-02T08:02:54.424+0000] {dag.py:4180} INFO - Setting next_dagrun for example_xcom_args to None, run_after=None
[2025-04-02T08:02:54.434+0000] {logging_mixin.py:190} INFO - [2025-04-02T08:02:54.434+0000] {dag.py:4180} INFO - Setting next_dagrun for example_xcom_args_with_operators to None, run_after=None
[2025-04-02T08:02:54.475+0000] {processor.py:208} INFO - Processing /home/airflow/.local/lib/python3.12/site-packages/airflow/example_dags/example_xcomargs.py took 0.258 seconds
[2025-04-02T08:03:25.059+0000] {processor.py:186} INFO - Started process (PID=7374) to work on /home/airflow/.local/lib/python3.12/site-packages/airflow/example_dags/example_xcomargs.py
[2025-04-02T08:03:25.064+0000] {processor.py:914} INFO - Processing file /home/airflow/.local/lib/python3.12/site-packages/airflow/example_dags/example_xcomargs.py for tasks to queue
[2025-04-02T08:03:25.071+0000] {logging_mixin.py:190} INFO - [2025-04-02T08:03:25.071+0000] {dagbag.py:588} INFO - Filling up the DagBag from /home/airflow/.local/lib/python3.12/site-packages/airflow/example_dags/example_xcomargs.py
[2025-04-02T08:03:25.134+0000] {processor.py:925} INFO - DAG(s) 'example_xcom_args', 'example_xcom_args_with_operators' retrieved from /home/airflow/.local/lib/python3.12/site-packages/airflow/example_dags/example_xcomargs.py
[2025-04-02T08:03:25.242+0000] {logging_mixin.py:190} INFO - [2025-04-02T08:03:25.241+0000] {dag.py:3239} INFO - Sync 2 DAGs
[2025-04-02T08:03:25.307+0000] {logging_mixin.py:190} INFO - [2025-04-02T08:03:25.307+0000] {dag.py:4180} INFO - Setting next_dagrun for example_xcom_args to None, run_after=None
[2025-04-02T08:03:25.324+0000] {logging_mixin.py:190} INFO - [2025-04-02T08:03:25.324+0000] {dag.py:4180} INFO - Setting next_dagrun for example_xcom_args_with_operators to None, run_after=None
[2025-04-02T08:03:25.387+0000] {processor.py:208} INFO - Processing /home/airflow/.local/lib/python3.12/site-packages/airflow/example_dags/example_xcomargs.py took 0.354 seconds
[2025-04-02T08:03:56.295+0000] {processor.py:186} INFO - Started process (PID=7443) to work on /home/airflow/.local/lib/python3.12/site-packages/airflow/example_dags/example_xcomargs.py
[2025-04-02T08:03:56.298+0000] {processor.py:914} INFO - Processing file /home/airflow/.local/lib/python3.12/site-packages/airflow/example_dags/example_xcomargs.py for tasks to queue
[2025-04-02T08:03:56.310+0000] {logging_mixin.py:190} INFO - [2025-04-02T08:03:56.309+0000] {dagbag.py:588} INFO - Filling up the DagBag from /home/airflow/.local/lib/python3.12/site-packages/airflow/example_dags/example_xcomargs.py
[2025-04-02T08:03:56.376+0000] {processor.py:925} INFO - DAG(s) 'example_xcom_args', 'example_xcom_args_with_operators' retrieved from /home/airflow/.local/lib/python3.12/site-packages/airflow/example_dags/example_xcomargs.py
[2025-04-02T08:03:56.475+0000] {logging_mixin.py:190} INFO - [2025-04-02T08:03:56.474+0000] {dag.py:3239} INFO - Sync 2 DAGs
[2025-04-02T08:03:56.547+0000] {logging_mixin.py:190} INFO - [2025-04-02T08:03:56.546+0000] {dag.py:4180} INFO - Setting next_dagrun for example_xcom_args to None, run_after=None
[2025-04-02T08:03:56.575+0000] {logging_mixin.py:190} INFO - [2025-04-02T08:03:56.575+0000] {dag.py:4180} INFO - Setting next_dagrun for example_xcom_args_with_operators to None, run_after=None
[2025-04-02T08:03:56.676+0000] {processor.py:208} INFO - Processing /home/airflow/.local/lib/python3.12/site-packages/airflow/example_dags/example_xcomargs.py took 0.422 seconds
[2025-04-02T08:04:27.101+0000] {processor.py:186} INFO - Started process (PID=7520) to work on /home/airflow/.local/lib/python3.12/site-packages/airflow/example_dags/example_xcomargs.py
[2025-04-02T08:04:27.103+0000] {processor.py:914} INFO - Processing file /home/airflow/.local/lib/python3.12/site-packages/airflow/example_dags/example_xcomargs.py for tasks to queue
[2025-04-02T08:04:27.111+0000] {logging_mixin.py:190} INFO - [2025-04-02T08:04:27.110+0000] {dagbag.py:588} INFO - Filling up the DagBag from /home/airflow/.local/lib/python3.12/site-packages/airflow/example_dags/example_xcomargs.py
[2025-04-02T08:04:27.152+0000] {processor.py:925} INFO - DAG(s) 'example_xcom_args', 'example_xcom_args_with_operators' retrieved from /home/airflow/.local/lib/python3.12/site-packages/airflow/example_dags/example_xcomargs.py
[2025-04-02T08:04:27.219+0000] {logging_mixin.py:190} INFO - [2025-04-02T08:04:27.218+0000] {dag.py:3239} INFO - Sync 2 DAGs
[2025-04-02T08:04:27.272+0000] {logging_mixin.py:190} INFO - [2025-04-02T08:04:27.271+0000] {dag.py:4180} INFO - Setting next_dagrun for example_xcom_args to None, run_after=None
[2025-04-02T08:04:27.287+0000] {logging_mixin.py:190} INFO - [2025-04-02T08:04:27.287+0000] {dag.py:4180} INFO - Setting next_dagrun for example_xcom_args_with_operators to None, run_after=None
[2025-04-02T08:04:27.342+0000] {processor.py:208} INFO - Processing /home/airflow/.local/lib/python3.12/site-packages/airflow/example_dags/example_xcomargs.py took 0.259 seconds
[2025-04-02T08:04:57.679+0000] {processor.py:186} INFO - Started process (PID=7592) to work on /home/airflow/.local/lib/python3.12/site-packages/airflow/example_dags/example_xcomargs.py
[2025-04-02T08:04:57.683+0000] {processor.py:914} INFO - Processing file /home/airflow/.local/lib/python3.12/site-packages/airflow/example_dags/example_xcomargs.py for tasks to queue
[2025-04-02T08:04:57.692+0000] {logging_mixin.py:190} INFO - [2025-04-02T08:04:57.691+0000] {dagbag.py:588} INFO - Filling up the DagBag from /home/airflow/.local/lib/python3.12/site-packages/airflow/example_dags/example_xcomargs.py
[2025-04-02T08:04:57.737+0000] {processor.py:925} INFO - DAG(s) 'example_xcom_args', 'example_xcom_args_with_operators' retrieved from /home/airflow/.local/lib/python3.12/site-packages/airflow/example_dags/example_xcomargs.py
[2025-04-02T08:04:57.807+0000] {logging_mixin.py:190} INFO - [2025-04-02T08:04:57.807+0000] {dag.py:3239} INFO - Sync 2 DAGs
[2025-04-02T08:04:57.854+0000] {logging_mixin.py:190} INFO - [2025-04-02T08:04:57.853+0000] {dag.py:4180} INFO - Setting next_dagrun for example_xcom_args to None, run_after=None
[2025-04-02T08:04:57.864+0000] {logging_mixin.py:190} INFO - [2025-04-02T08:04:57.864+0000] {dag.py:4180} INFO - Setting next_dagrun for example_xcom_args_with_operators to None, run_after=None
[2025-04-02T08:04:57.905+0000] {processor.py:208} INFO - Processing /home/airflow/.local/lib/python3.12/site-packages/airflow/example_dags/example_xcomargs.py took 0.253 seconds
[2025-04-02T08:05:28.102+0000] {processor.py:186} INFO - Started process (PID=7657) to work on /home/airflow/.local/lib/python3.12/site-packages/airflow/example_dags/example_xcomargs.py
[2025-04-02T08:05:28.106+0000] {processor.py:914} INFO - Processing file /home/airflow/.local/lib/python3.12/site-packages/airflow/example_dags/example_xcomargs.py for tasks to queue
[2025-04-02T08:05:28.115+0000] {logging_mixin.py:190} INFO - [2025-04-02T08:05:28.114+0000] {dagbag.py:588} INFO - Filling up the DagBag from /home/airflow/.local/lib/python3.12/site-packages/airflow/example_dags/example_xcomargs.py
[2025-04-02T08:05:28.169+0000] {processor.py:925} INFO - DAG(s) 'example_xcom_args_with_operators', 'example_xcom_args' retrieved from /home/airflow/.local/lib/python3.12/site-packages/airflow/example_dags/example_xcomargs.py
[2025-04-02T08:05:28.275+0000] {logging_mixin.py:190} INFO - [2025-04-02T08:05:28.273+0000] {dag.py:3239} INFO - Sync 2 DAGs
[2025-04-02T08:05:28.364+0000] {logging_mixin.py:190} INFO - [2025-04-02T08:05:28.358+0000] {dag.py:4180} INFO - Setting next_dagrun for example_xcom_args to None, run_after=None
[2025-04-02T08:05:28.377+0000] {logging_mixin.py:190} INFO - [2025-04-02T08:05:28.376+0000] {dag.py:4180} INFO - Setting next_dagrun for example_xcom_args_with_operators to None, run_after=None
[2025-04-02T08:05:28.437+0000] {processor.py:208} INFO - Processing /home/airflow/.local/lib/python3.12/site-packages/airflow/example_dags/example_xcomargs.py took 0.360 seconds
[2025-04-02T08:05:59.998+0000] {processor.py:186} INFO - Started process (PID=7740) to work on /home/airflow/.local/lib/python3.12/site-packages/airflow/example_dags/example_xcomargs.py
[2025-04-02T08:06:00.030+0000] {processor.py:914} INFO - Processing file /home/airflow/.local/lib/python3.12/site-packages/airflow/example_dags/example_xcomargs.py for tasks to queue
[2025-04-02T08:06:00.078+0000] {logging_mixin.py:190} INFO - [2025-04-02T08:06:00.069+0000] {dagbag.py:588} INFO - Filling up the DagBag from /home/airflow/.local/lib/python3.12/site-packages/airflow/example_dags/example_xcomargs.py
[2025-04-02T08:06:00.596+0000] {processor.py:925} INFO - DAG(s) 'example_xcom_args', 'example_xcom_args_with_operators' retrieved from /home/airflow/.local/lib/python3.12/site-packages/airflow/example_dags/example_xcomargs.py
[2025-04-02T08:06:01.324+0000] {logging_mixin.py:190} INFO - [2025-04-02T08:06:01.312+0000] {dag.py:3239} INFO - Sync 2 DAGs
[2025-04-02T08:06:01.675+0000] {logging_mixin.py:190} INFO - [2025-04-02T08:06:01.675+0000] {dag.py:4180} INFO - Setting next_dagrun for example_xcom_args to None, run_after=None
[2025-04-02T08:06:01.761+0000] {logging_mixin.py:190} INFO - [2025-04-02T08:06:01.752+0000] {dag.py:4180} INFO - Setting next_dagrun for example_xcom_args_with_operators to None, run_after=None
[2025-04-02T08:06:02.069+0000] {processor.py:208} INFO - Processing /home/airflow/.local/lib/python3.12/site-packages/airflow/example_dags/example_xcomargs.py took 2.302 seconds
[2025-04-02T08:06:36.948+0000] {processor.py:186} INFO - Started process (PID=7804) to work on /home/airflow/.local/lib/python3.12/site-packages/airflow/example_dags/example_xcomargs.py
[2025-04-02T08:06:36.957+0000] {processor.py:914} INFO - Processing file /home/airflow/.local/lib/python3.12/site-packages/airflow/example_dags/example_xcomargs.py for tasks to queue
[2025-04-02T08:06:36.968+0000] {logging_mixin.py:190} INFO - [2025-04-02T08:06:36.965+0000] {dagbag.py:588} INFO - Filling up the DagBag from /home/airflow/.local/lib/python3.12/site-packages/airflow/example_dags/example_xcomargs.py
[2025-04-02T08:06:37.038+0000] {processor.py:925} INFO - DAG(s) 'example_xcom_args_with_operators', 'example_xcom_args' retrieved from /home/airflow/.local/lib/python3.12/site-packages/airflow/example_dags/example_xcomargs.py
[2025-04-02T08:06:37.141+0000] {logging_mixin.py:190} INFO - [2025-04-02T08:06:37.141+0000] {dag.py:3239} INFO - Sync 2 DAGs
[2025-04-02T08:06:37.179+0000] {logging_mixin.py:190} INFO - [2025-04-02T08:06:37.178+0000] {dag.py:4180} INFO - Setting next_dagrun for example_xcom_args to None, run_after=None
[2025-04-02T08:06:37.196+0000] {logging_mixin.py:190} INFO - [2025-04-02T08:06:37.196+0000] {dag.py:4180} INFO - Setting next_dagrun for example_xcom_args_with_operators to None, run_after=None
[2025-04-02T08:06:37.239+0000] {processor.py:208} INFO - Processing /home/airflow/.local/lib/python3.12/site-packages/airflow/example_dags/example_xcomargs.py took 0.345 seconds
[2025-04-02T08:07:07.600+0000] {processor.py:186} INFO - Started process (PID=7868) to work on /home/airflow/.local/lib/python3.12/site-packages/airflow/example_dags/example_xcomargs.py
[2025-04-02T08:07:07.604+0000] {processor.py:914} INFO - Processing file /home/airflow/.local/lib/python3.12/site-packages/airflow/example_dags/example_xcomargs.py for tasks to queue
[2025-04-02T08:07:07.613+0000] {logging_mixin.py:190} INFO - [2025-04-02T08:07:07.612+0000] {dagbag.py:588} INFO - Filling up the DagBag from /home/airflow/.local/lib/python3.12/site-packages/airflow/example_dags/example_xcomargs.py
[2025-04-02T08:07:07.655+0000] {processor.py:925} INFO - DAG(s) 'example_xcom_args_with_operators', 'example_xcom_args' retrieved from /home/airflow/.local/lib/python3.12/site-packages/airflow/example_dags/example_xcomargs.py
[2025-04-02T08:07:07.798+0000] {logging_mixin.py:190} INFO - [2025-04-02T08:07:07.797+0000] {dag.py:3239} INFO - Sync 2 DAGs
[2025-04-02T08:07:07.878+0000] {logging_mixin.py:190} INFO - [2025-04-02T08:07:07.877+0000] {dag.py:4180} INFO - Setting next_dagrun for example_xcom_args to None, run_after=None
[2025-04-02T08:07:07.892+0000] {logging_mixin.py:190} INFO - [2025-04-02T08:07:07.891+0000] {dag.py:4180} INFO - Setting next_dagrun for example_xcom_args_with_operators to None, run_after=None
[2025-04-02T08:07:07.952+0000] {processor.py:208} INFO - Processing /home/airflow/.local/lib/python3.12/site-packages/airflow/example_dags/example_xcomargs.py took 0.371 seconds
[2025-04-02T08:07:38.201+0000] {processor.py:186} INFO - Started process (PID=7957) to work on /home/airflow/.local/lib/python3.12/site-packages/airflow/example_dags/example_xcomargs.py
[2025-04-02T08:07:38.204+0000] {processor.py:914} INFO - Processing file /home/airflow/.local/lib/python3.12/site-packages/airflow/example_dags/example_xcomargs.py for tasks to queue
[2025-04-02T08:07:38.216+0000] {logging_mixin.py:190} INFO - [2025-04-02T08:07:38.211+0000] {dagbag.py:588} INFO - Filling up the DagBag from /home/airflow/.local/lib/python3.12/site-packages/airflow/example_dags/example_xcomargs.py
[2025-04-02T08:07:38.268+0000] {processor.py:925} INFO - DAG(s) 'example_xcom_args_with_operators', 'example_xcom_args' retrieved from /home/airflow/.local/lib/python3.12/site-packages/airflow/example_dags/example_xcomargs.py
[2025-04-02T08:07:38.354+0000] {logging_mixin.py:190} INFO - [2025-04-02T08:07:38.353+0000] {dag.py:3239} INFO - Sync 2 DAGs
[2025-04-02T08:07:38.405+0000] {logging_mixin.py:190} INFO - [2025-04-02T08:07:38.405+0000] {dag.py:4180} INFO - Setting next_dagrun for example_xcom_args to None, run_after=None
[2025-04-02T08:07:38.419+0000] {logging_mixin.py:190} INFO - [2025-04-02T08:07:38.419+0000] {dag.py:4180} INFO - Setting next_dagrun for example_xcom_args_with_operators to None, run_after=None
[2025-04-02T08:07:38.477+0000] {processor.py:208} INFO - Processing /home/airflow/.local/lib/python3.12/site-packages/airflow/example_dags/example_xcomargs.py took 0.291 seconds
[2025-04-02T08:08:09.773+0000] {processor.py:186} INFO - Started process (PID=8018) to work on /home/airflow/.local/lib/python3.12/site-packages/airflow/example_dags/example_xcomargs.py
[2025-04-02T08:08:09.774+0000] {processor.py:914} INFO - Processing file /home/airflow/.local/lib/python3.12/site-packages/airflow/example_dags/example_xcomargs.py for tasks to queue
[2025-04-02T08:08:09.780+0000] {logging_mixin.py:190} INFO - [2025-04-02T08:08:09.779+0000] {dagbag.py:588} INFO - Filling up the DagBag from /home/airflow/.local/lib/python3.12/site-packages/airflow/example_dags/example_xcomargs.py
[2025-04-02T08:08:09.808+0000] {processor.py:925} INFO - DAG(s) 'example_xcom_args_with_operators', 'example_xcom_args' retrieved from /home/airflow/.local/lib/python3.12/site-packages/airflow/example_dags/example_xcomargs.py
[2025-04-02T08:08:09.870+0000] {logging_mixin.py:190} INFO - [2025-04-02T08:08:09.870+0000] {dag.py:3239} INFO - Sync 2 DAGs
[2025-04-02T08:08:09.920+0000] {logging_mixin.py:190} INFO - [2025-04-02T08:08:09.919+0000] {dag.py:4180} INFO - Setting next_dagrun for example_xcom_args to None, run_after=None
[2025-04-02T08:08:09.930+0000] {logging_mixin.py:190} INFO - [2025-04-02T08:08:09.929+0000] {dag.py:4180} INFO - Setting next_dagrun for example_xcom_args_with_operators to None, run_after=None
[2025-04-02T08:08:09.971+0000] {processor.py:208} INFO - Processing /home/airflow/.local/lib/python3.12/site-packages/airflow/example_dags/example_xcomargs.py took 0.214 seconds
[2025-04-02T08:08:41.185+0000] {processor.py:186} INFO - Started process (PID=8090) to work on /home/airflow/.local/lib/python3.12/site-packages/airflow/example_dags/example_xcomargs.py
[2025-04-02T08:08:41.188+0000] {processor.py:914} INFO - Processing file /home/airflow/.local/lib/python3.12/site-packages/airflow/example_dags/example_xcomargs.py for tasks to queue
[2025-04-02T08:08:41.196+0000] {logging_mixin.py:190} INFO - [2025-04-02T08:08:41.194+0000] {dagbag.py:588} INFO - Filling up the DagBag from /home/airflow/.local/lib/python3.12/site-packages/airflow/example_dags/example_xcomargs.py
[2025-04-02T08:08:41.241+0000] {processor.py:925} INFO - DAG(s) 'example_xcom_args_with_operators', 'example_xcom_args' retrieved from /home/airflow/.local/lib/python3.12/site-packages/airflow/example_dags/example_xcomargs.py
[2025-04-02T08:08:41.367+0000] {logging_mixin.py:190} INFO - [2025-04-02T08:08:41.366+0000] {dag.py:3239} INFO - Sync 2 DAGs
[2025-04-02T08:08:41.418+0000] {logging_mixin.py:190} INFO - [2025-04-02T08:08:41.418+0000] {dag.py:4180} INFO - Setting next_dagrun for example_xcom_args to None, run_after=None
[2025-04-02T08:08:41.434+0000] {logging_mixin.py:190} INFO - [2025-04-02T08:08:41.434+0000] {dag.py:4180} INFO - Setting next_dagrun for example_xcom_args_with_operators to None, run_after=None
[2025-04-02T08:08:41.491+0000] {processor.py:208} INFO - Processing /home/airflow/.local/lib/python3.12/site-packages/airflow/example_dags/example_xcomargs.py took 0.328 seconds
[2025-04-02T08:09:14.787+0000] {processor.py:186} INFO - Started process (PID=8158) to work on /home/airflow/.local/lib/python3.12/site-packages/airflow/example_dags/example_xcomargs.py
[2025-04-02T08:09:14.794+0000] {processor.py:914} INFO - Processing file /home/airflow/.local/lib/python3.12/site-packages/airflow/example_dags/example_xcomargs.py for tasks to queue
[2025-04-02T08:09:14.809+0000] {logging_mixin.py:190} INFO - [2025-04-02T08:09:14.808+0000] {dagbag.py:588} INFO - Filling up the DagBag from /home/airflow/.local/lib/python3.12/site-packages/airflow/example_dags/example_xcomargs.py
[2025-04-02T08:09:14.861+0000] {processor.py:925} INFO - DAG(s) 'example_xcom_args_with_operators', 'example_xcom_args' retrieved from /home/airflow/.local/lib/python3.12/site-packages/airflow/example_dags/example_xcomargs.py
[2025-04-02T08:09:14.973+0000] {logging_mixin.py:190} INFO - [2025-04-02T08:09:14.971+0000] {dag.py:3239} INFO - Sync 2 DAGs
[2025-04-02T08:09:15.050+0000] {logging_mixin.py:190} INFO - [2025-04-02T08:09:15.049+0000] {dag.py:4180} INFO - Setting next_dagrun for example_xcom_args to None, run_after=None
[2025-04-02T08:09:15.059+0000] {logging_mixin.py:190} INFO - [2025-04-02T08:09:15.058+0000] {dag.py:4180} INFO - Setting next_dagrun for example_xcom_args_with_operators to None, run_after=None
[2025-04-02T08:09:15.104+0000] {processor.py:208} INFO - Processing /home/airflow/.local/lib/python3.12/site-packages/airflow/example_dags/example_xcomargs.py took 0.348 seconds
[2025-04-02T08:09:45.633+0000] {processor.py:186} INFO - Started process (PID=8230) to work on /home/airflow/.local/lib/python3.12/site-packages/airflow/example_dags/example_xcomargs.py
[2025-04-02T08:09:45.639+0000] {processor.py:914} INFO - Processing file /home/airflow/.local/lib/python3.12/site-packages/airflow/example_dags/example_xcomargs.py for tasks to queue
[2025-04-02T08:09:45.655+0000] {logging_mixin.py:190} INFO - [2025-04-02T08:09:45.655+0000] {dagbag.py:588} INFO - Filling up the DagBag from /home/airflow/.local/lib/python3.12/site-packages/airflow/example_dags/example_xcomargs.py
[2025-04-02T08:09:45.735+0000] {processor.py:925} INFO - DAG(s) 'example_xcom_args', 'example_xcom_args_with_operators' retrieved from /home/airflow/.local/lib/python3.12/site-packages/airflow/example_dags/example_xcomargs.py
[2025-04-02T08:09:45.875+0000] {logging_mixin.py:190} INFO - [2025-04-02T08:09:45.875+0000] {dag.py:3239} INFO - Sync 2 DAGs
[2025-04-02T08:09:45.956+0000] {logging_mixin.py:190} INFO - [2025-04-02T08:09:45.949+0000] {dag.py:4180} INFO - Setting next_dagrun for example_xcom_args to None, run_after=None
[2025-04-02T08:09:45.966+0000] {logging_mixin.py:190} INFO - [2025-04-02T08:09:45.965+0000] {dag.py:4180} INFO - Setting next_dagrun for example_xcom_args_with_operators to None, run_after=None
[2025-04-02T08:09:46.034+0000] {processor.py:208} INFO - Processing /home/airflow/.local/lib/python3.12/site-packages/airflow/example_dags/example_xcomargs.py took 0.426 seconds
[2025-04-02T08:10:16.687+0000] {processor.py:186} INFO - Started process (PID=8304) to work on /home/airflow/.local/lib/python3.12/site-packages/airflow/example_dags/example_xcomargs.py
[2025-04-02T08:10:16.690+0000] {processor.py:914} INFO - Processing file /home/airflow/.local/lib/python3.12/site-packages/airflow/example_dags/example_xcomargs.py for tasks to queue
[2025-04-02T08:10:16.701+0000] {logging_mixin.py:190} INFO - [2025-04-02T08:10:16.697+0000] {dagbag.py:588} INFO - Filling up the DagBag from /home/airflow/.local/lib/python3.12/site-packages/airflow/example_dags/example_xcomargs.py
[2025-04-02T08:10:16.760+0000] {processor.py:925} INFO - DAG(s) 'example_xcom_args', 'example_xcom_args_with_operators' retrieved from /home/airflow/.local/lib/python3.12/site-packages/airflow/example_dags/example_xcomargs.py
[2025-04-02T08:10:16.853+0000] {logging_mixin.py:190} INFO - [2025-04-02T08:10:16.852+0000] {dag.py:3239} INFO - Sync 2 DAGs
[2025-04-02T08:10:16.917+0000] {logging_mixin.py:190} INFO - [2025-04-02T08:10:16.917+0000] {dag.py:4180} INFO - Setting next_dagrun for example_xcom_args to None, run_after=None
[2025-04-02T08:10:16.933+0000] {logging_mixin.py:190} INFO - [2025-04-02T08:10:16.933+0000] {dag.py:4180} INFO - Setting next_dagrun for example_xcom_args_with_operators to None, run_after=None
[2025-04-02T08:10:16.999+0000] {processor.py:208} INFO - Processing /home/airflow/.local/lib/python3.12/site-packages/airflow/example_dags/example_xcomargs.py took 0.332 seconds
[2025-04-02T08:10:47.823+0000] {processor.py:186} INFO - Started process (PID=8372) to work on /home/airflow/.local/lib/python3.12/site-packages/airflow/example_dags/example_xcomargs.py
[2025-04-02T08:10:47.825+0000] {processor.py:914} INFO - Processing file /home/airflow/.local/lib/python3.12/site-packages/airflow/example_dags/example_xcomargs.py for tasks to queue
[2025-04-02T08:10:47.834+0000] {logging_mixin.py:190} INFO - [2025-04-02T08:10:47.833+0000] {dagbag.py:588} INFO - Filling up the DagBag from /home/airflow/.local/lib/python3.12/site-packages/airflow/example_dags/example_xcomargs.py
[2025-04-02T08:10:47.881+0000] {processor.py:925} INFO - DAG(s) 'example_xcom_args', 'example_xcom_args_with_operators' retrieved from /home/airflow/.local/lib/python3.12/site-packages/airflow/example_dags/example_xcomargs.py
[2025-04-02T08:10:47.979+0000] {logging_mixin.py:190} INFO - [2025-04-02T08:10:47.978+0000] {dag.py:3239} INFO - Sync 2 DAGs
[2025-04-02T08:10:48.028+0000] {logging_mixin.py:190} INFO - [2025-04-02T08:10:48.027+0000] {dag.py:4180} INFO - Setting next_dagrun for example_xcom_args to None, run_after=None
[2025-04-02T08:10:48.037+0000] {logging_mixin.py:190} INFO - [2025-04-02T08:10:48.037+0000] {dag.py:4180} INFO - Setting next_dagrun for example_xcom_args_with_operators to None, run_after=None
[2025-04-02T08:10:48.087+0000] {processor.py:208} INFO - Processing /home/airflow/.local/lib/python3.12/site-packages/airflow/example_dags/example_xcomargs.py took 0.288 seconds
[2025-04-02T08:11:18.153+0000] {processor.py:186} INFO - Started process (PID=8436) to work on /home/airflow/.local/lib/python3.12/site-packages/airflow/example_dags/example_xcomargs.py
[2025-04-02T08:11:18.155+0000] {processor.py:914} INFO - Processing file /home/airflow/.local/lib/python3.12/site-packages/airflow/example_dags/example_xcomargs.py for tasks to queue
[2025-04-02T08:11:18.159+0000] {logging_mixin.py:190} INFO - [2025-04-02T08:11:18.158+0000] {dagbag.py:588} INFO - Filling up the DagBag from /home/airflow/.local/lib/python3.12/site-packages/airflow/example_dags/example_xcomargs.py
[2025-04-02T08:11:18.178+0000] {processor.py:925} INFO - DAG(s) 'example_xcom_args_with_operators', 'example_xcom_args' retrieved from /home/airflow/.local/lib/python3.12/site-packages/airflow/example_dags/example_xcomargs.py
[2025-04-02T08:11:18.217+0000] {logging_mixin.py:190} INFO - [2025-04-02T08:11:18.217+0000] {dag.py:3239} INFO - Sync 2 DAGs
[2025-04-02T08:11:18.242+0000] {logging_mixin.py:190} INFO - [2025-04-02T08:11:18.241+0000] {dag.py:4180} INFO - Setting next_dagrun for example_xcom_args to None, run_after=None
[2025-04-02T08:11:18.248+0000] {logging_mixin.py:190} INFO - [2025-04-02T08:11:18.248+0000] {dag.py:4180} INFO - Setting next_dagrun for example_xcom_args_with_operators to None, run_after=None
[2025-04-02T08:11:18.273+0000] {processor.py:208} INFO - Processing /home/airflow/.local/lib/python3.12/site-packages/airflow/example_dags/example_xcomargs.py took 0.131 seconds
[2025-04-02T08:11:48.517+0000] {processor.py:186} INFO - Started process (PID=8500) to work on /home/airflow/.local/lib/python3.12/site-packages/airflow/example_dags/example_xcomargs.py
[2025-04-02T08:11:48.519+0000] {processor.py:914} INFO - Processing file /home/airflow/.local/lib/python3.12/site-packages/airflow/example_dags/example_xcomargs.py for tasks to queue
[2025-04-02T08:11:48.525+0000] {logging_mixin.py:190} INFO - [2025-04-02T08:11:48.524+0000] {dagbag.py:588} INFO - Filling up the DagBag from /home/airflow/.local/lib/python3.12/site-packages/airflow/example_dags/example_xcomargs.py
[2025-04-02T08:11:48.554+0000] {processor.py:925} INFO - DAG(s) 'example_xcom_args', 'example_xcom_args_with_operators' retrieved from /home/airflow/.local/lib/python3.12/site-packages/airflow/example_dags/example_xcomargs.py
[2025-04-02T08:11:48.603+0000] {logging_mixin.py:190} INFO - [2025-04-02T08:11:48.603+0000] {dag.py:3239} INFO - Sync 2 DAGs
[2025-04-02T08:11:48.630+0000] {logging_mixin.py:190} INFO - [2025-04-02T08:11:48.629+0000] {dag.py:4180} INFO - Setting next_dagrun for example_xcom_args to None, run_after=None
[2025-04-02T08:11:48.637+0000] {logging_mixin.py:190} INFO - [2025-04-02T08:11:48.637+0000] {dag.py:4180} INFO - Setting next_dagrun for example_xcom_args_with_operators to None, run_after=None
[2025-04-02T08:11:48.663+0000] {processor.py:208} INFO - Processing /home/airflow/.local/lib/python3.12/site-packages/airflow/example_dags/example_xcomargs.py took 0.162 seconds
[2025-04-02T08:12:19.330+0000] {processor.py:186} INFO - Started process (PID=8563) to work on /home/airflow/.local/lib/python3.12/site-packages/airflow/example_dags/example_xcomargs.py
[2025-04-02T08:12:19.332+0000] {processor.py:914} INFO - Processing file /home/airflow/.local/lib/python3.12/site-packages/airflow/example_dags/example_xcomargs.py for tasks to queue
[2025-04-02T08:12:19.338+0000] {logging_mixin.py:190} INFO - [2025-04-02T08:12:19.337+0000] {dagbag.py:588} INFO - Filling up the DagBag from /home/airflow/.local/lib/python3.12/site-packages/airflow/example_dags/example_xcomargs.py
[2025-04-02T08:12:19.366+0000] {processor.py:925} INFO - DAG(s) 'example_xcom_args_with_operators', 'example_xcom_args' retrieved from /home/airflow/.local/lib/python3.12/site-packages/airflow/example_dags/example_xcomargs.py
[2025-04-02T08:12:19.420+0000] {logging_mixin.py:190} INFO - [2025-04-02T08:12:19.419+0000] {dag.py:3239} INFO - Sync 2 DAGs
[2025-04-02T08:12:19.457+0000] {logging_mixin.py:190} INFO - [2025-04-02T08:12:19.456+0000] {dag.py:4180} INFO - Setting next_dagrun for example_xcom_args to None, run_after=None
[2025-04-02T08:12:19.466+0000] {logging_mixin.py:190} INFO - [2025-04-02T08:12:19.465+0000] {dag.py:4180} INFO - Setting next_dagrun for example_xcom_args_with_operators to None, run_after=None
[2025-04-02T08:12:19.500+0000] {processor.py:208} INFO - Processing /home/airflow/.local/lib/python3.12/site-packages/airflow/example_dags/example_xcomargs.py took 0.185 seconds
[2025-04-02T08:12:49.955+0000] {processor.py:186} INFO - Started process (PID=8627) to work on /home/airflow/.local/lib/python3.12/site-packages/airflow/example_dags/example_xcomargs.py
[2025-04-02T08:12:49.957+0000] {processor.py:914} INFO - Processing file /home/airflow/.local/lib/python3.12/site-packages/airflow/example_dags/example_xcomargs.py for tasks to queue
[2025-04-02T08:12:49.961+0000] {logging_mixin.py:190} INFO - [2025-04-02T08:12:49.961+0000] {dagbag.py:588} INFO - Filling up the DagBag from /home/airflow/.local/lib/python3.12/site-packages/airflow/example_dags/example_xcomargs.py
[2025-04-02T08:12:49.984+0000] {processor.py:925} INFO - DAG(s) 'example_xcom_args_with_operators', 'example_xcom_args' retrieved from /home/airflow/.local/lib/python3.12/site-packages/airflow/example_dags/example_xcomargs.py
[2025-04-02T08:12:50.025+0000] {logging_mixin.py:190} INFO - [2025-04-02T08:12:50.025+0000] {dag.py:3239} INFO - Sync 2 DAGs
[2025-04-02T08:12:50.050+0000] {logging_mixin.py:190} INFO - [2025-04-02T08:12:50.050+0000] {dag.py:4180} INFO - Setting next_dagrun for example_xcom_args to None, run_after=None
[2025-04-02T08:12:50.057+0000] {logging_mixin.py:190} INFO - [2025-04-02T08:12:50.057+0000] {dag.py:4180} INFO - Setting next_dagrun for example_xcom_args_with_operators to None, run_after=None
[2025-04-02T08:12:50.082+0000] {processor.py:208} INFO - Processing /home/airflow/.local/lib/python3.12/site-packages/airflow/example_dags/example_xcomargs.py took 0.141 seconds
[2025-04-02T08:13:20.352+0000] {processor.py:186} INFO - Started process (PID=8691) to work on /home/airflow/.local/lib/python3.12/site-packages/airflow/example_dags/example_xcomargs.py
[2025-04-02T08:13:20.354+0000] {processor.py:914} INFO - Processing file /home/airflow/.local/lib/python3.12/site-packages/airflow/example_dags/example_xcomargs.py for tasks to queue
[2025-04-02T08:13:20.359+0000] {logging_mixin.py:190} INFO - [2025-04-02T08:13:20.358+0000] {dagbag.py:588} INFO - Filling up the DagBag from /home/airflow/.local/lib/python3.12/site-packages/airflow/example_dags/example_xcomargs.py
[2025-04-02T08:13:20.386+0000] {processor.py:925} INFO - DAG(s) 'example_xcom_args', 'example_xcom_args_with_operators' retrieved from /home/airflow/.local/lib/python3.12/site-packages/airflow/example_dags/example_xcomargs.py
[2025-04-02T08:13:20.439+0000] {logging_mixin.py:190} INFO - [2025-04-02T08:13:20.438+0000] {dag.py:3239} INFO - Sync 2 DAGs
[2025-04-02T08:13:20.475+0000] {logging_mixin.py:190} INFO - [2025-04-02T08:13:20.474+0000] {dag.py:4180} INFO - Setting next_dagrun for example_xcom_args to None, run_after=None
[2025-04-02T08:13:20.484+0000] {logging_mixin.py:190} INFO - [2025-04-02T08:13:20.483+0000] {dag.py:4180} INFO - Setting next_dagrun for example_xcom_args_with_operators to None, run_after=None
[2025-04-02T08:13:20.516+0000] {processor.py:208} INFO - Processing /home/airflow/.local/lib/python3.12/site-packages/airflow/example_dags/example_xcomargs.py took 0.179 seconds
[2025-04-02T08:13:50.727+0000] {processor.py:186} INFO - Started process (PID=8755) to work on /home/airflow/.local/lib/python3.12/site-packages/airflow/example_dags/example_xcomargs.py
[2025-04-02T08:13:50.729+0000] {processor.py:914} INFO - Processing file /home/airflow/.local/lib/python3.12/site-packages/airflow/example_dags/example_xcomargs.py for tasks to queue
[2025-04-02T08:13:50.733+0000] {logging_mixin.py:190} INFO - [2025-04-02T08:13:50.732+0000] {dagbag.py:588} INFO - Filling up the DagBag from /home/airflow/.local/lib/python3.12/site-packages/airflow/example_dags/example_xcomargs.py
[2025-04-02T08:13:50.754+0000] {processor.py:925} INFO - DAG(s) 'example_xcom_args', 'example_xcom_args_with_operators' retrieved from /home/airflow/.local/lib/python3.12/site-packages/airflow/example_dags/example_xcomargs.py
[2025-04-02T08:13:50.795+0000] {logging_mixin.py:190} INFO - [2025-04-02T08:13:50.795+0000] {dag.py:3239} INFO - Sync 2 DAGs
[2025-04-02T08:13:50.824+0000] {logging_mixin.py:190} INFO - [2025-04-02T08:13:50.824+0000] {dag.py:4180} INFO - Setting next_dagrun for example_xcom_args to None, run_after=None
[2025-04-02T08:13:50.831+0000] {logging_mixin.py:190} INFO - [2025-04-02T08:13:50.831+0000] {dag.py:4180} INFO - Setting next_dagrun for example_xcom_args_with_operators to None, run_after=None
[2025-04-02T08:13:50.856+0000] {processor.py:208} INFO - Processing /home/airflow/.local/lib/python3.12/site-packages/airflow/example_dags/example_xcomargs.py took 0.141 seconds
[2025-04-02T08:14:21.709+0000] {processor.py:186} INFO - Started process (PID=8819) to work on /home/airflow/.local/lib/python3.12/site-packages/airflow/example_dags/example_xcomargs.py
[2025-04-02T08:14:21.711+0000] {processor.py:914} INFO - Processing file /home/airflow/.local/lib/python3.12/site-packages/airflow/example_dags/example_xcomargs.py for tasks to queue
[2025-04-02T08:14:21.715+0000] {logging_mixin.py:190} INFO - [2025-04-02T08:14:21.714+0000] {dagbag.py:588} INFO - Filling up the DagBag from /home/airflow/.local/lib/python3.12/site-packages/airflow/example_dags/example_xcomargs.py
[2025-04-02T08:14:21.737+0000] {processor.py:925} INFO - DAG(s) 'example_xcom_args', 'example_xcom_args_with_operators' retrieved from /home/airflow/.local/lib/python3.12/site-packages/airflow/example_dags/example_xcomargs.py
[2025-04-02T08:14:21.776+0000] {logging_mixin.py:190} INFO - [2025-04-02T08:14:21.775+0000] {dag.py:3239} INFO - Sync 2 DAGs
[2025-04-02T08:14:21.803+0000] {logging_mixin.py:190} INFO - [2025-04-02T08:14:21.802+0000] {dag.py:4180} INFO - Setting next_dagrun for example_xcom_args to None, run_after=None
[2025-04-02T08:14:21.810+0000] {logging_mixin.py:190} INFO - [2025-04-02T08:14:21.810+0000] {dag.py:4180} INFO - Setting next_dagrun for example_xcom_args_with_operators to None, run_after=None
[2025-04-02T08:14:21.835+0000] {processor.py:208} INFO - Processing /home/airflow/.local/lib/python3.12/site-packages/airflow/example_dags/example_xcomargs.py took 0.138 seconds
[2025-04-02T08:14:52.116+0000] {processor.py:186} INFO - Started process (PID=8883) to work on /home/airflow/.local/lib/python3.12/site-packages/airflow/example_dags/example_xcomargs.py
[2025-04-02T08:14:52.117+0000] {processor.py:914} INFO - Processing file /home/airflow/.local/lib/python3.12/site-packages/airflow/example_dags/example_xcomargs.py for tasks to queue
[2025-04-02T08:14:52.121+0000] {logging_mixin.py:190} INFO - [2025-04-02T08:14:52.121+0000] {dagbag.py:588} INFO - Filling up the DagBag from /home/airflow/.local/lib/python3.12/site-packages/airflow/example_dags/example_xcomargs.py
[2025-04-02T08:14:52.143+0000] {processor.py:925} INFO - DAG(s) 'example_xcom_args', 'example_xcom_args_with_operators' retrieved from /home/airflow/.local/lib/python3.12/site-packages/airflow/example_dags/example_xcomargs.py
[2025-04-02T08:14:52.181+0000] {logging_mixin.py:190} INFO - [2025-04-02T08:14:52.180+0000] {dag.py:3239} INFO - Sync 2 DAGs
[2025-04-02T08:14:52.212+0000] {logging_mixin.py:190} INFO - [2025-04-02T08:14:52.212+0000] {dag.py:4180} INFO - Setting next_dagrun for example_xcom_args to None, run_after=None
[2025-04-02T08:14:52.220+0000] {logging_mixin.py:190} INFO - [2025-04-02T08:14:52.220+0000] {dag.py:4180} INFO - Setting next_dagrun for example_xcom_args_with_operators to None, run_after=None
[2025-04-02T08:14:52.249+0000] {processor.py:208} INFO - Processing /home/airflow/.local/lib/python3.12/site-packages/airflow/example_dags/example_xcomargs.py took 0.144 seconds
[2025-04-02T08:15:22.780+0000] {processor.py:186} INFO - Started process (PID=8947) to work on /home/airflow/.local/lib/python3.12/site-packages/airflow/example_dags/example_xcomargs.py
[2025-04-02T08:15:22.782+0000] {processor.py:914} INFO - Processing file /home/airflow/.local/lib/python3.12/site-packages/airflow/example_dags/example_xcomargs.py for tasks to queue
[2025-04-02T08:15:22.786+0000] {logging_mixin.py:190} INFO - [2025-04-02T08:15:22.786+0000] {dagbag.py:588} INFO - Filling up the DagBag from /home/airflow/.local/lib/python3.12/site-packages/airflow/example_dags/example_xcomargs.py
[2025-04-02T08:15:22.807+0000] {processor.py:925} INFO - DAG(s) 'example_xcom_args_with_operators', 'example_xcom_args' retrieved from /home/airflow/.local/lib/python3.12/site-packages/airflow/example_dags/example_xcomargs.py
[2025-04-02T08:15:22.849+0000] {logging_mixin.py:190} INFO - [2025-04-02T08:15:22.849+0000] {dag.py:3239} INFO - Sync 2 DAGs
[2025-04-02T08:15:22.873+0000] {logging_mixin.py:190} INFO - [2025-04-02T08:15:22.873+0000] {dag.py:4180} INFO - Setting next_dagrun for example_xcom_args to None, run_after=None
[2025-04-02T08:15:22.879+0000] {logging_mixin.py:190} INFO - [2025-04-02T08:15:22.879+0000] {dag.py:4180} INFO - Setting next_dagrun for example_xcom_args_with_operators to None, run_after=None
[2025-04-02T08:15:22.906+0000] {processor.py:208} INFO - Processing /home/airflow/.local/lib/python3.12/site-packages/airflow/example_dags/example_xcomargs.py took 0.137 seconds
[2025-04-02T08:15:53.553+0000] {processor.py:186} INFO - Started process (PID=9011) to work on /home/airflow/.local/lib/python3.12/site-packages/airflow/example_dags/example_xcomargs.py
[2025-04-02T08:15:53.555+0000] {processor.py:914} INFO - Processing file /home/airflow/.local/lib/python3.12/site-packages/airflow/example_dags/example_xcomargs.py for tasks to queue
[2025-04-02T08:15:53.560+0000] {logging_mixin.py:190} INFO - [2025-04-02T08:15:53.559+0000] {dagbag.py:588} INFO - Filling up the DagBag from /home/airflow/.local/lib/python3.12/site-packages/airflow/example_dags/example_xcomargs.py
[2025-04-02T08:15:53.583+0000] {processor.py:925} INFO - DAG(s) 'example_xcom_args', 'example_xcom_args_with_operators' retrieved from /home/airflow/.local/lib/python3.12/site-packages/airflow/example_dags/example_xcomargs.py
[2025-04-02T08:15:53.624+0000] {logging_mixin.py:190} INFO - [2025-04-02T08:15:53.624+0000] {dag.py:3239} INFO - Sync 2 DAGs
[2025-04-02T08:15:53.651+0000] {logging_mixin.py:190} INFO - [2025-04-02T08:15:53.650+0000] {dag.py:4180} INFO - Setting next_dagrun for example_xcom_args to None, run_after=None
[2025-04-02T08:15:53.657+0000] {logging_mixin.py:190} INFO - [2025-04-02T08:15:53.657+0000] {dag.py:4180} INFO - Setting next_dagrun for example_xcom_args_with_operators to None, run_after=None
[2025-04-02T08:15:53.685+0000] {processor.py:208} INFO - Processing /home/airflow/.local/lib/python3.12/site-packages/airflow/example_dags/example_xcomargs.py took 0.146 seconds
[2025-04-02T08:16:24.312+0000] {processor.py:186} INFO - Started process (PID=9075) to work on /home/airflow/.local/lib/python3.12/site-packages/airflow/example_dags/example_xcomargs.py
[2025-04-02T08:16:24.315+0000] {processor.py:914} INFO - Processing file /home/airflow/.local/lib/python3.12/site-packages/airflow/example_dags/example_xcomargs.py for tasks to queue
[2025-04-02T08:16:24.320+0000] {logging_mixin.py:190} INFO - [2025-04-02T08:16:24.319+0000] {dagbag.py:588} INFO - Filling up the DagBag from /home/airflow/.local/lib/python3.12/site-packages/airflow/example_dags/example_xcomargs.py
[2025-04-02T08:16:24.348+0000] {processor.py:925} INFO - DAG(s) 'example_xcom_args_with_operators', 'example_xcom_args' retrieved from /home/airflow/.local/lib/python3.12/site-packages/airflow/example_dags/example_xcomargs.py
[2025-04-02T08:16:24.403+0000] {logging_mixin.py:190} INFO - [2025-04-02T08:16:24.403+0000] {dag.py:3239} INFO - Sync 2 DAGs
[2025-04-02T08:16:24.441+0000] {logging_mixin.py:190} INFO - [2025-04-02T08:16:24.441+0000] {dag.py:4180} INFO - Setting next_dagrun for example_xcom_args to None, run_after=None
[2025-04-02T08:16:24.450+0000] {logging_mixin.py:190} INFO - [2025-04-02T08:16:24.449+0000] {dag.py:4180} INFO - Setting next_dagrun for example_xcom_args_with_operators to None, run_after=None
[2025-04-02T08:16:24.484+0000] {processor.py:208} INFO - Processing /home/airflow/.local/lib/python3.12/site-packages/airflow/example_dags/example_xcomargs.py took 0.186 seconds
[2025-04-02T08:16:54.571+0000] {processor.py:186} INFO - Started process (PID=9139) to work on /home/airflow/.local/lib/python3.12/site-packages/airflow/example_dags/example_xcomargs.py
[2025-04-02T08:16:54.574+0000] {processor.py:914} INFO - Processing file /home/airflow/.local/lib/python3.12/site-packages/airflow/example_dags/example_xcomargs.py for tasks to queue
[2025-04-02T08:16:54.579+0000] {logging_mixin.py:190} INFO - [2025-04-02T08:16:54.579+0000] {dagbag.py:588} INFO - Filling up the DagBag from /home/airflow/.local/lib/python3.12/site-packages/airflow/example_dags/example_xcomargs.py
[2025-04-02T08:16:54.607+0000] {processor.py:925} INFO - DAG(s) 'example_xcom_args', 'example_xcom_args_with_operators' retrieved from /home/airflow/.local/lib/python3.12/site-packages/airflow/example_dags/example_xcomargs.py
[2025-04-02T08:16:54.664+0000] {logging_mixin.py:190} INFO - [2025-04-02T08:16:54.663+0000] {dag.py:3239} INFO - Sync 2 DAGs
[2025-04-02T08:16:54.701+0000] {logging_mixin.py:190} INFO - [2025-04-02T08:16:54.701+0000] {dag.py:4180} INFO - Setting next_dagrun for example_xcom_args to None, run_after=None
[2025-04-02T08:16:54.712+0000] {logging_mixin.py:190} INFO - [2025-04-02T08:16:54.711+0000] {dag.py:4180} INFO - Setting next_dagrun for example_xcom_args_with_operators to None, run_after=None
[2025-04-02T08:16:54.748+0000] {processor.py:208} INFO - Processing /home/airflow/.local/lib/python3.12/site-packages/airflow/example_dags/example_xcomargs.py took 0.193 seconds
[2025-04-02T08:17:25.014+0000] {processor.py:186} INFO - Started process (PID=9203) to work on /home/airflow/.local/lib/python3.12/site-packages/airflow/example_dags/example_xcomargs.py
[2025-04-02T08:17:25.016+0000] {processor.py:914} INFO - Processing file /home/airflow/.local/lib/python3.12/site-packages/airflow/example_dags/example_xcomargs.py for tasks to queue
[2025-04-02T08:17:25.022+0000] {logging_mixin.py:190} INFO - [2025-04-02T08:17:25.021+0000] {dagbag.py:588} INFO - Filling up the DagBag from /home/airflow/.local/lib/python3.12/site-packages/airflow/example_dags/example_xcomargs.py
[2025-04-02T08:17:25.050+0000] {processor.py:925} INFO - DAG(s) 'example_xcom_args_with_operators', 'example_xcom_args' retrieved from /home/airflow/.local/lib/python3.12/site-packages/airflow/example_dags/example_xcomargs.py
[2025-04-02T08:17:25.104+0000] {logging_mixin.py:190} INFO - [2025-04-02T08:17:25.104+0000] {dag.py:3239} INFO - Sync 2 DAGs
[2025-04-02T08:17:25.141+0000] {logging_mixin.py:190} INFO - [2025-04-02T08:17:25.141+0000] {dag.py:4180} INFO - Setting next_dagrun for example_xcom_args to None, run_after=None
[2025-04-02T08:17:25.151+0000] {logging_mixin.py:190} INFO - [2025-04-02T08:17:25.150+0000] {dag.py:4180} INFO - Setting next_dagrun for example_xcom_args_with_operators to None, run_after=None
[2025-04-02T08:17:25.186+0000] {processor.py:208} INFO - Processing /home/airflow/.local/lib/python3.12/site-packages/airflow/example_dags/example_xcomargs.py took 0.188 seconds
[2025-04-02T08:17:55.568+0000] {processor.py:186} INFO - Started process (PID=9267) to work on /home/airflow/.local/lib/python3.12/site-packages/airflow/example_dags/example_xcomargs.py
[2025-04-02T08:17:55.569+0000] {processor.py:914} INFO - Processing file /home/airflow/.local/lib/python3.12/site-packages/airflow/example_dags/example_xcomargs.py for tasks to queue
[2025-04-02T08:17:55.574+0000] {logging_mixin.py:190} INFO - [2025-04-02T08:17:55.573+0000] {dagbag.py:588} INFO - Filling up the DagBag from /home/airflow/.local/lib/python3.12/site-packages/airflow/example_dags/example_xcomargs.py
[2025-04-02T08:17:55.596+0000] {processor.py:925} INFO - DAG(s) 'example_xcom_args_with_operators', 'example_xcom_args' retrieved from /home/airflow/.local/lib/python3.12/site-packages/airflow/example_dags/example_xcomargs.py
[2025-04-02T08:17:55.636+0000] {logging_mixin.py:190} INFO - [2025-04-02T08:17:55.635+0000] {dag.py:3239} INFO - Sync 2 DAGs
[2025-04-02T08:17:55.664+0000] {logging_mixin.py:190} INFO - [2025-04-02T08:17:55.664+0000] {dag.py:4180} INFO - Setting next_dagrun for example_xcom_args to None, run_after=None
[2025-04-02T08:17:55.671+0000] {logging_mixin.py:190} INFO - [2025-04-02T08:17:55.670+0000] {dag.py:4180} INFO - Setting next_dagrun for example_xcom_args_with_operators to None, run_after=None
[2025-04-02T08:17:55.699+0000] {processor.py:208} INFO - Processing /home/airflow/.local/lib/python3.12/site-packages/airflow/example_dags/example_xcomargs.py took 0.144 seconds
[2025-04-02T08:18:26.235+0000] {processor.py:186} INFO - Started process (PID=9331) to work on /home/airflow/.local/lib/python3.12/site-packages/airflow/example_dags/example_xcomargs.py
[2025-04-02T08:18:26.237+0000] {processor.py:914} INFO - Processing file /home/airflow/.local/lib/python3.12/site-packages/airflow/example_dags/example_xcomargs.py for tasks to queue
[2025-04-02T08:18:26.241+0000] {logging_mixin.py:190} INFO - [2025-04-02T08:18:26.240+0000] {dagbag.py:588} INFO - Filling up the DagBag from /home/airflow/.local/lib/python3.12/site-packages/airflow/example_dags/example_xcomargs.py
[2025-04-02T08:18:26.263+0000] {processor.py:925} INFO - DAG(s) 'example_xcom_args_with_operators', 'example_xcom_args' retrieved from /home/airflow/.local/lib/python3.12/site-packages/airflow/example_dags/example_xcomargs.py
[2025-04-02T08:18:26.304+0000] {logging_mixin.py:190} INFO - [2025-04-02T08:18:26.303+0000] {dag.py:3239} INFO - Sync 2 DAGs
[2025-04-02T08:18:26.336+0000] {logging_mixin.py:190} INFO - [2025-04-02T08:18:26.335+0000] {dag.py:4180} INFO - Setting next_dagrun for example_xcom_args to None, run_after=None
[2025-04-02T08:18:26.344+0000] {logging_mixin.py:190} INFO - [2025-04-02T08:18:26.343+0000] {dag.py:4180} INFO - Setting next_dagrun for example_xcom_args_with_operators to None, run_after=None
[2025-04-02T08:18:26.374+0000] {processor.py:208} INFO - Processing /home/airflow/.local/lib/python3.12/site-packages/airflow/example_dags/example_xcomargs.py took 0.151 seconds
[2025-04-02T08:18:56.620+0000] {processor.py:186} INFO - Started process (PID=9395) to work on /home/airflow/.local/lib/python3.12/site-packages/airflow/example_dags/example_xcomargs.py
[2025-04-02T08:18:56.622+0000] {processor.py:914} INFO - Processing file /home/airflow/.local/lib/python3.12/site-packages/airflow/example_dags/example_xcomargs.py for tasks to queue
[2025-04-02T08:18:56.626+0000] {logging_mixin.py:190} INFO - [2025-04-02T08:18:56.626+0000] {dagbag.py:588} INFO - Filling up the DagBag from /home/airflow/.local/lib/python3.12/site-packages/airflow/example_dags/example_xcomargs.py
[2025-04-02T08:18:56.647+0000] {processor.py:925} INFO - DAG(s) 'example_xcom_args', 'example_xcom_args_with_operators' retrieved from /home/airflow/.local/lib/python3.12/site-packages/airflow/example_dags/example_xcomargs.py
[2025-04-02T08:18:56.686+0000] {logging_mixin.py:190} INFO - [2025-04-02T08:18:56.685+0000] {dag.py:3239} INFO - Sync 2 DAGs
[2025-04-02T08:18:56.710+0000] {logging_mixin.py:190} INFO - [2025-04-02T08:18:56.710+0000] {dag.py:4180} INFO - Setting next_dagrun for example_xcom_args to None, run_after=None
[2025-04-02T08:18:56.716+0000] {logging_mixin.py:190} INFO - [2025-04-02T08:18:56.716+0000] {dag.py:4180} INFO - Setting next_dagrun for example_xcom_args_with_operators to None, run_after=None
[2025-04-02T08:18:56.745+0000] {processor.py:208} INFO - Processing /home/airflow/.local/lib/python3.12/site-packages/airflow/example_dags/example_xcomargs.py took 0.138 seconds
[2025-04-02T08:19:26.985+0000] {processor.py:186} INFO - Started process (PID=9459) to work on /home/airflow/.local/lib/python3.12/site-packages/airflow/example_dags/example_xcomargs.py
[2025-04-02T08:19:26.987+0000] {processor.py:914} INFO - Processing file /home/airflow/.local/lib/python3.12/site-packages/airflow/example_dags/example_xcomargs.py for tasks to queue
[2025-04-02T08:19:26.991+0000] {logging_mixin.py:190} INFO - [2025-04-02T08:19:26.990+0000] {dagbag.py:588} INFO - Filling up the DagBag from /home/airflow/.local/lib/python3.12/site-packages/airflow/example_dags/example_xcomargs.py
[2025-04-02T08:19:27.014+0000] {processor.py:925} INFO - DAG(s) 'example_xcom_args', 'example_xcom_args_with_operators' retrieved from /home/airflow/.local/lib/python3.12/site-packages/airflow/example_dags/example_xcomargs.py
[2025-04-02T08:19:27.056+0000] {logging_mixin.py:190} INFO - [2025-04-02T08:19:27.056+0000] {dag.py:3239} INFO - Sync 2 DAGs
[2025-04-02T08:19:27.083+0000] {logging_mixin.py:190} INFO - [2025-04-02T08:19:27.083+0000] {dag.py:4180} INFO - Setting next_dagrun for example_xcom_args to None, run_after=None
[2025-04-02T08:19:27.090+0000] {logging_mixin.py:190} INFO - [2025-04-02T08:19:27.089+0000] {dag.py:4180} INFO - Setting next_dagrun for example_xcom_args_with_operators to None, run_after=None
[2025-04-02T08:19:27.116+0000] {processor.py:208} INFO - Processing /home/airflow/.local/lib/python3.12/site-packages/airflow/example_dags/example_xcomargs.py took 0.144 seconds
[2025-04-02T08:19:57.623+0000] {processor.py:186} INFO - Started process (PID=9523) to work on /home/airflow/.local/lib/python3.12/site-packages/airflow/example_dags/example_xcomargs.py
[2025-04-02T08:19:57.625+0000] {processor.py:914} INFO - Processing file /home/airflow/.local/lib/python3.12/site-packages/airflow/example_dags/example_xcomargs.py for tasks to queue
[2025-04-02T08:19:57.629+0000] {logging_mixin.py:190} INFO - [2025-04-02T08:19:57.628+0000] {dagbag.py:588} INFO - Filling up the DagBag from /home/airflow/.local/lib/python3.12/site-packages/airflow/example_dags/example_xcomargs.py
[2025-04-02T08:19:57.652+0000] {processor.py:925} INFO - DAG(s) 'example_xcom_args', 'example_xcom_args_with_operators' retrieved from /home/airflow/.local/lib/python3.12/site-packages/airflow/example_dags/example_xcomargs.py
[2025-04-02T08:19:57.693+0000] {logging_mixin.py:190} INFO - [2025-04-02T08:19:57.692+0000] {dag.py:3239} INFO - Sync 2 DAGs
[2025-04-02T08:19:57.720+0000] {logging_mixin.py:190} INFO - [2025-04-02T08:19:57.719+0000] {dag.py:4180} INFO - Setting next_dagrun for example_xcom_args to None, run_after=None
[2025-04-02T08:19:57.726+0000] {logging_mixin.py:190} INFO - [2025-04-02T08:19:57.726+0000] {dag.py:4180} INFO - Setting next_dagrun for example_xcom_args_with_operators to None, run_after=None
[2025-04-02T08:19:57.752+0000] {processor.py:208} INFO - Processing /home/airflow/.local/lib/python3.12/site-packages/airflow/example_dags/example_xcomargs.py took 0.142 seconds
[2025-04-02T08:20:28.083+0000] {processor.py:186} INFO - Started process (PID=9587) to work on /home/airflow/.local/lib/python3.12/site-packages/airflow/example_dags/example_xcomargs.py
[2025-04-02T08:20:28.085+0000] {processor.py:914} INFO - Processing file /home/airflow/.local/lib/python3.12/site-packages/airflow/example_dags/example_xcomargs.py for tasks to queue
[2025-04-02T08:20:28.091+0000] {logging_mixin.py:190} INFO - [2025-04-02T08:20:28.090+0000] {dagbag.py:588} INFO - Filling up the DagBag from /home/airflow/.local/lib/python3.12/site-packages/airflow/example_dags/example_xcomargs.py
[2025-04-02T08:20:28.117+0000] {processor.py:925} INFO - DAG(s) 'example_xcom_args', 'example_xcom_args_with_operators' retrieved from /home/airflow/.local/lib/python3.12/site-packages/airflow/example_dags/example_xcomargs.py
[2025-04-02T08:20:28.173+0000] {logging_mixin.py:190} INFO - [2025-04-02T08:20:28.173+0000] {dag.py:3239} INFO - Sync 2 DAGs
[2025-04-02T08:20:28.213+0000] {logging_mixin.py:190} INFO - [2025-04-02T08:20:28.212+0000] {dag.py:4180} INFO - Setting next_dagrun for example_xcom_args to None, run_after=None
[2025-04-02T08:20:28.221+0000] {logging_mixin.py:190} INFO - [2025-04-02T08:20:28.220+0000] {dag.py:4180} INFO - Setting next_dagrun for example_xcom_args_with_operators to None, run_after=None
[2025-04-02T08:20:28.250+0000] {processor.py:208} INFO - Processing /home/airflow/.local/lib/python3.12/site-packages/airflow/example_dags/example_xcomargs.py took 0.182 seconds
[2025-04-02T08:21:01.280+0000] {processor.py:186} INFO - Started process (PID=9650) to work on /home/airflow/.local/lib/python3.12/site-packages/airflow/example_dags/example_xcomargs.py
[2025-04-02T08:21:01.283+0000] {processor.py:914} INFO - Processing file /home/airflow/.local/lib/python3.12/site-packages/airflow/example_dags/example_xcomargs.py for tasks to queue
[2025-04-02T08:21:01.289+0000] {logging_mixin.py:190} INFO - [2025-04-02T08:21:01.288+0000] {dagbag.py:588} INFO - Filling up the DagBag from /home/airflow/.local/lib/python3.12/site-packages/airflow/example_dags/example_xcomargs.py
[2025-04-02T08:21:01.317+0000] {processor.py:925} INFO - DAG(s) 'example_xcom_args_with_operators', 'example_xcom_args' retrieved from /home/airflow/.local/lib/python3.12/site-packages/airflow/example_dags/example_xcomargs.py
[2025-04-02T08:21:01.376+0000] {logging_mixin.py:190} INFO - [2025-04-02T08:21:01.374+0000] {dag.py:3239} INFO - Sync 2 DAGs
[2025-04-02T08:21:01.438+0000] {logging_mixin.py:190} INFO - [2025-04-02T08:21:01.438+0000] {dag.py:4180} INFO - Setting next_dagrun for example_xcom_args to None, run_after=None
[2025-04-02T08:21:01.467+0000] {logging_mixin.py:190} INFO - [2025-04-02T08:21:01.464+0000] {dag.py:4180} INFO - Setting next_dagrun for example_xcom_args_with_operators to None, run_after=None
[2025-04-02T08:21:01.543+0000] {processor.py:208} INFO - Processing /home/airflow/.local/lib/python3.12/site-packages/airflow/example_dags/example_xcomargs.py took 0.278 seconds
[2025-04-02T08:21:31.924+0000] {processor.py:186} INFO - Started process (PID=9714) to work on /home/airflow/.local/lib/python3.12/site-packages/airflow/example_dags/example_xcomargs.py
[2025-04-02T08:21:31.926+0000] {processor.py:914} INFO - Processing file /home/airflow/.local/lib/python3.12/site-packages/airflow/example_dags/example_xcomargs.py for tasks to queue
[2025-04-02T08:21:31.930+0000] {logging_mixin.py:190} INFO - [2025-04-02T08:21:31.930+0000] {dagbag.py:588} INFO - Filling up the DagBag from /home/airflow/.local/lib/python3.12/site-packages/airflow/example_dags/example_xcomargs.py
[2025-04-02T08:21:31.953+0000] {processor.py:925} INFO - DAG(s) 'example_xcom_args_with_operators', 'example_xcom_args' retrieved from /home/airflow/.local/lib/python3.12/site-packages/airflow/example_dags/example_xcomargs.py
[2025-04-02T08:21:31.999+0000] {logging_mixin.py:190} INFO - [2025-04-02T08:21:31.998+0000] {dag.py:3239} INFO - Sync 2 DAGs
[2025-04-02T08:21:32.025+0000] {logging_mixin.py:190} INFO - [2025-04-02T08:21:32.025+0000] {dag.py:4180} INFO - Setting next_dagrun for example_xcom_args to None, run_after=None
[2025-04-02T08:21:32.032+0000] {logging_mixin.py:190} INFO - [2025-04-02T08:21:32.031+0000] {dag.py:4180} INFO - Setting next_dagrun for example_xcom_args_with_operators to None, run_after=None
[2025-04-02T08:21:32.059+0000] {processor.py:208} INFO - Processing /home/airflow/.local/lib/python3.12/site-packages/airflow/example_dags/example_xcomargs.py took 0.146 seconds
[2025-04-02T08:22:02.556+0000] {processor.py:186} INFO - Started process (PID=9784) to work on /home/airflow/.local/lib/python3.12/site-packages/airflow/example_dags/example_xcomargs.py
[2025-04-02T08:22:02.558+0000] {processor.py:914} INFO - Processing file /home/airflow/.local/lib/python3.12/site-packages/airflow/example_dags/example_xcomargs.py for tasks to queue
[2025-04-02T08:22:02.563+0000] {logging_mixin.py:190} INFO - [2025-04-02T08:22:02.563+0000] {dagbag.py:588} INFO - Filling up the DagBag from /home/airflow/.local/lib/python3.12/site-packages/airflow/example_dags/example_xcomargs.py
[2025-04-02T08:22:02.585+0000] {processor.py:925} INFO - DAG(s) 'example_xcom_args', 'example_xcom_args_with_operators' retrieved from /home/airflow/.local/lib/python3.12/site-packages/airflow/example_dags/example_xcomargs.py
[2025-04-02T08:22:02.624+0000] {logging_mixin.py:190} INFO - [2025-04-02T08:22:02.623+0000] {dag.py:3239} INFO - Sync 2 DAGs
[2025-04-02T08:22:02.649+0000] {logging_mixin.py:190} INFO - [2025-04-02T08:22:02.648+0000] {dag.py:4180} INFO - Setting next_dagrun for example_xcom_args to None, run_after=None
[2025-04-02T08:22:02.655+0000] {logging_mixin.py:190} INFO - [2025-04-02T08:22:02.655+0000] {dag.py:4180} INFO - Setting next_dagrun for example_xcom_args_with_operators to None, run_after=None
[2025-04-02T08:22:02.679+0000] {processor.py:208} INFO - Processing /home/airflow/.local/lib/python3.12/site-packages/airflow/example_dags/example_xcomargs.py took 0.134 seconds
[2025-04-02T08:22:33.011+0000] {processor.py:186} INFO - Started process (PID=9848) to work on /home/airflow/.local/lib/python3.12/site-packages/airflow/example_dags/example_xcomargs.py
[2025-04-02T08:22:33.012+0000] {processor.py:914} INFO - Processing file /home/airflow/.local/lib/python3.12/site-packages/airflow/example_dags/example_xcomargs.py for tasks to queue
[2025-04-02T08:22:33.017+0000] {logging_mixin.py:190} INFO - [2025-04-02T08:22:33.016+0000] {dagbag.py:588} INFO - Filling up the DagBag from /home/airflow/.local/lib/python3.12/site-packages/airflow/example_dags/example_xcomargs.py
[2025-04-02T08:22:33.037+0000] {processor.py:925} INFO - DAG(s) 'example_xcom_args', 'example_xcom_args_with_operators' retrieved from /home/airflow/.local/lib/python3.12/site-packages/airflow/example_dags/example_xcomargs.py
[2025-04-02T08:22:33.077+0000] {logging_mixin.py:190} INFO - [2025-04-02T08:22:33.076+0000] {dag.py:3239} INFO - Sync 2 DAGs
[2025-04-02T08:22:33.102+0000] {logging_mixin.py:190} INFO - [2025-04-02T08:22:33.102+0000] {dag.py:4180} INFO - Setting next_dagrun for example_xcom_args to None, run_after=None
[2025-04-02T08:22:33.109+0000] {logging_mixin.py:190} INFO - [2025-04-02T08:22:33.108+0000] {dag.py:4180} INFO - Setting next_dagrun for example_xcom_args_with_operators to None, run_after=None
[2025-04-02T08:22:33.134+0000] {processor.py:208} INFO - Processing /home/airflow/.local/lib/python3.12/site-packages/airflow/example_dags/example_xcomargs.py took 0.134 seconds
[2025-04-02T08:23:03.496+0000] {processor.py:186} INFO - Started process (PID=9912) to work on /home/airflow/.local/lib/python3.12/site-packages/airflow/example_dags/example_xcomargs.py
[2025-04-02T08:23:03.498+0000] {processor.py:914} INFO - Processing file /home/airflow/.local/lib/python3.12/site-packages/airflow/example_dags/example_xcomargs.py for tasks to queue
[2025-04-02T08:23:03.502+0000] {logging_mixin.py:190} INFO - [2025-04-02T08:23:03.502+0000] {dagbag.py:588} INFO - Filling up the DagBag from /home/airflow/.local/lib/python3.12/site-packages/airflow/example_dags/example_xcomargs.py
[2025-04-02T08:23:03.522+0000] {processor.py:925} INFO - DAG(s) 'example_xcom_args', 'example_xcom_args_with_operators' retrieved from /home/airflow/.local/lib/python3.12/site-packages/airflow/example_dags/example_xcomargs.py
[2025-04-02T08:23:03.565+0000] {logging_mixin.py:190} INFO - [2025-04-02T08:23:03.564+0000] {dag.py:3239} INFO - Sync 2 DAGs
[2025-04-02T08:23:03.590+0000] {logging_mixin.py:190} INFO - [2025-04-02T08:23:03.589+0000] {dag.py:4180} INFO - Setting next_dagrun for example_xcom_args to None, run_after=None
[2025-04-02T08:23:03.596+0000] {logging_mixin.py:190} INFO - [2025-04-02T08:23:03.595+0000] {dag.py:4180} INFO - Setting next_dagrun for example_xcom_args_with_operators to None, run_after=None
[2025-04-02T08:23:03.621+0000] {processor.py:208} INFO - Processing /home/airflow/.local/lib/python3.12/site-packages/airflow/example_dags/example_xcomargs.py took 0.136 seconds
[2025-04-02T08:23:34.199+0000] {processor.py:186} INFO - Started process (PID=9976) to work on /home/airflow/.local/lib/python3.12/site-packages/airflow/example_dags/example_xcomargs.py
[2025-04-02T08:23:34.201+0000] {processor.py:914} INFO - Processing file /home/airflow/.local/lib/python3.12/site-packages/airflow/example_dags/example_xcomargs.py for tasks to queue
[2025-04-02T08:23:34.205+0000] {logging_mixin.py:190} INFO - [2025-04-02T08:23:34.204+0000] {dagbag.py:588} INFO - Filling up the DagBag from /home/airflow/.local/lib/python3.12/site-packages/airflow/example_dags/example_xcomargs.py
[2025-04-02T08:23:34.229+0000] {processor.py:925} INFO - DAG(s) 'example_xcom_args_with_operators', 'example_xcom_args' retrieved from /home/airflow/.local/lib/python3.12/site-packages/airflow/example_dags/example_xcomargs.py
[2025-04-02T08:23:34.270+0000] {logging_mixin.py:190} INFO - [2025-04-02T08:23:34.270+0000] {dag.py:3239} INFO - Sync 2 DAGs
[2025-04-02T08:23:34.294+0000] {logging_mixin.py:190} INFO - [2025-04-02T08:23:34.294+0000] {dag.py:4180} INFO - Setting next_dagrun for example_xcom_args to None, run_after=None
[2025-04-02T08:23:34.300+0000] {logging_mixin.py:190} INFO - [2025-04-02T08:23:34.300+0000] {dag.py:4180} INFO - Setting next_dagrun for example_xcom_args_with_operators to None, run_after=None
[2025-04-02T08:23:34.325+0000] {processor.py:208} INFO - Processing /home/airflow/.local/lib/python3.12/site-packages/airflow/example_dags/example_xcomargs.py took 0.137 seconds
