[2025-04-02T07:56:13.084+0000] {processor.py:186} INFO - Started process (PID=6346) to work on /home/airflow/.local/lib/python3.12/site-packages/airflow/example_dags/example_branch_operator.py
[2025-04-02T07:56:13.086+0000] {processor.py:914} INFO - Processing file /home/airflow/.local/lib/python3.12/site-packages/airflow/example_dags/example_branch_operator.py for tasks to queue
[2025-04-02T07:56:13.100+0000] {logging_mixin.py:190} INFO - [2025-04-02T07:56:13.099+0000] {dagbag.py:588} INFO - Filling up the DagBag from /home/airflow/.local/lib/python3.12/site-packages/airflow/example_dags/example_branch_operator.py
[2025-04-02T07:56:13.227+0000] {processor.py:925} INFO - DAG(s) 'example_branch_operator' retrieved from /home/airflow/.local/lib/python3.12/site-packages/airflow/example_dags/example_branch_operator.py
[2025-04-02T07:56:13.373+0000] {logging_mixin.py:190} INFO - [2025-04-02T07:56:13.372+0000] {dag.py:3239} INFO - Sync 1 DAGs
[2025-04-02T07:56:13.473+0000] {logging_mixin.py:190} INFO - [2025-04-02T07:56:13.473+0000] {dag.py:4180} INFO - Setting next_dagrun for example_branch_operator to 2025-04-01 00:00:00+00:00, run_after=2025-04-02 00:00:00+00:00
[2025-04-02T07:56:13.537+0000] {processor.py:208} INFO - Processing /home/airflow/.local/lib/python3.12/site-packages/airflow/example_dags/example_branch_operator.py took 0.494 seconds
[2025-04-02T07:56:43.757+0000] {processor.py:186} INFO - Started process (PID=6410) to work on /home/airflow/.local/lib/python3.12/site-packages/airflow/example_dags/example_branch_operator.py
[2025-04-02T07:56:43.762+0000] {processor.py:914} INFO - Processing file /home/airflow/.local/lib/python3.12/site-packages/airflow/example_dags/example_branch_operator.py for tasks to queue
[2025-04-02T07:56:43.770+0000] {logging_mixin.py:190} INFO - [2025-04-02T07:56:43.768+0000] {dagbag.py:588} INFO - Filling up the DagBag from /home/airflow/.local/lib/python3.12/site-packages/airflow/example_dags/example_branch_operator.py
[2025-04-02T07:56:43.847+0000] {processor.py:925} INFO - DAG(s) 'example_branch_operator' retrieved from /home/airflow/.local/lib/python3.12/site-packages/airflow/example_dags/example_branch_operator.py
[2025-04-02T07:56:43.984+0000] {logging_mixin.py:190} INFO - [2025-04-02T07:56:43.983+0000] {dag.py:3239} INFO - Sync 1 DAGs
[2025-04-02T07:56:44.125+0000] {logging_mixin.py:190} INFO - [2025-04-02T07:56:44.124+0000] {dag.py:4180} INFO - Setting next_dagrun for example_branch_operator to 2025-04-01 00:00:00+00:00, run_after=2025-04-02 00:00:00+00:00
[2025-04-02T07:56:44.187+0000] {processor.py:208} INFO - Processing /home/airflow/.local/lib/python3.12/site-packages/airflow/example_dags/example_branch_operator.py took 0.461 seconds
[2025-04-02T07:57:14.774+0000] {processor.py:186} INFO - Started process (PID=6477) to work on /home/airflow/.local/lib/python3.12/site-packages/airflow/example_dags/example_branch_operator.py
[2025-04-02T07:57:14.777+0000] {processor.py:914} INFO - Processing file /home/airflow/.local/lib/python3.12/site-packages/airflow/example_dags/example_branch_operator.py for tasks to queue
[2025-04-02T07:57:14.784+0000] {logging_mixin.py:190} INFO - [2025-04-02T07:57:14.783+0000] {dagbag.py:588} INFO - Filling up the DagBag from /home/airflow/.local/lib/python3.12/site-packages/airflow/example_dags/example_branch_operator.py
[2025-04-02T07:57:14.875+0000] {processor.py:925} INFO - DAG(s) 'example_branch_operator' retrieved from /home/airflow/.local/lib/python3.12/site-packages/airflow/example_dags/example_branch_operator.py
[2025-04-02T07:57:14.987+0000] {logging_mixin.py:190} INFO - [2025-04-02T07:57:14.984+0000] {dag.py:3239} INFO - Sync 1 DAGs
[2025-04-02T07:57:15.072+0000] {logging_mixin.py:190} INFO - [2025-04-02T07:57:15.071+0000] {dag.py:4180} INFO - Setting next_dagrun for example_branch_operator to 2025-04-01 00:00:00+00:00, run_after=2025-04-02 00:00:00+00:00
[2025-04-02T07:57:15.137+0000] {processor.py:208} INFO - Processing /home/airflow/.local/lib/python3.12/site-packages/airflow/example_dags/example_branch_operator.py took 0.390 seconds
[2025-04-02T07:57:45.706+0000] {processor.py:186} INFO - Started process (PID=6554) to work on /home/airflow/.local/lib/python3.12/site-packages/airflow/example_dags/example_branch_operator.py
[2025-04-02T07:57:45.712+0000] {processor.py:914} INFO - Processing file /home/airflow/.local/lib/python3.12/site-packages/airflow/example_dags/example_branch_operator.py for tasks to queue
[2025-04-02T07:57:45.720+0000] {logging_mixin.py:190} INFO - [2025-04-02T07:57:45.717+0000] {dagbag.py:588} INFO - Filling up the DagBag from /home/airflow/.local/lib/python3.12/site-packages/airflow/example_dags/example_branch_operator.py
[2025-04-02T07:57:45.782+0000] {processor.py:925} INFO - DAG(s) 'example_branch_operator' retrieved from /home/airflow/.local/lib/python3.12/site-packages/airflow/example_dags/example_branch_operator.py
[2025-04-02T07:57:45.867+0000] {logging_mixin.py:190} INFO - [2025-04-02T07:57:45.866+0000] {dag.py:3239} INFO - Sync 1 DAGs
[2025-04-02T07:57:45.939+0000] {logging_mixin.py:190} INFO - [2025-04-02T07:57:45.938+0000] {dag.py:4180} INFO - Setting next_dagrun for example_branch_operator to 2025-04-01 00:00:00+00:00, run_after=2025-04-02 00:00:00+00:00
[2025-04-02T07:57:45.986+0000] {processor.py:208} INFO - Processing /home/airflow/.local/lib/python3.12/site-packages/airflow/example_dags/example_branch_operator.py took 0.306 seconds
[2025-04-02T07:58:16.294+0000] {processor.py:186} INFO - Started process (PID=6619) to work on /home/airflow/.local/lib/python3.12/site-packages/airflow/example_dags/example_branch_operator.py
[2025-04-02T07:58:16.296+0000] {processor.py:914} INFO - Processing file /home/airflow/.local/lib/python3.12/site-packages/airflow/example_dags/example_branch_operator.py for tasks to queue
[2025-04-02T07:58:16.300+0000] {logging_mixin.py:190} INFO - [2025-04-02T07:58:16.300+0000] {dagbag.py:588} INFO - Filling up the DagBag from /home/airflow/.local/lib/python3.12/site-packages/airflow/example_dags/example_branch_operator.py
[2025-04-02T07:58:16.336+0000] {processor.py:925} INFO - DAG(s) 'example_branch_operator' retrieved from /home/airflow/.local/lib/python3.12/site-packages/airflow/example_dags/example_branch_operator.py
[2025-04-02T07:58:16.382+0000] {logging_mixin.py:190} INFO - [2025-04-02T07:58:16.381+0000] {dag.py:3239} INFO - Sync 1 DAGs
[2025-04-02T07:58:16.419+0000] {logging_mixin.py:190} INFO - [2025-04-02T07:58:16.419+0000] {dag.py:4180} INFO - Setting next_dagrun for example_branch_operator to 2025-04-01 00:00:00+00:00, run_after=2025-04-02 00:00:00+00:00
[2025-04-02T07:58:16.446+0000] {processor.py:208} INFO - Processing /home/airflow/.local/lib/python3.12/site-packages/airflow/example_dags/example_branch_operator.py took 0.163 seconds
[2025-04-02T07:58:47.682+0000] {processor.py:186} INFO - Started process (PID=6683) to work on /home/airflow/.local/lib/python3.12/site-packages/airflow/example_dags/example_branch_operator.py
[2025-04-02T07:58:47.686+0000] {processor.py:914} INFO - Processing file /home/airflow/.local/lib/python3.12/site-packages/airflow/example_dags/example_branch_operator.py for tasks to queue
[2025-04-02T07:58:47.692+0000] {logging_mixin.py:190} INFO - [2025-04-02T07:58:47.692+0000] {dagbag.py:588} INFO - Filling up the DagBag from /home/airflow/.local/lib/python3.12/site-packages/airflow/example_dags/example_branch_operator.py
[2025-04-02T07:58:47.791+0000] {processor.py:925} INFO - DAG(s) 'example_branch_operator' retrieved from /home/airflow/.local/lib/python3.12/site-packages/airflow/example_dags/example_branch_operator.py
[2025-04-02T07:58:47.873+0000] {logging_mixin.py:190} INFO - [2025-04-02T07:58:47.871+0000] {dag.py:3239} INFO - Sync 1 DAGs
[2025-04-02T07:58:47.952+0000] {logging_mixin.py:190} INFO - [2025-04-02T07:58:47.951+0000] {dag.py:4180} INFO - Setting next_dagrun for example_branch_operator to 2025-04-01 00:00:00+00:00, run_after=2025-04-02 00:00:00+00:00
[2025-04-02T07:58:48.017+0000] {processor.py:208} INFO - Processing /home/airflow/.local/lib/python3.12/site-packages/airflow/example_dags/example_branch_operator.py took 0.353 seconds
[2025-04-02T07:59:18.452+0000] {processor.py:186} INFO - Started process (PID=6761) to work on /home/airflow/.local/lib/python3.12/site-packages/airflow/example_dags/example_branch_operator.py
[2025-04-02T07:59:18.453+0000] {processor.py:914} INFO - Processing file /home/airflow/.local/lib/python3.12/site-packages/airflow/example_dags/example_branch_operator.py for tasks to queue
[2025-04-02T07:59:18.462+0000] {logging_mixin.py:190} INFO - [2025-04-02T07:59:18.461+0000] {dagbag.py:588} INFO - Filling up the DagBag from /home/airflow/.local/lib/python3.12/site-packages/airflow/example_dags/example_branch_operator.py
[2025-04-02T07:59:18.518+0000] {processor.py:925} INFO - DAG(s) 'example_branch_operator' retrieved from /home/airflow/.local/lib/python3.12/site-packages/airflow/example_dags/example_branch_operator.py
[2025-04-02T07:59:18.670+0000] {logging_mixin.py:190} INFO - [2025-04-02T07:59:18.669+0000] {dag.py:3239} INFO - Sync 1 DAGs
[2025-04-02T07:59:18.776+0000] {logging_mixin.py:190} INFO - [2025-04-02T07:59:18.772+0000] {dag.py:4180} INFO - Setting next_dagrun for example_branch_operator to 2025-04-01 00:00:00+00:00, run_after=2025-04-02 00:00:00+00:00
[2025-04-02T07:59:18.838+0000] {processor.py:208} INFO - Processing /home/airflow/.local/lib/python3.12/site-packages/airflow/example_dags/example_branch_operator.py took 0.406 seconds
[2025-04-02T07:59:49.412+0000] {processor.py:186} INFO - Started process (PID=6833) to work on /home/airflow/.local/lib/python3.12/site-packages/airflow/example_dags/example_branch_operator.py
[2025-04-02T07:59:49.414+0000] {processor.py:914} INFO - Processing file /home/airflow/.local/lib/python3.12/site-packages/airflow/example_dags/example_branch_operator.py for tasks to queue
[2025-04-02T07:59:49.422+0000] {logging_mixin.py:190} INFO - [2025-04-02T07:59:49.419+0000] {dagbag.py:588} INFO - Filling up the DagBag from /home/airflow/.local/lib/python3.12/site-packages/airflow/example_dags/example_branch_operator.py
[2025-04-02T07:59:49.484+0000] {processor.py:925} INFO - DAG(s) 'example_branch_operator' retrieved from /home/airflow/.local/lib/python3.12/site-packages/airflow/example_dags/example_branch_operator.py
[2025-04-02T07:59:49.594+0000] {logging_mixin.py:190} INFO - [2025-04-02T07:59:49.593+0000] {dag.py:3239} INFO - Sync 1 DAGs
[2025-04-02T07:59:49.690+0000] {logging_mixin.py:190} INFO - [2025-04-02T07:59:49.690+0000] {dag.py:4180} INFO - Setting next_dagrun for example_branch_operator to 2025-04-01 00:00:00+00:00, run_after=2025-04-02 00:00:00+00:00
[2025-04-02T07:59:49.751+0000] {processor.py:208} INFO - Processing /home/airflow/.local/lib/python3.12/site-packages/airflow/example_dags/example_branch_operator.py took 0.364 seconds
[2025-04-02T08:00:20.094+0000] {processor.py:186} INFO - Started process (PID=6913) to work on /home/airflow/.local/lib/python3.12/site-packages/airflow/example_dags/example_branch_operator.py
[2025-04-02T08:00:20.095+0000] {processor.py:914} INFO - Processing file /home/airflow/.local/lib/python3.12/site-packages/airflow/example_dags/example_branch_operator.py for tasks to queue
[2025-04-02T08:00:20.100+0000] {logging_mixin.py:190} INFO - [2025-04-02T08:00:20.100+0000] {dagbag.py:588} INFO - Filling up the DagBag from /home/airflow/.local/lib/python3.12/site-packages/airflow/example_dags/example_branch_operator.py
[2025-04-02T08:00:20.173+0000] {processor.py:925} INFO - DAG(s) 'example_branch_operator' retrieved from /home/airflow/.local/lib/python3.12/site-packages/airflow/example_dags/example_branch_operator.py
[2025-04-02T08:00:20.271+0000] {logging_mixin.py:190} INFO - [2025-04-02T08:00:20.270+0000] {dag.py:3239} INFO - Sync 1 DAGs
[2025-04-02T08:00:20.348+0000] {logging_mixin.py:190} INFO - [2025-04-02T08:00:20.348+0000] {dag.py:4180} INFO - Setting next_dagrun for example_branch_operator to 2025-04-01 00:00:00+00:00, run_after=2025-04-02 00:00:00+00:00
[2025-04-02T08:00:20.391+0000] {processor.py:208} INFO - Processing /home/airflow/.local/lib/python3.12/site-packages/airflow/example_dags/example_branch_operator.py took 0.315 seconds
[2025-04-02T08:00:50.794+0000] {processor.py:186} INFO - Started process (PID=6986) to work on /home/airflow/.local/lib/python3.12/site-packages/airflow/example_dags/example_branch_operator.py
[2025-04-02T08:00:50.798+0000] {processor.py:914} INFO - Processing file /home/airflow/.local/lib/python3.12/site-packages/airflow/example_dags/example_branch_operator.py for tasks to queue
[2025-04-02T08:00:50.803+0000] {logging_mixin.py:190} INFO - [2025-04-02T08:00:50.803+0000] {dagbag.py:588} INFO - Filling up the DagBag from /home/airflow/.local/lib/python3.12/site-packages/airflow/example_dags/example_branch_operator.py
[2025-04-02T08:00:50.858+0000] {processor.py:925} INFO - DAG(s) 'example_branch_operator' retrieved from /home/airflow/.local/lib/python3.12/site-packages/airflow/example_dags/example_branch_operator.py
[2025-04-02T08:00:51.019+0000] {logging_mixin.py:190} INFO - [2025-04-02T08:00:51.018+0000] {dag.py:3239} INFO - Sync 1 DAGs
[2025-04-02T08:00:51.157+0000] {logging_mixin.py:190} INFO - [2025-04-02T08:00:51.156+0000] {dag.py:4180} INFO - Setting next_dagrun for example_branch_operator to 2025-04-01 00:00:00+00:00, run_after=2025-04-02 00:00:00+00:00
[2025-04-02T08:00:51.239+0000] {processor.py:208} INFO - Processing /home/airflow/.local/lib/python3.12/site-packages/airflow/example_dags/example_branch_operator.py took 0.482 seconds
[2025-04-02T08:01:21.426+0000] {processor.py:186} INFO - Started process (PID=7070) to work on /home/airflow/.local/lib/python3.12/site-packages/airflow/example_dags/example_branch_operator.py
[2025-04-02T08:01:21.427+0000] {processor.py:914} INFO - Processing file /home/airflow/.local/lib/python3.12/site-packages/airflow/example_dags/example_branch_operator.py for tasks to queue
[2025-04-02T08:01:21.432+0000] {logging_mixin.py:190} INFO - [2025-04-02T08:01:21.431+0000] {dagbag.py:588} INFO - Filling up the DagBag from /home/airflow/.local/lib/python3.12/site-packages/airflow/example_dags/example_branch_operator.py
[2025-04-02T08:01:21.483+0000] {processor.py:925} INFO - DAG(s) 'example_branch_operator' retrieved from /home/airflow/.local/lib/python3.12/site-packages/airflow/example_dags/example_branch_operator.py
[2025-04-02T08:01:21.588+0000] {logging_mixin.py:190} INFO - [2025-04-02T08:01:21.587+0000] {dag.py:3239} INFO - Sync 1 DAGs
[2025-04-02T08:01:21.694+0000] {logging_mixin.py:190} INFO - [2025-04-02T08:01:21.694+0000] {dag.py:4180} INFO - Setting next_dagrun for example_branch_operator to 2025-04-01 00:00:00+00:00, run_after=2025-04-02 00:00:00+00:00
[2025-04-02T08:01:21.735+0000] {processor.py:208} INFO - Processing /home/airflow/.local/lib/python3.12/site-packages/airflow/example_dags/example_branch_operator.py took 0.328 seconds
[2025-04-02T08:01:52.330+0000] {processor.py:186} INFO - Started process (PID=7139) to work on /home/airflow/.local/lib/python3.12/site-packages/airflow/example_dags/example_branch_operator.py
[2025-04-02T08:01:52.333+0000] {processor.py:914} INFO - Processing file /home/airflow/.local/lib/python3.12/site-packages/airflow/example_dags/example_branch_operator.py for tasks to queue
[2025-04-02T08:01:52.341+0000] {logging_mixin.py:190} INFO - [2025-04-02T08:01:52.341+0000] {dagbag.py:588} INFO - Filling up the DagBag from /home/airflow/.local/lib/python3.12/site-packages/airflow/example_dags/example_branch_operator.py
[2025-04-02T08:01:52.406+0000] {processor.py:925} INFO - DAG(s) 'example_branch_operator' retrieved from /home/airflow/.local/lib/python3.12/site-packages/airflow/example_dags/example_branch_operator.py
[2025-04-02T08:01:52.490+0000] {logging_mixin.py:190} INFO - [2025-04-02T08:01:52.489+0000] {dag.py:3239} INFO - Sync 1 DAGs
[2025-04-02T08:01:52.556+0000] {logging_mixin.py:190} INFO - [2025-04-02T08:01:52.555+0000] {dag.py:4180} INFO - Setting next_dagrun for example_branch_operator to 2025-04-01 00:00:00+00:00, run_after=2025-04-02 00:00:00+00:00
[2025-04-02T08:01:52.599+0000] {processor.py:208} INFO - Processing /home/airflow/.local/lib/python3.12/site-packages/airflow/example_dags/example_branch_operator.py took 0.288 seconds
[2025-04-02T08:02:22.739+0000] {processor.py:186} INFO - Started process (PID=7225) to work on /home/airflow/.local/lib/python3.12/site-packages/airflow/example_dags/example_branch_operator.py
[2025-04-02T08:02:22.741+0000] {processor.py:914} INFO - Processing file /home/airflow/.local/lib/python3.12/site-packages/airflow/example_dags/example_branch_operator.py for tasks to queue
[2025-04-02T08:02:22.752+0000] {logging_mixin.py:190} INFO - [2025-04-02T08:02:22.749+0000] {dagbag.py:588} INFO - Filling up the DagBag from /home/airflow/.local/lib/python3.12/site-packages/airflow/example_dags/example_branch_operator.py
[2025-04-02T08:02:22.825+0000] {processor.py:925} INFO - DAG(s) 'example_branch_operator' retrieved from /home/airflow/.local/lib/python3.12/site-packages/airflow/example_dags/example_branch_operator.py
[2025-04-02T08:02:22.920+0000] {logging_mixin.py:190} INFO - [2025-04-02T08:02:22.917+0000] {dag.py:3239} INFO - Sync 1 DAGs
[2025-04-02T08:02:22.984+0000] {logging_mixin.py:190} INFO - [2025-04-02T08:02:22.984+0000] {dag.py:4180} INFO - Setting next_dagrun for example_branch_operator to 2025-04-01 00:00:00+00:00, run_after=2025-04-02 00:00:00+00:00
[2025-04-02T08:02:23.030+0000] {processor.py:208} INFO - Processing /home/airflow/.local/lib/python3.12/site-packages/airflow/example_dags/example_branch_operator.py took 0.321 seconds
[2025-04-02T08:02:53.681+0000] {processor.py:186} INFO - Started process (PID=7293) to work on /home/airflow/.local/lib/python3.12/site-packages/airflow/example_dags/example_branch_operator.py
[2025-04-02T08:02:53.683+0000] {processor.py:914} INFO - Processing file /home/airflow/.local/lib/python3.12/site-packages/airflow/example_dags/example_branch_operator.py for tasks to queue
[2025-04-02T08:02:53.691+0000] {logging_mixin.py:190} INFO - [2025-04-02T08:02:53.690+0000] {dagbag.py:588} INFO - Filling up the DagBag from /home/airflow/.local/lib/python3.12/site-packages/airflow/example_dags/example_branch_operator.py
[2025-04-02T08:02:53.774+0000] {processor.py:925} INFO - DAG(s) 'example_branch_operator' retrieved from /home/airflow/.local/lib/python3.12/site-packages/airflow/example_dags/example_branch_operator.py
[2025-04-02T08:02:53.880+0000] {logging_mixin.py:190} INFO - [2025-04-02T08:02:53.879+0000] {dag.py:3239} INFO - Sync 1 DAGs
[2025-04-02T08:02:53.955+0000] {logging_mixin.py:190} INFO - [2025-04-02T08:02:53.954+0000] {dag.py:4180} INFO - Setting next_dagrun for example_branch_operator to 2025-04-01 00:00:00+00:00, run_after=2025-04-02 00:00:00+00:00
[2025-04-02T08:02:54.000+0000] {processor.py:208} INFO - Processing /home/airflow/.local/lib/python3.12/site-packages/airflow/example_dags/example_branch_operator.py took 0.346 seconds
[2025-04-02T08:03:24.414+0000] {processor.py:186} INFO - Started process (PID=7371) to work on /home/airflow/.local/lib/python3.12/site-packages/airflow/example_dags/example_branch_operator.py
[2025-04-02T08:03:24.423+0000] {processor.py:914} INFO - Processing file /home/airflow/.local/lib/python3.12/site-packages/airflow/example_dags/example_branch_operator.py for tasks to queue
[2025-04-02T08:03:24.431+0000] {logging_mixin.py:190} INFO - [2025-04-02T08:03:24.431+0000] {dagbag.py:588} INFO - Filling up the DagBag from /home/airflow/.local/lib/python3.12/site-packages/airflow/example_dags/example_branch_operator.py
[2025-04-02T08:03:24.540+0000] {processor.py:925} INFO - DAG(s) 'example_branch_operator' retrieved from /home/airflow/.local/lib/python3.12/site-packages/airflow/example_dags/example_branch_operator.py
[2025-04-02T08:03:24.621+0000] {logging_mixin.py:190} INFO - [2025-04-02T08:03:24.620+0000] {dag.py:3239} INFO - Sync 1 DAGs
[2025-04-02T08:03:24.712+0000] {logging_mixin.py:190} INFO - [2025-04-02T08:03:24.709+0000] {dag.py:4180} INFO - Setting next_dagrun for example_branch_operator to 2025-04-01 00:00:00+00:00, run_after=2025-04-02 00:00:00+00:00
[2025-04-02T08:03:24.780+0000] {processor.py:208} INFO - Processing /home/airflow/.local/lib/python3.12/site-packages/airflow/example_dags/example_branch_operator.py took 0.400 seconds
[2025-04-02T08:03:55.744+0000] {processor.py:186} INFO - Started process (PID=7440) to work on /home/airflow/.local/lib/python3.12/site-packages/airflow/example_dags/example_branch_operator.py
[2025-04-02T08:03:55.746+0000] {processor.py:914} INFO - Processing file /home/airflow/.local/lib/python3.12/site-packages/airflow/example_dags/example_branch_operator.py for tasks to queue
[2025-04-02T08:03:55.752+0000] {logging_mixin.py:190} INFO - [2025-04-02T08:03:55.752+0000] {dagbag.py:588} INFO - Filling up the DagBag from /home/airflow/.local/lib/python3.12/site-packages/airflow/example_dags/example_branch_operator.py
[2025-04-02T08:03:55.834+0000] {processor.py:925} INFO - DAG(s) 'example_branch_operator' retrieved from /home/airflow/.local/lib/python3.12/site-packages/airflow/example_dags/example_branch_operator.py
[2025-04-02T08:03:55.967+0000] {logging_mixin.py:190} INFO - [2025-04-02T08:03:55.963+0000] {dag.py:3239} INFO - Sync 1 DAGs
[2025-04-02T08:03:56.080+0000] {logging_mixin.py:190} INFO - [2025-04-02T08:03:56.079+0000] {dag.py:4180} INFO - Setting next_dagrun for example_branch_operator to 2025-04-01 00:00:00+00:00, run_after=2025-04-02 00:00:00+00:00
[2025-04-02T08:03:56.148+0000] {processor.py:208} INFO - Processing /home/airflow/.local/lib/python3.12/site-packages/airflow/example_dags/example_branch_operator.py took 0.423 seconds
[2025-04-02T08:04:26.540+0000] {processor.py:186} INFO - Started process (PID=7517) to work on /home/airflow/.local/lib/python3.12/site-packages/airflow/example_dags/example_branch_operator.py
[2025-04-02T08:04:26.545+0000] {processor.py:914} INFO - Processing file /home/airflow/.local/lib/python3.12/site-packages/airflow/example_dags/example_branch_operator.py for tasks to queue
[2025-04-02T08:04:26.554+0000] {logging_mixin.py:190} INFO - [2025-04-02T08:04:26.553+0000] {dagbag.py:588} INFO - Filling up the DagBag from /home/airflow/.local/lib/python3.12/site-packages/airflow/example_dags/example_branch_operator.py
[2025-04-02T08:04:26.655+0000] {processor.py:925} INFO - DAG(s) 'example_branch_operator' retrieved from /home/airflow/.local/lib/python3.12/site-packages/airflow/example_dags/example_branch_operator.py
[2025-04-02T08:04:26.776+0000] {logging_mixin.py:190} INFO - [2025-04-02T08:04:26.774+0000] {dag.py:3239} INFO - Sync 1 DAGs
[2025-04-02T08:04:26.895+0000] {logging_mixin.py:190} INFO - [2025-04-02T08:04:26.894+0000] {dag.py:4180} INFO - Setting next_dagrun for example_branch_operator to 2025-04-01 00:00:00+00:00, run_after=2025-04-02 00:00:00+00:00
[2025-04-02T08:04:26.969+0000] {processor.py:208} INFO - Processing /home/airflow/.local/lib/python3.12/site-packages/airflow/example_dags/example_branch_operator.py took 0.451 seconds
[2025-04-02T08:04:57.258+0000] {processor.py:186} INFO - Started process (PID=7589) to work on /home/airflow/.local/lib/python3.12/site-packages/airflow/example_dags/example_branch_operator.py
[2025-04-02T08:04:57.264+0000] {processor.py:914} INFO - Processing file /home/airflow/.local/lib/python3.12/site-packages/airflow/example_dags/example_branch_operator.py for tasks to queue
[2025-04-02T08:04:57.273+0000] {logging_mixin.py:190} INFO - [2025-04-02T08:04:57.272+0000] {dagbag.py:588} INFO - Filling up the DagBag from /home/airflow/.local/lib/python3.12/site-packages/airflow/example_dags/example_branch_operator.py
[2025-04-02T08:04:57.326+0000] {processor.py:925} INFO - DAG(s) 'example_branch_operator' retrieved from /home/airflow/.local/lib/python3.12/site-packages/airflow/example_dags/example_branch_operator.py
[2025-04-02T08:04:57.426+0000] {logging_mixin.py:190} INFO - [2025-04-02T08:04:57.425+0000] {dag.py:3239} INFO - Sync 1 DAGs
[2025-04-02T08:04:57.513+0000] {logging_mixin.py:190} INFO - [2025-04-02T08:04:57.512+0000] {dag.py:4180} INFO - Setting next_dagrun for example_branch_operator to 2025-04-01 00:00:00+00:00, run_after=2025-04-02 00:00:00+00:00
[2025-04-02T08:04:57.562+0000] {processor.py:208} INFO - Processing /home/airflow/.local/lib/python3.12/site-packages/airflow/example_dags/example_branch_operator.py took 0.319 seconds
[2025-04-02T08:05:27.686+0000] {processor.py:186} INFO - Started process (PID=7654) to work on /home/airflow/.local/lib/python3.12/site-packages/airflow/example_dags/example_branch_operator.py
[2025-04-02T08:05:27.687+0000] {processor.py:914} INFO - Processing file /home/airflow/.local/lib/python3.12/site-packages/airflow/example_dags/example_branch_operator.py for tasks to queue
[2025-04-02T08:05:27.693+0000] {logging_mixin.py:190} INFO - [2025-04-02T08:05:27.692+0000] {dagbag.py:588} INFO - Filling up the DagBag from /home/airflow/.local/lib/python3.12/site-packages/airflow/example_dags/example_branch_operator.py
[2025-04-02T08:05:27.757+0000] {processor.py:925} INFO - DAG(s) 'example_branch_operator' retrieved from /home/airflow/.local/lib/python3.12/site-packages/airflow/example_dags/example_branch_operator.py
[2025-04-02T08:05:27.863+0000] {logging_mixin.py:190} INFO - [2025-04-02T08:05:27.859+0000] {dag.py:3239} INFO - Sync 1 DAGs
[2025-04-02T08:05:27.947+0000] {logging_mixin.py:190} INFO - [2025-04-02T08:05:27.947+0000] {dag.py:4180} INFO - Setting next_dagrun for example_branch_operator to 2025-04-01 00:00:00+00:00, run_after=2025-04-02 00:00:00+00:00
[2025-04-02T08:05:28.001+0000] {processor.py:208} INFO - Processing /home/airflow/.local/lib/python3.12/site-packages/airflow/example_dags/example_branch_operator.py took 0.336 seconds
[2025-04-02T08:05:58.257+0000] {processor.py:186} INFO - Started process (PID=7731) to work on /home/airflow/.local/lib/python3.12/site-packages/airflow/example_dags/example_branch_operator.py
[2025-04-02T08:05:58.260+0000] {processor.py:914} INFO - Processing file /home/airflow/.local/lib/python3.12/site-packages/airflow/example_dags/example_branch_operator.py for tasks to queue
[2025-04-02T08:05:58.276+0000] {logging_mixin.py:190} INFO - [2025-04-02T08:05:58.275+0000] {dagbag.py:588} INFO - Filling up the DagBag from /home/airflow/.local/lib/python3.12/site-packages/airflow/example_dags/example_branch_operator.py
[2025-04-02T08:05:58.429+0000] {processor.py:925} INFO - DAG(s) 'example_branch_operator' retrieved from /home/airflow/.local/lib/python3.12/site-packages/airflow/example_dags/example_branch_operator.py
[2025-04-02T08:05:58.618+0000] {logging_mixin.py:190} INFO - [2025-04-02T08:05:58.615+0000] {dag.py:3239} INFO - Sync 1 DAGs
[2025-04-02T08:05:58.891+0000] {logging_mixin.py:190} INFO - [2025-04-02T08:05:58.885+0000] {dag.py:4180} INFO - Setting next_dagrun for example_branch_operator to 2025-04-01 00:00:00+00:00, run_after=2025-04-02 00:00:00+00:00
[2025-04-02T08:05:59.150+0000] {processor.py:208} INFO - Processing /home/airflow/.local/lib/python3.12/site-packages/airflow/example_dags/example_branch_operator.py took 0.940 seconds
[2025-04-02T08:06:35.911+0000] {processor.py:186} INFO - Started process (PID=7801) to work on /home/airflow/.local/lib/python3.12/site-packages/airflow/example_dags/example_branch_operator.py
[2025-04-02T08:06:35.920+0000] {processor.py:914} INFO - Processing file /home/airflow/.local/lib/python3.12/site-packages/airflow/example_dags/example_branch_operator.py for tasks to queue
[2025-04-02T08:06:35.929+0000] {logging_mixin.py:190} INFO - [2025-04-02T08:06:35.928+0000] {dagbag.py:588} INFO - Filling up the DagBag from /home/airflow/.local/lib/python3.12/site-packages/airflow/example_dags/example_branch_operator.py
[2025-04-02T08:06:36.056+0000] {processor.py:925} INFO - DAG(s) 'example_branch_operator' retrieved from /home/airflow/.local/lib/python3.12/site-packages/airflow/example_dags/example_branch_operator.py
[2025-04-02T08:06:36.276+0000] {logging_mixin.py:190} INFO - [2025-04-02T08:06:36.273+0000] {dag.py:3239} INFO - Sync 1 DAGs
[2025-04-02T08:06:36.432+0000] {logging_mixin.py:190} INFO - [2025-04-02T08:06:36.426+0000] {dag.py:4180} INFO - Setting next_dagrun for example_branch_operator to 2025-04-01 00:00:00+00:00, run_after=2025-04-02 00:00:00+00:00
[2025-04-02T08:06:36.531+0000] {processor.py:208} INFO - Processing /home/airflow/.local/lib/python3.12/site-packages/airflow/example_dags/example_branch_operator.py took 0.650 seconds
[2025-04-02T08:07:06.892+0000] {processor.py:186} INFO - Started process (PID=7865) to work on /home/airflow/.local/lib/python3.12/site-packages/airflow/example_dags/example_branch_operator.py
[2025-04-02T08:07:06.895+0000] {processor.py:914} INFO - Processing file /home/airflow/.local/lib/python3.12/site-packages/airflow/example_dags/example_branch_operator.py for tasks to queue
[2025-04-02T08:07:06.901+0000] {logging_mixin.py:190} INFO - [2025-04-02T08:07:06.901+0000] {dagbag.py:588} INFO - Filling up the DagBag from /home/airflow/.local/lib/python3.12/site-packages/airflow/example_dags/example_branch_operator.py
[2025-04-02T08:07:06.971+0000] {processor.py:925} INFO - DAG(s) 'example_branch_operator' retrieved from /home/airflow/.local/lib/python3.12/site-packages/airflow/example_dags/example_branch_operator.py
[2025-04-02T08:07:07.109+0000] {logging_mixin.py:190} INFO - [2025-04-02T08:07:07.107+0000] {dag.py:3239} INFO - Sync 1 DAGs
[2025-04-02T08:07:07.205+0000] {logging_mixin.py:190} INFO - [2025-04-02T08:07:07.205+0000] {dag.py:4180} INFO - Setting next_dagrun for example_branch_operator to 2025-04-01 00:00:00+00:00, run_after=2025-04-02 00:00:00+00:00
[2025-04-02T08:07:07.272+0000] {processor.py:208} INFO - Processing /home/airflow/.local/lib/python3.12/site-packages/airflow/example_dags/example_branch_operator.py took 0.401 seconds
[2025-04-02T08:07:37.586+0000] {processor.py:186} INFO - Started process (PID=7954) to work on /home/airflow/.local/lib/python3.12/site-packages/airflow/example_dags/example_branch_operator.py
[2025-04-02T08:07:37.588+0000] {processor.py:914} INFO - Processing file /home/airflow/.local/lib/python3.12/site-packages/airflow/example_dags/example_branch_operator.py for tasks to queue
[2025-04-02T08:07:37.595+0000] {logging_mixin.py:190} INFO - [2025-04-02T08:07:37.594+0000] {dagbag.py:588} INFO - Filling up the DagBag from /home/airflow/.local/lib/python3.12/site-packages/airflow/example_dags/example_branch_operator.py
[2025-04-02T08:07:37.644+0000] {processor.py:925} INFO - DAG(s) 'example_branch_operator' retrieved from /home/airflow/.local/lib/python3.12/site-packages/airflow/example_dags/example_branch_operator.py
[2025-04-02T08:07:37.718+0000] {logging_mixin.py:190} INFO - [2025-04-02T08:07:37.717+0000] {dag.py:3239} INFO - Sync 1 DAGs
[2025-04-02T08:07:37.783+0000] {logging_mixin.py:190} INFO - [2025-04-02T08:07:37.783+0000] {dag.py:4180} INFO - Setting next_dagrun for example_branch_operator to 2025-04-01 00:00:00+00:00, run_after=2025-04-02 00:00:00+00:00
[2025-04-02T08:07:37.830+0000] {processor.py:208} INFO - Processing /home/airflow/.local/lib/python3.12/site-packages/airflow/example_dags/example_branch_operator.py took 0.259 seconds
[2025-04-02T08:08:08.900+0000] {processor.py:186} INFO - Started process (PID=8015) to work on /home/airflow/.local/lib/python3.12/site-packages/airflow/example_dags/example_branch_operator.py
[2025-04-02T08:08:08.902+0000] {processor.py:914} INFO - Processing file /home/airflow/.local/lib/python3.12/site-packages/airflow/example_dags/example_branch_operator.py for tasks to queue
[2025-04-02T08:08:08.911+0000] {logging_mixin.py:190} INFO - [2025-04-02T08:08:08.910+0000] {dagbag.py:588} INFO - Filling up the DagBag from /home/airflow/.local/lib/python3.12/site-packages/airflow/example_dags/example_branch_operator.py
[2025-04-02T08:08:08.990+0000] {processor.py:925} INFO - DAG(s) 'example_branch_operator' retrieved from /home/airflow/.local/lib/python3.12/site-packages/airflow/example_dags/example_branch_operator.py
[2025-04-02T08:08:09.078+0000] {logging_mixin.py:190} INFO - [2025-04-02T08:08:09.076+0000] {dag.py:3239} INFO - Sync 1 DAGs
[2025-04-02T08:08:09.143+0000] {logging_mixin.py:190} INFO - [2025-04-02T08:08:09.143+0000] {dag.py:4180} INFO - Setting next_dagrun for example_branch_operator to 2025-04-01 00:00:00+00:00, run_after=2025-04-02 00:00:00+00:00
[2025-04-02T08:08:09.195+0000] {processor.py:208} INFO - Processing /home/airflow/.local/lib/python3.12/site-packages/airflow/example_dags/example_branch_operator.py took 0.317 seconds
[2025-04-02T08:08:40.365+0000] {processor.py:186} INFO - Started process (PID=8086) to work on /home/airflow/.local/lib/python3.12/site-packages/airflow/example_dags/example_branch_operator.py
[2025-04-02T08:08:40.370+0000] {processor.py:914} INFO - Processing file /home/airflow/.local/lib/python3.12/site-packages/airflow/example_dags/example_branch_operator.py for tasks to queue
[2025-04-02T08:08:40.383+0000] {logging_mixin.py:190} INFO - [2025-04-02T08:08:40.382+0000] {dagbag.py:588} INFO - Filling up the DagBag from /home/airflow/.local/lib/python3.12/site-packages/airflow/example_dags/example_branch_operator.py
[2025-04-02T08:08:40.483+0000] {processor.py:925} INFO - DAG(s) 'example_branch_operator' retrieved from /home/airflow/.local/lib/python3.12/site-packages/airflow/example_dags/example_branch_operator.py
[2025-04-02T08:08:40.641+0000] {logging_mixin.py:190} INFO - [2025-04-02T08:08:40.640+0000] {dag.py:3239} INFO - Sync 1 DAGs
[2025-04-02T08:08:40.759+0000] {logging_mixin.py:190} INFO - [2025-04-02T08:08:40.759+0000] {dag.py:4180} INFO - Setting next_dagrun for example_branch_operator to 2025-04-01 00:00:00+00:00, run_after=2025-04-02 00:00:00+00:00
[2025-04-02T08:08:40.817+0000] {processor.py:208} INFO - Processing /home/airflow/.local/lib/python3.12/site-packages/airflow/example_dags/example_branch_operator.py took 0.474 seconds
[2025-04-02T08:09:13.780+0000] {processor.py:186} INFO - Started process (PID=8155) to work on /home/airflow/.local/lib/python3.12/site-packages/airflow/example_dags/example_branch_operator.py
[2025-04-02T08:09:13.789+0000] {processor.py:914} INFO - Processing file /home/airflow/.local/lib/python3.12/site-packages/airflow/example_dags/example_branch_operator.py for tasks to queue
[2025-04-02T08:09:13.803+0000] {logging_mixin.py:190} INFO - [2025-04-02T08:09:13.802+0000] {dagbag.py:588} INFO - Filling up the DagBag from /home/airflow/.local/lib/python3.12/site-packages/airflow/example_dags/example_branch_operator.py
[2025-04-02T08:09:13.971+0000] {processor.py:925} INFO - DAG(s) 'example_branch_operator' retrieved from /home/airflow/.local/lib/python3.12/site-packages/airflow/example_dags/example_branch_operator.py
[2025-04-02T08:09:14.210+0000] {logging_mixin.py:190} INFO - [2025-04-02T08:09:14.209+0000] {dag.py:3239} INFO - Sync 1 DAGs
[2025-04-02T08:09:14.415+0000] {logging_mixin.py:190} INFO - [2025-04-02T08:09:14.414+0000] {dag.py:4180} INFO - Setting next_dagrun for example_branch_operator to 2025-04-01 00:00:00+00:00, run_after=2025-04-02 00:00:00+00:00
[2025-04-02T08:09:14.606+0000] {processor.py:208} INFO - Processing /home/airflow/.local/lib/python3.12/site-packages/airflow/example_dags/example_branch_operator.py took 0.884 seconds
[2025-04-02T08:09:44.745+0000] {processor.py:186} INFO - Started process (PID=8227) to work on /home/airflow/.local/lib/python3.12/site-packages/airflow/example_dags/example_branch_operator.py
[2025-04-02T08:09:44.750+0000] {processor.py:914} INFO - Processing file /home/airflow/.local/lib/python3.12/site-packages/airflow/example_dags/example_branch_operator.py for tasks to queue
[2025-04-02T08:09:44.759+0000] {logging_mixin.py:190} INFO - [2025-04-02T08:09:44.758+0000] {dagbag.py:588} INFO - Filling up the DagBag from /home/airflow/.local/lib/python3.12/site-packages/airflow/example_dags/example_branch_operator.py
[2025-04-02T08:09:44.849+0000] {processor.py:925} INFO - DAG(s) 'example_branch_operator' retrieved from /home/airflow/.local/lib/python3.12/site-packages/airflow/example_dags/example_branch_operator.py
[2025-04-02T08:09:45.007+0000] {logging_mixin.py:190} INFO - [2025-04-02T08:09:45.006+0000] {dag.py:3239} INFO - Sync 1 DAGs
[2025-04-02T08:09:45.088+0000] {logging_mixin.py:190} INFO - [2025-04-02T08:09:45.088+0000] {dag.py:4180} INFO - Setting next_dagrun for example_branch_operator to 2025-04-01 00:00:00+00:00, run_after=2025-04-02 00:00:00+00:00
[2025-04-02T08:09:45.143+0000] {processor.py:208} INFO - Processing /home/airflow/.local/lib/python3.12/site-packages/airflow/example_dags/example_branch_operator.py took 0.428 seconds
[2025-04-02T08:10:15.507+0000] {processor.py:186} INFO - Started process (PID=8300) to work on /home/airflow/.local/lib/python3.12/site-packages/airflow/example_dags/example_branch_operator.py
[2025-04-02T08:10:15.509+0000] {processor.py:914} INFO - Processing file /home/airflow/.local/lib/python3.12/site-packages/airflow/example_dags/example_branch_operator.py for tasks to queue
[2025-04-02T08:10:15.514+0000] {logging_mixin.py:190} INFO - [2025-04-02T08:10:15.514+0000] {dagbag.py:588} INFO - Filling up the DagBag from /home/airflow/.local/lib/python3.12/site-packages/airflow/example_dags/example_branch_operator.py
[2025-04-02T08:10:15.584+0000] {processor.py:925} INFO - DAG(s) 'example_branch_operator' retrieved from /home/airflow/.local/lib/python3.12/site-packages/airflow/example_dags/example_branch_operator.py
[2025-04-02T08:10:15.700+0000] {logging_mixin.py:190} INFO - [2025-04-02T08:10:15.699+0000] {dag.py:3239} INFO - Sync 1 DAGs
[2025-04-02T08:10:15.772+0000] {logging_mixin.py:190} INFO - [2025-04-02T08:10:15.772+0000] {dag.py:4180} INFO - Setting next_dagrun for example_branch_operator to 2025-04-01 00:00:00+00:00, run_after=2025-04-02 00:00:00+00:00
[2025-04-02T08:10:15.817+0000] {processor.py:208} INFO - Processing /home/airflow/.local/lib/python3.12/site-packages/airflow/example_dags/example_branch_operator.py took 0.329 seconds
[2025-04-02T08:10:46.416+0000] {processor.py:186} INFO - Started process (PID=8368) to work on /home/airflow/.local/lib/python3.12/site-packages/airflow/example_dags/example_branch_operator.py
[2025-04-02T08:10:46.419+0000] {processor.py:914} INFO - Processing file /home/airflow/.local/lib/python3.12/site-packages/airflow/example_dags/example_branch_operator.py for tasks to queue
[2025-04-02T08:10:46.430+0000] {logging_mixin.py:190} INFO - [2025-04-02T08:10:46.429+0000] {dagbag.py:588} INFO - Filling up the DagBag from /home/airflow/.local/lib/python3.12/site-packages/airflow/example_dags/example_branch_operator.py
[2025-04-02T08:10:46.486+0000] {processor.py:925} INFO - DAG(s) 'example_branch_operator' retrieved from /home/airflow/.local/lib/python3.12/site-packages/airflow/example_dags/example_branch_operator.py
[2025-04-02T08:10:46.592+0000] {logging_mixin.py:190} INFO - [2025-04-02T08:10:46.591+0000] {dag.py:3239} INFO - Sync 1 DAGs
[2025-04-02T08:10:46.666+0000] {logging_mixin.py:190} INFO - [2025-04-02T08:10:46.666+0000] {dag.py:4180} INFO - Setting next_dagrun for example_branch_operator to 2025-04-01 00:00:00+00:00, run_after=2025-04-02 00:00:00+00:00
[2025-04-02T08:10:46.722+0000] {processor.py:208} INFO - Processing /home/airflow/.local/lib/python3.12/site-packages/airflow/example_dags/example_branch_operator.py took 0.331 seconds
[2025-04-02T08:11:17.325+0000] {processor.py:186} INFO - Started process (PID=8432) to work on /home/airflow/.local/lib/python3.12/site-packages/airflow/example_dags/example_branch_operator.py
[2025-04-02T08:11:17.328+0000] {processor.py:914} INFO - Processing file /home/airflow/.local/lib/python3.12/site-packages/airflow/example_dags/example_branch_operator.py for tasks to queue
[2025-04-02T08:11:17.332+0000] {logging_mixin.py:190} INFO - [2025-04-02T08:11:17.331+0000] {dagbag.py:588} INFO - Filling up the DagBag from /home/airflow/.local/lib/python3.12/site-packages/airflow/example_dags/example_branch_operator.py
[2025-04-02T08:11:17.364+0000] {processor.py:925} INFO - DAG(s) 'example_branch_operator' retrieved from /home/airflow/.local/lib/python3.12/site-packages/airflow/example_dags/example_branch_operator.py
[2025-04-02T08:11:17.412+0000] {logging_mixin.py:190} INFO - [2025-04-02T08:11:17.411+0000] {dag.py:3239} INFO - Sync 1 DAGs
[2025-04-02T08:11:17.450+0000] {logging_mixin.py:190} INFO - [2025-04-02T08:11:17.450+0000] {dag.py:4180} INFO - Setting next_dagrun for example_branch_operator to 2025-04-01 00:00:00+00:00, run_after=2025-04-02 00:00:00+00:00
[2025-04-02T08:11:17.480+0000] {processor.py:208} INFO - Processing /home/airflow/.local/lib/python3.12/site-packages/airflow/example_dags/example_branch_operator.py took 0.166 seconds
[2025-04-02T08:11:47.775+0000] {processor.py:186} INFO - Started process (PID=8496) to work on /home/airflow/.local/lib/python3.12/site-packages/airflow/example_dags/example_branch_operator.py
[2025-04-02T08:11:47.777+0000] {processor.py:914} INFO - Processing file /home/airflow/.local/lib/python3.12/site-packages/airflow/example_dags/example_branch_operator.py for tasks to queue
[2025-04-02T08:11:47.783+0000] {logging_mixin.py:190} INFO - [2025-04-02T08:11:47.782+0000] {dagbag.py:588} INFO - Filling up the DagBag from /home/airflow/.local/lib/python3.12/site-packages/airflow/example_dags/example_branch_operator.py
[2025-04-02T08:11:47.817+0000] {processor.py:925} INFO - DAG(s) 'example_branch_operator' retrieved from /home/airflow/.local/lib/python3.12/site-packages/airflow/example_dags/example_branch_operator.py
[2025-04-02T08:11:47.878+0000] {logging_mixin.py:190} INFO - [2025-04-02T08:11:47.877+0000] {dag.py:3239} INFO - Sync 1 DAGs
[2025-04-02T08:11:47.935+0000] {logging_mixin.py:190} INFO - [2025-04-02T08:11:47.934+0000] {dag.py:4180} INFO - Setting next_dagrun for example_branch_operator to 2025-04-01 00:00:00+00:00, run_after=2025-04-02 00:00:00+00:00
[2025-04-02T08:11:47.964+0000] {processor.py:208} INFO - Processing /home/airflow/.local/lib/python3.12/site-packages/airflow/example_dags/example_branch_operator.py took 0.203 seconds
[2025-04-02T08:12:18.099+0000] {processor.py:186} INFO - Started process (PID=8560) to work on /home/airflow/.local/lib/python3.12/site-packages/airflow/example_dags/example_branch_operator.py
[2025-04-02T08:12:18.101+0000] {processor.py:914} INFO - Processing file /home/airflow/.local/lib/python3.12/site-packages/airflow/example_dags/example_branch_operator.py for tasks to queue
[2025-04-02T08:12:18.106+0000] {logging_mixin.py:190} INFO - [2025-04-02T08:12:18.106+0000] {dagbag.py:588} INFO - Filling up the DagBag from /home/airflow/.local/lib/python3.12/site-packages/airflow/example_dags/example_branch_operator.py
[2025-04-02T08:12:18.139+0000] {processor.py:925} INFO - DAG(s) 'example_branch_operator' retrieved from /home/airflow/.local/lib/python3.12/site-packages/airflow/example_dags/example_branch_operator.py
[2025-04-02T08:12:18.190+0000] {logging_mixin.py:190} INFO - [2025-04-02T08:12:18.189+0000] {dag.py:3239} INFO - Sync 1 DAGs
[2025-04-02T08:12:18.235+0000] {logging_mixin.py:190} INFO - [2025-04-02T08:12:18.234+0000] {dag.py:4180} INFO - Setting next_dagrun for example_branch_operator to 2025-04-01 00:00:00+00:00, run_after=2025-04-02 00:00:00+00:00
[2025-04-02T08:12:18.267+0000] {processor.py:208} INFO - Processing /home/airflow/.local/lib/python3.12/site-packages/airflow/example_dags/example_branch_operator.py took 0.182 seconds
[2025-04-02T08:12:48.698+0000] {processor.py:186} INFO - Started process (PID=8624) to work on /home/airflow/.local/lib/python3.12/site-packages/airflow/example_dags/example_branch_operator.py
[2025-04-02T08:12:48.700+0000] {processor.py:914} INFO - Processing file /home/airflow/.local/lib/python3.12/site-packages/airflow/example_dags/example_branch_operator.py for tasks to queue
[2025-04-02T08:12:48.705+0000] {logging_mixin.py:190} INFO - [2025-04-02T08:12:48.704+0000] {dagbag.py:588} INFO - Filling up the DagBag from /home/airflow/.local/lib/python3.12/site-packages/airflow/example_dags/example_branch_operator.py
[2025-04-02T08:12:48.745+0000] {processor.py:925} INFO - DAG(s) 'example_branch_operator' retrieved from /home/airflow/.local/lib/python3.12/site-packages/airflow/example_dags/example_branch_operator.py
[2025-04-02T08:12:48.804+0000] {logging_mixin.py:190} INFO - [2025-04-02T08:12:48.803+0000] {dag.py:3239} INFO - Sync 1 DAGs
[2025-04-02T08:12:48.866+0000] {logging_mixin.py:190} INFO - [2025-04-02T08:12:48.865+0000] {dag.py:4180} INFO - Setting next_dagrun for example_branch_operator to 2025-04-01 00:00:00+00:00, run_after=2025-04-02 00:00:00+00:00
[2025-04-02T08:12:48.901+0000] {processor.py:208} INFO - Processing /home/airflow/.local/lib/python3.12/site-packages/airflow/example_dags/example_branch_operator.py took 0.217 seconds
[2025-04-02T08:13:19.120+0000] {processor.py:186} INFO - Started process (PID=8688) to work on /home/airflow/.local/lib/python3.12/site-packages/airflow/example_dags/example_branch_operator.py
[2025-04-02T08:13:19.121+0000] {processor.py:914} INFO - Processing file /home/airflow/.local/lib/python3.12/site-packages/airflow/example_dags/example_branch_operator.py for tasks to queue
[2025-04-02T08:13:19.125+0000] {logging_mixin.py:190} INFO - [2025-04-02T08:13:19.125+0000] {dagbag.py:588} INFO - Filling up the DagBag from /home/airflow/.local/lib/python3.12/site-packages/airflow/example_dags/example_branch_operator.py
[2025-04-02T08:13:19.159+0000] {processor.py:925} INFO - DAG(s) 'example_branch_operator' retrieved from /home/airflow/.local/lib/python3.12/site-packages/airflow/example_dags/example_branch_operator.py
[2025-04-02T08:13:19.217+0000] {logging_mixin.py:190} INFO - [2025-04-02T08:13:19.216+0000] {dag.py:3239} INFO - Sync 1 DAGs
[2025-04-02T08:13:19.262+0000] {logging_mixin.py:190} INFO - [2025-04-02T08:13:19.261+0000] {dag.py:4180} INFO - Setting next_dagrun for example_branch_operator to 2025-04-01 00:00:00+00:00, run_after=2025-04-02 00:00:00+00:00
[2025-04-02T08:13:19.295+0000] {processor.py:208} INFO - Processing /home/airflow/.local/lib/python3.12/site-packages/airflow/example_dags/example_branch_operator.py took 0.187 seconds
[2025-04-02T08:13:49.515+0000] {processor.py:186} INFO - Started process (PID=8752) to work on /home/airflow/.local/lib/python3.12/site-packages/airflow/example_dags/example_branch_operator.py
[2025-04-02T08:13:49.517+0000] {processor.py:914} INFO - Processing file /home/airflow/.local/lib/python3.12/site-packages/airflow/example_dags/example_branch_operator.py for tasks to queue
[2025-04-02T08:13:49.521+0000] {logging_mixin.py:190} INFO - [2025-04-02T08:13:49.521+0000] {dagbag.py:588} INFO - Filling up the DagBag from /home/airflow/.local/lib/python3.12/site-packages/airflow/example_dags/example_branch_operator.py
[2025-04-02T08:13:49.553+0000] {processor.py:925} INFO - DAG(s) 'example_branch_operator' retrieved from /home/airflow/.local/lib/python3.12/site-packages/airflow/example_dags/example_branch_operator.py
[2025-04-02T08:13:49.603+0000] {logging_mixin.py:190} INFO - [2025-04-02T08:13:49.602+0000] {dag.py:3239} INFO - Sync 1 DAGs
[2025-04-02T08:13:49.644+0000] {logging_mixin.py:190} INFO - [2025-04-02T08:13:49.643+0000] {dag.py:4180} INFO - Setting next_dagrun for example_branch_operator to 2025-04-01 00:00:00+00:00, run_after=2025-04-02 00:00:00+00:00
[2025-04-02T08:13:49.677+0000] {processor.py:208} INFO - Processing /home/airflow/.local/lib/python3.12/site-packages/airflow/example_dags/example_branch_operator.py took 0.173 seconds
[2025-04-02T08:14:20.484+0000] {processor.py:186} INFO - Started process (PID=8816) to work on /home/airflow/.local/lib/python3.12/site-packages/airflow/example_dags/example_branch_operator.py
[2025-04-02T08:14:20.486+0000] {processor.py:914} INFO - Processing file /home/airflow/.local/lib/python3.12/site-packages/airflow/example_dags/example_branch_operator.py for tasks to queue
[2025-04-02T08:14:20.490+0000] {logging_mixin.py:190} INFO - [2025-04-02T08:14:20.489+0000] {dagbag.py:588} INFO - Filling up the DagBag from /home/airflow/.local/lib/python3.12/site-packages/airflow/example_dags/example_branch_operator.py
[2025-04-02T08:14:20.522+0000] {processor.py:925} INFO - DAG(s) 'example_branch_operator' retrieved from /home/airflow/.local/lib/python3.12/site-packages/airflow/example_dags/example_branch_operator.py
[2025-04-02T08:14:20.578+0000] {logging_mixin.py:190} INFO - [2025-04-02T08:14:20.577+0000] {dag.py:3239} INFO - Sync 1 DAGs
[2025-04-02T08:14:20.621+0000] {logging_mixin.py:190} INFO - [2025-04-02T08:14:20.621+0000] {dag.py:4180} INFO - Setting next_dagrun for example_branch_operator to 2025-04-01 00:00:00+00:00, run_after=2025-04-02 00:00:00+00:00
[2025-04-02T08:14:20.652+0000] {processor.py:208} INFO - Processing /home/airflow/.local/lib/python3.12/site-packages/airflow/example_dags/example_branch_operator.py took 0.179 seconds
[2025-04-02T08:14:50.907+0000] {processor.py:186} INFO - Started process (PID=8880) to work on /home/airflow/.local/lib/python3.12/site-packages/airflow/example_dags/example_branch_operator.py
[2025-04-02T08:14:50.908+0000] {processor.py:914} INFO - Processing file /home/airflow/.local/lib/python3.12/site-packages/airflow/example_dags/example_branch_operator.py for tasks to queue
[2025-04-02T08:14:50.912+0000] {logging_mixin.py:190} INFO - [2025-04-02T08:14:50.912+0000] {dagbag.py:588} INFO - Filling up the DagBag from /home/airflow/.local/lib/python3.12/site-packages/airflow/example_dags/example_branch_operator.py
[2025-04-02T08:14:50.945+0000] {processor.py:925} INFO - DAG(s) 'example_branch_operator' retrieved from /home/airflow/.local/lib/python3.12/site-packages/airflow/example_dags/example_branch_operator.py
[2025-04-02T08:14:50.995+0000] {logging_mixin.py:190} INFO - [2025-04-02T08:14:50.994+0000] {dag.py:3239} INFO - Sync 1 DAGs
[2025-04-02T08:14:51.037+0000] {logging_mixin.py:190} INFO - [2025-04-02T08:14:51.037+0000] {dag.py:4180} INFO - Setting next_dagrun for example_branch_operator to 2025-04-01 00:00:00+00:00, run_after=2025-04-02 00:00:00+00:00
[2025-04-02T08:14:51.068+0000] {processor.py:208} INFO - Processing /home/airflow/.local/lib/python3.12/site-packages/airflow/example_dags/example_branch_operator.py took 0.172 seconds
[2025-04-02T08:15:21.564+0000] {processor.py:186} INFO - Started process (PID=8944) to work on /home/airflow/.local/lib/python3.12/site-packages/airflow/example_dags/example_branch_operator.py
[2025-04-02T08:15:21.566+0000] {processor.py:914} INFO - Processing file /home/airflow/.local/lib/python3.12/site-packages/airflow/example_dags/example_branch_operator.py for tasks to queue
[2025-04-02T08:15:21.570+0000] {logging_mixin.py:190} INFO - [2025-04-02T08:15:21.570+0000] {dagbag.py:588} INFO - Filling up the DagBag from /home/airflow/.local/lib/python3.12/site-packages/airflow/example_dags/example_branch_operator.py
[2025-04-02T08:15:21.605+0000] {processor.py:925} INFO - DAG(s) 'example_branch_operator' retrieved from /home/airflow/.local/lib/python3.12/site-packages/airflow/example_dags/example_branch_operator.py
[2025-04-02T08:15:21.656+0000] {logging_mixin.py:190} INFO - [2025-04-02T08:15:21.655+0000] {dag.py:3239} INFO - Sync 1 DAGs
[2025-04-02T08:15:21.702+0000] {logging_mixin.py:190} INFO - [2025-04-02T08:15:21.702+0000] {dag.py:4180} INFO - Setting next_dagrun for example_branch_operator to 2025-04-01 00:00:00+00:00, run_after=2025-04-02 00:00:00+00:00
[2025-04-02T08:15:21.734+0000] {processor.py:208} INFO - Processing /home/airflow/.local/lib/python3.12/site-packages/airflow/example_dags/example_branch_operator.py took 0.181 seconds
[2025-04-02T08:15:52.342+0000] {processor.py:186} INFO - Started process (PID=9008) to work on /home/airflow/.local/lib/python3.12/site-packages/airflow/example_dags/example_branch_operator.py
[2025-04-02T08:15:52.344+0000] {processor.py:914} INFO - Processing file /home/airflow/.local/lib/python3.12/site-packages/airflow/example_dags/example_branch_operator.py for tasks to queue
[2025-04-02T08:15:52.348+0000] {logging_mixin.py:190} INFO - [2025-04-02T08:15:52.348+0000] {dagbag.py:588} INFO - Filling up the DagBag from /home/airflow/.local/lib/python3.12/site-packages/airflow/example_dags/example_branch_operator.py
[2025-04-02T08:15:52.382+0000] {processor.py:925} INFO - DAG(s) 'example_branch_operator' retrieved from /home/airflow/.local/lib/python3.12/site-packages/airflow/example_dags/example_branch_operator.py
[2025-04-02T08:15:52.431+0000] {logging_mixin.py:190} INFO - [2025-04-02T08:15:52.430+0000] {dag.py:3239} INFO - Sync 1 DAGs
[2025-04-02T08:15:52.470+0000] {logging_mixin.py:190} INFO - [2025-04-02T08:15:52.470+0000] {dag.py:4180} INFO - Setting next_dagrun for example_branch_operator to 2025-04-01 00:00:00+00:00, run_after=2025-04-02 00:00:00+00:00
[2025-04-02T08:15:52.501+0000] {processor.py:208} INFO - Processing /home/airflow/.local/lib/python3.12/site-packages/airflow/example_dags/example_branch_operator.py took 0.171 seconds
[2025-04-02T08:16:23.063+0000] {processor.py:186} INFO - Started process (PID=9072) to work on /home/airflow/.local/lib/python3.12/site-packages/airflow/example_dags/example_branch_operator.py
[2025-04-02T08:16:23.066+0000] {processor.py:914} INFO - Processing file /home/airflow/.local/lib/python3.12/site-packages/airflow/example_dags/example_branch_operator.py for tasks to queue
[2025-04-02T08:16:23.070+0000] {logging_mixin.py:190} INFO - [2025-04-02T08:16:23.069+0000] {dagbag.py:588} INFO - Filling up the DagBag from /home/airflow/.local/lib/python3.12/site-packages/airflow/example_dags/example_branch_operator.py
[2025-04-02T08:16:23.106+0000] {processor.py:925} INFO - DAG(s) 'example_branch_operator' retrieved from /home/airflow/.local/lib/python3.12/site-packages/airflow/example_dags/example_branch_operator.py
[2025-04-02T08:16:23.161+0000] {logging_mixin.py:190} INFO - [2025-04-02T08:16:23.160+0000] {dag.py:3239} INFO - Sync 1 DAGs
[2025-04-02T08:16:23.203+0000] {logging_mixin.py:190} INFO - [2025-04-02T08:16:23.202+0000] {dag.py:4180} INFO - Setting next_dagrun for example_branch_operator to 2025-04-01 00:00:00+00:00, run_after=2025-04-02 00:00:00+00:00
[2025-04-02T08:16:23.235+0000] {processor.py:208} INFO - Processing /home/airflow/.local/lib/python3.12/site-packages/airflow/example_dags/example_branch_operator.py took 0.185 seconds
[2025-04-02T08:16:53.308+0000] {processor.py:186} INFO - Started process (PID=9136) to work on /home/airflow/.local/lib/python3.12/site-packages/airflow/example_dags/example_branch_operator.py
[2025-04-02T08:16:53.310+0000] {processor.py:914} INFO - Processing file /home/airflow/.local/lib/python3.12/site-packages/airflow/example_dags/example_branch_operator.py for tasks to queue
[2025-04-02T08:16:53.315+0000] {logging_mixin.py:190} INFO - [2025-04-02T08:16:53.314+0000] {dagbag.py:588} INFO - Filling up the DagBag from /home/airflow/.local/lib/python3.12/site-packages/airflow/example_dags/example_branch_operator.py
[2025-04-02T08:16:53.349+0000] {processor.py:925} INFO - DAG(s) 'example_branch_operator' retrieved from /home/airflow/.local/lib/python3.12/site-packages/airflow/example_dags/example_branch_operator.py
[2025-04-02T08:16:53.409+0000] {logging_mixin.py:190} INFO - [2025-04-02T08:16:53.408+0000] {dag.py:3239} INFO - Sync 1 DAGs
[2025-04-02T08:16:53.462+0000] {logging_mixin.py:190} INFO - [2025-04-02T08:16:53.461+0000] {dag.py:4180} INFO - Setting next_dagrun for example_branch_operator to 2025-04-01 00:00:00+00:00, run_after=2025-04-02 00:00:00+00:00
[2025-04-02T08:16:53.490+0000] {processor.py:208} INFO - Processing /home/airflow/.local/lib/python3.12/site-packages/airflow/example_dags/example_branch_operator.py took 0.193 seconds
[2025-04-02T08:17:23.788+0000] {processor.py:186} INFO - Started process (PID=9200) to work on /home/airflow/.local/lib/python3.12/site-packages/airflow/example_dags/example_branch_operator.py
[2025-04-02T08:17:23.790+0000] {processor.py:914} INFO - Processing file /home/airflow/.local/lib/python3.12/site-packages/airflow/example_dags/example_branch_operator.py for tasks to queue
[2025-04-02T08:17:23.794+0000] {logging_mixin.py:190} INFO - [2025-04-02T08:17:23.794+0000] {dagbag.py:588} INFO - Filling up the DagBag from /home/airflow/.local/lib/python3.12/site-packages/airflow/example_dags/example_branch_operator.py
[2025-04-02T08:17:23.829+0000] {processor.py:925} INFO - DAG(s) 'example_branch_operator' retrieved from /home/airflow/.local/lib/python3.12/site-packages/airflow/example_dags/example_branch_operator.py
[2025-04-02T08:17:23.878+0000] {logging_mixin.py:190} INFO - [2025-04-02T08:17:23.877+0000] {dag.py:3239} INFO - Sync 1 DAGs
[2025-04-02T08:17:23.922+0000] {logging_mixin.py:190} INFO - [2025-04-02T08:17:23.922+0000] {dag.py:4180} INFO - Setting next_dagrun for example_branch_operator to 2025-04-01 00:00:00+00:00, run_after=2025-04-02 00:00:00+00:00
[2025-04-02T08:17:23.957+0000] {processor.py:208} INFO - Processing /home/airflow/.local/lib/python3.12/site-packages/airflow/example_dags/example_branch_operator.py took 0.180 seconds
[2025-04-02T08:17:54.343+0000] {processor.py:186} INFO - Started process (PID=9264) to work on /home/airflow/.local/lib/python3.12/site-packages/airflow/example_dags/example_branch_operator.py
[2025-04-02T08:17:54.345+0000] {processor.py:914} INFO - Processing file /home/airflow/.local/lib/python3.12/site-packages/airflow/example_dags/example_branch_operator.py for tasks to queue
[2025-04-02T08:17:54.349+0000] {logging_mixin.py:190} INFO - [2025-04-02T08:17:54.349+0000] {dagbag.py:588} INFO - Filling up the DagBag from /home/airflow/.local/lib/python3.12/site-packages/airflow/example_dags/example_branch_operator.py
[2025-04-02T08:17:54.383+0000] {processor.py:925} INFO - DAG(s) 'example_branch_operator' retrieved from /home/airflow/.local/lib/python3.12/site-packages/airflow/example_dags/example_branch_operator.py
[2025-04-02T08:17:54.443+0000] {logging_mixin.py:190} INFO - [2025-04-02T08:17:54.443+0000] {dag.py:3239} INFO - Sync 1 DAGs
[2025-04-02T08:17:54.486+0000] {logging_mixin.py:190} INFO - [2025-04-02T08:17:54.486+0000] {dag.py:4180} INFO - Setting next_dagrun for example_branch_operator to 2025-04-01 00:00:00+00:00, run_after=2025-04-02 00:00:00+00:00
[2025-04-02T08:17:54.522+0000] {processor.py:208} INFO - Processing /home/airflow/.local/lib/python3.12/site-packages/airflow/example_dags/example_branch_operator.py took 0.190 seconds
[2025-04-02T08:18:25.023+0000] {processor.py:186} INFO - Started process (PID=9328) to work on /home/airflow/.local/lib/python3.12/site-packages/airflow/example_dags/example_branch_operator.py
[2025-04-02T08:18:25.024+0000] {processor.py:914} INFO - Processing file /home/airflow/.local/lib/python3.12/site-packages/airflow/example_dags/example_branch_operator.py for tasks to queue
[2025-04-02T08:18:25.029+0000] {logging_mixin.py:190} INFO - [2025-04-02T08:18:25.028+0000] {dagbag.py:588} INFO - Filling up the DagBag from /home/airflow/.local/lib/python3.12/site-packages/airflow/example_dags/example_branch_operator.py
[2025-04-02T08:18:25.062+0000] {processor.py:925} INFO - DAG(s) 'example_branch_operator' retrieved from /home/airflow/.local/lib/python3.12/site-packages/airflow/example_dags/example_branch_operator.py
[2025-04-02T08:18:25.116+0000] {logging_mixin.py:190} INFO - [2025-04-02T08:18:25.116+0000] {dag.py:3239} INFO - Sync 1 DAGs
[2025-04-02T08:18:25.154+0000] {logging_mixin.py:190} INFO - [2025-04-02T08:18:25.154+0000] {dag.py:4180} INFO - Setting next_dagrun for example_branch_operator to 2025-04-01 00:00:00+00:00, run_after=2025-04-02 00:00:00+00:00
[2025-04-02T08:18:25.184+0000] {processor.py:208} INFO - Processing /home/airflow/.local/lib/python3.12/site-packages/airflow/example_dags/example_branch_operator.py took 0.172 seconds
[2025-04-02T08:18:55.405+0000] {processor.py:186} INFO - Started process (PID=9392) to work on /home/airflow/.local/lib/python3.12/site-packages/airflow/example_dags/example_branch_operator.py
[2025-04-02T08:18:55.407+0000] {processor.py:914} INFO - Processing file /home/airflow/.local/lib/python3.12/site-packages/airflow/example_dags/example_branch_operator.py for tasks to queue
[2025-04-02T08:18:55.411+0000] {logging_mixin.py:190} INFO - [2025-04-02T08:18:55.411+0000] {dagbag.py:588} INFO - Filling up the DagBag from /home/airflow/.local/lib/python3.12/site-packages/airflow/example_dags/example_branch_operator.py
[2025-04-02T08:18:55.446+0000] {processor.py:925} INFO - DAG(s) 'example_branch_operator' retrieved from /home/airflow/.local/lib/python3.12/site-packages/airflow/example_dags/example_branch_operator.py
[2025-04-02T08:18:55.500+0000] {logging_mixin.py:190} INFO - [2025-04-02T08:18:55.499+0000] {dag.py:3239} INFO - Sync 1 DAGs
[2025-04-02T08:18:55.542+0000] {logging_mixin.py:190} INFO - [2025-04-02T08:18:55.541+0000] {dag.py:4180} INFO - Setting next_dagrun for example_branch_operator to 2025-04-01 00:00:00+00:00, run_after=2025-04-02 00:00:00+00:00
[2025-04-02T08:18:55.573+0000] {processor.py:208} INFO - Processing /home/airflow/.local/lib/python3.12/site-packages/airflow/example_dags/example_branch_operator.py took 0.180 seconds
[2025-04-02T08:19:25.756+0000] {processor.py:186} INFO - Started process (PID=9456) to work on /home/airflow/.local/lib/python3.12/site-packages/airflow/example_dags/example_branch_operator.py
[2025-04-02T08:19:25.758+0000] {processor.py:914} INFO - Processing file /home/airflow/.local/lib/python3.12/site-packages/airflow/example_dags/example_branch_operator.py for tasks to queue
[2025-04-02T08:19:25.762+0000] {logging_mixin.py:190} INFO - [2025-04-02T08:19:25.761+0000] {dagbag.py:588} INFO - Filling up the DagBag from /home/airflow/.local/lib/python3.12/site-packages/airflow/example_dags/example_branch_operator.py
[2025-04-02T08:19:25.794+0000] {processor.py:925} INFO - DAG(s) 'example_branch_operator' retrieved from /home/airflow/.local/lib/python3.12/site-packages/airflow/example_dags/example_branch_operator.py
[2025-04-02T08:19:25.854+0000] {logging_mixin.py:190} INFO - [2025-04-02T08:19:25.853+0000] {dag.py:3239} INFO - Sync 1 DAGs
[2025-04-02T08:19:25.899+0000] {logging_mixin.py:190} INFO - [2025-04-02T08:19:25.899+0000] {dag.py:4180} INFO - Setting next_dagrun for example_branch_operator to 2025-04-01 00:00:00+00:00, run_after=2025-04-02 00:00:00+00:00
[2025-04-02T08:19:25.932+0000] {processor.py:208} INFO - Processing /home/airflow/.local/lib/python3.12/site-packages/airflow/example_dags/example_branch_operator.py took 0.187 seconds
[2025-04-02T08:19:56.395+0000] {processor.py:186} INFO - Started process (PID=9520) to work on /home/airflow/.local/lib/python3.12/site-packages/airflow/example_dags/example_branch_operator.py
[2025-04-02T08:19:56.397+0000] {processor.py:914} INFO - Processing file /home/airflow/.local/lib/python3.12/site-packages/airflow/example_dags/example_branch_operator.py for tasks to queue
[2025-04-02T08:19:56.401+0000] {logging_mixin.py:190} INFO - [2025-04-02T08:19:56.401+0000] {dagbag.py:588} INFO - Filling up the DagBag from /home/airflow/.local/lib/python3.12/site-packages/airflow/example_dags/example_branch_operator.py
[2025-04-02T08:19:56.436+0000] {processor.py:925} INFO - DAG(s) 'example_branch_operator' retrieved from /home/airflow/.local/lib/python3.12/site-packages/airflow/example_dags/example_branch_operator.py
[2025-04-02T08:19:56.500+0000] {logging_mixin.py:190} INFO - [2025-04-02T08:19:56.499+0000] {dag.py:3239} INFO - Sync 1 DAGs
[2025-04-02T08:19:56.543+0000] {logging_mixin.py:190} INFO - [2025-04-02T08:19:56.543+0000] {dag.py:4180} INFO - Setting next_dagrun for example_branch_operator to 2025-04-01 00:00:00+00:00, run_after=2025-04-02 00:00:00+00:00
[2025-04-02T08:19:56.578+0000] {processor.py:208} INFO - Processing /home/airflow/.local/lib/python3.12/site-packages/airflow/example_dags/example_branch_operator.py took 0.195 seconds
[2025-04-02T08:20:26.831+0000] {processor.py:186} INFO - Started process (PID=9584) to work on /home/airflow/.local/lib/python3.12/site-packages/airflow/example_dags/example_branch_operator.py
[2025-04-02T08:20:26.833+0000] {processor.py:914} INFO - Processing file /home/airflow/.local/lib/python3.12/site-packages/airflow/example_dags/example_branch_operator.py for tasks to queue
[2025-04-02T08:20:26.837+0000] {logging_mixin.py:190} INFO - [2025-04-02T08:20:26.836+0000] {dagbag.py:588} INFO - Filling up the DagBag from /home/airflow/.local/lib/python3.12/site-packages/airflow/example_dags/example_branch_operator.py
[2025-04-02T08:20:26.873+0000] {processor.py:925} INFO - DAG(s) 'example_branch_operator' retrieved from /home/airflow/.local/lib/python3.12/site-packages/airflow/example_dags/example_branch_operator.py
[2025-04-02T08:20:26.926+0000] {logging_mixin.py:190} INFO - [2025-04-02T08:20:26.925+0000] {dag.py:3239} INFO - Sync 1 DAGs
[2025-04-02T08:20:26.971+0000] {logging_mixin.py:190} INFO - [2025-04-02T08:20:26.971+0000] {dag.py:4180} INFO - Setting next_dagrun for example_branch_operator to 2025-04-01 00:00:00+00:00, run_after=2025-04-02 00:00:00+00:00
[2025-04-02T08:20:27.002+0000] {processor.py:208} INFO - Processing /home/airflow/.local/lib/python3.12/site-packages/airflow/example_dags/example_branch_operator.py took 0.186 seconds
[2025-04-02T08:21:00.383+0000] {processor.py:186} INFO - Started process (PID=9647) to work on /home/airflow/.local/lib/python3.12/site-packages/airflow/example_dags/example_branch_operator.py
[2025-04-02T08:21:00.394+0000] {processor.py:914} INFO - Processing file /home/airflow/.local/lib/python3.12/site-packages/airflow/example_dags/example_branch_operator.py for tasks to queue
[2025-04-02T08:21:00.460+0000] {logging_mixin.py:190} INFO - [2025-04-02T08:21:00.453+0000] {dagbag.py:588} INFO - Filling up the DagBag from /home/airflow/.local/lib/python3.12/site-packages/airflow/example_dags/example_branch_operator.py
[2025-04-02T08:21:00.655+0000] {processor.py:925} INFO - DAG(s) 'example_branch_operator' retrieved from /home/airflow/.local/lib/python3.12/site-packages/airflow/example_dags/example_branch_operator.py
[2025-04-02T08:21:00.865+0000] {logging_mixin.py:190} INFO - [2025-04-02T08:21:00.864+0000] {dag.py:3239} INFO - Sync 1 DAGs
[2025-04-02T08:21:00.996+0000] {logging_mixin.py:190} INFO - [2025-04-02T08:21:00.995+0000] {dag.py:4180} INFO - Setting next_dagrun for example_branch_operator to 2025-04-01 00:00:00+00:00, run_after=2025-04-02 00:00:00+00:00
[2025-04-02T08:21:01.078+0000] {processor.py:208} INFO - Processing /home/airflow/.local/lib/python3.12/site-packages/airflow/example_dags/example_branch_operator.py took 0.740 seconds
[2025-04-02T08:21:31.697+0000] {processor.py:186} INFO - Started process (PID=9711) to work on /home/airflow/.local/lib/python3.12/site-packages/airflow/example_dags/example_branch_operator.py
[2025-04-02T08:21:31.698+0000] {processor.py:914} INFO - Processing file /home/airflow/.local/lib/python3.12/site-packages/airflow/example_dags/example_branch_operator.py for tasks to queue
[2025-04-02T08:21:31.703+0000] {logging_mixin.py:190} INFO - [2025-04-02T08:21:31.702+0000] {dagbag.py:588} INFO - Filling up the DagBag from /home/airflow/.local/lib/python3.12/site-packages/airflow/example_dags/example_branch_operator.py
[2025-04-02T08:21:31.736+0000] {processor.py:925} INFO - DAG(s) 'example_branch_operator' retrieved from /home/airflow/.local/lib/python3.12/site-packages/airflow/example_dags/example_branch_operator.py
[2025-04-02T08:21:31.794+0000] {logging_mixin.py:190} INFO - [2025-04-02T08:21:31.793+0000] {dag.py:3239} INFO - Sync 1 DAGs
[2025-04-02T08:21:31.840+0000] {logging_mixin.py:190} INFO - [2025-04-02T08:21:31.840+0000] {dag.py:4180} INFO - Setting next_dagrun for example_branch_operator to 2025-04-01 00:00:00+00:00, run_after=2025-04-02 00:00:00+00:00
[2025-04-02T08:21:31.870+0000] {processor.py:208} INFO - Processing /home/airflow/.local/lib/python3.12/site-packages/airflow/example_dags/example_branch_operator.py took 0.185 seconds
[2025-04-02T08:22:02.317+0000] {processor.py:186} INFO - Started process (PID=9775) to work on /home/airflow/.local/lib/python3.12/site-packages/airflow/example_dags/example_branch_operator.py
[2025-04-02T08:22:02.319+0000] {processor.py:914} INFO - Processing file /home/airflow/.local/lib/python3.12/site-packages/airflow/example_dags/example_branch_operator.py for tasks to queue
[2025-04-02T08:22:02.323+0000] {logging_mixin.py:190} INFO - [2025-04-02T08:22:02.323+0000] {dagbag.py:588} INFO - Filling up the DagBag from /home/airflow/.local/lib/python3.12/site-packages/airflow/example_dags/example_branch_operator.py
[2025-04-02T08:22:02.357+0000] {processor.py:925} INFO - DAG(s) 'example_branch_operator' retrieved from /home/airflow/.local/lib/python3.12/site-packages/airflow/example_dags/example_branch_operator.py
[2025-04-02T08:22:02.408+0000] {logging_mixin.py:190} INFO - [2025-04-02T08:22:02.408+0000] {dag.py:3239} INFO - Sync 1 DAGs
[2025-04-02T08:22:02.462+0000] {logging_mixin.py:190} INFO - [2025-04-02T08:22:02.461+0000] {dag.py:4180} INFO - Setting next_dagrun for example_branch_operator to 2025-04-01 00:00:00+00:00, run_after=2025-04-02 00:00:00+00:00
[2025-04-02T08:22:02.498+0000] {processor.py:208} INFO - Processing /home/airflow/.local/lib/python3.12/site-packages/airflow/example_dags/example_branch_operator.py took 0.192 seconds
[2025-04-02T08:22:32.644+0000] {processor.py:186} INFO - Started process (PID=9845) to work on /home/airflow/.local/lib/python3.12/site-packages/airflow/example_dags/example_branch_operator.py
[2025-04-02T08:22:32.646+0000] {processor.py:914} INFO - Processing file /home/airflow/.local/lib/python3.12/site-packages/airflow/example_dags/example_branch_operator.py for tasks to queue
[2025-04-02T08:22:32.650+0000] {logging_mixin.py:190} INFO - [2025-04-02T08:22:32.649+0000] {dagbag.py:588} INFO - Filling up the DagBag from /home/airflow/.local/lib/python3.12/site-packages/airflow/example_dags/example_branch_operator.py
[2025-04-02T08:22:32.683+0000] {processor.py:925} INFO - DAG(s) 'example_branch_operator' retrieved from /home/airflow/.local/lib/python3.12/site-packages/airflow/example_dags/example_branch_operator.py
[2025-04-02T08:22:32.733+0000] {logging_mixin.py:190} INFO - [2025-04-02T08:22:32.732+0000] {dag.py:3239} INFO - Sync 1 DAGs
[2025-04-02T08:22:32.777+0000] {logging_mixin.py:190} INFO - [2025-04-02T08:22:32.776+0000] {dag.py:4180} INFO - Setting next_dagrun for example_branch_operator to 2025-04-01 00:00:00+00:00, run_after=2025-04-02 00:00:00+00:00
[2025-04-02T08:22:32.807+0000] {processor.py:208} INFO - Processing /home/airflow/.local/lib/python3.12/site-packages/airflow/example_dags/example_branch_operator.py took 0.174 seconds
[2025-04-02T08:23:03.121+0000] {processor.py:186} INFO - Started process (PID=9909) to work on /home/airflow/.local/lib/python3.12/site-packages/airflow/example_dags/example_branch_operator.py
[2025-04-02T08:23:03.123+0000] {processor.py:914} INFO - Processing file /home/airflow/.local/lib/python3.12/site-packages/airflow/example_dags/example_branch_operator.py for tasks to queue
[2025-04-02T08:23:03.128+0000] {logging_mixin.py:190} INFO - [2025-04-02T08:23:03.127+0000] {dagbag.py:588} INFO - Filling up the DagBag from /home/airflow/.local/lib/python3.12/site-packages/airflow/example_dags/example_branch_operator.py
[2025-04-02T08:23:03.163+0000] {processor.py:925} INFO - DAG(s) 'example_branch_operator' retrieved from /home/airflow/.local/lib/python3.12/site-packages/airflow/example_dags/example_branch_operator.py
[2025-04-02T08:23:03.214+0000] {logging_mixin.py:190} INFO - [2025-04-02T08:23:03.213+0000] {dag.py:3239} INFO - Sync 1 DAGs
[2025-04-02T08:23:03.262+0000] {logging_mixin.py:190} INFO - [2025-04-02T08:23:03.261+0000] {dag.py:4180} INFO - Setting next_dagrun for example_branch_operator to 2025-04-01 00:00:00+00:00, run_after=2025-04-02 00:00:00+00:00
[2025-04-02T08:23:03.294+0000] {processor.py:208} INFO - Processing /home/airflow/.local/lib/python3.12/site-packages/airflow/example_dags/example_branch_operator.py took 0.184 seconds
[2025-04-02T08:23:33.978+0000] {processor.py:186} INFO - Started process (PID=9973) to work on /home/airflow/.local/lib/python3.12/site-packages/airflow/example_dags/example_branch_operator.py
[2025-04-02T08:23:33.979+0000] {processor.py:914} INFO - Processing file /home/airflow/.local/lib/python3.12/site-packages/airflow/example_dags/example_branch_operator.py for tasks to queue
[2025-04-02T08:23:33.983+0000] {logging_mixin.py:190} INFO - [2025-04-02T08:23:33.983+0000] {dagbag.py:588} INFO - Filling up the DagBag from /home/airflow/.local/lib/python3.12/site-packages/airflow/example_dags/example_branch_operator.py
[2025-04-02T08:23:34.019+0000] {processor.py:925} INFO - DAG(s) 'example_branch_operator' retrieved from /home/airflow/.local/lib/python3.12/site-packages/airflow/example_dags/example_branch_operator.py
[2025-04-02T08:23:34.073+0000] {logging_mixin.py:190} INFO - [2025-04-02T08:23:34.072+0000] {dag.py:3239} INFO - Sync 1 DAGs
[2025-04-02T08:23:34.116+0000] {logging_mixin.py:190} INFO - [2025-04-02T08:23:34.115+0000] {dag.py:4180} INFO - Setting next_dagrun for example_branch_operator to 2025-04-01 00:00:00+00:00, run_after=2025-04-02 00:00:00+00:00
[2025-04-02T08:23:34.147+0000] {processor.py:208} INFO - Processing /home/airflow/.local/lib/python3.12/site-packages/airflow/example_dags/example_branch_operator.py took 0.180 seconds
