[2025-04-02T07:56:20.581+0000] {processor.py:186} INFO - Started process (PID=6372) to work on /home/airflow/.local/lib/python3.12/site-packages/airflow/example_dags/example_branch_python_dop_operator_3.py
[2025-04-02T07:56:20.584+0000] {processor.py:914} INFO - Processing file /home/airflow/.local/lib/python3.12/site-packages/airflow/example_dags/example_branch_python_dop_operator_3.py for tasks to queue
[2025-04-02T07:56:20.596+0000] {logging_mixin.py:190} INFO - [2025-04-02T07:56:20.596+0000] {dagbag.py:588} INFO - Filling up the DagBag from /home/airflow/.local/lib/python3.12/site-packages/airflow/example_dags/example_branch_python_dop_operator_3.py
[2025-04-02T07:56:20.640+0000] {processor.py:925} INFO - DAG(s) 'example_branch_dop_operator_v3' retrieved from /home/airflow/.local/lib/python3.12/site-packages/airflow/example_dags/example_branch_python_dop_operator_3.py
[2025-04-02T07:56:20.729+0000] {logging_mixin.py:190} INFO - [2025-04-02T07:56:20.725+0000] {dag.py:3239} INFO - Sync 1 DAGs
[2025-04-02T07:56:20.901+0000] {logging_mixin.py:190} INFO - [2025-04-02T07:56:20.901+0000] {dag.py:4180} INFO - Setting next_dagrun for example_branch_dop_operator_v3 to 2025-04-02 07:55:00+00:00, run_after=2025-04-02 07:56:00+00:00
[2025-04-02T07:56:21.045+0000] {processor.py:208} INFO - Processing /home/airflow/.local/lib/python3.12/site-packages/airflow/example_dags/example_branch_python_dop_operator_3.py took 0.497 seconds
[2025-04-02T07:56:51.193+0000] {processor.py:186} INFO - Started process (PID=6436) to work on /home/airflow/.local/lib/python3.12/site-packages/airflow/example_dags/example_branch_python_dop_operator_3.py
[2025-04-02T07:56:51.197+0000] {processor.py:914} INFO - Processing file /home/airflow/.local/lib/python3.12/site-packages/airflow/example_dags/example_branch_python_dop_operator_3.py for tasks to queue
[2025-04-02T07:56:51.205+0000] {logging_mixin.py:190} INFO - [2025-04-02T07:56:51.204+0000] {dagbag.py:588} INFO - Filling up the DagBag from /home/airflow/.local/lib/python3.12/site-packages/airflow/example_dags/example_branch_python_dop_operator_3.py
[2025-04-02T07:56:51.231+0000] {processor.py:925} INFO - DAG(s) 'example_branch_dop_operator_v3' retrieved from /home/airflow/.local/lib/python3.12/site-packages/airflow/example_dags/example_branch_python_dop_operator_3.py
[2025-04-02T07:56:51.278+0000] {logging_mixin.py:190} INFO - [2025-04-02T07:56:51.277+0000] {dag.py:3239} INFO - Sync 1 DAGs
[2025-04-02T07:56:51.338+0000] {logging_mixin.py:190} INFO - [2025-04-02T07:56:51.338+0000] {dag.py:4180} INFO - Setting next_dagrun for example_branch_dop_operator_v3 to 2025-04-02 07:55:00+00:00, run_after=2025-04-02 07:56:00+00:00
[2025-04-02T07:56:51.373+0000] {processor.py:208} INFO - Processing /home/airflow/.local/lib/python3.12/site-packages/airflow/example_dags/example_branch_python_dop_operator_3.py took 0.208 seconds
[2025-04-02T07:57:22.618+0000] {processor.py:186} INFO - Started process (PID=6504) to work on /home/airflow/.local/lib/python3.12/site-packages/airflow/example_dags/example_branch_python_dop_operator_3.py
[2025-04-02T07:57:22.625+0000] {processor.py:914} INFO - Processing file /home/airflow/.local/lib/python3.12/site-packages/airflow/example_dags/example_branch_python_dop_operator_3.py for tasks to queue
[2025-04-02T07:57:22.638+0000] {logging_mixin.py:190} INFO - [2025-04-02T07:57:22.637+0000] {dagbag.py:588} INFO - Filling up the DagBag from /home/airflow/.local/lib/python3.12/site-packages/airflow/example_dags/example_branch_python_dop_operator_3.py
[2025-04-02T07:57:22.682+0000] {processor.py:925} INFO - DAG(s) 'example_branch_dop_operator_v3' retrieved from /home/airflow/.local/lib/python3.12/site-packages/airflow/example_dags/example_branch_python_dop_operator_3.py
[2025-04-02T07:57:22.763+0000] {logging_mixin.py:190} INFO - [2025-04-02T07:57:22.762+0000] {dag.py:3239} INFO - Sync 1 DAGs
[2025-04-02T07:57:22.877+0000] {logging_mixin.py:190} INFO - [2025-04-02T07:57:22.876+0000] {dag.py:4180} INFO - Setting next_dagrun for example_branch_dop_operator_v3 to 2025-04-02 07:56:00+00:00, run_after=2025-04-02 07:57:00+00:00
[2025-04-02T07:57:22.962+0000] {processor.py:208} INFO - Processing /home/airflow/.local/lib/python3.12/site-packages/airflow/example_dags/example_branch_python_dop_operator_3.py took 0.387 seconds
[2025-04-02T07:57:53.499+0000] {processor.py:186} INFO - Started process (PID=6581) to work on /home/airflow/.local/lib/python3.12/site-packages/airflow/example_dags/example_branch_python_dop_operator_3.py
[2025-04-02T07:57:53.500+0000] {processor.py:914} INFO - Processing file /home/airflow/.local/lib/python3.12/site-packages/airflow/example_dags/example_branch_python_dop_operator_3.py for tasks to queue
[2025-04-02T07:57:53.505+0000] {logging_mixin.py:190} INFO - [2025-04-02T07:57:53.504+0000] {dagbag.py:588} INFO - Filling up the DagBag from /home/airflow/.local/lib/python3.12/site-packages/airflow/example_dags/example_branch_python_dop_operator_3.py
[2025-04-02T07:57:53.533+0000] {processor.py:925} INFO - DAG(s) 'example_branch_dop_operator_v3' retrieved from /home/airflow/.local/lib/python3.12/site-packages/airflow/example_dags/example_branch_python_dop_operator_3.py
[2025-04-02T07:57:53.576+0000] {logging_mixin.py:190} INFO - [2025-04-02T07:57:53.575+0000] {dag.py:3239} INFO - Sync 1 DAGs
[2025-04-02T07:57:53.641+0000] {logging_mixin.py:190} INFO - [2025-04-02T07:57:53.641+0000] {dag.py:4180} INFO - Setting next_dagrun for example_branch_dop_operator_v3 to 2025-04-02 07:56:00+00:00, run_after=2025-04-02 07:57:00+00:00
[2025-04-02T07:57:53.685+0000] {processor.py:208} INFO - Processing /home/airflow/.local/lib/python3.12/site-packages/airflow/example_dags/example_branch_python_dop_operator_3.py took 0.207 seconds
[2025-04-02T07:58:24.979+0000] {processor.py:186} INFO - Started process (PID=6646) to work on /home/airflow/.local/lib/python3.12/site-packages/airflow/example_dags/example_branch_python_dop_operator_3.py
[2025-04-02T07:58:24.983+0000] {processor.py:914} INFO - Processing file /home/airflow/.local/lib/python3.12/site-packages/airflow/example_dags/example_branch_python_dop_operator_3.py for tasks to queue
[2025-04-02T07:58:24.990+0000] {logging_mixin.py:190} INFO - [2025-04-02T07:58:24.989+0000] {dagbag.py:588} INFO - Filling up the DagBag from /home/airflow/.local/lib/python3.12/site-packages/airflow/example_dags/example_branch_python_dop_operator_3.py
[2025-04-02T07:58:25.019+0000] {processor.py:925} INFO - DAG(s) 'example_branch_dop_operator_v3' retrieved from /home/airflow/.local/lib/python3.12/site-packages/airflow/example_dags/example_branch_python_dop_operator_3.py
[2025-04-02T07:58:25.083+0000] {logging_mixin.py:190} INFO - [2025-04-02T07:58:25.082+0000] {dag.py:3239} INFO - Sync 1 DAGs
[2025-04-02T07:58:25.156+0000] {logging_mixin.py:190} INFO - [2025-04-02T07:58:25.156+0000] {dag.py:4180} INFO - Setting next_dagrun for example_branch_dop_operator_v3 to 2025-04-02 07:57:00+00:00, run_after=2025-04-02 07:58:00+00:00
[2025-04-02T07:58:25.214+0000] {processor.py:208} INFO - Processing /home/airflow/.local/lib/python3.12/site-packages/airflow/example_dags/example_branch_python_dop_operator_3.py took 0.272 seconds
[2025-04-02T07:58:56.002+0000] {processor.py:186} INFO - Started process (PID=6730) to work on /home/airflow/.local/lib/python3.12/site-packages/airflow/example_dags/example_branch_python_dop_operator_3.py
[2025-04-02T07:58:56.004+0000] {processor.py:914} INFO - Processing file /home/airflow/.local/lib/python3.12/site-packages/airflow/example_dags/example_branch_python_dop_operator_3.py for tasks to queue
[2025-04-02T07:58:56.014+0000] {logging_mixin.py:190} INFO - [2025-04-02T07:58:56.013+0000] {dagbag.py:588} INFO - Filling up the DagBag from /home/airflow/.local/lib/python3.12/site-packages/airflow/example_dags/example_branch_python_dop_operator_3.py
[2025-04-02T07:58:56.059+0000] {processor.py:925} INFO - DAG(s) 'example_branch_dop_operator_v3' retrieved from /home/airflow/.local/lib/python3.12/site-packages/airflow/example_dags/example_branch_python_dop_operator_3.py
[2025-04-02T07:58:56.132+0000] {logging_mixin.py:190} INFO - [2025-04-02T07:58:56.131+0000] {dag.py:3239} INFO - Sync 1 DAGs
[2025-04-02T07:58:56.213+0000] {logging_mixin.py:190} INFO - [2025-04-02T07:58:56.212+0000] {dag.py:4180} INFO - Setting next_dagrun for example_branch_dop_operator_v3 to 2025-04-02 07:57:00+00:00, run_after=2025-04-02 07:58:00+00:00
[2025-04-02T07:58:56.282+0000] {processor.py:208} INFO - Processing /home/airflow/.local/lib/python3.12/site-packages/airflow/example_dags/example_branch_python_dop_operator_3.py took 0.316 seconds
[2025-04-02T07:59:26.723+0000] {processor.py:186} INFO - Started process (PID=6794) to work on /home/airflow/.local/lib/python3.12/site-packages/airflow/example_dags/example_branch_python_dop_operator_3.py
[2025-04-02T07:59:26.725+0000] {processor.py:914} INFO - Processing file /home/airflow/.local/lib/python3.12/site-packages/airflow/example_dags/example_branch_python_dop_operator_3.py for tasks to queue
[2025-04-02T07:59:26.730+0000] {logging_mixin.py:190} INFO - [2025-04-02T07:59:26.730+0000] {dagbag.py:588} INFO - Filling up the DagBag from /home/airflow/.local/lib/python3.12/site-packages/airflow/example_dags/example_branch_python_dop_operator_3.py
[2025-04-02T07:59:26.753+0000] {processor.py:925} INFO - DAG(s) 'example_branch_dop_operator_v3' retrieved from /home/airflow/.local/lib/python3.12/site-packages/airflow/example_dags/example_branch_python_dop_operator_3.py
[2025-04-02T07:59:26.796+0000] {logging_mixin.py:190} INFO - [2025-04-02T07:59:26.795+0000] {dag.py:3239} INFO - Sync 1 DAGs
[2025-04-02T07:59:26.854+0000] {logging_mixin.py:190} INFO - [2025-04-02T07:59:26.854+0000] {dag.py:4180} INFO - Setting next_dagrun for example_branch_dop_operator_v3 to 2025-04-02 07:58:00+00:00, run_after=2025-04-02 07:59:00+00:00
[2025-04-02T07:59:26.886+0000] {processor.py:208} INFO - Processing /home/airflow/.local/lib/python3.12/site-packages/airflow/example_dags/example_branch_python_dop_operator_3.py took 0.178 seconds
[2025-04-02T07:59:57.680+0000] {processor.py:186} INFO - Started process (PID=6878) to work on /home/airflow/.local/lib/python3.12/site-packages/airflow/example_dags/example_branch_python_dop_operator_3.py
[2025-04-02T07:59:57.681+0000] {processor.py:914} INFO - Processing file /home/airflow/.local/lib/python3.12/site-packages/airflow/example_dags/example_branch_python_dop_operator_3.py for tasks to queue
[2025-04-02T07:59:57.686+0000] {logging_mixin.py:190} INFO - [2025-04-02T07:59:57.686+0000] {dagbag.py:588} INFO - Filling up the DagBag from /home/airflow/.local/lib/python3.12/site-packages/airflow/example_dags/example_branch_python_dop_operator_3.py
[2025-04-02T07:59:57.715+0000] {processor.py:925} INFO - DAG(s) 'example_branch_dop_operator_v3' retrieved from /home/airflow/.local/lib/python3.12/site-packages/airflow/example_dags/example_branch_python_dop_operator_3.py
[2025-04-02T07:59:57.786+0000] {logging_mixin.py:190} INFO - [2025-04-02T07:59:57.785+0000] {dag.py:3239} INFO - Sync 1 DAGs
[2025-04-02T07:59:57.863+0000] {logging_mixin.py:190} INFO - [2025-04-02T07:59:57.862+0000] {dag.py:4180} INFO - Setting next_dagrun for example_branch_dop_operator_v3 to 2025-04-02 07:58:00+00:00, run_after=2025-04-02 07:59:00+00:00
[2025-04-02T07:59:57.914+0000] {processor.py:208} INFO - Processing /home/airflow/.local/lib/python3.12/site-packages/airflow/example_dags/example_branch_python_dop_operator_3.py took 0.261 seconds
[2025-04-02T08:00:29.167+0000] {processor.py:186} INFO - Started process (PID=6946) to work on /home/airflow/.local/lib/python3.12/site-packages/airflow/example_dags/example_branch_python_dop_operator_3.py
[2025-04-02T08:00:29.169+0000] {processor.py:914} INFO - Processing file /home/airflow/.local/lib/python3.12/site-packages/airflow/example_dags/example_branch_python_dop_operator_3.py for tasks to queue
[2025-04-02T08:00:29.179+0000] {logging_mixin.py:190} INFO - [2025-04-02T08:00:29.175+0000] {dagbag.py:588} INFO - Filling up the DagBag from /home/airflow/.local/lib/python3.12/site-packages/airflow/example_dags/example_branch_python_dop_operator_3.py
[2025-04-02T08:00:29.215+0000] {processor.py:925} INFO - DAG(s) 'example_branch_dop_operator_v3' retrieved from /home/airflow/.local/lib/python3.12/site-packages/airflow/example_dags/example_branch_python_dop_operator_3.py
[2025-04-02T08:00:29.278+0000] {logging_mixin.py:190} INFO - [2025-04-02T08:00:29.277+0000] {dag.py:3239} INFO - Sync 1 DAGs
[2025-04-02T08:00:29.376+0000] {logging_mixin.py:190} INFO - [2025-04-02T08:00:29.376+0000] {dag.py:4180} INFO - Setting next_dagrun for example_branch_dop_operator_v3 to 2025-04-02 07:59:00+00:00, run_after=2025-04-02 08:00:00+00:00
[2025-04-02T08:00:29.433+0000] {processor.py:208} INFO - Processing /home/airflow/.local/lib/python3.12/site-packages/airflow/example_dags/example_branch_python_dop_operator_3.py took 0.290 seconds
[2025-04-02T08:01:00.134+0000] {processor.py:186} INFO - Started process (PID=7018) to work on /home/airflow/.local/lib/python3.12/site-packages/airflow/example_dags/example_branch_python_dop_operator_3.py
[2025-04-02T08:01:00.140+0000] {processor.py:914} INFO - Processing file /home/airflow/.local/lib/python3.12/site-packages/airflow/example_dags/example_branch_python_dop_operator_3.py for tasks to queue
[2025-04-02T08:01:00.148+0000] {logging_mixin.py:190} INFO - [2025-04-02T08:01:00.146+0000] {dagbag.py:588} INFO - Filling up the DagBag from /home/airflow/.local/lib/python3.12/site-packages/airflow/example_dags/example_branch_python_dop_operator_3.py
[2025-04-02T08:01:00.195+0000] {processor.py:925} INFO - DAG(s) 'example_branch_dop_operator_v3' retrieved from /home/airflow/.local/lib/python3.12/site-packages/airflow/example_dags/example_branch_python_dop_operator_3.py
[2025-04-02T08:01:00.255+0000] {logging_mixin.py:190} INFO - [2025-04-02T08:01:00.254+0000] {dag.py:3239} INFO - Sync 1 DAGs
[2025-04-02T08:01:00.353+0000] {logging_mixin.py:190} INFO - [2025-04-02T08:01:00.353+0000] {dag.py:4180} INFO - Setting next_dagrun for example_branch_dop_operator_v3 to 2025-04-02 08:00:00+00:00, run_after=2025-04-02 08:01:00+00:00
[2025-04-02T08:01:00.413+0000] {processor.py:208} INFO - Processing /home/airflow/.local/lib/python3.12/site-packages/airflow/example_dags/example_branch_python_dop_operator_3.py took 0.322 seconds
[2025-04-02T08:01:32.179+0000] {processor.py:186} INFO - Started process (PID=7103) to work on /home/airflow/.local/lib/python3.12/site-packages/airflow/example_dags/example_branch_python_dop_operator_3.py
[2025-04-02T08:01:32.181+0000] {processor.py:914} INFO - Processing file /home/airflow/.local/lib/python3.12/site-packages/airflow/example_dags/example_branch_python_dop_operator_3.py for tasks to queue
[2025-04-02T08:01:32.193+0000] {logging_mixin.py:190} INFO - [2025-04-02T08:01:32.192+0000] {dagbag.py:588} INFO - Filling up the DagBag from /home/airflow/.local/lib/python3.12/site-packages/airflow/example_dags/example_branch_python_dop_operator_3.py
[2025-04-02T08:01:32.226+0000] {processor.py:925} INFO - DAG(s) 'example_branch_dop_operator_v3' retrieved from /home/airflow/.local/lib/python3.12/site-packages/airflow/example_dags/example_branch_python_dop_operator_3.py
[2025-04-02T08:01:32.336+0000] {logging_mixin.py:190} INFO - [2025-04-02T08:01:32.329+0000] {dag.py:3239} INFO - Sync 1 DAGs
[2025-04-02T08:01:32.419+0000] {logging_mixin.py:190} INFO - [2025-04-02T08:01:32.418+0000] {dag.py:4180} INFO - Setting next_dagrun for example_branch_dop_operator_v3 to 2025-04-02 08:00:00+00:00, run_after=2025-04-02 08:01:00+00:00
[2025-04-02T08:01:32.467+0000] {processor.py:208} INFO - Processing /home/airflow/.local/lib/python3.12/site-packages/airflow/example_dags/example_branch_python_dop_operator_3.py took 0.309 seconds
[2025-04-02T08:02:02.591+0000] {processor.py:186} INFO - Started process (PID=7172) to work on /home/airflow/.local/lib/python3.12/site-packages/airflow/example_dags/example_branch_python_dop_operator_3.py
[2025-04-02T08:02:02.593+0000] {processor.py:914} INFO - Processing file /home/airflow/.local/lib/python3.12/site-packages/airflow/example_dags/example_branch_python_dop_operator_3.py for tasks to queue
[2025-04-02T08:02:02.598+0000] {logging_mixin.py:190} INFO - [2025-04-02T08:02:02.597+0000] {dagbag.py:588} INFO - Filling up the DagBag from /home/airflow/.local/lib/python3.12/site-packages/airflow/example_dags/example_branch_python_dop_operator_3.py
[2025-04-02T08:02:02.629+0000] {processor.py:925} INFO - DAG(s) 'example_branch_dop_operator_v3' retrieved from /home/airflow/.local/lib/python3.12/site-packages/airflow/example_dags/example_branch_python_dop_operator_3.py
[2025-04-02T08:02:02.688+0000] {logging_mixin.py:190} INFO - [2025-04-02T08:02:02.687+0000] {dag.py:3239} INFO - Sync 1 DAGs
[2025-04-02T08:02:02.775+0000] {logging_mixin.py:190} INFO - [2025-04-02T08:02:02.775+0000] {dag.py:4180} INFO - Setting next_dagrun for example_branch_dop_operator_v3 to 2025-04-02 08:01:00+00:00, run_after=2025-04-02 08:02:00+00:00
[2025-04-02T08:02:02.826+0000] {processor.py:208} INFO - Processing /home/airflow/.local/lib/python3.12/site-packages/airflow/example_dags/example_branch_python_dop_operator_3.py took 0.256 seconds
[2025-04-02T08:02:33.627+0000] {processor.py:186} INFO - Started process (PID=7258) to work on /home/airflow/.local/lib/python3.12/site-packages/airflow/example_dags/example_branch_python_dop_operator_3.py
[2025-04-02T08:02:33.630+0000] {processor.py:914} INFO - Processing file /home/airflow/.local/lib/python3.12/site-packages/airflow/example_dags/example_branch_python_dop_operator_3.py for tasks to queue
[2025-04-02T08:02:33.635+0000] {logging_mixin.py:190} INFO - [2025-04-02T08:02:33.634+0000] {dagbag.py:588} INFO - Filling up the DagBag from /home/airflow/.local/lib/python3.12/site-packages/airflow/example_dags/example_branch_python_dop_operator_3.py
[2025-04-02T08:02:33.665+0000] {processor.py:925} INFO - DAG(s) 'example_branch_dop_operator_v3' retrieved from /home/airflow/.local/lib/python3.12/site-packages/airflow/example_dags/example_branch_python_dop_operator_3.py
[2025-04-02T08:02:33.723+0000] {logging_mixin.py:190} INFO - [2025-04-02T08:02:33.722+0000] {dag.py:3239} INFO - Sync 1 DAGs
[2025-04-02T08:02:33.810+0000] {logging_mixin.py:190} INFO - [2025-04-02T08:02:33.809+0000] {dag.py:4180} INFO - Setting next_dagrun for example_branch_dop_operator_v3 to 2025-04-02 08:01:00+00:00, run_after=2025-04-02 08:02:00+00:00
[2025-04-02T08:02:33.864+0000] {processor.py:208} INFO - Processing /home/airflow/.local/lib/python3.12/site-packages/airflow/example_dags/example_branch_python_dop_operator_3.py took 0.259 seconds
[2025-04-02T08:03:04.912+0000] {processor.py:186} INFO - Started process (PID=7326) to work on /home/airflow/.local/lib/python3.12/site-packages/airflow/example_dags/example_branch_python_dop_operator_3.py
[2025-04-02T08:03:04.916+0000] {processor.py:914} INFO - Processing file /home/airflow/.local/lib/python3.12/site-packages/airflow/example_dags/example_branch_python_dop_operator_3.py for tasks to queue
[2025-04-02T08:03:04.930+0000] {logging_mixin.py:190} INFO - [2025-04-02T08:03:04.925+0000] {dagbag.py:588} INFO - Filling up the DagBag from /home/airflow/.local/lib/python3.12/site-packages/airflow/example_dags/example_branch_python_dop_operator_3.py
[2025-04-02T08:03:04.975+0000] {processor.py:925} INFO - DAG(s) 'example_branch_dop_operator_v3' retrieved from /home/airflow/.local/lib/python3.12/site-packages/airflow/example_dags/example_branch_python_dop_operator_3.py
[2025-04-02T08:03:05.059+0000] {logging_mixin.py:190} INFO - [2025-04-02T08:03:05.058+0000] {dag.py:3239} INFO - Sync 1 DAGs
[2025-04-02T08:03:05.173+0000] {logging_mixin.py:190} INFO - [2025-04-02T08:03:05.173+0000] {dag.py:4180} INFO - Setting next_dagrun for example_branch_dop_operator_v3 to 2025-04-02 08:02:00+00:00, run_after=2025-04-02 08:03:00+00:00
[2025-04-02T08:03:05.225+0000] {processor.py:208} INFO - Processing /home/airflow/.local/lib/python3.12/site-packages/airflow/example_dags/example_branch_python_dop_operator_3.py took 0.343 seconds
[2025-04-02T08:03:35.396+0000] {processor.py:186} INFO - Started process (PID=7404) to work on /home/airflow/.local/lib/python3.12/site-packages/airflow/example_dags/example_branch_python_dop_operator_3.py
[2025-04-02T08:03:35.400+0000] {processor.py:914} INFO - Processing file /home/airflow/.local/lib/python3.12/site-packages/airflow/example_dags/example_branch_python_dop_operator_3.py for tasks to queue
[2025-04-02T08:03:35.413+0000] {logging_mixin.py:190} INFO - [2025-04-02T08:03:35.408+0000] {dagbag.py:588} INFO - Filling up the DagBag from /home/airflow/.local/lib/python3.12/site-packages/airflow/example_dags/example_branch_python_dop_operator_3.py
[2025-04-02T08:03:35.463+0000] {processor.py:925} INFO - DAG(s) 'example_branch_dop_operator_v3' retrieved from /home/airflow/.local/lib/python3.12/site-packages/airflow/example_dags/example_branch_python_dop_operator_3.py
[2025-04-02T08:03:35.554+0000] {logging_mixin.py:190} INFO - [2025-04-02T08:03:35.552+0000] {dag.py:3239} INFO - Sync 1 DAGs
[2025-04-02T08:03:35.651+0000] {logging_mixin.py:190} INFO - [2025-04-02T08:03:35.651+0000] {dag.py:4180} INFO - Setting next_dagrun for example_branch_dop_operator_v3 to 2025-04-02 08:02:00+00:00, run_after=2025-04-02 08:03:00+00:00
[2025-04-02T08:03:35.697+0000] {processor.py:208} INFO - Processing /home/airflow/.local/lib/python3.12/site-packages/airflow/example_dags/example_branch_python_dop_operator_3.py took 0.344 seconds
[2025-04-02T08:04:05.850+0000] {processor.py:186} INFO - Started process (PID=7471) to work on /home/airflow/.local/lib/python3.12/site-packages/airflow/example_dags/example_branch_python_dop_operator_3.py
[2025-04-02T08:04:05.855+0000] {processor.py:914} INFO - Processing file /home/airflow/.local/lib/python3.12/site-packages/airflow/example_dags/example_branch_python_dop_operator_3.py for tasks to queue
[2025-04-02T08:04:05.860+0000] {logging_mixin.py:190} INFO - [2025-04-02T08:04:05.860+0000] {dagbag.py:588} INFO - Filling up the DagBag from /home/airflow/.local/lib/python3.12/site-packages/airflow/example_dags/example_branch_python_dop_operator_3.py
[2025-04-02T08:04:05.897+0000] {processor.py:925} INFO - DAG(s) 'example_branch_dop_operator_v3' retrieved from /home/airflow/.local/lib/python3.12/site-packages/airflow/example_dags/example_branch_python_dop_operator_3.py
[2025-04-02T08:04:05.951+0000] {logging_mixin.py:190} INFO - [2025-04-02T08:04:05.949+0000] {dag.py:3239} INFO - Sync 1 DAGs
[2025-04-02T08:04:06.044+0000] {logging_mixin.py:190} INFO - [2025-04-02T08:04:06.044+0000] {dag.py:4180} INFO - Setting next_dagrun for example_branch_dop_operator_v3 to 2025-04-02 08:03:00+00:00, run_after=2025-04-02 08:04:00+00:00
[2025-04-02T08:04:06.098+0000] {processor.py:208} INFO - Processing /home/airflow/.local/lib/python3.12/site-packages/airflow/example_dags/example_branch_python_dop_operator_3.py took 0.287 seconds
[2025-04-02T08:04:36.953+0000] {processor.py:186} INFO - Started process (PID=7549) to work on /home/airflow/.local/lib/python3.12/site-packages/airflow/example_dags/example_branch_python_dop_operator_3.py
[2025-04-02T08:04:36.956+0000] {processor.py:914} INFO - Processing file /home/airflow/.local/lib/python3.12/site-packages/airflow/example_dags/example_branch_python_dop_operator_3.py for tasks to queue
[2025-04-02T08:04:36.964+0000] {logging_mixin.py:190} INFO - [2025-04-02T08:04:36.964+0000] {dagbag.py:588} INFO - Filling up the DagBag from /home/airflow/.local/lib/python3.12/site-packages/airflow/example_dags/example_branch_python_dop_operator_3.py
[2025-04-02T08:04:37.008+0000] {processor.py:925} INFO - DAG(s) 'example_branch_dop_operator_v3' retrieved from /home/airflow/.local/lib/python3.12/site-packages/airflow/example_dags/example_branch_python_dop_operator_3.py
[2025-04-02T08:04:37.060+0000] {logging_mixin.py:190} INFO - [2025-04-02T08:04:37.059+0000] {dag.py:3239} INFO - Sync 1 DAGs
[2025-04-02T08:04:37.128+0000] {logging_mixin.py:190} INFO - [2025-04-02T08:04:37.127+0000] {dag.py:4180} INFO - Setting next_dagrun for example_branch_dop_operator_v3 to 2025-04-02 08:03:00+00:00, run_after=2025-04-02 08:04:00+00:00
[2025-04-02T08:04:37.177+0000] {processor.py:208} INFO - Processing /home/airflow/.local/lib/python3.12/site-packages/airflow/example_dags/example_branch_python_dop_operator_3.py took 0.251 seconds
[2025-04-02T08:05:07.521+0000] {processor.py:186} INFO - Started process (PID=7622) to work on /home/airflow/.local/lib/python3.12/site-packages/airflow/example_dags/example_branch_python_dop_operator_3.py
[2025-04-02T08:05:07.522+0000] {processor.py:914} INFO - Processing file /home/airflow/.local/lib/python3.12/site-packages/airflow/example_dags/example_branch_python_dop_operator_3.py for tasks to queue
[2025-04-02T08:05:07.528+0000] {logging_mixin.py:190} INFO - [2025-04-02T08:05:07.527+0000] {dagbag.py:588} INFO - Filling up the DagBag from /home/airflow/.local/lib/python3.12/site-packages/airflow/example_dags/example_branch_python_dop_operator_3.py
[2025-04-02T08:05:07.554+0000] {processor.py:925} INFO - DAG(s) 'example_branch_dop_operator_v3' retrieved from /home/airflow/.local/lib/python3.12/site-packages/airflow/example_dags/example_branch_python_dop_operator_3.py
[2025-04-02T08:05:07.597+0000] {logging_mixin.py:190} INFO - [2025-04-02T08:05:07.596+0000] {dag.py:3239} INFO - Sync 1 DAGs
[2025-04-02T08:05:07.663+0000] {logging_mixin.py:190} INFO - [2025-04-02T08:05:07.662+0000] {dag.py:4180} INFO - Setting next_dagrun for example_branch_dop_operator_v3 to 2025-04-02 08:04:00+00:00, run_after=2025-04-02 08:05:00+00:00
[2025-04-02T08:05:07.697+0000] {processor.py:208} INFO - Processing /home/airflow/.local/lib/python3.12/site-packages/airflow/example_dags/example_branch_python_dop_operator_3.py took 0.197 seconds
[2025-04-02T08:05:37.880+0000] {processor.py:186} INFO - Started process (PID=7691) to work on /home/airflow/.local/lib/python3.12/site-packages/airflow/example_dags/example_branch_python_dop_operator_3.py
[2025-04-02T08:05:37.882+0000] {processor.py:914} INFO - Processing file /home/airflow/.local/lib/python3.12/site-packages/airflow/example_dags/example_branch_python_dop_operator_3.py for tasks to queue
[2025-04-02T08:05:37.892+0000] {logging_mixin.py:190} INFO - [2025-04-02T08:05:37.889+0000] {dagbag.py:588} INFO - Filling up the DagBag from /home/airflow/.local/lib/python3.12/site-packages/airflow/example_dags/example_branch_python_dop_operator_3.py
[2025-04-02T08:05:37.933+0000] {processor.py:925} INFO - DAG(s) 'example_branch_dop_operator_v3' retrieved from /home/airflow/.local/lib/python3.12/site-packages/airflow/example_dags/example_branch_python_dop_operator_3.py
[2025-04-02T08:05:38.001+0000] {logging_mixin.py:190} INFO - [2025-04-02T08:05:37.997+0000] {dag.py:3239} INFO - Sync 1 DAGs
[2025-04-02T08:05:38.094+0000] {logging_mixin.py:190} INFO - [2025-04-02T08:05:38.094+0000] {dag.py:4180} INFO - Setting next_dagrun for example_branch_dop_operator_v3 to 2025-04-02 08:04:00+00:00, run_after=2025-04-02 08:05:00+00:00
[2025-04-02T08:05:38.145+0000] {processor.py:208} INFO - Processing /home/airflow/.local/lib/python3.12/site-packages/airflow/example_dags/example_branch_python_dop_operator_3.py took 0.306 seconds
[2025-04-02T08:06:25.555+0000] {processor.py:186} INFO - Started process (PID=7763) to work on /home/airflow/.local/lib/python3.12/site-packages/airflow/example_dags/example_branch_python_dop_operator_3.py
[2025-04-02T08:06:25.568+0000] {processor.py:914} INFO - Processing file /home/airflow/.local/lib/python3.12/site-packages/airflow/example_dags/example_branch_python_dop_operator_3.py for tasks to queue
[2025-04-02T08:06:25.649+0000] {logging_mixin.py:190} INFO - [2025-04-02T08:06:25.639+0000] {dagbag.py:588} INFO - Filling up the DagBag from /home/airflow/.local/lib/python3.12/site-packages/airflow/example_dags/example_branch_python_dop_operator_3.py
[2025-04-02T08:06:25.871+0000] {processor.py:925} INFO - DAG(s) 'example_branch_dop_operator_v3' retrieved from /home/airflow/.local/lib/python3.12/site-packages/airflow/example_dags/example_branch_python_dop_operator_3.py
[2025-04-02T08:06:26.313+0000] {logging_mixin.py:190} INFO - [2025-04-02T08:06:26.303+0000] {dag.py:3239} INFO - Sync 1 DAGs
[2025-04-02T08:06:26.653+0000] {logging_mixin.py:190} INFO - [2025-04-02T08:06:26.652+0000] {dag.py:4180} INFO - Setting next_dagrun for example_branch_dop_operator_v3 to 2025-04-02 08:05:00+00:00, run_after=2025-04-02 08:06:00+00:00
[2025-04-02T08:06:26.759+0000] {processor.py:208} INFO - Processing /home/airflow/.local/lib/python3.12/site-packages/airflow/example_dags/example_branch_python_dop_operator_3.py took 1.257 seconds
[2025-04-02T08:06:57.167+0000] {processor.py:186} INFO - Started process (PID=7828) to work on /home/airflow/.local/lib/python3.12/site-packages/airflow/example_dags/example_branch_python_dop_operator_3.py
[2025-04-02T08:06:57.169+0000] {processor.py:914} INFO - Processing file /home/airflow/.local/lib/python3.12/site-packages/airflow/example_dags/example_branch_python_dop_operator_3.py for tasks to queue
[2025-04-02T08:06:57.181+0000] {logging_mixin.py:190} INFO - [2025-04-02T08:06:57.180+0000] {dagbag.py:588} INFO - Filling up the DagBag from /home/airflow/.local/lib/python3.12/site-packages/airflow/example_dags/example_branch_python_dop_operator_3.py
[2025-04-02T08:06:57.230+0000] {processor.py:925} INFO - DAG(s) 'example_branch_dop_operator_v3' retrieved from /home/airflow/.local/lib/python3.12/site-packages/airflow/example_dags/example_branch_python_dop_operator_3.py
[2025-04-02T08:06:57.304+0000] {logging_mixin.py:190} INFO - [2025-04-02T08:06:57.303+0000] {dag.py:3239} INFO - Sync 1 DAGs
[2025-04-02T08:06:57.390+0000] {logging_mixin.py:190} INFO - [2025-04-02T08:06:57.389+0000] {dag.py:4180} INFO - Setting next_dagrun for example_branch_dop_operator_v3 to 2025-04-02 08:05:00+00:00, run_after=2025-04-02 08:06:00+00:00
[2025-04-02T08:06:57.435+0000] {processor.py:208} INFO - Processing /home/airflow/.local/lib/python3.12/site-packages/airflow/example_dags/example_branch_python_dop_operator_3.py took 0.301 seconds
[2025-04-02T08:07:27.626+0000] {processor.py:186} INFO - Started process (PID=7916) to work on /home/airflow/.local/lib/python3.12/site-packages/airflow/example_dags/example_branch_python_dop_operator_3.py
[2025-04-02T08:07:27.630+0000] {processor.py:914} INFO - Processing file /home/airflow/.local/lib/python3.12/site-packages/airflow/example_dags/example_branch_python_dop_operator_3.py for tasks to queue
[2025-04-02T08:07:27.644+0000] {logging_mixin.py:190} INFO - [2025-04-02T08:07:27.643+0000] {dagbag.py:588} INFO - Filling up the DagBag from /home/airflow/.local/lib/python3.12/site-packages/airflow/example_dags/example_branch_python_dop_operator_3.py
[2025-04-02T08:07:27.694+0000] {processor.py:925} INFO - DAG(s) 'example_branch_dop_operator_v3' retrieved from /home/airflow/.local/lib/python3.12/site-packages/airflow/example_dags/example_branch_python_dop_operator_3.py
[2025-04-02T08:07:27.790+0000] {logging_mixin.py:190} INFO - [2025-04-02T08:07:27.789+0000] {dag.py:3239} INFO - Sync 1 DAGs
[2025-04-02T08:07:27.917+0000] {logging_mixin.py:190} INFO - [2025-04-02T08:07:27.917+0000] {dag.py:4180} INFO - Setting next_dagrun for example_branch_dop_operator_v3 to 2025-04-02 08:06:00+00:00, run_after=2025-04-02 08:07:00+00:00
[2025-04-02T08:07:27.976+0000] {processor.py:208} INFO - Processing /home/airflow/.local/lib/python3.12/site-packages/airflow/example_dags/example_branch_python_dop_operator_3.py took 0.376 seconds
[2025-04-02T08:07:58.215+0000] {processor.py:186} INFO - Started process (PID=7980) to work on /home/airflow/.local/lib/python3.12/site-packages/airflow/example_dags/example_branch_python_dop_operator_3.py
[2025-04-02T08:07:58.220+0000] {processor.py:914} INFO - Processing file /home/airflow/.local/lib/python3.12/site-packages/airflow/example_dags/example_branch_python_dop_operator_3.py for tasks to queue
[2025-04-02T08:07:58.236+0000] {logging_mixin.py:190} INFO - [2025-04-02T08:07:58.236+0000] {dagbag.py:588} INFO - Filling up the DagBag from /home/airflow/.local/lib/python3.12/site-packages/airflow/example_dags/example_branch_python_dop_operator_3.py
[2025-04-02T08:07:58.300+0000] {processor.py:925} INFO - DAG(s) 'example_branch_dop_operator_v3' retrieved from /home/airflow/.local/lib/python3.12/site-packages/airflow/example_dags/example_branch_python_dop_operator_3.py
[2025-04-02T08:07:58.385+0000] {logging_mixin.py:190} INFO - [2025-04-02T08:07:58.384+0000] {dag.py:3239} INFO - Sync 1 DAGs
[2025-04-02T08:07:58.516+0000] {logging_mixin.py:190} INFO - [2025-04-02T08:07:58.516+0000] {dag.py:4180} INFO - Setting next_dagrun for example_branch_dop_operator_v3 to 2025-04-02 08:06:00+00:00, run_after=2025-04-02 08:07:00+00:00
[2025-04-02T08:07:58.570+0000] {processor.py:208} INFO - Processing /home/airflow/.local/lib/python3.12/site-packages/airflow/example_dags/example_branch_python_dop_operator_3.py took 0.378 seconds
[2025-04-02T08:08:28.827+0000] {processor.py:186} INFO - Started process (PID=8044) to work on /home/airflow/.local/lib/python3.12/site-packages/airflow/example_dags/example_branch_python_dop_operator_3.py
[2025-04-02T08:08:28.831+0000] {processor.py:914} INFO - Processing file /home/airflow/.local/lib/python3.12/site-packages/airflow/example_dags/example_branch_python_dop_operator_3.py for tasks to queue
[2025-04-02T08:08:28.851+0000] {logging_mixin.py:190} INFO - [2025-04-02T08:08:28.846+0000] {dagbag.py:588} INFO - Filling up the DagBag from /home/airflow/.local/lib/python3.12/site-packages/airflow/example_dags/example_branch_python_dop_operator_3.py
[2025-04-02T08:08:28.933+0000] {processor.py:925} INFO - DAG(s) 'example_branch_dop_operator_v3' retrieved from /home/airflow/.local/lib/python3.12/site-packages/airflow/example_dags/example_branch_python_dop_operator_3.py
[2025-04-02T08:08:29.051+0000] {logging_mixin.py:190} INFO - [2025-04-02T08:08:29.050+0000] {dag.py:3239} INFO - Sync 1 DAGs
[2025-04-02T08:08:29.218+0000] {logging_mixin.py:190} INFO - [2025-04-02T08:08:29.217+0000] {dag.py:4180} INFO - Setting next_dagrun for example_branch_dop_operator_v3 to 2025-04-02 08:07:00+00:00, run_after=2025-04-02 08:08:00+00:00
[2025-04-02T08:08:29.315+0000] {processor.py:208} INFO - Processing /home/airflow/.local/lib/python3.12/site-packages/airflow/example_dags/example_branch_python_dop_operator_3.py took 0.534 seconds
[2025-04-02T08:08:59.560+0000] {processor.py:186} INFO - Started process (PID=8121) to work on /home/airflow/.local/lib/python3.12/site-packages/airflow/example_dags/example_branch_python_dop_operator_3.py
[2025-04-02T08:08:59.571+0000] {processor.py:914} INFO - Processing file /home/airflow/.local/lib/python3.12/site-packages/airflow/example_dags/example_branch_python_dop_operator_3.py for tasks to queue
[2025-04-02T08:08:59.589+0000] {logging_mixin.py:190} INFO - [2025-04-02T08:08:59.588+0000] {dagbag.py:588} INFO - Filling up the DagBag from /home/airflow/.local/lib/python3.12/site-packages/airflow/example_dags/example_branch_python_dop_operator_3.py
[2025-04-02T08:08:59.630+0000] {processor.py:925} INFO - DAG(s) 'example_branch_dop_operator_v3' retrieved from /home/airflow/.local/lib/python3.12/site-packages/airflow/example_dags/example_branch_python_dop_operator_3.py
[2025-04-02T08:08:59.702+0000] {logging_mixin.py:190} INFO - [2025-04-02T08:08:59.698+0000] {dag.py:3239} INFO - Sync 1 DAGs
[2025-04-02T08:08:59.817+0000] {logging_mixin.py:190} INFO - [2025-04-02T08:08:59.816+0000] {dag.py:4180} INFO - Setting next_dagrun for example_branch_dop_operator_v3 to 2025-04-02 08:07:00+00:00, run_after=2025-04-02 08:08:00+00:00
[2025-04-02T08:08:59.867+0000] {processor.py:208} INFO - Processing /home/airflow/.local/lib/python3.12/site-packages/airflow/example_dags/example_branch_python_dop_operator_3.py took 0.328 seconds
[2025-04-02T08:09:30.134+0000] {processor.py:186} INFO - Started process (PID=8191) to work on /home/airflow/.local/lib/python3.12/site-packages/airflow/example_dags/example_branch_python_dop_operator_3.py
[2025-04-02T08:09:30.136+0000] {processor.py:914} INFO - Processing file /home/airflow/.local/lib/python3.12/site-packages/airflow/example_dags/example_branch_python_dop_operator_3.py for tasks to queue
[2025-04-02T08:09:30.148+0000] {logging_mixin.py:190} INFO - [2025-04-02T08:09:30.147+0000] {dagbag.py:588} INFO - Filling up the DagBag from /home/airflow/.local/lib/python3.12/site-packages/airflow/example_dags/example_branch_python_dop_operator_3.py
[2025-04-02T08:09:30.212+0000] {processor.py:925} INFO - DAG(s) 'example_branch_dop_operator_v3' retrieved from /home/airflow/.local/lib/python3.12/site-packages/airflow/example_dags/example_branch_python_dop_operator_3.py
[2025-04-02T08:09:30.311+0000] {logging_mixin.py:190} INFO - [2025-04-02T08:09:30.310+0000] {dag.py:3239} INFO - Sync 1 DAGs
[2025-04-02T08:09:30.425+0000] {logging_mixin.py:190} INFO - [2025-04-02T08:09:30.425+0000] {dag.py:4180} INFO - Setting next_dagrun for example_branch_dop_operator_v3 to 2025-04-02 08:08:00+00:00, run_after=2025-04-02 08:09:00+00:00
[2025-04-02T08:09:30.504+0000] {processor.py:208} INFO - Processing /home/airflow/.local/lib/python3.12/site-packages/airflow/example_dags/example_branch_python_dop_operator_3.py took 0.409 seconds
[2025-04-02T08:10:00.875+0000] {processor.py:186} INFO - Started process (PID=8269) to work on /home/airflow/.local/lib/python3.12/site-packages/airflow/example_dags/example_branch_python_dop_operator_3.py
[2025-04-02T08:10:00.878+0000] {processor.py:914} INFO - Processing file /home/airflow/.local/lib/python3.12/site-packages/airflow/example_dags/example_branch_python_dop_operator_3.py for tasks to queue
[2025-04-02T08:10:00.886+0000] {logging_mixin.py:190} INFO - [2025-04-02T08:10:00.885+0000] {dagbag.py:588} INFO - Filling up the DagBag from /home/airflow/.local/lib/python3.12/site-packages/airflow/example_dags/example_branch_python_dop_operator_3.py
[2025-04-02T08:10:00.919+0000] {processor.py:925} INFO - DAG(s) 'example_branch_dop_operator_v3' retrieved from /home/airflow/.local/lib/python3.12/site-packages/airflow/example_dags/example_branch_python_dop_operator_3.py
[2025-04-02T08:10:00.979+0000] {logging_mixin.py:190} INFO - [2025-04-02T08:10:00.978+0000] {dag.py:3239} INFO - Sync 1 DAGs
[2025-04-02T08:10:01.062+0000] {logging_mixin.py:190} INFO - [2025-04-02T08:10:01.062+0000] {dag.py:4180} INFO - Setting next_dagrun for example_branch_dop_operator_v3 to 2025-04-02 08:09:00+00:00, run_after=2025-04-02 08:10:00+00:00
[2025-04-02T08:10:01.130+0000] {processor.py:208} INFO - Processing /home/airflow/.local/lib/python3.12/site-packages/airflow/example_dags/example_branch_python_dop_operator_3.py took 0.273 seconds
[2025-04-02T08:10:31.668+0000] {processor.py:186} INFO - Started process (PID=8337) to work on /home/airflow/.local/lib/python3.12/site-packages/airflow/example_dags/example_branch_python_dop_operator_3.py
[2025-04-02T08:10:31.670+0000] {processor.py:914} INFO - Processing file /home/airflow/.local/lib/python3.12/site-packages/airflow/example_dags/example_branch_python_dop_operator_3.py for tasks to queue
[2025-04-02T08:10:31.680+0000] {logging_mixin.py:190} INFO - [2025-04-02T08:10:31.679+0000] {dagbag.py:588} INFO - Filling up the DagBag from /home/airflow/.local/lib/python3.12/site-packages/airflow/example_dags/example_branch_python_dop_operator_3.py
[2025-04-02T08:10:31.720+0000] {processor.py:925} INFO - DAG(s) 'example_branch_dop_operator_v3' retrieved from /home/airflow/.local/lib/python3.12/site-packages/airflow/example_dags/example_branch_python_dop_operator_3.py
[2025-04-02T08:10:31.790+0000] {logging_mixin.py:190} INFO - [2025-04-02T08:10:31.789+0000] {dag.py:3239} INFO - Sync 1 DAGs
[2025-04-02T08:10:31.884+0000] {logging_mixin.py:190} INFO - [2025-04-02T08:10:31.883+0000] {dag.py:4180} INFO - Setting next_dagrun for example_branch_dop_operator_v3 to 2025-04-02 08:09:00+00:00, run_after=2025-04-02 08:10:00+00:00
[2025-04-02T08:10:31.932+0000] {processor.py:208} INFO - Processing /home/airflow/.local/lib/python3.12/site-packages/airflow/example_dags/example_branch_python_dop_operator_3.py took 0.287 seconds
[2025-04-02T08:11:02.162+0000] {processor.py:186} INFO - Started process (PID=8406) to work on /home/airflow/.local/lib/python3.12/site-packages/airflow/example_dags/example_branch_python_dop_operator_3.py
[2025-04-02T08:11:02.164+0000] {processor.py:914} INFO - Processing file /home/airflow/.local/lib/python3.12/site-packages/airflow/example_dags/example_branch_python_dop_operator_3.py for tasks to queue
[2025-04-02T08:11:02.170+0000] {logging_mixin.py:190} INFO - [2025-04-02T08:11:02.170+0000] {dagbag.py:588} INFO - Filling up the DagBag from /home/airflow/.local/lib/python3.12/site-packages/airflow/example_dags/example_branch_python_dop_operator_3.py
[2025-04-02T08:11:02.188+0000] {processor.py:925} INFO - DAG(s) 'example_branch_dop_operator_v3' retrieved from /home/airflow/.local/lib/python3.12/site-packages/airflow/example_dags/example_branch_python_dop_operator_3.py
[2025-04-02T08:11:02.225+0000] {logging_mixin.py:190} INFO - [2025-04-02T08:11:02.224+0000] {dag.py:3239} INFO - Sync 1 DAGs
[2025-04-02T08:11:02.275+0000] {logging_mixin.py:190} INFO - [2025-04-02T08:11:02.275+0000] {dag.py:4180} INFO - Setting next_dagrun for example_branch_dop_operator_v3 to 2025-04-02 08:10:00+00:00, run_after=2025-04-02 08:11:00+00:00
[2025-04-02T08:11:02.306+0000] {processor.py:208} INFO - Processing /home/airflow/.local/lib/python3.12/site-packages/airflow/example_dags/example_branch_python_dop_operator_3.py took 0.159 seconds
[2025-04-02T08:11:32.353+0000] {processor.py:186} INFO - Started process (PID=8470) to work on /home/airflow/.local/lib/python3.12/site-packages/airflow/example_dags/example_branch_python_dop_operator_3.py
[2025-04-02T08:11:32.354+0000] {processor.py:914} INFO - Processing file /home/airflow/.local/lib/python3.12/site-packages/airflow/example_dags/example_branch_python_dop_operator_3.py for tasks to queue
[2025-04-02T08:11:32.359+0000] {logging_mixin.py:190} INFO - [2025-04-02T08:11:32.359+0000] {dagbag.py:588} INFO - Filling up the DagBag from /home/airflow/.local/lib/python3.12/site-packages/airflow/example_dags/example_branch_python_dop_operator_3.py
[2025-04-02T08:11:32.378+0000] {processor.py:925} INFO - DAG(s) 'example_branch_dop_operator_v3' retrieved from /home/airflow/.local/lib/python3.12/site-packages/airflow/example_dags/example_branch_python_dop_operator_3.py
[2025-04-02T08:11:32.411+0000] {logging_mixin.py:190} INFO - [2025-04-02T08:11:32.410+0000] {dag.py:3239} INFO - Sync 1 DAGs
[2025-04-02T08:11:32.455+0000] {logging_mixin.py:190} INFO - [2025-04-02T08:11:32.455+0000] {dag.py:4180} INFO - Setting next_dagrun for example_branch_dop_operator_v3 to 2025-04-02 08:10:00+00:00, run_after=2025-04-02 08:11:00+00:00
[2025-04-02T08:11:32.483+0000] {processor.py:208} INFO - Processing /home/airflow/.local/lib/python3.12/site-packages/airflow/example_dags/example_branch_python_dop_operator_3.py took 0.141 seconds
[2025-04-02T08:12:02.540+0000] {processor.py:186} INFO - Started process (PID=8534) to work on /home/airflow/.local/lib/python3.12/site-packages/airflow/example_dags/example_branch_python_dop_operator_3.py
[2025-04-02T08:12:02.543+0000] {processor.py:914} INFO - Processing file /home/airflow/.local/lib/python3.12/site-packages/airflow/example_dags/example_branch_python_dop_operator_3.py for tasks to queue
[2025-04-02T08:12:02.547+0000] {logging_mixin.py:190} INFO - [2025-04-02T08:12:02.546+0000] {dagbag.py:588} INFO - Filling up the DagBag from /home/airflow/.local/lib/python3.12/site-packages/airflow/example_dags/example_branch_python_dop_operator_3.py
[2025-04-02T08:12:02.567+0000] {processor.py:925} INFO - DAG(s) 'example_branch_dop_operator_v3' retrieved from /home/airflow/.local/lib/python3.12/site-packages/airflow/example_dags/example_branch_python_dop_operator_3.py
[2025-04-02T08:12:02.602+0000] {logging_mixin.py:190} INFO - [2025-04-02T08:12:02.601+0000] {dag.py:3239} INFO - Sync 1 DAGs
[2025-04-02T08:12:02.646+0000] {logging_mixin.py:190} INFO - [2025-04-02T08:12:02.646+0000] {dag.py:4180} INFO - Setting next_dagrun for example_branch_dop_operator_v3 to 2025-04-02 08:11:00+00:00, run_after=2025-04-02 08:12:00+00:00
[2025-04-02T08:12:02.677+0000] {processor.py:208} INFO - Processing /home/airflow/.local/lib/python3.12/site-packages/airflow/example_dags/example_branch_python_dop_operator_3.py took 0.148 seconds
[2025-04-02T08:12:32.810+0000] {processor.py:186} INFO - Started process (PID=8597) to work on /home/airflow/.local/lib/python3.12/site-packages/airflow/example_dags/example_branch_python_dop_operator_3.py
[2025-04-02T08:12:32.813+0000] {processor.py:914} INFO - Processing file /home/airflow/.local/lib/python3.12/site-packages/airflow/example_dags/example_branch_python_dop_operator_3.py for tasks to queue
[2025-04-02T08:12:32.818+0000] {logging_mixin.py:190} INFO - [2025-04-02T08:12:32.817+0000] {dagbag.py:588} INFO - Filling up the DagBag from /home/airflow/.local/lib/python3.12/site-packages/airflow/example_dags/example_branch_python_dop_operator_3.py
[2025-04-02T08:12:32.838+0000] {processor.py:925} INFO - DAG(s) 'example_branch_dop_operator_v3' retrieved from /home/airflow/.local/lib/python3.12/site-packages/airflow/example_dags/example_branch_python_dop_operator_3.py
[2025-04-02T08:12:32.875+0000] {logging_mixin.py:190} INFO - [2025-04-02T08:12:32.875+0000] {dag.py:3239} INFO - Sync 1 DAGs
[2025-04-02T08:12:32.925+0000] {logging_mixin.py:190} INFO - [2025-04-02T08:12:32.924+0000] {dag.py:4180} INFO - Setting next_dagrun for example_branch_dop_operator_v3 to 2025-04-02 08:11:00+00:00, run_after=2025-04-02 08:12:00+00:00
[2025-04-02T08:12:32.957+0000] {processor.py:208} INFO - Processing /home/airflow/.local/lib/python3.12/site-packages/airflow/example_dags/example_branch_python_dop_operator_3.py took 0.158 seconds
[2025-04-02T08:13:03.442+0000] {processor.py:186} INFO - Started process (PID=8661) to work on /home/airflow/.local/lib/python3.12/site-packages/airflow/example_dags/example_branch_python_dop_operator_3.py
[2025-04-02T08:13:03.444+0000] {processor.py:914} INFO - Processing file /home/airflow/.local/lib/python3.12/site-packages/airflow/example_dags/example_branch_python_dop_operator_3.py for tasks to queue
[2025-04-02T08:13:03.450+0000] {logging_mixin.py:190} INFO - [2025-04-02T08:13:03.449+0000] {dagbag.py:588} INFO - Filling up the DagBag from /home/airflow/.local/lib/python3.12/site-packages/airflow/example_dags/example_branch_python_dop_operator_3.py
[2025-04-02T08:13:03.470+0000] {processor.py:925} INFO - DAG(s) 'example_branch_dop_operator_v3' retrieved from /home/airflow/.local/lib/python3.12/site-packages/airflow/example_dags/example_branch_python_dop_operator_3.py
[2025-04-02T08:13:03.510+0000] {logging_mixin.py:190} INFO - [2025-04-02T08:13:03.509+0000] {dag.py:3239} INFO - Sync 1 DAGs
[2025-04-02T08:13:03.559+0000] {logging_mixin.py:190} INFO - [2025-04-02T08:13:03.559+0000] {dag.py:4180} INFO - Setting next_dagrun for example_branch_dop_operator_v3 to 2025-04-02 08:12:00+00:00, run_after=2025-04-02 08:13:00+00:00
[2025-04-02T08:13:03.591+0000] {processor.py:208} INFO - Processing /home/airflow/.local/lib/python3.12/site-packages/airflow/example_dags/example_branch_python_dop_operator_3.py took 0.160 seconds
[2025-04-02T08:13:33.640+0000] {processor.py:186} INFO - Started process (PID=8725) to work on /home/airflow/.local/lib/python3.12/site-packages/airflow/example_dags/example_branch_python_dop_operator_3.py
[2025-04-02T08:13:33.642+0000] {processor.py:914} INFO - Processing file /home/airflow/.local/lib/python3.12/site-packages/airflow/example_dags/example_branch_python_dop_operator_3.py for tasks to queue
[2025-04-02T08:13:33.647+0000] {logging_mixin.py:190} INFO - [2025-04-02T08:13:33.646+0000] {dagbag.py:588} INFO - Filling up the DagBag from /home/airflow/.local/lib/python3.12/site-packages/airflow/example_dags/example_branch_python_dop_operator_3.py
[2025-04-02T08:13:33.666+0000] {processor.py:925} INFO - DAG(s) 'example_branch_dop_operator_v3' retrieved from /home/airflow/.local/lib/python3.12/site-packages/airflow/example_dags/example_branch_python_dop_operator_3.py
[2025-04-02T08:13:33.704+0000] {logging_mixin.py:190} INFO - [2025-04-02T08:13:33.702+0000] {dag.py:3239} INFO - Sync 1 DAGs
[2025-04-02T08:13:33.752+0000] {logging_mixin.py:190} INFO - [2025-04-02T08:13:33.751+0000] {dag.py:4180} INFO - Setting next_dagrun for example_branch_dop_operator_v3 to 2025-04-02 08:12:00+00:00, run_after=2025-04-02 08:13:00+00:00
[2025-04-02T08:13:33.781+0000] {processor.py:208} INFO - Processing /home/airflow/.local/lib/python3.12/site-packages/airflow/example_dags/example_branch_python_dop_operator_3.py took 0.152 seconds
[2025-04-02T08:14:04.055+0000] {processor.py:186} INFO - Started process (PID=8789) to work on /home/airflow/.local/lib/python3.12/site-packages/airflow/example_dags/example_branch_python_dop_operator_3.py
[2025-04-02T08:14:04.058+0000] {processor.py:914} INFO - Processing file /home/airflow/.local/lib/python3.12/site-packages/airflow/example_dags/example_branch_python_dop_operator_3.py for tasks to queue
[2025-04-02T08:14:04.065+0000] {logging_mixin.py:190} INFO - [2025-04-02T08:14:04.064+0000] {dagbag.py:588} INFO - Filling up the DagBag from /home/airflow/.local/lib/python3.12/site-packages/airflow/example_dags/example_branch_python_dop_operator_3.py
[2025-04-02T08:14:04.092+0000] {processor.py:925} INFO - DAG(s) 'example_branch_dop_operator_v3' retrieved from /home/airflow/.local/lib/python3.12/site-packages/airflow/example_dags/example_branch_python_dop_operator_3.py
[2025-04-02T08:14:04.131+0000] {logging_mixin.py:190} INFO - [2025-04-02T08:14:04.130+0000] {dag.py:3239} INFO - Sync 1 DAGs
[2025-04-02T08:14:04.178+0000] {logging_mixin.py:190} INFO - [2025-04-02T08:14:04.178+0000] {dag.py:4180} INFO - Setting next_dagrun for example_branch_dop_operator_v3 to 2025-04-02 08:13:00+00:00, run_after=2025-04-02 08:14:00+00:00
[2025-04-02T08:14:04.210+0000] {processor.py:208} INFO - Processing /home/airflow/.local/lib/python3.12/site-packages/airflow/example_dags/example_branch_python_dop_operator_3.py took 0.170 seconds
[2025-04-02T08:14:34.690+0000] {processor.py:186} INFO - Started process (PID=8853) to work on /home/airflow/.local/lib/python3.12/site-packages/airflow/example_dags/example_branch_python_dop_operator_3.py
[2025-04-02T08:14:34.692+0000] {processor.py:914} INFO - Processing file /home/airflow/.local/lib/python3.12/site-packages/airflow/example_dags/example_branch_python_dop_operator_3.py for tasks to queue
[2025-04-02T08:14:34.699+0000] {logging_mixin.py:190} INFO - [2025-04-02T08:14:34.699+0000] {dagbag.py:588} INFO - Filling up the DagBag from /home/airflow/.local/lib/python3.12/site-packages/airflow/example_dags/example_branch_python_dop_operator_3.py
[2025-04-02T08:14:34.726+0000] {processor.py:925} INFO - DAG(s) 'example_branch_dop_operator_v3' retrieved from /home/airflow/.local/lib/python3.12/site-packages/airflow/example_dags/example_branch_python_dop_operator_3.py
[2025-04-02T08:14:34.772+0000] {logging_mixin.py:190} INFO - [2025-04-02T08:14:34.771+0000] {dag.py:3239} INFO - Sync 1 DAGs
[2025-04-02T08:14:34.823+0000] {logging_mixin.py:190} INFO - [2025-04-02T08:14:34.822+0000] {dag.py:4180} INFO - Setting next_dagrun for example_branch_dop_operator_v3 to 2025-04-02 08:13:00+00:00, run_after=2025-04-02 08:14:00+00:00
[2025-04-02T08:14:34.854+0000] {processor.py:208} INFO - Processing /home/airflow/.local/lib/python3.12/site-packages/airflow/example_dags/example_branch_python_dop_operator_3.py took 0.178 seconds
[2025-04-02T08:15:05.144+0000] {processor.py:186} INFO - Started process (PID=8917) to work on /home/airflow/.local/lib/python3.12/site-packages/airflow/example_dags/example_branch_python_dop_operator_3.py
[2025-04-02T08:15:05.146+0000] {processor.py:914} INFO - Processing file /home/airflow/.local/lib/python3.12/site-packages/airflow/example_dags/example_branch_python_dop_operator_3.py for tasks to queue
[2025-04-02T08:15:05.154+0000] {logging_mixin.py:190} INFO - [2025-04-02T08:15:05.153+0000] {dagbag.py:588} INFO - Filling up the DagBag from /home/airflow/.local/lib/python3.12/site-packages/airflow/example_dags/example_branch_python_dop_operator_3.py
[2025-04-02T08:15:05.180+0000] {processor.py:925} INFO - DAG(s) 'example_branch_dop_operator_v3' retrieved from /home/airflow/.local/lib/python3.12/site-packages/airflow/example_dags/example_branch_python_dop_operator_3.py
[2025-04-02T08:15:05.220+0000] {logging_mixin.py:190} INFO - [2025-04-02T08:15:05.219+0000] {dag.py:3239} INFO - Sync 1 DAGs
[2025-04-02T08:15:05.285+0000] {logging_mixin.py:190} INFO - [2025-04-02T08:15:05.285+0000] {dag.py:4180} INFO - Setting next_dagrun for example_branch_dop_operator_v3 to 2025-04-02 08:14:00+00:00, run_after=2025-04-02 08:15:00+00:00
[2025-04-02T08:15:05.322+0000] {processor.py:208} INFO - Processing /home/airflow/.local/lib/python3.12/site-packages/airflow/example_dags/example_branch_python_dop_operator_3.py took 0.192 seconds
[2025-04-02T08:15:35.533+0000] {processor.py:186} INFO - Started process (PID=8981) to work on /home/airflow/.local/lib/python3.12/site-packages/airflow/example_dags/example_branch_python_dop_operator_3.py
[2025-04-02T08:15:35.535+0000] {processor.py:914} INFO - Processing file /home/airflow/.local/lib/python3.12/site-packages/airflow/example_dags/example_branch_python_dop_operator_3.py for tasks to queue
[2025-04-02T08:15:35.541+0000] {logging_mixin.py:190} INFO - [2025-04-02T08:15:35.540+0000] {dagbag.py:588} INFO - Filling up the DagBag from /home/airflow/.local/lib/python3.12/site-packages/airflow/example_dags/example_branch_python_dop_operator_3.py
[2025-04-02T08:15:35.561+0000] {processor.py:925} INFO - DAG(s) 'example_branch_dop_operator_v3' retrieved from /home/airflow/.local/lib/python3.12/site-packages/airflow/example_dags/example_branch_python_dop_operator_3.py
[2025-04-02T08:15:35.600+0000] {logging_mixin.py:190} INFO - [2025-04-02T08:15:35.599+0000] {dag.py:3239} INFO - Sync 1 DAGs
[2025-04-02T08:15:35.654+0000] {logging_mixin.py:190} INFO - [2025-04-02T08:15:35.653+0000] {dag.py:4180} INFO - Setting next_dagrun for example_branch_dop_operator_v3 to 2025-04-02 08:14:00+00:00, run_after=2025-04-02 08:15:00+00:00
[2025-04-02T08:15:35.686+0000] {processor.py:208} INFO - Processing /home/airflow/.local/lib/python3.12/site-packages/airflow/example_dags/example_branch_python_dop_operator_3.py took 0.165 seconds
[2025-04-02T08:16:05.807+0000] {processor.py:186} INFO - Started process (PID=9045) to work on /home/airflow/.local/lib/python3.12/site-packages/airflow/example_dags/example_branch_python_dop_operator_3.py
[2025-04-02T08:16:05.809+0000] {processor.py:914} INFO - Processing file /home/airflow/.local/lib/python3.12/site-packages/airflow/example_dags/example_branch_python_dop_operator_3.py for tasks to queue
[2025-04-02T08:16:05.816+0000] {logging_mixin.py:190} INFO - [2025-04-02T08:16:05.814+0000] {dagbag.py:588} INFO - Filling up the DagBag from /home/airflow/.local/lib/python3.12/site-packages/airflow/example_dags/example_branch_python_dop_operator_3.py
[2025-04-02T08:16:05.843+0000] {processor.py:925} INFO - DAG(s) 'example_branch_dop_operator_v3' retrieved from /home/airflow/.local/lib/python3.12/site-packages/airflow/example_dags/example_branch_python_dop_operator_3.py
[2025-04-02T08:16:05.896+0000] {logging_mixin.py:190} INFO - [2025-04-02T08:16:05.894+0000] {dag.py:3239} INFO - Sync 1 DAGs
[2025-04-02T08:16:05.964+0000] {logging_mixin.py:190} INFO - [2025-04-02T08:16:05.963+0000] {dag.py:4180} INFO - Setting next_dagrun for example_branch_dop_operator_v3 to 2025-04-02 08:15:00+00:00, run_after=2025-04-02 08:16:00+00:00
[2025-04-02T08:16:06.011+0000] {processor.py:208} INFO - Processing /home/airflow/.local/lib/python3.12/site-packages/airflow/example_dags/example_branch_python_dop_operator_3.py took 0.219 seconds
[2025-04-02T08:16:36.129+0000] {processor.py:186} INFO - Started process (PID=9109) to work on /home/airflow/.local/lib/python3.12/site-packages/airflow/example_dags/example_branch_python_dop_operator_3.py
[2025-04-02T08:16:36.131+0000] {processor.py:914} INFO - Processing file /home/airflow/.local/lib/python3.12/site-packages/airflow/example_dags/example_branch_python_dop_operator_3.py for tasks to queue
[2025-04-02T08:16:36.136+0000] {logging_mixin.py:190} INFO - [2025-04-02T08:16:36.136+0000] {dagbag.py:588} INFO - Filling up the DagBag from /home/airflow/.local/lib/python3.12/site-packages/airflow/example_dags/example_branch_python_dop_operator_3.py
[2025-04-02T08:16:36.156+0000] {processor.py:925} INFO - DAG(s) 'example_branch_dop_operator_v3' retrieved from /home/airflow/.local/lib/python3.12/site-packages/airflow/example_dags/example_branch_python_dop_operator_3.py
[2025-04-02T08:16:36.196+0000] {logging_mixin.py:190} INFO - [2025-04-02T08:16:36.195+0000] {dag.py:3239} INFO - Sync 1 DAGs
[2025-04-02T08:16:36.245+0000] {logging_mixin.py:190} INFO - [2025-04-02T08:16:36.244+0000] {dag.py:4180} INFO - Setting next_dagrun for example_branch_dop_operator_v3 to 2025-04-02 08:15:00+00:00, run_after=2025-04-02 08:16:00+00:00
[2025-04-02T08:16:36.274+0000] {processor.py:208} INFO - Processing /home/airflow/.local/lib/python3.12/site-packages/airflow/example_dags/example_branch_python_dop_operator_3.py took 0.156 seconds
[2025-04-02T08:17:06.539+0000] {processor.py:186} INFO - Started process (PID=9173) to work on /home/airflow/.local/lib/python3.12/site-packages/airflow/example_dags/example_branch_python_dop_operator_3.py
[2025-04-02T08:17:06.541+0000] {processor.py:914} INFO - Processing file /home/airflow/.local/lib/python3.12/site-packages/airflow/example_dags/example_branch_python_dop_operator_3.py for tasks to queue
[2025-04-02T08:17:06.546+0000] {logging_mixin.py:190} INFO - [2025-04-02T08:17:06.546+0000] {dagbag.py:588} INFO - Filling up the DagBag from /home/airflow/.local/lib/python3.12/site-packages/airflow/example_dags/example_branch_python_dop_operator_3.py
[2025-04-02T08:17:06.566+0000] {processor.py:925} INFO - DAG(s) 'example_branch_dop_operator_v3' retrieved from /home/airflow/.local/lib/python3.12/site-packages/airflow/example_dags/example_branch_python_dop_operator_3.py
[2025-04-02T08:17:06.603+0000] {logging_mixin.py:190} INFO - [2025-04-02T08:17:06.602+0000] {dag.py:3239} INFO - Sync 1 DAGs
[2025-04-02T08:17:06.648+0000] {logging_mixin.py:190} INFO - [2025-04-02T08:17:06.648+0000] {dag.py:4180} INFO - Setting next_dagrun for example_branch_dop_operator_v3 to 2025-04-02 08:16:00+00:00, run_after=2025-04-02 08:17:00+00:00
[2025-04-02T08:17:06.679+0000] {processor.py:208} INFO - Processing /home/airflow/.local/lib/python3.12/site-packages/airflow/example_dags/example_branch_python_dop_operator_3.py took 0.152 seconds
[2025-04-02T08:17:37.106+0000] {processor.py:186} INFO - Started process (PID=9237) to work on /home/airflow/.local/lib/python3.12/site-packages/airflow/example_dags/example_branch_python_dop_operator_3.py
[2025-04-02T08:17:37.109+0000] {processor.py:914} INFO - Processing file /home/airflow/.local/lib/python3.12/site-packages/airflow/example_dags/example_branch_python_dop_operator_3.py for tasks to queue
[2025-04-02T08:17:37.114+0000] {logging_mixin.py:190} INFO - [2025-04-02T08:17:37.113+0000] {dagbag.py:588} INFO - Filling up the DagBag from /home/airflow/.local/lib/python3.12/site-packages/airflow/example_dags/example_branch_python_dop_operator_3.py
[2025-04-02T08:17:37.133+0000] {processor.py:925} INFO - DAG(s) 'example_branch_dop_operator_v3' retrieved from /home/airflow/.local/lib/python3.12/site-packages/airflow/example_dags/example_branch_python_dop_operator_3.py
[2025-04-02T08:17:37.171+0000] {logging_mixin.py:190} INFO - [2025-04-02T08:17:37.170+0000] {dag.py:3239} INFO - Sync 1 DAGs
[2025-04-02T08:17:37.219+0000] {logging_mixin.py:190} INFO - [2025-04-02T08:17:37.219+0000] {dag.py:4180} INFO - Setting next_dagrun for example_branch_dop_operator_v3 to 2025-04-02 08:16:00+00:00, run_after=2025-04-02 08:17:00+00:00
[2025-04-02T08:17:37.253+0000] {processor.py:208} INFO - Processing /home/airflow/.local/lib/python3.12/site-packages/airflow/example_dags/example_branch_python_dop_operator_3.py took 0.158 seconds
[2025-04-02T08:18:07.623+0000] {processor.py:186} INFO - Started process (PID=9301) to work on /home/airflow/.local/lib/python3.12/site-packages/airflow/example_dags/example_branch_python_dop_operator_3.py
[2025-04-02T08:18:07.625+0000] {processor.py:914} INFO - Processing file /home/airflow/.local/lib/python3.12/site-packages/airflow/example_dags/example_branch_python_dop_operator_3.py for tasks to queue
[2025-04-02T08:18:07.631+0000] {logging_mixin.py:190} INFO - [2025-04-02T08:18:07.631+0000] {dagbag.py:588} INFO - Filling up the DagBag from /home/airflow/.local/lib/python3.12/site-packages/airflow/example_dags/example_branch_python_dop_operator_3.py
[2025-04-02T08:18:07.659+0000] {processor.py:925} INFO - DAG(s) 'example_branch_dop_operator_v3' retrieved from /home/airflow/.local/lib/python3.12/site-packages/airflow/example_dags/example_branch_python_dop_operator_3.py
[2025-04-02T08:18:07.706+0000] {logging_mixin.py:190} INFO - [2025-04-02T08:18:07.705+0000] {dag.py:3239} INFO - Sync 1 DAGs
[2025-04-02T08:18:07.777+0000] {logging_mixin.py:190} INFO - [2025-04-02T08:18:07.777+0000] {dag.py:4180} INFO - Setting next_dagrun for example_branch_dop_operator_v3 to 2025-04-02 08:17:00+00:00, run_after=2025-04-02 08:18:00+00:00
[2025-04-02T08:18:07.808+0000] {processor.py:208} INFO - Processing /home/airflow/.local/lib/python3.12/site-packages/airflow/example_dags/example_branch_python_dop_operator_3.py took 0.196 seconds
[2025-04-02T08:18:38.104+0000] {processor.py:186} INFO - Started process (PID=9365) to work on /home/airflow/.local/lib/python3.12/site-packages/airflow/example_dags/example_branch_python_dop_operator_3.py
[2025-04-02T08:18:38.106+0000] {processor.py:914} INFO - Processing file /home/airflow/.local/lib/python3.12/site-packages/airflow/example_dags/example_branch_python_dop_operator_3.py for tasks to queue
[2025-04-02T08:18:38.113+0000] {logging_mixin.py:190} INFO - [2025-04-02T08:18:38.112+0000] {dagbag.py:588} INFO - Filling up the DagBag from /home/airflow/.local/lib/python3.12/site-packages/airflow/example_dags/example_branch_python_dop_operator_3.py
[2025-04-02T08:18:38.140+0000] {processor.py:925} INFO - DAG(s) 'example_branch_dop_operator_v3' retrieved from /home/airflow/.local/lib/python3.12/site-packages/airflow/example_dags/example_branch_python_dop_operator_3.py
[2025-04-02T08:18:38.180+0000] {logging_mixin.py:190} INFO - [2025-04-02T08:18:38.179+0000] {dag.py:3239} INFO - Sync 1 DAGs
[2025-04-02T08:18:38.251+0000] {logging_mixin.py:190} INFO - [2025-04-02T08:18:38.250+0000] {dag.py:4180} INFO - Setting next_dagrun for example_branch_dop_operator_v3 to 2025-04-02 08:17:00+00:00, run_after=2025-04-02 08:18:00+00:00
[2025-04-02T08:18:38.287+0000] {processor.py:208} INFO - Processing /home/airflow/.local/lib/python3.12/site-packages/airflow/example_dags/example_branch_python_dop_operator_3.py took 0.194 seconds
[2025-04-02T08:19:08.522+0000] {processor.py:186} INFO - Started process (PID=9429) to work on /home/airflow/.local/lib/python3.12/site-packages/airflow/example_dags/example_branch_python_dop_operator_3.py
[2025-04-02T08:19:08.524+0000] {processor.py:914} INFO - Processing file /home/airflow/.local/lib/python3.12/site-packages/airflow/example_dags/example_branch_python_dop_operator_3.py for tasks to queue
[2025-04-02T08:19:08.529+0000] {logging_mixin.py:190} INFO - [2025-04-02T08:19:08.528+0000] {dagbag.py:588} INFO - Filling up the DagBag from /home/airflow/.local/lib/python3.12/site-packages/airflow/example_dags/example_branch_python_dop_operator_3.py
[2025-04-02T08:19:08.548+0000] {processor.py:925} INFO - DAG(s) 'example_branch_dop_operator_v3' retrieved from /home/airflow/.local/lib/python3.12/site-packages/airflow/example_dags/example_branch_python_dop_operator_3.py
[2025-04-02T08:19:08.583+0000] {logging_mixin.py:190} INFO - [2025-04-02T08:19:08.582+0000] {dag.py:3239} INFO - Sync 1 DAGs
[2025-04-02T08:19:08.632+0000] {logging_mixin.py:190} INFO - [2025-04-02T08:19:08.631+0000] {dag.py:4180} INFO - Setting next_dagrun for example_branch_dop_operator_v3 to 2025-04-02 08:18:00+00:00, run_after=2025-04-02 08:19:00+00:00
[2025-04-02T08:19:08.664+0000] {processor.py:208} INFO - Processing /home/airflow/.local/lib/python3.12/site-packages/airflow/example_dags/example_branch_python_dop_operator_3.py took 0.152 seconds
[2025-04-02T08:19:39.009+0000] {processor.py:186} INFO - Started process (PID=9493) to work on /home/airflow/.local/lib/python3.12/site-packages/airflow/example_dags/example_branch_python_dop_operator_3.py
[2025-04-02T08:19:39.011+0000] {processor.py:914} INFO - Processing file /home/airflow/.local/lib/python3.12/site-packages/airflow/example_dags/example_branch_python_dop_operator_3.py for tasks to queue
[2025-04-02T08:19:39.016+0000] {logging_mixin.py:190} INFO - [2025-04-02T08:19:39.015+0000] {dagbag.py:588} INFO - Filling up the DagBag from /home/airflow/.local/lib/python3.12/site-packages/airflow/example_dags/example_branch_python_dop_operator_3.py
[2025-04-02T08:19:39.036+0000] {processor.py:925} INFO - DAG(s) 'example_branch_dop_operator_v3' retrieved from /home/airflow/.local/lib/python3.12/site-packages/airflow/example_dags/example_branch_python_dop_operator_3.py
[2025-04-02T08:19:39.076+0000] {logging_mixin.py:190} INFO - [2025-04-02T08:19:39.075+0000] {dag.py:3239} INFO - Sync 1 DAGs
[2025-04-02T08:19:39.132+0000] {logging_mixin.py:190} INFO - [2025-04-02T08:19:39.131+0000] {dag.py:4180} INFO - Setting next_dagrun for example_branch_dop_operator_v3 to 2025-04-02 08:18:00+00:00, run_after=2025-04-02 08:19:00+00:00
[2025-04-02T08:19:39.161+0000] {processor.py:208} INFO - Processing /home/airflow/.local/lib/python3.12/site-packages/airflow/example_dags/example_branch_python_dop_operator_3.py took 0.163 seconds
[2025-04-02T08:20:09.302+0000] {processor.py:186} INFO - Started process (PID=9557) to work on /home/airflow/.local/lib/python3.12/site-packages/airflow/example_dags/example_branch_python_dop_operator_3.py
[2025-04-02T08:20:09.303+0000] {processor.py:914} INFO - Processing file /home/airflow/.local/lib/python3.12/site-packages/airflow/example_dags/example_branch_python_dop_operator_3.py for tasks to queue
[2025-04-02T08:20:09.310+0000] {logging_mixin.py:190} INFO - [2025-04-02T08:20:09.308+0000] {dagbag.py:588} INFO - Filling up the DagBag from /home/airflow/.local/lib/python3.12/site-packages/airflow/example_dags/example_branch_python_dop_operator_3.py
[2025-04-02T08:20:09.329+0000] {processor.py:925} INFO - DAG(s) 'example_branch_dop_operator_v3' retrieved from /home/airflow/.local/lib/python3.12/site-packages/airflow/example_dags/example_branch_python_dop_operator_3.py
[2025-04-02T08:20:09.364+0000] {logging_mixin.py:190} INFO - [2025-04-02T08:20:09.363+0000] {dag.py:3239} INFO - Sync 1 DAGs
[2025-04-02T08:20:09.407+0000] {logging_mixin.py:190} INFO - [2025-04-02T08:20:09.406+0000] {dag.py:4180} INFO - Setting next_dagrun for example_branch_dop_operator_v3 to 2025-04-02 08:19:00+00:00, run_after=2025-04-02 08:20:00+00:00
[2025-04-02T08:20:09.436+0000] {processor.py:208} INFO - Processing /home/airflow/.local/lib/python3.12/site-packages/airflow/example_dags/example_branch_python_dop_operator_3.py took 0.145 seconds
[2025-04-02T08:20:39.789+0000] {processor.py:186} INFO - Started process (PID=9621) to work on /home/airflow/.local/lib/python3.12/site-packages/airflow/example_dags/example_branch_python_dop_operator_3.py
[2025-04-02T08:20:39.796+0000] {processor.py:914} INFO - Processing file /home/airflow/.local/lib/python3.12/site-packages/airflow/example_dags/example_branch_python_dop_operator_3.py for tasks to queue
[2025-04-02T08:20:39.818+0000] {logging_mixin.py:190} INFO - [2025-04-02T08:20:39.810+0000] {dagbag.py:588} INFO - Filling up the DagBag from /home/airflow/.local/lib/python3.12/site-packages/airflow/example_dags/example_branch_python_dop_operator_3.py
[2025-04-02T08:20:39.905+0000] {processor.py:925} INFO - DAG(s) 'example_branch_dop_operator_v3' retrieved from /home/airflow/.local/lib/python3.12/site-packages/airflow/example_dags/example_branch_python_dop_operator_3.py
[2025-04-02T08:20:40.006+0000] {logging_mixin.py:190} INFO - [2025-04-02T08:20:40.003+0000] {dag.py:3239} INFO - Sync 1 DAGs
[2025-04-02T08:20:40.128+0000] {logging_mixin.py:190} INFO - [2025-04-02T08:20:40.127+0000] {dag.py:4180} INFO - Setting next_dagrun for example_branch_dop_operator_v3 to 2025-04-02 08:19:00+00:00, run_after=2025-04-02 08:20:00+00:00
[2025-04-02T08:20:40.218+0000] {processor.py:208} INFO - Processing /home/airflow/.local/lib/python3.12/site-packages/airflow/example_dags/example_branch_python_dop_operator_3.py took 0.475 seconds
[2025-04-02T08:21:10.655+0000] {processor.py:186} INFO - Started process (PID=9685) to work on /home/airflow/.local/lib/python3.12/site-packages/airflow/example_dags/example_branch_python_dop_operator_3.py
[2025-04-02T08:21:10.656+0000] {processor.py:914} INFO - Processing file /home/airflow/.local/lib/python3.12/site-packages/airflow/example_dags/example_branch_python_dop_operator_3.py for tasks to queue
[2025-04-02T08:21:10.661+0000] {logging_mixin.py:190} INFO - [2025-04-02T08:21:10.661+0000] {dagbag.py:588} INFO - Filling up the DagBag from /home/airflow/.local/lib/python3.12/site-packages/airflow/example_dags/example_branch_python_dop_operator_3.py
[2025-04-02T08:21:10.680+0000] {processor.py:925} INFO - DAG(s) 'example_branch_dop_operator_v3' retrieved from /home/airflow/.local/lib/python3.12/site-packages/airflow/example_dags/example_branch_python_dop_operator_3.py
[2025-04-02T08:21:10.719+0000] {logging_mixin.py:190} INFO - [2025-04-02T08:21:10.718+0000] {dag.py:3239} INFO - Sync 1 DAGs
[2025-04-02T08:21:10.765+0000] {logging_mixin.py:190} INFO - [2025-04-02T08:21:10.764+0000] {dag.py:4180} INFO - Setting next_dagrun for example_branch_dop_operator_v3 to 2025-04-02 08:20:00+00:00, run_after=2025-04-02 08:21:00+00:00
[2025-04-02T08:21:10.793+0000] {processor.py:208} INFO - Processing /home/airflow/.local/lib/python3.12/site-packages/airflow/example_dags/example_branch_python_dop_operator_3.py took 0.149 seconds
[2025-04-02T08:21:41.677+0000] {processor.py:186} INFO - Started process (PID=9749) to work on /home/airflow/.local/lib/python3.12/site-packages/airflow/example_dags/example_branch_python_dop_operator_3.py
[2025-04-02T08:21:41.679+0000] {processor.py:914} INFO - Processing file /home/airflow/.local/lib/python3.12/site-packages/airflow/example_dags/example_branch_python_dop_operator_3.py for tasks to queue
[2025-04-02T08:21:41.684+0000] {logging_mixin.py:190} INFO - [2025-04-02T08:21:41.684+0000] {dagbag.py:588} INFO - Filling up the DagBag from /home/airflow/.local/lib/python3.12/site-packages/airflow/example_dags/example_branch_python_dop_operator_3.py
[2025-04-02T08:21:41.703+0000] {processor.py:925} INFO - DAG(s) 'example_branch_dop_operator_v3' retrieved from /home/airflow/.local/lib/python3.12/site-packages/airflow/example_dags/example_branch_python_dop_operator_3.py
[2025-04-02T08:21:41.746+0000] {logging_mixin.py:190} INFO - [2025-04-02T08:21:41.745+0000] {dag.py:3239} INFO - Sync 1 DAGs
[2025-04-02T08:21:41.790+0000] {logging_mixin.py:190} INFO - [2025-04-02T08:21:41.789+0000] {dag.py:4180} INFO - Setting next_dagrun for example_branch_dop_operator_v3 to 2025-04-02 08:20:00+00:00, run_after=2025-04-02 08:21:00+00:00
[2025-04-02T08:21:41.821+0000] {processor.py:208} INFO - Processing /home/airflow/.local/lib/python3.12/site-packages/airflow/example_dags/example_branch_python_dop_operator_3.py took 0.157 seconds
[2025-04-02T08:22:12.692+0000] {processor.py:186} INFO - Started process (PID=9813) to work on /home/airflow/.local/lib/python3.12/site-packages/airflow/example_dags/example_branch_python_dop_operator_3.py
[2025-04-02T08:22:12.694+0000] {processor.py:914} INFO - Processing file /home/airflow/.local/lib/python3.12/site-packages/airflow/example_dags/example_branch_python_dop_operator_3.py for tasks to queue
[2025-04-02T08:22:12.701+0000] {logging_mixin.py:190} INFO - [2025-04-02T08:22:12.700+0000] {dagbag.py:588} INFO - Filling up the DagBag from /home/airflow/.local/lib/python3.12/site-packages/airflow/example_dags/example_branch_python_dop_operator_3.py
[2025-04-02T08:22:12.728+0000] {processor.py:925} INFO - DAG(s) 'example_branch_dop_operator_v3' retrieved from /home/airflow/.local/lib/python3.12/site-packages/airflow/example_dags/example_branch_python_dop_operator_3.py
[2025-04-02T08:22:12.777+0000] {logging_mixin.py:190} INFO - [2025-04-02T08:22:12.776+0000] {dag.py:3239} INFO - Sync 1 DAGs
[2025-04-02T08:22:12.844+0000] {logging_mixin.py:190} INFO - [2025-04-02T08:22:12.843+0000] {dag.py:4180} INFO - Setting next_dagrun for example_branch_dop_operator_v3 to 2025-04-02 08:21:00+00:00, run_after=2025-04-02 08:22:00+00:00
[2025-04-02T08:22:12.881+0000] {processor.py:208} INFO - Processing /home/airflow/.local/lib/python3.12/site-packages/airflow/example_dags/example_branch_python_dop_operator_3.py took 0.205 seconds
[2025-04-02T08:22:43.136+0000] {processor.py:186} INFO - Started process (PID=9877) to work on /home/airflow/.local/lib/python3.12/site-packages/airflow/example_dags/example_branch_python_dop_operator_3.py
[2025-04-02T08:22:43.139+0000] {processor.py:914} INFO - Processing file /home/airflow/.local/lib/python3.12/site-packages/airflow/example_dags/example_branch_python_dop_operator_3.py for tasks to queue
[2025-04-02T08:22:43.145+0000] {logging_mixin.py:190} INFO - [2025-04-02T08:22:43.143+0000] {dagbag.py:588} INFO - Filling up the DagBag from /home/airflow/.local/lib/python3.12/site-packages/airflow/example_dags/example_branch_python_dop_operator_3.py
[2025-04-02T08:22:43.164+0000] {processor.py:925} INFO - DAG(s) 'example_branch_dop_operator_v3' retrieved from /home/airflow/.local/lib/python3.12/site-packages/airflow/example_dags/example_branch_python_dop_operator_3.py
[2025-04-02T08:22:43.201+0000] {logging_mixin.py:190} INFO - [2025-04-02T08:22:43.199+0000] {dag.py:3239} INFO - Sync 1 DAGs
[2025-04-02T08:22:43.249+0000] {logging_mixin.py:190} INFO - [2025-04-02T08:22:43.249+0000] {dag.py:4180} INFO - Setting next_dagrun for example_branch_dop_operator_v3 to 2025-04-02 08:21:00+00:00, run_after=2025-04-02 08:22:00+00:00
[2025-04-02T08:22:43.278+0000] {processor.py:208} INFO - Processing /home/airflow/.local/lib/python3.12/site-packages/airflow/example_dags/example_branch_python_dop_operator_3.py took 0.152 seconds
[2025-04-02T08:23:14.107+0000] {processor.py:186} INFO - Started process (PID=9941) to work on /home/airflow/.local/lib/python3.12/site-packages/airflow/example_dags/example_branch_python_dop_operator_3.py
[2025-04-02T08:23:14.109+0000] {processor.py:914} INFO - Processing file /home/airflow/.local/lib/python3.12/site-packages/airflow/example_dags/example_branch_python_dop_operator_3.py for tasks to queue
[2025-04-02T08:23:14.115+0000] {logging_mixin.py:190} INFO - [2025-04-02T08:23:14.114+0000] {dagbag.py:588} INFO - Filling up the DagBag from /home/airflow/.local/lib/python3.12/site-packages/airflow/example_dags/example_branch_python_dop_operator_3.py
[2025-04-02T08:23:14.137+0000] {processor.py:925} INFO - DAG(s) 'example_branch_dop_operator_v3' retrieved from /home/airflow/.local/lib/python3.12/site-packages/airflow/example_dags/example_branch_python_dop_operator_3.py
[2025-04-02T08:23:14.171+0000] {logging_mixin.py:190} INFO - [2025-04-02T08:23:14.169+0000] {dag.py:3239} INFO - Sync 1 DAGs
[2025-04-02T08:23:14.213+0000] {logging_mixin.py:190} INFO - [2025-04-02T08:23:14.213+0000] {dag.py:4180} INFO - Setting next_dagrun for example_branch_dop_operator_v3 to 2025-04-02 08:22:00+00:00, run_after=2025-04-02 08:23:00+00:00
[2025-04-02T08:23:14.246+0000] {processor.py:208} INFO - Processing /home/airflow/.local/lib/python3.12/site-packages/airflow/example_dags/example_branch_python_dop_operator_3.py took 0.150 seconds
