[2025-04-02T07:56:24.348+0000] {processor.py:186} INFO - Started process (PID=6383) to work on /home/airflow/.local/lib/python3.12/site-packages/airflow/example_dags/tutorial_taskflow_api.py
[2025-04-02T07:56:24.349+0000] {processor.py:914} INFO - Processing file /home/airflow/.local/lib/python3.12/site-packages/airflow/example_dags/tutorial_taskflow_api.py for tasks to queue
[2025-04-02T07:56:24.359+0000] {logging_mixin.py:190} INFO - [2025-04-02T07:56:24.358+0000] {dagbag.py:588} INFO - Filling up the DagBag from /home/airflow/.local/lib/python3.12/site-packages/airflow/example_dags/tutorial_taskflow_api.py
[2025-04-02T07:56:24.401+0000] {processor.py:925} INFO - DAG(s) 'tutorial_taskflow_api' retrieved from /home/airflow/.local/lib/python3.12/site-packages/airflow/example_dags/tutorial_taskflow_api.py
[2025-04-02T07:56:24.493+0000] {logging_mixin.py:190} INFO - [2025-04-02T07:56:24.492+0000] {dag.py:3239} INFO - Sync 1 DAGs
[2025-04-02T07:56:24.579+0000] {logging_mixin.py:190} INFO - [2025-04-02T07:56:24.578+0000] {dag.py:4180} INFO - Setting next_dagrun for tutorial_taskflow_api to None, run_after=None
[2025-04-02T07:56:24.754+0000] {processor.py:208} INFO - Processing /home/airflow/.local/lib/python3.12/site-packages/airflow/example_dags/tutorial_taskflow_api.py took 0.432 seconds
[2025-04-02T07:56:55.081+0000] {processor.py:186} INFO - Started process (PID=6457) to work on /home/airflow/.local/lib/python3.12/site-packages/airflow/example_dags/tutorial_taskflow_api.py
[2025-04-02T07:56:55.085+0000] {processor.py:914} INFO - Processing file /home/airflow/.local/lib/python3.12/site-packages/airflow/example_dags/tutorial_taskflow_api.py for tasks to queue
[2025-04-02T07:56:55.098+0000] {logging_mixin.py:190} INFO - [2025-04-02T07:56:55.097+0000] {dagbag.py:588} INFO - Filling up the DagBag from /home/airflow/.local/lib/python3.12/site-packages/airflow/example_dags/tutorial_taskflow_api.py
[2025-04-02T07:56:55.145+0000] {processor.py:925} INFO - DAG(s) 'tutorial_taskflow_api' retrieved from /home/airflow/.local/lib/python3.12/site-packages/airflow/example_dags/tutorial_taskflow_api.py
[2025-04-02T07:56:55.197+0000] {logging_mixin.py:190} INFO - [2025-04-02T07:56:55.196+0000] {dag.py:3239} INFO - Sync 1 DAGs
[2025-04-02T07:56:55.241+0000] {logging_mixin.py:190} INFO - [2025-04-02T07:56:55.240+0000] {dag.py:4180} INFO - Setting next_dagrun for tutorial_taskflow_api to None, run_after=None
[2025-04-02T07:56:55.294+0000] {processor.py:208} INFO - Processing /home/airflow/.local/lib/python3.12/site-packages/airflow/example_dags/tutorial_taskflow_api.py took 0.263 seconds
[2025-04-02T07:57:25.814+0000] {processor.py:186} INFO - Started process (PID=6520) to work on /home/airflow/.local/lib/python3.12/site-packages/airflow/example_dags/tutorial_taskflow_api.py
[2025-04-02T07:57:25.821+0000] {processor.py:914} INFO - Processing file /home/airflow/.local/lib/python3.12/site-packages/airflow/example_dags/tutorial_taskflow_api.py for tasks to queue
[2025-04-02T07:57:25.840+0000] {logging_mixin.py:190} INFO - [2025-04-02T07:57:25.840+0000] {dagbag.py:588} INFO - Filling up the DagBag from /home/airflow/.local/lib/python3.12/site-packages/airflow/example_dags/tutorial_taskflow_api.py
[2025-04-02T07:57:25.899+0000] {processor.py:925} INFO - DAG(s) 'tutorial_taskflow_api' retrieved from /home/airflow/.local/lib/python3.12/site-packages/airflow/example_dags/tutorial_taskflow_api.py
[2025-04-02T07:57:26.003+0000] {logging_mixin.py:190} INFO - [2025-04-02T07:57:26.001+0000] {dag.py:3239} INFO - Sync 1 DAGs
[2025-04-02T07:57:26.079+0000] {logging_mixin.py:190} INFO - [2025-04-02T07:57:26.078+0000] {dag.py:4180} INFO - Setting next_dagrun for tutorial_taskflow_api to None, run_after=None
[2025-04-02T07:57:26.140+0000] {processor.py:208} INFO - Processing /home/airflow/.local/lib/python3.12/site-packages/airflow/example_dags/tutorial_taskflow_api.py took 0.373 seconds
[2025-04-02T07:57:56.241+0000] {processor.py:186} INFO - Started process (PID=6598) to work on /home/airflow/.local/lib/python3.12/site-packages/airflow/example_dags/tutorial_taskflow_api.py
[2025-04-02T07:57:56.245+0000] {processor.py:914} INFO - Processing file /home/airflow/.local/lib/python3.12/site-packages/airflow/example_dags/tutorial_taskflow_api.py for tasks to queue
[2025-04-02T07:57:56.251+0000] {logging_mixin.py:190} INFO - [2025-04-02T07:57:56.251+0000] {dagbag.py:588} INFO - Filling up the DagBag from /home/airflow/.local/lib/python3.12/site-packages/airflow/example_dags/tutorial_taskflow_api.py
[2025-04-02T07:57:56.275+0000] {processor.py:925} INFO - DAG(s) 'tutorial_taskflow_api' retrieved from /home/airflow/.local/lib/python3.12/site-packages/airflow/example_dags/tutorial_taskflow_api.py
[2025-04-02T07:57:56.344+0000] {logging_mixin.py:190} INFO - [2025-04-02T07:57:56.343+0000] {dag.py:3239} INFO - Sync 1 DAGs
[2025-04-02T07:57:56.401+0000] {logging_mixin.py:190} INFO - [2025-04-02T07:57:56.401+0000] {dag.py:4180} INFO - Setting next_dagrun for tutorial_taskflow_api to None, run_after=None
[2025-04-02T07:57:56.466+0000] {processor.py:208} INFO - Processing /home/airflow/.local/lib/python3.12/site-packages/airflow/example_dags/tutorial_taskflow_api.py took 0.243 seconds
[2025-04-02T07:58:27.638+0000] {processor.py:186} INFO - Started process (PID=6662) to work on /home/airflow/.local/lib/python3.12/site-packages/airflow/example_dags/tutorial_taskflow_api.py
[2025-04-02T07:58:27.641+0000] {processor.py:914} INFO - Processing file /home/airflow/.local/lib/python3.12/site-packages/airflow/example_dags/tutorial_taskflow_api.py for tasks to queue
[2025-04-02T07:58:27.659+0000] {logging_mixin.py:190} INFO - [2025-04-02T07:58:27.658+0000] {dagbag.py:588} INFO - Filling up the DagBag from /home/airflow/.local/lib/python3.12/site-packages/airflow/example_dags/tutorial_taskflow_api.py
[2025-04-02T07:58:27.699+0000] {processor.py:925} INFO - DAG(s) 'tutorial_taskflow_api' retrieved from /home/airflow/.local/lib/python3.12/site-packages/airflow/example_dags/tutorial_taskflow_api.py
[2025-04-02T07:58:27.772+0000] {logging_mixin.py:190} INFO - [2025-04-02T07:58:27.771+0000] {dag.py:3239} INFO - Sync 1 DAGs
[2025-04-02T07:58:27.818+0000] {logging_mixin.py:190} INFO - [2025-04-02T07:58:27.818+0000] {dag.py:4180} INFO - Setting next_dagrun for tutorial_taskflow_api to None, run_after=None
[2025-04-02T07:58:27.869+0000] {processor.py:208} INFO - Processing /home/airflow/.local/lib/python3.12/site-packages/airflow/example_dags/tutorial_taskflow_api.py took 0.264 seconds
[2025-04-02T07:58:59.089+0000] {processor.py:186} INFO - Started process (PID=6740) to work on /home/airflow/.local/lib/python3.12/site-packages/airflow/example_dags/tutorial_taskflow_api.py
[2025-04-02T07:58:59.093+0000] {processor.py:914} INFO - Processing file /home/airflow/.local/lib/python3.12/site-packages/airflow/example_dags/tutorial_taskflow_api.py for tasks to queue
[2025-04-02T07:58:59.100+0000] {logging_mixin.py:190} INFO - [2025-04-02T07:58:59.099+0000] {dagbag.py:588} INFO - Filling up the DagBag from /home/airflow/.local/lib/python3.12/site-packages/airflow/example_dags/tutorial_taskflow_api.py
[2025-04-02T07:58:59.132+0000] {processor.py:925} INFO - DAG(s) 'tutorial_taskflow_api' retrieved from /home/airflow/.local/lib/python3.12/site-packages/airflow/example_dags/tutorial_taskflow_api.py
[2025-04-02T07:58:59.210+0000] {logging_mixin.py:190} INFO - [2025-04-02T07:58:59.209+0000] {dag.py:3239} INFO - Sync 1 DAGs
[2025-04-02T07:58:59.297+0000] {logging_mixin.py:190} INFO - [2025-04-02T07:58:59.296+0000] {dag.py:4180} INFO - Setting next_dagrun for tutorial_taskflow_api to None, run_after=None
[2025-04-02T07:58:59.389+0000] {processor.py:208} INFO - Processing /home/airflow/.local/lib/python3.12/site-packages/airflow/example_dags/tutorial_taskflow_api.py took 0.327 seconds
[2025-04-02T07:59:30.194+0000] {processor.py:186} INFO - Started process (PID=6804) to work on /home/airflow/.local/lib/python3.12/site-packages/airflow/example_dags/tutorial_taskflow_api.py
[2025-04-02T07:59:30.196+0000] {processor.py:914} INFO - Processing file /home/airflow/.local/lib/python3.12/site-packages/airflow/example_dags/tutorial_taskflow_api.py for tasks to queue
[2025-04-02T07:59:30.203+0000] {logging_mixin.py:190} INFO - [2025-04-02T07:59:30.203+0000] {dagbag.py:588} INFO - Filling up the DagBag from /home/airflow/.local/lib/python3.12/site-packages/airflow/example_dags/tutorial_taskflow_api.py
[2025-04-02T07:59:30.242+0000] {processor.py:925} INFO - DAG(s) 'tutorial_taskflow_api' retrieved from /home/airflow/.local/lib/python3.12/site-packages/airflow/example_dags/tutorial_taskflow_api.py
[2025-04-02T07:59:30.292+0000] {logging_mixin.py:190} INFO - [2025-04-02T07:59:30.291+0000] {dag.py:3239} INFO - Sync 1 DAGs
[2025-04-02T07:59:30.326+0000] {logging_mixin.py:190} INFO - [2025-04-02T07:59:30.326+0000] {dag.py:4180} INFO - Setting next_dagrun for tutorial_taskflow_api to None, run_after=None
[2025-04-02T07:59:30.369+0000] {processor.py:208} INFO - Processing /home/airflow/.local/lib/python3.12/site-packages/airflow/example_dags/tutorial_taskflow_api.py took 0.210 seconds
[2025-04-02T08:00:00.531+0000] {processor.py:186} INFO - Started process (PID=6891) to work on /home/airflow/.local/lib/python3.12/site-packages/airflow/example_dags/tutorial_taskflow_api.py
[2025-04-02T08:00:00.534+0000] {processor.py:914} INFO - Processing file /home/airflow/.local/lib/python3.12/site-packages/airflow/example_dags/tutorial_taskflow_api.py for tasks to queue
[2025-04-02T08:00:00.543+0000] {logging_mixin.py:190} INFO - [2025-04-02T08:00:00.542+0000] {dagbag.py:588} INFO - Filling up the DagBag from /home/airflow/.local/lib/python3.12/site-packages/airflow/example_dags/tutorial_taskflow_api.py
[2025-04-02T08:00:00.582+0000] {processor.py:925} INFO - DAG(s) 'tutorial_taskflow_api' retrieved from /home/airflow/.local/lib/python3.12/site-packages/airflow/example_dags/tutorial_taskflow_api.py
[2025-04-02T08:00:00.664+0000] {logging_mixin.py:190} INFO - [2025-04-02T08:00:00.662+0000] {dag.py:3239} INFO - Sync 1 DAGs
[2025-04-02T08:00:00.718+0000] {logging_mixin.py:190} INFO - [2025-04-02T08:00:00.716+0000] {dag.py:4180} INFO - Setting next_dagrun for tutorial_taskflow_api to None, run_after=None
[2025-04-02T08:00:00.787+0000] {processor.py:208} INFO - Processing /home/airflow/.local/lib/python3.12/site-packages/airflow/example_dags/tutorial_taskflow_api.py took 0.285 seconds
[2025-04-02T08:00:32.277+0000] {processor.py:186} INFO - Started process (PID=6956) to work on /home/airflow/.local/lib/python3.12/site-packages/airflow/example_dags/tutorial_taskflow_api.py
[2025-04-02T08:00:32.280+0000] {processor.py:914} INFO - Processing file /home/airflow/.local/lib/python3.12/site-packages/airflow/example_dags/tutorial_taskflow_api.py for tasks to queue
[2025-04-02T08:00:32.292+0000] {logging_mixin.py:190} INFO - [2025-04-02T08:00:32.291+0000] {dagbag.py:588} INFO - Filling up the DagBag from /home/airflow/.local/lib/python3.12/site-packages/airflow/example_dags/tutorial_taskflow_api.py
[2025-04-02T08:00:32.326+0000] {processor.py:925} INFO - DAG(s) 'tutorial_taskflow_api' retrieved from /home/airflow/.local/lib/python3.12/site-packages/airflow/example_dags/tutorial_taskflow_api.py
[2025-04-02T08:00:32.388+0000] {logging_mixin.py:190} INFO - [2025-04-02T08:00:32.387+0000] {dag.py:3239} INFO - Sync 1 DAGs
[2025-04-02T08:00:32.437+0000] {logging_mixin.py:190} INFO - [2025-04-02T08:00:32.436+0000] {dag.py:4180} INFO - Setting next_dagrun for tutorial_taskflow_api to None, run_after=None
[2025-04-02T08:00:32.485+0000] {processor.py:208} INFO - Processing /home/airflow/.local/lib/python3.12/site-packages/airflow/example_dags/tutorial_taskflow_api.py took 0.232 seconds
[2025-04-02T08:01:02.861+0000] {processor.py:186} INFO - Started process (PID=7028) to work on /home/airflow/.local/lib/python3.12/site-packages/airflow/example_dags/tutorial_taskflow_api.py
[2025-04-02T08:01:02.862+0000] {processor.py:914} INFO - Processing file /home/airflow/.local/lib/python3.12/site-packages/airflow/example_dags/tutorial_taskflow_api.py for tasks to queue
[2025-04-02T08:01:02.870+0000] {logging_mixin.py:190} INFO - [2025-04-02T08:01:02.869+0000] {dagbag.py:588} INFO - Filling up the DagBag from /home/airflow/.local/lib/python3.12/site-packages/airflow/example_dags/tutorial_taskflow_api.py
[2025-04-02T08:01:02.893+0000] {processor.py:925} INFO - DAG(s) 'tutorial_taskflow_api' retrieved from /home/airflow/.local/lib/python3.12/site-packages/airflow/example_dags/tutorial_taskflow_api.py
[2025-04-02T08:01:02.947+0000] {logging_mixin.py:190} INFO - [2025-04-02T08:01:02.945+0000] {dag.py:3239} INFO - Sync 1 DAGs
[2025-04-02T08:01:02.986+0000] {logging_mixin.py:190} INFO - [2025-04-02T08:01:02.986+0000] {dag.py:4180} INFO - Setting next_dagrun for tutorial_taskflow_api to None, run_after=None
[2025-04-02T08:01:03.033+0000] {processor.py:208} INFO - Processing /home/airflow/.local/lib/python3.12/site-packages/airflow/example_dags/tutorial_taskflow_api.py took 0.199 seconds
[2025-04-02T08:01:34.750+0000] {processor.py:186} INFO - Started process (PID=7113) to work on /home/airflow/.local/lib/python3.12/site-packages/airflow/example_dags/tutorial_taskflow_api.py
[2025-04-02T08:01:34.756+0000] {processor.py:914} INFO - Processing file /home/airflow/.local/lib/python3.12/site-packages/airflow/example_dags/tutorial_taskflow_api.py for tasks to queue
[2025-04-02T08:01:34.764+0000] {logging_mixin.py:190} INFO - [2025-04-02T08:01:34.763+0000] {dagbag.py:588} INFO - Filling up the DagBag from /home/airflow/.local/lib/python3.12/site-packages/airflow/example_dags/tutorial_taskflow_api.py
[2025-04-02T08:01:34.795+0000] {processor.py:925} INFO - DAG(s) 'tutorial_taskflow_api' retrieved from /home/airflow/.local/lib/python3.12/site-packages/airflow/example_dags/tutorial_taskflow_api.py
[2025-04-02T08:01:34.865+0000] {logging_mixin.py:190} INFO - [2025-04-02T08:01:34.864+0000] {dag.py:3239} INFO - Sync 1 DAGs
[2025-04-02T08:01:34.911+0000] {logging_mixin.py:190} INFO - [2025-04-02T08:01:34.911+0000] {dag.py:4180} INFO - Setting next_dagrun for tutorial_taskflow_api to None, run_after=None
[2025-04-02T08:01:34.964+0000] {processor.py:208} INFO - Processing /home/airflow/.local/lib/python3.12/site-packages/airflow/example_dags/tutorial_taskflow_api.py took 0.245 seconds
[2025-04-02T08:02:05.743+0000] {processor.py:186} INFO - Started process (PID=7182) to work on /home/airflow/.local/lib/python3.12/site-packages/airflow/example_dags/tutorial_taskflow_api.py
[2025-04-02T08:02:05.744+0000] {processor.py:914} INFO - Processing file /home/airflow/.local/lib/python3.12/site-packages/airflow/example_dags/tutorial_taskflow_api.py for tasks to queue
[2025-04-02T08:02:05.751+0000] {logging_mixin.py:190} INFO - [2025-04-02T08:02:05.750+0000] {dagbag.py:588} INFO - Filling up the DagBag from /home/airflow/.local/lib/python3.12/site-packages/airflow/example_dags/tutorial_taskflow_api.py
[2025-04-02T08:02:05.770+0000] {processor.py:925} INFO - DAG(s) 'tutorial_taskflow_api' retrieved from /home/airflow/.local/lib/python3.12/site-packages/airflow/example_dags/tutorial_taskflow_api.py
[2025-04-02T08:02:05.822+0000] {logging_mixin.py:190} INFO - [2025-04-02T08:02:05.821+0000] {dag.py:3239} INFO - Sync 1 DAGs
[2025-04-02T08:02:05.863+0000] {logging_mixin.py:190} INFO - [2025-04-02T08:02:05.863+0000] {dag.py:4180} INFO - Setting next_dagrun for tutorial_taskflow_api to None, run_after=None
[2025-04-02T08:02:05.900+0000] {processor.py:208} INFO - Processing /home/airflow/.local/lib/python3.12/site-packages/airflow/example_dags/tutorial_taskflow_api.py took 0.186 seconds
[2025-04-02T08:02:36.668+0000] {processor.py:186} INFO - Started process (PID=7268) to work on /home/airflow/.local/lib/python3.12/site-packages/airflow/example_dags/tutorial_taskflow_api.py
[2025-04-02T08:02:36.673+0000] {processor.py:914} INFO - Processing file /home/airflow/.local/lib/python3.12/site-packages/airflow/example_dags/tutorial_taskflow_api.py for tasks to queue
[2025-04-02T08:02:36.686+0000] {logging_mixin.py:190} INFO - [2025-04-02T08:02:36.681+0000] {dagbag.py:588} INFO - Filling up the DagBag from /home/airflow/.local/lib/python3.12/site-packages/airflow/example_dags/tutorial_taskflow_api.py
[2025-04-02T08:02:36.723+0000] {processor.py:925} INFO - DAG(s) 'tutorial_taskflow_api' retrieved from /home/airflow/.local/lib/python3.12/site-packages/airflow/example_dags/tutorial_taskflow_api.py
[2025-04-02T08:02:36.788+0000] {logging_mixin.py:190} INFO - [2025-04-02T08:02:36.787+0000] {dag.py:3239} INFO - Sync 1 DAGs
[2025-04-02T08:02:36.840+0000] {logging_mixin.py:190} INFO - [2025-04-02T08:02:36.840+0000] {dag.py:4180} INFO - Setting next_dagrun for tutorial_taskflow_api to None, run_after=None
[2025-04-02T08:02:36.897+0000] {processor.py:208} INFO - Processing /home/airflow/.local/lib/python3.12/site-packages/airflow/example_dags/tutorial_taskflow_api.py took 0.264 seconds
[2025-04-02T08:03:07.858+0000] {processor.py:186} INFO - Started process (PID=7336) to work on /home/airflow/.local/lib/python3.12/site-packages/airflow/example_dags/tutorial_taskflow_api.py
[2025-04-02T08:03:07.861+0000] {processor.py:914} INFO - Processing file /home/airflow/.local/lib/python3.12/site-packages/airflow/example_dags/tutorial_taskflow_api.py for tasks to queue
[2025-04-02T08:03:07.868+0000] {logging_mixin.py:190} INFO - [2025-04-02T08:03:07.867+0000] {dagbag.py:588} INFO - Filling up the DagBag from /home/airflow/.local/lib/python3.12/site-packages/airflow/example_dags/tutorial_taskflow_api.py
[2025-04-02T08:03:07.896+0000] {processor.py:925} INFO - DAG(s) 'tutorial_taskflow_api' retrieved from /home/airflow/.local/lib/python3.12/site-packages/airflow/example_dags/tutorial_taskflow_api.py
[2025-04-02T08:03:07.953+0000] {logging_mixin.py:190} INFO - [2025-04-02T08:03:07.952+0000] {dag.py:3239} INFO - Sync 1 DAGs
[2025-04-02T08:03:07.987+0000] {logging_mixin.py:190} INFO - [2025-04-02T08:03:07.987+0000] {dag.py:4180} INFO - Setting next_dagrun for tutorial_taskflow_api to None, run_after=None
[2025-04-02T08:03:08.031+0000] {processor.py:208} INFO - Processing /home/airflow/.local/lib/python3.12/site-packages/airflow/example_dags/tutorial_taskflow_api.py took 0.194 seconds
[2025-04-02T08:03:38.504+0000] {processor.py:186} INFO - Started process (PID=7414) to work on /home/airflow/.local/lib/python3.12/site-packages/airflow/example_dags/tutorial_taskflow_api.py
[2025-04-02T08:03:38.508+0000] {processor.py:914} INFO - Processing file /home/airflow/.local/lib/python3.12/site-packages/airflow/example_dags/tutorial_taskflow_api.py for tasks to queue
[2025-04-02T08:03:38.518+0000] {logging_mixin.py:190} INFO - [2025-04-02T08:03:38.515+0000] {dagbag.py:588} INFO - Filling up the DagBag from /home/airflow/.local/lib/python3.12/site-packages/airflow/example_dags/tutorial_taskflow_api.py
[2025-04-02T08:03:38.554+0000] {processor.py:925} INFO - DAG(s) 'tutorial_taskflow_api' retrieved from /home/airflow/.local/lib/python3.12/site-packages/airflow/example_dags/tutorial_taskflow_api.py
[2025-04-02T08:03:38.653+0000] {logging_mixin.py:190} INFO - [2025-04-02T08:03:38.652+0000] {dag.py:3239} INFO - Sync 1 DAGs
[2025-04-02T08:03:38.713+0000] {logging_mixin.py:190} INFO - [2025-04-02T08:03:38.712+0000] {dag.py:4180} INFO - Setting next_dagrun for tutorial_taskflow_api to None, run_after=None
[2025-04-02T08:03:38.751+0000] {processor.py:208} INFO - Processing /home/airflow/.local/lib/python3.12/site-packages/airflow/example_dags/tutorial_taskflow_api.py took 0.270 seconds
[2025-04-02T08:04:09.375+0000] {processor.py:186} INFO - Started process (PID=7482) to work on /home/airflow/.local/lib/python3.12/site-packages/airflow/example_dags/tutorial_taskflow_api.py
[2025-04-02T08:04:09.379+0000] {processor.py:914} INFO - Processing file /home/airflow/.local/lib/python3.12/site-packages/airflow/example_dags/tutorial_taskflow_api.py for tasks to queue
[2025-04-02T08:04:09.384+0000] {logging_mixin.py:190} INFO - [2025-04-02T08:04:09.384+0000] {dagbag.py:588} INFO - Filling up the DagBag from /home/airflow/.local/lib/python3.12/site-packages/airflow/example_dags/tutorial_taskflow_api.py
[2025-04-02T08:04:09.410+0000] {processor.py:925} INFO - DAG(s) 'tutorial_taskflow_api' retrieved from /home/airflow/.local/lib/python3.12/site-packages/airflow/example_dags/tutorial_taskflow_api.py
[2025-04-02T08:04:09.464+0000] {logging_mixin.py:190} INFO - [2025-04-02T08:04:09.463+0000] {dag.py:3239} INFO - Sync 1 DAGs
[2025-04-02T08:04:09.534+0000] {logging_mixin.py:190} INFO - [2025-04-02T08:04:09.534+0000] {dag.py:4180} INFO - Setting next_dagrun for tutorial_taskflow_api to None, run_after=None
[2025-04-02T08:04:09.573+0000] {processor.py:208} INFO - Processing /home/airflow/.local/lib/python3.12/site-packages/airflow/example_dags/tutorial_taskflow_api.py took 0.236 seconds
[2025-04-02T08:04:40.469+0000] {processor.py:186} INFO - Started process (PID=7560) to work on /home/airflow/.local/lib/python3.12/site-packages/airflow/example_dags/tutorial_taskflow_api.py
[2025-04-02T08:04:40.475+0000] {processor.py:914} INFO - Processing file /home/airflow/.local/lib/python3.12/site-packages/airflow/example_dags/tutorial_taskflow_api.py for tasks to queue
[2025-04-02T08:04:40.483+0000] {logging_mixin.py:190} INFO - [2025-04-02T08:04:40.483+0000] {dagbag.py:588} INFO - Filling up the DagBag from /home/airflow/.local/lib/python3.12/site-packages/airflow/example_dags/tutorial_taskflow_api.py
[2025-04-02T08:04:40.522+0000] {processor.py:925} INFO - DAG(s) 'tutorial_taskflow_api' retrieved from /home/airflow/.local/lib/python3.12/site-packages/airflow/example_dags/tutorial_taskflow_api.py
[2025-04-02T08:04:40.584+0000] {logging_mixin.py:190} INFO - [2025-04-02T08:04:40.583+0000] {dag.py:3239} INFO - Sync 1 DAGs
[2025-04-02T08:04:40.627+0000] {logging_mixin.py:190} INFO - [2025-04-02T08:04:40.627+0000] {dag.py:4180} INFO - Setting next_dagrun for tutorial_taskflow_api to None, run_after=None
[2025-04-02T08:04:40.679+0000] {processor.py:208} INFO - Processing /home/airflow/.local/lib/python3.12/site-packages/airflow/example_dags/tutorial_taskflow_api.py took 0.239 seconds
[2025-04-02T08:05:11.262+0000] {processor.py:186} INFO - Started process (PID=7633) to work on /home/airflow/.local/lib/python3.12/site-packages/airflow/example_dags/tutorial_taskflow_api.py
[2025-04-02T08:05:11.266+0000] {processor.py:914} INFO - Processing file /home/airflow/.local/lib/python3.12/site-packages/airflow/example_dags/tutorial_taskflow_api.py for tasks to queue
[2025-04-02T08:05:11.273+0000] {logging_mixin.py:190} INFO - [2025-04-02T08:05:11.270+0000] {dagbag.py:588} INFO - Filling up the DagBag from /home/airflow/.local/lib/python3.12/site-packages/airflow/example_dags/tutorial_taskflow_api.py
[2025-04-02T08:05:11.301+0000] {processor.py:925} INFO - DAG(s) 'tutorial_taskflow_api' retrieved from /home/airflow/.local/lib/python3.12/site-packages/airflow/example_dags/tutorial_taskflow_api.py
[2025-04-02T08:05:11.371+0000] {logging_mixin.py:190} INFO - [2025-04-02T08:05:11.369+0000] {dag.py:3239} INFO - Sync 1 DAGs
[2025-04-02T08:05:11.418+0000] {logging_mixin.py:190} INFO - [2025-04-02T08:05:11.417+0000] {dag.py:4180} INFO - Setting next_dagrun for tutorial_taskflow_api to None, run_after=None
[2025-04-02T08:05:11.481+0000] {processor.py:208} INFO - Processing /home/airflow/.local/lib/python3.12/site-packages/airflow/example_dags/tutorial_taskflow_api.py took 0.244 seconds
[2025-04-02T08:05:42.454+0000] {processor.py:186} INFO - Started process (PID=7710) to work on /home/airflow/.local/lib/python3.12/site-packages/airflow/example_dags/tutorial_taskflow_api.py
[2025-04-02T08:05:42.457+0000] {processor.py:914} INFO - Processing file /home/airflow/.local/lib/python3.12/site-packages/airflow/example_dags/tutorial_taskflow_api.py for tasks to queue
[2025-04-02T08:05:42.469+0000] {logging_mixin.py:190} INFO - [2025-04-02T08:05:42.465+0000] {dagbag.py:588} INFO - Filling up the DagBag from /home/airflow/.local/lib/python3.12/site-packages/airflow/example_dags/tutorial_taskflow_api.py
[2025-04-02T08:05:42.505+0000] {processor.py:925} INFO - DAG(s) 'tutorial_taskflow_api' retrieved from /home/airflow/.local/lib/python3.12/site-packages/airflow/example_dags/tutorial_taskflow_api.py
[2025-04-02T08:05:42.573+0000] {logging_mixin.py:190} INFO - [2025-04-02T08:05:42.572+0000] {dag.py:3239} INFO - Sync 1 DAGs
[2025-04-02T08:05:42.621+0000] {logging_mixin.py:190} INFO - [2025-04-02T08:05:42.621+0000] {dag.py:4180} INFO - Setting next_dagrun for tutorial_taskflow_api to None, run_after=None
[2025-04-02T08:05:42.685+0000] {processor.py:208} INFO - Processing /home/airflow/.local/lib/python3.12/site-packages/airflow/example_dags/tutorial_taskflow_api.py took 0.269 seconds
[2025-04-02T08:06:30.580+0000] {processor.py:186} INFO - Started process (PID=7781) to work on /home/airflow/.local/lib/python3.12/site-packages/airflow/example_dags/tutorial_taskflow_api.py
[2025-04-02T08:06:30.583+0000] {processor.py:914} INFO - Processing file /home/airflow/.local/lib/python3.12/site-packages/airflow/example_dags/tutorial_taskflow_api.py for tasks to queue
[2025-04-02T08:06:30.594+0000] {logging_mixin.py:190} INFO - [2025-04-02T08:06:30.590+0000] {dagbag.py:588} INFO - Filling up the DagBag from /home/airflow/.local/lib/python3.12/site-packages/airflow/example_dags/tutorial_taskflow_api.py
[2025-04-02T08:06:30.638+0000] {processor.py:925} INFO - DAG(s) 'tutorial_taskflow_api' retrieved from /home/airflow/.local/lib/python3.12/site-packages/airflow/example_dags/tutorial_taskflow_api.py
[2025-04-02T08:06:30.721+0000] {logging_mixin.py:190} INFO - [2025-04-02T08:06:30.720+0000] {dag.py:3239} INFO - Sync 1 DAGs
[2025-04-02T08:06:30.784+0000] {logging_mixin.py:190} INFO - [2025-04-02T08:06:30.784+0000] {dag.py:4180} INFO - Setting next_dagrun for tutorial_taskflow_api to None, run_after=None
[2025-04-02T08:06:30.864+0000] {processor.py:208} INFO - Processing /home/airflow/.local/lib/python3.12/site-packages/airflow/example_dags/tutorial_taskflow_api.py took 0.315 seconds
[2025-04-02T08:07:01.707+0000] {processor.py:186} INFO - Started process (PID=7845) to work on /home/airflow/.local/lib/python3.12/site-packages/airflow/example_dags/tutorial_taskflow_api.py
[2025-04-02T08:07:01.709+0000] {processor.py:914} INFO - Processing file /home/airflow/.local/lib/python3.12/site-packages/airflow/example_dags/tutorial_taskflow_api.py for tasks to queue
[2025-04-02T08:07:01.715+0000] {logging_mixin.py:190} INFO - [2025-04-02T08:07:01.715+0000] {dagbag.py:588} INFO - Filling up the DagBag from /home/airflow/.local/lib/python3.12/site-packages/airflow/example_dags/tutorial_taskflow_api.py
[2025-04-02T08:07:01.744+0000] {processor.py:925} INFO - DAG(s) 'tutorial_taskflow_api' retrieved from /home/airflow/.local/lib/python3.12/site-packages/airflow/example_dags/tutorial_taskflow_api.py
[2025-04-02T08:07:01.812+0000] {logging_mixin.py:190} INFO - [2025-04-02T08:07:01.810+0000] {dag.py:3239} INFO - Sync 1 DAGs
[2025-04-02T08:07:01.865+0000] {logging_mixin.py:190} INFO - [2025-04-02T08:07:01.863+0000] {dag.py:4180} INFO - Setting next_dagrun for tutorial_taskflow_api to None, run_after=None
[2025-04-02T08:07:01.927+0000] {processor.py:208} INFO - Processing /home/airflow/.local/lib/python3.12/site-packages/airflow/example_dags/tutorial_taskflow_api.py took 0.242 seconds
[2025-04-02T08:07:32.653+0000] {processor.py:186} INFO - Started process (PID=7934) to work on /home/airflow/.local/lib/python3.12/site-packages/airflow/example_dags/tutorial_taskflow_api.py
[2025-04-02T08:07:32.655+0000] {processor.py:914} INFO - Processing file /home/airflow/.local/lib/python3.12/site-packages/airflow/example_dags/tutorial_taskflow_api.py for tasks to queue
[2025-04-02T08:07:32.660+0000] {logging_mixin.py:190} INFO - [2025-04-02T08:07:32.660+0000] {dagbag.py:588} INFO - Filling up the DagBag from /home/airflow/.local/lib/python3.12/site-packages/airflow/example_dags/tutorial_taskflow_api.py
[2025-04-02T08:07:32.682+0000] {processor.py:925} INFO - DAG(s) 'tutorial_taskflow_api' retrieved from /home/airflow/.local/lib/python3.12/site-packages/airflow/example_dags/tutorial_taskflow_api.py
[2025-04-02T08:07:32.731+0000] {logging_mixin.py:190} INFO - [2025-04-02T08:07:32.730+0000] {dag.py:3239} INFO - Sync 1 DAGs
[2025-04-02T08:07:32.767+0000] {logging_mixin.py:190} INFO - [2025-04-02T08:07:32.767+0000] {dag.py:4180} INFO - Setting next_dagrun for tutorial_taskflow_api to None, run_after=None
[2025-04-02T08:07:32.815+0000] {processor.py:208} INFO - Processing /home/airflow/.local/lib/python3.12/site-packages/airflow/example_dags/tutorial_taskflow_api.py took 0.186 seconds
[2025-04-02T08:08:02.957+0000] {processor.py:186} INFO - Started process (PID=7997) to work on /home/airflow/.local/lib/python3.12/site-packages/airflow/example_dags/tutorial_taskflow_api.py
[2025-04-02T08:08:02.959+0000] {processor.py:914} INFO - Processing file /home/airflow/.local/lib/python3.12/site-packages/airflow/example_dags/tutorial_taskflow_api.py for tasks to queue
[2025-04-02T08:08:02.963+0000] {logging_mixin.py:190} INFO - [2025-04-02T08:08:02.963+0000] {dagbag.py:588} INFO - Filling up the DagBag from /home/airflow/.local/lib/python3.12/site-packages/airflow/example_dags/tutorial_taskflow_api.py
[2025-04-02T08:08:02.979+0000] {processor.py:925} INFO - DAG(s) 'tutorial_taskflow_api' retrieved from /home/airflow/.local/lib/python3.12/site-packages/airflow/example_dags/tutorial_taskflow_api.py
[2025-04-02T08:08:03.014+0000] {logging_mixin.py:190} INFO - [2025-04-02T08:08:03.013+0000] {dag.py:3239} INFO - Sync 1 DAGs
[2025-04-02T08:08:03.036+0000] {logging_mixin.py:190} INFO - [2025-04-02T08:08:03.036+0000] {dag.py:4180} INFO - Setting next_dagrun for tutorial_taskflow_api to None, run_after=None
[2025-04-02T08:08:03.065+0000] {processor.py:208} INFO - Processing /home/airflow/.local/lib/python3.12/site-packages/airflow/example_dags/tutorial_taskflow_api.py took 0.119 seconds
[2025-04-02T08:08:34.904+0000] {processor.py:186} INFO - Started process (PID=8064) to work on /home/airflow/.local/lib/python3.12/site-packages/airflow/example_dags/tutorial_taskflow_api.py
[2025-04-02T08:08:34.906+0000] {processor.py:914} INFO - Processing file /home/airflow/.local/lib/python3.12/site-packages/airflow/example_dags/tutorial_taskflow_api.py for tasks to queue
[2025-04-02T08:08:34.915+0000] {logging_mixin.py:190} INFO - [2025-04-02T08:08:34.914+0000] {dagbag.py:588} INFO - Filling up the DagBag from /home/airflow/.local/lib/python3.12/site-packages/airflow/example_dags/tutorial_taskflow_api.py
[2025-04-02T08:08:34.947+0000] {processor.py:925} INFO - DAG(s) 'tutorial_taskflow_api' retrieved from /home/airflow/.local/lib/python3.12/site-packages/airflow/example_dags/tutorial_taskflow_api.py
[2025-04-02T08:08:35.022+0000] {logging_mixin.py:190} INFO - [2025-04-02T08:08:35.020+0000] {dag.py:3239} INFO - Sync 1 DAGs
[2025-04-02T08:08:35.072+0000] {logging_mixin.py:190} INFO - [2025-04-02T08:08:35.072+0000] {dag.py:4180} INFO - Setting next_dagrun for tutorial_taskflow_api to None, run_after=None
[2025-04-02T08:08:35.124+0000] {processor.py:208} INFO - Processing /home/airflow/.local/lib/python3.12/site-packages/airflow/example_dags/tutorial_taskflow_api.py took 0.246 seconds
[2025-04-02T08:09:05.653+0000] {processor.py:186} INFO - Started process (PID=8138) to work on /home/airflow/.local/lib/python3.12/site-packages/airflow/example_dags/tutorial_taskflow_api.py
[2025-04-02T08:09:05.655+0000] {processor.py:914} INFO - Processing file /home/airflow/.local/lib/python3.12/site-packages/airflow/example_dags/tutorial_taskflow_api.py for tasks to queue
[2025-04-02T08:09:05.661+0000] {logging_mixin.py:190} INFO - [2025-04-02T08:09:05.660+0000] {dagbag.py:588} INFO - Filling up the DagBag from /home/airflow/.local/lib/python3.12/site-packages/airflow/example_dags/tutorial_taskflow_api.py
[2025-04-02T08:09:05.699+0000] {processor.py:925} INFO - DAG(s) 'tutorial_taskflow_api' retrieved from /home/airflow/.local/lib/python3.12/site-packages/airflow/example_dags/tutorial_taskflow_api.py
[2025-04-02T08:09:05.766+0000] {logging_mixin.py:190} INFO - [2025-04-02T08:09:05.762+0000] {dag.py:3239} INFO - Sync 1 DAGs
[2025-04-02T08:09:05.808+0000] {logging_mixin.py:190} INFO - [2025-04-02T08:09:05.807+0000] {dag.py:4180} INFO - Setting next_dagrun for tutorial_taskflow_api to None, run_after=None
[2025-04-02T08:09:05.857+0000] {processor.py:208} INFO - Processing /home/airflow/.local/lib/python3.12/site-packages/airflow/example_dags/tutorial_taskflow_api.py took 0.232 seconds
[2025-04-02T08:09:36.278+0000] {processor.py:186} INFO - Started process (PID=8210) to work on /home/airflow/.local/lib/python3.12/site-packages/airflow/example_dags/tutorial_taskflow_api.py
[2025-04-02T08:09:36.282+0000] {processor.py:914} INFO - Processing file /home/airflow/.local/lib/python3.12/site-packages/airflow/example_dags/tutorial_taskflow_api.py for tasks to queue
[2025-04-02T08:09:36.292+0000] {logging_mixin.py:190} INFO - [2025-04-02T08:09:36.291+0000] {dagbag.py:588} INFO - Filling up the DagBag from /home/airflow/.local/lib/python3.12/site-packages/airflow/example_dags/tutorial_taskflow_api.py
[2025-04-02T08:09:36.325+0000] {processor.py:925} INFO - DAG(s) 'tutorial_taskflow_api' retrieved from /home/airflow/.local/lib/python3.12/site-packages/airflow/example_dags/tutorial_taskflow_api.py
[2025-04-02T08:09:36.379+0000] {logging_mixin.py:190} INFO - [2025-04-02T08:09:36.378+0000] {dag.py:3239} INFO - Sync 1 DAGs
[2025-04-02T08:09:36.422+0000] {logging_mixin.py:190} INFO - [2025-04-02T08:09:36.422+0000] {dag.py:4180} INFO - Setting next_dagrun for tutorial_taskflow_api to None, run_after=None
[2025-04-02T08:09:36.476+0000] {processor.py:208} INFO - Processing /home/airflow/.local/lib/python3.12/site-packages/airflow/example_dags/tutorial_taskflow_api.py took 0.230 seconds
[2025-04-02T08:10:07.378+0000] {processor.py:186} INFO - Started process (PID=8284) to work on /home/airflow/.local/lib/python3.12/site-packages/airflow/example_dags/tutorial_taskflow_api.py
[2025-04-02T08:10:07.380+0000] {processor.py:914} INFO - Processing file /home/airflow/.local/lib/python3.12/site-packages/airflow/example_dags/tutorial_taskflow_api.py for tasks to queue
[2025-04-02T08:10:07.387+0000] {logging_mixin.py:190} INFO - [2025-04-02T08:10:07.387+0000] {dagbag.py:588} INFO - Filling up the DagBag from /home/airflow/.local/lib/python3.12/site-packages/airflow/example_dags/tutorial_taskflow_api.py
[2025-04-02T08:10:07.417+0000] {processor.py:925} INFO - DAG(s) 'tutorial_taskflow_api' retrieved from /home/airflow/.local/lib/python3.12/site-packages/airflow/example_dags/tutorial_taskflow_api.py
[2025-04-02T08:10:07.486+0000] {logging_mixin.py:190} INFO - [2025-04-02T08:10:07.484+0000] {dag.py:3239} INFO - Sync 1 DAGs
[2025-04-02T08:10:07.532+0000] {logging_mixin.py:190} INFO - [2025-04-02T08:10:07.532+0000] {dag.py:4180} INFO - Setting next_dagrun for tutorial_taskflow_api to None, run_after=None
[2025-04-02T08:10:07.588+0000] {processor.py:208} INFO - Processing /home/airflow/.local/lib/python3.12/site-packages/airflow/example_dags/tutorial_taskflow_api.py took 0.235 seconds
[2025-04-02T08:10:38.241+0000] {processor.py:186} INFO - Started process (PID=8348) to work on /home/airflow/.local/lib/python3.12/site-packages/airflow/example_dags/tutorial_taskflow_api.py
[2025-04-02T08:10:38.243+0000] {processor.py:914} INFO - Processing file /home/airflow/.local/lib/python3.12/site-packages/airflow/example_dags/tutorial_taskflow_api.py for tasks to queue
[2025-04-02T08:10:38.249+0000] {logging_mixin.py:190} INFO - [2025-04-02T08:10:38.248+0000] {dagbag.py:588} INFO - Filling up the DagBag from /home/airflow/.local/lib/python3.12/site-packages/airflow/example_dags/tutorial_taskflow_api.py
[2025-04-02T08:10:38.270+0000] {processor.py:925} INFO - DAG(s) 'tutorial_taskflow_api' retrieved from /home/airflow/.local/lib/python3.12/site-packages/airflow/example_dags/tutorial_taskflow_api.py
[2025-04-02T08:10:38.319+0000] {logging_mixin.py:190} INFO - [2025-04-02T08:10:38.317+0000] {dag.py:3239} INFO - Sync 1 DAGs
[2025-04-02T08:10:38.386+0000] {logging_mixin.py:190} INFO - [2025-04-02T08:10:38.381+0000] {dag.py:4180} INFO - Setting next_dagrun for tutorial_taskflow_api to None, run_after=None
[2025-04-02T08:10:38.456+0000] {processor.py:208} INFO - Processing /home/airflow/.local/lib/python3.12/site-packages/airflow/example_dags/tutorial_taskflow_api.py took 0.232 seconds
[2025-04-02T08:11:09.374+0000] {processor.py:186} INFO - Started process (PID=8416) to work on /home/airflow/.local/lib/python3.12/site-packages/airflow/example_dags/tutorial_taskflow_api.py
[2025-04-02T08:11:09.376+0000] {processor.py:914} INFO - Processing file /home/airflow/.local/lib/python3.12/site-packages/airflow/example_dags/tutorial_taskflow_api.py for tasks to queue
[2025-04-02T08:11:09.383+0000] {logging_mixin.py:190} INFO - [2025-04-02T08:11:09.382+0000] {dagbag.py:588} INFO - Filling up the DagBag from /home/airflow/.local/lib/python3.12/site-packages/airflow/example_dags/tutorial_taskflow_api.py
[2025-04-02T08:11:09.402+0000] {processor.py:925} INFO - DAG(s) 'tutorial_taskflow_api' retrieved from /home/airflow/.local/lib/python3.12/site-packages/airflow/example_dags/tutorial_taskflow_api.py
[2025-04-02T08:11:09.450+0000] {logging_mixin.py:190} INFO - [2025-04-02T08:11:09.449+0000] {dag.py:3239} INFO - Sync 1 DAGs
[2025-04-02T08:11:09.486+0000] {logging_mixin.py:190} INFO - [2025-04-02T08:11:09.486+0000] {dag.py:4180} INFO - Setting next_dagrun for tutorial_taskflow_api to None, run_after=None
[2025-04-02T08:11:09.525+0000] {processor.py:208} INFO - Processing /home/airflow/.local/lib/python3.12/site-packages/airflow/example_dags/tutorial_taskflow_api.py took 0.167 seconds
[2025-04-02T08:11:40.704+0000] {processor.py:186} INFO - Started process (PID=8480) to work on /home/airflow/.local/lib/python3.12/site-packages/airflow/example_dags/tutorial_taskflow_api.py
[2025-04-02T08:11:40.705+0000] {processor.py:914} INFO - Processing file /home/airflow/.local/lib/python3.12/site-packages/airflow/example_dags/tutorial_taskflow_api.py for tasks to queue
[2025-04-02T08:11:40.711+0000] {logging_mixin.py:190} INFO - [2025-04-02T08:11:40.710+0000] {dagbag.py:588} INFO - Filling up the DagBag from /home/airflow/.local/lib/python3.12/site-packages/airflow/example_dags/tutorial_taskflow_api.py
[2025-04-02T08:11:40.726+0000] {processor.py:925} INFO - DAG(s) 'tutorial_taskflow_api' retrieved from /home/airflow/.local/lib/python3.12/site-packages/airflow/example_dags/tutorial_taskflow_api.py
[2025-04-02T08:11:40.764+0000] {logging_mixin.py:190} INFO - [2025-04-02T08:11:40.763+0000] {dag.py:3239} INFO - Sync 1 DAGs
[2025-04-02T08:11:40.791+0000] {logging_mixin.py:190} INFO - [2025-04-02T08:11:40.791+0000] {dag.py:4180} INFO - Setting next_dagrun for tutorial_taskflow_api to None, run_after=None
[2025-04-02T08:11:40.823+0000] {processor.py:208} INFO - Processing /home/airflow/.local/lib/python3.12/site-packages/airflow/example_dags/tutorial_taskflow_api.py took 0.130 seconds
[2025-04-02T08:12:12.003+0000] {processor.py:186} INFO - Started process (PID=8544) to work on /home/airflow/.local/lib/python3.12/site-packages/airflow/example_dags/tutorial_taskflow_api.py
[2025-04-02T08:12:12.006+0000] {processor.py:914} INFO - Processing file /home/airflow/.local/lib/python3.12/site-packages/airflow/example_dags/tutorial_taskflow_api.py for tasks to queue
[2025-04-02T08:12:12.012+0000] {logging_mixin.py:190} INFO - [2025-04-02T08:12:12.011+0000] {dagbag.py:588} INFO - Filling up the DagBag from /home/airflow/.local/lib/python3.12/site-packages/airflow/example_dags/tutorial_taskflow_api.py
[2025-04-02T08:12:12.034+0000] {processor.py:925} INFO - DAG(s) 'tutorial_taskflow_api' retrieved from /home/airflow/.local/lib/python3.12/site-packages/airflow/example_dags/tutorial_taskflow_api.py
[2025-04-02T08:12:12.081+0000] {logging_mixin.py:190} INFO - [2025-04-02T08:12:12.080+0000] {dag.py:3239} INFO - Sync 1 DAGs
[2025-04-02T08:12:12.120+0000] {logging_mixin.py:190} INFO - [2025-04-02T08:12:12.119+0000] {dag.py:4180} INFO - Setting next_dagrun for tutorial_taskflow_api to None, run_after=None
[2025-04-02T08:12:12.160+0000] {processor.py:208} INFO - Processing /home/airflow/.local/lib/python3.12/site-packages/airflow/example_dags/tutorial_taskflow_api.py took 0.172 seconds
[2025-04-02T08:12:43.187+0000] {processor.py:186} INFO - Started process (PID=8609) to work on /home/airflow/.local/lib/python3.12/site-packages/airflow/example_dags/tutorial_taskflow_api.py
[2025-04-02T08:12:43.188+0000] {processor.py:914} INFO - Processing file /home/airflow/.local/lib/python3.12/site-packages/airflow/example_dags/tutorial_taskflow_api.py for tasks to queue
[2025-04-02T08:12:43.192+0000] {logging_mixin.py:190} INFO - [2025-04-02T08:12:43.191+0000] {dagbag.py:588} INFO - Filling up the DagBag from /home/airflow/.local/lib/python3.12/site-packages/airflow/example_dags/tutorial_taskflow_api.py
[2025-04-02T08:12:43.207+0000] {processor.py:925} INFO - DAG(s) 'tutorial_taskflow_api' retrieved from /home/airflow/.local/lib/python3.12/site-packages/airflow/example_dags/tutorial_taskflow_api.py
[2025-04-02T08:12:43.242+0000] {logging_mixin.py:190} INFO - [2025-04-02T08:12:43.241+0000] {dag.py:3239} INFO - Sync 1 DAGs
[2025-04-02T08:12:43.269+0000] {logging_mixin.py:190} INFO - [2025-04-02T08:12:43.269+0000] {dag.py:4180} INFO - Setting next_dagrun for tutorial_taskflow_api to None, run_after=None
[2025-04-02T08:12:43.300+0000] {processor.py:208} INFO - Processing /home/airflow/.local/lib/python3.12/site-packages/airflow/example_dags/tutorial_taskflow_api.py took 0.125 seconds
[2025-04-02T08:13:13.685+0000] {processor.py:186} INFO - Started process (PID=8673) to work on /home/airflow/.local/lib/python3.12/site-packages/airflow/example_dags/tutorial_taskflow_api.py
[2025-04-02T08:13:13.687+0000] {processor.py:914} INFO - Processing file /home/airflow/.local/lib/python3.12/site-packages/airflow/example_dags/tutorial_taskflow_api.py for tasks to queue
[2025-04-02T08:13:13.692+0000] {logging_mixin.py:190} INFO - [2025-04-02T08:13:13.691+0000] {dagbag.py:588} INFO - Filling up the DagBag from /home/airflow/.local/lib/python3.12/site-packages/airflow/example_dags/tutorial_taskflow_api.py
[2025-04-02T08:13:13.707+0000] {processor.py:925} INFO - DAG(s) 'tutorial_taskflow_api' retrieved from /home/airflow/.local/lib/python3.12/site-packages/airflow/example_dags/tutorial_taskflow_api.py
[2025-04-02T08:13:13.741+0000] {logging_mixin.py:190} INFO - [2025-04-02T08:13:13.741+0000] {dag.py:3239} INFO - Sync 1 DAGs
[2025-04-02T08:13:13.767+0000] {logging_mixin.py:190} INFO - [2025-04-02T08:13:13.767+0000] {dag.py:4180} INFO - Setting next_dagrun for tutorial_taskflow_api to None, run_after=None
[2025-04-02T08:13:13.800+0000] {processor.py:208} INFO - Processing /home/airflow/.local/lib/python3.12/site-packages/airflow/example_dags/tutorial_taskflow_api.py took 0.127 seconds
[2025-04-02T08:13:45.182+0000] {processor.py:186} INFO - Started process (PID=8738) to work on /home/airflow/.local/lib/python3.12/site-packages/airflow/example_dags/tutorial_taskflow_api.py
[2025-04-02T08:13:45.184+0000] {processor.py:914} INFO - Processing file /home/airflow/.local/lib/python3.12/site-packages/airflow/example_dags/tutorial_taskflow_api.py for tasks to queue
[2025-04-02T08:13:45.189+0000] {logging_mixin.py:190} INFO - [2025-04-02T08:13:45.189+0000] {dagbag.py:588} INFO - Filling up the DagBag from /home/airflow/.local/lib/python3.12/site-packages/airflow/example_dags/tutorial_taskflow_api.py
[2025-04-02T08:13:45.204+0000] {processor.py:925} INFO - DAG(s) 'tutorial_taskflow_api' retrieved from /home/airflow/.local/lib/python3.12/site-packages/airflow/example_dags/tutorial_taskflow_api.py
[2025-04-02T08:13:45.238+0000] {logging_mixin.py:190} INFO - [2025-04-02T08:13:45.237+0000] {dag.py:3239} INFO - Sync 1 DAGs
[2025-04-02T08:13:45.262+0000] {logging_mixin.py:190} INFO - [2025-04-02T08:13:45.262+0000] {dag.py:4180} INFO - Setting next_dagrun for tutorial_taskflow_api to None, run_after=None
[2025-04-02T08:13:45.292+0000] {processor.py:208} INFO - Processing /home/airflow/.local/lib/python3.12/site-packages/airflow/example_dags/tutorial_taskflow_api.py took 0.121 seconds
[2025-04-02T08:14:15.566+0000] {processor.py:186} INFO - Started process (PID=8801) to work on /home/airflow/.local/lib/python3.12/site-packages/airflow/example_dags/tutorial_taskflow_api.py
[2025-04-02T08:14:15.568+0000] {processor.py:914} INFO - Processing file /home/airflow/.local/lib/python3.12/site-packages/airflow/example_dags/tutorial_taskflow_api.py for tasks to queue
[2025-04-02T08:14:15.573+0000] {logging_mixin.py:190} INFO - [2025-04-02T08:14:15.573+0000] {dagbag.py:588} INFO - Filling up the DagBag from /home/airflow/.local/lib/python3.12/site-packages/airflow/example_dags/tutorial_taskflow_api.py
[2025-04-02T08:14:15.590+0000] {processor.py:925} INFO - DAG(s) 'tutorial_taskflow_api' retrieved from /home/airflow/.local/lib/python3.12/site-packages/airflow/example_dags/tutorial_taskflow_api.py
[2025-04-02T08:14:15.630+0000] {logging_mixin.py:190} INFO - [2025-04-02T08:14:15.629+0000] {dag.py:3239} INFO - Sync 1 DAGs
[2025-04-02T08:14:15.660+0000] {logging_mixin.py:190} INFO - [2025-04-02T08:14:15.659+0000] {dag.py:4180} INFO - Setting next_dagrun for tutorial_taskflow_api to None, run_after=None
[2025-04-02T08:14:15.693+0000] {processor.py:208} INFO - Processing /home/airflow/.local/lib/python3.12/site-packages/airflow/example_dags/tutorial_taskflow_api.py took 0.138 seconds
[2025-04-02T08:14:46.072+0000] {processor.py:186} INFO - Started process (PID=8865) to work on /home/airflow/.local/lib/python3.12/site-packages/airflow/example_dags/tutorial_taskflow_api.py
[2025-04-02T08:14:46.074+0000] {processor.py:914} INFO - Processing file /home/airflow/.local/lib/python3.12/site-packages/airflow/example_dags/tutorial_taskflow_api.py for tasks to queue
[2025-04-02T08:14:46.079+0000] {logging_mixin.py:190} INFO - [2025-04-02T08:14:46.078+0000] {dagbag.py:588} INFO - Filling up the DagBag from /home/airflow/.local/lib/python3.12/site-packages/airflow/example_dags/tutorial_taskflow_api.py
[2025-04-02T08:14:46.094+0000] {processor.py:925} INFO - DAG(s) 'tutorial_taskflow_api' retrieved from /home/airflow/.local/lib/python3.12/site-packages/airflow/example_dags/tutorial_taskflow_api.py
[2025-04-02T08:14:46.128+0000] {logging_mixin.py:190} INFO - [2025-04-02T08:14:46.126+0000] {dag.py:3239} INFO - Sync 1 DAGs
[2025-04-02T08:14:46.156+0000] {logging_mixin.py:190} INFO - [2025-04-02T08:14:46.155+0000] {dag.py:4180} INFO - Setting next_dagrun for tutorial_taskflow_api to None, run_after=None
[2025-04-02T08:14:46.185+0000] {processor.py:208} INFO - Processing /home/airflow/.local/lib/python3.12/site-packages/airflow/example_dags/tutorial_taskflow_api.py took 0.124 seconds
[2025-04-02T08:15:16.594+0000] {processor.py:186} INFO - Started process (PID=8929) to work on /home/airflow/.local/lib/python3.12/site-packages/airflow/example_dags/tutorial_taskflow_api.py
[2025-04-02T08:15:16.597+0000] {processor.py:914} INFO - Processing file /home/airflow/.local/lib/python3.12/site-packages/airflow/example_dags/tutorial_taskflow_api.py for tasks to queue
[2025-04-02T08:15:16.602+0000] {logging_mixin.py:190} INFO - [2025-04-02T08:15:16.601+0000] {dagbag.py:588} INFO - Filling up the DagBag from /home/airflow/.local/lib/python3.12/site-packages/airflow/example_dags/tutorial_taskflow_api.py
[2025-04-02T08:15:16.617+0000] {processor.py:925} INFO - DAG(s) 'tutorial_taskflow_api' retrieved from /home/airflow/.local/lib/python3.12/site-packages/airflow/example_dags/tutorial_taskflow_api.py
[2025-04-02T08:15:16.652+0000] {logging_mixin.py:190} INFO - [2025-04-02T08:15:16.651+0000] {dag.py:3239} INFO - Sync 1 DAGs
[2025-04-02T08:15:16.679+0000] {logging_mixin.py:190} INFO - [2025-04-02T08:15:16.679+0000] {dag.py:4180} INFO - Setting next_dagrun for tutorial_taskflow_api to None, run_after=None
[2025-04-02T08:15:16.710+0000] {processor.py:208} INFO - Processing /home/airflow/.local/lib/python3.12/site-packages/airflow/example_dags/tutorial_taskflow_api.py took 0.128 seconds
[2025-04-02T08:15:47.114+0000] {processor.py:186} INFO - Started process (PID=8992) to work on /home/airflow/.local/lib/python3.12/site-packages/airflow/example_dags/tutorial_taskflow_api.py
[2025-04-02T08:15:47.116+0000] {processor.py:914} INFO - Processing file /home/airflow/.local/lib/python3.12/site-packages/airflow/example_dags/tutorial_taskflow_api.py for tasks to queue
[2025-04-02T08:15:47.123+0000] {logging_mixin.py:190} INFO - [2025-04-02T08:15:47.122+0000] {dagbag.py:588} INFO - Filling up the DagBag from /home/airflow/.local/lib/python3.12/site-packages/airflow/example_dags/tutorial_taskflow_api.py
[2025-04-02T08:15:47.145+0000] {processor.py:925} INFO - DAG(s) 'tutorial_taskflow_api' retrieved from /home/airflow/.local/lib/python3.12/site-packages/airflow/example_dags/tutorial_taskflow_api.py
[2025-04-02T08:15:47.191+0000] {logging_mixin.py:190} INFO - [2025-04-02T08:15:47.190+0000] {dag.py:3239} INFO - Sync 1 DAGs
[2025-04-02T08:15:47.227+0000] {logging_mixin.py:190} INFO - [2025-04-02T08:15:47.226+0000] {dag.py:4180} INFO - Setting next_dagrun for tutorial_taskflow_api to None, run_after=None
[2025-04-02T08:15:47.266+0000] {processor.py:208} INFO - Processing /home/airflow/.local/lib/python3.12/site-packages/airflow/example_dags/tutorial_taskflow_api.py took 0.170 seconds
[2025-04-02T08:16:18.132+0000] {processor.py:186} INFO - Started process (PID=9056) to work on /home/airflow/.local/lib/python3.12/site-packages/airflow/example_dags/tutorial_taskflow_api.py
[2025-04-02T08:16:18.134+0000] {processor.py:914} INFO - Processing file /home/airflow/.local/lib/python3.12/site-packages/airflow/example_dags/tutorial_taskflow_api.py for tasks to queue
[2025-04-02T08:16:18.140+0000] {logging_mixin.py:190} INFO - [2025-04-02T08:16:18.139+0000] {dagbag.py:588} INFO - Filling up the DagBag from /home/airflow/.local/lib/python3.12/site-packages/airflow/example_dags/tutorial_taskflow_api.py
[2025-04-02T08:16:18.159+0000] {processor.py:925} INFO - DAG(s) 'tutorial_taskflow_api' retrieved from /home/airflow/.local/lib/python3.12/site-packages/airflow/example_dags/tutorial_taskflow_api.py
[2025-04-02T08:16:18.202+0000] {logging_mixin.py:190} INFO - [2025-04-02T08:16:18.201+0000] {dag.py:3239} INFO - Sync 1 DAGs
[2025-04-02T08:16:18.237+0000] {logging_mixin.py:190} INFO - [2025-04-02T08:16:18.236+0000] {dag.py:4180} INFO - Setting next_dagrun for tutorial_taskflow_api to None, run_after=None
[2025-04-02T08:16:18.279+0000] {processor.py:208} INFO - Processing /home/airflow/.local/lib/python3.12/site-packages/airflow/example_dags/tutorial_taskflow_api.py took 0.160 seconds
[2025-04-02T08:16:49.589+0000] {processor.py:186} INFO - Started process (PID=9122) to work on /home/airflow/.local/lib/python3.12/site-packages/airflow/example_dags/tutorial_taskflow_api.py
[2025-04-02T08:16:49.591+0000] {processor.py:914} INFO - Processing file /home/airflow/.local/lib/python3.12/site-packages/airflow/example_dags/tutorial_taskflow_api.py for tasks to queue
[2025-04-02T08:16:49.595+0000] {logging_mixin.py:190} INFO - [2025-04-02T08:16:49.595+0000] {dagbag.py:588} INFO - Filling up the DagBag from /home/airflow/.local/lib/python3.12/site-packages/airflow/example_dags/tutorial_taskflow_api.py
[2025-04-02T08:16:49.612+0000] {processor.py:925} INFO - DAG(s) 'tutorial_taskflow_api' retrieved from /home/airflow/.local/lib/python3.12/site-packages/airflow/example_dags/tutorial_taskflow_api.py
[2025-04-02T08:16:49.646+0000] {logging_mixin.py:190} INFO - [2025-04-02T08:16:49.645+0000] {dag.py:3239} INFO - Sync 1 DAGs
[2025-04-02T08:16:49.672+0000] {logging_mixin.py:190} INFO - [2025-04-02T08:16:49.671+0000] {dag.py:4180} INFO - Setting next_dagrun for tutorial_taskflow_api to None, run_after=None
[2025-04-02T08:16:49.708+0000] {processor.py:208} INFO - Processing /home/airflow/.local/lib/python3.12/site-packages/airflow/example_dags/tutorial_taskflow_api.py took 0.132 seconds
[2025-04-02T08:17:19.769+0000] {processor.py:186} INFO - Started process (PID=9185) to work on /home/airflow/.local/lib/python3.12/site-packages/airflow/example_dags/tutorial_taskflow_api.py
[2025-04-02T08:17:19.771+0000] {processor.py:914} INFO - Processing file /home/airflow/.local/lib/python3.12/site-packages/airflow/example_dags/tutorial_taskflow_api.py for tasks to queue
[2025-04-02T08:17:19.775+0000] {logging_mixin.py:190} INFO - [2025-04-02T08:17:19.774+0000] {dagbag.py:588} INFO - Filling up the DagBag from /home/airflow/.local/lib/python3.12/site-packages/airflow/example_dags/tutorial_taskflow_api.py
[2025-04-02T08:17:19.792+0000] {processor.py:925} INFO - DAG(s) 'tutorial_taskflow_api' retrieved from /home/airflow/.local/lib/python3.12/site-packages/airflow/example_dags/tutorial_taskflow_api.py
[2025-04-02T08:17:19.826+0000] {logging_mixin.py:190} INFO - [2025-04-02T08:17:19.826+0000] {dag.py:3239} INFO - Sync 1 DAGs
[2025-04-02T08:17:19.851+0000] {logging_mixin.py:190} INFO - [2025-04-02T08:17:19.850+0000] {dag.py:4180} INFO - Setting next_dagrun for tutorial_taskflow_api to None, run_after=None
[2025-04-02T08:17:19.878+0000] {processor.py:208} INFO - Processing /home/airflow/.local/lib/python3.12/site-packages/airflow/example_dags/tutorial_taskflow_api.py took 0.122 seconds
[2025-04-02T08:17:50.368+0000] {processor.py:186} INFO - Started process (PID=9249) to work on /home/airflow/.local/lib/python3.12/site-packages/airflow/example_dags/tutorial_taskflow_api.py
[2025-04-02T08:17:50.370+0000] {processor.py:914} INFO - Processing file /home/airflow/.local/lib/python3.12/site-packages/airflow/example_dags/tutorial_taskflow_api.py for tasks to queue
[2025-04-02T08:17:50.375+0000] {logging_mixin.py:190} INFO - [2025-04-02T08:17:50.375+0000] {dagbag.py:588} INFO - Filling up the DagBag from /home/airflow/.local/lib/python3.12/site-packages/airflow/example_dags/tutorial_taskflow_api.py
[2025-04-02T08:17:50.391+0000] {processor.py:925} INFO - DAG(s) 'tutorial_taskflow_api' retrieved from /home/airflow/.local/lib/python3.12/site-packages/airflow/example_dags/tutorial_taskflow_api.py
[2025-04-02T08:17:50.423+0000] {logging_mixin.py:190} INFO - [2025-04-02T08:17:50.422+0000] {dag.py:3239} INFO - Sync 1 DAGs
[2025-04-02T08:17:50.448+0000] {logging_mixin.py:190} INFO - [2025-04-02T08:17:50.448+0000] {dag.py:4180} INFO - Setting next_dagrun for tutorial_taskflow_api to None, run_after=None
[2025-04-02T08:17:50.477+0000] {processor.py:208} INFO - Processing /home/airflow/.local/lib/python3.12/site-packages/airflow/example_dags/tutorial_taskflow_api.py took 0.121 seconds
[2025-04-02T08:18:20.884+0000] {processor.py:186} INFO - Started process (PID=9313) to work on /home/airflow/.local/lib/python3.12/site-packages/airflow/example_dags/tutorial_taskflow_api.py
[2025-04-02T08:18:20.886+0000] {processor.py:914} INFO - Processing file /home/airflow/.local/lib/python3.12/site-packages/airflow/example_dags/tutorial_taskflow_api.py for tasks to queue
[2025-04-02T08:18:20.890+0000] {logging_mixin.py:190} INFO - [2025-04-02T08:18:20.890+0000] {dagbag.py:588} INFO - Filling up the DagBag from /home/airflow/.local/lib/python3.12/site-packages/airflow/example_dags/tutorial_taskflow_api.py
[2025-04-02T08:18:20.905+0000] {processor.py:925} INFO - DAG(s) 'tutorial_taskflow_api' retrieved from /home/airflow/.local/lib/python3.12/site-packages/airflow/example_dags/tutorial_taskflow_api.py
[2025-04-02T08:18:20.940+0000] {logging_mixin.py:190} INFO - [2025-04-02T08:18:20.939+0000] {dag.py:3239} INFO - Sync 1 DAGs
[2025-04-02T08:18:20.967+0000] {logging_mixin.py:190} INFO - [2025-04-02T08:18:20.967+0000] {dag.py:4180} INFO - Setting next_dagrun for tutorial_taskflow_api to None, run_after=None
[2025-04-02T08:18:20.998+0000] {processor.py:208} INFO - Processing /home/airflow/.local/lib/python3.12/site-packages/airflow/example_dags/tutorial_taskflow_api.py took 0.125 seconds
[2025-04-02T08:18:51.426+0000] {processor.py:186} INFO - Started process (PID=9377) to work on /home/airflow/.local/lib/python3.12/site-packages/airflow/example_dags/tutorial_taskflow_api.py
[2025-04-02T08:18:51.428+0000] {processor.py:914} INFO - Processing file /home/airflow/.local/lib/python3.12/site-packages/airflow/example_dags/tutorial_taskflow_api.py for tasks to queue
[2025-04-02T08:18:51.432+0000] {logging_mixin.py:190} INFO - [2025-04-02T08:18:51.431+0000] {dagbag.py:588} INFO - Filling up the DagBag from /home/airflow/.local/lib/python3.12/site-packages/airflow/example_dags/tutorial_taskflow_api.py
[2025-04-02T08:18:51.447+0000] {processor.py:925} INFO - DAG(s) 'tutorial_taskflow_api' retrieved from /home/airflow/.local/lib/python3.12/site-packages/airflow/example_dags/tutorial_taskflow_api.py
[2025-04-02T08:18:51.481+0000] {logging_mixin.py:190} INFO - [2025-04-02T08:18:51.480+0000] {dag.py:3239} INFO - Sync 1 DAGs
[2025-04-02T08:18:51.511+0000] {logging_mixin.py:190} INFO - [2025-04-02T08:18:51.511+0000] {dag.py:4180} INFO - Setting next_dagrun for tutorial_taskflow_api to None, run_after=None
[2025-04-02T08:18:51.542+0000] {processor.py:208} INFO - Processing /home/airflow/.local/lib/python3.12/site-packages/airflow/example_dags/tutorial_taskflow_api.py took 0.129 seconds
[2025-04-02T08:19:21.893+0000] {processor.py:186} INFO - Started process (PID=9441) to work on /home/airflow/.local/lib/python3.12/site-packages/airflow/example_dags/tutorial_taskflow_api.py
[2025-04-02T08:19:21.895+0000] {processor.py:914} INFO - Processing file /home/airflow/.local/lib/python3.12/site-packages/airflow/example_dags/tutorial_taskflow_api.py for tasks to queue
[2025-04-02T08:19:21.899+0000] {logging_mixin.py:190} INFO - [2025-04-02T08:19:21.898+0000] {dagbag.py:588} INFO - Filling up the DagBag from /home/airflow/.local/lib/python3.12/site-packages/airflow/example_dags/tutorial_taskflow_api.py
[2025-04-02T08:19:21.913+0000] {processor.py:925} INFO - DAG(s) 'tutorial_taskflow_api' retrieved from /home/airflow/.local/lib/python3.12/site-packages/airflow/example_dags/tutorial_taskflow_api.py
[2025-04-02T08:19:21.950+0000] {logging_mixin.py:190} INFO - [2025-04-02T08:19:21.949+0000] {dag.py:3239} INFO - Sync 1 DAGs
[2025-04-02T08:19:21.975+0000] {logging_mixin.py:190} INFO - [2025-04-02T08:19:21.974+0000] {dag.py:4180} INFO - Setting next_dagrun for tutorial_taskflow_api to None, run_after=None
[2025-04-02T08:19:22.008+0000] {processor.py:208} INFO - Processing /home/airflow/.local/lib/python3.12/site-packages/airflow/example_dags/tutorial_taskflow_api.py took 0.130 seconds
[2025-04-02T08:19:52.402+0000] {processor.py:186} INFO - Started process (PID=9505) to work on /home/airflow/.local/lib/python3.12/site-packages/airflow/example_dags/tutorial_taskflow_api.py
[2025-04-02T08:19:52.405+0000] {processor.py:914} INFO - Processing file /home/airflow/.local/lib/python3.12/site-packages/airflow/example_dags/tutorial_taskflow_api.py for tasks to queue
[2025-04-02T08:19:52.410+0000] {logging_mixin.py:190} INFO - [2025-04-02T08:19:52.409+0000] {dagbag.py:588} INFO - Filling up the DagBag from /home/airflow/.local/lib/python3.12/site-packages/airflow/example_dags/tutorial_taskflow_api.py
[2025-04-02T08:19:52.430+0000] {processor.py:925} INFO - DAG(s) 'tutorial_taskflow_api' retrieved from /home/airflow/.local/lib/python3.12/site-packages/airflow/example_dags/tutorial_taskflow_api.py
[2025-04-02T08:19:52.471+0000] {logging_mixin.py:190} INFO - [2025-04-02T08:19:52.470+0000] {dag.py:3239} INFO - Sync 1 DAGs
[2025-04-02T08:19:52.505+0000] {logging_mixin.py:190} INFO - [2025-04-02T08:19:52.505+0000] {dag.py:4180} INFO - Setting next_dagrun for tutorial_taskflow_api to None, run_after=None
[2025-04-02T08:19:52.542+0000] {processor.py:208} INFO - Processing /home/airflow/.local/lib/python3.12/site-packages/airflow/example_dags/tutorial_taskflow_api.py took 0.156 seconds
[2025-04-02T08:20:23.782+0000] {processor.py:186} INFO - Started process (PID=9569) to work on /home/airflow/.local/lib/python3.12/site-packages/airflow/example_dags/tutorial_taskflow_api.py
[2025-04-02T08:20:23.784+0000] {processor.py:914} INFO - Processing file /home/airflow/.local/lib/python3.12/site-packages/airflow/example_dags/tutorial_taskflow_api.py for tasks to queue
[2025-04-02T08:20:23.788+0000] {logging_mixin.py:190} INFO - [2025-04-02T08:20:23.787+0000] {dagbag.py:588} INFO - Filling up the DagBag from /home/airflow/.local/lib/python3.12/site-packages/airflow/example_dags/tutorial_taskflow_api.py
[2025-04-02T08:20:23.803+0000] {processor.py:925} INFO - DAG(s) 'tutorial_taskflow_api' retrieved from /home/airflow/.local/lib/python3.12/site-packages/airflow/example_dags/tutorial_taskflow_api.py
[2025-04-02T08:20:23.836+0000] {logging_mixin.py:190} INFO - [2025-04-02T08:20:23.835+0000] {dag.py:3239} INFO - Sync 1 DAGs
[2025-04-02T08:20:23.860+0000] {logging_mixin.py:190} INFO - [2025-04-02T08:20:23.860+0000] {dag.py:4180} INFO - Setting next_dagrun for tutorial_taskflow_api to None, run_after=None
[2025-04-02T08:20:23.888+0000] {processor.py:208} INFO - Processing /home/airflow/.local/lib/python3.12/site-packages/airflow/example_dags/tutorial_taskflow_api.py took 0.119 seconds
[2025-04-02T08:20:55.749+0000] {processor.py:186} INFO - Started process (PID=9633) to work on /home/airflow/.local/lib/python3.12/site-packages/airflow/example_dags/tutorial_taskflow_api.py
[2025-04-02T08:20:55.754+0000] {processor.py:914} INFO - Processing file /home/airflow/.local/lib/python3.12/site-packages/airflow/example_dags/tutorial_taskflow_api.py for tasks to queue
[2025-04-02T08:20:55.764+0000] {logging_mixin.py:190} INFO - [2025-04-02T08:20:55.763+0000] {dagbag.py:588} INFO - Filling up the DagBag from /home/airflow/.local/lib/python3.12/site-packages/airflow/example_dags/tutorial_taskflow_api.py
[2025-04-02T08:20:55.804+0000] {processor.py:925} INFO - DAG(s) 'tutorial_taskflow_api' retrieved from /home/airflow/.local/lib/python3.12/site-packages/airflow/example_dags/tutorial_taskflow_api.py
[2025-04-02T08:20:55.903+0000] {logging_mixin.py:190} INFO - [2025-04-02T08:20:55.902+0000] {dag.py:3239} INFO - Sync 1 DAGs
[2025-04-02T08:20:55.971+0000] {logging_mixin.py:190} INFO - [2025-04-02T08:20:55.969+0000] {dag.py:4180} INFO - Setting next_dagrun for tutorial_taskflow_api to None, run_after=None
[2025-04-02T08:20:56.032+0000] {processor.py:208} INFO - Processing /home/airflow/.local/lib/python3.12/site-packages/airflow/example_dags/tutorial_taskflow_api.py took 0.310 seconds
[2025-04-02T08:21:26.223+0000] {processor.py:186} INFO - Started process (PID=9697) to work on /home/airflow/.local/lib/python3.12/site-packages/airflow/example_dags/tutorial_taskflow_api.py
[2025-04-02T08:21:26.224+0000] {processor.py:914} INFO - Processing file /home/airflow/.local/lib/python3.12/site-packages/airflow/example_dags/tutorial_taskflow_api.py for tasks to queue
[2025-04-02T08:21:26.228+0000] {logging_mixin.py:190} INFO - [2025-04-02T08:21:26.227+0000] {dagbag.py:588} INFO - Filling up the DagBag from /home/airflow/.local/lib/python3.12/site-packages/airflow/example_dags/tutorial_taskflow_api.py
[2025-04-02T08:21:26.243+0000] {processor.py:925} INFO - DAG(s) 'tutorial_taskflow_api' retrieved from /home/airflow/.local/lib/python3.12/site-packages/airflow/example_dags/tutorial_taskflow_api.py
[2025-04-02T08:21:26.276+0000] {logging_mixin.py:190} INFO - [2025-04-02T08:21:26.275+0000] {dag.py:3239} INFO - Sync 1 DAGs
[2025-04-02T08:21:26.298+0000] {logging_mixin.py:190} INFO - [2025-04-02T08:21:26.298+0000] {dag.py:4180} INFO - Setting next_dagrun for tutorial_taskflow_api to None, run_after=None
[2025-04-02T08:21:26.327+0000] {processor.py:208} INFO - Processing /home/airflow/.local/lib/python3.12/site-packages/airflow/example_dags/tutorial_taskflow_api.py took 0.115 seconds
[2025-04-02T08:21:57.074+0000] {processor.py:186} INFO - Started process (PID=9761) to work on /home/airflow/.local/lib/python3.12/site-packages/airflow/example_dags/tutorial_taskflow_api.py
[2025-04-02T08:21:57.076+0000] {processor.py:914} INFO - Processing file /home/airflow/.local/lib/python3.12/site-packages/airflow/example_dags/tutorial_taskflow_api.py for tasks to queue
[2025-04-02T08:21:57.080+0000] {logging_mixin.py:190} INFO - [2025-04-02T08:21:57.079+0000] {dagbag.py:588} INFO - Filling up the DagBag from /home/airflow/.local/lib/python3.12/site-packages/airflow/example_dags/tutorial_taskflow_api.py
[2025-04-02T08:21:57.095+0000] {processor.py:925} INFO - DAG(s) 'tutorial_taskflow_api' retrieved from /home/airflow/.local/lib/python3.12/site-packages/airflow/example_dags/tutorial_taskflow_api.py
[2025-04-02T08:21:57.128+0000] {logging_mixin.py:190} INFO - [2025-04-02T08:21:57.127+0000] {dag.py:3239} INFO - Sync 1 DAGs
[2025-04-02T08:21:57.151+0000] {logging_mixin.py:190} INFO - [2025-04-02T08:21:57.151+0000] {dag.py:4180} INFO - Setting next_dagrun for tutorial_taskflow_api to None, run_after=None
[2025-04-02T08:21:57.178+0000] {processor.py:208} INFO - Processing /home/airflow/.local/lib/python3.12/site-packages/airflow/example_dags/tutorial_taskflow_api.py took 0.115 seconds
[2025-04-02T08:22:27.982+0000] {processor.py:186} INFO - Started process (PID=9825) to work on /home/airflow/.local/lib/python3.12/site-packages/airflow/example_dags/tutorial_taskflow_api.py
[2025-04-02T08:22:27.983+0000] {processor.py:914} INFO - Processing file /home/airflow/.local/lib/python3.12/site-packages/airflow/example_dags/tutorial_taskflow_api.py for tasks to queue
[2025-04-02T08:22:27.987+0000] {logging_mixin.py:190} INFO - [2025-04-02T08:22:27.987+0000] {dagbag.py:588} INFO - Filling up the DagBag from /home/airflow/.local/lib/python3.12/site-packages/airflow/example_dags/tutorial_taskflow_api.py
[2025-04-02T08:22:28.003+0000] {processor.py:925} INFO - DAG(s) 'tutorial_taskflow_api' retrieved from /home/airflow/.local/lib/python3.12/site-packages/airflow/example_dags/tutorial_taskflow_api.py
[2025-04-02T08:22:28.044+0000] {logging_mixin.py:190} INFO - [2025-04-02T08:22:28.043+0000] {dag.py:3239} INFO - Sync 1 DAGs
[2025-04-02T08:22:28.069+0000] {logging_mixin.py:190} INFO - [2025-04-02T08:22:28.068+0000] {dag.py:4180} INFO - Setting next_dagrun for tutorial_taskflow_api to None, run_after=None
[2025-04-02T08:22:28.100+0000] {processor.py:208} INFO - Processing /home/airflow/.local/lib/python3.12/site-packages/airflow/example_dags/tutorial_taskflow_api.py took 0.129 seconds
[2025-04-02T08:22:58.475+0000] {processor.py:186} INFO - Started process (PID=9889) to work on /home/airflow/.local/lib/python3.12/site-packages/airflow/example_dags/tutorial_taskflow_api.py
[2025-04-02T08:22:58.477+0000] {processor.py:914} INFO - Processing file /home/airflow/.local/lib/python3.12/site-packages/airflow/example_dags/tutorial_taskflow_api.py for tasks to queue
[2025-04-02T08:22:58.481+0000] {logging_mixin.py:190} INFO - [2025-04-02T08:22:58.481+0000] {dagbag.py:588} INFO - Filling up the DagBag from /home/airflow/.local/lib/python3.12/site-packages/airflow/example_dags/tutorial_taskflow_api.py
[2025-04-02T08:22:58.497+0000] {processor.py:925} INFO - DAG(s) 'tutorial_taskflow_api' retrieved from /home/airflow/.local/lib/python3.12/site-packages/airflow/example_dags/tutorial_taskflow_api.py
[2025-04-02T08:22:58.532+0000] {logging_mixin.py:190} INFO - [2025-04-02T08:22:58.531+0000] {dag.py:3239} INFO - Sync 1 DAGs
[2025-04-02T08:22:58.555+0000] {logging_mixin.py:190} INFO - [2025-04-02T08:22:58.555+0000] {dag.py:4180} INFO - Setting next_dagrun for tutorial_taskflow_api to None, run_after=None
[2025-04-02T08:22:58.586+0000] {processor.py:208} INFO - Processing /home/airflow/.local/lib/python3.12/site-packages/airflow/example_dags/tutorial_taskflow_api.py took 0.122 seconds
[2025-04-02T08:23:29.370+0000] {processor.py:186} INFO - Started process (PID=9953) to work on /home/airflow/.local/lib/python3.12/site-packages/airflow/example_dags/tutorial_taskflow_api.py
[2025-04-02T08:23:29.371+0000] {processor.py:914} INFO - Processing file /home/airflow/.local/lib/python3.12/site-packages/airflow/example_dags/tutorial_taskflow_api.py for tasks to queue
[2025-04-02T08:23:29.375+0000] {logging_mixin.py:190} INFO - [2025-04-02T08:23:29.375+0000] {dagbag.py:588} INFO - Filling up the DagBag from /home/airflow/.local/lib/python3.12/site-packages/airflow/example_dags/tutorial_taskflow_api.py
[2025-04-02T08:23:29.392+0000] {processor.py:925} INFO - DAG(s) 'tutorial_taskflow_api' retrieved from /home/airflow/.local/lib/python3.12/site-packages/airflow/example_dags/tutorial_taskflow_api.py
[2025-04-02T08:23:29.432+0000] {logging_mixin.py:190} INFO - [2025-04-02T08:23:29.431+0000] {dag.py:3239} INFO - Sync 1 DAGs
[2025-04-02T08:23:29.457+0000] {logging_mixin.py:190} INFO - [2025-04-02T08:23:29.457+0000] {dag.py:4180} INFO - Setting next_dagrun for tutorial_taskflow_api to None, run_after=None
[2025-04-02T08:23:29.485+0000] {processor.py:208} INFO - Processing /home/airflow/.local/lib/python3.12/site-packages/airflow/example_dags/tutorial_taskflow_api.py took 0.127 seconds
