[2025-04-02T07:56:17.963+0000] {processor.py:186} INFO - Started process (PID=6362) to work on /home/airflow/.local/lib/python3.12/site-packages/airflow/example_dags/tutorial_dag.py
[2025-04-02T07:56:17.967+0000] {processor.py:914} INFO - Processing file /home/airflow/.local/lib/python3.12/site-packages/airflow/example_dags/tutorial_dag.py for tasks to queue
[2025-04-02T07:56:17.975+0000] {logging_mixin.py:190} INFO - [2025-04-02T07:56:17.973+0000] {dagbag.py:588} INFO - Filling up the DagBag from /home/airflow/.local/lib/python3.12/site-packages/airflow/example_dags/tutorial_dag.py
[2025-04-02T07:56:18.010+0000] {processor.py:925} INFO - DAG(s) 'tutorial_dag' retrieved from /home/airflow/.local/lib/python3.12/site-packages/airflow/example_dags/tutorial_dag.py
[2025-04-02T07:56:18.076+0000] {logging_mixin.py:190} INFO - [2025-04-02T07:56:18.075+0000] {dag.py:3239} INFO - Sync 1 DAGs
[2025-04-02T07:56:18.114+0000] {logging_mixin.py:190} INFO - [2025-04-02T07:56:18.113+0000] {dag.py:4180} INFO - Setting next_dagrun for tutorial_dag to None, run_after=None
[2025-04-02T07:56:18.158+0000] {processor.py:208} INFO - Processing /home/airflow/.local/lib/python3.12/site-packages/airflow/example_dags/tutorial_dag.py took 0.239 seconds
[2025-04-02T07:56:48.535+0000] {processor.py:186} INFO - Started process (PID=6426) to work on /home/airflow/.local/lib/python3.12/site-packages/airflow/example_dags/tutorial_dag.py
[2025-04-02T07:56:48.538+0000] {processor.py:914} INFO - Processing file /home/airflow/.local/lib/python3.12/site-packages/airflow/example_dags/tutorial_dag.py for tasks to queue
[2025-04-02T07:56:48.545+0000] {logging_mixin.py:190} INFO - [2025-04-02T07:56:48.544+0000] {dagbag.py:588} INFO - Filling up the DagBag from /home/airflow/.local/lib/python3.12/site-packages/airflow/example_dags/tutorial_dag.py
[2025-04-02T07:56:48.568+0000] {processor.py:925} INFO - DAG(s) 'tutorial_dag' retrieved from /home/airflow/.local/lib/python3.12/site-packages/airflow/example_dags/tutorial_dag.py
[2025-04-02T07:56:48.627+0000] {logging_mixin.py:190} INFO - [2025-04-02T07:56:48.626+0000] {dag.py:3239} INFO - Sync 1 DAGs
[2025-04-02T07:56:48.680+0000] {logging_mixin.py:190} INFO - [2025-04-02T07:56:48.678+0000] {dag.py:4180} INFO - Setting next_dagrun for tutorial_dag to None, run_after=None
[2025-04-02T07:56:48.732+0000] {processor.py:208} INFO - Processing /home/airflow/.local/lib/python3.12/site-packages/airflow/example_dags/tutorial_dag.py took 0.218 seconds
[2025-04-02T07:57:19.097+0000] {processor.py:186} INFO - Started process (PID=6494) to work on /home/airflow/.local/lib/python3.12/site-packages/airflow/example_dags/tutorial_dag.py
[2025-04-02T07:57:19.100+0000] {processor.py:914} INFO - Processing file /home/airflow/.local/lib/python3.12/site-packages/airflow/example_dags/tutorial_dag.py for tasks to queue
[2025-04-02T07:57:19.107+0000] {logging_mixin.py:190} INFO - [2025-04-02T07:57:19.106+0000] {dagbag.py:588} INFO - Filling up the DagBag from /home/airflow/.local/lib/python3.12/site-packages/airflow/example_dags/tutorial_dag.py
[2025-04-02T07:57:19.133+0000] {processor.py:925} INFO - DAG(s) 'tutorial_dag' retrieved from /home/airflow/.local/lib/python3.12/site-packages/airflow/example_dags/tutorial_dag.py
[2025-04-02T07:57:19.188+0000] {logging_mixin.py:190} INFO - [2025-04-02T07:57:19.186+0000] {dag.py:3239} INFO - Sync 1 DAGs
[2025-04-02T07:57:19.224+0000] {logging_mixin.py:190} INFO - [2025-04-02T07:57:19.223+0000] {dag.py:4180} INFO - Setting next_dagrun for tutorial_dag to None, run_after=None
[2025-04-02T07:57:19.276+0000] {processor.py:208} INFO - Processing /home/airflow/.local/lib/python3.12/site-packages/airflow/example_dags/tutorial_dag.py took 0.200 seconds
[2025-04-02T07:57:51.258+0000] {processor.py:186} INFO - Started process (PID=6571) to work on /home/airflow/.local/lib/python3.12/site-packages/airflow/example_dags/tutorial_dag.py
[2025-04-02T07:57:51.261+0000] {processor.py:914} INFO - Processing file /home/airflow/.local/lib/python3.12/site-packages/airflow/example_dags/tutorial_dag.py for tasks to queue
[2025-04-02T07:57:51.269+0000] {logging_mixin.py:190} INFO - [2025-04-02T07:57:51.269+0000] {dagbag.py:588} INFO - Filling up the DagBag from /home/airflow/.local/lib/python3.12/site-packages/airflow/example_dags/tutorial_dag.py
[2025-04-02T07:57:51.310+0000] {processor.py:925} INFO - DAG(s) 'tutorial_dag' retrieved from /home/airflow/.local/lib/python3.12/site-packages/airflow/example_dags/tutorial_dag.py
[2025-04-02T07:57:51.388+0000] {logging_mixin.py:190} INFO - [2025-04-02T07:57:51.387+0000] {dag.py:3239} INFO - Sync 1 DAGs
[2025-04-02T07:57:51.443+0000] {logging_mixin.py:190} INFO - [2025-04-02T07:57:51.443+0000] {dag.py:4180} INFO - Setting next_dagrun for tutorial_dag to None, run_after=None
[2025-04-02T07:57:51.499+0000] {processor.py:208} INFO - Processing /home/airflow/.local/lib/python3.12/site-packages/airflow/example_dags/tutorial_dag.py took 0.269 seconds
[2025-04-02T07:58:22.504+0000] {processor.py:186} INFO - Started process (PID=6636) to work on /home/airflow/.local/lib/python3.12/site-packages/airflow/example_dags/tutorial_dag.py
[2025-04-02T07:58:22.505+0000] {processor.py:914} INFO - Processing file /home/airflow/.local/lib/python3.12/site-packages/airflow/example_dags/tutorial_dag.py for tasks to queue
[2025-04-02T07:58:22.518+0000] {logging_mixin.py:190} INFO - [2025-04-02T07:58:22.517+0000] {dagbag.py:588} INFO - Filling up the DagBag from /home/airflow/.local/lib/python3.12/site-packages/airflow/example_dags/tutorial_dag.py
[2025-04-02T07:58:22.558+0000] {processor.py:925} INFO - DAG(s) 'tutorial_dag' retrieved from /home/airflow/.local/lib/python3.12/site-packages/airflow/example_dags/tutorial_dag.py
[2025-04-02T07:58:22.649+0000] {logging_mixin.py:190} INFO - [2025-04-02T07:58:22.648+0000] {dag.py:3239} INFO - Sync 1 DAGs
[2025-04-02T07:58:22.712+0000] {logging_mixin.py:190} INFO - [2025-04-02T07:58:22.712+0000] {dag.py:4180} INFO - Setting next_dagrun for tutorial_dag to None, run_after=None
[2025-04-02T07:58:22.779+0000] {processor.py:208} INFO - Processing /home/airflow/.local/lib/python3.12/site-packages/airflow/example_dags/tutorial_dag.py took 0.316 seconds
[2025-04-02T07:58:53.340+0000] {processor.py:186} INFO - Started process (PID=6710) to work on /home/airflow/.local/lib/python3.12/site-packages/airflow/example_dags/tutorial_dag.py
[2025-04-02T07:58:53.342+0000] {processor.py:914} INFO - Processing file /home/airflow/.local/lib/python3.12/site-packages/airflow/example_dags/tutorial_dag.py for tasks to queue
[2025-04-02T07:58:53.351+0000] {logging_mixin.py:190} INFO - [2025-04-02T07:58:53.347+0000] {dagbag.py:588} INFO - Filling up the DagBag from /home/airflow/.local/lib/python3.12/site-packages/airflow/example_dags/tutorial_dag.py
[2025-04-02T07:58:53.378+0000] {processor.py:925} INFO - DAG(s) 'tutorial_dag' retrieved from /home/airflow/.local/lib/python3.12/site-packages/airflow/example_dags/tutorial_dag.py
[2025-04-02T07:58:53.431+0000] {logging_mixin.py:190} INFO - [2025-04-02T07:58:53.430+0000] {dag.py:3239} INFO - Sync 1 DAGs
[2025-04-02T07:58:53.471+0000] {logging_mixin.py:190} INFO - [2025-04-02T07:58:53.470+0000] {dag.py:4180} INFO - Setting next_dagrun for tutorial_dag to None, run_after=None
[2025-04-02T07:58:53.512+0000] {processor.py:208} INFO - Processing /home/airflow/.local/lib/python3.12/site-packages/airflow/example_dags/tutorial_dag.py took 0.191 seconds
[2025-04-02T07:59:23.627+0000] {processor.py:186} INFO - Started process (PID=6778) to work on /home/airflow/.local/lib/python3.12/site-packages/airflow/example_dags/tutorial_dag.py
[2025-04-02T07:59:23.628+0000] {processor.py:914} INFO - Processing file /home/airflow/.local/lib/python3.12/site-packages/airflow/example_dags/tutorial_dag.py for tasks to queue
[2025-04-02T07:59:23.634+0000] {logging_mixin.py:190} INFO - [2025-04-02T07:59:23.633+0000] {dagbag.py:588} INFO - Filling up the DagBag from /home/airflow/.local/lib/python3.12/site-packages/airflow/example_dags/tutorial_dag.py
[2025-04-02T07:59:23.653+0000] {processor.py:925} INFO - DAG(s) 'tutorial_dag' retrieved from /home/airflow/.local/lib/python3.12/site-packages/airflow/example_dags/tutorial_dag.py
[2025-04-02T07:59:23.697+0000] {logging_mixin.py:190} INFO - [2025-04-02T07:59:23.696+0000] {dag.py:3239} INFO - Sync 1 DAGs
[2025-04-02T07:59:23.729+0000] {logging_mixin.py:190} INFO - [2025-04-02T07:59:23.729+0000] {dag.py:4180} INFO - Setting next_dagrun for tutorial_dag to None, run_after=None
[2025-04-02T07:59:23.763+0000] {processor.py:208} INFO - Processing /home/airflow/.local/lib/python3.12/site-packages/airflow/example_dags/tutorial_dag.py took 0.152 seconds
[2025-04-02T07:59:55.278+0000] {processor.py:186} INFO - Started process (PID=6854) to work on /home/airflow/.local/lib/python3.12/site-packages/airflow/example_dags/tutorial_dag.py
[2025-04-02T07:59:55.281+0000] {processor.py:914} INFO - Processing file /home/airflow/.local/lib/python3.12/site-packages/airflow/example_dags/tutorial_dag.py for tasks to queue
[2025-04-02T07:59:55.288+0000] {logging_mixin.py:190} INFO - [2025-04-02T07:59:55.287+0000] {dagbag.py:588} INFO - Filling up the DagBag from /home/airflow/.local/lib/python3.12/site-packages/airflow/example_dags/tutorial_dag.py
[2025-04-02T07:59:55.354+0000] {processor.py:925} INFO - DAG(s) 'tutorial_dag' retrieved from /home/airflow/.local/lib/python3.12/site-packages/airflow/example_dags/tutorial_dag.py
[2025-04-02T07:59:55.424+0000] {logging_mixin.py:190} INFO - [2025-04-02T07:59:55.423+0000] {dag.py:3239} INFO - Sync 1 DAGs
[2025-04-02T07:59:55.471+0000] {logging_mixin.py:190} INFO - [2025-04-02T07:59:55.471+0000] {dag.py:4180} INFO - Setting next_dagrun for tutorial_dag to None, run_after=None
[2025-04-02T07:59:55.534+0000] {processor.py:208} INFO - Processing /home/airflow/.local/lib/python3.12/site-packages/airflow/example_dags/tutorial_dag.py took 0.275 seconds
[2025-04-02T08:00:26.231+0000] {processor.py:186} INFO - Started process (PID=6930) to work on /home/airflow/.local/lib/python3.12/site-packages/airflow/example_dags/tutorial_dag.py
[2025-04-02T08:00:26.236+0000] {processor.py:914} INFO - Processing file /home/airflow/.local/lib/python3.12/site-packages/airflow/example_dags/tutorial_dag.py for tasks to queue
[2025-04-02T08:00:26.241+0000] {logging_mixin.py:190} INFO - [2025-04-02T08:00:26.240+0000] {dagbag.py:588} INFO - Filling up the DagBag from /home/airflow/.local/lib/python3.12/site-packages/airflow/example_dags/tutorial_dag.py
[2025-04-02T08:00:26.299+0000] {processor.py:925} INFO - DAG(s) 'tutorial_dag' retrieved from /home/airflow/.local/lib/python3.12/site-packages/airflow/example_dags/tutorial_dag.py
[2025-04-02T08:00:26.387+0000] {logging_mixin.py:190} INFO - [2025-04-02T08:00:26.385+0000] {dag.py:3239} INFO - Sync 1 DAGs
[2025-04-02T08:00:26.443+0000] {logging_mixin.py:190} INFO - [2025-04-02T08:00:26.442+0000] {dag.py:4180} INFO - Setting next_dagrun for tutorial_dag to None, run_after=None
[2025-04-02T08:00:26.501+0000] {processor.py:208} INFO - Processing /home/airflow/.local/lib/python3.12/site-packages/airflow/example_dags/tutorial_dag.py took 0.290 seconds
[2025-04-02T08:00:57.172+0000] {processor.py:186} INFO - Started process (PID=7008) to work on /home/airflow/.local/lib/python3.12/site-packages/airflow/example_dags/tutorial_dag.py
[2025-04-02T08:00:57.176+0000] {processor.py:914} INFO - Processing file /home/airflow/.local/lib/python3.12/site-packages/airflow/example_dags/tutorial_dag.py for tasks to queue
[2025-04-02T08:00:57.189+0000] {logging_mixin.py:190} INFO - [2025-04-02T08:00:57.188+0000] {dagbag.py:588} INFO - Filling up the DagBag from /home/airflow/.local/lib/python3.12/site-packages/airflow/example_dags/tutorial_dag.py
[2025-04-02T08:00:57.213+0000] {processor.py:925} INFO - DAG(s) 'tutorial_dag' retrieved from /home/airflow/.local/lib/python3.12/site-packages/airflow/example_dags/tutorial_dag.py
[2025-04-02T08:00:57.274+0000] {logging_mixin.py:190} INFO - [2025-04-02T08:00:57.272+0000] {dag.py:3239} INFO - Sync 1 DAGs
[2025-04-02T08:00:57.319+0000] {logging_mixin.py:190} INFO - [2025-04-02T08:00:57.318+0000] {dag.py:4180} INFO - Setting next_dagrun for tutorial_dag to None, run_after=None
[2025-04-02T08:00:57.367+0000] {processor.py:208} INFO - Processing /home/airflow/.local/lib/python3.12/site-packages/airflow/example_dags/tutorial_dag.py took 0.232 seconds
[2025-04-02T08:01:28.028+0000] {processor.py:186} INFO - Started process (PID=7093) to work on /home/airflow/.local/lib/python3.12/site-packages/airflow/example_dags/tutorial_dag.py
[2025-04-02T08:01:28.037+0000] {processor.py:914} INFO - Processing file /home/airflow/.local/lib/python3.12/site-packages/airflow/example_dags/tutorial_dag.py for tasks to queue
[2025-04-02T08:01:28.054+0000] {logging_mixin.py:190} INFO - [2025-04-02T08:01:28.043+0000] {dagbag.py:588} INFO - Filling up the DagBag from /home/airflow/.local/lib/python3.12/site-packages/airflow/example_dags/tutorial_dag.py
[2025-04-02T08:01:28.137+0000] {processor.py:925} INFO - DAG(s) 'tutorial_dag' retrieved from /home/airflow/.local/lib/python3.12/site-packages/airflow/example_dags/tutorial_dag.py
[2025-04-02T08:01:28.261+0000] {logging_mixin.py:190} INFO - [2025-04-02T08:01:28.256+0000] {dag.py:3239} INFO - Sync 1 DAGs
[2025-04-02T08:01:28.318+0000] {logging_mixin.py:190} INFO - [2025-04-02T08:01:28.317+0000] {dag.py:4180} INFO - Setting next_dagrun for tutorial_dag to None, run_after=None
[2025-04-02T08:01:28.358+0000] {processor.py:208} INFO - Processing /home/airflow/.local/lib/python3.12/site-packages/airflow/example_dags/tutorial_dag.py took 0.365 seconds
[2025-04-02T08:01:59.358+0000] {processor.py:186} INFO - Started process (PID=7162) to work on /home/airflow/.local/lib/python3.12/site-packages/airflow/example_dags/tutorial_dag.py
[2025-04-02T08:01:59.360+0000] {processor.py:914} INFO - Processing file /home/airflow/.local/lib/python3.12/site-packages/airflow/example_dags/tutorial_dag.py for tasks to queue
[2025-04-02T08:01:59.367+0000] {logging_mixin.py:190} INFO - [2025-04-02T08:01:59.366+0000] {dagbag.py:588} INFO - Filling up the DagBag from /home/airflow/.local/lib/python3.12/site-packages/airflow/example_dags/tutorial_dag.py
[2025-04-02T08:01:59.392+0000] {processor.py:925} INFO - DAG(s) 'tutorial_dag' retrieved from /home/airflow/.local/lib/python3.12/site-packages/airflow/example_dags/tutorial_dag.py
[2025-04-02T08:01:59.465+0000] {logging_mixin.py:190} INFO - [2025-04-02T08:01:59.464+0000] {dag.py:3239} INFO - Sync 1 DAGs
[2025-04-02T08:01:59.514+0000] {logging_mixin.py:190} INFO - [2025-04-02T08:01:59.514+0000] {dag.py:4180} INFO - Setting next_dagrun for tutorial_dag to None, run_after=None
[2025-04-02T08:01:59.579+0000] {processor.py:208} INFO - Processing /home/airflow/.local/lib/python3.12/site-packages/airflow/example_dags/tutorial_dag.py took 0.244 seconds
[2025-04-02T08:02:30.262+0000] {processor.py:186} INFO - Started process (PID=7248) to work on /home/airflow/.local/lib/python3.12/site-packages/airflow/example_dags/tutorial_dag.py
[2025-04-02T08:02:30.263+0000] {processor.py:914} INFO - Processing file /home/airflow/.local/lib/python3.12/site-packages/airflow/example_dags/tutorial_dag.py for tasks to queue
[2025-04-02T08:02:30.268+0000] {logging_mixin.py:190} INFO - [2025-04-02T08:02:30.268+0000] {dagbag.py:588} INFO - Filling up the DagBag from /home/airflow/.local/lib/python3.12/site-packages/airflow/example_dags/tutorial_dag.py
[2025-04-02T08:02:30.288+0000] {processor.py:925} INFO - DAG(s) 'tutorial_dag' retrieved from /home/airflow/.local/lib/python3.12/site-packages/airflow/example_dags/tutorial_dag.py
[2025-04-02T08:02:30.347+0000] {logging_mixin.py:190} INFO - [2025-04-02T08:02:30.344+0000] {dag.py:3239} INFO - Sync 1 DAGs
[2025-04-02T08:02:30.386+0000] {logging_mixin.py:190} INFO - [2025-04-02T08:02:30.386+0000] {dag.py:4180} INFO - Setting next_dagrun for tutorial_dag to None, run_after=None
[2025-04-02T08:02:30.445+0000] {processor.py:208} INFO - Processing /home/airflow/.local/lib/python3.12/site-packages/airflow/example_dags/tutorial_dag.py took 0.212 seconds
[2025-04-02T08:03:00.674+0000] {processor.py:186} INFO - Started process (PID=7316) to work on /home/airflow/.local/lib/python3.12/site-packages/airflow/example_dags/tutorial_dag.py
[2025-04-02T08:03:00.678+0000] {processor.py:914} INFO - Processing file /home/airflow/.local/lib/python3.12/site-packages/airflow/example_dags/tutorial_dag.py for tasks to queue
[2025-04-02T08:03:00.685+0000] {logging_mixin.py:190} INFO - [2025-04-02T08:03:00.684+0000] {dagbag.py:588} INFO - Filling up the DagBag from /home/airflow/.local/lib/python3.12/site-packages/airflow/example_dags/tutorial_dag.py
[2025-04-02T08:03:00.710+0000] {processor.py:925} INFO - DAG(s) 'tutorial_dag' retrieved from /home/airflow/.local/lib/python3.12/site-packages/airflow/example_dags/tutorial_dag.py
[2025-04-02T08:03:00.765+0000] {logging_mixin.py:190} INFO - [2025-04-02T08:03:00.763+0000] {dag.py:3239} INFO - Sync 1 DAGs
[2025-04-02T08:03:00.799+0000] {logging_mixin.py:190} INFO - [2025-04-02T08:03:00.799+0000] {dag.py:4180} INFO - Setting next_dagrun for tutorial_dag to None, run_after=None
[2025-04-02T08:03:00.841+0000] {processor.py:208} INFO - Processing /home/airflow/.local/lib/python3.12/site-packages/airflow/example_dags/tutorial_dag.py took 0.187 seconds
[2025-04-02T08:03:31.145+0000] {processor.py:186} INFO - Started process (PID=7393) to work on /home/airflow/.local/lib/python3.12/site-packages/airflow/example_dags/tutorial_dag.py
[2025-04-02T08:03:31.147+0000] {processor.py:914} INFO - Processing file /home/airflow/.local/lib/python3.12/site-packages/airflow/example_dags/tutorial_dag.py for tasks to queue
[2025-04-02T08:03:31.152+0000] {logging_mixin.py:190} INFO - [2025-04-02T08:03:31.151+0000] {dagbag.py:588} INFO - Filling up the DagBag from /home/airflow/.local/lib/python3.12/site-packages/airflow/example_dags/tutorial_dag.py
[2025-04-02T08:03:31.172+0000] {processor.py:925} INFO - DAG(s) 'tutorial_dag' retrieved from /home/airflow/.local/lib/python3.12/site-packages/airflow/example_dags/tutorial_dag.py
[2025-04-02T08:03:31.224+0000] {logging_mixin.py:190} INFO - [2025-04-02T08:03:31.223+0000] {dag.py:3239} INFO - Sync 1 DAGs
[2025-04-02T08:03:31.259+0000] {logging_mixin.py:190} INFO - [2025-04-02T08:03:31.259+0000] {dag.py:4180} INFO - Setting next_dagrun for tutorial_dag to None, run_after=None
[2025-04-02T08:03:31.303+0000] {processor.py:208} INFO - Processing /home/airflow/.local/lib/python3.12/site-packages/airflow/example_dags/tutorial_dag.py took 0.179 seconds
[2025-04-02T08:04:01.558+0000] {processor.py:186} INFO - Started process (PID=7461) to work on /home/airflow/.local/lib/python3.12/site-packages/airflow/example_dags/tutorial_dag.py
[2025-04-02T08:04:01.561+0000] {processor.py:914} INFO - Processing file /home/airflow/.local/lib/python3.12/site-packages/airflow/example_dags/tutorial_dag.py for tasks to queue
[2025-04-02T08:04:01.571+0000] {logging_mixin.py:190} INFO - [2025-04-02T08:04:01.567+0000] {dagbag.py:588} INFO - Filling up the DagBag from /home/airflow/.local/lib/python3.12/site-packages/airflow/example_dags/tutorial_dag.py
[2025-04-02T08:04:01.620+0000] {processor.py:925} INFO - DAG(s) 'tutorial_dag' retrieved from /home/airflow/.local/lib/python3.12/site-packages/airflow/example_dags/tutorial_dag.py
[2025-04-02T08:04:01.717+0000] {logging_mixin.py:190} INFO - [2025-04-02T08:04:01.716+0000] {dag.py:3239} INFO - Sync 1 DAGs
[2025-04-02T08:04:01.795+0000] {logging_mixin.py:190} INFO - [2025-04-02T08:04:01.789+0000] {dag.py:4180} INFO - Setting next_dagrun for tutorial_dag to None, run_after=None
[2025-04-02T08:04:01.860+0000] {processor.py:208} INFO - Processing /home/airflow/.local/lib/python3.12/site-packages/airflow/example_dags/tutorial_dag.py took 0.343 seconds
[2025-04-02T08:04:32.693+0000] {processor.py:186} INFO - Started process (PID=7539) to work on /home/airflow/.local/lib/python3.12/site-packages/airflow/example_dags/tutorial_dag.py
[2025-04-02T08:04:32.698+0000] {processor.py:914} INFO - Processing file /home/airflow/.local/lib/python3.12/site-packages/airflow/example_dags/tutorial_dag.py for tasks to queue
[2025-04-02T08:04:32.703+0000] {logging_mixin.py:190} INFO - [2025-04-02T08:04:32.702+0000] {dagbag.py:588} INFO - Filling up the DagBag from /home/airflow/.local/lib/python3.12/site-packages/airflow/example_dags/tutorial_dag.py
[2025-04-02T08:04:32.721+0000] {processor.py:925} INFO - DAG(s) 'tutorial_dag' retrieved from /home/airflow/.local/lib/python3.12/site-packages/airflow/example_dags/tutorial_dag.py
[2025-04-02T08:04:32.773+0000] {logging_mixin.py:190} INFO - [2025-04-02T08:04:32.772+0000] {dag.py:3239} INFO - Sync 1 DAGs
[2025-04-02T08:04:32.811+0000] {logging_mixin.py:190} INFO - [2025-04-02T08:04:32.810+0000] {dag.py:4180} INFO - Setting next_dagrun for tutorial_dag to None, run_after=None
[2025-04-02T08:04:32.852+0000] {processor.py:208} INFO - Processing /home/airflow/.local/lib/python3.12/site-packages/airflow/example_dags/tutorial_dag.py took 0.180 seconds
[2025-04-02T08:05:03.686+0000] {processor.py:186} INFO - Started process (PID=7612) to work on /home/airflow/.local/lib/python3.12/site-packages/airflow/example_dags/tutorial_dag.py
[2025-04-02T08:05:03.691+0000] {processor.py:914} INFO - Processing file /home/airflow/.local/lib/python3.12/site-packages/airflow/example_dags/tutorial_dag.py for tasks to queue
[2025-04-02T08:05:03.697+0000] {logging_mixin.py:190} INFO - [2025-04-02T08:05:03.696+0000] {dagbag.py:588} INFO - Filling up the DagBag from /home/airflow/.local/lib/python3.12/site-packages/airflow/example_dags/tutorial_dag.py
[2025-04-02T08:05:03.721+0000] {processor.py:925} INFO - DAG(s) 'tutorial_dag' retrieved from /home/airflow/.local/lib/python3.12/site-packages/airflow/example_dags/tutorial_dag.py
[2025-04-02T08:05:03.764+0000] {logging_mixin.py:190} INFO - [2025-04-02T08:05:03.763+0000] {dag.py:3239} INFO - Sync 1 DAGs
[2025-04-02T08:05:03.799+0000] {logging_mixin.py:190} INFO - [2025-04-02T08:05:03.798+0000] {dag.py:4180} INFO - Setting next_dagrun for tutorial_dag to None, run_after=None
[2025-04-02T08:05:03.840+0000] {processor.py:208} INFO - Processing /home/airflow/.local/lib/python3.12/site-packages/airflow/example_dags/tutorial_dag.py took 0.170 seconds
[2025-04-02T08:05:34.325+0000] {processor.py:186} INFO - Started process (PID=7676) to work on /home/airflow/.local/lib/python3.12/site-packages/airflow/example_dags/tutorial_dag.py
[2025-04-02T08:05:34.327+0000] {processor.py:914} INFO - Processing file /home/airflow/.local/lib/python3.12/site-packages/airflow/example_dags/tutorial_dag.py for tasks to queue
[2025-04-02T08:05:34.337+0000] {logging_mixin.py:190} INFO - [2025-04-02T08:05:34.336+0000] {dagbag.py:588} INFO - Filling up the DagBag from /home/airflow/.local/lib/python3.12/site-packages/airflow/example_dags/tutorial_dag.py
[2025-04-02T08:05:34.366+0000] {processor.py:925} INFO - DAG(s) 'tutorial_dag' retrieved from /home/airflow/.local/lib/python3.12/site-packages/airflow/example_dags/tutorial_dag.py
[2025-04-02T08:05:34.445+0000] {logging_mixin.py:190} INFO - [2025-04-02T08:05:34.442+0000] {dag.py:3239} INFO - Sync 1 DAGs
[2025-04-02T08:05:34.492+0000] {logging_mixin.py:190} INFO - [2025-04-02T08:05:34.491+0000] {dag.py:4180} INFO - Setting next_dagrun for tutorial_dag to None, run_after=None
[2025-04-02T08:05:34.534+0000] {processor.py:208} INFO - Processing /home/airflow/.local/lib/python3.12/site-packages/airflow/example_dags/tutorial_dag.py took 0.228 seconds
[2025-04-02T08:06:15.396+0000] {processor.py:186} INFO - Started process (PID=7754) to work on /home/airflow/.local/lib/python3.12/site-packages/airflow/example_dags/tutorial_dag.py
[2025-04-02T08:06:15.414+0000] {processor.py:914} INFO - Processing file /home/airflow/.local/lib/python3.12/site-packages/airflow/example_dags/tutorial_dag.py for tasks to queue
[2025-04-02T08:06:15.439+0000] {logging_mixin.py:190} INFO - [2025-04-02T08:06:15.439+0000] {dagbag.py:588} INFO - Filling up the DagBag from /home/airflow/.local/lib/python3.12/site-packages/airflow/example_dags/tutorial_dag.py
[2025-04-02T08:06:15.545+0000] {processor.py:925} INFO - DAG(s) 'tutorial_dag' retrieved from /home/airflow/.local/lib/python3.12/site-packages/airflow/example_dags/tutorial_dag.py
[2025-04-02T08:06:15.824+0000] {logging_mixin.py:190} INFO - [2025-04-02T08:06:15.822+0000] {dag.py:3239} INFO - Sync 1 DAGs
[2025-04-02T08:06:16.316+0000] {logging_mixin.py:190} INFO - [2025-04-02T08:06:16.310+0000] {dag.py:4180} INFO - Setting next_dagrun for tutorial_dag to None, run_after=None
[2025-04-02T08:06:16.755+0000] {processor.py:208} INFO - Processing /home/airflow/.local/lib/python3.12/site-packages/airflow/example_dags/tutorial_dag.py took 1.469 seconds
[2025-04-02T08:06:47.130+0000] {processor.py:186} INFO - Started process (PID=7818) to work on /home/airflow/.local/lib/python3.12/site-packages/airflow/example_dags/tutorial_dag.py
[2025-04-02T08:06:47.132+0000] {processor.py:914} INFO - Processing file /home/airflow/.local/lib/python3.12/site-packages/airflow/example_dags/tutorial_dag.py for tasks to queue
[2025-04-02T08:06:47.138+0000] {logging_mixin.py:190} INFO - [2025-04-02T08:06:47.137+0000] {dagbag.py:588} INFO - Filling up the DagBag from /home/airflow/.local/lib/python3.12/site-packages/airflow/example_dags/tutorial_dag.py
[2025-04-02T08:06:47.158+0000] {processor.py:925} INFO - DAG(s) 'tutorial_dag' retrieved from /home/airflow/.local/lib/python3.12/site-packages/airflow/example_dags/tutorial_dag.py
[2025-04-02T08:06:47.206+0000] {logging_mixin.py:190} INFO - [2025-04-02T08:06:47.205+0000] {dag.py:3239} INFO - Sync 1 DAGs
[2025-04-02T08:06:47.245+0000] {logging_mixin.py:190} INFO - [2025-04-02T08:06:47.245+0000] {dag.py:4180} INFO - Setting next_dagrun for tutorial_dag to None, run_after=None
[2025-04-02T08:06:47.288+0000] {processor.py:208} INFO - Processing /home/airflow/.local/lib/python3.12/site-packages/airflow/example_dags/tutorial_dag.py took 0.170 seconds
[2025-04-02T08:07:17.616+0000] {processor.py:186} INFO - Started process (PID=7886) to work on /home/airflow/.local/lib/python3.12/site-packages/airflow/example_dags/tutorial_dag.py
[2025-04-02T08:07:17.619+0000] {processor.py:914} INFO - Processing file /home/airflow/.local/lib/python3.12/site-packages/airflow/example_dags/tutorial_dag.py for tasks to queue
[2025-04-02T08:07:17.631+0000] {logging_mixin.py:190} INFO - [2025-04-02T08:07:17.628+0000] {dagbag.py:588} INFO - Filling up the DagBag from /home/airflow/.local/lib/python3.12/site-packages/airflow/example_dags/tutorial_dag.py
[2025-04-02T08:07:17.667+0000] {processor.py:925} INFO - DAG(s) 'tutorial_dag' retrieved from /home/airflow/.local/lib/python3.12/site-packages/airflow/example_dags/tutorial_dag.py
[2025-04-02T08:07:17.776+0000] {logging_mixin.py:190} INFO - [2025-04-02T08:07:17.775+0000] {dag.py:3239} INFO - Sync 1 DAGs
[2025-04-02T08:07:17.857+0000] {logging_mixin.py:190} INFO - [2025-04-02T08:07:17.852+0000] {dag.py:4180} INFO - Setting next_dagrun for tutorial_dag to None, run_after=None
[2025-04-02T08:07:17.929+0000] {processor.py:208} INFO - Processing /home/airflow/.local/lib/python3.12/site-packages/airflow/example_dags/tutorial_dag.py took 0.362 seconds
[2025-04-02T08:07:48.093+0000] {processor.py:186} INFO - Started process (PID=7971) to work on /home/airflow/.local/lib/python3.12/site-packages/airflow/example_dags/tutorial_dag.py
[2025-04-02T08:07:48.096+0000] {processor.py:914} INFO - Processing file /home/airflow/.local/lib/python3.12/site-packages/airflow/example_dags/tutorial_dag.py for tasks to queue
[2025-04-02T08:07:48.106+0000] {logging_mixin.py:190} INFO - [2025-04-02T08:07:48.105+0000] {dagbag.py:588} INFO - Filling up the DagBag from /home/airflow/.local/lib/python3.12/site-packages/airflow/example_dags/tutorial_dag.py
[2025-04-02T08:07:48.131+0000] {processor.py:925} INFO - DAG(s) 'tutorial_dag' retrieved from /home/airflow/.local/lib/python3.12/site-packages/airflow/example_dags/tutorial_dag.py
[2025-04-02T08:07:48.208+0000] {logging_mixin.py:190} INFO - [2025-04-02T08:07:48.207+0000] {dag.py:3239} INFO - Sync 1 DAGs
[2025-04-02T08:07:48.279+0000] {logging_mixin.py:190} INFO - [2025-04-02T08:07:48.278+0000] {dag.py:4180} INFO - Setting next_dagrun for tutorial_dag to None, run_after=None
[2025-04-02T08:07:48.346+0000] {processor.py:208} INFO - Processing /home/airflow/.local/lib/python3.12/site-packages/airflow/example_dags/tutorial_dag.py took 0.276 seconds
[2025-04-02T08:08:18.478+0000] {processor.py:186} INFO - Started process (PID=8034) to work on /home/airflow/.local/lib/python3.12/site-packages/airflow/example_dags/tutorial_dag.py
[2025-04-02T08:08:18.480+0000] {processor.py:914} INFO - Processing file /home/airflow/.local/lib/python3.12/site-packages/airflow/example_dags/tutorial_dag.py for tasks to queue
[2025-04-02T08:08:18.488+0000] {logging_mixin.py:190} INFO - [2025-04-02T08:08:18.485+0000] {dagbag.py:588} INFO - Filling up the DagBag from /home/airflow/.local/lib/python3.12/site-packages/airflow/example_dags/tutorial_dag.py
[2025-04-02T08:08:18.519+0000] {processor.py:925} INFO - DAG(s) 'tutorial_dag' retrieved from /home/airflow/.local/lib/python3.12/site-packages/airflow/example_dags/tutorial_dag.py
[2025-04-02T08:08:18.572+0000] {logging_mixin.py:190} INFO - [2025-04-02T08:08:18.570+0000] {dag.py:3239} INFO - Sync 1 DAGs
[2025-04-02T08:08:18.610+0000] {logging_mixin.py:190} INFO - [2025-04-02T08:08:18.609+0000] {dag.py:4180} INFO - Setting next_dagrun for tutorial_dag to None, run_after=None
[2025-04-02T08:08:18.654+0000] {processor.py:208} INFO - Processing /home/airflow/.local/lib/python3.12/site-packages/airflow/example_dags/tutorial_dag.py took 0.203 seconds
[2025-04-02T08:08:49.779+0000] {processor.py:186} INFO - Started process (PID=8112) to work on /home/airflow/.local/lib/python3.12/site-packages/airflow/example_dags/tutorial_dag.py
[2025-04-02T08:08:49.781+0000] {processor.py:914} INFO - Processing file /home/airflow/.local/lib/python3.12/site-packages/airflow/example_dags/tutorial_dag.py for tasks to queue
[2025-04-02T08:08:49.789+0000] {logging_mixin.py:190} INFO - [2025-04-02T08:08:49.788+0000] {dagbag.py:588} INFO - Filling up the DagBag from /home/airflow/.local/lib/python3.12/site-packages/airflow/example_dags/tutorial_dag.py
[2025-04-02T08:08:49.811+0000] {processor.py:925} INFO - DAG(s) 'tutorial_dag' retrieved from /home/airflow/.local/lib/python3.12/site-packages/airflow/example_dags/tutorial_dag.py
[2025-04-02T08:08:49.864+0000] {logging_mixin.py:190} INFO - [2025-04-02T08:08:49.862+0000] {dag.py:3239} INFO - Sync 1 DAGs
[2025-04-02T08:08:49.906+0000] {logging_mixin.py:190} INFO - [2025-04-02T08:08:49.905+0000] {dag.py:4180} INFO - Setting next_dagrun for tutorial_dag to None, run_after=None
[2025-04-02T08:08:49.952+0000] {processor.py:208} INFO - Processing /home/airflow/.local/lib/python3.12/site-packages/airflow/example_dags/tutorial_dag.py took 0.190 seconds
[2025-04-02T08:09:20.323+0000] {processor.py:186} INFO - Started process (PID=8176) to work on /home/airflow/.local/lib/python3.12/site-packages/airflow/example_dags/tutorial_dag.py
[2025-04-02T08:09:20.325+0000] {processor.py:914} INFO - Processing file /home/airflow/.local/lib/python3.12/site-packages/airflow/example_dags/tutorial_dag.py for tasks to queue
[2025-04-02T08:09:20.331+0000] {logging_mixin.py:190} INFO - [2025-04-02T08:09:20.330+0000] {dagbag.py:588} INFO - Filling up the DagBag from /home/airflow/.local/lib/python3.12/site-packages/airflow/example_dags/tutorial_dag.py
[2025-04-02T08:09:20.346+0000] {processor.py:925} INFO - DAG(s) 'tutorial_dag' retrieved from /home/airflow/.local/lib/python3.12/site-packages/airflow/example_dags/tutorial_dag.py
[2025-04-02T08:09:20.386+0000] {logging_mixin.py:190} INFO - [2025-04-02T08:09:20.385+0000] {dag.py:3239} INFO - Sync 1 DAGs
[2025-04-02T08:09:20.410+0000] {logging_mixin.py:190} INFO - [2025-04-02T08:09:20.409+0000] {dag.py:4180} INFO - Setting next_dagrun for tutorial_dag to None, run_after=None
[2025-04-02T08:09:20.438+0000] {processor.py:208} INFO - Processing /home/airflow/.local/lib/python3.12/site-packages/airflow/example_dags/tutorial_dag.py took 0.129 seconds
[2025-04-02T08:09:51.492+0000] {processor.py:186} INFO - Started process (PID=8248) to work on /home/airflow/.local/lib/python3.12/site-packages/airflow/example_dags/tutorial_dag.py
[2025-04-02T08:09:51.498+0000] {processor.py:914} INFO - Processing file /home/airflow/.local/lib/python3.12/site-packages/airflow/example_dags/tutorial_dag.py for tasks to queue
[2025-04-02T08:09:51.510+0000] {logging_mixin.py:190} INFO - [2025-04-02T08:09:51.507+0000] {dagbag.py:588} INFO - Filling up the DagBag from /home/airflow/.local/lib/python3.12/site-packages/airflow/example_dags/tutorial_dag.py
[2025-04-02T08:09:51.550+0000] {processor.py:925} INFO - DAG(s) 'tutorial_dag' retrieved from /home/airflow/.local/lib/python3.12/site-packages/airflow/example_dags/tutorial_dag.py
[2025-04-02T08:09:51.644+0000] {logging_mixin.py:190} INFO - [2025-04-02T08:09:51.643+0000] {dag.py:3239} INFO - Sync 1 DAGs
[2025-04-02T08:09:51.705+0000] {logging_mixin.py:190} INFO - [2025-04-02T08:09:51.705+0000] {dag.py:4180} INFO - Setting next_dagrun for tutorial_dag to None, run_after=None
[2025-04-02T08:09:51.767+0000] {processor.py:208} INFO - Processing /home/airflow/.local/lib/python3.12/site-packages/airflow/example_dags/tutorial_dag.py took 0.316 seconds
[2025-04-02T08:10:22.749+0000] {processor.py:186} INFO - Started process (PID=8322) to work on /home/airflow/.local/lib/python3.12/site-packages/airflow/example_dags/tutorial_dag.py
[2025-04-02T08:10:22.752+0000] {processor.py:914} INFO - Processing file /home/airflow/.local/lib/python3.12/site-packages/airflow/example_dags/tutorial_dag.py for tasks to queue
[2025-04-02T08:10:22.760+0000] {logging_mixin.py:190} INFO - [2025-04-02T08:10:22.759+0000] {dagbag.py:588} INFO - Filling up the DagBag from /home/airflow/.local/lib/python3.12/site-packages/airflow/example_dags/tutorial_dag.py
[2025-04-02T08:10:22.784+0000] {processor.py:925} INFO - DAG(s) 'tutorial_dag' retrieved from /home/airflow/.local/lib/python3.12/site-packages/airflow/example_dags/tutorial_dag.py
[2025-04-02T08:10:22.838+0000] {logging_mixin.py:190} INFO - [2025-04-02T08:10:22.836+0000] {dag.py:3239} INFO - Sync 1 DAGs
[2025-04-02T08:10:22.873+0000] {logging_mixin.py:190} INFO - [2025-04-02T08:10:22.873+0000] {dag.py:4180} INFO - Setting next_dagrun for tutorial_dag to None, run_after=None
[2025-04-02T08:10:22.919+0000] {processor.py:208} INFO - Processing /home/airflow/.local/lib/python3.12/site-packages/airflow/example_dags/tutorial_dag.py took 0.193 seconds
[2025-04-02T08:10:53.069+0000] {processor.py:186} INFO - Started process (PID=8390) to work on /home/airflow/.local/lib/python3.12/site-packages/airflow/example_dags/tutorial_dag.py
[2025-04-02T08:10:53.071+0000] {processor.py:914} INFO - Processing file /home/airflow/.local/lib/python3.12/site-packages/airflow/example_dags/tutorial_dag.py for tasks to queue
[2025-04-02T08:10:53.075+0000] {logging_mixin.py:190} INFO - [2025-04-02T08:10:53.074+0000] {dagbag.py:588} INFO - Filling up the DagBag from /home/airflow/.local/lib/python3.12/site-packages/airflow/example_dags/tutorial_dag.py
[2025-04-02T08:10:53.089+0000] {processor.py:925} INFO - DAG(s) 'tutorial_dag' retrieved from /home/airflow/.local/lib/python3.12/site-packages/airflow/example_dags/tutorial_dag.py
[2025-04-02T08:10:53.122+0000] {logging_mixin.py:190} INFO - [2025-04-02T08:10:53.121+0000] {dag.py:3239} INFO - Sync 1 DAGs
[2025-04-02T08:10:53.145+0000] {logging_mixin.py:190} INFO - [2025-04-02T08:10:53.145+0000] {dag.py:4180} INFO - Setting next_dagrun for tutorial_dag to None, run_after=None
[2025-04-02T08:10:53.176+0000] {processor.py:208} INFO - Processing /home/airflow/.local/lib/python3.12/site-packages/airflow/example_dags/tutorial_dag.py took 0.119 seconds
[2025-04-02T08:11:24.152+0000] {processor.py:186} INFO - Started process (PID=8454) to work on /home/airflow/.local/lib/python3.12/site-packages/airflow/example_dags/tutorial_dag.py
[2025-04-02T08:11:24.154+0000] {processor.py:914} INFO - Processing file /home/airflow/.local/lib/python3.12/site-packages/airflow/example_dags/tutorial_dag.py for tasks to queue
[2025-04-02T08:11:24.158+0000] {logging_mixin.py:190} INFO - [2025-04-02T08:11:24.157+0000] {dagbag.py:588} INFO - Filling up the DagBag from /home/airflow/.local/lib/python3.12/site-packages/airflow/example_dags/tutorial_dag.py
[2025-04-02T08:11:24.172+0000] {processor.py:925} INFO - DAG(s) 'tutorial_dag' retrieved from /home/airflow/.local/lib/python3.12/site-packages/airflow/example_dags/tutorial_dag.py
[2025-04-02T08:11:24.210+0000] {logging_mixin.py:190} INFO - [2025-04-02T08:11:24.210+0000] {dag.py:3239} INFO - Sync 1 DAGs
[2025-04-02T08:11:24.236+0000] {logging_mixin.py:190} INFO - [2025-04-02T08:11:24.235+0000] {dag.py:4180} INFO - Setting next_dagrun for tutorial_dag to None, run_after=None
[2025-04-02T08:11:24.267+0000] {processor.py:208} INFO - Processing /home/airflow/.local/lib/python3.12/site-packages/airflow/example_dags/tutorial_dag.py took 0.126 seconds
[2025-04-02T08:11:55.497+0000] {processor.py:186} INFO - Started process (PID=8518) to work on /home/airflow/.local/lib/python3.12/site-packages/airflow/example_dags/tutorial_dag.py
[2025-04-02T08:11:55.499+0000] {processor.py:914} INFO - Processing file /home/airflow/.local/lib/python3.12/site-packages/airflow/example_dags/tutorial_dag.py for tasks to queue
[2025-04-02T08:11:55.503+0000] {logging_mixin.py:190} INFO - [2025-04-02T08:11:55.502+0000] {dagbag.py:588} INFO - Filling up the DagBag from /home/airflow/.local/lib/python3.12/site-packages/airflow/example_dags/tutorial_dag.py
[2025-04-02T08:11:55.517+0000] {processor.py:925} INFO - DAG(s) 'tutorial_dag' retrieved from /home/airflow/.local/lib/python3.12/site-packages/airflow/example_dags/tutorial_dag.py
[2025-04-02T08:11:55.560+0000] {logging_mixin.py:190} INFO - [2025-04-02T08:11:55.559+0000] {dag.py:3239} INFO - Sync 1 DAGs
[2025-04-02T08:11:55.584+0000] {logging_mixin.py:190} INFO - [2025-04-02T08:11:55.584+0000] {dag.py:4180} INFO - Setting next_dagrun for tutorial_dag to None, run_after=None
[2025-04-02T08:11:55.615+0000] {processor.py:208} INFO - Processing /home/airflow/.local/lib/python3.12/site-packages/airflow/example_dags/tutorial_dag.py took 0.130 seconds
[2025-04-02T08:12:26.903+0000] {processor.py:186} INFO - Started process (PID=8582) to work on /home/airflow/.local/lib/python3.12/site-packages/airflow/example_dags/tutorial_dag.py
[2025-04-02T08:12:26.905+0000] {processor.py:914} INFO - Processing file /home/airflow/.local/lib/python3.12/site-packages/airflow/example_dags/tutorial_dag.py for tasks to queue
[2025-04-02T08:12:26.909+0000] {logging_mixin.py:190} INFO - [2025-04-02T08:12:26.909+0000] {dagbag.py:588} INFO - Filling up the DagBag from /home/airflow/.local/lib/python3.12/site-packages/airflow/example_dags/tutorial_dag.py
[2025-04-02T08:12:26.925+0000] {processor.py:925} INFO - DAG(s) 'tutorial_dag' retrieved from /home/airflow/.local/lib/python3.12/site-packages/airflow/example_dags/tutorial_dag.py
[2025-04-02T08:12:26.961+0000] {logging_mixin.py:190} INFO - [2025-04-02T08:12:26.960+0000] {dag.py:3239} INFO - Sync 1 DAGs
[2025-04-02T08:12:26.987+0000] {logging_mixin.py:190} INFO - [2025-04-02T08:12:26.986+0000] {dag.py:4180} INFO - Setting next_dagrun for tutorial_dag to None, run_after=None
[2025-04-02T08:12:27.018+0000] {processor.py:208} INFO - Processing /home/airflow/.local/lib/python3.12/site-packages/airflow/example_dags/tutorial_dag.py took 0.127 seconds
[2025-04-02T08:12:57.530+0000] {processor.py:186} INFO - Started process (PID=8646) to work on /home/airflow/.local/lib/python3.12/site-packages/airflow/example_dags/tutorial_dag.py
[2025-04-02T08:12:57.532+0000] {processor.py:914} INFO - Processing file /home/airflow/.local/lib/python3.12/site-packages/airflow/example_dags/tutorial_dag.py for tasks to queue
[2025-04-02T08:12:57.537+0000] {logging_mixin.py:190} INFO - [2025-04-02T08:12:57.536+0000] {dagbag.py:588} INFO - Filling up the DagBag from /home/airflow/.local/lib/python3.12/site-packages/airflow/example_dags/tutorial_dag.py
[2025-04-02T08:12:57.551+0000] {processor.py:925} INFO - DAG(s) 'tutorial_dag' retrieved from /home/airflow/.local/lib/python3.12/site-packages/airflow/example_dags/tutorial_dag.py
[2025-04-02T08:12:57.584+0000] {logging_mixin.py:190} INFO - [2025-04-02T08:12:57.583+0000] {dag.py:3239} INFO - Sync 1 DAGs
[2025-04-02T08:12:57.609+0000] {logging_mixin.py:190} INFO - [2025-04-02T08:12:57.608+0000] {dag.py:4180} INFO - Setting next_dagrun for tutorial_dag to None, run_after=None
[2025-04-02T08:12:57.643+0000] {processor.py:208} INFO - Processing /home/airflow/.local/lib/python3.12/site-packages/airflow/example_dags/tutorial_dag.py took 0.124 seconds
[2025-04-02T08:13:28.589+0000] {processor.py:186} INFO - Started process (PID=8710) to work on /home/airflow/.local/lib/python3.12/site-packages/airflow/example_dags/tutorial_dag.py
[2025-04-02T08:13:28.590+0000] {processor.py:914} INFO - Processing file /home/airflow/.local/lib/python3.12/site-packages/airflow/example_dags/tutorial_dag.py for tasks to queue
[2025-04-02T08:13:28.594+0000] {logging_mixin.py:190} INFO - [2025-04-02T08:13:28.594+0000] {dagbag.py:588} INFO - Filling up the DagBag from /home/airflow/.local/lib/python3.12/site-packages/airflow/example_dags/tutorial_dag.py
[2025-04-02T08:13:28.608+0000] {processor.py:925} INFO - DAG(s) 'tutorial_dag' retrieved from /home/airflow/.local/lib/python3.12/site-packages/airflow/example_dags/tutorial_dag.py
[2025-04-02T08:13:28.642+0000] {logging_mixin.py:190} INFO - [2025-04-02T08:13:28.641+0000] {dag.py:3239} INFO - Sync 1 DAGs
[2025-04-02T08:13:28.666+0000] {logging_mixin.py:190} INFO - [2025-04-02T08:13:28.665+0000] {dag.py:4180} INFO - Setting next_dagrun for tutorial_dag to None, run_after=None
[2025-04-02T08:13:28.694+0000] {processor.py:208} INFO - Processing /home/airflow/.local/lib/python3.12/site-packages/airflow/example_dags/tutorial_dag.py took 0.117 seconds
[2025-04-02T08:13:59.167+0000] {processor.py:186} INFO - Started process (PID=8774) to work on /home/airflow/.local/lib/python3.12/site-packages/airflow/example_dags/tutorial_dag.py
[2025-04-02T08:13:59.169+0000] {processor.py:914} INFO - Processing file /home/airflow/.local/lib/python3.12/site-packages/airflow/example_dags/tutorial_dag.py for tasks to queue
[2025-04-02T08:13:59.175+0000] {logging_mixin.py:190} INFO - [2025-04-02T08:13:59.174+0000] {dagbag.py:588} INFO - Filling up the DagBag from /home/airflow/.local/lib/python3.12/site-packages/airflow/example_dags/tutorial_dag.py
[2025-04-02T08:13:59.194+0000] {processor.py:925} INFO - DAG(s) 'tutorial_dag' retrieved from /home/airflow/.local/lib/python3.12/site-packages/airflow/example_dags/tutorial_dag.py
[2025-04-02T08:13:59.241+0000] {logging_mixin.py:190} INFO - [2025-04-02T08:13:59.240+0000] {dag.py:3239} INFO - Sync 1 DAGs
[2025-04-02T08:13:59.276+0000] {logging_mixin.py:190} INFO - [2025-04-02T08:13:59.275+0000] {dag.py:4180} INFO - Setting next_dagrun for tutorial_dag to None, run_after=None
[2025-04-02T08:13:59.315+0000] {processor.py:208} INFO - Processing /home/airflow/.local/lib/python3.12/site-packages/airflow/example_dags/tutorial_dag.py took 0.162 seconds
[2025-04-02T08:14:29.882+0000] {processor.py:186} INFO - Started process (PID=8838) to work on /home/airflow/.local/lib/python3.12/site-packages/airflow/example_dags/tutorial_dag.py
[2025-04-02T08:14:29.884+0000] {processor.py:914} INFO - Processing file /home/airflow/.local/lib/python3.12/site-packages/airflow/example_dags/tutorial_dag.py for tasks to queue
[2025-04-02T08:14:29.889+0000] {logging_mixin.py:190} INFO - [2025-04-02T08:14:29.888+0000] {dagbag.py:588} INFO - Filling up the DagBag from /home/airflow/.local/lib/python3.12/site-packages/airflow/example_dags/tutorial_dag.py
[2025-04-02T08:14:29.906+0000] {processor.py:925} INFO - DAG(s) 'tutorial_dag' retrieved from /home/airflow/.local/lib/python3.12/site-packages/airflow/example_dags/tutorial_dag.py
[2025-04-02T08:14:29.938+0000] {logging_mixin.py:190} INFO - [2025-04-02T08:14:29.938+0000] {dag.py:3239} INFO - Sync 1 DAGs
[2025-04-02T08:14:29.962+0000] {logging_mixin.py:190} INFO - [2025-04-02T08:14:29.962+0000] {dag.py:4180} INFO - Setting next_dagrun for tutorial_dag to None, run_after=None
[2025-04-02T08:14:29.993+0000] {processor.py:208} INFO - Processing /home/airflow/.local/lib/python3.12/site-packages/airflow/example_dags/tutorial_dag.py took 0.124 seconds
[2025-04-02T08:15:00.273+0000] {processor.py:186} INFO - Started process (PID=8902) to work on /home/airflow/.local/lib/python3.12/site-packages/airflow/example_dags/tutorial_dag.py
[2025-04-02T08:15:00.276+0000] {processor.py:914} INFO - Processing file /home/airflow/.local/lib/python3.12/site-packages/airflow/example_dags/tutorial_dag.py for tasks to queue
[2025-04-02T08:15:00.281+0000] {logging_mixin.py:190} INFO - [2025-04-02T08:15:00.280+0000] {dagbag.py:588} INFO - Filling up the DagBag from /home/airflow/.local/lib/python3.12/site-packages/airflow/example_dags/tutorial_dag.py
[2025-04-02T08:15:00.300+0000] {processor.py:925} INFO - DAG(s) 'tutorial_dag' retrieved from /home/airflow/.local/lib/python3.12/site-packages/airflow/example_dags/tutorial_dag.py
[2025-04-02T08:15:00.338+0000] {logging_mixin.py:190} INFO - [2025-04-02T08:15:00.337+0000] {dag.py:3239} INFO - Sync 1 DAGs
[2025-04-02T08:15:00.366+0000] {logging_mixin.py:190} INFO - [2025-04-02T08:15:00.366+0000] {dag.py:4180} INFO - Setting next_dagrun for tutorial_dag to None, run_after=None
[2025-04-02T08:15:00.396+0000] {processor.py:208} INFO - Processing /home/airflow/.local/lib/python3.12/site-packages/airflow/example_dags/tutorial_dag.py took 0.139 seconds
[2025-04-02T08:15:30.612+0000] {processor.py:186} INFO - Started process (PID=8966) to work on /home/airflow/.local/lib/python3.12/site-packages/airflow/example_dags/tutorial_dag.py
[2025-04-02T08:15:30.614+0000] {processor.py:914} INFO - Processing file /home/airflow/.local/lib/python3.12/site-packages/airflow/example_dags/tutorial_dag.py for tasks to queue
[2025-04-02T08:15:30.619+0000] {logging_mixin.py:190} INFO - [2025-04-02T08:15:30.618+0000] {dagbag.py:588} INFO - Filling up the DagBag from /home/airflow/.local/lib/python3.12/site-packages/airflow/example_dags/tutorial_dag.py
[2025-04-02T08:15:30.633+0000] {processor.py:925} INFO - DAG(s) 'tutorial_dag' retrieved from /home/airflow/.local/lib/python3.12/site-packages/airflow/example_dags/tutorial_dag.py
[2025-04-02T08:15:30.676+0000] {logging_mixin.py:190} INFO - [2025-04-02T08:15:30.674+0000] {dag.py:3239} INFO - Sync 1 DAGs
[2025-04-02T08:15:30.703+0000] {logging_mixin.py:190} INFO - [2025-04-02T08:15:30.702+0000] {dag.py:4180} INFO - Setting next_dagrun for tutorial_dag to None, run_after=None
[2025-04-02T08:15:30.732+0000] {processor.py:208} INFO - Processing /home/airflow/.local/lib/python3.12/site-packages/airflow/example_dags/tutorial_dag.py took 0.131 seconds
[2025-04-02T08:16:01.400+0000] {processor.py:186} INFO - Started process (PID=9035) to work on /home/airflow/.local/lib/python3.12/site-packages/airflow/example_dags/tutorial_dag.py
[2025-04-02T08:16:01.403+0000] {processor.py:914} INFO - Processing file /home/airflow/.local/lib/python3.12/site-packages/airflow/example_dags/tutorial_dag.py for tasks to queue
[2025-04-02T08:16:01.407+0000] {logging_mixin.py:190} INFO - [2025-04-02T08:16:01.406+0000] {dagbag.py:588} INFO - Filling up the DagBag from /home/airflow/.local/lib/python3.12/site-packages/airflow/example_dags/tutorial_dag.py
[2025-04-02T08:16:01.422+0000] {processor.py:925} INFO - DAG(s) 'tutorial_dag' retrieved from /home/airflow/.local/lib/python3.12/site-packages/airflow/example_dags/tutorial_dag.py
[2025-04-02T08:16:01.459+0000] {logging_mixin.py:190} INFO - [2025-04-02T08:16:01.458+0000] {dag.py:3239} INFO - Sync 1 DAGs
[2025-04-02T08:16:01.485+0000] {logging_mixin.py:190} INFO - [2025-04-02T08:16:01.484+0000] {dag.py:4180} INFO - Setting next_dagrun for tutorial_dag to None, run_after=None
[2025-04-02T08:16:01.517+0000] {processor.py:208} INFO - Processing /home/airflow/.local/lib/python3.12/site-packages/airflow/example_dags/tutorial_dag.py took 0.129 seconds
[2025-04-02T08:16:32.154+0000] {processor.py:186} INFO - Started process (PID=9099) to work on /home/airflow/.local/lib/python3.12/site-packages/airflow/example_dags/tutorial_dag.py
[2025-04-02T08:16:32.156+0000] {processor.py:914} INFO - Processing file /home/airflow/.local/lib/python3.12/site-packages/airflow/example_dags/tutorial_dag.py for tasks to queue
[2025-04-02T08:16:32.161+0000] {logging_mixin.py:190} INFO - [2025-04-02T08:16:32.160+0000] {dagbag.py:588} INFO - Filling up the DagBag from /home/airflow/.local/lib/python3.12/site-packages/airflow/example_dags/tutorial_dag.py
[2025-04-02T08:16:32.176+0000] {processor.py:925} INFO - DAG(s) 'tutorial_dag' retrieved from /home/airflow/.local/lib/python3.12/site-packages/airflow/example_dags/tutorial_dag.py
[2025-04-02T08:16:32.213+0000] {logging_mixin.py:190} INFO - [2025-04-02T08:16:32.212+0000] {dag.py:3239} INFO - Sync 1 DAGs
[2025-04-02T08:16:32.236+0000] {logging_mixin.py:190} INFO - [2025-04-02T08:16:32.236+0000] {dag.py:4180} INFO - Setting next_dagrun for tutorial_dag to None, run_after=None
[2025-04-02T08:16:32.264+0000] {processor.py:208} INFO - Processing /home/airflow/.local/lib/python3.12/site-packages/airflow/example_dags/tutorial_dag.py took 0.124 seconds
[2025-04-02T08:17:02.453+0000] {processor.py:186} INFO - Started process (PID=9163) to work on /home/airflow/.local/lib/python3.12/site-packages/airflow/example_dags/tutorial_dag.py
[2025-04-02T08:17:02.455+0000] {processor.py:914} INFO - Processing file /home/airflow/.local/lib/python3.12/site-packages/airflow/example_dags/tutorial_dag.py for tasks to queue
[2025-04-02T08:17:02.461+0000] {logging_mixin.py:190} INFO - [2025-04-02T08:17:02.460+0000] {dagbag.py:588} INFO - Filling up the DagBag from /home/airflow/.local/lib/python3.12/site-packages/airflow/example_dags/tutorial_dag.py
[2025-04-02T08:17:02.476+0000] {processor.py:925} INFO - DAG(s) 'tutorial_dag' retrieved from /home/airflow/.local/lib/python3.12/site-packages/airflow/example_dags/tutorial_dag.py
[2025-04-02T08:17:02.511+0000] {logging_mixin.py:190} INFO - [2025-04-02T08:17:02.510+0000] {dag.py:3239} INFO - Sync 1 DAGs
[2025-04-02T08:17:02.538+0000] {logging_mixin.py:190} INFO - [2025-04-02T08:17:02.537+0000] {dag.py:4180} INFO - Setting next_dagrun for tutorial_dag to None, run_after=None
[2025-04-02T08:17:02.576+0000] {processor.py:208} INFO - Processing /home/airflow/.local/lib/python3.12/site-packages/airflow/example_dags/tutorial_dag.py took 0.137 seconds
[2025-04-02T08:17:32.854+0000] {processor.py:186} INFO - Started process (PID=9227) to work on /home/airflow/.local/lib/python3.12/site-packages/airflow/example_dags/tutorial_dag.py
[2025-04-02T08:17:32.857+0000] {processor.py:914} INFO - Processing file /home/airflow/.local/lib/python3.12/site-packages/airflow/example_dags/tutorial_dag.py for tasks to queue
[2025-04-02T08:17:32.862+0000] {logging_mixin.py:190} INFO - [2025-04-02T08:17:32.861+0000] {dagbag.py:588} INFO - Filling up the DagBag from /home/airflow/.local/lib/python3.12/site-packages/airflow/example_dags/tutorial_dag.py
[2025-04-02T08:17:32.882+0000] {processor.py:925} INFO - DAG(s) 'tutorial_dag' retrieved from /home/airflow/.local/lib/python3.12/site-packages/airflow/example_dags/tutorial_dag.py
[2025-04-02T08:17:32.927+0000] {logging_mixin.py:190} INFO - [2025-04-02T08:17:32.926+0000] {dag.py:3239} INFO - Sync 1 DAGs
[2025-04-02T08:17:32.964+0000] {logging_mixin.py:190} INFO - [2025-04-02T08:17:32.963+0000] {dag.py:4180} INFO - Setting next_dagrun for tutorial_dag to None, run_after=None
[2025-04-02T08:17:33.001+0000] {processor.py:208} INFO - Processing /home/airflow/.local/lib/python3.12/site-packages/airflow/example_dags/tutorial_dag.py took 0.163 seconds
[2025-04-02T08:18:03.193+0000] {processor.py:186} INFO - Started process (PID=9290) to work on /home/airflow/.local/lib/python3.12/site-packages/airflow/example_dags/tutorial_dag.py
[2025-04-02T08:18:03.195+0000] {processor.py:914} INFO - Processing file /home/airflow/.local/lib/python3.12/site-packages/airflow/example_dags/tutorial_dag.py for tasks to queue
[2025-04-02T08:18:03.200+0000] {logging_mixin.py:190} INFO - [2025-04-02T08:18:03.200+0000] {dagbag.py:588} INFO - Filling up the DagBag from /home/airflow/.local/lib/python3.12/site-packages/airflow/example_dags/tutorial_dag.py
[2025-04-02T08:18:03.215+0000] {processor.py:925} INFO - DAG(s) 'tutorial_dag' retrieved from /home/airflow/.local/lib/python3.12/site-packages/airflow/example_dags/tutorial_dag.py
[2025-04-02T08:18:03.262+0000] {logging_mixin.py:190} INFO - [2025-04-02T08:18:03.260+0000] {dag.py:3239} INFO - Sync 1 DAGs
[2025-04-02T08:18:03.300+0000] {logging_mixin.py:190} INFO - [2025-04-02T08:18:03.299+0000] {dag.py:4180} INFO - Setting next_dagrun for tutorial_dag to None, run_after=None
[2025-04-02T08:18:03.341+0000] {processor.py:208} INFO - Processing /home/airflow/.local/lib/python3.12/site-packages/airflow/example_dags/tutorial_dag.py took 0.163 seconds
[2025-04-02T08:18:33.830+0000] {processor.py:186} INFO - Started process (PID=9354) to work on /home/airflow/.local/lib/python3.12/site-packages/airflow/example_dags/tutorial_dag.py
[2025-04-02T08:18:33.832+0000] {processor.py:914} INFO - Processing file /home/airflow/.local/lib/python3.12/site-packages/airflow/example_dags/tutorial_dag.py for tasks to queue
[2025-04-02T08:18:33.836+0000] {logging_mixin.py:190} INFO - [2025-04-02T08:18:33.835+0000] {dagbag.py:588} INFO - Filling up the DagBag from /home/airflow/.local/lib/python3.12/site-packages/airflow/example_dags/tutorial_dag.py
[2025-04-02T08:18:33.849+0000] {processor.py:925} INFO - DAG(s) 'tutorial_dag' retrieved from /home/airflow/.local/lib/python3.12/site-packages/airflow/example_dags/tutorial_dag.py
[2025-04-02T08:18:33.882+0000] {logging_mixin.py:190} INFO - [2025-04-02T08:18:33.881+0000] {dag.py:3239} INFO - Sync 1 DAGs
[2025-04-02T08:18:33.904+0000] {logging_mixin.py:190} INFO - [2025-04-02T08:18:33.904+0000] {dag.py:4180} INFO - Setting next_dagrun for tutorial_dag to None, run_after=None
[2025-04-02T08:18:33.932+0000] {processor.py:208} INFO - Processing /home/airflow/.local/lib/python3.12/site-packages/airflow/example_dags/tutorial_dag.py took 0.113 seconds
[2025-04-02T08:19:04.191+0000] {processor.py:186} INFO - Started process (PID=9418) to work on /home/airflow/.local/lib/python3.12/site-packages/airflow/example_dags/tutorial_dag.py
[2025-04-02T08:19:04.193+0000] {processor.py:914} INFO - Processing file /home/airflow/.local/lib/python3.12/site-packages/airflow/example_dags/tutorial_dag.py for tasks to queue
[2025-04-02T08:19:04.197+0000] {logging_mixin.py:190} INFO - [2025-04-02T08:19:04.197+0000] {dagbag.py:588} INFO - Filling up the DagBag from /home/airflow/.local/lib/python3.12/site-packages/airflow/example_dags/tutorial_dag.py
[2025-04-02T08:19:04.211+0000] {processor.py:925} INFO - DAG(s) 'tutorial_dag' retrieved from /home/airflow/.local/lib/python3.12/site-packages/airflow/example_dags/tutorial_dag.py
[2025-04-02T08:19:04.247+0000] {logging_mixin.py:190} INFO - [2025-04-02T08:19:04.246+0000] {dag.py:3239} INFO - Sync 1 DAGs
[2025-04-02T08:19:04.270+0000] {logging_mixin.py:190} INFO - [2025-04-02T08:19:04.270+0000] {dag.py:4180} INFO - Setting next_dagrun for tutorial_dag to None, run_after=None
[2025-04-02T08:19:04.298+0000] {processor.py:208} INFO - Processing /home/airflow/.local/lib/python3.12/site-packages/airflow/example_dags/tutorial_dag.py took 0.117 seconds
[2025-04-02T08:19:34.584+0000] {processor.py:186} INFO - Started process (PID=9482) to work on /home/airflow/.local/lib/python3.12/site-packages/airflow/example_dags/tutorial_dag.py
[2025-04-02T08:19:34.586+0000] {processor.py:914} INFO - Processing file /home/airflow/.local/lib/python3.12/site-packages/airflow/example_dags/tutorial_dag.py for tasks to queue
[2025-04-02T08:19:34.590+0000] {logging_mixin.py:190} INFO - [2025-04-02T08:19:34.590+0000] {dagbag.py:588} INFO - Filling up the DagBag from /home/airflow/.local/lib/python3.12/site-packages/airflow/example_dags/tutorial_dag.py
[2025-04-02T08:19:34.605+0000] {processor.py:925} INFO - DAG(s) 'tutorial_dag' retrieved from /home/airflow/.local/lib/python3.12/site-packages/airflow/example_dags/tutorial_dag.py
[2025-04-02T08:19:34.638+0000] {logging_mixin.py:190} INFO - [2025-04-02T08:19:34.637+0000] {dag.py:3239} INFO - Sync 1 DAGs
[2025-04-02T08:19:34.662+0000] {logging_mixin.py:190} INFO - [2025-04-02T08:19:34.662+0000] {dag.py:4180} INFO - Setting next_dagrun for tutorial_dag to None, run_after=None
[2025-04-02T08:19:34.691+0000] {processor.py:208} INFO - Processing /home/airflow/.local/lib/python3.12/site-packages/airflow/example_dags/tutorial_dag.py took 0.119 seconds
[2025-04-02T08:20:05.164+0000] {processor.py:186} INFO - Started process (PID=9546) to work on /home/airflow/.local/lib/python3.12/site-packages/airflow/example_dags/tutorial_dag.py
[2025-04-02T08:20:05.165+0000] {processor.py:914} INFO - Processing file /home/airflow/.local/lib/python3.12/site-packages/airflow/example_dags/tutorial_dag.py for tasks to queue
[2025-04-02T08:20:05.169+0000] {logging_mixin.py:190} INFO - [2025-04-02T08:20:05.169+0000] {dagbag.py:588} INFO - Filling up the DagBag from /home/airflow/.local/lib/python3.12/site-packages/airflow/example_dags/tutorial_dag.py
[2025-04-02T08:20:05.183+0000] {processor.py:925} INFO - DAG(s) 'tutorial_dag' retrieved from /home/airflow/.local/lib/python3.12/site-packages/airflow/example_dags/tutorial_dag.py
[2025-04-02T08:20:05.215+0000] {logging_mixin.py:190} INFO - [2025-04-02T08:20:05.215+0000] {dag.py:3239} INFO - Sync 1 DAGs
[2025-04-02T08:20:05.239+0000] {logging_mixin.py:190} INFO - [2025-04-02T08:20:05.239+0000] {dag.py:4180} INFO - Setting next_dagrun for tutorial_dag to None, run_after=None
[2025-04-02T08:20:05.267+0000] {processor.py:208} INFO - Processing /home/airflow/.local/lib/python3.12/site-packages/airflow/example_dags/tutorial_dag.py took 0.114 seconds
[2025-04-02T08:20:35.638+0000] {processor.py:186} INFO - Started process (PID=9610) to work on /home/airflow/.local/lib/python3.12/site-packages/airflow/example_dags/tutorial_dag.py
[2025-04-02T08:20:35.639+0000] {processor.py:914} INFO - Processing file /home/airflow/.local/lib/python3.12/site-packages/airflow/example_dags/tutorial_dag.py for tasks to queue
[2025-04-02T08:20:35.643+0000] {logging_mixin.py:190} INFO - [2025-04-02T08:20:35.643+0000] {dagbag.py:588} INFO - Filling up the DagBag from /home/airflow/.local/lib/python3.12/site-packages/airflow/example_dags/tutorial_dag.py
[2025-04-02T08:20:35.658+0000] {processor.py:925} INFO - DAG(s) 'tutorial_dag' retrieved from /home/airflow/.local/lib/python3.12/site-packages/airflow/example_dags/tutorial_dag.py
[2025-04-02T08:20:35.691+0000] {logging_mixin.py:190} INFO - [2025-04-02T08:20:35.691+0000] {dag.py:3239} INFO - Sync 1 DAGs
[2025-04-02T08:20:35.715+0000] {logging_mixin.py:190} INFO - [2025-04-02T08:20:35.715+0000] {dag.py:4180} INFO - Setting next_dagrun for tutorial_dag to None, run_after=None
[2025-04-02T08:20:35.743+0000] {processor.py:208} INFO - Processing /home/airflow/.local/lib/python3.12/site-packages/airflow/example_dags/tutorial_dag.py took 0.116 seconds
[2025-04-02T08:21:06.355+0000] {processor.py:186} INFO - Started process (PID=9674) to work on /home/airflow/.local/lib/python3.12/site-packages/airflow/example_dags/tutorial_dag.py
[2025-04-02T08:21:06.357+0000] {processor.py:914} INFO - Processing file /home/airflow/.local/lib/python3.12/site-packages/airflow/example_dags/tutorial_dag.py for tasks to queue
[2025-04-02T08:21:06.361+0000] {logging_mixin.py:190} INFO - [2025-04-02T08:21:06.360+0000] {dagbag.py:588} INFO - Filling up the DagBag from /home/airflow/.local/lib/python3.12/site-packages/airflow/example_dags/tutorial_dag.py
[2025-04-02T08:21:06.375+0000] {processor.py:925} INFO - DAG(s) 'tutorial_dag' retrieved from /home/airflow/.local/lib/python3.12/site-packages/airflow/example_dags/tutorial_dag.py
[2025-04-02T08:21:06.407+0000] {logging_mixin.py:190} INFO - [2025-04-02T08:21:06.406+0000] {dag.py:3239} INFO - Sync 1 DAGs
[2025-04-02T08:21:06.431+0000] {logging_mixin.py:190} INFO - [2025-04-02T08:21:06.430+0000] {dag.py:4180} INFO - Setting next_dagrun for tutorial_dag to None, run_after=None
[2025-04-02T08:21:06.459+0000] {processor.py:208} INFO - Processing /home/airflow/.local/lib/python3.12/site-packages/airflow/example_dags/tutorial_dag.py took 0.115 seconds
[2025-04-02T08:21:37.037+0000] {processor.py:186} INFO - Started process (PID=9738) to work on /home/airflow/.local/lib/python3.12/site-packages/airflow/example_dags/tutorial_dag.py
[2025-04-02T08:21:37.039+0000] {processor.py:914} INFO - Processing file /home/airflow/.local/lib/python3.12/site-packages/airflow/example_dags/tutorial_dag.py for tasks to queue
[2025-04-02T08:21:37.045+0000] {logging_mixin.py:190} INFO - [2025-04-02T08:21:37.044+0000] {dagbag.py:588} INFO - Filling up the DagBag from /home/airflow/.local/lib/python3.12/site-packages/airflow/example_dags/tutorial_dag.py
[2025-04-02T08:21:37.064+0000] {processor.py:925} INFO - DAG(s) 'tutorial_dag' retrieved from /home/airflow/.local/lib/python3.12/site-packages/airflow/example_dags/tutorial_dag.py
[2025-04-02T08:21:37.111+0000] {logging_mixin.py:190} INFO - [2025-04-02T08:21:37.110+0000] {dag.py:3239} INFO - Sync 1 DAGs
[2025-04-02T08:21:37.156+0000] {logging_mixin.py:190} INFO - [2025-04-02T08:21:37.156+0000] {dag.py:4180} INFO - Setting next_dagrun for tutorial_dag to None, run_after=None
[2025-04-02T08:21:37.202+0000] {processor.py:208} INFO - Processing /home/airflow/.local/lib/python3.12/site-packages/airflow/example_dags/tutorial_dag.py took 0.180 seconds
[2025-04-02T08:22:07.364+0000] {processor.py:186} INFO - Started process (PID=9802) to work on /home/airflow/.local/lib/python3.12/site-packages/airflow/example_dags/tutorial_dag.py
[2025-04-02T08:22:07.366+0000] {processor.py:914} INFO - Processing file /home/airflow/.local/lib/python3.12/site-packages/airflow/example_dags/tutorial_dag.py for tasks to queue
[2025-04-02T08:22:07.370+0000] {logging_mixin.py:190} INFO - [2025-04-02T08:22:07.369+0000] {dagbag.py:588} INFO - Filling up the DagBag from /home/airflow/.local/lib/python3.12/site-packages/airflow/example_dags/tutorial_dag.py
[2025-04-02T08:22:07.384+0000] {processor.py:925} INFO - DAG(s) 'tutorial_dag' retrieved from /home/airflow/.local/lib/python3.12/site-packages/airflow/example_dags/tutorial_dag.py
[2025-04-02T08:22:07.419+0000] {logging_mixin.py:190} INFO - [2025-04-02T08:22:07.418+0000] {dag.py:3239} INFO - Sync 1 DAGs
[2025-04-02T08:22:07.443+0000] {logging_mixin.py:190} INFO - [2025-04-02T08:22:07.442+0000] {dag.py:4180} INFO - Setting next_dagrun for tutorial_dag to None, run_after=None
[2025-04-02T08:22:07.475+0000] {processor.py:208} INFO - Processing /home/airflow/.local/lib/python3.12/site-packages/airflow/example_dags/tutorial_dag.py took 0.122 seconds
[2025-04-02T08:22:37.686+0000] {processor.py:186} INFO - Started process (PID=9865) to work on /home/airflow/.local/lib/python3.12/site-packages/airflow/example_dags/tutorial_dag.py
[2025-04-02T08:22:37.687+0000] {processor.py:914} INFO - Processing file /home/airflow/.local/lib/python3.12/site-packages/airflow/example_dags/tutorial_dag.py for tasks to queue
[2025-04-02T08:22:37.692+0000] {logging_mixin.py:190} INFO - [2025-04-02T08:22:37.691+0000] {dagbag.py:588} INFO - Filling up the DagBag from /home/airflow/.local/lib/python3.12/site-packages/airflow/example_dags/tutorial_dag.py
[2025-04-02T08:22:37.706+0000] {processor.py:925} INFO - DAG(s) 'tutorial_dag' retrieved from /home/airflow/.local/lib/python3.12/site-packages/airflow/example_dags/tutorial_dag.py
[2025-04-02T08:22:37.742+0000] {logging_mixin.py:190} INFO - [2025-04-02T08:22:37.741+0000] {dag.py:3239} INFO - Sync 1 DAGs
[2025-04-02T08:22:37.768+0000] {logging_mixin.py:190} INFO - [2025-04-02T08:22:37.768+0000] {dag.py:4180} INFO - Setting next_dagrun for tutorial_dag to None, run_after=None
[2025-04-02T08:22:37.799+0000] {processor.py:208} INFO - Processing /home/airflow/.local/lib/python3.12/site-packages/airflow/example_dags/tutorial_dag.py took 0.123 seconds
[2025-04-02T08:23:07.944+0000] {processor.py:186} INFO - Started process (PID=9929) to work on /home/airflow/.local/lib/python3.12/site-packages/airflow/example_dags/tutorial_dag.py
[2025-04-02T08:23:07.946+0000] {processor.py:914} INFO - Processing file /home/airflow/.local/lib/python3.12/site-packages/airflow/example_dags/tutorial_dag.py for tasks to queue
[2025-04-02T08:23:07.950+0000] {logging_mixin.py:190} INFO - [2025-04-02T08:23:07.949+0000] {dagbag.py:588} INFO - Filling up the DagBag from /home/airflow/.local/lib/python3.12/site-packages/airflow/example_dags/tutorial_dag.py
[2025-04-02T08:23:07.964+0000] {processor.py:925} INFO - DAG(s) 'tutorial_dag' retrieved from /home/airflow/.local/lib/python3.12/site-packages/airflow/example_dags/tutorial_dag.py
[2025-04-02T08:23:07.997+0000] {logging_mixin.py:190} INFO - [2025-04-02T08:23:07.996+0000] {dag.py:3239} INFO - Sync 1 DAGs
[2025-04-02T08:23:08.022+0000] {logging_mixin.py:190} INFO - [2025-04-02T08:23:08.022+0000] {dag.py:4180} INFO - Setting next_dagrun for tutorial_dag to None, run_after=None
[2025-04-02T08:23:08.051+0000] {processor.py:208} INFO - Processing /home/airflow/.local/lib/python3.12/site-packages/airflow/example_dags/tutorial_dag.py took 0.119 seconds
