[2025-04-03T11:10:08.196+0000] {local_task_job_runner.py:123} INFO - ::group::Pre task execution logs
[2025-04-03T11:10:08.231+0000] {taskinstance.py:2614} INFO - Dependencies all met for dep_context=non-requeueable deps ti=<TaskInstance: my_dag_name.call_external_function manual__2025-04-03T11:09:49.495189+00:00 [queued]>
[2025-04-03T11:10:08.246+0000] {taskinstance.py:2614} INFO - Dependencies all met for dep_context=requeueable deps ti=<TaskInstance: my_dag_name.call_external_function manual__2025-04-03T11:09:49.495189+00:00 [queued]>
[2025-04-03T11:10:08.247+0000] {taskinstance.py:2867} INFO - Starting attempt 1 of 1
[2025-04-03T11:10:08.267+0000] {taskinstance.py:2890} INFO - Executing <Task(PythonOperator): call_external_function> on 2025-04-03 11:09:49.495189+00:00
[2025-04-03T11:10:08.279+0000] {warnings.py:112} WARNING - /home/***/.local/lib/python3.12/site-packages/***/task/task_runner/standard_task_runner.py:70: DeprecationWarning: This process (pid=2250) is multi-threaded, use of fork() may lead to deadlocks in the child.
  pid = os.fork()

[2025-04-03T11:10:08.282+0000] {standard_task_runner.py:72} INFO - Started process 2252 to run task
[2025-04-03T11:10:08.284+0000] {standard_task_runner.py:104} INFO - Running: ['***', 'tasks', 'run', 'my_dag_name', 'call_external_function', 'manual__2025-04-03T11:09:49.495189+00:00', '--job-id', '113', '--raw', '--subdir', 'DAGS_FOLDER/test.py', '--cfg-path', '/tmp/tmppay45ojo']
[2025-04-03T11:10:08.286+0000] {standard_task_runner.py:105} INFO - Job 113: Subtask call_external_function
[2025-04-03T11:10:08.359+0000] {task_command.py:467} INFO - Running <TaskInstance: my_dag_name.call_external_function manual__2025-04-03T11:09:49.495189+00:00 [running]> on host d6badcb20287
[2025-04-03T11:10:08.492+0000] {taskinstance.py:3134} INFO - Exporting env vars: AIRFLOW_CTX_DAG_OWNER='***' AIRFLOW_CTX_DAG_ID='my_dag_name' AIRFLOW_CTX_TASK_ID='call_external_function' AIRFLOW_CTX_EXECUTION_DATE='2025-04-03T11:09:49.495189+00:00' AIRFLOW_CTX_TRY_NUMBER='1' AIRFLOW_CTX_DAG_RUN_ID='manual__2025-04-03T11:09:49.495189+00:00'
[2025-04-03T11:10:08.494+0000] {logging_mixin.py:190} INFO - Task instance is in running state
[2025-04-03T11:10:08.495+0000] {logging_mixin.py:190} INFO -  Previous state of the Task instance: queued
[2025-04-03T11:10:08.495+0000] {logging_mixin.py:190} INFO - Current task name:call_external_function state:running start_date:2025-04-03 11:10:08.232013+00:00
[2025-04-03T11:10:08.495+0000] {logging_mixin.py:190} INFO - Dag name:my_dag_name and current dag run status:running
[2025-04-03T11:10:08.496+0000] {taskinstance.py:732} INFO - ::endgroup::
[2025-04-03T11:10:08.933+0000] {logging_mixin.py:190} INFO - URl
[2025-04-03T11:10:08.933+0000] {logging_mixin.py:190} INFO - https://nation.cymru/news/hungary-plans-to-withdraw-from-international-criminal-court/
[2025-04-03T11:10:09.256+0000] {log.py:232} WARNING - 2025-04-03 11:10:09.256 | INFO     | scripts.scrapping_news:extract_newspaper_attempt:21 - Article parsed. ✅
[2025-04-03T11:10:09.258+0000] {logging_mixin.py:190} INFO - URl
[2025-04-03T11:10:09.259+0000] {logging_mixin.py:190} INFO - https://www.bloomberg.com/news/articles/2025-04-03/trump-targets-african-kingdom-with-highest-tariff-in-the-world
[2025-04-03T11:10:09.346+0000] {log.py:232} WARNING - 2025-04-03 11:10:09.346 | ERROR    | scripts.scrapping_news:extract_newspaper_attempt:24 - URL : https://www.bloomberg.com/news/articles/2025-04-03/trump-targets-african-kingdom-with-highest-tariff-in-the-world
[2025-04-03T11:10:09.347+0000] {log.py:232} WARNING - 2025-04-03 11:10:09.347 | ERROR    | scripts.scrapping_news:extract_newspaper_attempt:25 - Cannot extract information with newspaper. ❌
[2025-04-03T11:10:09.348+0000] {logging_mixin.py:190} INFO - URl
[2025-04-03T11:10:09.349+0000] {logging_mixin.py:190} INFO - https://www.reuters.com/world/europe/eu-members-vote-april-9-countermeasures-us-tariffs-says-senior-eu-official-2025-04-03/
[2025-04-03T11:10:09.452+0000] {log.py:232} WARNING - 2025-04-03 11:10:09.452 | ERROR    | scripts.scrapping_news:extract_newspaper_attempt:24 - URL : https://www.reuters.com/world/europe/eu-members-vote-april-9-countermeasures-us-tariffs-says-senior-eu-official-2025-04-03/
[2025-04-03T11:10:09.453+0000] {log.py:232} WARNING - 2025-04-03 11:10:09.453 | ERROR    | scripts.scrapping_news:extract_newspaper_attempt:25 - Cannot extract information with newspaper. ❌
[2025-04-03T11:10:09.454+0000] {logging_mixin.py:190} INFO - URl
[2025-04-03T11:10:09.455+0000] {logging_mixin.py:190} INFO - https://eletric-vehicles.com/ford/auto-stocks-fall-on-us-tariffs-china-urges-immediate-rollback/
[2025-04-03T11:10:09.821+0000] {log.py:232} WARNING - 2025-04-03 11:10:09.821 | INFO     | scripts.scrapping_news:extract_newspaper_attempt:21 - Article parsed. ✅
[2025-04-03T11:10:09.823+0000] {logging_mixin.py:190} INFO - URl
[2025-04-03T11:10:09.824+0000] {logging_mixin.py:190} INFO - https://www.aa.com.tr/en/americas/germany-slams-trump-tariffs-as-attack-on-international-trade-order/3527096
[2025-04-03T11:10:10.709+0000] {log.py:232} WARNING - 2025-04-03 11:10:10.708 | INFO     | scripts.scrapping_news:extract_newspaper_attempt:21 - Article parsed. ✅
[2025-04-03T11:10:10.711+0000] {logging_mixin.py:190} INFO - URl
[2025-04-03T11:10:10.712+0000] {logging_mixin.py:190} INFO - https://www.pravda.com.ua/eng/news/2025/04/3/7505802/
[2025-04-03T11:10:10.884+0000] {log.py:232} WARNING - 2025-04-03 11:10:10.884 | INFO     | scripts.scrapping_news:extract_newspaper_attempt:21 - Article parsed. ✅
[2025-04-03T11:10:10.885+0000] {logging_mixin.py:190} INFO - URl
[2025-04-03T11:10:10.886+0000] {logging_mixin.py:190} INFO - https://efe.com/en/latest-news/2025-04-02/milei-assures-that-falkland-islanders-will-prefer-being-argentine/
[2025-04-03T11:10:11.051+0000] {log.py:232} WARNING - 2025-04-03 11:10:11.051 | INFO     | scripts.scrapping_news:extract_newspaper_attempt:21 - Article parsed. ✅
[2025-04-03T11:10:11.053+0000] {logging_mixin.py:190} INFO - URl
[2025-04-03T11:10:11.053+0000] {logging_mixin.py:190} INFO - https://www.rnz.co.nz/international/pacific-news/557082/fiji-have-been-slapped-with-the-highest-us-tariffs-in-the-pacific
[2025-04-03T11:10:11.408+0000] {log.py:232} WARNING - 2025-04-03 11:10:11.407 | INFO     | scripts.scrapping_news:extract_newspaper_attempt:21 - Article parsed. ✅
[2025-04-03T11:10:11.409+0000] {logging_mixin.py:190} INFO - URl
[2025-04-03T11:10:11.410+0000] {logging_mixin.py:190} INFO - https://kyivindependent.com/ukraine-to-receive-432-million-from-world-bank-towards-transport-infrastructure-restoration/
[2025-04-03T11:10:11.691+0000] {log.py:232} WARNING - 2025-04-03 11:10:11.691 | INFO     | scripts.scrapping_news:extract_newspaper_attempt:21 - Article parsed. ✅
[2025-04-03T11:10:11.694+0000] {logging_mixin.py:190} INFO - URl
[2025-04-03T11:10:11.695+0000] {logging_mixin.py:190} INFO - https://n1info.rs/english/news/serbian-students-depart-for-strasbourg-by-bicycle-europe-has-been-asleep-for-too-long/
[2025-04-03T11:10:11.922+0000] {log.py:232} WARNING - 2025-04-03 11:10:11.922 | INFO     | scripts.scrapping_news:extract_newspaper_attempt:21 - Article parsed. ✅
[2025-04-03T11:10:11.923+0000] {logging_mixin.py:190} INFO - URl
[2025-04-03T11:10:11.924+0000] {logging_mixin.py:190} INFO - https://www.reuters.com/world/hungary-says-it-is-withdrawing-icc-israeli-leader-visits-2025-04-03/
[2025-04-03T11:10:11.984+0000] {log.py:232} WARNING - 2025-04-03 11:10:11.984 | ERROR    | scripts.scrapping_news:extract_newspaper_attempt:24 - URL : https://www.reuters.com/world/hungary-says-it-is-withdrawing-icc-israeli-leader-visits-2025-04-03/
[2025-04-03T11:10:11.985+0000] {log.py:232} WARNING - 2025-04-03 11:10:11.985 | ERROR    | scripts.scrapping_news:extract_newspaper_attempt:25 - Cannot extract information with newspaper. ❌
[2025-04-03T11:10:11.986+0000] {logging_mixin.py:190} INFO - URl
[2025-04-03T11:10:11.987+0000] {logging_mixin.py:190} INFO - https://www.cnn.com/2025/04/03/world/hungary-withdraws-icc-intl
[2025-04-03T11:10:12.561+0000] {log.py:232} WARNING - 2025-04-03 11:10:12.561 | INFO     | scripts.scrapping_news:extract_newspaper_attempt:21 - Article parsed. ✅
[2025-04-03T11:10:12.568+0000] {logging_mixin.py:190} INFO - URl
[2025-04-03T11:10:12.570+0000] {logging_mixin.py:190} INFO - https://apnews.com/article/hungary-criminal-court-withdrawal-israel-5263edb40318816508e6b998befc6ee5
[2025-04-03T11:10:13.231+0000] {log.py:232} WARNING - 2025-04-03 11:10:13.231 | INFO     | scripts.scrapping_news:extract_newspaper_attempt:21 - Article parsed. ✅
[2025-04-03T11:10:13.233+0000] {logging_mixin.py:190} INFO - URl
[2025-04-03T11:10:13.235+0000] {logging_mixin.py:190} INFO - https://www.bbc.com/news/articles/c807lm2003zo
[2025-04-03T11:10:13.461+0000] {log.py:232} WARNING - 2025-04-03 11:10:13.461 | INFO     | scripts.scrapping_news:extract_newspaper_attempt:21 - Article parsed. ✅
[2025-04-03T11:10:13.463+0000] {logging_mixin.py:190} INFO - URl
[2025-04-03T11:10:13.464+0000] {logging_mixin.py:190} INFO - https://global.espreso.tv/russia-ukraine-war-white-house-explains-why-new-tariffs-do-not-apply-to-russia-and-north-korea
[2025-04-03T11:10:13.743+0000] {log.py:232} WARNING - 2025-04-03 11:10:13.742 | INFO     | scripts.scrapping_news:extract_newspaper_attempt:21 - Article parsed. ✅
[2025-04-03T11:10:13.744+0000] {logging_mixin.py:190} INFO - URl
[2025-04-03T11:10:13.745+0000] {logging_mixin.py:190} INFO - https://global.espreso.tv/grain-deal-us-imposes-new-sanctions-on-individuals-tied-to-theft-of-ukrainian-grain-from-occupied-territories
[2025-04-03T11:10:14.456+0000] {log.py:232} WARNING - 2025-04-03 11:10:14.456 | INFO     | scripts.scrapping_news:extract_newspaper_attempt:21 - Article parsed. ✅
[2025-04-03T11:10:14.458+0000] {logging_mixin.py:190} INFO - URl
[2025-04-03T11:10:14.459+0000] {logging_mixin.py:190} INFO - https://www.usnews.com/news/world/articles/2025-04-03/eus-kallas-eu-countries-already-providing-over-50-ukraines-ammunition-needs
[2025-04-03T11:10:14.660+0000] {log.py:232} WARNING - 2025-04-03 11:10:14.660 | INFO     | scripts.scrapping_news:extract_newspaper_attempt:21 - Article parsed. ✅
[2025-04-03T11:10:14.662+0000] {logging_mixin.py:190} INFO - URl
[2025-04-03T11:10:14.662+0000] {logging_mixin.py:190} INFO - https://www.nbcnews.com/news/world/eu-preparing-countermeasures-us-tariffs-negotiations-fail-ec-president-rcna199427
[2025-04-03T11:10:14.873+0000] {log.py:232} WARNING - 2025-04-03 11:10:14.872 | INFO     | scripts.scrapping_news:extract_newspaper_attempt:21 - Article parsed. ✅
[2025-04-03T11:10:14.874+0000] {logging_mixin.py:190} INFO - URl
[2025-04-03T11:10:14.875+0000] {logging_mixin.py:190} INFO - https://www.cnn.com/2025/04/03/business/europe-tariffs-us-von-der-leyen-intl-hnk/index.html
[2025-04-03T11:10:15.629+0000] {log.py:232} WARNING - 2025-04-03 11:10:15.629 | INFO     | scripts.scrapping_news:extract_newspaper_attempt:21 - Article parsed. ✅
[2025-04-03T11:10:15.637+0000] {logging_mixin.py:190} INFO - URl
[2025-04-03T11:10:15.639+0000] {logging_mixin.py:190} INFO - https://kyivindependent.com/russia-missing-from-trumps-sweeping-tariffs-list-as-its-already-sanctioned-white-house-confirms/
[2025-04-03T11:10:16.047+0000] {log.py:232} WARNING - 2025-04-03 11:10:16.046 | INFO     | scripts.scrapping_news:extract_newspaper_attempt:21 - Article parsed. ✅
[2025-04-03T11:10:16.052+0000] {logging_mixin.py:190} INFO - URl
[2025-04-03T11:10:16.058+0000] {logging_mixin.py:190} INFO - https://www.telegraph.co.uk/world-news/2025/04/03/putin-russia-muslim-immigration-war-ukraine-europe/
[2025-04-03T11:10:16.923+0000] {log.py:232} WARNING - 2025-04-03 11:10:16.923 | INFO     | scripts.scrapping_news:extract_newspaper_attempt:21 - Article parsed. ✅
[2025-04-03T11:10:16.925+0000] {logging_mixin.py:190} INFO - URl
[2025-04-03T11:10:16.927+0000] {logging_mixin.py:190} INFO - https://indianexpress.com/article/technology/science/amazon-targets-april-9-launch-of-first-kuiper-internet-satellites-9921445/
[2025-04-03T11:10:17.179+0000] {log.py:232} WARNING - 2025-04-03 11:10:17.178 | INFO     | scripts.scrapping_news:extract_newspaper_attempt:21 - Article parsed. ✅
[2025-04-03T11:10:17.181+0000] {logging_mixin.py:190} INFO - URl
[2025-04-03T11:10:17.182+0000] {logging_mixin.py:190} INFO - https://www.swissinfo.ch/eng/multinational-companies/president-karin-keller-sutter-reacts-to-customs-announcement/89106767?utm_source=multiple&amp;utm_medium=website&amp;utm_campaign=news_en&amp;utm_content=o&amp;utm_term=wpblock_highlighted-compact-news-carousel
[2025-04-03T11:10:17.511+0000] {log.py:232} WARNING - 2025-04-03 11:10:17.511 | INFO     | scripts.scrapping_news:extract_newspaper_attempt:21 - Article parsed. ✅
[2025-04-03T11:10:17.513+0000] {logging_mixin.py:190} INFO - URl
[2025-04-03T11:10:17.514+0000] {logging_mixin.py:190} INFO - https://24newshd.tv/03-Apr-2025/starlink-rival-eutelsat-rolls-out-wifi-on-air-canada-planes
[2025-04-03T11:10:17.909+0000] {log.py:232} WARNING - 2025-04-03 11:10:17.909 | INFO     | scripts.scrapping_news:extract_newspaper_attempt:21 - Article parsed. ✅
[2025-04-03T11:10:17.911+0000] {logging_mixin.py:190} INFO - URl
[2025-04-03T11:10:17.912+0000] {logging_mixin.py:190} INFO - https://www.abc.net.au/news/2025-04-03/china-cook-islands-deal-new-zealand-mark-brown-winston-peters/105128644
[2025-04-03T11:10:17.957+0000] {log.py:232} WARNING - 2025-04-03 11:10:17.956 | ERROR    | scripts.scrapping_news:extract_newspaper_attempt:24 - URL : https://www.abc.net.au/news/2025-04-03/china-cook-islands-deal-new-zealand-mark-brown-winston-peters/105128644
[2025-04-03T11:10:17.957+0000] {log.py:232} WARNING - 2025-04-03 11:10:17.957 | ERROR    | scripts.scrapping_news:extract_newspaper_attempt:25 - Cannot extract information with newspaper. ❌
[2025-04-03T11:10:17.965+0000] {logging_mixin.py:190} INFO - ['1jqfkc7', '1jqf7fm', '1jqf4gz', '1jqe6i5', '1jqe52q', '1jqe4eu', '1jqdjsw', '1jqdj5f', '1jqdhq9', '1jqdaa6', '1jqd7f3', '1jqd1wp', '1jqcyyp', '1jqcyan', '1jqcxr8', '1jqcqxt', '1jqc9ax', '1jqbxdb', '1jqbfnd', '1jqbahu', '1jqb6td', '1jqb5c7', '1jqb543', '1jqb42b', '1jqa69t']
[2025-04-03T11:10:17.989+0000] {logging_mixin.py:190} INFO -     id_news  ... scrapping_status
0   1jqfkc7  ...             True
1   1jqf7fm  ...            False
2   1jqf4gz  ...            False
3   1jqe6i5  ...             True
4   1jqe52q  ...             True
5   1jqe4eu  ...             True
6   1jqdjsw  ...             True
7   1jqdj5f  ...             True
8   1jqdhq9  ...             True
9   1jqdaa6  ...             True
10  1jqd7f3  ...            False
11  1jqd1wp  ...             True
12  1jqcyyp  ...             True
13  1jqcyan  ...             True
14  1jqcxr8  ...             True
15  1jqcqxt  ...             True
16  1jqc9ax  ...             True
17  1jqbxdb  ...             True
18  1jqbfnd  ...             True
19  1jqbahu  ...             True
20  1jqb6td  ...             True
21  1jqb5c7  ...             True
22  1jqb543  ...             True
23  1jqb42b  ...             True
24  1jqa69t  ...            False

[25 rows x 8 columns]
[2025-04-03T11:10:17.990+0000] {python.py:240} INFO - Done. Returned value was: (    id_news  ... scrapping_status
0   1jqfkc7  ...             True
1   1jqf7fm  ...            False
2   1jqf4gz  ...            False
3   1jqe6i5  ...             True
4   1jqe52q  ...             True
5   1jqe4eu  ...             True
6   1jqdjsw  ...             True
7   1jqdj5f  ...             True
8   1jqdhq9  ...             True
9   1jqdaa6  ...             True
10  1jqd7f3  ...            False
11  1jqd1wp  ...             True
12  1jqcyyp  ...             True
13  1jqcyan  ...             True
14  1jqcxr8  ...             True
15  1jqcqxt  ...             True
16  1jqc9ax  ...             True
17  1jqbxdb  ...             True
18  1jqbfnd  ...             True
19  1jqbahu  ...             True
20  1jqb6td  ...             True
21  1jqb5c7  ...             True
22  1jqb543  ...             True
23  1jqb42b  ...             True
24  1jqa69t  ...            False

[25 rows x 8 columns], ['1jqfkc7', '1jqf7fm', '1jqf4gz', '1jqe6i5', '1jqe52q', '1jqe4eu', '1jqdjsw', '1jqdj5f', '1jqdhq9', '1jqdaa6', '1jqd7f3', '1jqd1wp', '1jqcyyp', '1jqcyan', '1jqcxr8', '1jqcqxt', '1jqc9ax', '1jqbxdb', '1jqbfnd', '1jqbahu', '1jqb6td', '1jqb5c7', '1jqb543', '1jqb42b', '1jqa69t'])
[2025-04-03T11:10:18.099+0000] {taskinstance.py:341} INFO - ::group::Post task execution logs
[2025-04-03T11:10:18.099+0000] {taskinstance.py:353} INFO - Marking task as SUCCESS. dag_id=my_dag_name, task_id=call_external_function, run_id=manual__2025-04-03T11:09:49.495189+00:00, execution_date=20250403T110949, start_date=20250403T111008, end_date=20250403T111018
[2025-04-03T11:10:18.151+0000] {logging_mixin.py:190} INFO - Task instance in success state
[2025-04-03T11:10:18.152+0000] {logging_mixin.py:190} INFO -  Previous state of the Task instance: running
[2025-04-03T11:10:18.153+0000] {logging_mixin.py:190} INFO - Dag name:my_dag_name queued_at:2025-04-03 11:09:50.628713+00:00
[2025-04-03T11:10:18.153+0000] {logging_mixin.py:190} INFO - Task hostname:d6badcb20287 operator:PythonOperator
[2025-04-03T11:10:18.184+0000] {local_task_job_runner.py:266} INFO - Task exited with return code 0
[2025-04-03T11:10:18.227+0000] {taskinstance.py:3901} INFO - 1 downstream tasks scheduled from follow-on schedule check
[2025-04-03T11:10:18.229+0000] {local_task_job_runner.py:245} INFO - ::endgroup::
