[2025-04-01T14:30:17.659+0000] {local_task_job_runner.py:123} INFO - ::group::Pre task execution logs
[2025-04-01T14:30:17.855+0000] {taskinstance.py:2614} INFO - Dependencies all met for dep_context=non-requeueable deps ti=<TaskInstance: my_dag_name.print_the_context scheduled__2021-03-28T00:00:00+00:00 [queued]>
[2025-04-01T14:30:18.008+0000] {taskinstance.py:2614} INFO - Dependencies all met for dep_context=requeueable deps ti=<TaskInstance: my_dag_name.print_the_context scheduled__2021-03-28T00:00:00+00:00 [queued]>
[2025-04-01T14:30:18.009+0000] {taskinstance.py:2867} INFO - Starting attempt 1 of 1
[2025-04-01T14:30:18.132+0000] {taskinstance.py:2890} INFO - Executing <Task(_PythonDecoratedOperator): print_the_context> on 2021-03-28 00:00:00+00:00
[2025-04-01T14:30:18.308+0000] {standard_task_runner.py:104} INFO - Running: ['***', 'tasks', 'run', 'my_dag_name', 'print_the_context', 'scheduled__2021-03-28T00:00:00+00:00', '--job-id', '175', '--raw', '--subdir', 'DAGS_FOLDER/con.py', '--cfg-path', '/tmp/tmpdeffa6_5']
[2025-04-01T14:30:18.315+0000] {warnings.py:112} WARNING - /home/***/.local/lib/python3.12/site-packages/***/task/task_runner/standard_task_runner.py:70: DeprecationWarning: This process (pid=829) is multi-threaded, use of fork() may lead to deadlocks in the child.
  pid = os.fork()

[2025-04-01T14:30:18.315+0000] {standard_task_runner.py:105} INFO - Job 175: Subtask print_the_context
[2025-04-01T14:30:18.330+0000] {standard_task_runner.py:72} INFO - Started process 880 to run task
[2025-04-01T14:30:18.630+0000] {task_command.py:467} INFO - Running <TaskInstance: my_dag_name.print_the_context scheduled__2021-03-28T00:00:00+00:00 [running]> on host 900d630d7d5f
[2025-04-01T14:30:19.547+0000] {taskinstance.py:3134} INFO - Exporting env vars: AIRFLOW_CTX_DAG_OWNER='***' AIRFLOW_CTX_DAG_ID='my_dag_name' AIRFLOW_CTX_TASK_ID='print_the_context' AIRFLOW_CTX_EXECUTION_DATE='2021-03-28T00:00:00+00:00' AIRFLOW_CTX_TRY_NUMBER='1' AIRFLOW_CTX_DAG_RUN_ID='scheduled__2021-03-28T00:00:00+00:00'
[2025-04-01T14:30:19.565+0000] {logging_mixin.py:190} INFO - Task instance is in running state
[2025-04-01T14:30:19.588+0000] {logging_mixin.py:190} INFO -  Previous state of the Task instance: queued
[2025-04-01T14:30:19.590+0000] {logging_mixin.py:190} INFO - Current task name:print_the_context state:running start_date:2025-04-01 14:30:17.855783+00:00
[2025-04-01T14:30:19.591+0000] {logging_mixin.py:190} INFO - Dag name:my_dag_name and current dag run status:running
[2025-04-01T14:30:19.591+0000] {taskinstance.py:732} INFO - ::endgroup::
[2025-04-01T14:30:19.682+0000] {logging_mixin.py:190} INFO - {'conf': <Proxy at 0x77636462ee80 with factory functools.partial(<function lazy_mapping_from_context.<locals>._deprecated_proxy_factory at 0x77636464d8a0>, 'conf', <***.configuration.AirflowConfigParser object at 0x7763844f8cb0>)>,
 'conn': None,
 'dag': <DAG: my_dag_name>,
 'dag_run': <DagRun my_dag_name @ 2021-03-28 00:00:00+00:00: scheduled__2021-03-28T00:00:00+00:00, state:running, queued_at: 2025-04-01 14:29:47.812833+00:00. externally triggered: False>,
 'data_interval_end': DateTime(2021, 3, 29, 0, 0, 0, tzinfo=Timezone('UTC')),
 'data_interval_start': DateTime(2021, 3, 28, 0, 0, 0, tzinfo=Timezone('UTC')),
 'ds_nodash': '20210328',
 'execution_date': <Proxy at 0x776364628240 with factory functools.partial(<function lazy_mapping_from_context.<locals>._deprecated_proxy_factory at 0x77636464d8a0>, 'execution_date', DateTime(2021, 3, 28, 0, 0, 0, tzinfo=Timezone('UTC')))>,
 'expanded_ti_count': None,
 'inlet_events': InletEventsAccessors(_inlets=[], _datasets={}, _dataset_aliases={}, _session=<sqlalchemy.orm.session.Session object at 0x776383db6b70>),
 'inlets': [],
 'logical_date': DateTime(2021, 3, 28, 0, 0, 0, tzinfo=Timezone('UTC')),
 'macros': <module '***.macros' from '/home/***/.local/lib/python3.12/site-packages/***/macros/__init__.py'>,
 'map_index_template': None,
 'next_ds': <Proxy at 0x7763647c2280 with factory functools.partial(<function lazy_mapping_from_context.<locals>._deprecated_proxy_factory at 0x77636464d8a0>, 'next_ds', '2021-03-29')>,
 'next_ds_nodash': <Proxy at 0x7763646c4a00 with factory functools.partial(<function lazy_mapping_from_context.<locals>._deprecated_proxy_factory at 0x77636464d8a0>, 'next_ds_nodash', '20210329')>,
 'next_execution_date': <Proxy at 0x776364803340 with factory functools.partial(<function lazy_mapping_from_context.<locals>._deprecated_proxy_factory at 0x77636464d8a0>, 'next_execution_date', DateTime(2021, 3, 29, 0, 0, 0, tzinfo=Timezone('UTC')))>,
 'outlet_events': <***.utils.context.OutletEventAccessors object at 0x77636463de50>,
 'outlets': [],
 'params': {},
 'prev_data_interval_end_success': DateTime(2021, 3, 21, 0, 0, 0, tzinfo=Timezone('UTC')),
 'prev_data_interval_start_success': DateTime(2021, 3, 20, 0, 0, 0, tzinfo=Timezone('UTC')),
 'prev_ds': <Proxy at 0x776364690400 with factory functools.partial(<function lazy_mapping_from_context.<locals>._deprecated_proxy_factory at 0x77636464d8a0>, 'prev_ds', '2021-03-27')>,
 'prev_ds_nodash': <Proxy at 0x7763646bbbc0 with factory functools.partial(<function lazy_mapping_from_context.<locals>._deprecated_proxy_factory at 0x77636464d8a0>, 'prev_ds_nodash', '20210327')>,
 'prev_end_date_success': DateTime(2025, 4, 1, 14, 29, 43, 403423, tzinfo=Timezone('UTC')),
 'prev_execution_date': <Proxy at 0x7763646bb8c0 with factory functools.partial(<function lazy_mapping_from_context.<locals>._deprecated_proxy_factory at 0x77636464d8a0>, 'prev_execution_date', DateTime(2021, 3, 27, 0, 0, 0, tzinfo=Timezone('UTC')))>,
 'prev_execution_date_success': <Proxy at 0x7763646bbd80 with factory functools.partial(<function lazy_mapping_from_context.<locals>._deprecated_proxy_factory at 0x77636464d8a0>, 'prev_execution_date_success', DateTime(2021, 3, 20, 0, 0, 0, tzinfo=Timezone('UTC')))>,
 'prev_start_date_success': DateTime(2025, 4, 1, 14, 28, 38, 949524, tzinfo=Timezone('UTC')),
 'run_id': 'scheduled__2021-03-28T00:00:00+00:00',
 'task': <Task(_PythonDecoratedOperator): print_the_context>,
 'task_instance': <TaskInstance: my_dag_name.print_the_context scheduled__2021-03-28T00:00:00+00:00 [running]>,
 'task_instance_key_str': 'my_dag_name__print_the_context__20210328',
 'templates_dict': None,
 'test_mode': False,
 'ti': <TaskInstance: my_dag_name.print_the_context scheduled__2021-03-28T00:00:00+00:00 [running]>,
 'tomorrow_ds': <Proxy at 0x7763646bba40 with factory functools.partial(<function lazy_mapping_from_context.<locals>._deprecated_proxy_factory at 0x77636464d8a0>, 'tomorrow_ds', '2021-03-29')>,
 'tomorrow_ds_nodash': <Proxy at 0x7763646bba00 with factory functools.partial(<function lazy_mapping_from_context.<locals>._deprecated_proxy_factory at 0x77636464d8a0>, 'tomorrow_ds_nodash', '20210329')>,
 'triggering_dataset_events': <Proxy at 0x77636465bdc0 with factory <function _get_template_context.<locals>.get_triggering_events at 0x77636464d3a0>>,
 'ts': '2021-03-28T00:00:00+00:00',
 'ts_nodash': '20210328T000000',
 'ts_nodash_with_tz': '20210328T000000+0000',
 'var': {'json': None, 'value': None},
 'yesterday_ds': <Proxy at 0x7763646bb980 with factory functools.partial(<function lazy_mapping_from_context.<locals>._deprecated_proxy_factory at 0x77636464d8a0>, 'yesterday_ds', '2021-03-27')>,
 'yesterday_ds_nodash': <Proxy at 0x7763648f4fc0 with factory functools.partial(<function lazy_mapping_from_context.<locals>._deprecated_proxy_factory at 0x77636464d8a0>, 'yesterday_ds_nodash', '20210327')>}
[2025-04-01T14:30:19.684+0000] {logging_mixin.py:190} INFO - 2021-03-28
[2025-04-01T14:30:19.695+0000] {python.py:240} INFO - Done. Returned value was: Whatever you return gets printed in the logs
[2025-04-01T14:30:20.008+0000] {taskinstance.py:341} INFO - ::group::Post task execution logs
[2025-04-01T14:30:20.038+0000] {taskinstance.py:353} INFO - Marking task as SUCCESS. dag_id=my_dag_name, task_id=print_the_context, run_id=scheduled__2021-03-28T00:00:00+00:00, execution_date=20210328T000000, start_date=20250401T143017, end_date=20250401T143020
[2025-04-01T14:30:20.622+0000] {logging_mixin.py:190} INFO - Task instance in success state
[2025-04-01T14:30:20.623+0000] {logging_mixin.py:190} INFO -  Previous state of the Task instance: running
[2025-04-01T14:30:20.623+0000] {logging_mixin.py:190} INFO - Dag name:my_dag_name queued_at:2025-04-01 14:29:47.812833+00:00
[2025-04-01T14:30:20.627+0000] {logging_mixin.py:190} INFO - Task hostname:900d630d7d5f operator:_PythonDecoratedOperator
[2025-04-01T14:30:20.740+0000] {local_task_job_runner.py:266} INFO - Task exited with return code 0
[2025-04-01T14:30:20.942+0000] {taskinstance.py:3901} INFO - 1 downstream tasks scheduled from follow-on schedule check
[2025-04-01T14:30:20.958+0000] {local_task_job_runner.py:245} INFO - ::endgroup::
