[2025-04-01T14:34:20.041+0000] {local_task_job_runner.py:123} INFO - ::group::Pre task execution logs
[2025-04-01T14:34:20.438+0000] {taskinstance.py:2614} INFO - Dependencies all met for dep_context=non-requeueable deps ti=<TaskInstance: my_dag_name.print_the_context scheduled__2021-05-13T00:00:00+00:00 [queued]>
[2025-04-01T14:34:20.695+0000] {taskinstance.py:2614} INFO - Dependencies all met for dep_context=requeueable deps ti=<TaskInstance: my_dag_name.print_the_context scheduled__2021-05-13T00:00:00+00:00 [queued]>
[2025-04-01T14:34:20.703+0000] {taskinstance.py:2867} INFO - Starting attempt 1 of 1
[2025-04-01T14:34:20.882+0000] {taskinstance.py:2890} INFO - Executing <Task(_PythonDecoratedOperator): print_the_context> on 2021-05-13 00:00:00+00:00
[2025-04-01T14:34:21.106+0000] {warnings.py:112} WARNING - /home/***/.local/lib/python3.12/site-packages/***/task/task_runner/standard_task_runner.py:70: DeprecationWarning: This process (pid=1252) is multi-threaded, use of fork() may lead to deadlocks in the child.
  pid = os.fork()

[2025-04-01T14:34:21.173+0000] {standard_task_runner.py:72} INFO - Started process 1296 to run task
[2025-04-01T14:34:21.203+0000] {standard_task_runner.py:104} INFO - Running: ['***', 'tasks', 'run', 'my_dag_name', 'print_the_context', 'scheduled__2021-05-13T00:00:00+00:00', '--job-id', '267', '--raw', '--subdir', 'DAGS_FOLDER/con.py', '--cfg-path', '/tmp/tmprxsu0jr7']
[2025-04-01T14:34:21.233+0000] {standard_task_runner.py:105} INFO - Job 267: Subtask print_the_context
[2025-04-01T14:34:22.033+0000] {task_command.py:467} INFO - Running <TaskInstance: my_dag_name.print_the_context scheduled__2021-05-13T00:00:00+00:00 [running]> on host 900d630d7d5f
[2025-04-01T14:34:23.906+0000] {taskinstance.py:3134} INFO - Exporting env vars: AIRFLOW_CTX_DAG_OWNER='***' AIRFLOW_CTX_DAG_ID='my_dag_name' AIRFLOW_CTX_TASK_ID='print_the_context' AIRFLOW_CTX_EXECUTION_DATE='2021-05-13T00:00:00+00:00' AIRFLOW_CTX_TRY_NUMBER='1' AIRFLOW_CTX_DAG_RUN_ID='scheduled__2021-05-13T00:00:00+00:00'
[2025-04-01T14:34:23.937+0000] {logging_mixin.py:190} INFO - Task instance is in running state
[2025-04-01T14:34:23.969+0000] {logging_mixin.py:190} INFO -  Previous state of the Task instance: queued
[2025-04-01T14:34:23.973+0000] {logging_mixin.py:190} INFO - Current task name:print_the_context state:running start_date:2025-04-01 14:34:20.466408+00:00
[2025-04-01T14:34:23.976+0000] {logging_mixin.py:190} INFO - Dag name:my_dag_name and current dag run status:running
[2025-04-01T14:34:23.976+0000] {taskinstance.py:732} INFO - ::endgroup::
[2025-04-01T14:34:24.080+0000] {logging_mixin.py:190} INFO - {'conf': <Proxy at 0x7763647b5000 with factory functools.partial(<function lazy_mapping_from_context.<locals>._deprecated_proxy_factory at 0x776364651760>, 'conf', <***.configuration.AirflowConfigParser object at 0x7763844f8cb0>)>,
 'conn': None,
 'dag': <DAG: my_dag_name>,
 'dag_run': <DagRun my_dag_name @ 2021-05-13 00:00:00+00:00: scheduled__2021-05-13T00:00:00+00:00, state:running, queued_at: 2025-04-01 14:33:53.307182+00:00. externally triggered: False>,
 'data_interval_end': DateTime(2021, 5, 14, 0, 0, 0, tzinfo=Timezone('UTC')),
 'data_interval_start': DateTime(2021, 5, 13, 0, 0, 0, tzinfo=Timezone('UTC')),
 'ds_nodash': '20210513',
 'execution_date': <Proxy at 0x7763647b0240 with factory functools.partial(<function lazy_mapping_from_context.<locals>._deprecated_proxy_factory at 0x776364651760>, 'execution_date', DateTime(2021, 5, 13, 0, 0, 0, tzinfo=Timezone('UTC')))>,
 'expanded_ti_count': None,
 'inlet_events': InletEventsAccessors(_inlets=[], _datasets={}, _dataset_aliases={}, _session=<sqlalchemy.orm.session.Session object at 0x776383db45c0>),
 'inlets': [],
 'logical_date': DateTime(2021, 5, 13, 0, 0, 0, tzinfo=Timezone('UTC')),
 'macros': <module '***.macros' from '/home/***/.local/lib/python3.12/site-packages/***/macros/__init__.py'>,
 'map_index_template': None,
 'next_ds': <Proxy at 0x7763646c8800 with factory functools.partial(<function lazy_mapping_from_context.<locals>._deprecated_proxy_factory at 0x776364651760>, 'next_ds', '2021-05-14')>,
 'next_ds_nodash': <Proxy at 0x7763646ca2c0 with factory functools.partial(<function lazy_mapping_from_context.<locals>._deprecated_proxy_factory at 0x776364651760>, 'next_ds_nodash', '20210514')>,
 'next_execution_date': <Proxy at 0x7763646c8840 with factory functools.partial(<function lazy_mapping_from_context.<locals>._deprecated_proxy_factory at 0x776364651760>, 'next_execution_date', DateTime(2021, 5, 14, 0, 0, 0, tzinfo=Timezone('UTC')))>,
 'outlet_events': <***.utils.context.OutletEventAccessors object at 0x776364644aa0>,
 'outlets': [],
 'params': {},
 'prev_data_interval_end_success': DateTime(2021, 5, 8, 0, 0, 0, tzinfo=Timezone('UTC')),
 'prev_data_interval_start_success': DateTime(2021, 5, 7, 0, 0, 0, tzinfo=Timezone('UTC')),
 'prev_ds': <Proxy at 0x7763646c8780 with factory functools.partial(<function lazy_mapping_from_context.<locals>._deprecated_proxy_factory at 0x776364651760>, 'prev_ds', '2021-05-12')>,
 'prev_ds_nodash': <Proxy at 0x7763646c8540 with factory functools.partial(<function lazy_mapping_from_context.<locals>._deprecated_proxy_factory at 0x776364651760>, 'prev_ds_nodash', '20210512')>,
 'prev_end_date_success': DateTime(2025, 4, 1, 14, 33, 49, 371285, tzinfo=Timezone('UTC')),
 'prev_execution_date': <Proxy at 0x7763646c83c0 with factory functools.partial(<function lazy_mapping_from_context.<locals>._deprecated_proxy_factory at 0x776364651760>, 'prev_execution_date', DateTime(2021, 5, 12, 0, 0, 0, tzinfo=Timezone('UTC')))>,
 'prev_execution_date_success': <Proxy at 0x7763646c8380 with factory functools.partial(<function lazy_mapping_from_context.<locals>._deprecated_proxy_factory at 0x776364651760>, 'prev_execution_date_success', DateTime(2021, 5, 7, 0, 0, 0, tzinfo=Timezone('UTC')))>,
 'prev_start_date_success': DateTime(2025, 4, 1, 14, 32, 31, 50948, tzinfo=Timezone('UTC')),
 'run_id': 'scheduled__2021-05-13T00:00:00+00:00',
 'task': <Task(_PythonDecoratedOperator): print_the_context>,
 'task_instance': <TaskInstance: my_dag_name.print_the_context scheduled__2021-05-13T00:00:00+00:00 [running]>,
 'task_instance_key_str': 'my_dag_name__print_the_context__20210513',
 'templates_dict': None,
 'test_mode': False,
 'ti': <TaskInstance: my_dag_name.print_the_context scheduled__2021-05-13T00:00:00+00:00 [running]>,
 'tomorrow_ds': <Proxy at 0x7763646c8340 with factory functools.partial(<function lazy_mapping_from_context.<locals>._deprecated_proxy_factory at 0x776364651760>, 'tomorrow_ds', '2021-05-14')>,
 'tomorrow_ds_nodash': <Proxy at 0x7763646c8300 with factory functools.partial(<function lazy_mapping_from_context.<locals>._deprecated_proxy_factory at 0x776364651760>, 'tomorrow_ds_nodash', '20210514')>,
 'triggering_dataset_events': <Proxy at 0x77636465f2c0 with factory <function _get_template_context.<locals>.get_triggering_events at 0x776364651260>>,
 'ts': '2021-05-13T00:00:00+00:00',
 'ts_nodash': '20210513T000000',
 'ts_nodash_with_tz': '20210513T000000+0000',
 'var': {'json': None, 'value': None},
 'yesterday_ds': <Proxy at 0x7763646c82c0 with factory functools.partial(<function lazy_mapping_from_context.<locals>._deprecated_proxy_factory at 0x776364651760>, 'yesterday_ds', '2021-05-12')>,
 'yesterday_ds_nodash': <Proxy at 0x7763646c8280 with factory functools.partial(<function lazy_mapping_from_context.<locals>._deprecated_proxy_factory at 0x776364651760>, 'yesterday_ds_nodash', '20210512')>}
[2025-04-01T14:34:24.081+0000] {logging_mixin.py:190} INFO - 2021-05-13
[2025-04-01T14:34:24.082+0000] {python.py:240} INFO - Done. Returned value was: Whatever you return gets printed in the logs
[2025-04-01T14:34:24.372+0000] {taskinstance.py:341} INFO - ::group::Post task execution logs
[2025-04-01T14:34:24.392+0000] {taskinstance.py:353} INFO - Marking task as SUCCESS. dag_id=my_dag_name, task_id=print_the_context, run_id=scheduled__2021-05-13T00:00:00+00:00, execution_date=20210513T000000, start_date=20250401T143420, end_date=20250401T143424
[2025-04-01T14:34:25.006+0000] {logging_mixin.py:190} INFO - Task instance in success state
[2025-04-01T14:34:25.009+0000] {logging_mixin.py:190} INFO -  Previous state of the Task instance: running
[2025-04-01T14:34:25.025+0000] {logging_mixin.py:190} INFO - Dag name:my_dag_name queued_at:2025-04-01 14:33:53.307182+00:00
[2025-04-01T14:34:25.044+0000] {logging_mixin.py:190} INFO - Task hostname:900d630d7d5f operator:_PythonDecoratedOperator
[2025-04-01T14:34:25.148+0000] {local_task_job_runner.py:266} INFO - Task exited with return code 0
[2025-04-01T14:34:25.250+0000] {local_task_job_runner.py:245} INFO - ::endgroup::
