[2025-04-01T15:01:45.128+0000] {local_task_job_runner.py:123} INFO - ::group::Pre task execution logs
[2025-04-01T15:01:45.617+0000] {taskinstance.py:2614} INFO - Dependencies all met for dep_context=non-requeueable deps ti=<TaskInstance: my_dag_name.print_the_context scheduled__2022-05-07T00:00:00+00:00 [queued]>
[2025-04-01T15:01:45.823+0000] {taskinstance.py:2614} INFO - Dependencies all met for dep_context=requeueable deps ti=<TaskInstance: my_dag_name.print_the_context scheduled__2022-05-07T00:00:00+00:00 [queued]>
[2025-04-01T15:01:45.827+0000] {taskinstance.py:2867} INFO - Starting attempt 1 of 1
[2025-04-01T15:01:46.096+0000] {taskinstance.py:2890} INFO - Executing <Task(_PythonDecoratedOperator): print_the_context> on 2022-05-07 00:00:00+00:00
[2025-04-01T15:01:46.189+0000] {warnings.py:112} WARNING - /home/***/.local/lib/python3.12/site-packages/***/task/task_runner/standard_task_runner.py:70: DeprecationWarning: This process (pid=4396) is multi-threaded, use of fork() may lead to deadlocks in the child.
  pid = os.fork()

[2025-04-01T15:01:46.199+0000] {standard_task_runner.py:72} INFO - Started process 4441 to run task
[2025-04-01T15:01:46.249+0000] {standard_task_runner.py:104} INFO - Running: ['***', 'tasks', 'run', 'my_dag_name', 'print_the_context', 'scheduled__2022-05-07T00:00:00+00:00', '--job-id', '983', '--raw', '--subdir', 'DAGS_FOLDER/con.py', '--cfg-path', '/tmp/tmp4666jn_c']
[2025-04-01T15:01:46.258+0000] {standard_task_runner.py:105} INFO - Job 983: Subtask print_the_context
[2025-04-01T15:01:46.718+0000] {task_command.py:467} INFO - Running <TaskInstance: my_dag_name.print_the_context scheduled__2022-05-07T00:00:00+00:00 [running]> on host 900d630d7d5f
[2025-04-01T15:01:47.952+0000] {taskinstance.py:3134} INFO - Exporting env vars: AIRFLOW_CTX_DAG_OWNER='***' AIRFLOW_CTX_DAG_ID='my_dag_name' AIRFLOW_CTX_TASK_ID='print_the_context' AIRFLOW_CTX_EXECUTION_DATE='2022-05-07T00:00:00+00:00' AIRFLOW_CTX_TRY_NUMBER='1' AIRFLOW_CTX_DAG_RUN_ID='scheduled__2022-05-07T00:00:00+00:00'
[2025-04-01T15:01:47.994+0000] {logging_mixin.py:190} INFO - Task instance is in running state
[2025-04-01T15:01:47.995+0000] {logging_mixin.py:190} INFO -  Previous state of the Task instance: queued
[2025-04-01T15:01:47.995+0000] {logging_mixin.py:190} INFO - Current task name:print_the_context state:running start_date:2025-04-01 15:01:45.618011+00:00
[2025-04-01T15:01:47.996+0000] {logging_mixin.py:190} INFO - Dag name:my_dag_name and current dag run status:running
[2025-04-01T15:01:48.012+0000] {taskinstance.py:732} INFO - ::endgroup::
[2025-04-01T15:01:48.079+0000] {logging_mixin.py:190} INFO - {'conf': <Proxy at 0x77636462b040 with factory functools.partial(<function lazy_mapping_from_context.<locals>._deprecated_proxy_factory at 0x77636464d800>, 'conf', <***.configuration.AirflowConfigParser object at 0x7763844f8cb0>)>,
 'conn': None,
 'dag': <DAG: my_dag_name>,
 'dag_run': <DagRun my_dag_name @ 2022-05-07 00:00:00+00:00: scheduled__2022-05-07T00:00:00+00:00, state:running, queued_at: 2025-04-01 15:01:18.519834+00:00. externally triggered: False>,
 'data_interval_end': DateTime(2022, 5, 8, 0, 0, 0, tzinfo=Timezone('UTC')),
 'data_interval_start': DateTime(2022, 5, 7, 0, 0, 0, tzinfo=Timezone('UTC')),
 'ds_nodash': '20220507',
 'execution_date': <Proxy at 0x77636470d900 with factory functools.partial(<function lazy_mapping_from_context.<locals>._deprecated_proxy_factory at 0x77636464d800>, 'execution_date', DateTime(2022, 5, 7, 0, 0, 0, tzinfo=Timezone('UTC')))>,
 'expanded_ti_count': None,
 'inlet_events': InletEventsAccessors(_inlets=[], _datasets={}, _dataset_aliases={}, _session=<sqlalchemy.orm.session.Session object at 0x776383db4e60>),
 'inlets': [],
 'logical_date': DateTime(2022, 5, 7, 0, 0, 0, tzinfo=Timezone('UTC')),
 'macros': <module '***.macros' from '/home/***/.local/lib/python3.12/site-packages/***/macros/__init__.py'>,
 'map_index_template': None,
 'next_ds': <Proxy at 0x776364655e80 with factory functools.partial(<function lazy_mapping_from_context.<locals>._deprecated_proxy_factory at 0x77636464d800>, 'next_ds', '2022-05-08')>,
 'next_ds_nodash': <Proxy at 0x7763646b7540 with factory functools.partial(<function lazy_mapping_from_context.<locals>._deprecated_proxy_factory at 0x77636464d800>, 'next_ds_nodash', '20220508')>,
 'next_execution_date': <Proxy at 0x776364850480 with factory functools.partial(<function lazy_mapping_from_context.<locals>._deprecated_proxy_factory at 0x77636464d800>, 'next_execution_date', DateTime(2022, 5, 8, 0, 0, 0, tzinfo=Timezone('UTC')))>,
 'outlet_events': <***.utils.context.OutletEventAccessors object at 0x776364641e50>,
 'outlets': [],
 'params': {},
 'prev_data_interval_end_success': DateTime(2022, 5, 1, 0, 0, 0, tzinfo=Timezone('UTC')),
 'prev_data_interval_start_success': DateTime(2022, 4, 30, 0, 0, 0, tzinfo=Timezone('UTC')),
 'prev_ds': <Proxy at 0x7763647ad440 with factory functools.partial(<function lazy_mapping_from_context.<locals>._deprecated_proxy_factory at 0x77636464d800>, 'prev_ds', '2022-05-06')>,
 'prev_ds_nodash': <Proxy at 0x7763646c47c0 with factory functools.partial(<function lazy_mapping_from_context.<locals>._deprecated_proxy_factory at 0x77636464d800>, 'prev_ds_nodash', '20220506')>,
 'prev_end_date_success': DateTime(2025, 4, 1, 15, 1, 12, 61453, tzinfo=Timezone('UTC')),
 'prev_execution_date': <Proxy at 0x7763646c4c40 with factory functools.partial(<function lazy_mapping_from_context.<locals>._deprecated_proxy_factory at 0x77636464d800>, 'prev_execution_date', DateTime(2022, 5, 6, 0, 0, 0, tzinfo=Timezone('UTC')))>,
 'prev_execution_date_success': <Proxy at 0x7763646c4440 with factory functools.partial(<function lazy_mapping_from_context.<locals>._deprecated_proxy_factory at 0x77636464d800>, 'prev_execution_date_success', DateTime(2022, 4, 30, 0, 0, 0, tzinfo=Timezone('UTC')))>,
 'prev_start_date_success': DateTime(2025, 4, 1, 15, 0, 25, 327914, tzinfo=Timezone('UTC')),
 'run_id': 'scheduled__2022-05-07T00:00:00+00:00',
 'task': <Task(_PythonDecoratedOperator): print_the_context>,
 'task_instance': <TaskInstance: my_dag_name.print_the_context scheduled__2022-05-07T00:00:00+00:00 [running]>,
 'task_instance_key_str': 'my_dag_name__print_the_context__20220507',
 'templates_dict': None,
 'test_mode': False,
 'ti': <TaskInstance: my_dag_name.print_the_context scheduled__2022-05-07T00:00:00+00:00 [running]>,
 'tomorrow_ds': <Proxy at 0x7763646c4400 with factory functools.partial(<function lazy_mapping_from_context.<locals>._deprecated_proxy_factory at 0x77636464d800>, 'tomorrow_ds', '2022-05-08')>,
 'tomorrow_ds_nodash': <Proxy at 0x7763646c43c0 with factory functools.partial(<function lazy_mapping_from_context.<locals>._deprecated_proxy_factory at 0x77636464d800>, 'tomorrow_ds_nodash', '20220508')>,
 'triggering_dataset_events': <Proxy at 0x776364629940 with factory <function _get_template_context.<locals>.get_triggering_events at 0x77636464d300>>,
 'ts': '2022-05-07T00:00:00+00:00',
 'ts_nodash': '20220507T000000',
 'ts_nodash_with_tz': '20220507T000000+0000',
 'var': {'json': None, 'value': None},
 'yesterday_ds': <Proxy at 0x7763646c4380 with factory functools.partial(<function lazy_mapping_from_context.<locals>._deprecated_proxy_factory at 0x77636464d800>, 'yesterday_ds', '2022-05-06')>,
 'yesterday_ds_nodash': <Proxy at 0x7763646c4340 with factory functools.partial(<function lazy_mapping_from_context.<locals>._deprecated_proxy_factory at 0x77636464d800>, 'yesterday_ds_nodash', '20220506')>}
[2025-04-01T15:01:48.083+0000] {logging_mixin.py:190} INFO - 2022-05-07
[2025-04-01T15:01:48.084+0000] {python.py:240} INFO - Done. Returned value was: Whatever you return gets printed in the logs
[2025-04-01T15:01:48.230+0000] {taskinstance.py:341} INFO - ::group::Post task execution logs
[2025-04-01T15:01:48.244+0000] {taskinstance.py:353} INFO - Marking task as SUCCESS. dag_id=my_dag_name, task_id=print_the_context, run_id=scheduled__2022-05-07T00:00:00+00:00, execution_date=20220507T000000, start_date=20250401T150145, end_date=20250401T150148
[2025-04-01T15:01:48.421+0000] {logging_mixin.py:190} INFO - Task instance in success state
[2025-04-01T15:01:48.422+0000] {logging_mixin.py:190} INFO -  Previous state of the Task instance: running
[2025-04-01T15:01:48.422+0000] {logging_mixin.py:190} INFO - Dag name:my_dag_name queued_at:2025-04-01 15:01:18.519834+00:00
[2025-04-01T15:01:48.423+0000] {logging_mixin.py:190} INFO - Task hostname:900d630d7d5f operator:_PythonDecoratedOperator
[2025-04-01T15:01:48.619+0000] {local_task_job_runner.py:266} INFO - Task exited with return code 0
[2025-04-01T15:01:48.703+0000] {local_task_job_runner.py:245} INFO - ::endgroup::
