[2025-04-03T09:53:20.902+0000] {local_task_job_runner.py:123} INFO - ::group::Pre task execution logs
[2025-04-03T09:53:20.936+0000] {taskinstance.py:2614} INFO - Dependencies all met for dep_context=non-requeueable deps ti=<TaskInstance: my_dag_name.insert_query_job manual__2025-04-03T09:53:07.169004+00:00 [queued]>
[2025-04-03T09:53:20.954+0000] {taskinstance.py:2614} INFO - Dependencies all met for dep_context=requeueable deps ti=<TaskInstance: my_dag_name.insert_query_job manual__2025-04-03T09:53:07.169004+00:00 [queued]>
[2025-04-03T09:53:20.955+0000] {taskinstance.py:2867} INFO - Starting attempt 1 of 1
[2025-04-03T09:53:20.975+0000] {taskinstance.py:2890} INFO - Executing <Task(BigQueryInsertJobOperator): insert_query_job> on 2025-04-03 09:53:07.169004+00:00
[2025-04-03T09:53:20.987+0000] {warnings.py:112} WARNING - /home/***/.local/lib/python3.12/site-packages/***/task/task_runner/standard_task_runner.py:70: DeprecationWarning: This process (pid=1058) is multi-threaded, use of fork() may lead to deadlocks in the child.
  pid = os.fork()

[2025-04-03T09:53:20.990+0000] {standard_task_runner.py:72} INFO - Started process 1060 to run task
[2025-04-03T09:53:20.992+0000] {standard_task_runner.py:104} INFO - Running: ['***', 'tasks', 'run', 'my_dag_name', 'insert_query_job', 'manual__2025-04-03T09:53:07.169004+00:00', '--job-id', '59', '--raw', '--subdir', 'DAGS_FOLDER/intermediaire_table.py', '--cfg-path', '/tmp/tmp4lluih2k']
[2025-04-03T09:53:20.994+0000] {standard_task_runner.py:105} INFO - Job 59: Subtask insert_query_job
[2025-04-03T09:53:21.067+0000] {task_command.py:467} INFO - Running <TaskInstance: my_dag_name.insert_query_job manual__2025-04-03T09:53:07.169004+00:00 [running]> on host d6badcb20287
[2025-04-03T09:53:21.215+0000] {taskinstance.py:3134} INFO - Exporting env vars: AIRFLOW_CTX_DAG_OWNER='***' AIRFLOW_CTX_DAG_ID='my_dag_name' AIRFLOW_CTX_TASK_ID='insert_query_job' AIRFLOW_CTX_EXECUTION_DATE='2025-04-03T09:53:07.169004+00:00' AIRFLOW_CTX_TRY_NUMBER='1' AIRFLOW_CTX_DAG_RUN_ID='manual__2025-04-03T09:53:07.169004+00:00'
[2025-04-03T09:53:21.218+0000] {logging_mixin.py:190} INFO - Task instance is in running state
[2025-04-03T09:53:21.219+0000] {logging_mixin.py:190} INFO -  Previous state of the Task instance: queued
[2025-04-03T09:53:21.219+0000] {logging_mixin.py:190} INFO - Current task name:insert_query_job state:running start_date:2025-04-03 09:53:20.936943+00:00
[2025-04-03T09:53:21.220+0000] {logging_mixin.py:190} INFO - Dag name:my_dag_name and current dag run status:running
[2025-04-03T09:53:21.220+0000] {taskinstance.py:732} INFO - ::endgroup::
[2025-04-03T09:53:21.246+0000] {base.py:84} INFO - Retrieving connection 'gcp_conn'
[2025-04-03T09:53:21.326+0000] {bigquery.py:2958} INFO - Executing: {'query': {'query': "\n        DELETE FROM `nlpfakenews.fake_news_detection.training_data`\n        WHERE id_news IN UNNEST(['1jqdoke', '1jqdjsw', '1jqdj5f', '1jqdido', '1jqdhq9', '1jqdg5s', '1jqdat4'])\n    ", 'useLegacySql': False, 'priority': 'BATCH'}}'
[2025-04-03T09:53:21.328+0000] {bigquery.py:1343} INFO - Inserting job ***_my_dag_name_insert_query_job_2025_04_03T09_53_07_169004_00_00_0ccf71292e831cc68e9b3ef326fcdabe
[2025-04-03T09:53:24.076+0000] {bigquery.py:2929} INFO - Job ***_my_dag_name_insert_query_job_2025_04_03T09_53_07_169004_00_00_0ccf71292e831cc68e9b3ef326fcdabe is completed. Checking the job status
[2025-04-03T09:53:24.107+0000] {taskinstance.py:341} INFO - ::group::Post task execution logs
[2025-04-03T09:53:24.108+0000] {taskinstance.py:353} INFO - Marking task as SUCCESS. dag_id=my_dag_name, task_id=insert_query_job, run_id=manual__2025-04-03T09:53:07.169004+00:00, execution_date=20250403T095307, start_date=20250403T095320, end_date=20250403T095324
[2025-04-03T09:53:24.144+0000] {logging_mixin.py:190} INFO - Task instance in success state
[2025-04-03T09:53:24.144+0000] {logging_mixin.py:190} INFO -  Previous state of the Task instance: running
[2025-04-03T09:53:24.145+0000] {logging_mixin.py:190} INFO - Dag name:my_dag_name queued_at:2025-04-03 09:53:07.183269+00:00
[2025-04-03T09:53:24.145+0000] {logging_mixin.py:190} INFO - Task hostname:d6badcb20287 operator:BigQueryInsertJobOperator
[2025-04-03T09:53:24.179+0000] {local_task_job_runner.py:266} INFO - Task exited with return code 0
[2025-04-03T09:53:24.205+0000] {taskinstance.py:3901} INFO - 0 downstream tasks scheduled from follow-on schedule check
[2025-04-03T09:53:24.207+0000] {local_task_job_runner.py:245} INFO - ::endgroup::
