[2025-04-01T14:45:11.777+0000] {local_task_job_runner.py:123} INFO - ::group::Pre task execution logs
[2025-04-01T14:45:12.057+0000] {taskinstance.py:2614} INFO - Dependencies all met for dep_context=non-requeueable deps ti=<TaskInstance: my_dag_name.create_table scheduled__2021-09-23T00:00:00+00:00 [queued]>
[2025-04-01T14:45:12.154+0000] {taskinstance.py:2614} INFO - Dependencies all met for dep_context=requeueable deps ti=<TaskInstance: my_dag_name.create_table scheduled__2021-09-23T00:00:00+00:00 [queued]>
[2025-04-01T14:45:12.155+0000] {taskinstance.py:2867} INFO - Starting attempt 1 of 1
[2025-04-01T14:45:12.332+0000] {taskinstance.py:2890} INFO - Executing <Task(BigQueryCreateTableOperator): create_table> on 2021-09-23 00:00:00+00:00
[2025-04-01T14:45:12.393+0000] {standard_task_runner.py:104} INFO - Running: ['***', 'tasks', 'run', 'my_dag_name', 'create_table', 'scheduled__2021-09-23T00:00:00+00:00', '--job-id', '550', '--raw', '--subdir', 'DAGS_FOLDER/con.py', '--cfg-path', '/tmp/tmpajo5r42e']
[2025-04-01T14:45:12.403+0000] {standard_task_runner.py:105} INFO - Job 550: Subtask create_table
[2025-04-01T14:45:12.391+0000] {warnings.py:112} WARNING - /home/***/.local/lib/python3.12/site-packages/***/task/task_runner/standard_task_runner.py:70: DeprecationWarning: This process (pid=2475) is multi-threaded, use of fork() may lead to deadlocks in the child.
  pid = os.fork()

[2025-04-01T14:45:12.404+0000] {standard_task_runner.py:72} INFO - Started process 2519 to run task
[2025-04-01T14:45:12.885+0000] {task_command.py:467} INFO - Running <TaskInstance: my_dag_name.create_table scheduled__2021-09-23T00:00:00+00:00 [running]> on host 900d630d7d5f
[2025-04-01T14:45:13.792+0000] {taskinstance.py:3134} INFO - Exporting env vars: AIRFLOW_CTX_DAG_OWNER='***' AIRFLOW_CTX_DAG_ID='my_dag_name' AIRFLOW_CTX_TASK_ID='create_table' AIRFLOW_CTX_EXECUTION_DATE='2021-09-23T00:00:00+00:00' AIRFLOW_CTX_TRY_NUMBER='1' AIRFLOW_CTX_DAG_RUN_ID='scheduled__2021-09-23T00:00:00+00:00'
[2025-04-01T14:45:13.813+0000] {logging_mixin.py:190} INFO - Task instance is in running state
[2025-04-01T14:45:13.814+0000] {logging_mixin.py:190} INFO -  Previous state of the Task instance: queued
[2025-04-01T14:45:13.814+0000] {logging_mixin.py:190} INFO - Current task name:create_table state:running start_date:2025-04-01 14:45:12.063900+00:00
[2025-04-01T14:45:13.815+0000] {logging_mixin.py:190} INFO - Dag name:my_dag_name and current dag run status:running
[2025-04-01T14:45:13.815+0000] {taskinstance.py:732} INFO - ::endgroup::
[2025-04-01T14:45:13.885+0000] {connection.py:277} WARNING - Connection schemes (type: google_cloud_platform) shall not contain '_' according to RFC3986.
[2025-04-01T14:45:13.967+0000] {base.py:84} INFO - Retrieving connection 'gcp_co'
[2025-04-01T14:45:13.980+0000] {bigquery.py:1274} INFO - Creating table...
[2025-04-01T14:45:14.891+0000] {bigquery.py:1304} INFO - Table fake_news_detection.training_data already exists.
[2025-04-01T14:45:15.008+0000] {taskinstance.py:341} INFO - ::group::Post task execution logs
[2025-04-01T14:45:15.015+0000] {taskinstance.py:353} INFO - Marking task as SUCCESS. dag_id=my_dag_name, task_id=create_table, run_id=scheduled__2021-09-23T00:00:00+00:00, execution_date=20210923T000000, start_date=20250401T144512, end_date=20250401T144515
[2025-04-01T14:45:15.138+0000] {logging_mixin.py:190} INFO - Task instance in success state
[2025-04-01T14:45:15.139+0000] {logging_mixin.py:190} INFO -  Previous state of the Task instance: running
[2025-04-01T14:45:15.139+0000] {logging_mixin.py:190} INFO - Dag name:my_dag_name queued_at:2025-04-01 14:44:06.212266+00:00
[2025-04-01T14:45:15.140+0000] {logging_mixin.py:190} INFO - Task hostname:900d630d7d5f operator:BigQueryCreateTableOperator
[2025-04-01T14:45:15.205+0000] {local_task_job_runner.py:266} INFO - Task exited with return code 0
[2025-04-01T14:45:15.286+0000] {taskinstance.py:3901} INFO - 0 downstream tasks scheduled from follow-on schedule check
[2025-04-01T14:45:15.293+0000] {local_task_job_runner.py:245} INFO - ::endgroup::
