[2025-04-03T09:39:08.658+0000] {local_task_job_runner.py:123} INFO - ::group::Pre task execution logs
[2025-04-03T09:39:08.691+0000] {taskinstance.py:2614} INFO - Dependencies all met for dep_context=non-requeueable deps ti=<TaskInstance: my_dag_name.create_bq_insert_query manual__2025-04-03T09:38:58.692638+00:00 [queued]>
[2025-04-03T09:39:08.708+0000] {taskinstance.py:2614} INFO - Dependencies all met for dep_context=requeueable deps ti=<TaskInstance: my_dag_name.create_bq_insert_query manual__2025-04-03T09:38:58.692638+00:00 [queued]>
[2025-04-03T09:39:08.709+0000] {taskinstance.py:2867} INFO - Starting attempt 1 of 1
[2025-04-03T09:39:08.728+0000] {taskinstance.py:2890} INFO - Executing <Task(PythonOperator): create_bq_insert_query> on 2025-04-03 09:38:58.692638+00:00
[2025-04-03T09:39:08.742+0000] {warnings.py:112} WARNING - /home/***/.local/lib/python3.12/site-packages/***/task/task_runner/standard_task_runner.py:70: DeprecationWarning: This process (pid=843) is multi-threaded, use of fork() may lead to deadlocks in the child.
  pid = os.fork()

[2025-04-03T09:39:08.745+0000] {standard_task_runner.py:72} INFO - Started process 852 to run task
[2025-04-03T09:39:08.748+0000] {standard_task_runner.py:104} INFO - Running: ['***', 'tasks', 'run', 'my_dag_name', 'create_bq_insert_query', 'manual__2025-04-03T09:38:58.692638+00:00', '--job-id', '49', '--raw', '--subdir', 'DAGS_FOLDER/intermediaire_table.py', '--cfg-path', '/tmp/tmpm6vx3202']
[2025-04-03T09:39:08.750+0000] {standard_task_runner.py:105} INFO - Job 49: Subtask create_bq_insert_query
[2025-04-03T09:39:08.824+0000] {task_command.py:467} INFO - Running <TaskInstance: my_dag_name.create_bq_insert_query manual__2025-04-03T09:38:58.692638+00:00 [running]> on host d6badcb20287
[2025-04-03T09:39:08.968+0000] {taskinstance.py:3134} INFO - Exporting env vars: AIRFLOW_CTX_DAG_OWNER='***' AIRFLOW_CTX_DAG_ID='my_dag_name' AIRFLOW_CTX_TASK_ID='create_bq_insert_query' AIRFLOW_CTX_EXECUTION_DATE='2025-04-03T09:38:58.692638+00:00' AIRFLOW_CTX_TRY_NUMBER='1' AIRFLOW_CTX_DAG_RUN_ID='manual__2025-04-03T09:38:58.692638+00:00'
[2025-04-03T09:39:08.970+0000] {logging_mixin.py:190} INFO - Task instance is in running state
[2025-04-03T09:39:08.971+0000] {logging_mixin.py:190} INFO -  Previous state of the Task instance: queued
[2025-04-03T09:39:08.971+0000] {logging_mixin.py:190} INFO - Current task name:create_bq_insert_query state:running start_date:2025-04-03 09:39:08.691727+00:00
[2025-04-03T09:39:08.972+0000] {logging_mixin.py:190} INFO - Dag name:my_dag_name and current dag run status:running
[2025-04-03T09:39:08.972+0000] {taskinstance.py:732} INFO - ::endgroup::
[2025-04-03T09:39:08.973+0000] {logging_mixin.py:190} INFO - 
        DELETE FROM `nlpfakenews.fake_news_detection.training_data`
        WHERE id_news IN (['1jqdoke', '1jqdjsw', '1jqdj5f', '1jqdido', '1jqdhq9', '1jqdg5s', '1jqdat4'])
    
[2025-04-03T09:39:08.974+0000] {python.py:240} INFO - Done. Returned value was: 
        DELETE FROM `nlpfakenews.fake_news_detection.training_data`
        WHERE id_news IN (['1jqdoke', '1jqdjsw', '1jqdj5f', '1jqdido', '1jqdhq9', '1jqdg5s', '1jqdat4'])
    
[2025-04-03T09:39:09.013+0000] {taskinstance.py:341} INFO - ::group::Post task execution logs
[2025-04-03T09:39:09.013+0000] {taskinstance.py:353} INFO - Marking task as SUCCESS. dag_id=my_dag_name, task_id=create_bq_insert_query, run_id=manual__2025-04-03T09:38:58.692638+00:00, execution_date=20250403T093858, start_date=20250403T093908, end_date=20250403T093909
[2025-04-03T09:39:09.048+0000] {logging_mixin.py:190} INFO - Task instance in success state
[2025-04-03T09:39:09.048+0000] {logging_mixin.py:190} INFO -  Previous state of the Task instance: running
[2025-04-03T09:39:09.049+0000] {logging_mixin.py:190} INFO - Dag name:my_dag_name queued_at:2025-04-03 09:38:58.715165+00:00
[2025-04-03T09:39:09.049+0000] {logging_mixin.py:190} INFO - Task hostname:d6badcb20287 operator:PythonOperator
[2025-04-03T09:39:09.083+0000] {local_task_job_runner.py:266} INFO - Task exited with return code 0
[2025-04-03T09:39:09.120+0000] {taskinstance.py:3901} INFO - 1 downstream tasks scheduled from follow-on schedule check
[2025-04-03T09:39:09.122+0000] {local_task_job_runner.py:245} INFO - ::endgroup::
