[2025-04-01T14:24:33.004+0000] {local_task_job_runner.py:123} INFO - ::group::Pre task execution logs
[2025-04-01T14:24:33.263+0000] {taskinstance.py:2614} INFO - Dependencies all met for dep_context=non-requeueable deps ti=<TaskInstance: my_dag_name.print_the_context scheduled__2021-01-07T00:00:00+00:00 [queued]>
[2025-04-01T14:24:33.382+0000] {taskinstance.py:2614} INFO - Dependencies all met for dep_context=requeueable deps ti=<TaskInstance: my_dag_name.print_the_context scheduled__2021-01-07T00:00:00+00:00 [queued]>
[2025-04-01T14:24:33.395+0000] {taskinstance.py:2867} INFO - Starting attempt 1 of 1
[2025-04-01T14:24:33.867+0000] {taskinstance.py:2890} INFO - Executing <Task(_PythonDecoratedOperator): print_the_context> on 2021-01-07 00:00:00+00:00
[2025-04-01T14:24:34.015+0000] {warnings.py:112} WARNING - /home/***/.local/lib/python3.12/site-packages/***/task/task_runner/standard_task_runner.py:70: DeprecationWarning: This process (pid=173) is multi-threaded, use of fork() may lead to deadlocks in the child.
  pid = os.fork()

[2025-04-01T14:24:34.068+0000] {standard_task_runner.py:72} INFO - Started process 212 to run task
[2025-04-01T14:24:34.070+0000] {standard_task_runner.py:104} INFO - Running: ['***', 'tasks', 'run', 'my_dag_name', 'print_the_context', 'scheduled__2021-01-07T00:00:00+00:00', '--job-id', '22', '--raw', '--subdir', 'DAGS_FOLDER/con.py', '--cfg-path', '/tmp/tmp_gtip5vg']
[2025-04-01T14:24:34.081+0000] {standard_task_runner.py:105} INFO - Job 22: Subtask print_the_context
[2025-04-01T14:24:34.738+0000] {task_command.py:467} INFO - Running <TaskInstance: my_dag_name.print_the_context scheduled__2021-01-07T00:00:00+00:00 [running]> on host 900d630d7d5f
[2025-04-01T14:24:35.658+0000] {taskinstance.py:3134} INFO - Exporting env vars: AIRFLOW_CTX_DAG_OWNER='***' AIRFLOW_CTX_DAG_ID='my_dag_name' AIRFLOW_CTX_TASK_ID='print_the_context' AIRFLOW_CTX_EXECUTION_DATE='2021-01-07T00:00:00+00:00' AIRFLOW_CTX_TRY_NUMBER='1' AIRFLOW_CTX_DAG_RUN_ID='scheduled__2021-01-07T00:00:00+00:00'
[2025-04-01T14:24:35.673+0000] {logging_mixin.py:190} INFO - Task instance is in running state
[2025-04-01T14:24:35.674+0000] {logging_mixin.py:190} INFO -  Previous state of the Task instance: queued
[2025-04-01T14:24:35.675+0000] {logging_mixin.py:190} INFO - Current task name:print_the_context state:running start_date:2025-04-01 14:24:33.267932+00:00
[2025-04-01T14:24:35.694+0000] {logging_mixin.py:190} INFO - Dag name:my_dag_name and current dag run status:running
[2025-04-01T14:24:35.696+0000] {taskinstance.py:732} INFO - ::endgroup::
[2025-04-01T14:24:35.771+0000] {logging_mixin.py:190} INFO - {'conf': <Proxy at 0x7763647fa700 with factory functools.partial(<function lazy_mapping_from_context.<locals>._deprecated_proxy_factory at 0x7763644ea020>, 'conf', <***.configuration.AirflowConfigParser object at 0x7763844f8cb0>)>,
 'conn': None,
 'dag': <DAG: my_dag_name>,
 'dag_run': <DagRun my_dag_name @ 2021-01-07 00:00:00+00:00: scheduled__2021-01-07T00:00:00+00:00, state:running, queued_at: 2025-04-01 14:23:46.188006+00:00. externally triggered: False>,
 'data_interval_end': DateTime(2021, 1, 8, 0, 0, 0, tzinfo=Timezone('UTC')),
 'data_interval_start': DateTime(2021, 1, 7, 0, 0, 0, tzinfo=Timezone('UTC')),
 'ds_nodash': '20210107',
 'execution_date': <Proxy at 0x7763644d6e80 with factory functools.partial(<function lazy_mapping_from_context.<locals>._deprecated_proxy_factory at 0x7763644ea020>, 'execution_date', DateTime(2021, 1, 7, 0, 0, 0, tzinfo=Timezone('UTC')))>,
 'expanded_ti_count': None,
 'inlet_events': InletEventsAccessors(_inlets=[], _datasets={}, _dataset_aliases={}, _session=<sqlalchemy.orm.session.Session object at 0x776383db4260>),
 'inlets': [],
 'logical_date': DateTime(2021, 1, 7, 0, 0, 0, tzinfo=Timezone('UTC')),
 'macros': <module '***.macros' from '/home/***/.local/lib/python3.12/site-packages/***/macros/__init__.py'>,
 'map_index_template': None,
 'next_ds': <Proxy at 0x7763644d7100 with factory functools.partial(<function lazy_mapping_from_context.<locals>._deprecated_proxy_factory at 0x7763644ea020>, 'next_ds', '2021-01-08')>,
 'next_ds_nodash': <Proxy at 0x7763644fb580 with factory functools.partial(<function lazy_mapping_from_context.<locals>._deprecated_proxy_factory at 0x7763644ea020>, 'next_ds_nodash', '20210108')>,
 'next_execution_date': <Proxy at 0x7763644fa8c0 with factory functools.partial(<function lazy_mapping_from_context.<locals>._deprecated_proxy_factory at 0x7763644ea020>, 'next_execution_date', DateTime(2021, 1, 8, 0, 0, 0, tzinfo=Timezone('UTC')))>,
 'outlet_events': <***.utils.context.OutletEventAccessors object at 0x7763644f63f0>,
 'outlets': [],
 'params': {},
 'prev_data_interval_end_success': None,
 'prev_data_interval_start_success': None,
 'prev_ds': <Proxy at 0x7763644cd440 with factory functools.partial(<function lazy_mapping_from_context.<locals>._deprecated_proxy_factory at 0x7763644ea020>, 'prev_ds', '2021-01-06')>,
 'prev_ds_nodash': <Proxy at 0x77636443d440 with factory functools.partial(<function lazy_mapping_from_context.<locals>._deprecated_proxy_factory at 0x7763644ea020>, 'prev_ds_nodash', '20210106')>,
 'prev_end_date_success': None,
 'prev_execution_date': <Proxy at 0x776364490140 with factory functools.partial(<function lazy_mapping_from_context.<locals>._deprecated_proxy_factory at 0x7763644ea020>, 'prev_execution_date', DateTime(2021, 1, 6, 0, 0, 0, tzinfo=Timezone('UTC')))>,
 'prev_execution_date_success': <Proxy at 0x776364492c00 with factory functools.partial(<function lazy_mapping_from_context.<locals>._deprecated_proxy_factory at 0x7763644ea020>, 'prev_execution_date_success', None)>,
 'prev_start_date_success': None,
 'run_id': 'scheduled__2021-01-07T00:00:00+00:00',
 'task': <Task(_PythonDecoratedOperator): print_the_context>,
 'task_instance': <TaskInstance: my_dag_name.print_the_context scheduled__2021-01-07T00:00:00+00:00 [running]>,
 'task_instance_key_str': 'my_dag_name__print_the_context__20210107',
 'templates_dict': None,
 'test_mode': False,
 'ti': <TaskInstance: my_dag_name.print_the_context scheduled__2021-01-07T00:00:00+00:00 [running]>,
 'tomorrow_ds': <Proxy at 0x7763647a3780 with factory functools.partial(<function lazy_mapping_from_context.<locals>._deprecated_proxy_factory at 0x7763644ea020>, 'tomorrow_ds', '2021-01-08')>,
 'tomorrow_ds_nodash': <Proxy at 0x7763647a38c0 with factory functools.partial(<function lazy_mapping_from_context.<locals>._deprecated_proxy_factory at 0x7763644ea020>, 'tomorrow_ds_nodash', '20210108')>,
 'triggering_dataset_events': <Proxy at 0x7763647f9380 with factory <function _get_template_context.<locals>.get_triggering_events at 0x7763644e9b20>>,
 'ts': '2021-01-07T00:00:00+00:00',
 'ts_nodash': '20210107T000000',
 'ts_nodash_with_tz': '20210107T000000+0000',
 'var': {'json': None, 'value': None},
 'yesterday_ds': <Proxy at 0x7763647a3900 with factory functools.partial(<function lazy_mapping_from_context.<locals>._deprecated_proxy_factory at 0x7763644ea020>, 'yesterday_ds', '2021-01-06')>,
 'yesterday_ds_nodash': <Proxy at 0x7763647a3a80 with factory functools.partial(<function lazy_mapping_from_context.<locals>._deprecated_proxy_factory at 0x7763644ea020>, 'yesterday_ds_nodash', '20210106')>}
[2025-04-01T14:24:35.772+0000] {logging_mixin.py:190} INFO - 2021-01-07
[2025-04-01T14:24:35.773+0000] {python.py:240} INFO - Done. Returned value was: Whatever you return gets printed in the logs
[2025-04-01T14:24:35.884+0000] {taskinstance.py:341} INFO - ::group::Post task execution logs
[2025-04-01T14:24:35.890+0000] {taskinstance.py:353} INFO - Marking task as SUCCESS. dag_id=my_dag_name, task_id=print_the_context, run_id=scheduled__2021-01-07T00:00:00+00:00, execution_date=20210107T000000, start_date=20250401T142433, end_date=20250401T142435
[2025-04-01T14:24:36.139+0000] {logging_mixin.py:190} INFO - Task instance in success state
[2025-04-01T14:24:36.140+0000] {logging_mixin.py:190} INFO -  Previous state of the Task instance: running
[2025-04-01T14:24:36.144+0000] {logging_mixin.py:190} INFO - Dag name:my_dag_name queued_at:2025-04-01 14:23:46.188006+00:00
[2025-04-01T14:24:36.144+0000] {logging_mixin.py:190} INFO - Task hostname:900d630d7d5f operator:_PythonDecoratedOperator
[2025-04-01T14:24:36.294+0000] {local_task_job_runner.py:266} INFO - Task exited with return code 0
[2025-04-01T14:24:36.422+0000] {dagrun.py:977} ERROR - Failed to get task for ti <TaskInstance: my_dag_name.create_table scheduled__2021-01-07T00:00:00+00:00 [None]>. Marking it as removed.
[2025-04-01T14:24:36.464+0000] {taskinstance.py:3901} INFO - 0 downstream tasks scheduled from follow-on schedule check
[2025-04-01T14:24:36.482+0000] {local_task_job_runner.py:245} INFO - ::endgroup::
