[2025-04-01T14:31:36.647+0000] {local_task_job_runner.py:123} INFO - ::group::Pre task execution logs
[2025-04-01T14:31:36.961+0000] {taskinstance.py:2614} INFO - Dependencies all met for dep_context=non-requeueable deps ti=<TaskInstance: my_dag_name.print_the_context scheduled__2021-04-21T00:00:00+00:00 [queued]>
[2025-04-01T14:31:37.119+0000] {taskinstance.py:2614} INFO - Dependencies all met for dep_context=requeueable deps ti=<TaskInstance: my_dag_name.print_the_context scheduled__2021-04-21T00:00:00+00:00 [queued]>
[2025-04-01T14:31:37.120+0000] {taskinstance.py:2867} INFO - Starting attempt 1 of 1
[2025-04-01T14:31:37.644+0000] {taskinstance.py:2890} INFO - Executing <Task(_PythonDecoratedOperator): print_the_context> on 2021-04-21 00:00:00+00:00
[2025-04-01T14:31:37.706+0000] {warnings.py:112} WARNING - /home/***/.local/lib/python3.12/site-packages/***/task/task_runner/standard_task_runner.py:70: DeprecationWarning: This process (pid=986) is multi-threaded, use of fork() may lead to deadlocks in the child.
  pid = os.fork()

[2025-04-01T14:31:37.709+0000] {standard_task_runner.py:72} INFO - Started process 1045 to run task
[2025-04-01T14:31:37.725+0000] {standard_task_runner.py:104} INFO - Running: ['***', 'tasks', 'run', 'my_dag_name', 'print_the_context', 'scheduled__2021-04-21T00:00:00+00:00', '--job-id', '211', '--raw', '--subdir', 'DAGS_FOLDER/con.py', '--cfg-path', '/tmp/tmp8u0iq_ds']
[2025-04-01T14:31:37.735+0000] {standard_task_runner.py:105} INFO - Job 211: Subtask print_the_context
[2025-04-01T14:31:38.258+0000] {task_command.py:467} INFO - Running <TaskInstance: my_dag_name.print_the_context scheduled__2021-04-21T00:00:00+00:00 [running]> on host 900d630d7d5f
[2025-04-01T14:31:39.745+0000] {taskinstance.py:3134} INFO - Exporting env vars: AIRFLOW_CTX_DAG_OWNER='***' AIRFLOW_CTX_DAG_ID='my_dag_name' AIRFLOW_CTX_TASK_ID='print_the_context' AIRFLOW_CTX_EXECUTION_DATE='2021-04-21T00:00:00+00:00' AIRFLOW_CTX_TRY_NUMBER='1' AIRFLOW_CTX_DAG_RUN_ID='scheduled__2021-04-21T00:00:00+00:00'
[2025-04-01T14:31:39.775+0000] {logging_mixin.py:190} INFO - Task instance is in running state
[2025-04-01T14:31:39.779+0000] {logging_mixin.py:190} INFO -  Previous state of the Task instance: queued
[2025-04-01T14:31:39.780+0000] {logging_mixin.py:190} INFO - Current task name:print_the_context state:running start_date:2025-04-01 14:31:36.961729+00:00
[2025-04-01T14:31:39.798+0000] {logging_mixin.py:190} INFO - Dag name:my_dag_name and current dag run status:running
[2025-04-01T14:31:39.799+0000] {taskinstance.py:732} INFO - ::endgroup::
[2025-04-01T14:31:39.942+0000] {logging_mixin.py:190} INFO - {'conf': <Proxy at 0x7763648b8b40 with factory functools.partial(<function lazy_mapping_from_context.<locals>._deprecated_proxy_factory at 0x776364636160>, 'conf', <***.configuration.AirflowConfigParser object at 0x7763844f8cb0>)>,
 'conn': None,
 'dag': <DAG: my_dag_name>,
 'dag_run': <DagRun my_dag_name @ 2021-04-21 00:00:00+00:00: scheduled__2021-04-21T00:00:00+00:00, state:running, queued_at: 2025-04-01 14:31:08.442855+00:00. externally triggered: False>,
 'data_interval_end': DateTime(2021, 4, 22, 0, 0, 0, tzinfo=Timezone('UTC')),
 'data_interval_start': DateTime(2021, 4, 21, 0, 0, 0, tzinfo=Timezone('UTC')),
 'ds_nodash': '20210421',
 'execution_date': <Proxy at 0x776364769bc0 with factory functools.partial(<function lazy_mapping_from_context.<locals>._deprecated_proxy_factory at 0x776364636160>, 'execution_date', DateTime(2021, 4, 21, 0, 0, 0, tzinfo=Timezone('UTC')))>,
 'expanded_ti_count': None,
 'inlet_events': InletEventsAccessors(_inlets=[], _datasets={}, _dataset_aliases={}, _session=<sqlalchemy.orm.session.Session object at 0x776383dc1bb0>),
 'inlets': [],
 'logical_date': DateTime(2021, 4, 21, 0, 0, 0, tzinfo=Timezone('UTC')),
 'macros': <module '***.macros' from '/home/***/.local/lib/python3.12/site-packages/***/macros/__init__.py'>,
 'map_index_template': None,
 'next_ds': <Proxy at 0x7763646b5b00 with factory functools.partial(<function lazy_mapping_from_context.<locals>._deprecated_proxy_factory at 0x776364636160>, 'next_ds', '2021-04-22')>,
 'next_ds_nodash': <Proxy at 0x7763646c9640 with factory functools.partial(<function lazy_mapping_from_context.<locals>._deprecated_proxy_factory at 0x776364636160>, 'next_ds_nodash', '20210422')>,
 'next_execution_date': <Proxy at 0x7763646c8ac0 with factory functools.partial(<function lazy_mapping_from_context.<locals>._deprecated_proxy_factory at 0x776364636160>, 'next_execution_date', DateTime(2021, 4, 22, 0, 0, 0, tzinfo=Timezone('UTC')))>,
 'outlet_events': <***.utils.context.OutletEventAccessors object at 0x7763647e8fb0>,
 'outlets': [],
 'params': {},
 'prev_data_interval_end_success': DateTime(2021, 4, 6, 0, 0, 0, tzinfo=Timezone('UTC')),
 'prev_data_interval_start_success': DateTime(2021, 4, 5, 0, 0, 0, tzinfo=Timezone('UTC')),
 'prev_ds': <Proxy at 0x7763646c8b40 with factory functools.partial(<function lazy_mapping_from_context.<locals>._deprecated_proxy_factory at 0x776364636160>, 'prev_ds', '2021-04-20')>,
 'prev_ds_nodash': <Proxy at 0x7763646c8980 with factory functools.partial(<function lazy_mapping_from_context.<locals>._deprecated_proxy_factory at 0x776364636160>, 'prev_ds_nodash', '20210420')>,
 'prev_end_date_success': DateTime(2025, 4, 1, 14, 30, 54, 309425, tzinfo=Timezone('UTC')),
 'prev_execution_date': <Proxy at 0x7763646c8940 with factory functools.partial(<function lazy_mapping_from_context.<locals>._deprecated_proxy_factory at 0x776364636160>, 'prev_execution_date', DateTime(2021, 4, 20, 0, 0, 0, tzinfo=Timezone('UTC')))>,
 'prev_execution_date_success': <Proxy at 0x7763646c8900 with factory functools.partial(<function lazy_mapping_from_context.<locals>._deprecated_proxy_factory at 0x776364636160>, 'prev_execution_date_success', DateTime(2021, 4, 5, 0, 0, 0, tzinfo=Timezone('UTC')))>,
 'prev_start_date_success': DateTime(2025, 4, 1, 14, 29, 51, 109415, tzinfo=Timezone('UTC')),
 'run_id': 'scheduled__2021-04-21T00:00:00+00:00',
 'task': <Task(_PythonDecoratedOperator): print_the_context>,
 'task_instance': <TaskInstance: my_dag_name.print_the_context scheduled__2021-04-21T00:00:00+00:00 [running]>,
 'task_instance_key_str': 'my_dag_name__print_the_context__20210421',
 'templates_dict': None,
 'test_mode': False,
 'ti': <TaskInstance: my_dag_name.print_the_context scheduled__2021-04-21T00:00:00+00:00 [running]>,
 'tomorrow_ds': <Proxy at 0x7763646c88c0 with factory functools.partial(<function lazy_mapping_from_context.<locals>._deprecated_proxy_factory at 0x776364636160>, 'tomorrow_ds', '2021-04-22')>,
 'tomorrow_ds_nodash': <Proxy at 0x7763646c8880 with factory functools.partial(<function lazy_mapping_from_context.<locals>._deprecated_proxy_factory at 0x776364636160>, 'tomorrow_ds_nodash', '20210422')>,
 'triggering_dataset_events': <Proxy at 0x776364665800 with factory <function _get_template_context.<locals>.get_triggering_events at 0x776364635c60>>,
 'ts': '2021-04-21T00:00:00+00:00',
 'ts_nodash': '20210421T000000',
 'ts_nodash_with_tz': '20210421T000000+0000',
 'var': {'json': None, 'value': None},
 'yesterday_ds': <Proxy at 0x7763646c8840 with factory functools.partial(<function lazy_mapping_from_context.<locals>._deprecated_proxy_factory at 0x776364636160>, 'yesterday_ds', '2021-04-20')>,
 'yesterday_ds_nodash': <Proxy at 0x7763646c8800 with factory functools.partial(<function lazy_mapping_from_context.<locals>._deprecated_proxy_factory at 0x776364636160>, 'yesterday_ds_nodash', '20210420')>}
[2025-04-01T14:31:39.943+0000] {logging_mixin.py:190} INFO - 2021-04-21
[2025-04-01T14:31:39.943+0000] {python.py:240} INFO - Done. Returned value was: Whatever you return gets printed in the logs
[2025-04-01T14:31:40.044+0000] {taskinstance.py:341} INFO - ::group::Post task execution logs
[2025-04-01T14:31:40.055+0000] {taskinstance.py:353} INFO - Marking task as SUCCESS. dag_id=my_dag_name, task_id=print_the_context, run_id=scheduled__2021-04-21T00:00:00+00:00, execution_date=20210421T000000, start_date=20250401T143136, end_date=20250401T143140
[2025-04-01T14:31:40.314+0000] {logging_mixin.py:190} INFO - Task instance in success state
[2025-04-01T14:31:40.325+0000] {logging_mixin.py:190} INFO -  Previous state of the Task instance: running
[2025-04-01T14:31:40.336+0000] {logging_mixin.py:190} INFO - Dag name:my_dag_name queued_at:2025-04-01 14:31:08.442855+00:00
[2025-04-01T14:31:40.336+0000] {logging_mixin.py:190} INFO - Task hostname:900d630d7d5f operator:_PythonDecoratedOperator
[2025-04-01T14:31:40.509+0000] {local_task_job_runner.py:266} INFO - Task exited with return code 0
[2025-04-01T14:31:40.568+0000] {local_task_job_runner.py:245} INFO - ::endgroup::
