[2025-04-01T14:53:02.388+0000] {local_task_job_runner.py:123} INFO - ::group::Pre task execution logs
[2025-04-01T14:53:02.441+0000] {taskinstance.py:2614} INFO - Dependencies all met for dep_context=non-requeueable deps ti=<TaskInstance: my_dag_name.print_the_context scheduled__2022-01-19T00:00:00+00:00 [queued]>
[2025-04-01T14:53:02.462+0000] {taskinstance.py:2614} INFO - Dependencies all met for dep_context=requeueable deps ti=<TaskInstance: my_dag_name.print_the_context scheduled__2022-01-19T00:00:00+00:00 [queued]>
[2025-04-01T14:53:02.463+0000] {taskinstance.py:2867} INFO - Starting attempt 1 of 1
[2025-04-01T14:53:02.516+0000] {taskinstance.py:2890} INFO - Executing <Task(_PythonDecoratedOperator): print_the_context> on 2022-01-19 00:00:00+00:00
[2025-04-01T14:53:02.538+0000] {warnings.py:112} WARNING - /home/***/.local/lib/python3.12/site-packages/***/task/task_runner/standard_task_runner.py:70: DeprecationWarning: This process (pid=3421) is multi-threaded, use of fork() may lead to deadlocks in the child.
  pid = os.fork()

[2025-04-01T14:53:02.542+0000] {standard_task_runner.py:72} INFO - Started process 3461 to run task
[2025-04-01T14:53:02.552+0000] {standard_task_runner.py:104} INFO - Running: ['***', 'tasks', 'run', 'my_dag_name', 'print_the_context', 'scheduled__2022-01-19T00:00:00+00:00', '--job-id', '767', '--raw', '--subdir', 'DAGS_FOLDER/con.py', '--cfg-path', '/tmp/tmp4tsgzg9o']
[2025-04-01T14:53:02.554+0000] {standard_task_runner.py:105} INFO - Job 767: Subtask print_the_context
[2025-04-01T14:53:02.667+0000] {task_command.py:467} INFO - Running <TaskInstance: my_dag_name.print_the_context scheduled__2022-01-19T00:00:00+00:00 [running]> on host 900d630d7d5f
[2025-04-01T14:53:03.238+0000] {taskinstance.py:3134} INFO - Exporting env vars: AIRFLOW_CTX_DAG_OWNER='***' AIRFLOW_CTX_DAG_ID='my_dag_name' AIRFLOW_CTX_TASK_ID='print_the_context' AIRFLOW_CTX_EXECUTION_DATE='2022-01-19T00:00:00+00:00' AIRFLOW_CTX_TRY_NUMBER='1' AIRFLOW_CTX_DAG_RUN_ID='scheduled__2022-01-19T00:00:00+00:00'
[2025-04-01T14:53:03.250+0000] {logging_mixin.py:190} INFO - Task instance is in running state
[2025-04-01T14:53:03.265+0000] {logging_mixin.py:190} INFO -  Previous state of the Task instance: queued
[2025-04-01T14:53:03.278+0000] {logging_mixin.py:190} INFO - Current task name:print_the_context state:running start_date:2025-04-01 14:53:02.441827+00:00
[2025-04-01T14:53:03.279+0000] {logging_mixin.py:190} INFO - Dag name:my_dag_name and current dag run status:running
[2025-04-01T14:53:03.279+0000] {taskinstance.py:732} INFO - ::endgroup::
[2025-04-01T14:53:03.363+0000] {logging_mixin.py:190} INFO - {'conf': <Proxy at 0x7763648b8180 with factory functools.partial(<function lazy_mapping_from_context.<locals>._deprecated_proxy_factory at 0x776364652160>, 'conf', <***.configuration.AirflowConfigParser object at 0x7763844f8cb0>)>,
 'conn': None,
 'dag': <DAG: my_dag_name>,
 'dag_run': <DagRun my_dag_name @ 2022-01-19 00:00:00+00:00: scheduled__2022-01-19T00:00:00+00:00, state:running, queued_at: 2025-04-01 14:52:43.218122+00:00. externally triggered: False>,
 'data_interval_end': DateTime(2022, 1, 20, 0, 0, 0, tzinfo=Timezone('UTC')),
 'data_interval_start': DateTime(2022, 1, 19, 0, 0, 0, tzinfo=Timezone('UTC')),
 'ds_nodash': '20220119',
 'execution_date': <Proxy at 0x776364691c40 with factory functools.partial(<function lazy_mapping_from_context.<locals>._deprecated_proxy_factory at 0x776364652160>, 'execution_date', DateTime(2022, 1, 19, 0, 0, 0, tzinfo=Timezone('UTC')))>,
 'expanded_ti_count': None,
 'inlet_events': InletEventsAccessors(_inlets=[], _datasets={}, _dataset_aliases={}, _session=<sqlalchemy.orm.session.Session object at 0x776383db6cf0>),
 'inlets': [],
 'logical_date': DateTime(2022, 1, 19, 0, 0, 0, tzinfo=Timezone('UTC')),
 'macros': <module '***.macros' from '/home/***/.local/lib/python3.12/site-packages/***/macros/__init__.py'>,
 'map_index_template': None,
 'next_ds': <Proxy at 0x776364df2b00 with factory functools.partial(<function lazy_mapping_from_context.<locals>._deprecated_proxy_factory at 0x776364652160>, 'next_ds', '2022-01-20')>,
 'next_ds_nodash': <Proxy at 0x776364644e80 with factory functools.partial(<function lazy_mapping_from_context.<locals>._deprecated_proxy_factory at 0x776364652160>, 'next_ds_nodash', '20220120')>,
 'next_execution_date': <Proxy at 0x776364644880 with factory functools.partial(<function lazy_mapping_from_context.<locals>._deprecated_proxy_factory at 0x776364652160>, 'next_execution_date', DateTime(2022, 1, 20, 0, 0, 0, tzinfo=Timezone('UTC')))>,
 'outlet_events': <***.utils.context.OutletEventAccessors object at 0x7763647e5a30>,
 'outlets': [],
 'params': {},
 'prev_data_interval_end_success': DateTime(2022, 1, 12, 0, 0, 0, tzinfo=Timezone('UTC')),
 'prev_data_interval_start_success': DateTime(2022, 1, 11, 0, 0, 0, tzinfo=Timezone('UTC')),
 'prev_ds': <Proxy at 0x776364665280 with factory functools.partial(<function lazy_mapping_from_context.<locals>._deprecated_proxy_factory at 0x776364652160>, 'prev_ds', '2022-01-18')>,
 'prev_ds_nodash': <Proxy at 0x7763646ccf80 with factory functools.partial(<function lazy_mapping_from_context.<locals>._deprecated_proxy_factory at 0x776364652160>, 'prev_ds_nodash', '20220118')>,
 'prev_end_date_success': DateTime(2025, 4, 1, 14, 52, 54, 54603, tzinfo=Timezone('UTC')),
 'prev_execution_date': <Proxy at 0x7763646cd180 with factory functools.partial(<function lazy_mapping_from_context.<locals>._deprecated_proxy_factory at 0x776364652160>, 'prev_execution_date', DateTime(2022, 1, 18, 0, 0, 0, tzinfo=Timezone('UTC')))>,
 'prev_execution_date_success': <Proxy at 0x7763646cd2c0 with factory functools.partial(<function lazy_mapping_from_context.<locals>._deprecated_proxy_factory at 0x776364652160>, 'prev_execution_date_success', DateTime(2022, 1, 11, 0, 0, 0, tzinfo=Timezone('UTC')))>,
 'prev_start_date_success': DateTime(2025, 4, 1, 14, 51, 51, 566499, tzinfo=Timezone('UTC')),
 'run_id': 'scheduled__2022-01-19T00:00:00+00:00',
 'task': <Task(_PythonDecoratedOperator): print_the_context>,
 'task_instance': <TaskInstance: my_dag_name.print_the_context scheduled__2022-01-19T00:00:00+00:00 [running]>,
 'task_instance_key_str': 'my_dag_name__print_the_context__20220119',
 'templates_dict': None,
 'test_mode': False,
 'ti': <TaskInstance: my_dag_name.print_the_context scheduled__2022-01-19T00:00:00+00:00 [running]>,
 'tomorrow_ds': <Proxy at 0x7763646cd300 with factory functools.partial(<function lazy_mapping_from_context.<locals>._deprecated_proxy_factory at 0x776364652160>, 'tomorrow_ds', '2022-01-20')>,
 'tomorrow_ds_nodash': <Proxy at 0x7763646cd340 with factory functools.partial(<function lazy_mapping_from_context.<locals>._deprecated_proxy_factory at 0x776364652160>, 'tomorrow_ds_nodash', '20220120')>,
 'triggering_dataset_events': <Proxy at 0x776364665900 with factory <function _get_template_context.<locals>.get_triggering_events at 0x776364651c60>>,
 'ts': '2022-01-19T00:00:00+00:00',
 'ts_nodash': '20220119T000000',
 'ts_nodash_with_tz': '20220119T000000+0000',
 'var': {'json': None, 'value': None},
 'yesterday_ds': <Proxy at 0x7763646cd380 with factory functools.partial(<function lazy_mapping_from_context.<locals>._deprecated_proxy_factory at 0x776364652160>, 'yesterday_ds', '2022-01-18')>,
 'yesterday_ds_nodash': <Proxy at 0x7763646cd3c0 with factory functools.partial(<function lazy_mapping_from_context.<locals>._deprecated_proxy_factory at 0x776364652160>, 'yesterday_ds_nodash', '20220118')>}
[2025-04-01T14:53:03.379+0000] {logging_mixin.py:190} INFO - 2022-01-19
[2025-04-01T14:53:03.380+0000] {python.py:240} INFO - Done. Returned value was: Whatever you return gets printed in the logs
[2025-04-01T14:53:03.517+0000] {taskinstance.py:341} INFO - ::group::Post task execution logs
[2025-04-01T14:53:03.518+0000] {taskinstance.py:353} INFO - Marking task as SUCCESS. dag_id=my_dag_name, task_id=print_the_context, run_id=scheduled__2022-01-19T00:00:00+00:00, execution_date=20220119T000000, start_date=20250401T145302, end_date=20250401T145303
[2025-04-01T14:53:03.656+0000] {logging_mixin.py:190} INFO - Task instance in success state
[2025-04-01T14:53:03.657+0000] {logging_mixin.py:190} INFO -  Previous state of the Task instance: running
[2025-04-01T14:53:03.657+0000] {logging_mixin.py:190} INFO - Dag name:my_dag_name queued_at:2025-04-01 14:52:43.218122+00:00
[2025-04-01T14:53:03.658+0000] {logging_mixin.py:190} INFO - Task hostname:900d630d7d5f operator:_PythonDecoratedOperator
[2025-04-01T14:53:03.748+0000] {local_task_job_runner.py:266} INFO - Task exited with return code 0
[2025-04-01T14:53:03.889+0000] {taskinstance.py:3901} INFO - 1 downstream tasks scheduled from follow-on schedule check
[2025-04-01T14:53:03.901+0000] {local_task_job_runner.py:245} INFO - ::endgroup::
