[2025-04-02T07:58:37.086+0000] {local_task_job_runner.py:123} INFO - ::group::Pre task execution logs
[2025-04-02T07:58:37.291+0000] {taskinstance.py:2614} INFO - Dependencies all met for dep_context=non-requeueable deps ti=<TaskInstance: my_dag_name.print_the_context scheduled__2022-07-05T00:00:00+00:00 [queued]>
[2025-04-02T07:58:37.393+0000] {taskinstance.py:2614} INFO - Dependencies all met for dep_context=requeueable deps ti=<TaskInstance: my_dag_name.print_the_context scheduled__2022-07-05T00:00:00+00:00 [queued]>
[2025-04-02T07:58:37.394+0000] {taskinstance.py:2867} INFO - Starting attempt 1 of 1
[2025-04-02T07:58:37.531+0000] {taskinstance.py:2890} INFO - Executing <Task(_PythonDecoratedOperator): print_the_context> on 2022-07-05 00:00:00+00:00
[2025-04-02T07:58:37.614+0000] {warnings.py:112} WARNING - /home/***/.local/lib/python3.12/site-packages/***/task/task_runner/standard_task_runner.py:70: DeprecationWarning: This process (pid=4958) is multi-threaded, use of fork() may lead to deadlocks in the child.
  pid = os.fork()

[2025-04-02T07:58:37.629+0000] {standard_task_runner.py:72} INFO - Started process 4997 to run task
[2025-04-02T07:58:37.635+0000] {standard_task_runner.py:104} INFO - Running: ['***', 'tasks', 'run', 'my_dag_name', 'print_the_context', 'scheduled__2022-07-05T00:00:00+00:00', '--job-id', '1106', '--raw', '--subdir', 'DAGS_FOLDER/con.py', '--cfg-path', '/tmp/tmpmetduf_3']
[2025-04-02T07:58:37.652+0000] {standard_task_runner.py:105} INFO - Job 1106: Subtask print_the_context
[2025-04-02T07:58:37.962+0000] {task_command.py:467} INFO - Running <TaskInstance: my_dag_name.print_the_context scheduled__2022-07-05T00:00:00+00:00 [running]> on host 900d630d7d5f
[2025-04-02T07:58:38.775+0000] {taskinstance.py:3134} INFO - Exporting env vars: AIRFLOW_CTX_DAG_OWNER='***' AIRFLOW_CTX_DAG_ID='my_dag_name' AIRFLOW_CTX_TASK_ID='print_the_context' AIRFLOW_CTX_EXECUTION_DATE='2022-07-05T00:00:00+00:00' AIRFLOW_CTX_TRY_NUMBER='1' AIRFLOW_CTX_DAG_RUN_ID='scheduled__2022-07-05T00:00:00+00:00'
[2025-04-02T07:58:38.796+0000] {logging_mixin.py:190} INFO - Task instance is in running state
[2025-04-02T07:58:38.802+0000] {logging_mixin.py:190} INFO -  Previous state of the Task instance: queued
[2025-04-02T07:58:38.807+0000] {logging_mixin.py:190} INFO - Current task name:print_the_context state:running start_date:2025-04-02 07:58:37.291967+00:00
[2025-04-02T07:58:38.819+0000] {logging_mixin.py:190} INFO - Dag name:my_dag_name and current dag run status:running
[2025-04-02T07:58:38.821+0000] {taskinstance.py:732} INFO - ::endgroup::
[2025-04-02T07:58:38.896+0000] {logging_mixin.py:190} INFO - {'conf': <Proxy at 0x7763646c3f00 with factory functools.partial(<function lazy_mapping_from_context.<locals>._deprecated_proxy_factory at 0x77636462e200>, 'conf', <***.configuration.AirflowConfigParser object at 0x7763844f8cb0>)>,
 'conn': None,
 'dag': <DAG: my_dag_name>,
 'dag_run': <DagRun my_dag_name @ 2022-07-05 00:00:00+00:00: scheduled__2022-07-05T00:00:00+00:00, state:running, queued_at: 2025-04-02 07:58:15.750388+00:00. externally triggered: False>,
 'data_interval_end': DateTime(2022, 7, 6, 0, 0, 0, tzinfo=Timezone('UTC')),
 'data_interval_start': DateTime(2022, 7, 5, 0, 0, 0, tzinfo=Timezone('UTC')),
 'ds_nodash': '20220705',
 'execution_date': <Proxy at 0x776364c28280 with factory functools.partial(<function lazy_mapping_from_context.<locals>._deprecated_proxy_factory at 0x77636462e200>, 'execution_date', DateTime(2022, 7, 5, 0, 0, 0, tzinfo=Timezone('UTC')))>,
 'expanded_ti_count': None,
 'inlet_events': InletEventsAccessors(_inlets=[], _datasets={}, _dataset_aliases={}, _session=<sqlalchemy.orm.session.Session object at 0x776383db6bd0>),
 'inlets': [],
 'logical_date': DateTime(2022, 7, 5, 0, 0, 0, tzinfo=Timezone('UTC')),
 'macros': <module '***.macros' from '/home/***/.local/lib/python3.12/site-packages/***/macros/__init__.py'>,
 'map_index_template': None,
 'next_ds': <Proxy at 0x776364765c00 with factory functools.partial(<function lazy_mapping_from_context.<locals>._deprecated_proxy_factory at 0x77636462e200>, 'next_ds', '2022-07-06')>,
 'next_ds_nodash': <Proxy at 0x776364624440 with factory functools.partial(<function lazy_mapping_from_context.<locals>._deprecated_proxy_factory at 0x77636462e200>, 'next_ds_nodash', '20220706')>,
 'next_execution_date': <Proxy at 0x776364625300 with factory functools.partial(<function lazy_mapping_from_context.<locals>._deprecated_proxy_factory at 0x77636462e200>, 'next_execution_date', DateTime(2022, 7, 6, 0, 0, 0, tzinfo=Timezone('UTC')))>,
 'outlet_events': <***.utils.context.OutletEventAccessors object at 0x776364642b10>,
 'outlets': [],
 'params': {},
 'prev_data_interval_end_success': DateTime(2022, 7, 5, 0, 0, 0, tzinfo=Timezone('UTC')),
 'prev_data_interval_start_success': DateTime(2022, 7, 4, 0, 0, 0, tzinfo=Timezone('UTC')),
 'prev_ds': <Proxy at 0x776364625040 with factory functools.partial(<function lazy_mapping_from_context.<locals>._deprecated_proxy_factory at 0x77636462e200>, 'prev_ds', '2022-07-04')>,
 'prev_ds_nodash': <Proxy at 0x7763646cc8c0 with factory functools.partial(<function lazy_mapping_from_context.<locals>._deprecated_proxy_factory at 0x77636462e200>, 'prev_ds_nodash', '20220704')>,
 'prev_end_date_success': DateTime(2025, 4, 2, 7, 58, 15, 523211, tzinfo=Timezone('UTC')),
 'prev_execution_date': <Proxy at 0x7763646cca00 with factory functools.partial(<function lazy_mapping_from_context.<locals>._deprecated_proxy_factory at 0x77636462e200>, 'prev_execution_date', DateTime(2022, 7, 4, 0, 0, 0, tzinfo=Timezone('UTC')))>,
 'prev_execution_date_success': <Proxy at 0x7763646cca40 with factory functools.partial(<function lazy_mapping_from_context.<locals>._deprecated_proxy_factory at 0x77636462e200>, 'prev_execution_date_success', DateTime(2022, 7, 4, 0, 0, 0, tzinfo=Timezone('UTC')))>,
 'prev_start_date_success': DateTime(2025, 4, 2, 7, 57, 45, 999569, tzinfo=Timezone('UTC')),
 'run_id': 'scheduled__2022-07-05T00:00:00+00:00',
 'task': <Task(_PythonDecoratedOperator): print_the_context>,
 'task_instance': <TaskInstance: my_dag_name.print_the_context scheduled__2022-07-05T00:00:00+00:00 [running]>,
 'task_instance_key_str': 'my_dag_name__print_the_context__20220705',
 'templates_dict': None,
 'test_mode': False,
 'ti': <TaskInstance: my_dag_name.print_the_context scheduled__2022-07-05T00:00:00+00:00 [running]>,
 'tomorrow_ds': <Proxy at 0x7763646cca80 with factory functools.partial(<function lazy_mapping_from_context.<locals>._deprecated_proxy_factory at 0x77636462e200>, 'tomorrow_ds', '2022-07-06')>,
 'tomorrow_ds_nodash': <Proxy at 0x7763646ccac0 with factory functools.partial(<function lazy_mapping_from_context.<locals>._deprecated_proxy_factory at 0x77636462e200>, 'tomorrow_ds_nodash', '20220706')>,
 'triggering_dataset_events': <Proxy at 0x776364664c00 with factory <function _get_template_context.<locals>.get_triggering_events at 0x77636462dda0>>,
 'ts': '2022-07-05T00:00:00+00:00',
 'ts_nodash': '20220705T000000',
 'ts_nodash_with_tz': '20220705T000000+0000',
 'var': {'json': None, 'value': None},
 'yesterday_ds': <Proxy at 0x7763646ccb00 with factory functools.partial(<function lazy_mapping_from_context.<locals>._deprecated_proxy_factory at 0x77636462e200>, 'yesterday_ds', '2022-07-04')>,
 'yesterday_ds_nodash': <Proxy at 0x7763646ccb40 with factory functools.partial(<function lazy_mapping_from_context.<locals>._deprecated_proxy_factory at 0x77636462e200>, 'yesterday_ds_nodash', '20220704')>}
[2025-04-02T07:58:38.897+0000] {logging_mixin.py:190} INFO - 2022-07-05
[2025-04-02T07:58:38.898+0000] {python.py:240} INFO - Done. Returned value was: Whatever you return gets printed in the logs
[2025-04-02T07:58:38.987+0000] {taskinstance.py:341} INFO - ::group::Post task execution logs
[2025-04-02T07:58:38.988+0000] {taskinstance.py:353} INFO - Marking task as SUCCESS. dag_id=my_dag_name, task_id=print_the_context, run_id=scheduled__2022-07-05T00:00:00+00:00, execution_date=20220705T000000, start_date=20250402T075837, end_date=20250402T075838
[2025-04-02T07:58:39.104+0000] {logging_mixin.py:190} INFO - Task instance in success state
[2025-04-02T07:58:39.105+0000] {logging_mixin.py:190} INFO -  Previous state of the Task instance: running
[2025-04-02T07:58:39.105+0000] {logging_mixin.py:190} INFO - Dag name:my_dag_name queued_at:2025-04-02 07:58:15.750388+00:00
[2025-04-02T07:58:39.106+0000] {logging_mixin.py:190} INFO - Task hostname:900d630d7d5f operator:_PythonDecoratedOperator
[2025-04-02T07:58:39.184+0000] {local_task_job_runner.py:266} INFO - Task exited with return code 0
[2025-04-02T07:58:39.429+0000] {taskinstance.py:3901} INFO - 1 downstream tasks scheduled from follow-on schedule check
[2025-04-02T07:58:39.447+0000] {local_task_job_runner.py:245} INFO - ::endgroup::
