[2025-04-01T14:40:21.968+0000] {local_task_job_runner.py:123} INFO - ::group::Pre task execution logs
[2025-04-01T14:40:22.168+0000] {taskinstance.py:2614} INFO - Dependencies all met for dep_context=non-requeueable deps ti=<TaskInstance: my_dag_name.print_the_context scheduled__2021-07-31T00:00:00+00:00 [queued]>
[2025-04-01T14:40:22.299+0000] {taskinstance.py:2614} INFO - Dependencies all met for dep_context=requeueable deps ti=<TaskInstance: my_dag_name.print_the_context scheduled__2021-07-31T00:00:00+00:00 [queued]>
[2025-04-01T14:40:22.300+0000] {taskinstance.py:2867} INFO - Starting attempt 1 of 1
[2025-04-01T14:40:22.543+0000] {taskinstance.py:2890} INFO - Executing <Task(_PythonDecoratedOperator): print_the_context> on 2021-07-31 00:00:00+00:00
[2025-04-01T14:40:22.589+0000] {warnings.py:112} WARNING - /home/***/.local/lib/python3.12/site-packages/***/task/task_runner/standard_task_runner.py:70: DeprecationWarning: This process (pid=1962) is multi-threaded, use of fork() may lead to deadlocks in the child.
  pid = os.fork()

[2025-04-01T14:40:22.596+0000] {standard_task_runner.py:72} INFO - Started process 1999 to run task
[2025-04-01T14:40:22.634+0000] {standard_task_runner.py:104} INFO - Running: ['***', 'tasks', 'run', 'my_dag_name', 'print_the_context', 'scheduled__2021-07-31T00:00:00+00:00', '--job-id', '427', '--raw', '--subdir', 'DAGS_FOLDER/con.py', '--cfg-path', '/tmp/tmpcoy6vyyl']
[2025-04-01T14:40:22.654+0000] {standard_task_runner.py:105} INFO - Job 427: Subtask print_the_context
[2025-04-01T14:40:23.177+0000] {task_command.py:467} INFO - Running <TaskInstance: my_dag_name.print_the_context scheduled__2021-07-31T00:00:00+00:00 [running]> on host 900d630d7d5f
[2025-04-01T14:40:23.993+0000] {taskinstance.py:3134} INFO - Exporting env vars: AIRFLOW_CTX_DAG_OWNER='***' AIRFLOW_CTX_DAG_ID='my_dag_name' AIRFLOW_CTX_TASK_ID='print_the_context' AIRFLOW_CTX_EXECUTION_DATE='2021-07-31T00:00:00+00:00' AIRFLOW_CTX_TRY_NUMBER='1' AIRFLOW_CTX_DAG_RUN_ID='scheduled__2021-07-31T00:00:00+00:00'
[2025-04-01T14:40:24.006+0000] {logging_mixin.py:190} INFO - Task instance is in running state
[2025-04-01T14:40:24.009+0000] {logging_mixin.py:190} INFO -  Previous state of the Task instance: queued
[2025-04-01T14:40:24.022+0000] {logging_mixin.py:190} INFO - Current task name:print_the_context state:running start_date:2025-04-01 14:40:22.169468+00:00
[2025-04-01T14:40:24.023+0000] {logging_mixin.py:190} INFO - Dag name:my_dag_name and current dag run status:running
[2025-04-01T14:40:24.023+0000] {taskinstance.py:732} INFO - ::endgroup::
[2025-04-01T14:40:24.083+0000] {logging_mixin.py:190} INFO - {'conf': <Proxy at 0x776364649840 with factory functools.partial(<function lazy_mapping_from_context.<locals>._deprecated_proxy_factory at 0x77637ed11260>, 'conf', <***.configuration.AirflowConfigParser object at 0x7763844f8cb0>)>,
 'conn': None,
 'dag': <DAG: my_dag_name>,
 'dag_run': <DagRun my_dag_name @ 2021-07-31 00:00:00+00:00: scheduled__2021-07-31T00:00:00+00:00, state:running, queued_at: 2025-04-01 14:39:59.302043+00:00. externally triggered: False>,
 'data_interval_end': DateTime(2021, 8, 1, 0, 0, 0, tzinfo=Timezone('UTC')),
 'data_interval_start': DateTime(2021, 7, 31, 0, 0, 0, tzinfo=Timezone('UTC')),
 'ds_nodash': '20210731',
 'execution_date': <Proxy at 0x7763647c0280 with factory functools.partial(<function lazy_mapping_from_context.<locals>._deprecated_proxy_factory at 0x77637ed11260>, 'execution_date', DateTime(2021, 7, 31, 0, 0, 0, tzinfo=Timezone('UTC')))>,
 'expanded_ti_count': None,
 'inlet_events': InletEventsAccessors(_inlets=[], _datasets={}, _dataset_aliases={}, _session=<sqlalchemy.orm.session.Session object at 0x776383db5430>),
 'inlets': [],
 'logical_date': DateTime(2021, 7, 31, 0, 0, 0, tzinfo=Timezone('UTC')),
 'macros': <module '***.macros' from '/home/***/.local/lib/python3.12/site-packages/***/macros/__init__.py'>,
 'map_index_template': None,
 'next_ds': <Proxy at 0x77636464ee80 with factory functools.partial(<function lazy_mapping_from_context.<locals>._deprecated_proxy_factory at 0x77637ed11260>, 'next_ds', '2021-08-01')>,
 'next_ds_nodash': <Proxy at 0x776364790480 with factory functools.partial(<function lazy_mapping_from_context.<locals>._deprecated_proxy_factory at 0x77637ed11260>, 'next_ds_nodash', '20210801')>,
 'next_execution_date': <Proxy at 0x7763647fd440 with factory functools.partial(<function lazy_mapping_from_context.<locals>._deprecated_proxy_factory at 0x77637ed11260>, 'next_execution_date', DateTime(2021, 8, 1, 0, 0, 0, tzinfo=Timezone('UTC')))>,
 'outlet_events': <***.utils.context.OutletEventAccessors object at 0x776364662240>,
 'outlets': [],
 'params': {},
 'prev_data_interval_end_success': DateTime(2021, 7, 29, 0, 0, 0, tzinfo=Timezone('UTC')),
 'prev_data_interval_start_success': DateTime(2021, 7, 28, 0, 0, 0, tzinfo=Timezone('UTC')),
 'prev_ds': <Proxy at 0x77636476bf80 with factory functools.partial(<function lazy_mapping_from_context.<locals>._deprecated_proxy_factory at 0x77637ed11260>, 'prev_ds', '2021-07-30')>,
 'prev_ds_nodash': <Proxy at 0x77636476b8c0 with factory functools.partial(<function lazy_mapping_from_context.<locals>._deprecated_proxy_factory at 0x77637ed11260>, 'prev_ds_nodash', '20210730')>,
 'prev_end_date_success': DateTime(2025, 4, 1, 14, 39, 55, 199448, tzinfo=Timezone('UTC')),
 'prev_execution_date': <Proxy at 0x7763646e0c00 with factory functools.partial(<function lazy_mapping_from_context.<locals>._deprecated_proxy_factory at 0x77637ed11260>, 'prev_execution_date', DateTime(2021, 7, 30, 0, 0, 0, tzinfo=Timezone('UTC')))>,
 'prev_execution_date_success': <Proxy at 0x7763646e05c0 with factory functools.partial(<function lazy_mapping_from_context.<locals>._deprecated_proxy_factory at 0x77637ed11260>, 'prev_execution_date_success', DateTime(2021, 7, 28, 0, 0, 0, tzinfo=Timezone('UTC')))>,
 'prev_start_date_success': DateTime(2025, 4, 1, 14, 38, 54, 471795, tzinfo=Timezone('UTC')),
 'run_id': 'scheduled__2021-07-31T00:00:00+00:00',
 'task': <Task(_PythonDecoratedOperator): print_the_context>,
 'task_instance': <TaskInstance: my_dag_name.print_the_context scheduled__2021-07-31T00:00:00+00:00 [running]>,
 'task_instance_key_str': 'my_dag_name__print_the_context__20210731',
 'templates_dict': None,
 'test_mode': False,
 'ti': <TaskInstance: my_dag_name.print_the_context scheduled__2021-07-31T00:00:00+00:00 [running]>,
 'tomorrow_ds': <Proxy at 0x7763646e0380 with factory functools.partial(<function lazy_mapping_from_context.<locals>._deprecated_proxy_factory at 0x77637ed11260>, 'tomorrow_ds', '2021-08-01')>,
 'tomorrow_ds_nodash': <Proxy at 0x7763646e0340 with factory functools.partial(<function lazy_mapping_from_context.<locals>._deprecated_proxy_factory at 0x77637ed11260>, 'tomorrow_ds_nodash', '20210801')>,
 'triggering_dataset_events': <Proxy at 0x77636467b600 with factory <function _get_template_context.<locals>.get_triggering_events at 0x7763646525c0>>,
 'ts': '2021-07-31T00:00:00+00:00',
 'ts_nodash': '20210731T000000',
 'ts_nodash_with_tz': '20210731T000000+0000',
 'var': {'json': None, 'value': None},
 'yesterday_ds': <Proxy at 0x7763646e0300 with factory functools.partial(<function lazy_mapping_from_context.<locals>._deprecated_proxy_factory at 0x77637ed11260>, 'yesterday_ds', '2021-07-30')>,
 'yesterday_ds_nodash': <Proxy at 0x7763646e02c0 with factory functools.partial(<function lazy_mapping_from_context.<locals>._deprecated_proxy_factory at 0x77637ed11260>, 'yesterday_ds_nodash', '20210730')>}
[2025-04-01T14:40:24.084+0000] {logging_mixin.py:190} INFO - 2021-07-31
[2025-04-01T14:40:24.085+0000] {python.py:240} INFO - Done. Returned value was: Whatever you return gets printed in the logs
[2025-04-01T14:40:24.196+0000] {taskinstance.py:341} INFO - ::group::Post task execution logs
[2025-04-01T14:40:24.196+0000] {taskinstance.py:353} INFO - Marking task as SUCCESS. dag_id=my_dag_name, task_id=print_the_context, run_id=scheduled__2021-07-31T00:00:00+00:00, execution_date=20210731T000000, start_date=20250401T144022, end_date=20250401T144024
[2025-04-01T14:40:24.288+0000] {logging_mixin.py:190} INFO - Task instance in success state
[2025-04-01T14:40:24.289+0000] {logging_mixin.py:190} INFO -  Previous state of the Task instance: running
[2025-04-01T14:40:24.290+0000] {logging_mixin.py:190} INFO - Dag name:my_dag_name queued_at:2025-04-01 14:39:59.302043+00:00
[2025-04-01T14:40:24.290+0000] {logging_mixin.py:190} INFO - Task hostname:900d630d7d5f operator:_PythonDecoratedOperator
[2025-04-01T14:40:24.441+0000] {local_task_job_runner.py:266} INFO - Task exited with return code 0
[2025-04-01T14:40:24.513+0000] {local_task_job_runner.py:245} INFO - ::endgroup::
