[2025-04-01T14:25:24.153+0000] {local_task_job_runner.py:123} INFO - ::group::Pre task execution logs
[2025-04-01T14:25:24.594+0000] {taskinstance.py:2614} INFO - Dependencies all met for dep_context=non-requeueable deps ti=<TaskInstance: my_dag_name.print_the_context scheduled__2021-01-23T00:00:00+00:00 [queued]>
[2025-04-01T14:25:24.777+0000] {taskinstance.py:2614} INFO - Dependencies all met for dep_context=requeueable deps ti=<TaskInstance: my_dag_name.print_the_context scheduled__2021-01-23T00:00:00+00:00 [queued]>
[2025-04-01T14:25:24.778+0000] {taskinstance.py:2867} INFO - Starting attempt 1 of 1
[2025-04-01T14:25:25.012+0000] {taskinstance.py:2890} INFO - Executing <Task(_PythonDecoratedOperator): print_the_context> on 2021-01-23 00:00:00+00:00
[2025-04-01T14:25:25.114+0000] {warnings.py:112} WARNING - /home/***/.local/lib/python3.12/site-packages/***/task/task_runner/standard_task_runner.py:70: DeprecationWarning: This process (pid=260) is multi-threaded, use of fork() may lead to deadlocks in the child.
  pid = os.fork()

[2025-04-01T14:25:25.146+0000] {standard_task_runner.py:72} INFO - Started process 324 to run task
[2025-04-01T14:25:25.173+0000] {standard_task_runner.py:104} INFO - Running: ['***', 'tasks', 'run', 'my_dag_name', 'print_the_context', 'scheduled__2021-01-23T00:00:00+00:00', '--job-id', '49', '--raw', '--subdir', 'DAGS_FOLDER/con.py', '--cfg-path', '/tmp/tmp3x8l13w7']
[2025-04-01T14:25:25.192+0000] {standard_task_runner.py:105} INFO - Job 49: Subtask print_the_context
[2025-04-01T14:25:25.844+0000] {task_command.py:467} INFO - Running <TaskInstance: my_dag_name.print_the_context scheduled__2021-01-23T00:00:00+00:00 [running]> on host 900d630d7d5f
[2025-04-01T14:25:27.672+0000] {taskinstance.py:3134} INFO - Exporting env vars: AIRFLOW_CTX_DAG_OWNER='***' AIRFLOW_CTX_DAG_ID='my_dag_name' AIRFLOW_CTX_TASK_ID='print_the_context' AIRFLOW_CTX_EXECUTION_DATE='2021-01-23T00:00:00+00:00' AIRFLOW_CTX_TRY_NUMBER='1' AIRFLOW_CTX_DAG_RUN_ID='scheduled__2021-01-23T00:00:00+00:00'
[2025-04-01T14:25:27.703+0000] {logging_mixin.py:190} INFO - Task instance is in running state
[2025-04-01T14:25:27.751+0000] {logging_mixin.py:190} INFO -  Previous state of the Task instance: queued
[2025-04-01T14:25:27.752+0000] {logging_mixin.py:190} INFO - Current task name:print_the_context state:running start_date:2025-04-01 14:25:24.594796+00:00
[2025-04-01T14:25:27.753+0000] {logging_mixin.py:190} INFO - Dag name:my_dag_name and current dag run status:running
[2025-04-01T14:25:27.753+0000] {taskinstance.py:732} INFO - ::endgroup::
[2025-04-01T14:25:27.908+0000] {logging_mixin.py:190} INFO - {'conf': <Proxy at 0x776364698180 with factory functools.partial(<function lazy_mapping_from_context.<locals>._deprecated_proxy_factory at 0x77636464dda0>, 'conf', <***.configuration.AirflowConfigParser object at 0x7763844f8cb0>)>,
 'conn': None,
 'dag': <DAG: my_dag_name>,
 'dag_run': <DagRun my_dag_name @ 2021-01-23 00:00:00+00:00: scheduled__2021-01-23T00:00:00+00:00, state:running, queued_at: 2025-04-01 14:24:51.665742+00:00. externally triggered: False>,
 'data_interval_end': DateTime(2021, 1, 24, 0, 0, 0, tzinfo=Timezone('UTC')),
 'data_interval_start': DateTime(2021, 1, 23, 0, 0, 0, tzinfo=Timezone('UTC')),
 'ds_nodash': '20210123',
 'execution_date': <Proxy at 0x7763646c4f40 with factory functools.partial(<function lazy_mapping_from_context.<locals>._deprecated_proxy_factory at 0x77636464dda0>, 'execution_date', DateTime(2021, 1, 23, 0, 0, 0, tzinfo=Timezone('UTC')))>,
 'expanded_ti_count': None,
 'inlet_events': InletEventsAccessors(_inlets=[], _datasets={}, _dataset_aliases={}, _session=<sqlalchemy.orm.session.Session object at 0x776383db6d50>),
 'inlets': [],
 'logical_date': DateTime(2021, 1, 23, 0, 0, 0, tzinfo=Timezone('UTC')),
 'macros': <module '***.macros' from '/home/***/.local/lib/python3.12/site-packages/***/macros/__init__.py'>,
 'map_index_template': None,
 'next_ds': <Proxy at 0x776364691180 with factory functools.partial(<function lazy_mapping_from_context.<locals>._deprecated_proxy_factory at 0x77636464dda0>, 'next_ds', '2021-01-24')>,
 'next_ds_nodash': <Proxy at 0x7763646b5b00 with factory functools.partial(<function lazy_mapping_from_context.<locals>._deprecated_proxy_factory at 0x77636464dda0>, 'next_ds_nodash', '20210124')>,
 'next_execution_date': <Proxy at 0x77636462dd80 with factory functools.partial(<function lazy_mapping_from_context.<locals>._deprecated_proxy_factory at 0x77636464dda0>, 'next_execution_date', DateTime(2021, 1, 24, 0, 0, 0, tzinfo=Timezone('UTC')))>,
 'outlet_events': <***.utils.context.OutletEventAccessors object at 0x776364cd5a30>,
 'outlets': [],
 'params': {},
 'prev_data_interval_end_success': DateTime(2021, 1, 16, 0, 0, 0, tzinfo=Timezone('UTC')),
 'prev_data_interval_start_success': DateTime(2021, 1, 15, 0, 0, 0, tzinfo=Timezone('UTC')),
 'prev_ds': <Proxy at 0x7763647b6d40 with factory functools.partial(<function lazy_mapping_from_context.<locals>._deprecated_proxy_factory at 0x77636464dda0>, 'prev_ds', '2021-01-22')>,
 'prev_ds_nodash': <Proxy at 0x7763646cc3c0 with factory functools.partial(<function lazy_mapping_from_context.<locals>._deprecated_proxy_factory at 0x77636464dda0>, 'prev_ds_nodash', '20210122')>,
 'prev_end_date_success': DateTime(2025, 4, 1, 14, 24, 36, 469150, tzinfo=Timezone('UTC')),
 'prev_execution_date': <Proxy at 0x7763646cc540 with factory functools.partial(<function lazy_mapping_from_context.<locals>._deprecated_proxy_factory at 0x77636464dda0>, 'prev_execution_date', DateTime(2021, 1, 22, 0, 0, 0, tzinfo=Timezone('UTC')))>,
 'prev_execution_date_success': <Proxy at 0x7763646cc6c0 with factory functools.partial(<function lazy_mapping_from_context.<locals>._deprecated_proxy_factory at 0x77636464dda0>, 'prev_execution_date_success', DateTime(2021, 1, 15, 0, 0, 0, tzinfo=Timezone('UTC')))>,
 'prev_start_date_success': DateTime(2025, 4, 1, 14, 23, 48, 782421, tzinfo=Timezone('UTC')),
 'run_id': 'scheduled__2021-01-23T00:00:00+00:00',
 'task': <Task(_PythonDecoratedOperator): print_the_context>,
 'task_instance': <TaskInstance: my_dag_name.print_the_context scheduled__2021-01-23T00:00:00+00:00 [running]>,
 'task_instance_key_str': 'my_dag_name__print_the_context__20210123',
 'templates_dict': None,
 'test_mode': False,
 'ti': <TaskInstance: my_dag_name.print_the_context scheduled__2021-01-23T00:00:00+00:00 [running]>,
 'tomorrow_ds': <Proxy at 0x7763646cc700 with factory functools.partial(<function lazy_mapping_from_context.<locals>._deprecated_proxy_factory at 0x77636464dda0>, 'tomorrow_ds', '2021-01-24')>,
 'tomorrow_ds_nodash': <Proxy at 0x7763646cc740 with factory functools.partial(<function lazy_mapping_from_context.<locals>._deprecated_proxy_factory at 0x77636464dda0>, 'tomorrow_ds_nodash', '20210124')>,
 'triggering_dataset_events': <Proxy at 0x776364664cc0 with factory <function _get_template_context.<locals>.get_triggering_events at 0x77636464d8a0>>,
 'ts': '2021-01-23T00:00:00+00:00',
 'ts_nodash': '20210123T000000',
 'ts_nodash_with_tz': '20210123T000000+0000',
 'var': {'json': None, 'value': None},
 'yesterday_ds': <Proxy at 0x7763646cc780 with factory functools.partial(<function lazy_mapping_from_context.<locals>._deprecated_proxy_factory at 0x77636464dda0>, 'yesterday_ds', '2021-01-22')>,
 'yesterday_ds_nodash': <Proxy at 0x7763646cc7c0 with factory functools.partial(<function lazy_mapping_from_context.<locals>._deprecated_proxy_factory at 0x77636464dda0>, 'yesterday_ds_nodash', '20210122')>}
[2025-04-01T14:25:27.909+0000] {logging_mixin.py:190} INFO - 2021-01-23
[2025-04-01T14:25:27.942+0000] {python.py:240} INFO - Done. Returned value was: Whatever you return gets printed in the logs
[2025-04-01T14:25:28.151+0000] {taskinstance.py:341} INFO - ::group::Post task execution logs
[2025-04-01T14:25:28.160+0000] {taskinstance.py:353} INFO - Marking task as SUCCESS. dag_id=my_dag_name, task_id=print_the_context, run_id=scheduled__2021-01-23T00:00:00+00:00, execution_date=20210123T000000, start_date=20250401T142524, end_date=20250401T142528
[2025-04-01T14:25:28.658+0000] {logging_mixin.py:190} INFO - Task instance in success state
[2025-04-01T14:25:28.659+0000] {logging_mixin.py:190} INFO -  Previous state of the Task instance: running
[2025-04-01T14:25:28.659+0000] {logging_mixin.py:190} INFO - Dag name:my_dag_name queued_at:2025-04-01 14:24:51.665742+00:00
[2025-04-01T14:25:28.676+0000] {logging_mixin.py:190} INFO - Task hostname:900d630d7d5f operator:_PythonDecoratedOperator
[2025-04-01T14:25:28.824+0000] {local_task_job_runner.py:266} INFO - Task exited with return code 0
[2025-04-01T14:25:28.903+0000] {local_task_job_runner.py:245} INFO - ::endgroup::
