[2025-04-01T14:52:18.526+0000] {local_task_job_runner.py:123} INFO - ::group::Pre task execution logs
[2025-04-01T14:52:18.751+0000] {taskinstance.py:2614} INFO - Dependencies all met for dep_context=non-requeueable deps ti=<TaskInstance: my_dag_name.print_the_context scheduled__2022-01-06T00:00:00+00:00 [queued]>
[2025-04-01T14:52:18.855+0000] {taskinstance.py:2614} INFO - Dependencies all met for dep_context=requeueable deps ti=<TaskInstance: my_dag_name.print_the_context scheduled__2022-01-06T00:00:00+00:00 [queued]>
[2025-04-01T14:52:18.867+0000] {taskinstance.py:2867} INFO - Starting attempt 1 of 1
[2025-04-01T14:52:19.089+0000] {taskinstance.py:2890} INFO - Executing <Task(_PythonDecoratedOperator): print_the_context> on 2022-01-06 00:00:00+00:00
[2025-04-01T14:52:19.210+0000] {warnings.py:112} WARNING - /home/***/.local/lib/python3.12/site-packages/***/task/task_runner/standard_task_runner.py:70: DeprecationWarning: This process (pid=3319) is multi-threaded, use of fork() may lead to deadlocks in the child.
  pid = os.fork()

[2025-04-01T14:52:19.246+0000] {standard_task_runner.py:72} INFO - Started process 3358 to run task
[2025-04-01T14:52:19.260+0000] {standard_task_runner.py:104} INFO - Running: ['***', 'tasks', 'run', 'my_dag_name', 'print_the_context', 'scheduled__2022-01-06T00:00:00+00:00', '--job-id', '736', '--raw', '--subdir', 'DAGS_FOLDER/con.py', '--cfg-path', '/tmp/tmp1r9qv7bv']
[2025-04-01T14:52:19.269+0000] {standard_task_runner.py:105} INFO - Job 736: Subtask print_the_context
[2025-04-01T14:52:19.990+0000] {task_command.py:467} INFO - Running <TaskInstance: my_dag_name.print_the_context scheduled__2022-01-06T00:00:00+00:00 [running]> on host 900d630d7d5f
[2025-04-01T14:52:21.234+0000] {taskinstance.py:3134} INFO - Exporting env vars: AIRFLOW_CTX_DAG_OWNER='***' AIRFLOW_CTX_DAG_ID='my_dag_name' AIRFLOW_CTX_TASK_ID='print_the_context' AIRFLOW_CTX_EXECUTION_DATE='2022-01-06T00:00:00+00:00' AIRFLOW_CTX_TRY_NUMBER='1' AIRFLOW_CTX_DAG_RUN_ID='scheduled__2022-01-06T00:00:00+00:00'
[2025-04-01T14:52:21.253+0000] {logging_mixin.py:190} INFO - Task instance is in running state
[2025-04-01T14:52:21.287+0000] {logging_mixin.py:190} INFO -  Previous state of the Task instance: queued
[2025-04-01T14:52:21.288+0000] {logging_mixin.py:190} INFO - Current task name:print_the_context state:running start_date:2025-04-01 14:52:18.752369+00:00
[2025-04-01T14:52:21.288+0000] {logging_mixin.py:190} INFO - Dag name:my_dag_name and current dag run status:running
[2025-04-01T14:52:21.302+0000] {taskinstance.py:732} INFO - ::endgroup::
[2025-04-01T14:52:21.421+0000] {logging_mixin.py:190} INFO - {'conf': <Proxy at 0x77636462ee80 with factory functools.partial(<function lazy_mapping_from_context.<locals>._deprecated_proxy_factory at 0x7763646519e0>, 'conf', <***.configuration.AirflowConfigParser object at 0x7763844f8cb0>)>,
 'conn': None,
 'dag': <DAG: my_dag_name>,
 'dag_run': <DagRun my_dag_name @ 2022-01-06 00:00:00+00:00: scheduled__2022-01-06T00:00:00+00:00, state:running, queued_at: 2025-04-01 14:51:47.854466+00:00. externally triggered: False>,
 'data_interval_end': DateTime(2022, 1, 7, 0, 0, 0, tzinfo=Timezone('UTC')),
 'data_interval_start': DateTime(2022, 1, 6, 0, 0, 0, tzinfo=Timezone('UTC')),
 'ds_nodash': '20220106',
 'execution_date': <Proxy at 0x7763648b1980 with factory functools.partial(<function lazy_mapping_from_context.<locals>._deprecated_proxy_factory at 0x7763646519e0>, 'execution_date', DateTime(2022, 1, 6, 0, 0, 0, tzinfo=Timezone('UTC')))>,
 'expanded_ti_count': None,
 'inlet_events': InletEventsAccessors(_inlets=[], _datasets={}, _dataset_aliases={}, _session=<sqlalchemy.orm.session.Session object at 0x776383db4f50>),
 'inlets': [],
 'logical_date': DateTime(2022, 1, 6, 0, 0, 0, tzinfo=Timezone('UTC')),
 'macros': <module '***.macros' from '/home/***/.local/lib/python3.12/site-packages/***/macros/__init__.py'>,
 'map_index_template': None,
 'next_ds': <Proxy at 0x776364624dc0 with factory functools.partial(<function lazy_mapping_from_context.<locals>._deprecated_proxy_factory at 0x7763646519e0>, 'next_ds', '2022-01-07')>,
 'next_ds_nodash': <Proxy at 0x776364625c00 with factory functools.partial(<function lazy_mapping_from_context.<locals>._deprecated_proxy_factory at 0x7763646519e0>, 'next_ds_nodash', '20220107')>,
 'next_execution_date': <Proxy at 0x776364625040 with factory functools.partial(<function lazy_mapping_from_context.<locals>._deprecated_proxy_factory at 0x7763646519e0>, 'next_execution_date', DateTime(2022, 1, 7, 0, 0, 0, tzinfo=Timezone('UTC')))>,
 'outlet_events': <***.utils.context.OutletEventAccessors object at 0x776364649100>,
 'outlets': [],
 'params': {},
 'prev_data_interval_end_success': DateTime(2021, 12, 27, 0, 0, 0, tzinfo=Timezone('UTC')),
 'prev_data_interval_start_success': DateTime(2021, 12, 26, 0, 0, 0, tzinfo=Timezone('UTC')),
 'prev_ds': <Proxy at 0x7763646c40c0 with factory functools.partial(<function lazy_mapping_from_context.<locals>._deprecated_proxy_factory at 0x7763646519e0>, 'prev_ds', '2022-01-05')>,
 'prev_ds_nodash': <Proxy at 0x7763646c4140 with factory functools.partial(<function lazy_mapping_from_context.<locals>._deprecated_proxy_factory at 0x7763646519e0>, 'prev_ds_nodash', '20220105')>,
 'prev_end_date_success': DateTime(2025, 4, 1, 14, 51, 43, 290702, tzinfo=Timezone('UTC')),
 'prev_execution_date': <Proxy at 0x7763646c7e40 with factory functools.partial(<function lazy_mapping_from_context.<locals>._deprecated_proxy_factory at 0x7763646519e0>, 'prev_execution_date', DateTime(2022, 1, 5, 0, 0, 0, tzinfo=Timezone('UTC')))>,
 'prev_execution_date_success': <Proxy at 0x7763646c7e80 with factory functools.partial(<function lazy_mapping_from_context.<locals>._deprecated_proxy_factory at 0x7763646519e0>, 'prev_execution_date_success', DateTime(2021, 12, 26, 0, 0, 0, tzinfo=Timezone('UTC')))>,
 'prev_start_date_success': DateTime(2025, 4, 1, 14, 50, 42, 700719, tzinfo=Timezone('UTC')),
 'run_id': 'scheduled__2022-01-06T00:00:00+00:00',
 'task': <Task(_PythonDecoratedOperator): print_the_context>,
 'task_instance': <TaskInstance: my_dag_name.print_the_context scheduled__2022-01-06T00:00:00+00:00 [running]>,
 'task_instance_key_str': 'my_dag_name__print_the_context__20220106',
 'templates_dict': None,
 'test_mode': False,
 'ti': <TaskInstance: my_dag_name.print_the_context scheduled__2022-01-06T00:00:00+00:00 [running]>,
 'tomorrow_ds': <Proxy at 0x7763646c7ec0 with factory functools.partial(<function lazy_mapping_from_context.<locals>._deprecated_proxy_factory at 0x7763646519e0>, 'tomorrow_ds', '2022-01-07')>,
 'tomorrow_ds_nodash': <Proxy at 0x7763646c7f00 with factory functools.partial(<function lazy_mapping_from_context.<locals>._deprecated_proxy_factory at 0x7763646519e0>, 'tomorrow_ds_nodash', '20220107')>,
 'triggering_dataset_events': <Proxy at 0x77636465f840 with factory <function _get_template_context.<locals>.get_triggering_events at 0x7763646514e0>>,
 'ts': '2022-01-06T00:00:00+00:00',
 'ts_nodash': '20220106T000000',
 'ts_nodash_with_tz': '20220106T000000+0000',
 'var': {'json': None, 'value': None},
 'yesterday_ds': <Proxy at 0x7763646c7f40 with factory functools.partial(<function lazy_mapping_from_context.<locals>._deprecated_proxy_factory at 0x7763646519e0>, 'yesterday_ds', '2022-01-05')>,
 'yesterday_ds_nodash': <Proxy at 0x7763646c7f80 with factory functools.partial(<function lazy_mapping_from_context.<locals>._deprecated_proxy_factory at 0x7763646519e0>, 'yesterday_ds_nodash', '20220105')>}
[2025-04-01T14:52:21.435+0000] {logging_mixin.py:190} INFO - 2022-01-06
[2025-04-01T14:52:21.439+0000] {python.py:240} INFO - Done. Returned value was: Whatever you return gets printed in the logs
[2025-04-01T14:52:21.687+0000] {taskinstance.py:341} INFO - ::group::Post task execution logs
[2025-04-01T14:52:21.688+0000] {taskinstance.py:353} INFO - Marking task as SUCCESS. dag_id=my_dag_name, task_id=print_the_context, run_id=scheduled__2022-01-06T00:00:00+00:00, execution_date=20220106T000000, start_date=20250401T145218, end_date=20250401T145221
[2025-04-01T14:52:21.983+0000] {logging_mixin.py:190} INFO - Task instance in success state
[2025-04-01T14:52:21.984+0000] {logging_mixin.py:190} INFO -  Previous state of the Task instance: running
[2025-04-01T14:52:21.984+0000] {logging_mixin.py:190} INFO - Dag name:my_dag_name queued_at:2025-04-01 14:51:47.854466+00:00
[2025-04-01T14:52:21.986+0000] {logging_mixin.py:190} INFO - Task hostname:900d630d7d5f operator:_PythonDecoratedOperator
[2025-04-01T14:52:22.187+0000] {local_task_job_runner.py:266} INFO - Task exited with return code 0
[2025-04-01T14:52:22.389+0000] {taskinstance.py:3901} INFO - 1 downstream tasks scheduled from follow-on schedule check
[2025-04-01T14:52:22.407+0000] {local_task_job_runner.py:245} INFO - ::endgroup::
