[2025-04-02T07:58:50.893+0000] {local_task_job_runner.py:123} INFO - ::group::Pre task execution logs
[2025-04-02T07:58:51.199+0000] {taskinstance.py:2614} INFO - Dependencies all met for dep_context=non-requeueable deps ti=<TaskInstance: my_dag_name.print_the_context scheduled__2022-07-20T00:00:00+00:00 [queued]>
[2025-04-02T07:58:51.262+0000] {taskinstance.py:2614} INFO - Dependencies all met for dep_context=requeueable deps ti=<TaskInstance: my_dag_name.print_the_context scheduled__2022-07-20T00:00:00+00:00 [queued]>
[2025-04-02T07:58:51.263+0000] {taskinstance.py:2867} INFO - Starting attempt 1 of 1
[2025-04-02T07:58:51.323+0000] {taskinstance.py:2890} INFO - Executing <Task(_PythonDecoratedOperator): print_the_context> on 2022-07-20 00:00:00+00:00
[2025-04-02T07:58:51.364+0000] {standard_task_runner.py:104} INFO - Running: ['***', 'tasks', 'run', 'my_dag_name', 'print_the_context', 'scheduled__2022-07-20T00:00:00+00:00', '--job-id', '1120', '--raw', '--subdir', 'DAGS_FOLDER/con.py', '--cfg-path', '/tmp/tmpzr4k8hvs']
[2025-04-02T07:58:51.367+0000] {warnings.py:112} WARNING - /home/***/.local/lib/python3.12/site-packages/***/task/task_runner/standard_task_runner.py:70: DeprecationWarning: This process (pid=4987) is multi-threaded, use of fork() may lead to deadlocks in the child.
  pid = os.fork()

[2025-04-02T07:58:51.368+0000] {standard_task_runner.py:105} INFO - Job 1120: Subtask print_the_context
[2025-04-02T07:58:51.368+0000] {standard_task_runner.py:72} INFO - Started process 5049 to run task
[2025-04-02T07:58:51.627+0000] {task_command.py:467} INFO - Running <TaskInstance: my_dag_name.print_the_context scheduled__2022-07-20T00:00:00+00:00 [running]> on host 900d630d7d5f
[2025-04-02T07:58:52.663+0000] {taskinstance.py:3134} INFO - Exporting env vars: AIRFLOW_CTX_DAG_OWNER='***' AIRFLOW_CTX_DAG_ID='my_dag_name' AIRFLOW_CTX_TASK_ID='print_the_context' AIRFLOW_CTX_EXECUTION_DATE='2022-07-20T00:00:00+00:00' AIRFLOW_CTX_TRY_NUMBER='1' AIRFLOW_CTX_DAG_RUN_ID='scheduled__2022-07-20T00:00:00+00:00'
[2025-04-02T07:58:52.693+0000] {logging_mixin.py:190} INFO - Task instance is in running state
[2025-04-02T07:58:52.694+0000] {logging_mixin.py:190} INFO -  Previous state of the Task instance: queued
[2025-04-02T07:58:52.694+0000] {logging_mixin.py:190} INFO - Current task name:print_the_context state:running start_date:2025-04-02 07:58:51.200509+00:00
[2025-04-02T07:58:52.695+0000] {logging_mixin.py:190} INFO - Dag name:my_dag_name and current dag run status:running
[2025-04-02T07:58:52.718+0000] {taskinstance.py:732} INFO - ::endgroup::
[2025-04-02T07:58:52.901+0000] {logging_mixin.py:190} INFO - {'conf': <Proxy at 0x7763647b0e40 with factory functools.partial(<function lazy_mapping_from_context.<locals>._deprecated_proxy_factory at 0x776364636160>, 'conf', <***.configuration.AirflowConfigParser object at 0x7763844f8cb0>)>,
 'conn': None,
 'dag': <DAG: my_dag_name>,
 'dag_run': <DagRun my_dag_name @ 2022-07-20 00:00:00+00:00: scheduled__2022-07-20T00:00:00+00:00, state:running, queued_at: 2025-04-02 07:58:21.069007+00:00. externally triggered: False>,
 'data_interval_end': DateTime(2022, 7, 21, 0, 0, 0, tzinfo=Timezone('UTC')),
 'data_interval_start': DateTime(2022, 7, 20, 0, 0, 0, tzinfo=Timezone('UTC')),
 'ds_nodash': '20220720',
 'execution_date': <Proxy at 0x77636462d380 with factory functools.partial(<function lazy_mapping_from_context.<locals>._deprecated_proxy_factory at 0x776364636160>, 'execution_date', DateTime(2022, 7, 20, 0, 0, 0, tzinfo=Timezone('UTC')))>,
 'expanded_ti_count': None,
 'inlet_events': InletEventsAccessors(_inlets=[], _datasets={}, _dataset_aliases={}, _session=<sqlalchemy.orm.session.Session object at 0x776383db4f50>),
 'inlets': [],
 'logical_date': DateTime(2022, 7, 20, 0, 0, 0, tzinfo=Timezone('UTC')),
 'macros': <module '***.macros' from '/home/***/.local/lib/python3.12/site-packages/***/macros/__init__.py'>,
 'map_index_template': None,
 'next_ds': <Proxy at 0x7763646c93c0 with factory functools.partial(<function lazy_mapping_from_context.<locals>._deprecated_proxy_factory at 0x776364636160>, 'next_ds', '2022-07-21')>,
 'next_ds_nodash': <Proxy at 0x7763646c8640 with factory functools.partial(<function lazy_mapping_from_context.<locals>._deprecated_proxy_factory at 0x776364636160>, 'next_ds_nodash', '20220721')>,
 'next_execution_date': <Proxy at 0x7763646c84c0 with factory functools.partial(<function lazy_mapping_from_context.<locals>._deprecated_proxy_factory at 0x776364636160>, 'next_execution_date', DateTime(2022, 7, 21, 0, 0, 0, tzinfo=Timezone('UTC')))>,
 'outlet_events': <***.utils.context.OutletEventAccessors object at 0x77636464e9f0>,
 'outlets': [],
 'params': {},
 'prev_data_interval_end_success': DateTime(2022, 7, 5, 0, 0, 0, tzinfo=Timezone('UTC')),
 'prev_data_interval_start_success': DateTime(2022, 7, 4, 0, 0, 0, tzinfo=Timezone('UTC')),
 'prev_ds': <Proxy at 0x7763646c8480 with factory functools.partial(<function lazy_mapping_from_context.<locals>._deprecated_proxy_factory at 0x776364636160>, 'prev_ds', '2022-07-19')>,
 'prev_ds_nodash': <Proxy at 0x7763646c8440 with factory functools.partial(<function lazy_mapping_from_context.<locals>._deprecated_proxy_factory at 0x776364636160>, 'prev_ds_nodash', '20220719')>,
 'prev_end_date_success': DateTime(2025, 4, 2, 7, 58, 15, 523211, tzinfo=Timezone('UTC')),
 'prev_execution_date': <Proxy at 0x7763646c8400 with factory functools.partial(<function lazy_mapping_from_context.<locals>._deprecated_proxy_factory at 0x776364636160>, 'prev_execution_date', DateTime(2022, 7, 19, 0, 0, 0, tzinfo=Timezone('UTC')))>,
 'prev_execution_date_success': <Proxy at 0x7763646c83c0 with factory functools.partial(<function lazy_mapping_from_context.<locals>._deprecated_proxy_factory at 0x776364636160>, 'prev_execution_date_success', DateTime(2022, 7, 4, 0, 0, 0, tzinfo=Timezone('UTC')))>,
 'prev_start_date_success': DateTime(2025, 4, 2, 7, 57, 45, 999569, tzinfo=Timezone('UTC')),
 'run_id': 'scheduled__2022-07-20T00:00:00+00:00',
 'task': <Task(_PythonDecoratedOperator): print_the_context>,
 'task_instance': <TaskInstance: my_dag_name.print_the_context scheduled__2022-07-20T00:00:00+00:00 [running]>,
 'task_instance_key_str': 'my_dag_name__print_the_context__20220720',
 'templates_dict': None,
 'test_mode': False,
 'ti': <TaskInstance: my_dag_name.print_the_context scheduled__2022-07-20T00:00:00+00:00 [running]>,
 'tomorrow_ds': <Proxy at 0x7763646c8380 with factory functools.partial(<function lazy_mapping_from_context.<locals>._deprecated_proxy_factory at 0x776364636160>, 'tomorrow_ds', '2022-07-21')>,
 'tomorrow_ds_nodash': <Proxy at 0x7763646c8340 with factory functools.partial(<function lazy_mapping_from_context.<locals>._deprecated_proxy_factory at 0x776364636160>, 'tomorrow_ds_nodash', '20220721')>,
 'triggering_dataset_events': <Proxy at 0x776364665780 with factory <function _get_template_context.<locals>.get_triggering_events at 0x776364635c60>>,
 'ts': '2022-07-20T00:00:00+00:00',
 'ts_nodash': '20220720T000000',
 'ts_nodash_with_tz': '20220720T000000+0000',
 'var': {'json': None, 'value': None},
 'yesterday_ds': <Proxy at 0x7763646c8300 with factory functools.partial(<function lazy_mapping_from_context.<locals>._deprecated_proxy_factory at 0x776364636160>, 'yesterday_ds', '2022-07-19')>,
 'yesterday_ds_nodash': <Proxy at 0x7763646c82c0 with factory functools.partial(<function lazy_mapping_from_context.<locals>._deprecated_proxy_factory at 0x776364636160>, 'yesterday_ds_nodash', '20220719')>}
[2025-04-02T07:58:52.937+0000] {logging_mixin.py:190} INFO - 2022-07-20
[2025-04-02T07:58:52.938+0000] {python.py:240} INFO - Done. Returned value was: Whatever you return gets printed in the logs
[2025-04-02T07:58:53.199+0000] {taskinstance.py:341} INFO - ::group::Post task execution logs
[2025-04-02T07:58:53.218+0000] {taskinstance.py:353} INFO - Marking task as SUCCESS. dag_id=my_dag_name, task_id=print_the_context, run_id=scheduled__2022-07-20T00:00:00+00:00, execution_date=20220720T000000, start_date=20250402T075851, end_date=20250402T075853
[2025-04-02T07:58:53.501+0000] {logging_mixin.py:190} INFO - Task instance in success state
[2025-04-02T07:58:53.502+0000] {logging_mixin.py:190} INFO -  Previous state of the Task instance: running
[2025-04-02T07:58:53.503+0000] {logging_mixin.py:190} INFO - Dag name:my_dag_name queued_at:2025-04-02 07:58:21.069007+00:00
[2025-04-02T07:58:53.504+0000] {logging_mixin.py:190} INFO - Task hostname:900d630d7d5f operator:_PythonDecoratedOperator
[2025-04-02T07:58:53.619+0000] {local_task_job_runner.py:266} INFO - Task exited with return code 0
[2025-04-02T07:58:53.839+0000] {taskinstance.py:3901} INFO - 1 downstream tasks scheduled from follow-on schedule check
[2025-04-02T07:58:53.849+0000] {local_task_job_runner.py:245} INFO - ::endgroup::
