[2025-04-01T14:24:32.917+0000] {local_task_job_runner.py:123} INFO - ::group::Pre task execution logs
[2025-04-01T14:24:33.082+0000] {taskinstance.py:2614} INFO - Dependencies all met for dep_context=non-requeueable deps ti=<TaskInstance: my_dag_name.print_the_context scheduled__2021-01-11T00:00:00+00:00 [queued]>
[2025-04-01T14:24:33.211+0000] {taskinstance.py:2614} INFO - Dependencies all met for dep_context=requeueable deps ti=<TaskInstance: my_dag_name.print_the_context scheduled__2021-01-11T00:00:00+00:00 [queued]>
[2025-04-01T14:24:33.212+0000] {taskinstance.py:2867} INFO - Starting attempt 1 of 1
[2025-04-01T14:24:33.336+0000] {taskinstance.py:2890} INFO - Executing <Task(_PythonDecoratedOperator): print_the_context> on 2021-01-11 00:00:00+00:00
[2025-04-01T14:24:33.444+0000] {warnings.py:112} WARNING - /home/***/.local/lib/python3.12/site-packages/***/task/task_runner/standard_task_runner.py:70: DeprecationWarning: This process (pid=180) is multi-threaded, use of fork() may lead to deadlocks in the child.
  pid = os.fork()

[2025-04-01T14:24:33.454+0000] {standard_task_runner.py:72} INFO - Started process 199 to run task
[2025-04-01T14:24:33.473+0000] {standard_task_runner.py:104} INFO - Running: ['***', 'tasks', 'run', 'my_dag_name', 'print_the_context', 'scheduled__2021-01-11T00:00:00+00:00', '--job-id', '17', '--raw', '--subdir', 'DAGS_FOLDER/con.py', '--cfg-path', '/tmp/tmprjhtfzlh']
[2025-04-01T14:24:33.488+0000] {standard_task_runner.py:105} INFO - Job 17: Subtask print_the_context
[2025-04-01T14:24:33.719+0000] {task_command.py:467} INFO - Running <TaskInstance: my_dag_name.print_the_context scheduled__2021-01-11T00:00:00+00:00 [running]> on host 900d630d7d5f
[2025-04-01T14:24:34.539+0000] {taskinstance.py:3134} INFO - Exporting env vars: AIRFLOW_CTX_DAG_OWNER='***' AIRFLOW_CTX_DAG_ID='my_dag_name' AIRFLOW_CTX_TASK_ID='print_the_context' AIRFLOW_CTX_EXECUTION_DATE='2021-01-11T00:00:00+00:00' AIRFLOW_CTX_TRY_NUMBER='1' AIRFLOW_CTX_DAG_RUN_ID='scheduled__2021-01-11T00:00:00+00:00'
[2025-04-01T14:24:34.549+0000] {logging_mixin.py:190} INFO - Task instance is in running state
[2025-04-01T14:24:34.549+0000] {logging_mixin.py:190} INFO -  Previous state of the Task instance: queued
[2025-04-01T14:24:34.563+0000] {logging_mixin.py:190} INFO - Current task name:print_the_context state:running start_date:2025-04-01 14:24:33.082692+00:00
[2025-04-01T14:24:34.564+0000] {logging_mixin.py:190} INFO - Dag name:my_dag_name and current dag run status:running
[2025-04-01T14:24:34.567+0000] {taskinstance.py:732} INFO - ::endgroup::
[2025-04-01T14:24:34.640+0000] {logging_mixin.py:190} INFO - {'conf': <Proxy at 0x7763647f3580 with factory functools.partial(<function lazy_mapping_from_context.<locals>._deprecated_proxy_factory at 0x7763647fc540>, 'conf', <***.configuration.AirflowConfigParser object at 0x7763844f8cb0>)>,
 'conn': None,
 'dag': <DAG: my_dag_name>,
 'dag_run': <DagRun my_dag_name @ 2021-01-11 00:00:00+00:00: scheduled__2021-01-11T00:00:00+00:00, state:running, queued_at: 2025-04-01 14:23:47.518478+00:00. externally triggered: False>,
 'data_interval_end': DateTime(2021, 1, 12, 0, 0, 0, tzinfo=Timezone('UTC')),
 'data_interval_start': DateTime(2021, 1, 11, 0, 0, 0, tzinfo=Timezone('UTC')),
 'ds_nodash': '20210111',
 'execution_date': <Proxy at 0x77636447d8c0 with factory functools.partial(<function lazy_mapping_from_context.<locals>._deprecated_proxy_factory at 0x7763647fc540>, 'execution_date', DateTime(2021, 1, 11, 0, 0, 0, tzinfo=Timezone('UTC')))>,
 'expanded_ti_count': None,
 'inlet_events': InletEventsAccessors(_inlets=[], _datasets={}, _dataset_aliases={}, _session=<sqlalchemy.orm.session.Session object at 0x7763644c5fa0>),
 'inlets': [],
 'logical_date': DateTime(2021, 1, 11, 0, 0, 0, tzinfo=Timezone('UTC')),
 'macros': <module '***.macros' from '/home/***/.local/lib/python3.12/site-packages/***/macros/__init__.py'>,
 'map_index_template': None,
 'next_ds': <Proxy at 0x7763646a0240 with factory functools.partial(<function lazy_mapping_from_context.<locals>._deprecated_proxy_factory at 0x7763647fc540>, 'next_ds', '2021-01-12')>,
 'next_ds_nodash': <Proxy at 0x7763647a5440 with factory functools.partial(<function lazy_mapping_from_context.<locals>._deprecated_proxy_factory at 0x7763647fc540>, 'next_ds_nodash', '20210112')>,
 'next_execution_date': <Proxy at 0x776364b59e40 with factory functools.partial(<function lazy_mapping_from_context.<locals>._deprecated_proxy_factory at 0x7763647fc540>, 'next_execution_date', DateTime(2021, 1, 12, 0, 0, 0, tzinfo=Timezone('UTC')))>,
 'outlet_events': <***.utils.context.OutletEventAccessors object at 0x7763644fe060>,
 'outlets': [],
 'params': {},
 'prev_data_interval_end_success': None,
 'prev_data_interval_start_success': None,
 'prev_ds': <Proxy at 0x7763647d8140 with factory functools.partial(<function lazy_mapping_from_context.<locals>._deprecated_proxy_factory at 0x7763647fc540>, 'prev_ds', '2021-01-10')>,
 'prev_ds_nodash': <Proxy at 0x7763647d81c0 with factory functools.partial(<function lazy_mapping_from_context.<locals>._deprecated_proxy_factory at 0x7763647fc540>, 'prev_ds_nodash', '20210110')>,
 'prev_end_date_success': None,
 'prev_execution_date': <Proxy at 0x77636479bb00 with factory functools.partial(<function lazy_mapping_from_context.<locals>._deprecated_proxy_factory at 0x7763647fc540>, 'prev_execution_date', DateTime(2021, 1, 10, 0, 0, 0, tzinfo=Timezone('UTC')))>,
 'prev_execution_date_success': <Proxy at 0x77636479ba80 with factory functools.partial(<function lazy_mapping_from_context.<locals>._deprecated_proxy_factory at 0x7763647fc540>, 'prev_execution_date_success', None)>,
 'prev_start_date_success': None,
 'run_id': 'scheduled__2021-01-11T00:00:00+00:00',
 'task': <Task(_PythonDecoratedOperator): print_the_context>,
 'task_instance': <TaskInstance: my_dag_name.print_the_context scheduled__2021-01-11T00:00:00+00:00 [running]>,
 'task_instance_key_str': 'my_dag_name__print_the_context__20210111',
 'templates_dict': None,
 'test_mode': False,
 'ti': <TaskInstance: my_dag_name.print_the_context scheduled__2021-01-11T00:00:00+00:00 [running]>,
 'tomorrow_ds': <Proxy at 0x77636479bbc0 with factory functools.partial(<function lazy_mapping_from_context.<locals>._deprecated_proxy_factory at 0x7763647fc540>, 'tomorrow_ds', '2021-01-12')>,
 'tomorrow_ds_nodash': <Proxy at 0x77636479bd40 with factory functools.partial(<function lazy_mapping_from_context.<locals>._deprecated_proxy_factory at 0x7763647fc540>, 'tomorrow_ds_nodash', '20210112')>,
 'triggering_dataset_events': <Proxy at 0x7763647f1680 with factory <function _get_template_context.<locals>.get_triggering_events at 0x7763647fcfe0>>,
 'ts': '2021-01-11T00:00:00+00:00',
 'ts_nodash': '20210111T000000',
 'ts_nodash_with_tz': '20210111T000000+0000',
 'var': {'json': None, 'value': None},
 'yesterday_ds': <Proxy at 0x77636479bd80 with factory functools.partial(<function lazy_mapping_from_context.<locals>._deprecated_proxy_factory at 0x7763647fc540>, 'yesterday_ds', '2021-01-10')>,
 'yesterday_ds_nodash': <Proxy at 0x77636479bdc0 with factory functools.partial(<function lazy_mapping_from_context.<locals>._deprecated_proxy_factory at 0x7763647fc540>, 'yesterday_ds_nodash', '20210110')>}
[2025-04-01T14:24:34.647+0000] {logging_mixin.py:190} INFO - 2021-01-11
[2025-04-01T14:24:34.648+0000] {python.py:240} INFO - Done. Returned value was: Whatever you return gets printed in the logs
[2025-04-01T14:24:34.764+0000] {taskinstance.py:341} INFO - ::group::Post task execution logs
[2025-04-01T14:24:34.765+0000] {taskinstance.py:353} INFO - Marking task as SUCCESS. dag_id=my_dag_name, task_id=print_the_context, run_id=scheduled__2021-01-11T00:00:00+00:00, execution_date=20210111T000000, start_date=20250401T142433, end_date=20250401T142434
[2025-04-01T14:24:35.039+0000] {logging_mixin.py:190} INFO - Task instance in success state
[2025-04-01T14:24:35.040+0000] {logging_mixin.py:190} INFO -  Previous state of the Task instance: running
[2025-04-01T14:24:35.041+0000] {logging_mixin.py:190} INFO - Dag name:my_dag_name queued_at:2025-04-01 14:23:47.518478+00:00
[2025-04-01T14:24:35.047+0000] {logging_mixin.py:190} INFO - Task hostname:900d630d7d5f operator:_PythonDecoratedOperator
[2025-04-01T14:24:35.201+0000] {local_task_job_runner.py:266} INFO - Task exited with return code 0
[2025-04-01T14:24:35.270+0000] {local_task_job_runner.py:245} INFO - ::endgroup::
