[2025-04-01T14:39:14.542+0000] {local_task_job_runner.py:123} INFO - ::group::Pre task execution logs
[2025-04-01T14:39:14.686+0000] {taskinstance.py:2614} INFO - Dependencies all met for dep_context=non-requeueable deps ti=<TaskInstance: my_dag_name.print_the_context scheduled__2021-07-15T00:00:00+00:00 [queued]>
[2025-04-01T14:39:14.766+0000] {taskinstance.py:2614} INFO - Dependencies all met for dep_context=requeueable deps ti=<TaskInstance: my_dag_name.print_the_context scheduled__2021-07-15T00:00:00+00:00 [queued]>
[2025-04-01T14:39:14.775+0000] {taskinstance.py:2867} INFO - Starting attempt 1 of 1
[2025-04-01T14:39:14.954+0000] {taskinstance.py:2890} INFO - Executing <Task(_PythonDecoratedOperator): print_the_context> on 2021-07-15 00:00:00+00:00
[2025-04-01T14:39:15.060+0000] {warnings.py:112} WARNING - /home/***/.local/lib/python3.12/site-packages/***/task/task_runner/standard_task_runner.py:70: DeprecationWarning: This process (pid=1827) is multi-threaded, use of fork() may lead to deadlocks in the child.
  pid = os.fork()

[2025-04-01T14:39:15.089+0000] {standard_task_runner.py:72} INFO - Started process 1861 to run task
[2025-04-01T14:39:15.098+0000] {standard_task_runner.py:104} INFO - Running: ['***', 'tasks', 'run', 'my_dag_name', 'print_the_context', 'scheduled__2021-07-15T00:00:00+00:00', '--job-id', '396', '--raw', '--subdir', 'DAGS_FOLDER/con.py', '--cfg-path', '/tmp/tmp9ul5szqv']
[2025-04-01T14:39:15.115+0000] {standard_task_runner.py:105} INFO - Job 396: Subtask print_the_context
[2025-04-01T14:39:15.514+0000] {task_command.py:467} INFO - Running <TaskInstance: my_dag_name.print_the_context scheduled__2021-07-15T00:00:00+00:00 [running]> on host 900d630d7d5f
[2025-04-01T14:39:16.625+0000] {taskinstance.py:3134} INFO - Exporting env vars: AIRFLOW_CTX_DAG_OWNER='***' AIRFLOW_CTX_DAG_ID='my_dag_name' AIRFLOW_CTX_TASK_ID='print_the_context' AIRFLOW_CTX_EXECUTION_DATE='2021-07-15T00:00:00+00:00' AIRFLOW_CTX_TRY_NUMBER='1' AIRFLOW_CTX_DAG_RUN_ID='scheduled__2021-07-15T00:00:00+00:00'
[2025-04-01T14:39:16.630+0000] {logging_mixin.py:190} INFO - Task instance is in running state
[2025-04-01T14:39:16.639+0000] {logging_mixin.py:190} INFO -  Previous state of the Task instance: queued
[2025-04-01T14:39:16.643+0000] {logging_mixin.py:190} INFO - Current task name:print_the_context state:running start_date:2025-04-01 14:39:14.688280+00:00
[2025-04-01T14:39:16.644+0000] {logging_mixin.py:190} INFO - Dag name:my_dag_name and current dag run status:running
[2025-04-01T14:39:16.645+0000] {taskinstance.py:732} INFO - ::endgroup::
[2025-04-01T14:39:16.708+0000] {logging_mixin.py:190} INFO - {'conf': <Proxy at 0x77636464ee80 with factory functools.partial(<function lazy_mapping_from_context.<locals>._deprecated_proxy_factory at 0x77637ed11260>, 'conf', <***.configuration.AirflowConfigParser object at 0x7763844f8cb0>)>,
 'conn': None,
 'dag': <DAG: my_dag_name>,
 'dag_run': <DagRun my_dag_name @ 2021-07-15 00:00:00+00:00: scheduled__2021-07-15T00:00:00+00:00, state:running, queued_at: 2025-04-01 14:38:50.019394+00:00. externally triggered: False>,
 'data_interval_end': DateTime(2021, 7, 16, 0, 0, 0, tzinfo=Timezone('UTC')),
 'data_interval_start': DateTime(2021, 7, 15, 0, 0, 0, tzinfo=Timezone('UTC')),
 'ds_nodash': '20210715',
 'execution_date': <Proxy at 0x7763647c0240 with factory functools.partial(<function lazy_mapping_from_context.<locals>._deprecated_proxy_factory at 0x77637ed11260>, 'execution_date', DateTime(2021, 7, 15, 0, 0, 0, tzinfo=Timezone('UTC')))>,
 'expanded_ti_count': None,
 'inlet_events': InletEventsAccessors(_inlets=[], _datasets={}, _dataset_aliases={}, _session=<sqlalchemy.orm.session.Session object at 0x776383db56a0>),
 'inlets': [],
 'logical_date': DateTime(2021, 7, 15, 0, 0, 0, tzinfo=Timezone('UTC')),
 'macros': <module '***.macros' from '/home/***/.local/lib/python3.12/site-packages/***/macros/__init__.py'>,
 'map_index_template': None,
 'next_ds': <Proxy at 0x776364630480 with factory functools.partial(<function lazy_mapping_from_context.<locals>._deprecated_proxy_factory at 0x77637ed11260>, 'next_ds', '2021-07-16')>,
 'next_ds_nodash': <Proxy at 0x7763647fd600 with factory functools.partial(<function lazy_mapping_from_context.<locals>._deprecated_proxy_factory at 0x77637ed11260>, 'next_ds_nodash', '20210716')>,
 'next_execution_date': <Proxy at 0x7763647fd580 with factory functools.partial(<function lazy_mapping_from_context.<locals>._deprecated_proxy_factory at 0x77637ed11260>, 'next_execution_date', DateTime(2021, 7, 16, 0, 0, 0, tzinfo=Timezone('UTC')))>,
 'outlet_events': <***.utils.context.OutletEventAccessors object at 0x776364662090>,
 'outlets': [],
 'params': {},
 'prev_data_interval_end_success': DateTime(2021, 7, 13, 0, 0, 0, tzinfo=Timezone('UTC')),
 'prev_data_interval_start_success': DateTime(2021, 7, 12, 0, 0, 0, tzinfo=Timezone('UTC')),
 'prev_ds': <Proxy at 0x776364797e80 with factory functools.partial(<function lazy_mapping_from_context.<locals>._deprecated_proxy_factory at 0x77637ed11260>, 'prev_ds', '2021-07-14')>,
 'prev_ds_nodash': <Proxy at 0x7763646d7ec0 with factory functools.partial(<function lazy_mapping_from_context.<locals>._deprecated_proxy_factory at 0x77637ed11260>, 'prev_ds_nodash', '20210714')>,
 'prev_end_date_success': DateTime(2025, 4, 1, 14, 38, 47, 732240, tzinfo=Timezone('UTC')),
 'prev_execution_date': <Proxy at 0x77636490d440 with factory functools.partial(<function lazy_mapping_from_context.<locals>._deprecated_proxy_factory at 0x77637ed11260>, 'prev_execution_date', DateTime(2021, 7, 14, 0, 0, 0, tzinfo=Timezone('UTC')))>,
 'prev_execution_date_success': <Proxy at 0x77636490d0c0 with factory functools.partial(<function lazy_mapping_from_context.<locals>._deprecated_proxy_factory at 0x77637ed11260>, 'prev_execution_date_success', DateTime(2021, 7, 12, 0, 0, 0, tzinfo=Timezone('UTC')))>,
 'prev_start_date_success': DateTime(2025, 4, 1, 14, 38, 16, 165562, tzinfo=Timezone('UTC')),
 'run_id': 'scheduled__2021-07-15T00:00:00+00:00',
 'task': <Task(_PythonDecoratedOperator): print_the_context>,
 'task_instance': <TaskInstance: my_dag_name.print_the_context scheduled__2021-07-15T00:00:00+00:00 [running]>,
 'task_instance_key_str': 'my_dag_name__print_the_context__20210715',
 'templates_dict': None,
 'test_mode': False,
 'ti': <TaskInstance: my_dag_name.print_the_context scheduled__2021-07-15T00:00:00+00:00 [running]>,
 'tomorrow_ds': <Proxy at 0x77636490ff00 with factory functools.partial(<function lazy_mapping_from_context.<locals>._deprecated_proxy_factory at 0x77637ed11260>, 'tomorrow_ds', '2021-07-16')>,
 'tomorrow_ds_nodash': <Proxy at 0x776364648780 with factory functools.partial(<function lazy_mapping_from_context.<locals>._deprecated_proxy_factory at 0x77637ed11260>, 'tomorrow_ds_nodash', '20210716')>,
 'triggering_dataset_events': <Proxy at 0x77636464d8c0 with factory <function _get_template_context.<locals>.get_triggering_events at 0x7763646525c0>>,
 'ts': '2021-07-15T00:00:00+00:00',
 'ts_nodash': '20210715T000000',
 'ts_nodash_with_tz': '20210715T000000+0000',
 'var': {'json': None, 'value': None},
 'yesterday_ds': <Proxy at 0x776364649380 with factory functools.partial(<function lazy_mapping_from_context.<locals>._deprecated_proxy_factory at 0x77637ed11260>, 'yesterday_ds', '2021-07-14')>,
 'yesterday_ds_nodash': <Proxy at 0x776364648400 with factory functools.partial(<function lazy_mapping_from_context.<locals>._deprecated_proxy_factory at 0x77637ed11260>, 'yesterday_ds_nodash', '20210714')>}
[2025-04-01T14:39:16.713+0000] {logging_mixin.py:190} INFO - 2021-07-15
[2025-04-01T14:39:16.714+0000] {python.py:240} INFO - Done. Returned value was: Whatever you return gets printed in the logs
[2025-04-01T14:39:16.811+0000] {taskinstance.py:341} INFO - ::group::Post task execution logs
[2025-04-01T14:39:16.813+0000] {taskinstance.py:353} INFO - Marking task as SUCCESS. dag_id=my_dag_name, task_id=print_the_context, run_id=scheduled__2021-07-15T00:00:00+00:00, execution_date=20210715T000000, start_date=20250401T143914, end_date=20250401T143916
[2025-04-01T14:39:17.028+0000] {logging_mixin.py:190} INFO - Task instance in success state
[2025-04-01T14:39:17.029+0000] {logging_mixin.py:190} INFO -  Previous state of the Task instance: running
[2025-04-01T14:39:17.029+0000] {logging_mixin.py:190} INFO - Dag name:my_dag_name queued_at:2025-04-01 14:38:50.019394+00:00
[2025-04-01T14:39:17.031+0000] {logging_mixin.py:190} INFO - Task hostname:900d630d7d5f operator:_PythonDecoratedOperator
[2025-04-01T14:39:17.183+0000] {local_task_job_runner.py:266} INFO - Task exited with return code 0
[2025-04-01T14:39:17.271+0000] {local_task_job_runner.py:245} INFO - ::endgroup::
