[2025-04-02T07:59:58.466+0000] {local_task_job_runner.py:123} INFO - ::group::Pre task execution logs
[2025-04-02T07:59:58.701+0000] {taskinstance.py:2614} INFO - Dependencies all met for dep_context=non-requeueable deps ti=<TaskInstance: my_dag_name.print_the_context scheduled__2022-08-02T00:00:00+00:00 [queued]>
[2025-04-02T07:59:58.875+0000] {taskinstance.py:2614} INFO - Dependencies all met for dep_context=requeueable deps ti=<TaskInstance: my_dag_name.print_the_context scheduled__2022-08-02T00:00:00+00:00 [queued]>
[2025-04-02T07:59:58.876+0000] {taskinstance.py:2867} INFO - Starting attempt 1 of 1
[2025-04-02T07:59:59.094+0000] {taskinstance.py:2890} INFO - Executing <Task(_PythonDecoratedOperator): print_the_context> on 2022-08-02 00:00:00+00:00
[2025-04-02T07:59:59.270+0000] {warnings.py:112} WARNING - /home/***/.local/lib/python3.12/site-packages/***/task/task_runner/standard_task_runner.py:70: DeprecationWarning: This process (pid=5129) is multi-threaded, use of fork() may lead to deadlocks in the child.
  pid = os.fork()

[2025-04-02T07:59:59.297+0000] {standard_task_runner.py:72} INFO - Started process 5194 to run task
[2025-04-02T07:59:59.310+0000] {standard_task_runner.py:104} INFO - Running: ['***', 'tasks', 'run', 'my_dag_name', 'print_the_context', 'scheduled__2022-08-02T00:00:00+00:00', '--job-id', '1153', '--raw', '--subdir', 'DAGS_FOLDER/con.py', '--cfg-path', '/tmp/tmp__c3adr5']
[2025-04-02T07:59:59.334+0000] {standard_task_runner.py:105} INFO - Job 1153: Subtask print_the_context
[2025-04-02T07:59:59.615+0000] {task_command.py:467} INFO - Running <TaskInstance: my_dag_name.print_the_context scheduled__2022-08-02T00:00:00+00:00 [running]> on host 900d630d7d5f
[2025-04-02T08:00:00.251+0000] {taskinstance.py:3134} INFO - Exporting env vars: AIRFLOW_CTX_DAG_OWNER='***' AIRFLOW_CTX_DAG_ID='my_dag_name' AIRFLOW_CTX_TASK_ID='print_the_context' AIRFLOW_CTX_EXECUTION_DATE='2022-08-02T00:00:00+00:00' AIRFLOW_CTX_TRY_NUMBER='1' AIRFLOW_CTX_DAG_RUN_ID='scheduled__2022-08-02T00:00:00+00:00'
[2025-04-02T08:00:00.267+0000] {logging_mixin.py:190} INFO - Task instance is in running state
[2025-04-02T08:00:00.267+0000] {logging_mixin.py:190} INFO -  Previous state of the Task instance: queued
[2025-04-02T08:00:00.268+0000] {logging_mixin.py:190} INFO - Current task name:print_the_context state:running start_date:2025-04-02 07:59:58.708314+00:00
[2025-04-02T08:00:00.268+0000] {logging_mixin.py:190} INFO - Dag name:my_dag_name and current dag run status:running
[2025-04-02T08:00:00.269+0000] {taskinstance.py:732} INFO - ::endgroup::
[2025-04-02T08:00:00.342+0000] {logging_mixin.py:190} INFO - {'conf': <Proxy at 0x776364c2bbc0 with factory functools.partial(<function lazy_mapping_from_context.<locals>._deprecated_proxy_factory at 0x77636464da80>, 'conf', <***.configuration.AirflowConfigParser object at 0x7763844f8cb0>)>,
 'conn': None,
 'dag': <DAG: my_dag_name>,
 'dag_run': <DagRun my_dag_name @ 2022-08-02 00:00:00+00:00: scheduled__2022-08-02T00:00:00+00:00, state:running, queued_at: 2025-04-02 07:59:30.262376+00:00. externally triggered: False>,
 'data_interval_end': DateTime(2022, 8, 3, 0, 0, 0, tzinfo=Timezone('UTC')),
 'data_interval_start': DateTime(2022, 8, 2, 0, 0, 0, tzinfo=Timezone('UTC')),
 'ds_nodash': '20220802',
 'execution_date': <Proxy at 0x77636465bc00 with factory functools.partial(<function lazy_mapping_from_context.<locals>._deprecated_proxy_factory at 0x77636464da80>, 'execution_date', DateTime(2022, 8, 2, 0, 0, 0, tzinfo=Timezone('UTC')))>,
 'expanded_ti_count': None,
 'inlet_events': InletEventsAccessors(_inlets=[], _datasets={}, _dataset_aliases={}, _session=<sqlalchemy.orm.session.Session object at 0x776383db6cf0>),
 'inlets': [],
 'logical_date': DateTime(2022, 8, 2, 0, 0, 0, tzinfo=Timezone('UTC')),
 'macros': <module '***.macros' from '/home/***/.local/lib/python3.12/site-packages/***/macros/__init__.py'>,
 'map_index_template': None,
 'next_ds': <Proxy at 0x7763646c2280 with factory functools.partial(<function lazy_mapping_from_context.<locals>._deprecated_proxy_factory at 0x77636464da80>, 'next_ds', '2022-08-03')>,
 'next_ds_nodash': <Proxy at 0x776364c6ab00 with factory functools.partial(<function lazy_mapping_from_context.<locals>._deprecated_proxy_factory at 0x77636464da80>, 'next_ds_nodash', '20220803')>,
 'next_execution_date': <Proxy at 0x77636462d440 with factory functools.partial(<function lazy_mapping_from_context.<locals>._deprecated_proxy_factory at 0x77636464da80>, 'next_execution_date', DateTime(2022, 8, 3, 0, 0, 0, tzinfo=Timezone('UTC')))>,
 'outlet_events': <***.utils.context.OutletEventAccessors object at 0x7763646423f0>,
 'outlets': [],
 'params': {},
 'prev_data_interval_end_success': DateTime(2022, 7, 22, 0, 0, 0, tzinfo=Timezone('UTC')),
 'prev_data_interval_start_success': DateTime(2022, 7, 21, 0, 0, 0, tzinfo=Timezone('UTC')),
 'prev_ds': <Proxy at 0x77636468d380 with factory functools.partial(<function lazy_mapping_from_context.<locals>._deprecated_proxy_factory at 0x77636464da80>, 'prev_ds', '2022-08-01')>,
 'prev_ds_nodash': <Proxy at 0x776364660e80 with factory functools.partial(<function lazy_mapping_from_context.<locals>._deprecated_proxy_factory at 0x77636464da80>, 'prev_ds_nodash', '20220801')>,
 'prev_end_date_success': DateTime(2025, 4, 2, 7, 59, 31, 475750, tzinfo=Timezone('UTC')),
 'prev_execution_date': <Proxy at 0x7763646c8480 with factory functools.partial(<function lazy_mapping_from_context.<locals>._deprecated_proxy_factory at 0x77636464da80>, 'prev_execution_date', DateTime(2022, 8, 1, 0, 0, 0, tzinfo=Timezone('UTC')))>,
 'prev_execution_date_success': <Proxy at 0x7763646c8840 with factory functools.partial(<function lazy_mapping_from_context.<locals>._deprecated_proxy_factory at 0x77636464da80>, 'prev_execution_date_success', DateTime(2022, 7, 21, 0, 0, 0, tzinfo=Timezone('UTC')))>,
 'prev_start_date_success': DateTime(2025, 4, 2, 7, 59, 19, 245992, tzinfo=Timezone('UTC')),
 'run_id': 'scheduled__2022-08-02T00:00:00+00:00',
 'task': <Task(_PythonDecoratedOperator): print_the_context>,
 'task_instance': <TaskInstance: my_dag_name.print_the_context scheduled__2022-08-02T00:00:00+00:00 [running]>,
 'task_instance_key_str': 'my_dag_name__print_the_context__20220802',
 'templates_dict': None,
 'test_mode': False,
 'ti': <TaskInstance: my_dag_name.print_the_context scheduled__2022-08-02T00:00:00+00:00 [running]>,
 'tomorrow_ds': <Proxy at 0x7763646c8880 with factory functools.partial(<function lazy_mapping_from_context.<locals>._deprecated_proxy_factory at 0x77636464da80>, 'tomorrow_ds', '2022-08-03')>,
 'tomorrow_ds_nodash': <Proxy at 0x7763646c88c0 with factory functools.partial(<function lazy_mapping_from_context.<locals>._deprecated_proxy_factory at 0x77636464da80>, 'tomorrow_ds_nodash', '20220803')>,
 'triggering_dataset_events': <Proxy at 0x776364660c80 with factory <function _get_template_context.<locals>.get_triggering_events at 0x77636464d580>>,
 'ts': '2022-08-02T00:00:00+00:00',
 'ts_nodash': '20220802T000000',
 'ts_nodash_with_tz': '20220802T000000+0000',
 'var': {'json': None, 'value': None},
 'yesterday_ds': <Proxy at 0x7763646c8900 with factory functools.partial(<function lazy_mapping_from_context.<locals>._deprecated_proxy_factory at 0x77636464da80>, 'yesterday_ds', '2022-08-01')>,
 'yesterday_ds_nodash': <Proxy at 0x7763646c8940 with factory functools.partial(<function lazy_mapping_from_context.<locals>._deprecated_proxy_factory at 0x77636464da80>, 'yesterday_ds_nodash', '20220801')>}
[2025-04-02T08:00:00.343+0000] {logging_mixin.py:190} INFO - 2022-08-02
[2025-04-02T08:00:00.344+0000] {python.py:240} INFO - Done. Returned value was: Whatever you return gets printed in the logs
[2025-04-02T08:00:00.414+0000] {taskinstance.py:341} INFO - ::group::Post task execution logs
[2025-04-02T08:00:00.418+0000] {taskinstance.py:353} INFO - Marking task as SUCCESS. dag_id=my_dag_name, task_id=print_the_context, run_id=scheduled__2022-08-02T00:00:00+00:00, execution_date=20220802T000000, start_date=20250402T075958, end_date=20250402T080000
[2025-04-02T08:00:00.642+0000] {logging_mixin.py:190} INFO - Task instance in success state
[2025-04-02T08:00:00.646+0000] {logging_mixin.py:190} INFO -  Previous state of the Task instance: running
[2025-04-02T08:00:00.650+0000] {logging_mixin.py:190} INFO - Dag name:my_dag_name queued_at:2025-04-02 07:59:30.262376+00:00
[2025-04-02T08:00:00.654+0000] {logging_mixin.py:190} INFO - Task hostname:900d630d7d5f operator:_PythonDecoratedOperator
[2025-04-02T08:00:00.722+0000] {local_task_job_runner.py:266} INFO - Task exited with return code 0
[2025-04-02T08:00:00.960+0000] {taskinstance.py:3901} INFO - 1 downstream tasks scheduled from follow-on schedule check
[2025-04-02T08:00:00.975+0000] {local_task_job_runner.py:245} INFO - ::endgroup::
