[2025-04-01T14:34:27.285+0000] {local_task_job_runner.py:123} INFO - ::group::Pre task execution logs
[2025-04-01T14:34:27.578+0000] {taskinstance.py:2614} INFO - Dependencies all met for dep_context=non-requeueable deps ti=<TaskInstance: my_dag_name.print_the_context scheduled__2021-05-17T00:00:00+00:00 [queued]>
[2025-04-01T14:34:27.657+0000] {taskinstance.py:2614} INFO - Dependencies all met for dep_context=requeueable deps ti=<TaskInstance: my_dag_name.print_the_context scheduled__2021-05-17T00:00:00+00:00 [queued]>
[2025-04-01T14:34:27.658+0000] {taskinstance.py:2867} INFO - Starting attempt 1 of 1
[2025-04-01T14:34:27.723+0000] {taskinstance.py:2890} INFO - Executing <Task(_PythonDecoratedOperator): print_the_context> on 2021-05-17 00:00:00+00:00
[2025-04-01T14:34:27.769+0000] {warnings.py:112} WARNING - /home/***/.local/lib/python3.12/site-packages/***/task/task_runner/standard_task_runner.py:70: DeprecationWarning: This process (pid=1260) is multi-threaded, use of fork() may lead to deadlocks in the child.
  pid = os.fork()

[2025-04-01T14:34:27.779+0000] {standard_task_runner.py:72} INFO - Started process 1314 to run task
[2025-04-01T14:34:27.793+0000] {standard_task_runner.py:104} INFO - Running: ['***', 'tasks', 'run', 'my_dag_name', 'print_the_context', 'scheduled__2021-05-17T00:00:00+00:00', '--job-id', '274', '--raw', '--subdir', 'DAGS_FOLDER/con.py', '--cfg-path', '/tmp/tmpki6vvppb']
[2025-04-01T14:34:27.795+0000] {standard_task_runner.py:105} INFO - Job 274: Subtask print_the_context
[2025-04-01T14:34:28.316+0000] {task_command.py:467} INFO - Running <TaskInstance: my_dag_name.print_the_context scheduled__2021-05-17T00:00:00+00:00 [running]> on host 900d630d7d5f
[2025-04-01T14:34:29.158+0000] {taskinstance.py:3134} INFO - Exporting env vars: AIRFLOW_CTX_DAG_OWNER='***' AIRFLOW_CTX_DAG_ID='my_dag_name' AIRFLOW_CTX_TASK_ID='print_the_context' AIRFLOW_CTX_EXECUTION_DATE='2021-05-17T00:00:00+00:00' AIRFLOW_CTX_TRY_NUMBER='1' AIRFLOW_CTX_DAG_RUN_ID='scheduled__2021-05-17T00:00:00+00:00'
[2025-04-01T14:34:29.170+0000] {logging_mixin.py:190} INFO - Task instance is in running state
[2025-04-01T14:34:29.171+0000] {logging_mixin.py:190} INFO -  Previous state of the Task instance: queued
[2025-04-01T14:34:29.174+0000] {logging_mixin.py:190} INFO - Current task name:print_the_context state:running start_date:2025-04-01 14:34:27.578826+00:00
[2025-04-01T14:34:29.191+0000] {logging_mixin.py:190} INFO - Dag name:my_dag_name and current dag run status:running
[2025-04-01T14:34:29.191+0000] {taskinstance.py:732} INFO - ::endgroup::
[2025-04-01T14:34:29.437+0000] {logging_mixin.py:190} INFO - {'conf': <Proxy at 0x776364844200 with factory functools.partial(<function lazy_mapping_from_context.<locals>._deprecated_proxy_factory at 0x77636464d8a0>, 'conf', <***.configuration.AirflowConfigParser object at 0x7763844f8cb0>)>,
 'conn': None,
 'dag': <DAG: my_dag_name>,
 'dag_run': <DagRun my_dag_name @ 2021-05-17 00:00:00+00:00: scheduled__2021-05-17T00:00:00+00:00, state:running, queued_at: 2025-04-01 14:33:54.726580+00:00. externally triggered: False>,
 'data_interval_end': DateTime(2021, 5, 18, 0, 0, 0, tzinfo=Timezone('UTC')),
 'data_interval_start': DateTime(2021, 5, 17, 0, 0, 0, tzinfo=Timezone('UTC')),
 'ds_nodash': '20210517',
 'execution_date': <Proxy at 0x7763648ab1c0 with factory functools.partial(<function lazy_mapping_from_context.<locals>._deprecated_proxy_factory at 0x77636464d8a0>, 'execution_date', DateTime(2021, 5, 17, 0, 0, 0, tzinfo=Timezone('UTC')))>,
 'expanded_ti_count': None,
 'inlet_events': InletEventsAccessors(_inlets=[], _datasets={}, _dataset_aliases={}, _session=<sqlalchemy.orm.session.Session object at 0x776383db4f50>),
 'inlets': [],
 'logical_date': DateTime(2021, 5, 17, 0, 0, 0, tzinfo=Timezone('UTC')),
 'macros': <module '***.macros' from '/home/***/.local/lib/python3.12/site-packages/***/macros/__init__.py'>,
 'map_index_template': None,
 'next_ds': <Proxy at 0x776364623f80 with factory functools.partial(<function lazy_mapping_from_context.<locals>._deprecated_proxy_factory at 0x77636464d8a0>, 'next_ds', '2021-05-18')>,
 'next_ds_nodash': <Proxy at 0x7763647cad80 with factory functools.partial(<function lazy_mapping_from_context.<locals>._deprecated_proxy_factory at 0x77636464d8a0>, 'next_ds_nodash', '20210518')>,
 'next_execution_date': <Proxy at 0x7763646c4500 with factory functools.partial(<function lazy_mapping_from_context.<locals>._deprecated_proxy_factory at 0x77636464d8a0>, 'next_execution_date', DateTime(2021, 5, 18, 0, 0, 0, tzinfo=Timezone('UTC')))>,
 'outlet_events': <***.utils.context.OutletEventAccessors object at 0x776364cd5a30>,
 'outlets': [],
 'params': {},
 'prev_data_interval_end_success': DateTime(2021, 5, 8, 0, 0, 0, tzinfo=Timezone('UTC')),
 'prev_data_interval_start_success': DateTime(2021, 5, 7, 0, 0, 0, tzinfo=Timezone('UTC')),
 'prev_ds': <Proxy at 0x7763646c4440 with factory functools.partial(<function lazy_mapping_from_context.<locals>._deprecated_proxy_factory at 0x77636464d8a0>, 'prev_ds', '2021-05-16')>,
 'prev_ds_nodash': <Proxy at 0x7763646c4380 with factory functools.partial(<function lazy_mapping_from_context.<locals>._deprecated_proxy_factory at 0x77636464d8a0>, 'prev_ds_nodash', '20210516')>,
 'prev_end_date_success': DateTime(2025, 4, 1, 14, 33, 49, 371285, tzinfo=Timezone('UTC')),
 'prev_execution_date': <Proxy at 0x7763646c4340 with factory functools.partial(<function lazy_mapping_from_context.<locals>._deprecated_proxy_factory at 0x77636464d8a0>, 'prev_execution_date', DateTime(2021, 5, 16, 0, 0, 0, tzinfo=Timezone('UTC')))>,
 'prev_execution_date_success': <Proxy at 0x7763646c42c0 with factory functools.partial(<function lazy_mapping_from_context.<locals>._deprecated_proxy_factory at 0x77636464d8a0>, 'prev_execution_date_success', DateTime(2021, 5, 7, 0, 0, 0, tzinfo=Timezone('UTC')))>,
 'prev_start_date_success': DateTime(2025, 4, 1, 14, 32, 31, 50948, tzinfo=Timezone('UTC')),
 'run_id': 'scheduled__2021-05-17T00:00:00+00:00',
 'task': <Task(_PythonDecoratedOperator): print_the_context>,
 'task_instance': <TaskInstance: my_dag_name.print_the_context scheduled__2021-05-17T00:00:00+00:00 [running]>,
 'task_instance_key_str': 'my_dag_name__print_the_context__20210517',
 'templates_dict': None,
 'test_mode': False,
 'ti': <TaskInstance: my_dag_name.print_the_context scheduled__2021-05-17T00:00:00+00:00 [running]>,
 'tomorrow_ds': <Proxy at 0x776364eb5040 with factory functools.partial(<function lazy_mapping_from_context.<locals>._deprecated_proxy_factory at 0x77636464d8a0>, 'tomorrow_ds', '2021-05-18')>,
 'tomorrow_ds_nodash': <Proxy at 0x776364eb4080 with factory functools.partial(<function lazy_mapping_from_context.<locals>._deprecated_proxy_factory at 0x77636464d8a0>, 'tomorrow_ds_nodash', '20210518')>,
 'triggering_dataset_events': <Proxy at 0x776364667e40 with factory <function _get_template_context.<locals>.get_triggering_events at 0x77636464d3a0>>,
 'ts': '2021-05-17T00:00:00+00:00',
 'ts_nodash': '20210517T000000',
 'ts_nodash_with_tz': '20210517T000000+0000',
 'var': {'json': None, 'value': None},
 'yesterday_ds': <Proxy at 0x7763646d0040 with factory functools.partial(<function lazy_mapping_from_context.<locals>._deprecated_proxy_factory at 0x77636464d8a0>, 'yesterday_ds', '2021-05-16')>,
 'yesterday_ds_nodash': <Proxy at 0x7763646d0080 with factory functools.partial(<function lazy_mapping_from_context.<locals>._deprecated_proxy_factory at 0x77636464d8a0>, 'yesterday_ds_nodash', '20210516')>}
[2025-04-01T14:34:29.438+0000] {logging_mixin.py:190} INFO - 2021-05-17
[2025-04-01T14:34:29.439+0000] {python.py:240} INFO - Done. Returned value was: Whatever you return gets printed in the logs
[2025-04-01T14:34:29.753+0000] {taskinstance.py:341} INFO - ::group::Post task execution logs
[2025-04-01T14:34:29.762+0000] {taskinstance.py:353} INFO - Marking task as SUCCESS. dag_id=my_dag_name, task_id=print_the_context, run_id=scheduled__2021-05-17T00:00:00+00:00, execution_date=20210517T000000, start_date=20250401T143427, end_date=20250401T143429
[2025-04-01T14:34:30.226+0000] {logging_mixin.py:190} INFO - Task instance in success state
[2025-04-01T14:34:30.227+0000] {logging_mixin.py:190} INFO -  Previous state of the Task instance: running
[2025-04-01T14:34:30.227+0000] {logging_mixin.py:190} INFO - Dag name:my_dag_name queued_at:2025-04-01 14:33:54.726580+00:00
[2025-04-01T14:34:30.228+0000] {logging_mixin.py:190} INFO - Task hostname:900d630d7d5f operator:_PythonDecoratedOperator
[2025-04-01T14:34:30.424+0000] {local_task_job_runner.py:266} INFO - Task exited with return code 0
[2025-04-01T14:34:30.479+0000] {local_task_job_runner.py:245} INFO - ::endgroup::
