[2025-04-01T15:00:56.818+0000] {local_task_job_runner.py:123} INFO - ::group::Pre task execution logs
[2025-04-01T15:00:57.126+0000] {taskinstance.py:2614} INFO - Dependencies all met for dep_context=non-requeueable deps ti=<TaskInstance: my_dag_name.print_the_context scheduled__2022-04-28T00:00:00+00:00 [queued]>
[2025-04-01T15:00:57.283+0000] {taskinstance.py:2614} INFO - Dependencies all met for dep_context=requeueable deps ti=<TaskInstance: my_dag_name.print_the_context scheduled__2022-04-28T00:00:00+00:00 [queued]>
[2025-04-01T15:00:57.284+0000] {taskinstance.py:2867} INFO - Starting attempt 1 of 1
[2025-04-01T15:00:57.531+0000] {taskinstance.py:2890} INFO - Executing <Task(_PythonDecoratedOperator): print_the_context> on 2022-04-28 00:00:00+00:00
[2025-04-01T15:00:57.712+0000] {warnings.py:112} WARNING - /home/***/.local/lib/python3.12/site-packages/***/task/task_runner/standard_task_runner.py:70: DeprecationWarning: This process (pid=4307) is multi-threaded, use of fork() may lead to deadlocks in the child.
  pid = os.fork()

[2025-04-01T15:00:57.744+0000] {standard_task_runner.py:72} INFO - Started process 4347 to run task
[2025-04-01T15:00:57.737+0000] {standard_task_runner.py:104} INFO - Running: ['***', 'tasks', 'run', 'my_dag_name', 'print_the_context', 'scheduled__2022-04-28T00:00:00+00:00', '--job-id', '967', '--raw', '--subdir', 'DAGS_FOLDER/con.py', '--cfg-path', '/tmp/tmp5jdymuw8']
[2025-04-01T15:00:57.765+0000] {standard_task_runner.py:105} INFO - Job 967: Subtask print_the_context
[2025-04-01T15:00:58.101+0000] {task_command.py:467} INFO - Running <TaskInstance: my_dag_name.print_the_context scheduled__2022-04-28T00:00:00+00:00 [running]> on host 900d630d7d5f
[2025-04-01T15:00:58.883+0000] {taskinstance.py:3134} INFO - Exporting env vars: AIRFLOW_CTX_DAG_OWNER='***' AIRFLOW_CTX_DAG_ID='my_dag_name' AIRFLOW_CTX_TASK_ID='print_the_context' AIRFLOW_CTX_EXECUTION_DATE='2022-04-28T00:00:00+00:00' AIRFLOW_CTX_TRY_NUMBER='1' AIRFLOW_CTX_DAG_RUN_ID='scheduled__2022-04-28T00:00:00+00:00'
[2025-04-01T15:00:58.900+0000] {logging_mixin.py:190} INFO - Task instance is in running state
[2025-04-01T15:00:58.946+0000] {logging_mixin.py:190} INFO -  Previous state of the Task instance: queued
[2025-04-01T15:00:58.947+0000] {logging_mixin.py:190} INFO - Current task name:print_the_context state:running start_date:2025-04-01 15:00:57.130951+00:00
[2025-04-01T15:00:58.947+0000] {logging_mixin.py:190} INFO - Dag name:my_dag_name and current dag run status:running
[2025-04-01T15:00:58.948+0000] {taskinstance.py:732} INFO - ::endgroup::
[2025-04-01T15:00:59.013+0000] {logging_mixin.py:190} INFO - {'conf': <Proxy at 0x77636465ee80 with factory functools.partial(<function lazy_mapping_from_context.<locals>._deprecated_proxy_factory at 0x77636464db20>, 'conf', <***.configuration.AirflowConfigParser object at 0x7763844f8cb0>)>,
 'conn': None,
 'dag': <DAG: my_dag_name>,
 'dag_run': <DagRun my_dag_name @ 2022-04-28 00:00:00+00:00: scheduled__2022-04-28T00:00:00+00:00, state:running, queued_at: 2025-04-01 15:00:24.007773+00:00. externally triggered: False>,
 'data_interval_end': DateTime(2022, 4, 29, 0, 0, 0, tzinfo=Timezone('UTC')),
 'data_interval_start': DateTime(2022, 4, 28, 0, 0, 0, tzinfo=Timezone('UTC')),
 'ds_nodash': '20220428',
 'execution_date': <Proxy at 0x7763646c4140 with factory functools.partial(<function lazy_mapping_from_context.<locals>._deprecated_proxy_factory at 0x77636464db20>, 'execution_date', DateTime(2022, 4, 28, 0, 0, 0, tzinfo=Timezone('UTC')))>,
 'expanded_ti_count': None,
 'inlet_events': InletEventsAccessors(_inlets=[], _datasets={}, _dataset_aliases={}, _session=<sqlalchemy.orm.session.Session object at 0x776383db4710>),
 'inlets': [],
 'logical_date': DateTime(2022, 4, 28, 0, 0, 0, tzinfo=Timezone('UTC')),
 'macros': <module '***.macros' from '/home/***/.local/lib/python3.12/site-packages/***/macros/__init__.py'>,
 'map_index_template': None,
 'next_ds': <Proxy at 0x7763646c4080 with factory functools.partial(<function lazy_mapping_from_context.<locals>._deprecated_proxy_factory at 0x77636464db20>, 'next_ds', '2022-04-29')>,
 'next_ds_nodash': <Proxy at 0x7763646c4100 with factory functools.partial(<function lazy_mapping_from_context.<locals>._deprecated_proxy_factory at 0x77636464db20>, 'next_ds_nodash', '20220429')>,
 'next_execution_date': <Proxy at 0x7763646bbd00 with factory functools.partial(<function lazy_mapping_from_context.<locals>._deprecated_proxy_factory at 0x77636464db20>, 'next_execution_date', DateTime(2022, 4, 29, 0, 0, 0, tzinfo=Timezone('UTC')))>,
 'outlet_events': <***.utils.context.OutletEventAccessors object at 0x776364641b20>,
 'outlets': [],
 'params': {},
 'prev_data_interval_end_success': DateTime(2022, 4, 25, 0, 0, 0, tzinfo=Timezone('UTC')),
 'prev_data_interval_start_success': DateTime(2022, 4, 24, 0, 0, 0, tzinfo=Timezone('UTC')),
 'prev_ds': <Proxy at 0x7763646bb580 with factory functools.partial(<function lazy_mapping_from_context.<locals>._deprecated_proxy_factory at 0x77636464db20>, 'prev_ds', '2022-04-27')>,
 'prev_ds_nodash': <Proxy at 0x7763646bba00 with factory functools.partial(<function lazy_mapping_from_context.<locals>._deprecated_proxy_factory at 0x77636464db20>, 'prev_ds_nodash', '20220427')>,
 'prev_end_date_success': DateTime(2025, 4, 1, 15, 0, 58, 58386, tzinfo=Timezone('UTC')),
 'prev_execution_date': <Proxy at 0x7763646bbdc0 with factory functools.partial(<function lazy_mapping_from_context.<locals>._deprecated_proxy_factory at 0x77636464db20>, 'prev_execution_date', DateTime(2022, 4, 27, 0, 0, 0, tzinfo=Timezone('UTC')))>,
 'prev_execution_date_success': <Proxy at 0x7763646bbe80 with factory functools.partial(<function lazy_mapping_from_context.<locals>._deprecated_proxy_factory at 0x77636464db20>, 'prev_execution_date_success', DateTime(2022, 4, 24, 0, 0, 0, tzinfo=Timezone('UTC')))>,
 'prev_start_date_success': DateTime(2025, 4, 1, 15, 0, 0, 567713, tzinfo=Timezone('UTC')),
 'run_id': 'scheduled__2022-04-28T00:00:00+00:00',
 'task': <Task(_PythonDecoratedOperator): print_the_context>,
 'task_instance': <TaskInstance: my_dag_name.print_the_context scheduled__2022-04-28T00:00:00+00:00 [running]>,
 'task_instance_key_str': 'my_dag_name__print_the_context__20220428',
 'templates_dict': None,
 'test_mode': False,
 'ti': <TaskInstance: my_dag_name.print_the_context scheduled__2022-04-28T00:00:00+00:00 [running]>,
 'tomorrow_ds': <Proxy at 0x7763646bbec0 with factory functools.partial(<function lazy_mapping_from_context.<locals>._deprecated_proxy_factory at 0x77636464db20>, 'tomorrow_ds', '2022-04-29')>,
 'tomorrow_ds_nodash': <Proxy at 0x7763646bbfc0 with factory functools.partial(<function lazy_mapping_from_context.<locals>._deprecated_proxy_factory at 0x77636464db20>, 'tomorrow_ds_nodash', '20220429')>,
 'triggering_dataset_events': <Proxy at 0x77636465dd80 with factory <function _get_template_context.<locals>.get_triggering_events at 0x77636464d620>>,
 'ts': '2022-04-28T00:00:00+00:00',
 'ts_nodash': '20220428T000000',
 'ts_nodash_with_tz': '20220428T000000+0000',
 'var': {'json': None, 'value': None},
 'yesterday_ds': <Proxy at 0x7763646bbf80 with factory functools.partial(<function lazy_mapping_from_context.<locals>._deprecated_proxy_factory at 0x77636464db20>, 'yesterday_ds', '2022-04-27')>,
 'yesterday_ds_nodash': <Proxy at 0x7763646bbf40 with factory functools.partial(<function lazy_mapping_from_context.<locals>._deprecated_proxy_factory at 0x77636464db20>, 'yesterday_ds_nodash', '20220427')>}
[2025-04-01T15:00:59.020+0000] {logging_mixin.py:190} INFO - 2022-04-28
[2025-04-01T15:00:59.020+0000] {python.py:240} INFO - Done. Returned value was: Whatever you return gets printed in the logs
[2025-04-01T15:00:59.156+0000] {taskinstance.py:341} INFO - ::group::Post task execution logs
[2025-04-01T15:00:59.157+0000] {taskinstance.py:353} INFO - Marking task as SUCCESS. dag_id=my_dag_name, task_id=print_the_context, run_id=scheduled__2022-04-28T00:00:00+00:00, execution_date=20220428T000000, start_date=20250401T150057, end_date=20250401T150059
[2025-04-01T15:00:59.354+0000] {logging_mixin.py:190} INFO - Task instance in success state
[2025-04-01T15:00:59.354+0000] {logging_mixin.py:190} INFO -  Previous state of the Task instance: running
[2025-04-01T15:00:59.355+0000] {logging_mixin.py:190} INFO - Dag name:my_dag_name queued_at:2025-04-01 15:00:24.007773+00:00
[2025-04-01T15:00:59.355+0000] {logging_mixin.py:190} INFO - Task hostname:900d630d7d5f operator:_PythonDecoratedOperator
[2025-04-01T15:00:59.463+0000] {local_task_job_runner.py:266} INFO - Task exited with return code 0
[2025-04-01T15:00:59.577+0000] {taskinstance.py:3901} INFO - 1 downstream tasks scheduled from follow-on schedule check
[2025-04-01T15:00:59.589+0000] {local_task_job_runner.py:245} INFO - ::endgroup::
