[2025-04-03T09:21:38.990+0000] {local_task_job_runner.py:123} INFO - ::group::Pre task execution logs
[2025-04-03T09:21:39.035+0000] {taskinstance.py:2614} INFO - Dependencies all met for dep_context=non-requeueable deps ti=<TaskInstance: my_dag_name.call_external_function manual__2025-04-03T09:21:29.742087+00:00 [queued]>
[2025-04-03T09:21:39.053+0000] {taskinstance.py:2614} INFO - Dependencies all met for dep_context=requeueable deps ti=<TaskInstance: my_dag_name.call_external_function manual__2025-04-03T09:21:29.742087+00:00 [queued]>
[2025-04-03T09:21:39.053+0000] {taskinstance.py:2867} INFO - Starting attempt 1 of 1
[2025-04-03T09:21:39.073+0000] {taskinstance.py:2890} INFO - Executing <Task(PythonOperator): call_external_function> on 2025-04-03 09:21:29.742087+00:00
[2025-04-03T09:21:39.087+0000] {warnings.py:112} WARNING - /home/***/.local/lib/python3.12/site-packages/***/task/task_runner/standard_task_runner.py:70: DeprecationWarning: This process (pid=541) is multi-threaded, use of fork() may lead to deadlocks in the child.
  pid = os.fork()

[2025-04-03T09:21:39.091+0000] {standard_task_runner.py:72} INFO - Started process 543 to run task
[2025-04-03T09:21:39.093+0000] {standard_task_runner.py:104} INFO - Running: ['***', 'tasks', 'run', 'my_dag_name', 'call_external_function', 'manual__2025-04-03T09:21:29.742087+00:00', '--job-id', '29', '--raw', '--subdir', 'DAGS_FOLDER/intermediaire_table.py', '--cfg-path', '/tmp/tmp_jefxh57']
[2025-04-03T09:21:39.095+0000] {standard_task_runner.py:105} INFO - Job 29: Subtask call_external_function
[2025-04-03T09:21:39.170+0000] {task_command.py:467} INFO - Running <TaskInstance: my_dag_name.call_external_function manual__2025-04-03T09:21:29.742087+00:00 [running]> on host d6badcb20287
[2025-04-03T09:21:39.318+0000] {taskinstance.py:3134} INFO - Exporting env vars: AIRFLOW_CTX_DAG_OWNER='***' AIRFLOW_CTX_DAG_ID='my_dag_name' AIRFLOW_CTX_TASK_ID='call_external_function' AIRFLOW_CTX_EXECUTION_DATE='2025-04-03T09:21:29.742087+00:00' AIRFLOW_CTX_TRY_NUMBER='1' AIRFLOW_CTX_DAG_RUN_ID='manual__2025-04-03T09:21:29.742087+00:00'
[2025-04-03T09:21:39.321+0000] {logging_mixin.py:190} INFO - Task instance is in running state
[2025-04-03T09:21:39.322+0000] {logging_mixin.py:190} INFO -  Previous state of the Task instance: queued
[2025-04-03T09:21:39.322+0000] {logging_mixin.py:190} INFO - Current task name:call_external_function state:running start_date:2025-04-03 09:21:39.036263+00:00
[2025-04-03T09:21:39.322+0000] {logging_mixin.py:190} INFO - Dag name:my_dag_name and current dag run status:running
[2025-04-03T09:21:39.323+0000] {taskinstance.py:732} INFO - ::endgroup::
[2025-04-03T09:21:39.789+0000] {logging_mixin.py:190} INFO - URl
[2025-04-03T09:21:39.789+0000] {logging_mixin.py:190} INFO - https://www.jpost.com/israel-news/defense-news/article-848592
[2025-04-03T09:21:40.128+0000] {log.py:232} WARNING - 2025-04-03 09:21:40.127 | INFO     | scripts.scrapping_news:extract_newspaper_attempt:21 - Article parsed. ✅
[2025-04-03T09:21:40.130+0000] {logging_mixin.py:190} INFO - URl
[2025-04-03T09:21:40.130+0000] {logging_mixin.py:190} INFO - https://efe.com/en/latest-news/2025-04-02/milei-assures-that-falkland-islanders-will-prefer-being-argentine/
[2025-04-03T09:21:40.276+0000] {log.py:232} WARNING - 2025-04-03 09:21:40.276 | INFO     | scripts.scrapping_news:extract_newspaper_attempt:21 - Article parsed. ✅
[2025-04-03T09:21:40.278+0000] {logging_mixin.py:190} INFO - URl
[2025-04-03T09:21:40.278+0000] {logging_mixin.py:190} INFO - https://www.rnz.co.nz/international/pacific-news/557082/fiji-have-been-slapped-with-the-highest-us-tariffs-in-the-pacific
[2025-04-03T09:21:40.645+0000] {log.py:232} WARNING - 2025-04-03 09:21:40.645 | INFO     | scripts.scrapping_news:extract_newspaper_attempt:21 - Article parsed. ✅
[2025-04-03T09:21:40.646+0000] {logging_mixin.py:190} INFO - URl
[2025-04-03T09:21:40.647+0000] {logging_mixin.py:190} INFO - https://www.abc.net.au/news/2025-04-03/hungary-withdraws-from-icc-as-netanyahu-visits/105135524
[2025-04-03T09:21:40.722+0000] {log.py:232} WARNING - 2025-04-03 09:21:40.722 | ERROR    | scripts.scrapping_news:extract_newspaper_attempt:24 - URL : https://www.abc.net.au/news/2025-04-03/hungary-withdraws-from-icc-as-netanyahu-visits/105135524
[2025-04-03T09:21:40.723+0000] {log.py:232} WARNING - 2025-04-03 09:21:40.723 | ERROR    | scripts.scrapping_news:extract_newspaper_attempt:25 - Cannot extract information with newspaper. ❌
[2025-04-03T09:21:40.724+0000] {logging_mixin.py:190} INFO - URl
[2025-04-03T09:21:40.724+0000] {logging_mixin.py:190} INFO - https://kyivindependent.com/ukraine-to-receive-432-million-from-world-bank-towards-transport-infrastructure-restoration/
[2025-04-03T09:21:41.030+0000] {log.py:232} WARNING - 2025-04-03 09:21:41.030 | INFO     | scripts.scrapping_news:extract_newspaper_attempt:21 - Article parsed. ✅
[2025-04-03T09:21:41.032+0000] {logging_mixin.py:190} INFO - URl
[2025-04-03T09:21:41.033+0000] {logging_mixin.py:190} INFO - https://m.economictimes.com/news/india/american-man-arrested-for-illegally-entering-andamans-north-sentinel-island-one-of-the-worlds-most-restricted-areas/articleshow/119930367.cms
[2025-04-03T09:21:41.511+0000] {log.py:232} WARNING - 2025-04-03 09:21:41.511 | INFO     | scripts.scrapping_news:extract_newspaper_attempt:21 - Article parsed. ✅
[2025-04-03T09:21:41.513+0000] {logging_mixin.py:190} INFO - URl
[2025-04-03T09:21:41.515+0000] {logging_mixin.py:190} INFO - https://militarnyi.com/en/news/us-concerned-about-europe-s-desire-to-buy-less-american-weapons/
[2025-04-03T09:21:42.204+0000] {log.py:232} WARNING - 2025-04-03 09:21:42.204 | INFO     | scripts.scrapping_news:extract_newspaper_attempt:21 - Article parsed. ✅
[2025-04-03T09:21:42.206+0000] {logging_mixin.py:190} INFO - URl
[2025-04-03T09:21:42.207+0000] {logging_mixin.py:190} INFO - https://n1info.rs/english/news/serbian-students-depart-for-strasbourg-by-bicycle-europe-has-been-asleep-for-too-long/
[2025-04-03T09:21:42.516+0000] {log.py:232} WARNING - 2025-04-03 09:21:42.516 | INFO     | scripts.scrapping_news:extract_newspaper_attempt:21 - Article parsed. ✅
[2025-04-03T09:21:42.518+0000] {logging_mixin.py:190} INFO - URl
[2025-04-03T09:21:42.519+0000] {logging_mixin.py:190} INFO - https://www.reuters.com/world/hungary-says-it-is-withdrawing-icc-israeli-leader-visits-2025-04-03/
[2025-04-03T09:21:42.629+0000] {log.py:232} WARNING - 2025-04-03 09:21:42.629 | ERROR    | scripts.scrapping_news:extract_newspaper_attempt:24 - URL : https://www.reuters.com/world/hungary-says-it-is-withdrawing-icc-israeli-leader-visits-2025-04-03/
[2025-04-03T09:21:42.630+0000] {log.py:232} WARNING - 2025-04-03 09:21:42.630 | ERROR    | scripts.scrapping_news:extract_newspaper_attempt:25 - Cannot extract information with newspaper. ❌
[2025-04-03T09:21:42.631+0000] {logging_mixin.py:190} INFO - URl
[2025-04-03T09:21:42.632+0000] {logging_mixin.py:190} INFO - https://www.t-online.de/nachrichten/panorama/wetter/id_100662156/tornados-hagel-und-ueberschwemmungen-stuerme-bedrohen-usa.html
[2025-04-03T09:21:43.481+0000] {log.py:232} WARNING - 2025-04-03 09:21:43.481 | INFO     | scripts.scrapping_news:extract_newspaper_attempt:21 - Article parsed. ✅
[2025-04-03T09:21:43.485+0000] {logging_mixin.py:190} INFO - URl
[2025-04-03T09:21:43.487+0000] {logging_mixin.py:190} INFO - https://www.cnn.com/2025/04/03/world/hungary-withdraws-icc-intl
[2025-04-03T09:21:44.069+0000] {log.py:232} WARNING - 2025-04-03 09:21:44.069 | INFO     | scripts.scrapping_news:extract_newspaper_attempt:21 - Article parsed. ✅
[2025-04-03T09:21:44.075+0000] {logging_mixin.py:190} INFO - URl
[2025-04-03T09:21:44.076+0000] {logging_mixin.py:190} INFO - https://apnews.com/article/hungary-criminal-court-withdrawal-israel-5263edb40318816508e6b998befc6ee5
[2025-04-03T09:21:44.879+0000] {log.py:232} WARNING - 2025-04-03 09:21:44.879 | INFO     | scripts.scrapping_news:extract_newspaper_attempt:21 - Article parsed. ✅
[2025-04-03T09:21:44.882+0000] {logging_mixin.py:190} INFO - URl
[2025-04-03T09:21:44.885+0000] {logging_mixin.py:190} INFO - https://www.bbc.com/news/articles/c807lm2003zo
[2025-04-03T09:21:45.158+0000] {log.py:232} WARNING - 2025-04-03 09:21:45.158 | INFO     | scripts.scrapping_news:extract_newspaper_attempt:21 - Article parsed. ✅
[2025-04-03T09:21:45.160+0000] {logging_mixin.py:190} INFO - URl
[2025-04-03T09:21:45.161+0000] {logging_mixin.py:190} INFO - https://global.espreso.tv/russia-ukraine-war-white-house-explains-why-new-tariffs-do-not-apply-to-russia-and-north-korea
[2025-04-03T09:21:45.415+0000] {log.py:232} WARNING - 2025-04-03 09:21:45.415 | INFO     | scripts.scrapping_news:extract_newspaper_attempt:21 - Article parsed. ✅
[2025-04-03T09:21:45.417+0000] {logging_mixin.py:190} INFO - URl
[2025-04-03T09:21:45.418+0000] {logging_mixin.py:190} INFO - https://global.espreso.tv/grain-deal-us-imposes-new-sanctions-on-individuals-tied-to-theft-of-ukrainian-grain-from-occupied-territories
[2025-04-03T09:21:46.096+0000] {log.py:232} WARNING - 2025-04-03 09:21:46.096 | INFO     | scripts.scrapping_news:extract_newspaper_attempt:21 - Article parsed. ✅
[2025-04-03T09:21:46.098+0000] {logging_mixin.py:190} INFO - URl
[2025-04-03T09:21:46.099+0000] {logging_mixin.py:190} INFO - https://www.usnews.com/news/world/articles/2025-04-03/eus-kallas-eu-countries-already-providing-over-50-ukraines-ammunition-needs
[2025-04-03T09:21:46.406+0000] {log.py:232} WARNING - 2025-04-03 09:21:46.406 | INFO     | scripts.scrapping_news:extract_newspaper_attempt:21 - Article parsed. ✅
[2025-04-03T09:21:46.408+0000] {logging_mixin.py:190} INFO - URl
[2025-04-03T09:21:46.409+0000] {logging_mixin.py:190} INFO - https://www.nbcnews.com/news/world/eu-preparing-countermeasures-us-tariffs-negotiations-fail-ec-president-rcna199427
[2025-04-03T09:21:46.798+0000] {log.py:232} WARNING - 2025-04-03 09:21:46.798 | INFO     | scripts.scrapping_news:extract_newspaper_attempt:21 - Article parsed. ✅
[2025-04-03T09:21:46.800+0000] {logging_mixin.py:190} INFO - URl
[2025-04-03T09:21:46.801+0000] {logging_mixin.py:190} INFO - https://global.espreso.tv/us-senate-introduces-bill-proposing-500-tariff-on-countries-buying-russian-oil
[2025-04-03T09:21:47.393+0000] {log.py:232} WARNING - 2025-04-03 09:21:47.393 | INFO     | scripts.scrapping_news:extract_newspaper_attempt:21 - Article parsed. ✅
[2025-04-03T09:21:47.395+0000] {logging_mixin.py:190} INFO - URl
[2025-04-03T09:21:47.396+0000] {logging_mixin.py:190} INFO - https://www.cnn.com/2025/04/03/business/europe-tariffs-us-von-der-leyen-intl-hnk/index.html
[2025-04-03T09:21:48.112+0000] {log.py:232} WARNING - 2025-04-03 09:21:48.112 | INFO     | scripts.scrapping_news:extract_newspaper_attempt:21 - Article parsed. ✅
[2025-04-03T09:21:48.119+0000] {logging_mixin.py:190} INFO - URl
[2025-04-03T09:21:48.120+0000] {logging_mixin.py:190} INFO - https://www.ndtv.com/india-news/us-man-arrested-for-entering-restricted-north-sentinel-island-in-andamans-cops-8071854
[2025-04-03T09:21:48.876+0000] {log.py:232} WARNING - 2025-04-03 09:21:48.876 | INFO     | scripts.scrapping_news:extract_newspaper_attempt:21 - Article parsed. ✅
[2025-04-03T09:21:48.879+0000] {logging_mixin.py:190} INFO - URl
[2025-04-03T09:21:48.881+0000] {logging_mixin.py:190} INFO - https://kyivindependent.com/russia-missing-from-trumps-sweeping-tariffs-list-as-its-already-sanctioned-white-house-confirms/
[2025-04-03T09:21:49.152+0000] {log.py:232} WARNING - 2025-04-03 09:21:49.151 | INFO     | scripts.scrapping_news:extract_newspaper_attempt:21 - Article parsed. ✅
[2025-04-03T09:21:49.155+0000] {logging_mixin.py:190} INFO - URl
[2025-04-03T09:21:49.156+0000] {logging_mixin.py:190} INFO - https://www.telegraph.co.uk/world-news/2025/04/03/putin-russia-muslim-immigration-war-ukraine-europe/
[2025-04-03T09:21:49.821+0000] {log.py:232} WARNING - 2025-04-03 09:21:49.821 | INFO     | scripts.scrapping_news:extract_newspaper_attempt:21 - Article parsed. ✅
[2025-04-03T09:21:49.825+0000] {logging_mixin.py:190} INFO - URl
[2025-04-03T09:21:49.827+0000] {logging_mixin.py:190} INFO - https://indianexpress.com/article/technology/science/amazon-targets-april-9-launch-of-first-kuiper-internet-satellites-9921445/
[2025-04-03T09:21:50.161+0000] {log.py:232} WARNING - 2025-04-03 09:21:50.161 | INFO     | scripts.scrapping_news:extract_newspaper_attempt:21 - Article parsed. ✅
[2025-04-03T09:21:50.163+0000] {logging_mixin.py:190} INFO - URl
[2025-04-03T09:21:50.164+0000] {logging_mixin.py:190} INFO - https://www.swissinfo.ch/eng/multinational-companies/president-karin-keller-sutter-reacts-to-customs-announcement/89106767?utm_source=multiple&amp;utm_medium=website&amp;utm_campaign=news_en&amp;utm_content=o&amp;utm_term=wpblock_highlighted-compact-news-carousel
[2025-04-03T09:21:50.485+0000] {log.py:232} WARNING - 2025-04-03 09:21:50.485 | INFO     | scripts.scrapping_news:extract_newspaper_attempt:21 - Article parsed. ✅
[2025-04-03T09:21:50.488+0000] {logging_mixin.py:190} INFO - URl
[2025-04-03T09:21:50.489+0000] {logging_mixin.py:190} INFO - https://24newshd.tv/03-Apr-2025/starlink-rival-eutelsat-rolls-out-wifi-on-air-canada-planes
[2025-04-03T09:21:50.919+0000] {log.py:232} WARNING - 2025-04-03 09:21:50.919 | INFO     | scripts.scrapping_news:extract_newspaper_attempt:21 - Article parsed. ✅
[2025-04-03T09:21:50.929+0000] {logging_mixin.py:190} INFO - ['1jqdoke', '1jqdjsw', '1jqdj5f', '1jqdido', '1jqdhq9', '1jqdg5s', '1jqdat4', '1jqdaa6', '1jqd7f3', '1jqd67f', '1jqd1wp', '1jqcyyp', '1jqcyan', '1jqcxr8', '1jqcqxt', '1jqc9ax', '1jqbxdb', '1jqbprr', '1jqbfnd', '1jqbfe9', '1jqbahu', '1jqb6td', '1jqb5c7', '1jqb543', '1jqb42b']
[2025-04-03T09:21:50.954+0000] {logging_mixin.py:190} INFO -     id_news  ... scrapping_status
0   1jqdoke  ...             True
1   1jqdjsw  ...             True
2   1jqdj5f  ...             True
3   1jqdido  ...            False
4   1jqdhq9  ...             True
5   1jqdg5s  ...             True
6   1jqdat4  ...             True
7   1jqdaa6  ...             True
8   1jqd7f3  ...            False
9   1jqd67f  ...             True
10  1jqd1wp  ...             True
11  1jqcyyp  ...             True
12  1jqcyan  ...             True
13  1jqcxr8  ...             True
14  1jqcqxt  ...             True
15  1jqc9ax  ...             True
16  1jqbxdb  ...             True
17  1jqbprr  ...             True
18  1jqbfnd  ...             True
19  1jqbfe9  ...             True
20  1jqbahu  ...             True
21  1jqb6td  ...             True
22  1jqb5c7  ...             True
23  1jqb543  ...             True
24  1jqb42b  ...             True

[25 rows x 8 columns]
[2025-04-03T09:21:50.955+0000] {python.py:240} INFO - Done. Returned value was: (    id_news  ... scrapping_status
0   1jqdoke  ...             True
1   1jqdjsw  ...             True
2   1jqdj5f  ...             True
3   1jqdido  ...            False
4   1jqdhq9  ...             True
5   1jqdg5s  ...             True
6   1jqdat4  ...             True
7   1jqdaa6  ...             True
8   1jqd7f3  ...            False
9   1jqd67f  ...             True
10  1jqd1wp  ...             True
11  1jqcyyp  ...             True
12  1jqcyan  ...             True
13  1jqcxr8  ...             True
14  1jqcqxt  ...             True
15  1jqc9ax  ...             True
16  1jqbxdb  ...             True
17  1jqbprr  ...             True
18  1jqbfnd  ...             True
19  1jqbfe9  ...             True
20  1jqbahu  ...             True
21  1jqb6td  ...             True
22  1jqb5c7  ...             True
23  1jqb543  ...             True
24  1jqb42b  ...             True

[25 rows x 8 columns], ['1jqdoke', '1jqdjsw', '1jqdj5f', '1jqdido', '1jqdhq9', '1jqdg5s', '1jqdat4', '1jqdaa6', '1jqd7f3', '1jqd67f', '1jqd1wp', '1jqcyyp', '1jqcyan', '1jqcxr8', '1jqcqxt', '1jqc9ax', '1jqbxdb', '1jqbprr', '1jqbfnd', '1jqbfe9', '1jqbahu', '1jqb6td', '1jqb5c7', '1jqb543', '1jqb42b'])
[2025-04-03T09:21:51.140+0000] {taskinstance.py:341} INFO - ::group::Post task execution logs
[2025-04-03T09:21:51.141+0000] {taskinstance.py:353} INFO - Marking task as SUCCESS. dag_id=my_dag_name, task_id=call_external_function, run_id=manual__2025-04-03T09:21:29.742087+00:00, execution_date=20250403T092129, start_date=20250403T092139, end_date=20250403T092151
[2025-04-03T09:21:51.198+0000] {logging_mixin.py:190} INFO - Task instance in success state
[2025-04-03T09:21:51.199+0000] {logging_mixin.py:190} INFO -  Previous state of the Task instance: running
[2025-04-03T09:21:51.199+0000] {logging_mixin.py:190} INFO - Dag name:my_dag_name queued_at:2025-04-03 09:21:29.755964+00:00
[2025-04-03T09:21:51.200+0000] {logging_mixin.py:190} INFO - Task hostname:d6badcb20287 operator:PythonOperator
[2025-04-03T09:21:51.241+0000] {local_task_job_runner.py:266} INFO - Task exited with return code 0
[2025-04-03T09:21:51.299+0000] {taskinstance.py:3901} INFO - 1 downstream tasks scheduled from follow-on schedule check
[2025-04-03T09:21:51.305+0000] {local_task_job_runner.py:245} INFO - ::endgroup::
