[2025-04-01T14:24:33.203+0000] {local_task_job_runner.py:123} INFO - ::group::Pre task execution logs
[2025-04-01T14:24:33.389+0000] {taskinstance.py:2614} INFO - Dependencies all met for dep_context=non-requeueable deps ti=<TaskInstance: my_dag_name.print_the_context scheduled__2021-01-02T00:00:00+00:00 [queued]>
[2025-04-01T14:24:33.518+0000] {taskinstance.py:2614} INFO - Dependencies all met for dep_context=requeueable deps ti=<TaskInstance: my_dag_name.print_the_context scheduled__2021-01-02T00:00:00+00:00 [queued]>
[2025-04-01T14:24:33.519+0000] {taskinstance.py:2867} INFO - Starting attempt 1 of 1
[2025-04-01T14:24:33.905+0000] {taskinstance.py:2890} INFO - Executing <Task(_PythonDecoratedOperator): print_the_context> on 2021-01-02 00:00:00+00:00
[2025-04-01T14:24:34.035+0000] {standard_task_runner.py:104} INFO - Running: ['***', 'tasks', 'run', 'my_dag_name', 'print_the_context', 'scheduled__2021-01-02T00:00:00+00:00', '--job-id', '30', '--raw', '--subdir', 'DAGS_FOLDER/con.py', '--cfg-path', '/tmp/tmpt_afm8mq']
[2025-04-01T14:24:34.071+0000] {standard_task_runner.py:105} INFO - Job 30: Subtask print_the_context
[2025-04-01T14:24:34.046+0000] {warnings.py:112} WARNING - /home/***/.local/lib/python3.12/site-packages/***/task/task_runner/standard_task_runner.py:70: DeprecationWarning: This process (pid=164) is multi-threaded, use of fork() may lead to deadlocks in the child.
  pid = os.fork()

[2025-04-01T14:24:34.074+0000] {standard_task_runner.py:72} INFO - Started process 220 to run task
[2025-04-01T14:24:34.715+0000] {task_command.py:467} INFO - Running <TaskInstance: my_dag_name.print_the_context scheduled__2021-01-02T00:00:00+00:00 [running]> on host 900d630d7d5f
[2025-04-01T14:24:35.552+0000] {taskinstance.py:3134} INFO - Exporting env vars: AIRFLOW_CTX_DAG_OWNER='***' AIRFLOW_CTX_DAG_ID='my_dag_name' AIRFLOW_CTX_TASK_ID='print_the_context' AIRFLOW_CTX_EXECUTION_DATE='2021-01-02T00:00:00+00:00' AIRFLOW_CTX_TRY_NUMBER='1' AIRFLOW_CTX_DAG_RUN_ID='scheduled__2021-01-02T00:00:00+00:00'
[2025-04-01T14:24:35.574+0000] {logging_mixin.py:190} INFO - Task instance is in running state
[2025-04-01T14:24:35.576+0000] {logging_mixin.py:190} INFO -  Previous state of the Task instance: queued
[2025-04-01T14:24:35.576+0000] {logging_mixin.py:190} INFO - Current task name:print_the_context state:running start_date:2025-04-01 14:24:33.389772+00:00
[2025-04-01T14:24:35.585+0000] {logging_mixin.py:190} INFO - Dag name:my_dag_name and current dag run status:running
[2025-04-01T14:24:35.585+0000] {taskinstance.py:732} INFO - ::endgroup::
[2025-04-01T14:24:35.679+0000] {logging_mixin.py:190} INFO - {'conf': <Proxy at 0x776364863ac0 with factory functools.partial(<function lazy_mapping_from_context.<locals>._deprecated_proxy_factory at 0x7763647fc040>, 'conf', <***.configuration.AirflowConfigParser object at 0x7763844f8cb0>)>,
 'conn': None,
 'dag': <DAG: my_dag_name>,
 'dag_run': <DagRun my_dag_name @ 2021-01-02 00:00:00+00:00: scheduled__2021-01-02T00:00:00+00:00, state:running, queued_at: 2025-04-01 14:23:44.162945+00:00. externally triggered: False>,
 'data_interval_end': DateTime(2021, 1, 3, 0, 0, 0, tzinfo=Timezone('UTC')),
 'data_interval_start': DateTime(2021, 1, 2, 0, 0, 0, tzinfo=Timezone('UTC')),
 'ds_nodash': '20210102',
 'execution_date': <Proxy at 0x77636442ff00 with factory functools.partial(<function lazy_mapping_from_context.<locals>._deprecated_proxy_factory at 0x7763647fc040>, 'execution_date', DateTime(2021, 1, 2, 0, 0, 0, tzinfo=Timezone('UTC')))>,
 'expanded_ti_count': None,
 'inlet_events': InletEventsAccessors(_inlets=[], _datasets={}, _dataset_aliases={}, _session=<sqlalchemy.orm.session.Session object at 0x776383db41d0>),
 'inlets': [],
 'logical_date': DateTime(2021, 1, 2, 0, 0, 0, tzinfo=Timezone('UTC')),
 'macros': <module '***.macros' from '/home/***/.local/lib/python3.12/site-packages/***/macros/__init__.py'>,
 'map_index_template': None,
 'next_ds': <Proxy at 0x776364508c00 with factory functools.partial(<function lazy_mapping_from_context.<locals>._deprecated_proxy_factory at 0x7763647fc040>, 'next_ds', '2021-01-03')>,
 'next_ds_nodash': <Proxy at 0x776364509380 with factory functools.partial(<function lazy_mapping_from_context.<locals>._deprecated_proxy_factory at 0x7763647fc040>, 'next_ds_nodash', '20210103')>,
 'next_execution_date': <Proxy at 0x7763648128c0 with factory functools.partial(<function lazy_mapping_from_context.<locals>._deprecated_proxy_factory at 0x7763647fc040>, 'next_execution_date', DateTime(2021, 1, 3, 0, 0, 0, tzinfo=Timezone('UTC')))>,
 'outlet_events': <***.utils.context.OutletEventAccessors object at 0x776364808dd0>,
 'outlets': [],
 'params': {},
 'prev_data_interval_end_success': None,
 'prev_data_interval_start_success': None,
 'prev_ds': <Proxy at 0x77636482f900 with factory functools.partial(<function lazy_mapping_from_context.<locals>._deprecated_proxy_factory at 0x7763647fc040>, 'prev_ds', '2021-01-01')>,
 'prev_ds_nodash': <Proxy at 0x7763647e5200 with factory functools.partial(<function lazy_mapping_from_context.<locals>._deprecated_proxy_factory at 0x7763647fc040>, 'prev_ds_nodash', '20210101')>,
 'prev_end_date_success': None,
 'prev_execution_date': <Proxy at 0x7763647e5300 with factory functools.partial(<function lazy_mapping_from_context.<locals>._deprecated_proxy_factory at 0x7763647fc040>, 'prev_execution_date', DateTime(2021, 1, 1, 0, 0, 0, tzinfo=Timezone('UTC')))>,
 'prev_execution_date_success': <Proxy at 0x776364501e40 with factory functools.partial(<function lazy_mapping_from_context.<locals>._deprecated_proxy_factory at 0x7763647fc040>, 'prev_execution_date_success', None)>,
 'prev_start_date_success': None,
 'run_id': 'scheduled__2021-01-02T00:00:00+00:00',
 'task': <Task(_PythonDecoratedOperator): print_the_context>,
 'task_instance': <TaskInstance: my_dag_name.print_the_context scheduled__2021-01-02T00:00:00+00:00 [running]>,
 'task_instance_key_str': 'my_dag_name__print_the_context__20210102',
 'templates_dict': None,
 'test_mode': False,
 'ti': <TaskInstance: my_dag_name.print_the_context scheduled__2021-01-02T00:00:00+00:00 [running]>,
 'tomorrow_ds': <Proxy at 0x77636479f100 with factory functools.partial(<function lazy_mapping_from_context.<locals>._deprecated_proxy_factory at 0x7763647fc040>, 'tomorrow_ds', '2021-01-03')>,
 'tomorrow_ds_nodash': <Proxy at 0x77636479f240 with factory functools.partial(<function lazy_mapping_from_context.<locals>._deprecated_proxy_factory at 0x7763647fc040>, 'tomorrow_ds_nodash', '20210103')>,
 'triggering_dataset_events': <Proxy at 0x7763647fa580 with factory <function _get_template_context.<locals>.get_triggering_events at 0x7763647fc2c0>>,
 'ts': '2021-01-02T00:00:00+00:00',
 'ts_nodash': '20210102T000000',
 'ts_nodash_with_tz': '20210102T000000+0000',
 'var': {'json': None, 'value': None},
 'yesterday_ds': <Proxy at 0x77636479f440 with factory functools.partial(<function lazy_mapping_from_context.<locals>._deprecated_proxy_factory at 0x7763647fc040>, 'yesterday_ds', '2021-01-01')>,
 'yesterday_ds_nodash': <Proxy at 0x77636479f4c0 with factory functools.partial(<function lazy_mapping_from_context.<locals>._deprecated_proxy_factory at 0x7763647fc040>, 'yesterday_ds_nodash', '20210101')>}
[2025-04-01T14:24:35.683+0000] {logging_mixin.py:190} INFO - 2021-01-02
[2025-04-01T14:24:35.685+0000] {python.py:240} INFO - Done. Returned value was: Whatever you return gets printed in the logs
[2025-04-01T14:24:35.818+0000] {taskinstance.py:341} INFO - ::group::Post task execution logs
[2025-04-01T14:24:35.818+0000] {taskinstance.py:353} INFO - Marking task as SUCCESS. dag_id=my_dag_name, task_id=print_the_context, run_id=scheduled__2021-01-02T00:00:00+00:00, execution_date=20210102T000000, start_date=20250401T142433, end_date=20250401T142435
[2025-04-01T14:24:36.076+0000] {logging_mixin.py:190} INFO - Task instance in success state
[2025-04-01T14:24:36.077+0000] {logging_mixin.py:190} INFO -  Previous state of the Task instance: running
[2025-04-01T14:24:36.077+0000] {logging_mixin.py:190} INFO - Dag name:my_dag_name queued_at:2025-04-01 14:23:44.162945+00:00
[2025-04-01T14:24:36.078+0000] {logging_mixin.py:190} INFO - Task hostname:900d630d7d5f operator:_PythonDecoratedOperator
[2025-04-01T14:24:36.189+0000] {local_task_job_runner.py:266} INFO - Task exited with return code 0
[2025-04-01T14:24:36.311+0000] {dagrun.py:977} ERROR - Failed to get task for ti <TaskInstance: my_dag_name.create_table scheduled__2021-01-02T00:00:00+00:00 [None]>. Marking it as removed.
[2025-04-01T14:24:36.343+0000] {taskinstance.py:3901} INFO - 0 downstream tasks scheduled from follow-on schedule check
[2025-04-01T14:24:36.350+0000] {local_task_job_runner.py:245} INFO - ::endgroup::
