[2025-04-03T10:58:51.666+0000] {local_task_job_runner.py:123} INFO - ::group::Pre task execution logs
[2025-04-03T10:58:51.709+0000] {taskinstance.py:2614} INFO - Dependencies all met for dep_context=non-requeueable deps ti=<TaskInstance: my_dag_name.call_external_function manual__2025-04-03T10:58:37.934377+00:00 [queued]>
[2025-04-03T10:58:51.726+0000] {taskinstance.py:2614} INFO - Dependencies all met for dep_context=requeueable deps ti=<TaskInstance: my_dag_name.call_external_function manual__2025-04-03T10:58:37.934377+00:00 [queued]>
[2025-04-03T10:58:51.727+0000] {taskinstance.py:2867} INFO - Starting attempt 1 of 1
[2025-04-03T10:58:51.747+0000] {taskinstance.py:2890} INFO - Executing <Task(PythonOperator): call_external_function> on 2025-04-03 10:58:37.934377+00:00
[2025-04-03T10:58:51.762+0000] {warnings.py:112} WARNING - /home/***/.local/lib/python3.12/site-packages/***/task/task_runner/standard_task_runner.py:70: DeprecationWarning: This process (pid=2074) is multi-threaded, use of fork() may lead to deadlocks in the child.
  pid = os.fork()

[2025-04-03T10:58:51.765+0000] {standard_task_runner.py:72} INFO - Started process 2076 to run task
[2025-04-03T10:58:51.768+0000] {standard_task_runner.py:104} INFO - Running: ['***', 'tasks', 'run', 'my_dag_name', 'call_external_function', 'manual__2025-04-03T10:58:37.934377+00:00', '--job-id', '105', '--raw', '--subdir', 'DAGS_FOLDER/intermediaire_table.py', '--cfg-path', '/tmp/tmp5f4uat1c']
[2025-04-03T10:58:51.770+0000] {standard_task_runner.py:105} INFO - Job 105: Subtask call_external_function
[2025-04-03T10:58:51.845+0000] {task_command.py:467} INFO - Running <TaskInstance: my_dag_name.call_external_function manual__2025-04-03T10:58:37.934377+00:00 [running]> on host d6badcb20287
[2025-04-03T10:58:51.993+0000] {taskinstance.py:3134} INFO - Exporting env vars: AIRFLOW_CTX_DAG_OWNER='***' AIRFLOW_CTX_DAG_ID='my_dag_name' AIRFLOW_CTX_TASK_ID='call_external_function' AIRFLOW_CTX_EXECUTION_DATE='2025-04-03T10:58:37.934377+00:00' AIRFLOW_CTX_TRY_NUMBER='1' AIRFLOW_CTX_DAG_RUN_ID='manual__2025-04-03T10:58:37.934377+00:00'
[2025-04-03T10:58:51.996+0000] {logging_mixin.py:190} INFO - Task instance is in running state
[2025-04-03T10:58:51.996+0000] {logging_mixin.py:190} INFO -  Previous state of the Task instance: queued
[2025-04-03T10:58:51.997+0000] {logging_mixin.py:190} INFO - Current task name:call_external_function state:running start_date:2025-04-03 10:58:51.710007+00:00
[2025-04-03T10:58:51.997+0000] {logging_mixin.py:190} INFO - Dag name:my_dag_name and current dag run status:running
[2025-04-03T10:58:51.997+0000] {taskinstance.py:732} INFO - ::endgroup::
[2025-04-03T10:58:52.477+0000] {logging_mixin.py:190} INFO - URl
[2025-04-03T10:58:52.478+0000] {logging_mixin.py:190} INFO - https://www.nbcnews.com/news/world/netanyahu-arrest-warrant-international-criminal-court-hungary-orban-rcna199434
[2025-04-03T10:58:52.849+0000] {log.py:232} WARNING - 2025-04-03 10:58:52.849 | INFO     | scripts.scrapping_news:extract_newspaper_attempt:21 - Article parsed. ✅
[2025-04-03T10:58:52.852+0000] {logging_mixin.py:190} INFO - URl
[2025-04-03T10:58:52.853+0000] {logging_mixin.py:190} INFO - https://www.bloomberg.com/news/articles/2025-04-03/trump-targets-african-kingdom-with-highest-tariff-in-the-world
[2025-04-03T10:58:52.957+0000] {log.py:232} WARNING - 2025-04-03 10:58:52.957 | ERROR    | scripts.scrapping_news:extract_newspaper_attempt:24 - URL : https://www.bloomberg.com/news/articles/2025-04-03/trump-targets-african-kingdom-with-highest-tariff-in-the-world
[2025-04-03T10:58:52.958+0000] {log.py:232} WARNING - 2025-04-03 10:58:52.958 | ERROR    | scripts.scrapping_news:extract_newspaper_attempt:25 - Cannot extract information with newspaper. ❌
[2025-04-03T10:58:52.960+0000] {logging_mixin.py:190} INFO - URl
[2025-04-03T10:58:52.960+0000] {logging_mixin.py:190} INFO - https://www.reuters.com/world/europe/eu-members-vote-april-9-countermeasures-us-tariffs-says-senior-eu-official-2025-04-03/
[2025-04-03T10:58:53.041+0000] {log.py:232} WARNING - 2025-04-03 10:58:53.041 | ERROR    | scripts.scrapping_news:extract_newspaper_attempt:24 - URL : https://www.reuters.com/world/europe/eu-members-vote-april-9-countermeasures-us-tariffs-says-senior-eu-official-2025-04-03/
[2025-04-03T10:58:53.043+0000] {log.py:232} WARNING - 2025-04-03 10:58:53.042 | ERROR    | scripts.scrapping_news:extract_newspaper_attempt:25 - Cannot extract information with newspaper. ❌
[2025-04-03T10:58:53.044+0000] {logging_mixin.py:190} INFO - URl
[2025-04-03T10:58:53.045+0000] {logging_mixin.py:190} INFO - https://www.ndtv.com/india-news/us-man-arrested-for-entering-restricted-north-sentinel-island-in-andamans-cops-8071854
[2025-04-03T10:58:53.803+0000] {log.py:232} WARNING - 2025-04-03 10:58:53.802 | INFO     | scripts.scrapping_news:extract_newspaper_attempt:21 - Article parsed. ✅
[2025-04-03T10:58:53.805+0000] {logging_mixin.py:190} INFO - URl
[2025-04-03T10:58:53.807+0000] {logging_mixin.py:190} INFO - https://www.telegraph.co.uk/world-news/2025/04/03/hungary-withdraws-from-icc-netanyahu-meets-orban/
[2025-04-03T10:58:54.537+0000] {log.py:232} WARNING - 2025-04-03 10:58:54.537 | INFO     | scripts.scrapping_news:extract_newspaper_attempt:21 - Article parsed. ✅
[2025-04-03T10:58:54.544+0000] {logging_mixin.py:190} INFO - URl
[2025-04-03T10:58:54.547+0000] {logging_mixin.py:190} INFO - https://www.politico.eu/article/hungary-quit-icc-internatinal-criminal-court-israel-benjamin-netanyahu-visit/
[2025-04-03T10:58:54.828+0000] {log.py:232} WARNING - 2025-04-03 10:58:54.827 | INFO     | scripts.scrapping_news:extract_newspaper_attempt:21 - Article parsed. ✅
[2025-04-03T10:58:54.830+0000] {logging_mixin.py:190} INFO - URl
[2025-04-03T10:58:54.832+0000] {logging_mixin.py:190} INFO - https://eletric-vehicles.com/ford/auto-stocks-fall-on-us-tariffs-china-urges-immediate-rollback/
[2025-04-03T10:58:55.283+0000] {log.py:232} WARNING - 2025-04-03 10:58:55.283 | INFO     | scripts.scrapping_news:extract_newspaper_attempt:21 - Article parsed. ✅
[2025-04-03T10:58:55.286+0000] {logging_mixin.py:190} INFO - URl
[2025-04-03T10:58:55.288+0000] {logging_mixin.py:190} INFO - https://www.aa.com.tr/en/americas/germany-slams-trump-tariffs-as-attack-on-international-trade-order/3527096
[2025-04-03T10:58:56.121+0000] {log.py:232} WARNING - 2025-04-03 10:58:56.120 | INFO     | scripts.scrapping_news:extract_newspaper_attempt:21 - Article parsed. ✅
[2025-04-03T10:58:56.122+0000] {logging_mixin.py:190} INFO - URl
[2025-04-03T10:58:56.124+0000] {logging_mixin.py:190} INFO - https://www.pravda.com.ua/eng/news/2025/04/3/7505802/
[2025-04-03T10:58:56.349+0000] {log.py:232} WARNING - 2025-04-03 10:58:56.348 | INFO     | scripts.scrapping_news:extract_newspaper_attempt:21 - Article parsed. ✅
[2025-04-03T10:58:56.350+0000] {logging_mixin.py:190} INFO - URl
[2025-04-03T10:58:56.351+0000] {logging_mixin.py:190} INFO - https://efe.com/en/latest-news/2025-04-02/milei-assures-that-falkland-islanders-will-prefer-being-argentine/
[2025-04-03T10:58:56.515+0000] {log.py:232} WARNING - 2025-04-03 10:58:56.515 | INFO     | scripts.scrapping_news:extract_newspaper_attempt:21 - Article parsed. ✅
[2025-04-03T10:58:56.517+0000] {logging_mixin.py:190} INFO - URl
[2025-04-03T10:58:56.518+0000] {logging_mixin.py:190} INFO - https://www.rnz.co.nz/international/pacific-news/557082/fiji-have-been-slapped-with-the-highest-us-tariffs-in-the-pacific
[2025-04-03T10:58:56.882+0000] {log.py:232} WARNING - 2025-04-03 10:58:56.882 | INFO     | scripts.scrapping_news:extract_newspaper_attempt:21 - Article parsed. ✅
[2025-04-03T10:58:56.883+0000] {logging_mixin.py:190} INFO - URl
[2025-04-03T10:58:56.884+0000] {logging_mixin.py:190} INFO - https://www.abc.net.au/news/2025-04-03/hungary-withdraws-from-icc-as-netanyahu-visits/105135524
[2025-04-03T10:58:56.927+0000] {log.py:232} WARNING - 2025-04-03 10:58:56.927 | ERROR    | scripts.scrapping_news:extract_newspaper_attempt:24 - URL : https://www.abc.net.au/news/2025-04-03/hungary-withdraws-from-icc-as-netanyahu-visits/105135524
[2025-04-03T10:58:56.928+0000] {log.py:232} WARNING - 2025-04-03 10:58:56.928 | ERROR    | scripts.scrapping_news:extract_newspaper_attempt:25 - Cannot extract information with newspaper. ❌
[2025-04-03T10:58:56.929+0000] {logging_mixin.py:190} INFO - URl
[2025-04-03T10:58:56.929+0000] {logging_mixin.py:190} INFO - https://kyivindependent.com/ukraine-to-receive-432-million-from-world-bank-towards-transport-infrastructure-restoration/
[2025-04-03T10:59:03.954+0000] {log.py:232} WARNING - 2025-04-03 10:59:03.954 | ERROR    | scripts.scrapping_news:extract_newspaper_attempt:24 - URL : https://kyivindependent.com/ukraine-to-receive-432-million-from-world-bank-towards-transport-infrastructure-restoration/
[2025-04-03T10:59:03.955+0000] {log.py:232} WARNING - 2025-04-03 10:59:03.955 | ERROR    | scripts.scrapping_news:extract_newspaper_attempt:25 - Cannot extract information with newspaper. ❌
[2025-04-03T10:59:03.956+0000] {logging_mixin.py:190} INFO - URl
[2025-04-03T10:59:03.957+0000] {logging_mixin.py:190} INFO - https://n1info.rs/english/news/serbian-students-depart-for-strasbourg-by-bicycle-europe-has-been-asleep-for-too-long/
[2025-04-03T10:59:04.259+0000] {log.py:232} WARNING - 2025-04-03 10:59:04.259 | INFO     | scripts.scrapping_news:extract_newspaper_attempt:21 - Article parsed. ✅
[2025-04-03T10:59:04.261+0000] {logging_mixin.py:190} INFO - URl
[2025-04-03T10:59:04.262+0000] {logging_mixin.py:190} INFO - https://www.reuters.com/world/hungary-says-it-is-withdrawing-icc-israeli-leader-visits-2025-04-03/
[2025-04-03T10:59:04.332+0000] {log.py:232} WARNING - 2025-04-03 10:59:04.331 | ERROR    | scripts.scrapping_news:extract_newspaper_attempt:24 - URL : https://www.reuters.com/world/hungary-says-it-is-withdrawing-icc-israeli-leader-visits-2025-04-03/
[2025-04-03T10:59:04.333+0000] {log.py:232} WARNING - 2025-04-03 10:59:04.332 | ERROR    | scripts.scrapping_news:extract_newspaper_attempt:25 - Cannot extract information with newspaper. ❌
[2025-04-03T10:59:04.334+0000] {logging_mixin.py:190} INFO - URl
[2025-04-03T10:59:04.334+0000] {logging_mixin.py:190} INFO - https://www.cnn.com/2025/04/03/world/hungary-withdraws-icc-intl
[2025-04-03T10:59:04.796+0000] {log.py:232} WARNING - 2025-04-03 10:59:04.796 | INFO     | scripts.scrapping_news:extract_newspaper_attempt:21 - Article parsed. ✅
[2025-04-03T10:59:04.801+0000] {logging_mixin.py:190} INFO - URl
[2025-04-03T10:59:04.802+0000] {logging_mixin.py:190} INFO - https://apnews.com/article/hungary-criminal-court-withdrawal-israel-5263edb40318816508e6b998befc6ee5
[2025-04-03T10:59:05.382+0000] {log.py:232} WARNING - 2025-04-03 10:59:05.382 | INFO     | scripts.scrapping_news:extract_newspaper_attempt:21 - Article parsed. ✅
[2025-04-03T10:59:05.386+0000] {logging_mixin.py:190} INFO - URl
[2025-04-03T10:59:05.388+0000] {logging_mixin.py:190} INFO - https://www.bbc.com/news/articles/c807lm2003zo
[2025-04-03T10:59:05.594+0000] {log.py:232} WARNING - 2025-04-03 10:59:05.593 | INFO     | scripts.scrapping_news:extract_newspaper_attempt:21 - Article parsed. ✅
[2025-04-03T10:59:05.596+0000] {logging_mixin.py:190} INFO - URl
[2025-04-03T10:59:05.596+0000] {logging_mixin.py:190} INFO - https://global.espreso.tv/russia-ukraine-war-white-house-explains-why-new-tariffs-do-not-apply-to-russia-and-north-korea
[2025-04-03T10:59:05.863+0000] {log.py:232} WARNING - 2025-04-03 10:59:05.863 | INFO     | scripts.scrapping_news:extract_newspaper_attempt:21 - Article parsed. ✅
[2025-04-03T10:59:05.865+0000] {logging_mixin.py:190} INFO - URl
[2025-04-03T10:59:05.866+0000] {logging_mixin.py:190} INFO - https://global.espreso.tv/grain-deal-us-imposes-new-sanctions-on-individuals-tied-to-theft-of-ukrainian-grain-from-occupied-territories
[2025-04-03T10:59:06.503+0000] {log.py:232} WARNING - 2025-04-03 10:59:06.502 | INFO     | scripts.scrapping_news:extract_newspaper_attempt:21 - Article parsed. ✅
[2025-04-03T10:59:06.504+0000] {logging_mixin.py:190} INFO - URl
[2025-04-03T10:59:06.505+0000] {logging_mixin.py:190} INFO - https://www.usnews.com/news/world/articles/2025-04-03/eus-kallas-eu-countries-already-providing-over-50-ukraines-ammunition-needs
[2025-04-03T10:59:06.780+0000] {log.py:232} WARNING - 2025-04-03 10:59:06.780 | INFO     | scripts.scrapping_news:extract_newspaper_attempt:21 - Article parsed. ✅
[2025-04-03T10:59:06.783+0000] {logging_mixin.py:190} INFO - URl
[2025-04-03T10:59:06.784+0000] {logging_mixin.py:190} INFO - https://www.nbcnews.com/news/world/eu-preparing-countermeasures-us-tariffs-negotiations-fail-ec-president-rcna199427
[2025-04-03T10:59:07.196+0000] {log.py:232} WARNING - 2025-04-03 10:59:07.195 | INFO     | scripts.scrapping_news:extract_newspaper_attempt:21 - Article parsed. ✅
[2025-04-03T10:59:07.198+0000] {logging_mixin.py:190} INFO - URl
[2025-04-03T10:59:07.199+0000] {logging_mixin.py:190} INFO - https://www.cnn.com/2025/04/03/business/europe-tariffs-us-von-der-leyen-intl-hnk/index.html
[2025-04-03T10:59:07.965+0000] {log.py:232} WARNING - 2025-04-03 10:59:07.965 | INFO     | scripts.scrapping_news:extract_newspaper_attempt:21 - Article parsed. ✅
[2025-04-03T10:59:07.973+0000] {logging_mixin.py:190} INFO - URl
[2025-04-03T10:59:07.974+0000] {logging_mixin.py:190} INFO - https://kyivindependent.com/russia-missing-from-trumps-sweeping-tariffs-list-as-its-already-sanctioned-white-house-confirms/
[2025-04-03T10:59:09.360+0000] {log.py:232} WARNING - 2025-04-03 10:59:09.360 | INFO     | scripts.scrapping_news:extract_newspaper_attempt:21 - Article parsed. ✅
[2025-04-03T10:59:09.363+0000] {logging_mixin.py:190} INFO - URl
[2025-04-03T10:59:09.364+0000] {logging_mixin.py:190} INFO - https://www.telegraph.co.uk/world-news/2025/04/03/putin-russia-muslim-immigration-war-ukraine-europe/
[2025-04-03T10:59:09.787+0000] {log.py:232} WARNING - 2025-04-03 10:59:09.787 | INFO     | scripts.scrapping_news:extract_newspaper_attempt:21 - Article parsed. ✅
[2025-04-03T10:59:09.798+0000] {logging_mixin.py:190} INFO - ['1jqfb2h', '1jqf7fm', '1jqf4gz', '1jqf0rp', '1jqexsr', '1jqeiiz', '1jqe6i5', '1jqe52q', '1jqe4eu', '1jqdjsw', '1jqdj5f', '1jqdido', '1jqdhq9', '1jqdaa6', '1jqd7f3', '1jqd1wp', '1jqcyyp', '1jqcyan', '1jqcxr8', '1jqcqxt', '1jqc9ax', '1jqbxdb', '1jqbfnd', '1jqbahu', '1jqb6td']
[2025-04-03T10:59:09.823+0000] {logging_mixin.py:190} INFO -     id_news  ... scrapping_status
0   1jqfb2h  ...             True
1   1jqf7fm  ...            False
2   1jqf4gz  ...            False
3   1jqf0rp  ...             True
4   1jqexsr  ...             True
5   1jqeiiz  ...             True
6   1jqe6i5  ...             True
7   1jqe52q  ...             True
8   1jqe4eu  ...             True
9   1jqdjsw  ...             True
10  1jqdj5f  ...             True
11  1jqdido  ...            False
12  1jqdhq9  ...            False
13  1jqdaa6  ...             True
14  1jqd7f3  ...            False
15  1jqd1wp  ...             True
16  1jqcyyp  ...             True
17  1jqcyan  ...             True
18  1jqcxr8  ...             True
19  1jqcqxt  ...             True
20  1jqc9ax  ...             True
21  1jqbxdb  ...             True
22  1jqbfnd  ...             True
23  1jqbahu  ...             True
24  1jqb6td  ...             True

[25 rows x 8 columns]
[2025-04-03T10:59:09.824+0000] {python.py:240} INFO - Done. Returned value was: (    id_news  ... scrapping_status
0   1jqfb2h  ...             True
1   1jqf7fm  ...            False
2   1jqf4gz  ...            False
3   1jqf0rp  ...             True
4   1jqexsr  ...             True
5   1jqeiiz  ...             True
6   1jqe6i5  ...             True
7   1jqe52q  ...             True
8   1jqe4eu  ...             True
9   1jqdjsw  ...             True
10  1jqdj5f  ...             True
11  1jqdido  ...            False
12  1jqdhq9  ...            False
13  1jqdaa6  ...             True
14  1jqd7f3  ...            False
15  1jqd1wp  ...             True
16  1jqcyyp  ...             True
17  1jqcyan  ...             True
18  1jqcxr8  ...             True
19  1jqcqxt  ...             True
20  1jqc9ax  ...             True
21  1jqbxdb  ...             True
22  1jqbfnd  ...             True
23  1jqbahu  ...             True
24  1jqb6td  ...             True

[25 rows x 8 columns], ['1jqfb2h', '1jqf7fm', '1jqf4gz', '1jqf0rp', '1jqexsr', '1jqeiiz', '1jqe6i5', '1jqe52q', '1jqe4eu', '1jqdjsw', '1jqdj5f', '1jqdido', '1jqdhq9', '1jqdaa6', '1jqd7f3', '1jqd1wp', '1jqcyyp', '1jqcyan', '1jqcxr8', '1jqcqxt', '1jqc9ax', '1jqbxdb', '1jqbfnd', '1jqbahu', '1jqb6td'])
[2025-04-03T10:59:09.917+0000] {taskinstance.py:341} INFO - ::group::Post task execution logs
[2025-04-03T10:59:09.918+0000] {taskinstance.py:353} INFO - Marking task as SUCCESS. dag_id=my_dag_name, task_id=call_external_function, run_id=manual__2025-04-03T10:58:37.934377+00:00, execution_date=20250403T105837, start_date=20250403T105851, end_date=20250403T105909
[2025-04-03T10:59:09.957+0000] {logging_mixin.py:190} INFO - Task instance in success state
[2025-04-03T10:59:09.957+0000] {logging_mixin.py:190} INFO -  Previous state of the Task instance: running
[2025-04-03T10:59:09.958+0000] {logging_mixin.py:190} INFO - Dag name:my_dag_name queued_at:2025-04-03 10:58:37.954528+00:00
[2025-04-03T10:59:09.958+0000] {logging_mixin.py:190} INFO - Task hostname:d6badcb20287 operator:PythonOperator
[2025-04-03T10:59:10.003+0000] {local_task_job_runner.py:266} INFO - Task exited with return code 0
[2025-04-03T10:59:10.046+0000] {taskinstance.py:3901} INFO - 1 downstream tasks scheduled from follow-on schedule check
[2025-04-03T10:59:10.048+0000] {local_task_job_runner.py:245} INFO - ::endgroup::
