[2025-04-03T09:43:53.538+0000] {local_task_job_runner.py:123} INFO - ::group::Pre task execution logs
[2025-04-03T09:43:53.574+0000] {taskinstance.py:2614} INFO - Dependencies all met for dep_context=non-requeueable deps ti=<TaskInstance: my_dag_name.create_bq_insert_query manual__2025-04-03T09:43:44.907099+00:00 [queued]>
[2025-04-03T09:43:53.592+0000] {taskinstance.py:2614} INFO - Dependencies all met for dep_context=requeueable deps ti=<TaskInstance: my_dag_name.create_bq_insert_query manual__2025-04-03T09:43:44.907099+00:00 [queued]>
[2025-04-03T09:43:53.593+0000] {taskinstance.py:2867} INFO - Starting attempt 1 of 1
[2025-04-03T09:43:53.613+0000] {taskinstance.py:2890} INFO - Executing <Task(PythonOperator): create_bq_insert_query> on 2025-04-03 09:43:44.907099+00:00
[2025-04-03T09:43:53.626+0000] {warnings.py:112} WARNING - /home/***/.local/lib/python3.12/site-packages/***/task/task_runner/standard_task_runner.py:70: DeprecationWarning: This process (pid=930) is multi-threaded, use of fork() may lead to deadlocks in the child.
  pid = os.fork()

[2025-04-03T09:43:53.628+0000] {standard_task_runner.py:72} INFO - Started process 932 to run task
[2025-04-03T09:43:53.631+0000] {standard_task_runner.py:104} INFO - Running: ['***', 'tasks', 'run', 'my_dag_name', 'create_bq_insert_query', 'manual__2025-04-03T09:43:44.907099+00:00', '--job-id', '55', '--raw', '--subdir', 'DAGS_FOLDER/intermediaire_table.py', '--cfg-path', '/tmp/tmpytr3_p8d']
[2025-04-03T09:43:53.633+0000] {standard_task_runner.py:105} INFO - Job 55: Subtask create_bq_insert_query
[2025-04-03T09:43:53.705+0000] {task_command.py:467} INFO - Running <TaskInstance: my_dag_name.create_bq_insert_query manual__2025-04-03T09:43:44.907099+00:00 [running]> on host d6badcb20287
[2025-04-03T09:43:53.850+0000] {taskinstance.py:3134} INFO - Exporting env vars: AIRFLOW_CTX_DAG_OWNER='***' AIRFLOW_CTX_DAG_ID='my_dag_name' AIRFLOW_CTX_TASK_ID='create_bq_insert_query' AIRFLOW_CTX_EXECUTION_DATE='2025-04-03T09:43:44.907099+00:00' AIRFLOW_CTX_TRY_NUMBER='1' AIRFLOW_CTX_DAG_RUN_ID='manual__2025-04-03T09:43:44.907099+00:00'
[2025-04-03T09:43:53.853+0000] {logging_mixin.py:190} INFO - Task instance is in running state
[2025-04-03T09:43:53.853+0000] {logging_mixin.py:190} INFO -  Previous state of the Task instance: queued
[2025-04-03T09:43:53.853+0000] {logging_mixin.py:190} INFO - Current task name:create_bq_insert_query state:running start_date:2025-04-03 09:43:53.574608+00:00
[2025-04-03T09:43:53.854+0000] {logging_mixin.py:190} INFO - Dag name:my_dag_name and current dag run status:running
[2025-04-03T09:43:53.854+0000] {taskinstance.py:732} INFO - ::endgroup::
[2025-04-03T09:43:53.855+0000] {logging_mixin.py:190} INFO - 
        DELETE FROM `nlpfakenews.fake_news_detection.training_data`
        WHERE id_news IN 1jqdoke, 1jqdjsw, 1jqdj5f, 1jqdido, 1jqdhq9, 1jqdg5s, 1jqdat4
    
[2025-04-03T09:43:53.856+0000] {python.py:240} INFO - Done. Returned value was: 
        DELETE FROM `nlpfakenews.fake_news_detection.training_data`
        WHERE id_news IN 1jqdoke, 1jqdjsw, 1jqdj5f, 1jqdido, 1jqdhq9, 1jqdg5s, 1jqdat4
    
[2025-04-03T09:43:53.893+0000] {taskinstance.py:341} INFO - ::group::Post task execution logs
[2025-04-03T09:43:53.893+0000] {taskinstance.py:353} INFO - Marking task as SUCCESS. dag_id=my_dag_name, task_id=create_bq_insert_query, run_id=manual__2025-04-03T09:43:44.907099+00:00, execution_date=20250403T094344, start_date=20250403T094353, end_date=20250403T094353
[2025-04-03T09:43:53.929+0000] {logging_mixin.py:190} INFO - Task instance in success state
[2025-04-03T09:43:53.929+0000] {logging_mixin.py:190} INFO -  Previous state of the Task instance: running
[2025-04-03T09:43:53.929+0000] {logging_mixin.py:190} INFO - Dag name:my_dag_name queued_at:2025-04-03 09:43:44.924681+00:00
[2025-04-03T09:43:53.930+0000] {logging_mixin.py:190} INFO - Task hostname:d6badcb20287 operator:PythonOperator
[2025-04-03T09:43:53.965+0000] {local_task_job_runner.py:266} INFO - Task exited with return code 0
[2025-04-03T09:43:54.003+0000] {taskinstance.py:3901} INFO - 1 downstream tasks scheduled from follow-on schedule check
[2025-04-03T09:43:54.006+0000] {local_task_job_runner.py:245} INFO - ::endgroup::
