[2025-04-03T10:58:46.826+0000] {local_task_job_runner.py:123} INFO - ::group::Pre task execution logs
[2025-04-03T10:58:46.873+0000] {taskinstance.py:2614} INFO - Dependencies all met for dep_context=non-requeueable deps ti=<TaskInstance: my_dag_name.create_table_intermediaire manual__2025-04-03T10:58:37.934377+00:00 [queued]>
[2025-04-03T10:58:46.892+0000] {taskinstance.py:2614} INFO - Dependencies all met for dep_context=requeueable deps ti=<TaskInstance: my_dag_name.create_table_intermediaire manual__2025-04-03T10:58:37.934377+00:00 [queued]>
[2025-04-03T10:58:46.893+0000] {taskinstance.py:2867} INFO - Starting attempt 1 of 1
[2025-04-03T10:58:46.913+0000] {taskinstance.py:2890} INFO - Executing <Task(BigQueryCreateTableOperator): create_table_intermediaire> on 2025-04-03 10:58:37.934377+00:00
[2025-04-03T10:58:46.927+0000] {warnings.py:112} WARNING - /home/***/.local/lib/python3.12/site-packages/***/task/task_runner/standard_task_runner.py:70: DeprecationWarning: This process (pid=2070) is multi-threaded, use of fork() may lead to deadlocks in the child.
  pid = os.fork()

[2025-04-03T10:58:46.930+0000] {standard_task_runner.py:72} INFO - Started process 2072 to run task
[2025-04-03T10:58:46.933+0000] {standard_task_runner.py:104} INFO - Running: ['***', 'tasks', 'run', 'my_dag_name', 'create_table_intermediaire', 'manual__2025-04-03T10:58:37.934377+00:00', '--job-id', '104', '--raw', '--subdir', 'DAGS_FOLDER/intermediaire_table.py', '--cfg-path', '/tmp/tmpct6jgy_c']
[2025-04-03T10:58:46.935+0000] {standard_task_runner.py:105} INFO - Job 104: Subtask create_table_intermediaire
[2025-04-03T10:58:47.006+0000] {task_command.py:467} INFO - Running <TaskInstance: my_dag_name.create_table_intermediaire manual__2025-04-03T10:58:37.934377+00:00 [running]> on host d6badcb20287
[2025-04-03T10:58:47.158+0000] {taskinstance.py:3134} INFO - Exporting env vars: AIRFLOW_CTX_DAG_OWNER='***' AIRFLOW_CTX_DAG_ID='my_dag_name' AIRFLOW_CTX_TASK_ID='create_table_intermediaire' AIRFLOW_CTX_EXECUTION_DATE='2025-04-03T10:58:37.934377+00:00' AIRFLOW_CTX_TRY_NUMBER='1' AIRFLOW_CTX_DAG_RUN_ID='manual__2025-04-03T10:58:37.934377+00:00'
[2025-04-03T10:58:47.161+0000] {logging_mixin.py:190} INFO - Task instance is in running state
[2025-04-03T10:58:47.162+0000] {logging_mixin.py:190} INFO -  Previous state of the Task instance: queued
[2025-04-03T10:58:47.162+0000] {logging_mixin.py:190} INFO - Current task name:create_table_intermediaire state:running start_date:2025-04-03 10:58:46.873988+00:00
[2025-04-03T10:58:47.163+0000] {logging_mixin.py:190} INFO - Dag name:my_dag_name and current dag run status:running
[2025-04-03T10:58:47.163+0000] {taskinstance.py:732} INFO - ::endgroup::
[2025-04-03T10:58:47.188+0000] {base.py:84} INFO - Retrieving connection 'gcp_conn'
[2025-04-03T10:58:47.189+0000] {bigquery.py:1274} INFO - Creating table...
[2025-04-03T10:58:47.573+0000] {bigquery.py:1304} INFO - Table fake_news_detection.training_data already exists.
[2025-04-03T10:58:47.611+0000] {taskinstance.py:341} INFO - ::group::Post task execution logs
[2025-04-03T10:58:47.611+0000] {taskinstance.py:353} INFO - Marking task as SUCCESS. dag_id=my_dag_name, task_id=create_table_intermediaire, run_id=manual__2025-04-03T10:58:37.934377+00:00, execution_date=20250403T105837, start_date=20250403T105846, end_date=20250403T105847
[2025-04-03T10:58:47.648+0000] {logging_mixin.py:190} INFO - Task instance in success state
[2025-04-03T10:58:47.648+0000] {logging_mixin.py:190} INFO -  Previous state of the Task instance: running
[2025-04-03T10:58:47.649+0000] {logging_mixin.py:190} INFO - Dag name:my_dag_name queued_at:2025-04-03 10:58:37.954528+00:00
[2025-04-03T10:58:47.649+0000] {logging_mixin.py:190} INFO - Task hostname:d6badcb20287 operator:BigQueryCreateTableOperator
[2025-04-03T10:58:47.669+0000] {local_task_job_runner.py:266} INFO - Task exited with return code 0
[2025-04-03T10:58:47.715+0000] {taskinstance.py:3901} INFO - 1 downstream tasks scheduled from follow-on schedule check
[2025-04-03T10:58:47.717+0000] {local_task_job_runner.py:245} INFO - ::endgroup::
