[2025-04-01T14:55:45.679+0000] {local_task_job_runner.py:123} INFO - ::group::Pre task execution logs
[2025-04-01T14:55:45.951+0000] {taskinstance.py:2614} INFO - Dependencies all met for dep_context=non-requeueable deps ti=<TaskInstance: my_dag_name.print_the_context scheduled__2022-02-14T00:00:00+00:00 [queued]>
[2025-04-01T14:55:46.072+0000] {taskinstance.py:2614} INFO - Dependencies all met for dep_context=requeueable deps ti=<TaskInstance: my_dag_name.print_the_context scheduled__2022-02-14T00:00:00+00:00 [queued]>
[2025-04-01T14:55:46.073+0000] {taskinstance.py:2867} INFO - Starting attempt 1 of 1
[2025-04-01T14:55:46.494+0000] {taskinstance.py:2890} INFO - Executing <Task(_PythonDecoratedOperator): print_the_context> on 2022-02-14 00:00:00+00:00
[2025-04-01T14:55:46.651+0000] {warnings.py:112} WARNING - /home/***/.local/lib/python3.12/site-packages/***/task/task_runner/standard_task_runner.py:70: DeprecationWarning: This process (pid=3689) is multi-threaded, use of fork() may lead to deadlocks in the child.
  pid = os.fork()

[2025-04-01T14:55:46.696+0000] {standard_task_runner.py:72} INFO - Started process 3728 to run task
[2025-04-01T14:55:46.718+0000] {standard_task_runner.py:104} INFO - Running: ['***', 'tasks', 'run', 'my_dag_name', 'print_the_context', 'scheduled__2022-02-14T00:00:00+00:00', '--job-id', '823', '--raw', '--subdir', 'DAGS_FOLDER/con.py', '--cfg-path', '/tmp/tmppq9kddjj']
[2025-04-01T14:55:46.721+0000] {standard_task_runner.py:105} INFO - Job 823: Subtask print_the_context
[2025-04-01T14:55:47.241+0000] {task_command.py:467} INFO - Running <TaskInstance: my_dag_name.print_the_context scheduled__2022-02-14T00:00:00+00:00 [running]> on host 900d630d7d5f
[2025-04-01T14:55:48.332+0000] {taskinstance.py:3134} INFO - Exporting env vars: AIRFLOW_CTX_DAG_OWNER='***' AIRFLOW_CTX_DAG_ID='my_dag_name' AIRFLOW_CTX_TASK_ID='print_the_context' AIRFLOW_CTX_EXECUTION_DATE='2022-02-14T00:00:00+00:00' AIRFLOW_CTX_TRY_NUMBER='1' AIRFLOW_CTX_DAG_RUN_ID='scheduled__2022-02-14T00:00:00+00:00'
[2025-04-01T14:55:48.351+0000] {logging_mixin.py:190} INFO - Task instance is in running state
[2025-04-01T14:55:48.371+0000] {logging_mixin.py:190} INFO -  Previous state of the Task instance: queued
[2025-04-01T14:55:48.387+0000] {logging_mixin.py:190} INFO - Current task name:print_the_context state:running start_date:2025-04-01 14:55:45.955685+00:00
[2025-04-01T14:55:48.388+0000] {logging_mixin.py:190} INFO - Dag name:my_dag_name and current dag run status:running
[2025-04-01T14:55:48.388+0000] {taskinstance.py:732} INFO - ::endgroup::
[2025-04-01T14:55:48.511+0000] {logging_mixin.py:190} INFO - {'conf': <Proxy at 0x77636462bec0 with factory functools.partial(<function lazy_mapping_from_context.<locals>._deprecated_proxy_factory at 0x77636464dbc0>, 'conf', <***.configuration.AirflowConfigParser object at 0x7763844f8cb0>)>,
 'conn': None,
 'dag': <DAG: my_dag_name>,
 'dag_run': <DagRun my_dag_name @ 2022-02-14 00:00:00+00:00: scheduled__2022-02-14T00:00:00+00:00, state:running, queued_at: 2025-04-01 14:55:21.618502+00:00. externally triggered: False>,
 'data_interval_end': DateTime(2022, 2, 15, 0, 0, 0, tzinfo=Timezone('UTC')),
 'data_interval_start': DateTime(2022, 2, 14, 0, 0, 0, tzinfo=Timezone('UTC')),
 'ds_nodash': '20220214',
 'execution_date': <Proxy at 0x77636469d9c0 with factory functools.partial(<function lazy_mapping_from_context.<locals>._deprecated_proxy_factory at 0x77636464dbc0>, 'execution_date', DateTime(2022, 2, 14, 0, 0, 0, tzinfo=Timezone('UTC')))>,
 'expanded_ti_count': None,
 'inlet_events': InletEventsAccessors(_inlets=[], _datasets={}, _dataset_aliases={}, _session=<sqlalchemy.orm.session.Session object at 0x776383db7230>),
 'inlets': [],
 'logical_date': DateTime(2022, 2, 14, 0, 0, 0, tzinfo=Timezone('UTC')),
 'macros': <module '***.macros' from '/home/***/.local/lib/python3.12/site-packages/***/macros/__init__.py'>,
 'map_index_template': None,
 'next_ds': <Proxy at 0x776364770140 with factory functools.partial(<function lazy_mapping_from_context.<locals>._deprecated_proxy_factory at 0x77636464dbc0>, 'next_ds', '2022-02-15')>,
 'next_ds_nodash': <Proxy at 0x776364781e80 with factory functools.partial(<function lazy_mapping_from_context.<locals>._deprecated_proxy_factory at 0x77636464dbc0>, 'next_ds_nodash', '20220215')>,
 'next_execution_date': <Proxy at 0x7763647cb400 with factory functools.partial(<function lazy_mapping_from_context.<locals>._deprecated_proxy_factory at 0x77636464dbc0>, 'next_execution_date', DateTime(2022, 2, 15, 0, 0, 0, tzinfo=Timezone('UTC')))>,
 'outlet_events': <***.utils.context.OutletEventAccessors object at 0x776364641850>,
 'outlets': [],
 'params': {},
 'prev_data_interval_end_success': DateTime(2022, 2, 13, 0, 0, 0, tzinfo=Timezone('UTC')),
 'prev_data_interval_start_success': DateTime(2022, 2, 12, 0, 0, 0, tzinfo=Timezone('UTC')),
 'prev_ds': <Proxy at 0x776364de0140 with factory functools.partial(<function lazy_mapping_from_context.<locals>._deprecated_proxy_factory at 0x77636464dbc0>, 'prev_ds', '2022-02-13')>,
 'prev_ds_nodash': <Proxy at 0x7763646d0180 with factory functools.partial(<function lazy_mapping_from_context.<locals>._deprecated_proxy_factory at 0x77636464dbc0>, 'prev_ds_nodash', '20220213')>,
 'prev_end_date_success': DateTime(2025, 4, 1, 14, 55, 47, 126462, tzinfo=Timezone('UTC')),
 'prev_execution_date': <Proxy at 0x7763646d01c0 with factory functools.partial(<function lazy_mapping_from_context.<locals>._deprecated_proxy_factory at 0x77636464dbc0>, 'prev_execution_date', DateTime(2022, 2, 13, 0, 0, 0, tzinfo=Timezone('UTC')))>,
 'prev_execution_date_success': <Proxy at 0x7763646d0200 with factory functools.partial(<function lazy_mapping_from_context.<locals>._deprecated_proxy_factory at 0x77636464dbc0>, 'prev_execution_date_success', DateTime(2022, 2, 12, 0, 0, 0, tzinfo=Timezone('UTC')))>,
 'prev_start_date_success': DateTime(2025, 4, 1, 14, 54, 50, 743532, tzinfo=Timezone('UTC')),
 'run_id': 'scheduled__2022-02-14T00:00:00+00:00',
 'task': <Task(_PythonDecoratedOperator): print_the_context>,
 'task_instance': <TaskInstance: my_dag_name.print_the_context scheduled__2022-02-14T00:00:00+00:00 [running]>,
 'task_instance_key_str': 'my_dag_name__print_the_context__20220214',
 'templates_dict': None,
 'test_mode': False,
 'ti': <TaskInstance: my_dag_name.print_the_context scheduled__2022-02-14T00:00:00+00:00 [running]>,
 'tomorrow_ds': <Proxy at 0x7763646d0240 with factory functools.partial(<function lazy_mapping_from_context.<locals>._deprecated_proxy_factory at 0x77636464dbc0>, 'tomorrow_ds', '2022-02-15')>,
 'tomorrow_ds_nodash': <Proxy at 0x7763646d0280 with factory functools.partial(<function lazy_mapping_from_context.<locals>._deprecated_proxy_factory at 0x77636464dbc0>, 'tomorrow_ds_nodash', '20220215')>,
 'triggering_dataset_events': <Proxy at 0x776364667cc0 with factory <function _get_template_context.<locals>.get_triggering_events at 0x77636464d6c0>>,
 'ts': '2022-02-14T00:00:00+00:00',
 'ts_nodash': '20220214T000000',
 'ts_nodash_with_tz': '20220214T000000+0000',
 'var': {'json': None, 'value': None},
 'yesterday_ds': <Proxy at 0x7763646d02c0 with factory functools.partial(<function lazy_mapping_from_context.<locals>._deprecated_proxy_factory at 0x77636464dbc0>, 'yesterday_ds', '2022-02-13')>,
 'yesterday_ds_nodash': <Proxy at 0x7763646d0300 with factory functools.partial(<function lazy_mapping_from_context.<locals>._deprecated_proxy_factory at 0x77636464dbc0>, 'yesterday_ds_nodash', '20220213')>}
[2025-04-01T14:55:48.519+0000] {logging_mixin.py:190} INFO - 2022-02-14
[2025-04-01T14:55:48.520+0000] {python.py:240} INFO - Done. Returned value was: Whatever you return gets printed in the logs
[2025-04-01T14:55:48.731+0000] {taskinstance.py:341} INFO - ::group::Post task execution logs
[2025-04-01T14:55:48.753+0000] {taskinstance.py:353} INFO - Marking task as SUCCESS. dag_id=my_dag_name, task_id=print_the_context, run_id=scheduled__2022-02-14T00:00:00+00:00, execution_date=20220214T000000, start_date=20250401T145545, end_date=20250401T145548
[2025-04-01T14:55:48.986+0000] {logging_mixin.py:190} INFO - Task instance in success state
[2025-04-01T14:55:48.996+0000] {logging_mixin.py:190} INFO -  Previous state of the Task instance: running
[2025-04-01T14:55:48.996+0000] {logging_mixin.py:190} INFO - Dag name:my_dag_name queued_at:2025-04-01 14:55:21.618502+00:00
[2025-04-01T14:55:48.996+0000] {logging_mixin.py:190} INFO - Task hostname:900d630d7d5f operator:_PythonDecoratedOperator
[2025-04-01T14:55:49.199+0000] {local_task_job_runner.py:266} INFO - Task exited with return code 0
[2025-04-01T14:55:49.521+0000] {taskinstance.py:3901} INFO - 1 downstream tasks scheduled from follow-on schedule check
[2025-04-01T14:55:49.524+0000] {local_task_job_runner.py:245} INFO - ::endgroup::
