[2025-04-02T08:09:29.495+0000] {local_task_job_runner.py:123} INFO - ::group::Pre task execution logs
[2025-04-02T08:09:29.680+0000] {taskinstance.py:2614} INFO - Dependencies all met for dep_context=non-requeueable deps ti=<TaskInstance: my_dag_name.print_the_context scheduled__2022-12-06T00:00:00+00:00 [queued]>
[2025-04-02T08:09:29.810+0000] {taskinstance.py:2614} INFO - Dependencies all met for dep_context=requeueable deps ti=<TaskInstance: my_dag_name.print_the_context scheduled__2022-12-06T00:00:00+00:00 [queued]>
[2025-04-02T08:09:29.813+0000] {taskinstance.py:2867} INFO - Starting attempt 1 of 1
[2025-04-02T08:09:30.156+0000] {taskinstance.py:2890} INFO - Executing <Task(_PythonDecoratedOperator): print_the_context> on 2022-12-06 00:00:00+00:00
[2025-04-02T08:09:30.263+0000] {warnings.py:112} WARNING - /home/***/.local/lib/python3.12/site-packages/***/task/task_runner/standard_task_runner.py:70: DeprecationWarning: This process (pid=6301) is multi-threaded, use of fork() may lead to deadlocks in the child.
  pid = os.fork()

[2025-04-02T08:09:30.270+0000] {standard_task_runner.py:72} INFO - Started process 6321 to run task
[2025-04-02T08:09:30.289+0000] {standard_task_runner.py:104} INFO - Running: ['***', 'tasks', 'run', 'my_dag_name', 'print_the_context', 'scheduled__2022-12-06T00:00:00+00:00', '--job-id', '1413', '--raw', '--subdir', 'DAGS_FOLDER/con.py', '--cfg-path', '/tmp/tmpjn1hd2nx']
[2025-04-02T08:09:30.301+0000] {standard_task_runner.py:105} INFO - Job 1413: Subtask print_the_context
[2025-04-02T08:09:30.701+0000] {task_command.py:467} INFO - Running <TaskInstance: my_dag_name.print_the_context scheduled__2022-12-06T00:00:00+00:00 [running]> on host 900d630d7d5f
[2025-04-02T08:09:31.595+0000] {taskinstance.py:3134} INFO - Exporting env vars: AIRFLOW_CTX_DAG_OWNER='***' AIRFLOW_CTX_DAG_ID='my_dag_name' AIRFLOW_CTX_TASK_ID='print_the_context' AIRFLOW_CTX_EXECUTION_DATE='2022-12-06T00:00:00+00:00' AIRFLOW_CTX_TRY_NUMBER='1' AIRFLOW_CTX_DAG_RUN_ID='scheduled__2022-12-06T00:00:00+00:00'
[2025-04-02T08:09:31.604+0000] {logging_mixin.py:190} INFO - Task instance is in running state
[2025-04-02T08:09:31.606+0000] {logging_mixin.py:190} INFO -  Previous state of the Task instance: queued
[2025-04-02T08:09:31.606+0000] {logging_mixin.py:190} INFO - Current task name:print_the_context state:running start_date:2025-04-02 08:09:29.681141+00:00
[2025-04-02T08:09:31.607+0000] {logging_mixin.py:190} INFO - Dag name:my_dag_name and current dag run status:running
[2025-04-02T08:09:31.608+0000] {taskinstance.py:732} INFO - ::endgroup::
[2025-04-02T08:09:31.643+0000] {logging_mixin.py:190} INFO - {'conf': <Proxy at 0x7763648b4780 with factory functools.partial(<function lazy_mapping_from_context.<locals>._deprecated_proxy_factory at 0x77637ed11260>, 'conf', <***.configuration.AirflowConfigParser object at 0x7763844f8cb0>)>,
 'conn': None,
 'dag': <DAG: my_dag_name>,
 'dag_run': <DagRun my_dag_name @ 2022-12-06 00:00:00+00:00: scheduled__2022-12-06T00:00:00+00:00, state:running, queued_at: 2025-04-02 08:09:24.547395+00:00. externally triggered: False>,
 'data_interval_end': DateTime(2022, 12, 7, 0, 0, 0, tzinfo=Timezone('UTC')),
 'data_interval_start': DateTime(2022, 12, 6, 0, 0, 0, tzinfo=Timezone('UTC')),
 'ds_nodash': '20221206',
 'execution_date': <Proxy at 0x776364c6bcc0 with factory functools.partial(<function lazy_mapping_from_context.<locals>._deprecated_proxy_factory at 0x77637ed11260>, 'execution_date', DateTime(2022, 12, 6, 0, 0, 0, tzinfo=Timezone('UTC')))>,
 'expanded_ti_count': None,
 'inlet_events': InletEventsAccessors(_inlets=[], _datasets={}, _dataset_aliases={}, _session=<sqlalchemy.orm.session.Session object at 0x776383db4ce0>),
 'inlets': [],
 'logical_date': DateTime(2022, 12, 6, 0, 0, 0, tzinfo=Timezone('UTC')),
 'macros': <module '***.macros' from '/home/***/.local/lib/python3.12/site-packages/***/macros/__init__.py'>,
 'map_index_template': None,
 'next_ds': <Proxy at 0x7763646cd300 with factory functools.partial(<function lazy_mapping_from_context.<locals>._deprecated_proxy_factory at 0x77637ed11260>, 'next_ds', '2022-12-07')>,
 'next_ds_nodash': <Proxy at 0x7763646cd5c0 with factory functools.partial(<function lazy_mapping_from_context.<locals>._deprecated_proxy_factory at 0x77637ed11260>, 'next_ds_nodash', '20221207')>,
 'next_execution_date': <Proxy at 0x7763646cd740 with factory functools.partial(<function lazy_mapping_from_context.<locals>._deprecated_proxy_factory at 0x77637ed11260>, 'next_execution_date', DateTime(2022, 12, 7, 0, 0, 0, tzinfo=Timezone('UTC')))>,
 'outlet_events': <***.utils.context.OutletEventAccessors object at 0x7763646464e0>,
 'outlets': [],
 'params': {},
 'prev_data_interval_end_success': DateTime(2022, 12, 5, 0, 0, 0, tzinfo=Timezone('UTC')),
 'prev_data_interval_start_success': DateTime(2022, 12, 4, 0, 0, 0, tzinfo=Timezone('UTC')),
 'prev_ds': <Proxy at 0x7763646cd800 with factory functools.partial(<function lazy_mapping_from_context.<locals>._deprecated_proxy_factory at 0x77637ed11260>, 'prev_ds', '2022-12-05')>,
 'prev_ds_nodash': <Proxy at 0x7763646cd840 with factory functools.partial(<function lazy_mapping_from_context.<locals>._deprecated_proxy_factory at 0x77637ed11260>, 'prev_ds_nodash', '20221205')>,
 'prev_end_date_success': DateTime(2025, 4, 2, 8, 9, 24, 590723, tzinfo=Timezone('UTC')),
 'prev_execution_date': <Proxy at 0x7763646cd880 with factory functools.partial(<function lazy_mapping_from_context.<locals>._deprecated_proxy_factory at 0x77637ed11260>, 'prev_execution_date', DateTime(2022, 12, 5, 0, 0, 0, tzinfo=Timezone('UTC')))>,
 'prev_execution_date_success': <Proxy at 0x7763646cd8c0 with factory functools.partial(<function lazy_mapping_from_context.<locals>._deprecated_proxy_factory at 0x77637ed11260>, 'prev_execution_date_success', DateTime(2022, 12, 4, 0, 0, 0, tzinfo=Timezone('UTC')))>,
 'prev_start_date_success': DateTime(2025, 4, 2, 8, 9, 9, 158051, tzinfo=Timezone('UTC')),
 'run_id': 'scheduled__2022-12-06T00:00:00+00:00',
 'task': <Task(_PythonDecoratedOperator): print_the_context>,
 'task_instance': <TaskInstance: my_dag_name.print_the_context scheduled__2022-12-06T00:00:00+00:00 [running]>,
 'task_instance_key_str': 'my_dag_name__print_the_context__20221206',
 'templates_dict': None,
 'test_mode': False,
 'ti': <TaskInstance: my_dag_name.print_the_context scheduled__2022-12-06T00:00:00+00:00 [running]>,
 'tomorrow_ds': <Proxy at 0x7763646cd900 with factory functools.partial(<function lazy_mapping_from_context.<locals>._deprecated_proxy_factory at 0x77637ed11260>, 'tomorrow_ds', '2022-12-07')>,
 'tomorrow_ds_nodash': <Proxy at 0x7763646cd940 with factory functools.partial(<function lazy_mapping_from_context.<locals>._deprecated_proxy_factory at 0x77637ed11260>, 'tomorrow_ds_nodash', '20221207')>,
 'triggering_dataset_events': <Proxy at 0x776364665800 with factory <function _get_template_context.<locals>.get_triggering_events at 0x77636462e0c0>>,
 'ts': '2022-12-06T00:00:00+00:00',
 'ts_nodash': '20221206T000000',
 'ts_nodash_with_tz': '20221206T000000+0000',
 'var': {'json': None, 'value': None},
 'yesterday_ds': <Proxy at 0x7763646cd980 with factory functools.partial(<function lazy_mapping_from_context.<locals>._deprecated_proxy_factory at 0x77637ed11260>, 'yesterday_ds', '2022-12-05')>,
 'yesterday_ds_nodash': <Proxy at 0x7763646cd9c0 with factory functools.partial(<function lazy_mapping_from_context.<locals>._deprecated_proxy_factory at 0x77637ed11260>, 'yesterday_ds_nodash', '20221205')>}
[2025-04-02T08:09:31.644+0000] {logging_mixin.py:190} INFO - 2022-12-06
[2025-04-02T08:09:31.663+0000] {python.py:240} INFO - Done. Returned value was: Whatever you return gets printed in the logs
[2025-04-02T08:09:31.814+0000] {taskinstance.py:341} INFO - ::group::Post task execution logs
[2025-04-02T08:09:31.814+0000] {taskinstance.py:353} INFO - Marking task as SUCCESS. dag_id=my_dag_name, task_id=print_the_context, run_id=scheduled__2022-12-06T00:00:00+00:00, execution_date=20221206T000000, start_date=20250402T080929, end_date=20250402T080931
[2025-04-02T08:09:32.097+0000] {logging_mixin.py:190} INFO - Task instance in success state
[2025-04-02T08:09:32.098+0000] {logging_mixin.py:190} INFO -  Previous state of the Task instance: running
[2025-04-02T08:09:32.098+0000] {logging_mixin.py:190} INFO - Dag name:my_dag_name queued_at:2025-04-02 08:09:24.547395+00:00
[2025-04-02T08:09:32.099+0000] {logging_mixin.py:190} INFO - Task hostname:900d630d7d5f operator:_PythonDecoratedOperator
[2025-04-02T08:09:32.262+0000] {local_task_job_runner.py:266} INFO - Task exited with return code 0
[2025-04-02T08:09:32.328+0000] {local_task_job_runner.py:245} INFO - ::endgroup::
