[2025-04-01T14:45:53.520+0000] {local_task_job_runner.py:123} INFO - ::group::Pre task execution logs
[2025-04-01T14:45:53.840+0000] {taskinstance.py:2614} INFO - Dependencies all met for dep_context=non-requeueable deps ti=<TaskInstance: my_dag_name.print_the_context scheduled__2021-10-12T00:00:00+00:00 [queued]>
[2025-04-01T14:45:53.953+0000] {taskinstance.py:2614} INFO - Dependencies all met for dep_context=requeueable deps ti=<TaskInstance: my_dag_name.print_the_context scheduled__2021-10-12T00:00:00+00:00 [queued]>
[2025-04-01T14:45:53.955+0000] {taskinstance.py:2867} INFO - Starting attempt 1 of 1
[2025-04-01T14:45:54.300+0000] {taskinstance.py:2890} INFO - Executing <Task(_PythonDecoratedOperator): print_the_context> on 2021-10-12 00:00:00+00:00
[2025-04-01T14:45:54.481+0000] {warnings.py:112} WARNING - /home/***/.local/lib/python3.12/site-packages/***/task/task_runner/standard_task_runner.py:70: DeprecationWarning: This process (pid=2555) is multi-threaded, use of fork() may lead to deadlocks in the child.
  pid = os.fork()

[2025-04-01T14:45:54.508+0000] {standard_task_runner.py:72} INFO - Started process 2613 to run task
[2025-04-01T14:45:54.543+0000] {standard_task_runner.py:104} INFO - Running: ['***', 'tasks', 'run', 'my_dag_name', 'print_the_context', 'scheduled__2021-10-12T00:00:00+00:00', '--job-id', '570', '--raw', '--subdir', 'DAGS_FOLDER/con.py', '--cfg-path', '/tmp/tmpgt2c9s3y']
[2025-04-01T14:45:54.546+0000] {standard_task_runner.py:105} INFO - Job 570: Subtask print_the_context
[2025-04-01T14:45:55.142+0000] {task_command.py:467} INFO - Running <TaskInstance: my_dag_name.print_the_context scheduled__2021-10-12T00:00:00+00:00 [running]> on host 900d630d7d5f
[2025-04-01T14:45:56.342+0000] {taskinstance.py:3134} INFO - Exporting env vars: AIRFLOW_CTX_DAG_OWNER='***' AIRFLOW_CTX_DAG_ID='my_dag_name' AIRFLOW_CTX_TASK_ID='print_the_context' AIRFLOW_CTX_EXECUTION_DATE='2021-10-12T00:00:00+00:00' AIRFLOW_CTX_TRY_NUMBER='1' AIRFLOW_CTX_DAG_RUN_ID='scheduled__2021-10-12T00:00:00+00:00'
[2025-04-01T14:45:56.373+0000] {logging_mixin.py:190} INFO - Task instance is in running state
[2025-04-01T14:45:56.406+0000] {logging_mixin.py:190} INFO -  Previous state of the Task instance: queued
[2025-04-01T14:45:56.422+0000] {logging_mixin.py:190} INFO - Current task name:print_the_context state:running start_date:2025-04-01 14:45:53.841194+00:00
[2025-04-01T14:45:56.422+0000] {logging_mixin.py:190} INFO - Dag name:my_dag_name and current dag run status:running
[2025-04-01T14:45:56.423+0000] {taskinstance.py:732} INFO - ::endgroup::
[2025-04-01T14:45:56.553+0000] {logging_mixin.py:190} INFO - {'conf': <Proxy at 0x77636464bbc0 with factory functools.partial(<function lazy_mapping_from_context.<locals>._deprecated_proxy_factory at 0x776364651940>, 'conf', <***.configuration.AirflowConfigParser object at 0x7763844f8cb0>)>,
 'conn': None,
 'dag': <DAG: my_dag_name>,
 'dag_run': <DagRun my_dag_name @ 2021-10-12 00:00:00+00:00: scheduled__2021-10-12T00:00:00+00:00, state:running, queued_at: 2025-04-01 14:45:23.003860+00:00. externally triggered: False>,
 'data_interval_end': DateTime(2021, 10, 13, 0, 0, 0, tzinfo=Timezone('UTC')),
 'data_interval_start': DateTime(2021, 10, 12, 0, 0, 0, tzinfo=Timezone('UTC')),
 'ds_nodash': '20211012',
 'execution_date': <Proxy at 0x77636462b3c0 with factory functools.partial(<function lazy_mapping_from_context.<locals>._deprecated_proxy_factory at 0x776364651940>, 'execution_date', DateTime(2021, 10, 12, 0, 0, 0, tzinfo=Timezone('UTC')))>,
 'expanded_ti_count': None,
 'inlet_events': InletEventsAccessors(_inlets=[], _datasets={}, _dataset_aliases={}, _session=<sqlalchemy.orm.session.Session object at 0x776383db64e0>),
 'inlets': [],
 'logical_date': DateTime(2021, 10, 12, 0, 0, 0, tzinfo=Timezone('UTC')),
 'macros': <module '***.macros' from '/home/***/.local/lib/python3.12/site-packages/***/macros/__init__.py'>,
 'map_index_template': None,
 'next_ds': <Proxy at 0x7763647b6d40 with factory functools.partial(<function lazy_mapping_from_context.<locals>._deprecated_proxy_factory at 0x776364651940>, 'next_ds', '2021-10-13')>,
 'next_ds_nodash': <Proxy at 0x7763646c43c0 with factory functools.partial(<function lazy_mapping_from_context.<locals>._deprecated_proxy_factory at 0x776364651940>, 'next_ds_nodash', '20211013')>,
 'next_execution_date': <Proxy at 0x776364679e80 with factory functools.partial(<function lazy_mapping_from_context.<locals>._deprecated_proxy_factory at 0x776364651940>, 'next_execution_date', DateTime(2021, 10, 13, 0, 0, 0, tzinfo=Timezone('UTC')))>,
 'outlet_events': <***.utils.context.OutletEventAccessors object at 0x776364641f40>,
 'outlets': [],
 'params': {},
 'prev_data_interval_end_success': DateTime(2021, 10, 3, 0, 0, 0, tzinfo=Timezone('UTC')),
 'prev_data_interval_start_success': DateTime(2021, 10, 2, 0, 0, 0, tzinfo=Timezone('UTC')),
 'prev_ds': <Proxy at 0x77636469d6c0 with factory functools.partial(<function lazy_mapping_from_context.<locals>._deprecated_proxy_factory at 0x776364651940>, 'prev_ds', '2021-10-11')>,
 'prev_ds_nodash': <Proxy at 0x7763646bb780 with factory functools.partial(<function lazy_mapping_from_context.<locals>._deprecated_proxy_factory at 0x776364651940>, 'prev_ds_nodash', '20211011')>,
 'prev_end_date_success': DateTime(2025, 4, 1, 14, 45, 46, 821281, tzinfo=Timezone('UTC')),
 'prev_execution_date': <Proxy at 0x7763646bbe80 with factory functools.partial(<function lazy_mapping_from_context.<locals>._deprecated_proxy_factory at 0x776364651940>, 'prev_execution_date', DateTime(2021, 10, 11, 0, 0, 0, tzinfo=Timezone('UTC')))>,
 'prev_execution_date_success': <Proxy at 0x7763646bba00 with factory functools.partial(<function lazy_mapping_from_context.<locals>._deprecated_proxy_factory at 0x776364651940>, 'prev_execution_date_success', DateTime(2021, 10, 2, 0, 0, 0, tzinfo=Timezone('UTC')))>,
 'prev_start_date_success': DateTime(2025, 4, 1, 14, 45, 14, 288391, tzinfo=Timezone('UTC')),
 'run_id': 'scheduled__2021-10-12T00:00:00+00:00',
 'task': <Task(_PythonDecoratedOperator): print_the_context>,
 'task_instance': <TaskInstance: my_dag_name.print_the_context scheduled__2021-10-12T00:00:00+00:00 [running]>,
 'task_instance_key_str': 'my_dag_name__print_the_context__20211012',
 'templates_dict': None,
 'test_mode': False,
 'ti': <TaskInstance: my_dag_name.print_the_context scheduled__2021-10-12T00:00:00+00:00 [running]>,
 'tomorrow_ds': <Proxy at 0x7763646bbf40 with factory functools.partial(<function lazy_mapping_from_context.<locals>._deprecated_proxy_factory at 0x776364651940>, 'tomorrow_ds', '2021-10-13')>,
 'tomorrow_ds_nodash': <Proxy at 0x7763646bbfc0 with factory functools.partial(<function lazy_mapping_from_context.<locals>._deprecated_proxy_factory at 0x776364651940>, 'tomorrow_ds_nodash', '20211013')>,
 'triggering_dataset_events': <Proxy at 0x776364667e40 with factory <function _get_template_context.<locals>.get_triggering_events at 0x776364651440>>,
 'ts': '2021-10-12T00:00:00+00:00',
 'ts_nodash': '20211012T000000',
 'ts_nodash_with_tz': '20211012T000000+0000',
 'var': {'json': None, 'value': None},
 'yesterday_ds': <Proxy at 0x7763646bbf80 with factory functools.partial(<function lazy_mapping_from_context.<locals>._deprecated_proxy_factory at 0x776364651940>, 'yesterday_ds', '2021-10-11')>,
 'yesterday_ds_nodash': <Proxy at 0x7763646bbf00 with factory functools.partial(<function lazy_mapping_from_context.<locals>._deprecated_proxy_factory at 0x776364651940>, 'yesterday_ds_nodash', '20211011')>}
[2025-04-01T14:45:56.558+0000] {logging_mixin.py:190} INFO - 2021-10-12
[2025-04-01T14:45:56.574+0000] {python.py:240} INFO - Done. Returned value was: Whatever you return gets printed in the logs
[2025-04-01T14:45:56.771+0000] {taskinstance.py:341} INFO - ::group::Post task execution logs
[2025-04-01T14:45:56.772+0000] {taskinstance.py:353} INFO - Marking task as SUCCESS. dag_id=my_dag_name, task_id=print_the_context, run_id=scheduled__2021-10-12T00:00:00+00:00, execution_date=20211012T000000, start_date=20250401T144553, end_date=20250401T144556
[2025-04-01T14:45:57.275+0000] {logging_mixin.py:190} INFO - Task instance in success state
[2025-04-01T14:45:57.275+0000] {logging_mixin.py:190} INFO -  Previous state of the Task instance: running
[2025-04-01T14:45:57.276+0000] {logging_mixin.py:190} INFO - Dag name:my_dag_name queued_at:2025-04-01 14:45:23.003860+00:00
[2025-04-01T14:45:57.276+0000] {logging_mixin.py:190} INFO - Task hostname:900d630d7d5f operator:_PythonDecoratedOperator
[2025-04-01T14:45:57.441+0000] {local_task_job_runner.py:266} INFO - Task exited with return code 0
[2025-04-01T14:45:57.535+0000] {local_task_job_runner.py:245} INFO - ::endgroup::
