[2025-04-03T10:01:07.899+0000] {local_task_job_runner.py:123} INFO - ::group::Pre task execution logs
[2025-04-03T10:01:07.933+0000] {taskinstance.py:2614} INFO - Dependencies all met for dep_context=non-requeueable deps ti=<TaskInstance: my_dag_name.insert_query_job manual__2025-04-03T10:00:32.679430+00:00 [queued]>
[2025-04-03T10:01:07.951+0000] {taskinstance.py:2614} INFO - Dependencies all met for dep_context=requeueable deps ti=<TaskInstance: my_dag_name.insert_query_job manual__2025-04-03T10:00:32.679430+00:00 [queued]>
[2025-04-03T10:01:07.951+0000] {taskinstance.py:2867} INFO - Starting attempt 1 of 1
[2025-04-03T10:01:07.972+0000] {taskinstance.py:2890} INFO - Executing <Task(BigQueryInsertJobOperator): insert_query_job> on 2025-04-03 10:00:32.679430+00:00
[2025-04-03T10:01:07.985+0000] {warnings.py:112} WARNING - /home/***/.local/lib/python3.12/site-packages/***/task/task_runner/standard_task_runner.py:70: DeprecationWarning: This process (pid=1172) is multi-threaded, use of fork() may lead to deadlocks in the child.
  pid = os.fork()

[2025-04-03T10:01:07.988+0000] {standard_task_runner.py:72} INFO - Started process 1174 to run task
[2025-04-03T10:01:07.991+0000] {standard_task_runner.py:104} INFO - Running: ['***', 'tasks', 'run', 'my_dag_name', 'insert_query_job', 'manual__2025-04-03T10:00:32.679430+00:00', '--job-id', '65', '--raw', '--subdir', 'DAGS_FOLDER/intermediaire_table.py', '--cfg-path', '/tmp/tmpp_sqywrx']
[2025-04-03T10:01:07.993+0000] {standard_task_runner.py:105} INFO - Job 65: Subtask insert_query_job
[2025-04-03T10:01:08.064+0000] {task_command.py:467} INFO - Running <TaskInstance: my_dag_name.insert_query_job manual__2025-04-03T10:00:32.679430+00:00 [running]> on host d6badcb20287
[2025-04-03T10:01:08.211+0000] {taskinstance.py:3134} INFO - Exporting env vars: AIRFLOW_CTX_DAG_OWNER='***' AIRFLOW_CTX_DAG_ID='my_dag_name' AIRFLOW_CTX_TASK_ID='insert_query_job' AIRFLOW_CTX_EXECUTION_DATE='2025-04-03T10:00:32.679430+00:00' AIRFLOW_CTX_TRY_NUMBER='1' AIRFLOW_CTX_DAG_RUN_ID='manual__2025-04-03T10:00:32.679430+00:00'
[2025-04-03T10:01:08.214+0000] {logging_mixin.py:190} INFO - Task instance is in running state
[2025-04-03T10:01:08.214+0000] {logging_mixin.py:190} INFO -  Previous state of the Task instance: queued
[2025-04-03T10:01:08.215+0000] {logging_mixin.py:190} INFO - Current task name:insert_query_job state:running start_date:2025-04-03 10:01:07.933687+00:00
[2025-04-03T10:01:08.215+0000] {logging_mixin.py:190} INFO - Dag name:my_dag_name and current dag run status:running
[2025-04-03T10:01:08.215+0000] {taskinstance.py:732} INFO - ::endgroup::
[2025-04-03T10:01:08.241+0000] {base.py:84} INFO - Retrieving connection 'gcp_conn'
[2025-04-03T10:01:08.323+0000] {bigquery.py:2958} INFO - Executing: {'query': {'query': "\n        DELETE FROM `nlpfakenews.fake_news_detection.training_data`\n        WHERE id_news IN UNNEST(['1jqdoke', '1jqdjsw', '1jqdj5f', '1jqdido', '1jqdhq9', '1jqdg5s', '1jqdat4'])\n    ", 'useLegacySql': False, 'priority': 'BATCH'}}'
[2025-04-03T10:01:08.325+0000] {bigquery.py:1343} INFO - Inserting job ***_my_dag_name_insert_query_job_2025_04_03T10_00_32_679430_00_00_cb8ec4a4f32ed6beac2589eb6151149f
[2025-04-03T10:01:11.652+0000] {bigquery.py:2929} INFO - Job ***_my_dag_name_insert_query_job_2025_04_03T10_00_32_679430_00_00_cb8ec4a4f32ed6beac2589eb6151149f is completed. Checking the job status
[2025-04-03T10:01:11.685+0000] {taskinstance.py:341} INFO - ::group::Post task execution logs
[2025-04-03T10:01:11.686+0000] {taskinstance.py:353} INFO - Marking task as SUCCESS. dag_id=my_dag_name, task_id=insert_query_job, run_id=manual__2025-04-03T10:00:32.679430+00:00, execution_date=20250403T100032, start_date=20250403T100107, end_date=20250403T100111
[2025-04-03T10:01:11.724+0000] {logging_mixin.py:190} INFO - Task instance in success state
[2025-04-03T10:01:11.724+0000] {logging_mixin.py:190} INFO -  Previous state of the Task instance: running
[2025-04-03T10:01:11.725+0000] {logging_mixin.py:190} INFO - Dag name:my_dag_name queued_at:2025-04-03 10:00:32.698174+00:00
[2025-04-03T10:01:11.725+0000] {logging_mixin.py:190} INFO - Task hostname:d6badcb20287 operator:BigQueryInsertJobOperator
[2025-04-03T10:01:11.741+0000] {local_task_job_runner.py:266} INFO - Task exited with return code 0
[2025-04-03T10:01:11.774+0000] {taskinstance.py:3901} INFO - 0 downstream tasks scheduled from follow-on schedule check
[2025-04-03T10:01:11.777+0000] {local_task_job_runner.py:245} INFO - ::endgroup::
