[2025-04-03T10:59:13.927+0000] {local_task_job_runner.py:123} INFO - ::group::Pre task execution logs
[2025-04-03T10:59:13.962+0000] {taskinstance.py:2614} INFO - Dependencies all met for dep_context=non-requeueable deps ti=<TaskInstance: my_dag_name.create_bq_delete_query manual__2025-04-03T10:58:37.934377+00:00 [queued]>
[2025-04-03T10:59:13.977+0000] {taskinstance.py:2614} INFO - Dependencies all met for dep_context=requeueable deps ti=<TaskInstance: my_dag_name.create_bq_delete_query manual__2025-04-03T10:58:37.934377+00:00 [queued]>
[2025-04-03T10:59:13.978+0000] {taskinstance.py:2867} INFO - Starting attempt 1 of 1
[2025-04-03T10:59:14.001+0000] {taskinstance.py:2890} INFO - Executing <Task(PythonOperator): create_bq_delete_query> on 2025-04-03 10:58:37.934377+00:00
[2025-04-03T10:59:14.020+0000] {warnings.py:112} WARNING - /home/***/.local/lib/python3.12/site-packages/***/task/task_runner/standard_task_runner.py:70: DeprecationWarning: This process (pid=2078) is multi-threaded, use of fork() may lead to deadlocks in the child.
  pid = os.fork()

[2025-04-03T10:59:14.024+0000] {standard_task_runner.py:72} INFO - Started process 2080 to run task
[2025-04-03T10:59:14.026+0000] {standard_task_runner.py:104} INFO - Running: ['***', 'tasks', 'run', 'my_dag_name', 'create_bq_delete_query', 'manual__2025-04-03T10:58:37.934377+00:00', '--job-id', '106', '--raw', '--subdir', 'DAGS_FOLDER/intermediaire_table.py', '--cfg-path', '/tmp/tmpc2q4tnma']
[2025-04-03T10:59:14.029+0000] {standard_task_runner.py:105} INFO - Job 106: Subtask create_bq_delete_query
[2025-04-03T10:59:14.105+0000] {task_command.py:467} INFO - Running <TaskInstance: my_dag_name.create_bq_delete_query manual__2025-04-03T10:58:37.934377+00:00 [running]> on host d6badcb20287
[2025-04-03T10:59:14.241+0000] {taskinstance.py:3134} INFO - Exporting env vars: AIRFLOW_CTX_DAG_OWNER='***' AIRFLOW_CTX_DAG_ID='my_dag_name' AIRFLOW_CTX_TASK_ID='create_bq_delete_query' AIRFLOW_CTX_EXECUTION_DATE='2025-04-03T10:58:37.934377+00:00' AIRFLOW_CTX_TRY_NUMBER='1' AIRFLOW_CTX_DAG_RUN_ID='manual__2025-04-03T10:58:37.934377+00:00'
[2025-04-03T10:59:14.244+0000] {logging_mixin.py:190} INFO - Task instance is in running state
[2025-04-03T10:59:14.245+0000] {logging_mixin.py:190} INFO -  Previous state of the Task instance: queued
[2025-04-03T10:59:14.245+0000] {logging_mixin.py:190} INFO - Current task name:create_bq_delete_query state:running start_date:2025-04-03 10:59:13.963090+00:00
[2025-04-03T10:59:14.246+0000] {logging_mixin.py:190} INFO - Dag name:my_dag_name and current dag run status:running
[2025-04-03T10:59:14.246+0000] {taskinstance.py:732} INFO - ::endgroup::
[2025-04-03T10:59:14.324+0000] {python.py:240} INFO - Done. Returned value was: 
        DELETE FROM `nlpfakenews.fake_news_detection.training_data`
        WHERE id_news IN UNNEST(['1jqfb2h', '1jqf7fm', '1jqf4gz', '1jqf0rp', '1jqexsr', '1jqeiiz', '1jqe6i5', '1jqe52q', '1jqe4eu', '1jqdjsw', '1jqdj5f', '1jqdido', '1jqdhq9', '1jqdaa6', '1jqd7f3', '1jqd1wp', '1jqcyyp', '1jqcyan', '1jqcxr8', '1jqcqxt', '1jqc9ax', '1jqbxdb', '1jqbfnd', '1jqbahu', '1jqb6td'])
    
[2025-04-03T10:59:14.365+0000] {taskinstance.py:341} INFO - ::group::Post task execution logs
[2025-04-03T10:59:14.366+0000] {taskinstance.py:353} INFO - Marking task as SUCCESS. dag_id=my_dag_name, task_id=create_bq_delete_query, run_id=manual__2025-04-03T10:58:37.934377+00:00, execution_date=20250403T105837, start_date=20250403T105913, end_date=20250403T105914
[2025-04-03T10:59:14.404+0000] {logging_mixin.py:190} INFO - Task instance in success state
[2025-04-03T10:59:14.405+0000] {logging_mixin.py:190} INFO -  Previous state of the Task instance: running
[2025-04-03T10:59:14.405+0000] {logging_mixin.py:190} INFO - Dag name:my_dag_name queued_at:2025-04-03 10:58:37.954528+00:00
[2025-04-03T10:59:14.406+0000] {logging_mixin.py:190} INFO - Task hostname:d6badcb20287 operator:PythonOperator
[2025-04-03T10:59:14.444+0000] {local_task_job_runner.py:266} INFO - Task exited with return code 0
[2025-04-03T10:59:14.490+0000] {taskinstance.py:3901} INFO - 1 downstream tasks scheduled from follow-on schedule check
[2025-04-03T10:59:14.492+0000] {local_task_job_runner.py:245} INFO - ::endgroup::
