[2025-04-02T08:07:56.768+0000] {local_task_job_runner.py:123} INFO - ::group::Pre task execution logs
[2025-04-02T08:07:56.961+0000] {taskinstance.py:2614} INFO - Dependencies all met for dep_context=non-requeueable deps ti=<TaskInstance: my_dag_name.create_table scheduled__2022-11-09T00:00:00+00:00 [queued]>
[2025-04-02T08:07:57.076+0000] {taskinstance.py:2614} INFO - Dependencies all met for dep_context=requeueable deps ti=<TaskInstance: my_dag_name.create_table scheduled__2022-11-09T00:00:00+00:00 [queued]>
[2025-04-02T08:07:57.077+0000] {taskinstance.py:2867} INFO - Starting attempt 1 of 1
[2025-04-02T08:07:57.206+0000] {taskinstance.py:2890} INFO - Executing <Task(BigQueryCreateTableOperator): create_table> on 2022-11-09 00:00:00+00:00
[2025-04-02T08:07:57.273+0000] {warnings.py:112} WARNING - /home/***/.local/lib/python3.12/site-packages/***/task/task_runner/standard_task_runner.py:70: DeprecationWarning: This process (pid=6101) is multi-threaded, use of fork() may lead to deadlocks in the child.
  pid = os.fork()

[2025-04-02T08:07:57.280+0000] {standard_task_runner.py:72} INFO - Started process 6142 to run task
[2025-04-02T08:07:57.297+0000] {standard_task_runner.py:104} INFO - Running: ['***', 'tasks', 'run', 'my_dag_name', 'create_table', 'scheduled__2022-11-09T00:00:00+00:00', '--job-id', '1375', '--raw', '--subdir', 'DAGS_FOLDER/con.py', '--cfg-path', '/tmp/tmpmdksozf9']
[2025-04-02T08:07:57.306+0000] {standard_task_runner.py:105} INFO - Job 1375: Subtask create_table
[2025-04-02T08:07:57.508+0000] {task_command.py:467} INFO - Running <TaskInstance: my_dag_name.create_table scheduled__2022-11-09T00:00:00+00:00 [running]> on host 900d630d7d5f
[2025-04-02T08:07:57.860+0000] {taskinstance.py:3134} INFO - Exporting env vars: AIRFLOW_CTX_DAG_OWNER='***' AIRFLOW_CTX_DAG_ID='my_dag_name' AIRFLOW_CTX_TASK_ID='create_table' AIRFLOW_CTX_EXECUTION_DATE='2022-11-09T00:00:00+00:00' AIRFLOW_CTX_TRY_NUMBER='1' AIRFLOW_CTX_DAG_RUN_ID='scheduled__2022-11-09T00:00:00+00:00'
[2025-04-02T08:07:57.879+0000] {logging_mixin.py:190} INFO - Task instance is in running state
[2025-04-02T08:07:57.886+0000] {logging_mixin.py:190} INFO -  Previous state of the Task instance: queued
[2025-04-02T08:07:57.887+0000] {logging_mixin.py:190} INFO - Current task name:create_table state:running start_date:2025-04-02 08:07:56.962133+00:00
[2025-04-02T08:07:57.888+0000] {logging_mixin.py:190} INFO - Dag name:my_dag_name and current dag run status:running
[2025-04-02T08:07:57.888+0000] {taskinstance.py:732} INFO - ::endgroup::
[2025-04-02T08:07:57.911+0000] {connection.py:277} WARNING - Connection schemes (type: google_cloud_platform) shall not contain '_' according to RFC3986.
[2025-04-02T08:07:57.926+0000] {base.py:84} INFO - Retrieving connection 'gcp_co'
[2025-04-02T08:07:57.928+0000] {bigquery.py:1274} INFO - Creating table...
[2025-04-02T08:07:58.260+0000] {bigquery.py:1304} INFO - Table fake_news_detection.training_data already exists.
[2025-04-02T08:07:58.412+0000] {taskinstance.py:341} INFO - ::group::Post task execution logs
[2025-04-02T08:07:58.418+0000] {taskinstance.py:353} INFO - Marking task as SUCCESS. dag_id=my_dag_name, task_id=create_table, run_id=scheduled__2022-11-09T00:00:00+00:00, execution_date=20221109T000000, start_date=20250402T080756, end_date=20250402T080758
[2025-04-02T08:07:58.532+0000] {logging_mixin.py:190} INFO - Task instance in success state
[2025-04-02T08:07:58.533+0000] {logging_mixin.py:190} INFO -  Previous state of the Task instance: running
[2025-04-02T08:07:58.537+0000] {logging_mixin.py:190} INFO - Dag name:my_dag_name queued_at:2025-04-02 08:06:50.616732+00:00
[2025-04-02T08:07:58.538+0000] {logging_mixin.py:190} INFO - Task hostname:900d630d7d5f operator:BigQueryCreateTableOperator
[2025-04-02T08:07:58.607+0000] {local_task_job_runner.py:266} INFO - Task exited with return code 0
[2025-04-02T08:07:58.645+0000] {taskinstance.py:3901} INFO - 0 downstream tasks scheduled from follow-on schedule check
[2025-04-02T08:07:58.648+0000] {local_task_job_runner.py:245} INFO - ::endgroup::
