[2025-04-03T09:04:58.208+0000] {local_task_job_runner.py:123} INFO - ::group::Pre task execution logs
[2025-04-03T09:04:58.262+0000] {taskinstance.py:2614} INFO - Dependencies all met for dep_context=non-requeueable deps ti=<TaskInstance: my_dag_name.fetch_xcom_data manual__2025-04-03T09:04:37.374725+00:00 [queued]>
[2025-04-03T09:04:58.287+0000] {taskinstance.py:2614} INFO - Dependencies all met for dep_context=requeueable deps ti=<TaskInstance: my_dag_name.fetch_xcom_data manual__2025-04-03T09:04:37.374725+00:00 [queued]>
[2025-04-03T09:04:58.288+0000] {taskinstance.py:2867} INFO - Starting attempt 1 of 1
[2025-04-03T09:04:58.318+0000] {taskinstance.py:2890} INFO - Executing <Task(PythonOperator): fetch_xcom_data> on 2025-04-03 09:04:37.374725+00:00
[2025-04-03T09:04:58.338+0000] {warnings.py:112} WARNING - /home/***/.local/lib/python3.12/site-packages/***/task/task_runner/standard_task_runner.py:70: DeprecationWarning: This process (pid=309) is multi-threaded, use of fork() may lead to deadlocks in the child.
  pid = os.fork()

[2025-04-03T09:04:58.341+0000] {standard_task_runner.py:72} INFO - Started process 311 to run task
[2025-04-03T09:04:58.343+0000] {standard_task_runner.py:104} INFO - Running: ['***', 'tasks', 'run', 'my_dag_name', 'fetch_xcom_data', 'manual__2025-04-03T09:04:37.374725+00:00', '--job-id', '23', '--raw', '--subdir', 'DAGS_FOLDER/intermediaire_table.py', '--cfg-path', '/tmp/tmphzccu2d3']
[2025-04-03T09:04:58.346+0000] {standard_task_runner.py:105} INFO - Job 23: Subtask fetch_xcom_data
[2025-04-03T09:04:58.421+0000] {task_command.py:467} INFO - Running <TaskInstance: my_dag_name.fetch_xcom_data manual__2025-04-03T09:04:37.374725+00:00 [running]> on host d6badcb20287
[2025-04-03T09:04:58.568+0000] {taskinstance.py:3134} INFO - Exporting env vars: AIRFLOW_CTX_DAG_OWNER='***' AIRFLOW_CTX_DAG_ID='my_dag_name' AIRFLOW_CTX_TASK_ID='fetch_xcom_data' AIRFLOW_CTX_EXECUTION_DATE='2025-04-03T09:04:37.374725+00:00' AIRFLOW_CTX_TRY_NUMBER='1' AIRFLOW_CTX_DAG_RUN_ID='manual__2025-04-03T09:04:37.374725+00:00'
[2025-04-03T09:04:58.572+0000] {logging_mixin.py:190} INFO - Task instance is in running state
[2025-04-03T09:04:58.573+0000] {logging_mixin.py:190} INFO -  Previous state of the Task instance: queued
[2025-04-03T09:04:58.573+0000] {logging_mixin.py:190} INFO - Current task name:fetch_xcom_data state:running start_date:2025-04-03 09:04:58.263017+00:00
[2025-04-03T09:04:58.574+0000] {logging_mixin.py:190} INFO - Dag name:my_dag_name and current dag run status:running
[2025-04-03T09:04:58.574+0000] {taskinstance.py:732} INFO - ::endgroup::
[2025-04-03T09:04:58.809+0000] {logging_mixin.py:190} INFO - Résultat 1 :     id_news  ... scrapping_status
0   1jqdjsw  ...             True
1   1jqdj5f  ...             True
2   1jqdido  ...            False
3   1jqdhq9  ...             True
4   1jqdg5s  ...             True
5   1jqdat4  ...             True
6   1jqdaa6  ...             True
7   1jqd7f3  ...            False
8   1jqd67f  ...             True
9   1jqd1wp  ...             True
10  1jqcyyp  ...             True
11  1jqcyan  ...             True
12  1jqcxr8  ...             True
13  1jqcqxt  ...             True
14  1jqc9ax  ...             True
15  1jqbxdb  ...             True
16  1jqbprr  ...             True
17  1jqbfnd  ...             True
18  1jqbfe9  ...             True
19  1jqbahu  ...             True
20  1jqb6td  ...             True
21  1jqb5c7  ...             True
22  1jqb543  ...             True
23  1jqb42b  ...             True
24  1jqa69t  ...            False

[25 rows x 8 columns]
[2025-04-03T09:04:58.809+0000] {logging_mixin.py:190} INFO - Résultat 2 : ['1jqdjsw', '1jqdj5f', '1jqdido', '1jqdhq9', '1jqdg5s', '1jqdat4', '1jqdaa6', '1jqd7f3', '1jqd67f', '1jqd1wp', '1jqcyyp', '1jqcyan', '1jqcxr8', '1jqcqxt', '1jqc9ax', '1jqbxdb', '1jqbprr', '1jqbfnd', '1jqbfe9', '1jqbahu', '1jqb6td', '1jqb5c7', '1jqb543', '1jqb42b', '1jqa69t']
[2025-04-03T09:04:58.810+0000] {python.py:240} INFO - Done. Returned value was: None
[2025-04-03T09:04:58.825+0000] {taskinstance.py:341} INFO - ::group::Post task execution logs
[2025-04-03T09:04:58.826+0000] {taskinstance.py:353} INFO - Marking task as SUCCESS. dag_id=my_dag_name, task_id=fetch_xcom_data, run_id=manual__2025-04-03T09:04:37.374725+00:00, execution_date=20250403T090437, start_date=20250403T090458, end_date=20250403T090458
[2025-04-03T09:04:58.866+0000] {logging_mixin.py:190} INFO - Task instance in success state
[2025-04-03T09:04:58.867+0000] {logging_mixin.py:190} INFO -  Previous state of the Task instance: running
[2025-04-03T09:04:58.867+0000] {logging_mixin.py:190} INFO - Dag name:my_dag_name queued_at:2025-04-03 09:04:37.402938+00:00
[2025-04-03T09:04:58.868+0000] {logging_mixin.py:190} INFO - Task hostname:d6badcb20287 operator:PythonOperator
[2025-04-03T09:04:58.921+0000] {local_task_job_runner.py:266} INFO - Task exited with return code 0
[2025-04-03T09:04:58.948+0000] {taskinstance.py:3901} INFO - 0 downstream tasks scheduled from follow-on schedule check
[2025-04-03T09:04:58.950+0000] {local_task_job_runner.py:245} INFO - ::endgroup::
