[2025-04-01T14:24:42.640+0000] {local_task_job_runner.py:123} INFO - ::group::Pre task execution logs
[2025-04-01T14:24:42.791+0000] {taskinstance.py:2614} INFO - Dependencies all met for dep_context=non-requeueable deps ti=<TaskInstance: my_dag_name.print_the_context manual__2025-04-01T14:24:13.177042+00:00 [queued]>
[2025-04-01T14:24:42.834+0000] {taskinstance.py:2614} INFO - Dependencies all met for dep_context=requeueable deps ti=<TaskInstance: my_dag_name.print_the_context manual__2025-04-01T14:24:13.177042+00:00 [queued]>
[2025-04-01T14:24:42.838+0000] {taskinstance.py:2867} INFO - Starting attempt 1 of 1
[2025-04-01T14:24:42.896+0000] {taskinstance.py:2890} INFO - Executing <Task(_PythonDecoratedOperator): print_the_context> on 2025-04-01 14:24:13.177042+00:00
[2025-04-01T14:24:42.942+0000] {warnings.py:112} WARNING - /home/***/.local/lib/python3.12/site-packages/***/task/task_runner/standard_task_runner.py:70: DeprecationWarning: This process (pid=232) is multi-threaded, use of fork() may lead to deadlocks in the child.
  pid = os.fork()

[2025-04-01T14:24:42.955+0000] {standard_task_runner.py:72} INFO - Started process 253 to run task
[2025-04-01T14:24:42.968+0000] {standard_task_runner.py:104} INFO - Running: ['***', 'tasks', 'run', 'my_dag_name', 'print_the_context', 'manual__2025-04-01T14:24:13.177042+00:00', '--job-id', '34', '--raw', '--subdir', 'DAGS_FOLDER/con.py', '--cfg-path', '/tmp/tmpini73wd8']
[2025-04-01T14:24:42.979+0000] {standard_task_runner.py:105} INFO - Job 34: Subtask print_the_context
[2025-04-01T14:24:43.265+0000] {task_command.py:467} INFO - Running <TaskInstance: my_dag_name.print_the_context manual__2025-04-01T14:24:13.177042+00:00 [running]> on host 900d630d7d5f
[2025-04-01T14:24:43.924+0000] {taskinstance.py:3134} INFO - Exporting env vars: AIRFLOW_CTX_DAG_OWNER='***' AIRFLOW_CTX_DAG_ID='my_dag_name' AIRFLOW_CTX_TASK_ID='print_the_context' AIRFLOW_CTX_EXECUTION_DATE='2025-04-01T14:24:13.177042+00:00' AIRFLOW_CTX_TRY_NUMBER='1' AIRFLOW_CTX_DAG_RUN_ID='manual__2025-04-01T14:24:13.177042+00:00'
[2025-04-01T14:24:43.932+0000] {logging_mixin.py:190} INFO - Task instance is in running state
[2025-04-01T14:24:43.936+0000] {logging_mixin.py:190} INFO -  Previous state of the Task instance: queued
[2025-04-01T14:24:43.937+0000] {logging_mixin.py:190} INFO - Current task name:print_the_context state:running start_date:2025-04-01 14:24:42.796273+00:00
[2025-04-01T14:24:43.938+0000] {logging_mixin.py:190} INFO - Dag name:my_dag_name and current dag run status:running
[2025-04-01T14:24:43.940+0000] {taskinstance.py:732} INFO - ::endgroup::
[2025-04-01T14:24:43.988+0000] {logging_mixin.py:190} INFO - {'conf': <Proxy at 0x7763647d82c0 with factory functools.partial(<function lazy_mapping_from_context.<locals>._deprecated_proxy_factory at 0x776364636160>, 'conf', <***.configuration.AirflowConfigParser object at 0x7763844f8cb0>)>,
 'conn': None,
 'dag': <DAG: my_dag_name>,
 'dag_run': <DagRun my_dag_name @ 2025-04-01 14:24:13.177042+00:00: manual__2025-04-01T14:24:13.177042+00:00, state:running, queued_at: 2025-04-01 14:24:13.884097+00:00. externally triggered: True>,
 'data_interval_end': DateTime(2025, 4, 1, 0, 0, 0, tzinfo=Timezone('UTC')),
 'data_interval_start': DateTime(2025, 3, 31, 0, 0, 0, tzinfo=Timezone('UTC')),
 'ds_nodash': '20250401',
 'execution_date': <Proxy at 0x7763647ed8c0 with factory functools.partial(<function lazy_mapping_from_context.<locals>._deprecated_proxy_factory at 0x776364636160>, 'execution_date', DateTime(2025, 4, 1, 14, 24, 13, 177042, tzinfo=Timezone('UTC')))>,
 'expanded_ti_count': None,
 'inlet_events': InletEventsAccessors(_inlets=[], _datasets={}, _dataset_aliases={}, _session=<sqlalchemy.orm.session.Session object at 0x776383db5370>),
 'inlets': [],
 'logical_date': DateTime(2025, 4, 1, 14, 24, 13, 177042, tzinfo=Timezone('UTC')),
 'macros': <module '***.macros' from '/home/***/.local/lib/python3.12/site-packages/***/macros/__init__.py'>,
 'map_index_template': None,
 'next_ds': <Proxy at 0x7763646c0280 with factory functools.partial(<function lazy_mapping_from_context.<locals>._deprecated_proxy_factory at 0x776364636160>, 'next_ds', '2025-04-01')>,
 'next_ds_nodash': <Proxy at 0x77636478a3c0 with factory functools.partial(<function lazy_mapping_from_context.<locals>._deprecated_proxy_factory at 0x776364636160>, 'next_ds_nodash', '20250401')>,
 'next_execution_date': <Proxy at 0x77636464d040 with factory functools.partial(<function lazy_mapping_from_context.<locals>._deprecated_proxy_factory at 0x776364636160>, 'next_execution_date', DateTime(2025, 4, 1, 14, 24, 13, 177042, tzinfo=Timezone('UTC')))>,
 'outlet_events': <***.utils.context.OutletEventAccessors object at 0x776364649e80>,
 'outlets': [],
 'params': {},
 'prev_data_interval_end_success': DateTime(2025, 4, 1, 0, 0, 0, tzinfo=Timezone('UTC')),
 'prev_data_interval_start_success': DateTime(2025, 3, 31, 0, 0, 0, tzinfo=Timezone('UTC')),
 'prev_ds': <Proxy at 0x776364664d00 with factory functools.partial(<function lazy_mapping_from_context.<locals>._deprecated_proxy_factory at 0x776364636160>, 'prev_ds', '2025-04-01')>,
 'prev_ds_nodash': <Proxy at 0x77636483d0c0 with factory functools.partial(<function lazy_mapping_from_context.<locals>._deprecated_proxy_factory at 0x776364636160>, 'prev_ds_nodash', '20250401')>,
 'prev_end_date_success': DateTime(2025, 4, 1, 14, 24, 36, 667352, tzinfo=Timezone('UTC')),
 'prev_execution_date': <Proxy at 0x77636477dd00 with factory functools.partial(<function lazy_mapping_from_context.<locals>._deprecated_proxy_factory at 0x776364636160>, 'prev_execution_date', DateTime(2025, 4, 1, 14, 24, 13, 177042, tzinfo=Timezone('UTC')))>,
 'prev_execution_date_success': <Proxy at 0x7763646ccf00 with factory functools.partial(<function lazy_mapping_from_context.<locals>._deprecated_proxy_factory at 0x776364636160>, 'prev_execution_date_success', DateTime(2025, 4, 1, 14, 23, 43, 403143, tzinfo=Timezone('UTC')))>,
 'prev_start_date_success': DateTime(2025, 4, 1, 14, 23, 43, 614129, tzinfo=Timezone('UTC')),
 'run_id': 'manual__2025-04-01T14:24:13.177042+00:00',
 'task': <Task(_PythonDecoratedOperator): print_the_context>,
 'task_instance': <TaskInstance: my_dag_name.print_the_context manual__2025-04-01T14:24:13.177042+00:00 [running]>,
 'task_instance_key_str': 'my_dag_name__print_the_context__20250401',
 'templates_dict': None,
 'test_mode': False,
 'ti': <TaskInstance: my_dag_name.print_the_context manual__2025-04-01T14:24:13.177042+00:00 [running]>,
 'tomorrow_ds': <Proxy at 0x7763646cd200 with factory functools.partial(<function lazy_mapping_from_context.<locals>._deprecated_proxy_factory at 0x776364636160>, 'tomorrow_ds', '2025-04-02')>,
 'tomorrow_ds_nodash': <Proxy at 0x7763646cd240 with factory functools.partial(<function lazy_mapping_from_context.<locals>._deprecated_proxy_factory at 0x776364636160>, 'tomorrow_ds_nodash', '20250402')>,
 'triggering_dataset_events': <Proxy at 0x776364664e80 with factory <function _get_template_context.<locals>.get_triggering_events at 0x776364635c60>>,
 'ts': '2025-04-01T14:24:13.177042+00:00',
 'ts_nodash': '20250401T142413',
 'ts_nodash_with_tz': '20250401T142413.177042+0000',
 'var': {'json': None, 'value': None},
 'yesterday_ds': <Proxy at 0x7763646cd280 with factory functools.partial(<function lazy_mapping_from_context.<locals>._deprecated_proxy_factory at 0x776364636160>, 'yesterday_ds', '2025-03-31')>,
 'yesterday_ds_nodash': <Proxy at 0x7763646cd2c0 with factory functools.partial(<function lazy_mapping_from_context.<locals>._deprecated_proxy_factory at 0x776364636160>, 'yesterday_ds_nodash', '20250331')>}
[2025-04-01T14:24:43.990+0000] {logging_mixin.py:190} INFO - 2025-04-01
[2025-04-01T14:24:43.990+0000] {python.py:240} INFO - Done. Returned value was: Whatever you return gets printed in the logs
[2025-04-01T14:24:44.107+0000] {taskinstance.py:341} INFO - ::group::Post task execution logs
[2025-04-01T14:24:44.113+0000] {taskinstance.py:353} INFO - Marking task as SUCCESS. dag_id=my_dag_name, task_id=print_the_context, run_id=manual__2025-04-01T14:24:13.177042+00:00, execution_date=20250401T142413, start_date=20250401T142442, end_date=20250401T142444
[2025-04-01T14:24:44.255+0000] {logging_mixin.py:190} INFO - Task instance in success state
[2025-04-01T14:24:44.260+0000] {logging_mixin.py:190} INFO -  Previous state of the Task instance: running
[2025-04-01T14:24:44.260+0000] {logging_mixin.py:190} INFO - Dag name:my_dag_name queued_at:2025-04-01 14:24:13.884097+00:00
[2025-04-01T14:24:44.261+0000] {logging_mixin.py:190} INFO - Task hostname:900d630d7d5f operator:_PythonDecoratedOperator
[2025-04-01T14:24:44.347+0000] {local_task_job_runner.py:266} INFO - Task exited with return code 0
[2025-04-01T14:24:44.565+0000] {taskinstance.py:3901} INFO - 0 downstream tasks scheduled from follow-on schedule check
[2025-04-01T14:24:44.588+0000] {local_task_job_runner.py:245} INFO - ::endgroup::
