[2025-04-03T11:10:23.421+0000] {local_task_job_runner.py:123} INFO - ::group::Pre task execution logs
[2025-04-03T11:10:23.464+0000] {taskinstance.py:2614} INFO - Dependencies all met for dep_context=non-requeueable deps ti=<TaskInstance: my_dag_name.create_bq_delete_query manual__2025-04-03T11:09:49.495189+00:00 [queued]>
[2025-04-03T11:10:23.482+0000] {taskinstance.py:2614} INFO - Dependencies all met for dep_context=requeueable deps ti=<TaskInstance: my_dag_name.create_bq_delete_query manual__2025-04-03T11:09:49.495189+00:00 [queued]>
[2025-04-03T11:10:23.483+0000] {taskinstance.py:2867} INFO - Starting attempt 1 of 1
[2025-04-03T11:10:23.504+0000] {taskinstance.py:2890} INFO - Executing <Task(PythonOperator): create_bq_delete_query> on 2025-04-03 11:09:49.495189+00:00
[2025-04-03T11:10:23.517+0000] {warnings.py:112} WARNING - /home/***/.local/lib/python3.12/site-packages/***/task/task_runner/standard_task_runner.py:70: DeprecationWarning: This process (pid=2254) is multi-threaded, use of fork() may lead to deadlocks in the child.
  pid = os.fork()

[2025-04-03T11:10:23.520+0000] {standard_task_runner.py:72} INFO - Started process 2258 to run task
[2025-04-03T11:10:23.524+0000] {standard_task_runner.py:104} INFO - Running: ['***', 'tasks', 'run', 'my_dag_name', 'create_bq_delete_query', 'manual__2025-04-03T11:09:49.495189+00:00', '--job-id', '114', '--raw', '--subdir', 'DAGS_FOLDER/intermediaire_table.py', '--cfg-path', '/tmp/tmp_cq7mjnx']
[2025-04-03T11:10:23.526+0000] {standard_task_runner.py:105} INFO - Job 114: Subtask create_bq_delete_query
[2025-04-03T11:10:23.599+0000] {task_command.py:467} INFO - Running <TaskInstance: my_dag_name.create_bq_delete_query manual__2025-04-03T11:09:49.495189+00:00 [running]> on host d6badcb20287
[2025-04-03T11:10:23.823+0000] {taskinstance.py:3134} INFO - Exporting env vars: AIRFLOW_CTX_DAG_OWNER='***' AIRFLOW_CTX_DAG_ID='my_dag_name' AIRFLOW_CTX_TASK_ID='create_bq_delete_query' AIRFLOW_CTX_EXECUTION_DATE='2025-04-03T11:09:49.495189+00:00' AIRFLOW_CTX_TRY_NUMBER='1' AIRFLOW_CTX_DAG_RUN_ID='manual__2025-04-03T11:09:49.495189+00:00'
[2025-04-03T11:10:23.828+0000] {logging_mixin.py:190} INFO - Task instance is in running state
[2025-04-03T11:10:23.829+0000] {logging_mixin.py:190} INFO -  Previous state of the Task instance: queued
[2025-04-03T11:10:23.830+0000] {logging_mixin.py:190} INFO - Current task name:create_bq_delete_query state:running start_date:2025-04-03 11:10:23.465093+00:00
[2025-04-03T11:10:23.831+0000] {logging_mixin.py:190} INFO - Dag name:my_dag_name and current dag run status:running
[2025-04-03T11:10:23.832+0000] {taskinstance.py:732} INFO - ::endgroup::
[2025-04-03T11:10:23.923+0000] {python.py:240} INFO - Done. Returned value was: 
        DELETE FROM `nlpfakenews.fake_news_detection.training_data`
        WHERE id_news IN UNNEST(['1jqfkc7', '1jqf7fm', '1jqf4gz', '1jqe6i5', '1jqe52q', '1jqe4eu', '1jqdjsw', '1jqdj5f', '1jqdhq9', '1jqdaa6', '1jqd7f3', '1jqd1wp', '1jqcyyp', '1jqcyan', '1jqcxr8', '1jqcqxt', '1jqc9ax', '1jqbxdb', '1jqbfnd', '1jqbahu', '1jqb6td', '1jqb5c7', '1jqb543', '1jqb42b', '1jqa69t'])
    
[2025-04-03T11:10:23.960+0000] {taskinstance.py:341} INFO - ::group::Post task execution logs
[2025-04-03T11:10:23.961+0000] {taskinstance.py:353} INFO - Marking task as SUCCESS. dag_id=my_dag_name, task_id=create_bq_delete_query, run_id=manual__2025-04-03T11:09:49.495189+00:00, execution_date=20250403T110949, start_date=20250403T111023, end_date=20250403T111023
[2025-04-03T11:10:23.996+0000] {logging_mixin.py:190} INFO - Task instance in success state
[2025-04-03T11:10:23.997+0000] {logging_mixin.py:190} INFO -  Previous state of the Task instance: running
[2025-04-03T11:10:23.997+0000] {logging_mixin.py:190} INFO - Dag name:my_dag_name queued_at:2025-04-03 11:09:50.628713+00:00
[2025-04-03T11:10:23.998+0000] {logging_mixin.py:190} INFO - Task hostname:d6badcb20287 operator:PythonOperator
[2025-04-03T11:10:24.028+0000] {local_task_job_runner.py:266} INFO - Task exited with return code 0
[2025-04-03T11:10:24.074+0000] {taskinstance.py:3901} INFO - 1 downstream tasks scheduled from follow-on schedule check
[2025-04-03T11:10:24.076+0000] {local_task_job_runner.py:245} INFO - ::endgroup::
