[2025-04-01T14:48:17.620+0000] {local_task_job_runner.py:123} INFO - ::group::Pre task execution logs
[2025-04-01T14:48:17.849+0000] {taskinstance.py:2614} INFO - Dependencies all met for dep_context=non-requeueable deps ti=<TaskInstance: my_dag_name.print_the_context scheduled__2021-11-12T00:00:00+00:00 [queued]>
[2025-04-01T14:48:17.934+0000] {taskinstance.py:2614} INFO - Dependencies all met for dep_context=requeueable deps ti=<TaskInstance: my_dag_name.print_the_context scheduled__2021-11-12T00:00:00+00:00 [queued]>
[2025-04-01T14:48:17.945+0000] {taskinstance.py:2867} INFO - Starting attempt 1 of 1
[2025-04-01T14:48:18.038+0000] {taskinstance.py:2890} INFO - Executing <Task(_PythonDecoratedOperator): print_the_context> on 2021-11-12 00:00:00+00:00
[2025-04-01T14:48:18.148+0000] {warnings.py:112} WARNING - /home/***/.local/lib/python3.12/site-packages/***/task/task_runner/standard_task_runner.py:70: DeprecationWarning: This process (pid=2839) is multi-threaded, use of fork() may lead to deadlocks in the child.
  pid = os.fork()

[2025-04-01T14:48:18.182+0000] {standard_task_runner.py:72} INFO - Started process 2884 to run task
[2025-04-01T14:48:18.191+0000] {standard_task_runner.py:104} INFO - Running: ['***', 'tasks', 'run', 'my_dag_name', 'print_the_context', 'scheduled__2021-11-12T00:00:00+00:00', '--job-id', '631', '--raw', '--subdir', 'DAGS_FOLDER/con.py', '--cfg-path', '/tmp/tmpwtx7e8lt']
[2025-04-01T14:48:18.214+0000] {standard_task_runner.py:105} INFO - Job 631: Subtask print_the_context
[2025-04-01T14:48:18.560+0000] {task_command.py:467} INFO - Running <TaskInstance: my_dag_name.print_the_context scheduled__2021-11-12T00:00:00+00:00 [running]> on host 900d630d7d5f
[2025-04-01T14:48:19.241+0000] {taskinstance.py:3134} INFO - Exporting env vars: AIRFLOW_CTX_DAG_OWNER='***' AIRFLOW_CTX_DAG_ID='my_dag_name' AIRFLOW_CTX_TASK_ID='print_the_context' AIRFLOW_CTX_EXECUTION_DATE='2021-11-12T00:00:00+00:00' AIRFLOW_CTX_TRY_NUMBER='1' AIRFLOW_CTX_DAG_RUN_ID='scheduled__2021-11-12T00:00:00+00:00'
[2025-04-01T14:48:19.250+0000] {logging_mixin.py:190} INFO - Task instance is in running state
[2025-04-01T14:48:19.251+0000] {logging_mixin.py:190} INFO -  Previous state of the Task instance: queued
[2025-04-01T14:48:19.252+0000] {logging_mixin.py:190} INFO - Current task name:print_the_context state:running start_date:2025-04-01 14:48:17.849770+00:00
[2025-04-01T14:48:19.252+0000] {logging_mixin.py:190} INFO - Dag name:my_dag_name and current dag run status:running
[2025-04-01T14:48:19.252+0000] {taskinstance.py:732} INFO - ::endgroup::
[2025-04-01T14:48:19.340+0000] {logging_mixin.py:190} INFO - {'conf': <Proxy at 0x7763646a3880 with factory functools.partial(<function lazy_mapping_from_context.<locals>._deprecated_proxy_factory at 0x776364651300>, 'conf', <***.configuration.AirflowConfigParser object at 0x7763844f8cb0>)>,
 'conn': None,
 'dag': <DAG: my_dag_name>,
 'dag_run': <DagRun my_dag_name @ 2021-11-12 00:00:00+00:00: scheduled__2021-11-12T00:00:00+00:00, state:running, queued_at: 2025-04-01 14:47:48.980913+00:00. externally triggered: False>,
 'data_interval_end': DateTime(2021, 11, 13, 0, 0, 0, tzinfo=Timezone('UTC')),
 'data_interval_start': DateTime(2021, 11, 12, 0, 0, 0, tzinfo=Timezone('UTC')),
 'ds_nodash': '20211112',
 'execution_date': <Proxy at 0x776364628280 with factory functools.partial(<function lazy_mapping_from_context.<locals>._deprecated_proxy_factory at 0x776364651300>, 'execution_date', DateTime(2021, 11, 12, 0, 0, 0, tzinfo=Timezone('UTC')))>,
 'expanded_ti_count': None,
 'inlet_events': InletEventsAccessors(_inlets=[], _datasets={}, _dataset_aliases={}, _session=<sqlalchemy.orm.session.Session object at 0x776364714f50>),
 'inlets': [],
 'logical_date': DateTime(2021, 11, 12, 0, 0, 0, tzinfo=Timezone('UTC')),
 'macros': <module '***.macros' from '/home/***/.local/lib/python3.12/site-packages/***/macros/__init__.py'>,
 'map_index_template': None,
 'next_ds': <Proxy at 0x77636462c080 with factory functools.partial(<function lazy_mapping_from_context.<locals>._deprecated_proxy_factory at 0x776364651300>, 'next_ds', '2021-11-13')>,
 'next_ds_nodash': <Proxy at 0x7763646c0c00 with factory functools.partial(<function lazy_mapping_from_context.<locals>._deprecated_proxy_factory at 0x776364651300>, 'next_ds_nodash', '20211113')>,
 'next_execution_date': <Proxy at 0x7763646c0c80 with factory functools.partial(<function lazy_mapping_from_context.<locals>._deprecated_proxy_factory at 0x776364651300>, 'next_execution_date', DateTime(2021, 11, 13, 0, 0, 0, tzinfo=Timezone('UTC')))>,
 'outlet_events': <***.utils.context.OutletEventAccessors object at 0x77636463dca0>,
 'outlets': [],
 'params': {},
 'prev_data_interval_end_success': DateTime(2021, 11, 4, 0, 0, 0, tzinfo=Timezone('UTC')),
 'prev_data_interval_start_success': DateTime(2021, 11, 3, 0, 0, 0, tzinfo=Timezone('UTC')),
 'prev_ds': <Proxy at 0x7763646c0840 with factory functools.partial(<function lazy_mapping_from_context.<locals>._deprecated_proxy_factory at 0x776364651300>, 'prev_ds', '2021-11-11')>,
 'prev_ds_nodash': <Proxy at 0x7763646c0b80 with factory functools.partial(<function lazy_mapping_from_context.<locals>._deprecated_proxy_factory at 0x776364651300>, 'prev_ds_nodash', '20211111')>,
 'prev_end_date_success': DateTime(2025, 4, 1, 14, 47, 44, 449070, tzinfo=Timezone('UTC')),
 'prev_execution_date': <Proxy at 0x7763646c0800 with factory functools.partial(<function lazy_mapping_from_context.<locals>._deprecated_proxy_factory at 0x776364651300>, 'prev_execution_date', DateTime(2021, 11, 11, 0, 0, 0, tzinfo=Timezone('UTC')))>,
 'prev_execution_date_success': <Proxy at 0x7763646c0680 with factory functools.partial(<function lazy_mapping_from_context.<locals>._deprecated_proxy_factory at 0x776364651300>, 'prev_execution_date_success', DateTime(2021, 11, 3, 0, 0, 0, tzinfo=Timezone('UTC')))>,
 'prev_start_date_success': DateTime(2025, 4, 1, 14, 47, 6, 558436, tzinfo=Timezone('UTC')),
 'run_id': 'scheduled__2021-11-12T00:00:00+00:00',
 'task': <Task(_PythonDecoratedOperator): print_the_context>,
 'task_instance': <TaskInstance: my_dag_name.print_the_context scheduled__2021-11-12T00:00:00+00:00 [running]>,
 'task_instance_key_str': 'my_dag_name__print_the_context__20211112',
 'templates_dict': None,
 'test_mode': False,
 'ti': <TaskInstance: my_dag_name.print_the_context scheduled__2021-11-12T00:00:00+00:00 [running]>,
 'tomorrow_ds': <Proxy at 0x7763646c0640 with factory functools.partial(<function lazy_mapping_from_context.<locals>._deprecated_proxy_factory at 0x776364651300>, 'tomorrow_ds', '2021-11-13')>,
 'tomorrow_ds_nodash': <Proxy at 0x7763646c0600 with factory functools.partial(<function lazy_mapping_from_context.<locals>._deprecated_proxy_factory at 0x776364651300>, 'tomorrow_ds_nodash', '20211113')>,
 'triggering_dataset_events': <Proxy at 0x77636465b040 with factory <function _get_template_context.<locals>.get_triggering_events at 0x776364650e00>>,
 'ts': '2021-11-12T00:00:00+00:00',
 'ts_nodash': '20211112T000000',
 'ts_nodash_with_tz': '20211112T000000+0000',
 'var': {'json': None, 'value': None},
 'yesterday_ds': <Proxy at 0x7763646c0480 with factory functools.partial(<function lazy_mapping_from_context.<locals>._deprecated_proxy_factory at 0x776364651300>, 'yesterday_ds', '2021-11-11')>,
 'yesterday_ds_nodash': <Proxy at 0x7763646c0440 with factory functools.partial(<function lazy_mapping_from_context.<locals>._deprecated_proxy_factory at 0x776364651300>, 'yesterday_ds_nodash', '20211111')>}
[2025-04-01T14:48:19.342+0000] {logging_mixin.py:190} INFO - 2021-11-12
[2025-04-01T14:48:19.351+0000] {python.py:240} INFO - Done. Returned value was: Whatever you return gets printed in the logs
[2025-04-01T14:48:19.576+0000] {taskinstance.py:341} INFO - ::group::Post task execution logs
[2025-04-01T14:48:19.594+0000] {taskinstance.py:353} INFO - Marking task as SUCCESS. dag_id=my_dag_name, task_id=print_the_context, run_id=scheduled__2021-11-12T00:00:00+00:00, execution_date=20211112T000000, start_date=20250401T144817, end_date=20250401T144819
[2025-04-01T14:48:19.814+0000] {logging_mixin.py:190} INFO - Task instance in success state
[2025-04-01T14:48:19.823+0000] {logging_mixin.py:190} INFO -  Previous state of the Task instance: running
[2025-04-01T14:48:19.824+0000] {logging_mixin.py:190} INFO - Dag name:my_dag_name queued_at:2025-04-01 14:47:48.980913+00:00
[2025-04-01T14:48:19.827+0000] {logging_mixin.py:190} INFO - Task hostname:900d630d7d5f operator:_PythonDecoratedOperator
[2025-04-01T14:48:20.043+0000] {local_task_job_runner.py:266} INFO - Task exited with return code 0
[2025-04-01T14:48:20.137+0000] {local_task_job_runner.py:245} INFO - ::endgroup::
