[2025-04-01T15:04:31.463+0000] {local_task_job_runner.py:123} INFO - ::group::Pre task execution logs
[2025-04-01T15:04:31.707+0000] {taskinstance.py:2614} INFO - Dependencies all met for dep_context=non-requeueable deps ti=<TaskInstance: my_dag_name.print_the_context scheduled__2022-06-16T00:00:00+00:00 [queued]>
[2025-04-01T15:04:31.789+0000] {taskinstance.py:2614} INFO - Dependencies all met for dep_context=requeueable deps ti=<TaskInstance: my_dag_name.print_the_context scheduled__2022-06-16T00:00:00+00:00 [queued]>
[2025-04-01T15:04:31.792+0000] {taskinstance.py:2867} INFO - Starting attempt 1 of 1
[2025-04-01T15:04:32.333+0000] {taskinstance.py:2890} INFO - Executing <Task(_PythonDecoratedOperator): print_the_context> on 2022-06-16 00:00:00+00:00
[2025-04-01T15:04:32.465+0000] {warnings.py:112} WARNING - /home/***/.local/lib/python3.12/site-packages/***/task/task_runner/standard_task_runner.py:70: DeprecationWarning: This process (pid=4696) is multi-threaded, use of fork() may lead to deadlocks in the child.
  pid = os.fork()

[2025-04-01T15:04:32.491+0000] {standard_task_runner.py:72} INFO - Started process 4749 to run task
[2025-04-01T15:04:32.515+0000] {standard_task_runner.py:104} INFO - Running: ['***', 'tasks', 'run', 'my_dag_name', 'print_the_context', 'scheduled__2022-06-16T00:00:00+00:00', '--job-id', '1054', '--raw', '--subdir', 'DAGS_FOLDER/con.py', '--cfg-path', '/tmp/tmpp5sgpyu0']
[2025-04-01T15:04:32.542+0000] {standard_task_runner.py:105} INFO - Job 1054: Subtask print_the_context
[2025-04-01T15:04:32.942+0000] {task_command.py:467} INFO - Running <TaskInstance: my_dag_name.print_the_context scheduled__2022-06-16T00:00:00+00:00 [running]> on host 900d630d7d5f
[2025-04-01T15:04:33.642+0000] {taskinstance.py:3134} INFO - Exporting env vars: AIRFLOW_CTX_DAG_OWNER='***' AIRFLOW_CTX_DAG_ID='my_dag_name' AIRFLOW_CTX_TASK_ID='print_the_context' AIRFLOW_CTX_EXECUTION_DATE='2022-06-16T00:00:00+00:00' AIRFLOW_CTX_TRY_NUMBER='1' AIRFLOW_CTX_DAG_RUN_ID='scheduled__2022-06-16T00:00:00+00:00'
[2025-04-01T15:04:33.667+0000] {logging_mixin.py:190} INFO - Task instance is in running state
[2025-04-01T15:04:33.672+0000] {logging_mixin.py:190} INFO -  Previous state of the Task instance: queued
[2025-04-01T15:04:33.694+0000] {logging_mixin.py:190} INFO - Current task name:print_the_context state:running start_date:2025-04-01 15:04:31.715301+00:00
[2025-04-01T15:04:33.695+0000] {logging_mixin.py:190} INFO - Dag name:my_dag_name and current dag run status:running
[2025-04-01T15:04:33.696+0000] {taskinstance.py:732} INFO - ::endgroup::
[2025-04-01T15:04:33.901+0000] {logging_mixin.py:190} INFO - {'conf': <Proxy at 0x77636469a700 with factory functools.partial(<function lazy_mapping_from_context.<locals>._deprecated_proxy_factory at 0x776364651e40>, 'conf', <***.configuration.AirflowConfigParser object at 0x7763844f8cb0>)>,
 'conn': None,
 'dag': <DAG: my_dag_name>,
 'dag_run': <DagRun my_dag_name @ 2022-06-16 00:00:00+00:00: scheduled__2022-06-16T00:00:00+00:00, state:running, queued_at: 2025-04-01 15:04:04.176616+00:00. externally triggered: False>,
 'data_interval_end': DateTime(2022, 6, 17, 0, 0, 0, tzinfo=Timezone('UTC')),
 'data_interval_start': DateTime(2022, 6, 16, 0, 0, 0, tzinfo=Timezone('UTC')),
 'ds_nodash': '20220616',
 'execution_date': <Proxy at 0x7763647f0480 with factory functools.partial(<function lazy_mapping_from_context.<locals>._deprecated_proxy_factory at 0x776364651e40>, 'execution_date', DateTime(2022, 6, 16, 0, 0, 0, tzinfo=Timezone('UTC')))>,
 'expanded_ti_count': None,
 'inlet_events': InletEventsAccessors(_inlets=[], _datasets={}, _dataset_aliases={}, _session=<sqlalchemy.orm.session.Session object at 0x776383db6db0>),
 'inlets': [],
 'logical_date': DateTime(2022, 6, 16, 0, 0, 0, tzinfo=Timezone('UTC')),
 'macros': <module '***.macros' from '/home/***/.local/lib/python3.12/site-packages/***/macros/__init__.py'>,
 'map_index_template': None,
 'next_ds': <Proxy at 0x776364715d80 with factory functools.partial(<function lazy_mapping_from_context.<locals>._deprecated_proxy_factory at 0x776364651e40>, 'next_ds', '2022-06-17')>,
 'next_ds_nodash': <Proxy at 0x7763646ccf40 with factory functools.partial(<function lazy_mapping_from_context.<locals>._deprecated_proxy_factory at 0x776364651e40>, 'next_ds_nodash', '20220617')>,
 'next_execution_date': <Proxy at 0x7763646ccf00 with factory functools.partial(<function lazy_mapping_from_context.<locals>._deprecated_proxy_factory at 0x776364651e40>, 'next_execution_date', DateTime(2022, 6, 17, 0, 0, 0, tzinfo=Timezone('UTC')))>,
 'outlet_events': <***.utils.context.OutletEventAccessors object at 0x7763646468d0>,
 'outlets': [],
 'params': {},
 'prev_data_interval_end_success': DateTime(2022, 6, 2, 0, 0, 0, tzinfo=Timezone('UTC')),
 'prev_data_interval_start_success': DateTime(2022, 6, 1, 0, 0, 0, tzinfo=Timezone('UTC')),
 'prev_ds': <Proxy at 0x7763646ccd80 with factory functools.partial(<function lazy_mapping_from_context.<locals>._deprecated_proxy_factory at 0x776364651e40>, 'prev_ds', '2022-06-15')>,
 'prev_ds_nodash': <Proxy at 0x7763646cd0c0 with factory functools.partial(<function lazy_mapping_from_context.<locals>._deprecated_proxy_factory at 0x776364651e40>, 'prev_ds_nodash', '20220615')>,
 'prev_end_date_success': DateTime(2025, 4, 1, 15, 3, 54, 650042, tzinfo=Timezone('UTC')),
 'prev_execution_date': <Proxy at 0x7763646cd240 with factory functools.partial(<function lazy_mapping_from_context.<locals>._deprecated_proxy_factory at 0x776364651e40>, 'prev_execution_date', DateTime(2022, 6, 15, 0, 0, 0, tzinfo=Timezone('UTC')))>,
 'prev_execution_date_success': <Proxy at 0x7763646cd280 with factory functools.partial(<function lazy_mapping_from_context.<locals>._deprecated_proxy_factory at 0x776364651e40>, 'prev_execution_date_success', DateTime(2022, 6, 1, 0, 0, 0, tzinfo=Timezone('UTC')))>,
 'prev_start_date_success': DateTime(2025, 4, 1, 15, 2, 41, 139239, tzinfo=Timezone('UTC')),
 'run_id': 'scheduled__2022-06-16T00:00:00+00:00',
 'task': <Task(_PythonDecoratedOperator): print_the_context>,
 'task_instance': <TaskInstance: my_dag_name.print_the_context scheduled__2022-06-16T00:00:00+00:00 [running]>,
 'task_instance_key_str': 'my_dag_name__print_the_context__20220616',
 'templates_dict': None,
 'test_mode': False,
 'ti': <TaskInstance: my_dag_name.print_the_context scheduled__2022-06-16T00:00:00+00:00 [running]>,
 'tomorrow_ds': <Proxy at 0x7763646cd2c0 with factory functools.partial(<function lazy_mapping_from_context.<locals>._deprecated_proxy_factory at 0x776364651e40>, 'tomorrow_ds', '2022-06-17')>,
 'tomorrow_ds_nodash': <Proxy at 0x7763646cd300 with factory functools.partial(<function lazy_mapping_from_context.<locals>._deprecated_proxy_factory at 0x776364651e40>, 'tomorrow_ds_nodash', '20220617')>,
 'triggering_dataset_events': <Proxy at 0x776364664f80 with factory <function _get_template_context.<locals>.get_triggering_events at 0x776364651940>>,
 'ts': '2022-06-16T00:00:00+00:00',
 'ts_nodash': '20220616T000000',
 'ts_nodash_with_tz': '20220616T000000+0000',
 'var': {'json': None, 'value': None},
 'yesterday_ds': <Proxy at 0x7763646cd340 with factory functools.partial(<function lazy_mapping_from_context.<locals>._deprecated_proxy_factory at 0x776364651e40>, 'yesterday_ds', '2022-06-15')>,
 'yesterday_ds_nodash': <Proxy at 0x7763646cd380 with factory functools.partial(<function lazy_mapping_from_context.<locals>._deprecated_proxy_factory at 0x776364651e40>, 'yesterday_ds_nodash', '20220615')>}
[2025-04-01T15:04:33.913+0000] {logging_mixin.py:190} INFO - 2022-06-16
[2025-04-01T15:04:33.914+0000] {python.py:240} INFO - Done. Returned value was: Whatever you return gets printed in the logs
[2025-04-01T15:04:34.110+0000] {taskinstance.py:341} INFO - ::group::Post task execution logs
[2025-04-01T15:04:34.119+0000] {taskinstance.py:353} INFO - Marking task as SUCCESS. dag_id=my_dag_name, task_id=print_the_context, run_id=scheduled__2022-06-16T00:00:00+00:00, execution_date=20220616T000000, start_date=20250401T150431, end_date=20250401T150434
[2025-04-01T15:04:34.373+0000] {logging_mixin.py:190} INFO - Task instance in success state
[2025-04-01T15:04:34.374+0000] {logging_mixin.py:190} INFO -  Previous state of the Task instance: running
[2025-04-01T15:04:34.375+0000] {logging_mixin.py:190} INFO - Dag name:my_dag_name queued_at:2025-04-01 15:04:04.176616+00:00
[2025-04-01T15:04:34.377+0000] {logging_mixin.py:190} INFO - Task hostname:900d630d7d5f operator:_PythonDecoratedOperator
[2025-04-01T15:04:34.569+0000] {local_task_job_runner.py:266} INFO - Task exited with return code 0
[2025-04-01T15:04:34.698+0000] {local_task_job_runner.py:245} INFO - ::endgroup::
