[2025-04-03T10:50:08.277+0000] {local_task_job_runner.py:123} INFO - ::group::Pre task execution logs
[2025-04-03T10:50:08.310+0000] {taskinstance.py:2614} INFO - Dependencies all met for dep_context=non-requeueable deps ti=<TaskInstance: my_dag_name.delete_rows manual__2025-04-03T10:49:32.470210+00:00 [queued]>
[2025-04-03T10:50:08.329+0000] {taskinstance.py:2614} INFO - Dependencies all met for dep_context=requeueable deps ti=<TaskInstance: my_dag_name.delete_rows manual__2025-04-03T10:49:32.470210+00:00 [queued]>
[2025-04-03T10:50:08.329+0000] {taskinstance.py:2867} INFO - Starting attempt 1 of 1
[2025-04-03T10:50:08.351+0000] {taskinstance.py:2890} INFO - Executing <Task(BigQueryInsertJobOperator): delete_rows> on 2025-04-03 10:49:32.470210+00:00
[2025-04-03T10:50:08.364+0000] {warnings.py:112} WARNING - /home/***/.local/lib/python3.12/site-packages/***/task/task_runner/standard_task_runner.py:70: DeprecationWarning: This process (pid=1874) is multi-threaded, use of fork() may lead to deadlocks in the child.
  pid = os.fork()

[2025-04-03T10:50:08.367+0000] {standard_task_runner.py:72} INFO - Started process 1876 to run task
[2025-04-03T10:50:08.370+0000] {standard_task_runner.py:104} INFO - Running: ['***', 'tasks', 'run', 'my_dag_name', 'delete_rows', 'manual__2025-04-03T10:49:32.470210+00:00', '--job-id', '85', '--raw', '--subdir', 'DAGS_FOLDER/intermediaire_table.py', '--cfg-path', '/tmp/tmptncbhtc5']
[2025-04-03T10:50:08.372+0000] {standard_task_runner.py:105} INFO - Job 85: Subtask delete_rows
[2025-04-03T10:50:08.454+0000] {task_command.py:467} INFO - Running <TaskInstance: my_dag_name.delete_rows manual__2025-04-03T10:49:32.470210+00:00 [running]> on host d6badcb20287
[2025-04-03T10:50:08.619+0000] {taskinstance.py:3134} INFO - Exporting env vars: AIRFLOW_CTX_DAG_OWNER='***' AIRFLOW_CTX_DAG_ID='my_dag_name' AIRFLOW_CTX_TASK_ID='delete_rows' AIRFLOW_CTX_EXECUTION_DATE='2025-04-03T10:49:32.470210+00:00' AIRFLOW_CTX_TRY_NUMBER='1' AIRFLOW_CTX_DAG_RUN_ID='manual__2025-04-03T10:49:32.470210+00:00'
[2025-04-03T10:50:08.622+0000] {logging_mixin.py:190} INFO - Task instance is in running state
[2025-04-03T10:50:08.623+0000] {logging_mixin.py:190} INFO -  Previous state of the Task instance: queued
[2025-04-03T10:50:08.623+0000] {logging_mixin.py:190} INFO - Current task name:delete_rows state:running start_date:2025-04-03 10:50:08.310942+00:00
[2025-04-03T10:50:08.624+0000] {logging_mixin.py:190} INFO - Dag name:my_dag_name and current dag run status:running
[2025-04-03T10:50:08.624+0000] {taskinstance.py:732} INFO - ::endgroup::
[2025-04-03T10:50:08.654+0000] {base.py:84} INFO - Retrieving connection 'gcp_conn'
[2025-04-03T10:50:08.741+0000] {bigquery.py:2958} INFO - Executing: {'query': {'query': "\n        DELETE FROM `nlpfakenews.fake_news_detection.training_data`\n        WHERE id_news IN UNNEST(['1jqdoke', '1jqdjsw', '1jqdj5f', '1jqdido', '1jqdhq9', '1jqdg5s', '1jqdat4'])\n    ", 'useLegacySql': False, 'priority': 'BATCH'}}'
[2025-04-03T10:50:08.743+0000] {bigquery.py:1343} INFO - Inserting job ***_my_dag_name_delete_rows_2025_04_03T10_49_32_470210_00_00_136cf17847d645345adb2e4b08600ca6
[2025-04-03T10:50:11.576+0000] {bigquery.py:2929} INFO - Job ***_my_dag_name_delete_rows_2025_04_03T10_49_32_470210_00_00_136cf17847d645345adb2e4b08600ca6 is completed. Checking the job status
[2025-04-03T10:50:11.609+0000] {taskinstance.py:341} INFO - ::group::Post task execution logs
[2025-04-03T10:50:11.610+0000] {taskinstance.py:353} INFO - Marking task as SUCCESS. dag_id=my_dag_name, task_id=delete_rows, run_id=manual__2025-04-03T10:49:32.470210+00:00, execution_date=20250403T104932, start_date=20250403T105008, end_date=20250403T105011
[2025-04-03T10:50:11.647+0000] {logging_mixin.py:190} INFO - Task instance in success state
[2025-04-03T10:50:11.648+0000] {logging_mixin.py:190} INFO -  Previous state of the Task instance: running
[2025-04-03T10:50:11.649+0000] {logging_mixin.py:190} INFO - Dag name:my_dag_name queued_at:2025-04-03 10:49:32.482872+00:00
[2025-04-03T10:50:11.649+0000] {logging_mixin.py:190} INFO - Task hostname:d6badcb20287 operator:BigQueryInsertJobOperator
[2025-04-03T10:50:11.679+0000] {local_task_job_runner.py:266} INFO - Task exited with return code 0
[2025-04-03T10:50:11.722+0000] {taskinstance.py:3901} INFO - 1 downstream tasks scheduled from follow-on schedule check
[2025-04-03T10:50:11.725+0000] {local_task_job_runner.py:245} INFO - ::endgroup::
