[2025-04-01T14:36:51.494+0000] {local_task_job_runner.py:123} INFO - ::group::Pre task execution logs
[2025-04-01T14:36:51.781+0000] {taskinstance.py:2614} INFO - Dependencies all met for dep_context=non-requeueable deps ti=<TaskInstance: my_dag_name.print_the_context scheduled__2021-06-16T00:00:00+00:00 [queued]>
[2025-04-01T14:36:51.910+0000] {taskinstance.py:2614} INFO - Dependencies all met for dep_context=requeueable deps ti=<TaskInstance: my_dag_name.print_the_context scheduled__2021-06-16T00:00:00+00:00 [queued]>
[2025-04-01T14:36:51.911+0000] {taskinstance.py:2867} INFO - Starting attempt 1 of 1
[2025-04-01T14:36:52.068+0000] {taskinstance.py:2890} INFO - Executing <Task(_PythonDecoratedOperator): print_the_context> on 2021-06-16 00:00:00+00:00
[2025-04-01T14:36:52.196+0000] {warnings.py:112} WARNING - /home/***/.local/lib/python3.12/site-packages/***/task/task_runner/standard_task_runner.py:70: DeprecationWarning: This process (pid=1544) is multi-threaded, use of fork() may lead to deadlocks in the child.
  pid = os.fork()

[2025-04-01T14:36:52.219+0000] {standard_task_runner.py:72} INFO - Started process 1589 to run task
[2025-04-01T14:36:52.225+0000] {standard_task_runner.py:104} INFO - Running: ['***', 'tasks', 'run', 'my_dag_name', 'print_the_context', 'scheduled__2021-06-16T00:00:00+00:00', '--job-id', '335', '--raw', '--subdir', 'DAGS_FOLDER/con.py', '--cfg-path', '/tmp/tmp1ijqcpsv']
[2025-04-01T14:36:52.258+0000] {standard_task_runner.py:105} INFO - Job 335: Subtask print_the_context
[2025-04-01T14:36:53.077+0000] {task_command.py:467} INFO - Running <TaskInstance: my_dag_name.print_the_context scheduled__2021-06-16T00:00:00+00:00 [running]> on host 900d630d7d5f
[2025-04-01T14:36:54.854+0000] {taskinstance.py:3134} INFO - Exporting env vars: AIRFLOW_CTX_DAG_OWNER='***' AIRFLOW_CTX_DAG_ID='my_dag_name' AIRFLOW_CTX_TASK_ID='print_the_context' AIRFLOW_CTX_EXECUTION_DATE='2021-06-16T00:00:00+00:00' AIRFLOW_CTX_TRY_NUMBER='1' AIRFLOW_CTX_DAG_RUN_ID='scheduled__2021-06-16T00:00:00+00:00'
[2025-04-01T14:36:54.871+0000] {logging_mixin.py:190} INFO - Task instance is in running state
[2025-04-01T14:36:54.915+0000] {logging_mixin.py:190} INFO -  Previous state of the Task instance: queued
[2025-04-01T14:36:54.916+0000] {logging_mixin.py:190} INFO - Current task name:print_the_context state:running start_date:2025-04-01 14:36:51.804435+00:00
[2025-04-01T14:36:54.918+0000] {logging_mixin.py:190} INFO - Dag name:my_dag_name and current dag run status:running
[2025-04-01T14:36:54.923+0000] {taskinstance.py:732} INFO - ::endgroup::
[2025-04-01T14:36:55.031+0000] {logging_mixin.py:190} INFO - {'conf': <Proxy at 0x7763647b0280 with factory functools.partial(<function lazy_mapping_from_context.<locals>._deprecated_proxy_factory at 0x77636464db20>, 'conf', <***.configuration.AirflowConfigParser object at 0x7763844f8cb0>)>,
 'conn': None,
 'dag': <DAG: my_dag_name>,
 'dag_run': <DagRun my_dag_name @ 2021-06-16 00:00:00+00:00: scheduled__2021-06-16T00:00:00+00:00, state:running, queued_at: 2025-04-01 14:36:25.951946+00:00. externally triggered: False>,
 'data_interval_end': DateTime(2021, 6, 17, 0, 0, 0, tzinfo=Timezone('UTC')),
 'data_interval_start': DateTime(2021, 6, 16, 0, 0, 0, tzinfo=Timezone('UTC')),
 'ds_nodash': '20210616',
 'execution_date': <Proxy at 0x77636468c100 with factory functools.partial(<function lazy_mapping_from_context.<locals>._deprecated_proxy_factory at 0x77636464db20>, 'execution_date', DateTime(2021, 6, 16, 0, 0, 0, tzinfo=Timezone('UTC')))>,
 'expanded_ti_count': None,
 'inlet_events': InletEventsAccessors(_inlets=[], _datasets={}, _dataset_aliases={}, _session=<sqlalchemy.orm.session.Session object at 0x776383db4f50>),
 'inlets': [],
 'logical_date': DateTime(2021, 6, 16, 0, 0, 0, tzinfo=Timezone('UTC')),
 'macros': <module '***.macros' from '/home/***/.local/lib/python3.12/site-packages/***/macros/__init__.py'>,
 'map_index_template': None,
 'next_ds': <Proxy at 0x7763646c8c00 with factory functools.partial(<function lazy_mapping_from_context.<locals>._deprecated_proxy_factory at 0x77636464db20>, 'next_ds', '2021-06-17')>,
 'next_ds_nodash': <Proxy at 0x7763646c8840 with factory functools.partial(<function lazy_mapping_from_context.<locals>._deprecated_proxy_factory at 0x77636464db20>, 'next_ds_nodash', '20210617')>,
 'next_execution_date': <Proxy at 0x7763646c8580 with factory functools.partial(<function lazy_mapping_from_context.<locals>._deprecated_proxy_factory at 0x77636464db20>, 'next_execution_date', DateTime(2021, 6, 17, 0, 0, 0, tzinfo=Timezone('UTC')))>,
 'outlet_events': <***.utils.context.OutletEventAccessors object at 0x776364645d90>,
 'outlets': [],
 'params': {},
 'prev_data_interval_end_success': DateTime(2021, 6, 10, 0, 0, 0, tzinfo=Timezone('UTC')),
 'prev_data_interval_start_success': DateTime(2021, 6, 9, 0, 0, 0, tzinfo=Timezone('UTC')),
 'prev_ds': <Proxy at 0x7763646c8440 with factory functools.partial(<function lazy_mapping_from_context.<locals>._deprecated_proxy_factory at 0x77636464db20>, 'prev_ds', '2021-06-15')>,
 'prev_ds_nodash': <Proxy at 0x7763646c8300 with factory functools.partial(<function lazy_mapping_from_context.<locals>._deprecated_proxy_factory at 0x77636464db20>, 'prev_ds_nodash', '20210615')>,
 'prev_end_date_success': DateTime(2025, 4, 1, 14, 36, 22, 835368, tzinfo=Timezone('UTC')),
 'prev_execution_date': <Proxy at 0x7763646c82c0 with factory functools.partial(<function lazy_mapping_from_context.<locals>._deprecated_proxy_factory at 0x77636464db20>, 'prev_execution_date', DateTime(2021, 6, 15, 0, 0, 0, tzinfo=Timezone('UTC')))>,
 'prev_execution_date_success': <Proxy at 0x7763646c8280 with factory functools.partial(<function lazy_mapping_from_context.<locals>._deprecated_proxy_factory at 0x77636464db20>, 'prev_execution_date_success', DateTime(2021, 6, 9, 0, 0, 0, tzinfo=Timezone('UTC')))>,
 'prev_start_date_success': DateTime(2025, 4, 1, 14, 35, 49, 188901, tzinfo=Timezone('UTC')),
 'run_id': 'scheduled__2021-06-16T00:00:00+00:00',
 'task': <Task(_PythonDecoratedOperator): print_the_context>,
 'task_instance': <TaskInstance: my_dag_name.print_the_context scheduled__2021-06-16T00:00:00+00:00 [running]>,
 'task_instance_key_str': 'my_dag_name__print_the_context__20210616',
 'templates_dict': None,
 'test_mode': False,
 'ti': <TaskInstance: my_dag_name.print_the_context scheduled__2021-06-16T00:00:00+00:00 [running]>,
 'tomorrow_ds': <Proxy at 0x7763646c8240 with factory functools.partial(<function lazy_mapping_from_context.<locals>._deprecated_proxy_factory at 0x77636464db20>, 'tomorrow_ds', '2021-06-17')>,
 'tomorrow_ds_nodash': <Proxy at 0x7763646c8200 with factory functools.partial(<function lazy_mapping_from_context.<locals>._deprecated_proxy_factory at 0x77636464db20>, 'tomorrow_ds_nodash', '20210617')>,
 'triggering_dataset_events': <Proxy at 0x77636465f580 with factory <function _get_template_context.<locals>.get_triggering_events at 0x77636464d620>>,
 'ts': '2021-06-16T00:00:00+00:00',
 'ts_nodash': '20210616T000000',
 'ts_nodash_with_tz': '20210616T000000+0000',
 'var': {'json': None, 'value': None},
 'yesterday_ds': <Proxy at 0x7763646c81c0 with factory functools.partial(<function lazy_mapping_from_context.<locals>._deprecated_proxy_factory at 0x77636464db20>, 'yesterday_ds', '2021-06-15')>,
 'yesterday_ds_nodash': <Proxy at 0x7763646c8180 with factory functools.partial(<function lazy_mapping_from_context.<locals>._deprecated_proxy_factory at 0x77636464db20>, 'yesterday_ds_nodash', '20210615')>}
[2025-04-01T14:36:55.037+0000] {logging_mixin.py:190} INFO - 2021-06-16
[2025-04-01T14:36:55.041+0000] {python.py:240} INFO - Done. Returned value was: Whatever you return gets printed in the logs
[2025-04-01T14:36:55.244+0000] {taskinstance.py:341} INFO - ::group::Post task execution logs
[2025-04-01T14:36:55.268+0000] {taskinstance.py:353} INFO - Marking task as SUCCESS. dag_id=my_dag_name, task_id=print_the_context, run_id=scheduled__2021-06-16T00:00:00+00:00, execution_date=20210616T000000, start_date=20250401T143651, end_date=20250401T143655
[2025-04-01T14:36:55.831+0000] {logging_mixin.py:190} INFO - Task instance in success state
[2025-04-01T14:36:55.841+0000] {logging_mixin.py:190} INFO -  Previous state of the Task instance: running
[2025-04-01T14:36:55.851+0000] {logging_mixin.py:190} INFO - Dag name:my_dag_name queued_at:2025-04-01 14:36:25.951946+00:00
[2025-04-01T14:36:55.862+0000] {logging_mixin.py:190} INFO - Task hostname:900d630d7d5f operator:_PythonDecoratedOperator
[2025-04-01T14:36:56.049+0000] {local_task_job_runner.py:266} INFO - Task exited with return code 0
[2025-04-01T14:36:56.202+0000] {taskinstance.py:3901} INFO - 1 downstream tasks scheduled from follow-on schedule check
[2025-04-01T14:36:56.211+0000] {local_task_job_runner.py:245} INFO - ::endgroup::
