[2025-04-03T10:00:41.612+0000] {local_task_job_runner.py:123} INFO - ::group::Pre task execution logs
[2025-04-03T10:00:41.646+0000] {taskinstance.py:2614} INFO - Dependencies all met for dep_context=non-requeueable deps ti=<TaskInstance: my_dag_name.call_external_function manual__2025-04-03T10:00:32.679430+00:00 [queued]>
[2025-04-03T10:00:41.665+0000] {taskinstance.py:2614} INFO - Dependencies all met for dep_context=requeueable deps ti=<TaskInstance: my_dag_name.call_external_function manual__2025-04-03T10:00:32.679430+00:00 [queued]>
[2025-04-03T10:00:41.665+0000] {taskinstance.py:2867} INFO - Starting attempt 1 of 1
[2025-04-03T10:00:41.685+0000] {taskinstance.py:2890} INFO - Executing <Task(PythonOperator): call_external_function> on 2025-04-03 10:00:32.679430+00:00
[2025-04-03T10:00:41.698+0000] {warnings.py:112} WARNING - /home/***/.local/lib/python3.12/site-packages/***/task/task_runner/standard_task_runner.py:70: DeprecationWarning: This process (pid=1157) is multi-threaded, use of fork() may lead to deadlocks in the child.
  pid = os.fork()

[2025-04-03T10:00:41.701+0000] {standard_task_runner.py:72} INFO - Started process 1159 to run task
[2025-04-03T10:00:41.703+0000] {standard_task_runner.py:104} INFO - Running: ['***', 'tasks', 'run', 'my_dag_name', 'call_external_function', 'manual__2025-04-03T10:00:32.679430+00:00', '--job-id', '63', '--raw', '--subdir', 'DAGS_FOLDER/intermediaire_table.py', '--cfg-path', '/tmp/tmps81ry3y1']
[2025-04-03T10:00:41.705+0000] {standard_task_runner.py:105} INFO - Job 63: Subtask call_external_function
[2025-04-03T10:00:41.776+0000] {task_command.py:467} INFO - Running <TaskInstance: my_dag_name.call_external_function manual__2025-04-03T10:00:32.679430+00:00 [running]> on host d6badcb20287
[2025-04-03T10:00:41.905+0000] {taskinstance.py:3134} INFO - Exporting env vars: AIRFLOW_CTX_DAG_OWNER='***' AIRFLOW_CTX_DAG_ID='my_dag_name' AIRFLOW_CTX_TASK_ID='call_external_function' AIRFLOW_CTX_EXECUTION_DATE='2025-04-03T10:00:32.679430+00:00' AIRFLOW_CTX_TRY_NUMBER='1' AIRFLOW_CTX_DAG_RUN_ID='manual__2025-04-03T10:00:32.679430+00:00'
[2025-04-03T10:00:41.908+0000] {logging_mixin.py:190} INFO - Task instance is in running state
[2025-04-03T10:00:41.908+0000] {logging_mixin.py:190} INFO -  Previous state of the Task instance: queued
[2025-04-03T10:00:41.909+0000] {logging_mixin.py:190} INFO - Current task name:call_external_function state:running start_date:2025-04-03 10:00:41.647570+00:00
[2025-04-03T10:00:41.909+0000] {logging_mixin.py:190} INFO - Dag name:my_dag_name and current dag run status:running
[2025-04-03T10:00:41.909+0000] {taskinstance.py:732} INFO - ::endgroup::
[2025-04-03T10:00:42.430+0000] {logging_mixin.py:190} INFO - URl
[2025-04-03T10:00:42.431+0000] {logging_mixin.py:190} INFO - https://eletric-vehicles.com/ford/auto-stocks-fall-on-us-tariffs-china-urges-immediate-rollback/
[2025-04-03T10:00:42.924+0000] {log.py:232} WARNING - 2025-04-03 10:00:42.923 | INFO     | scripts.scrapping_news:extract_newspaper_attempt:21 - Article parsed. ✅
[2025-04-03T10:00:42.927+0000] {logging_mixin.py:190} INFO - URl
[2025-04-03T10:00:42.929+0000] {logging_mixin.py:190} INFO - https://www.aa.com.tr/en/americas/germany-slams-trump-tariffs-as-attack-on-international-trade-order/3527096
[2025-04-03T10:00:50.202+0000] {log.py:232} WARNING - 2025-04-03 10:00:50.201 | ERROR    | scripts.scrapping_news:extract_newspaper_attempt:24 - URL : https://www.aa.com.tr/en/americas/germany-slams-trump-tariffs-as-attack-on-international-trade-order/3527096
[2025-04-03T10:00:50.207+0000] {log.py:232} WARNING - 2025-04-03 10:00:50.207 | ERROR    | scripts.scrapping_news:extract_newspaper_attempt:25 - Cannot extract information with newspaper. ❌
[2025-04-03T10:00:50.209+0000] {logging_mixin.py:190} INFO - URl
[2025-04-03T10:00:50.210+0000] {logging_mixin.py:190} INFO - https://www.pravda.com.ua/eng/news/2025/04/3/7505802/
[2025-04-03T10:00:50.517+0000] {log.py:232} WARNING - 2025-04-03 10:00:50.516 | INFO     | scripts.scrapping_news:extract_newspaper_attempt:21 - Article parsed. ✅
[2025-04-03T10:00:50.519+0000] {logging_mixin.py:190} INFO - URl
[2025-04-03T10:00:50.520+0000] {logging_mixin.py:190} INFO - https://efe.com/en/latest-news/2025-04-02/milei-assures-that-falkland-islanders-will-prefer-being-argentine/
[2025-04-03T10:00:50.654+0000] {log.py:232} WARNING - 2025-04-03 10:00:50.654 | INFO     | scripts.scrapping_news:extract_newspaper_attempt:21 - Article parsed. ✅
[2025-04-03T10:00:50.655+0000] {logging_mixin.py:190} INFO - URl
[2025-04-03T10:00:50.656+0000] {logging_mixin.py:190} INFO - https://www.rnz.co.nz/international/pacific-news/557082/fiji-have-been-slapped-with-the-highest-us-tariffs-in-the-pacific
[2025-04-03T10:00:51.098+0000] {log.py:232} WARNING - 2025-04-03 10:00:51.097 | INFO     | scripts.scrapping_news:extract_newspaper_attempt:21 - Article parsed. ✅
[2025-04-03T10:00:51.099+0000] {logging_mixin.py:190} INFO - URl
[2025-04-03T10:00:51.100+0000] {logging_mixin.py:190} INFO - https://www.abc.net.au/news/2025-04-03/hungary-withdraws-from-icc-as-netanyahu-visits/105135524
[2025-04-03T10:00:51.144+0000] {log.py:232} WARNING - 2025-04-03 10:00:51.144 | ERROR    | scripts.scrapping_news:extract_newspaper_attempt:24 - URL : https://www.abc.net.au/news/2025-04-03/hungary-withdraws-from-icc-as-netanyahu-visits/105135524
[2025-04-03T10:00:51.145+0000] {log.py:232} WARNING - 2025-04-03 10:00:51.145 | ERROR    | scripts.scrapping_news:extract_newspaper_attempt:25 - Cannot extract information with newspaper. ❌
[2025-04-03T10:00:51.147+0000] {logging_mixin.py:190} INFO - URl
[2025-04-03T10:00:51.147+0000] {logging_mixin.py:190} INFO - https://kyivindependent.com/ukraine-to-receive-432-million-from-world-bank-towards-transport-infrastructure-restoration/
[2025-04-03T10:00:51.597+0000] {log.py:232} WARNING - 2025-04-03 10:00:51.597 | INFO     | scripts.scrapping_news:extract_newspaper_attempt:21 - Article parsed. ✅
[2025-04-03T10:00:51.600+0000] {logging_mixin.py:190} INFO - URl
[2025-04-03T10:00:51.604+0000] {logging_mixin.py:190} INFO - https://m.economictimes.com/news/india/american-man-arrested-for-illegally-entering-andamans-north-sentinel-island-one-of-the-worlds-most-restricted-areas/articleshow/119930367.cms
[2025-04-03T10:00:52.159+0000] {log.py:232} WARNING - 2025-04-03 10:00:52.159 | INFO     | scripts.scrapping_news:extract_newspaper_attempt:21 - Article parsed. ✅
[2025-04-03T10:00:52.163+0000] {logging_mixin.py:190} INFO - URl
[2025-04-03T10:00:52.164+0000] {logging_mixin.py:190} INFO - https://militarnyi.com/en/news/us-concerned-about-europe-s-desire-to-buy-less-american-weapons/
[2025-04-03T10:00:53.088+0000] {log.py:232} WARNING - 2025-04-03 10:00:53.088 | INFO     | scripts.scrapping_news:extract_newspaper_attempt:21 - Article parsed. ✅
[2025-04-03T10:00:53.090+0000] {logging_mixin.py:190} INFO - URl
[2025-04-03T10:00:53.092+0000] {logging_mixin.py:190} INFO - https://n1info.rs/english/news/serbian-students-depart-for-strasbourg-by-bicycle-europe-has-been-asleep-for-too-long/
[2025-04-03T10:00:53.414+0000] {log.py:232} WARNING - 2025-04-03 10:00:53.414 | INFO     | scripts.scrapping_news:extract_newspaper_attempt:21 - Article parsed. ✅
[2025-04-03T10:00:53.417+0000] {logging_mixin.py:190} INFO - URl
[2025-04-03T10:00:53.419+0000] {logging_mixin.py:190} INFO - https://www.reuters.com/world/hungary-says-it-is-withdrawing-icc-israeli-leader-visits-2025-04-03/
[2025-04-03T10:00:53.497+0000] {log.py:232} WARNING - 2025-04-03 10:00:53.497 | ERROR    | scripts.scrapping_news:extract_newspaper_attempt:24 - URL : https://www.reuters.com/world/hungary-says-it-is-withdrawing-icc-israeli-leader-visits-2025-04-03/
[2025-04-03T10:00:53.499+0000] {log.py:232} WARNING - 2025-04-03 10:00:53.498 | ERROR    | scripts.scrapping_news:extract_newspaper_attempt:25 - Cannot extract information with newspaper. ❌
[2025-04-03T10:00:53.500+0000] {logging_mixin.py:190} INFO - URl
[2025-04-03T10:00:53.500+0000] {logging_mixin.py:190} INFO - https://www.cnn.com/2025/04/03/world/hungary-withdraws-icc-intl
[2025-04-03T10:00:53.940+0000] {log.py:232} WARNING - 2025-04-03 10:00:53.939 | INFO     | scripts.scrapping_news:extract_newspaper_attempt:21 - Article parsed. ✅
[2025-04-03T10:00:53.944+0000] {logging_mixin.py:190} INFO - URl
[2025-04-03T10:00:53.945+0000] {logging_mixin.py:190} INFO - https://apnews.com/article/hungary-criminal-court-withdrawal-israel-5263edb40318816508e6b998befc6ee5
[2025-04-03T10:00:54.488+0000] {log.py:232} WARNING - 2025-04-03 10:00:54.487 | INFO     | scripts.scrapping_news:extract_newspaper_attempt:21 - Article parsed. ✅
[2025-04-03T10:00:54.490+0000] {logging_mixin.py:190} INFO - URl
[2025-04-03T10:00:54.491+0000] {logging_mixin.py:190} INFO - https://www.bbc.com/news/articles/c807lm2003zo
[2025-04-03T10:00:54.753+0000] {log.py:232} WARNING - 2025-04-03 10:00:54.753 | INFO     | scripts.scrapping_news:extract_newspaper_attempt:21 - Article parsed. ✅
[2025-04-03T10:00:54.756+0000] {logging_mixin.py:190} INFO - URl
[2025-04-03T10:00:54.757+0000] {logging_mixin.py:190} INFO - https://global.espreso.tv/russia-ukraine-war-white-house-explains-why-new-tariffs-do-not-apply-to-russia-and-north-korea
[2025-04-03T10:00:55.090+0000] {log.py:232} WARNING - 2025-04-03 10:00:55.089 | INFO     | scripts.scrapping_news:extract_newspaper_attempt:21 - Article parsed. ✅
[2025-04-03T10:00:55.091+0000] {logging_mixin.py:190} INFO - URl
[2025-04-03T10:00:55.092+0000] {logging_mixin.py:190} INFO - https://global.espreso.tv/grain-deal-us-imposes-new-sanctions-on-individuals-tied-to-theft-of-ukrainian-grain-from-occupied-territories
[2025-04-03T10:00:55.609+0000] {log.py:232} WARNING - 2025-04-03 10:00:55.608 | INFO     | scripts.scrapping_news:extract_newspaper_attempt:21 - Article parsed. ✅
[2025-04-03T10:00:55.610+0000] {logging_mixin.py:190} INFO - URl
[2025-04-03T10:00:55.611+0000] {logging_mixin.py:190} INFO - https://www.usnews.com/news/world/articles/2025-04-03/eus-kallas-eu-countries-already-providing-over-50-ukraines-ammunition-needs
[2025-04-03T10:00:55.823+0000] {log.py:232} WARNING - 2025-04-03 10:00:55.822 | INFO     | scripts.scrapping_news:extract_newspaper_attempt:21 - Article parsed. ✅
[2025-04-03T10:00:55.824+0000] {logging_mixin.py:190} INFO - URl
[2025-04-03T10:00:55.825+0000] {logging_mixin.py:190} INFO - https://www.nbcnews.com/news/world/eu-preparing-countermeasures-us-tariffs-negotiations-fail-ec-president-rcna199427
[2025-04-03T10:00:56.044+0000] {log.py:232} WARNING - 2025-04-03 10:00:56.044 | INFO     | scripts.scrapping_news:extract_newspaper_attempt:21 - Article parsed. ✅
[2025-04-03T10:00:56.047+0000] {logging_mixin.py:190} INFO - URl
[2025-04-03T10:00:56.047+0000] {logging_mixin.py:190} INFO - https://global.espreso.tv/us-senate-introduces-bill-proposing-500-tariff-on-countries-buying-russian-oil
[2025-04-03T10:00:56.639+0000] {log.py:232} WARNING - 2025-04-03 10:00:56.638 | INFO     | scripts.scrapping_news:extract_newspaper_attempt:21 - Article parsed. ✅
[2025-04-03T10:00:56.641+0000] {logging_mixin.py:190} INFO - URl
[2025-04-03T10:00:56.642+0000] {logging_mixin.py:190} INFO - https://www.cnn.com/2025/04/03/business/europe-tariffs-us-von-der-leyen-intl-hnk/index.html
[2025-04-03T10:00:57.261+0000] {log.py:232} WARNING - 2025-04-03 10:00:57.261 | INFO     | scripts.scrapping_news:extract_newspaper_attempt:21 - Article parsed. ✅
[2025-04-03T10:00:57.268+0000] {logging_mixin.py:190} INFO - URl
[2025-04-03T10:00:57.269+0000] {logging_mixin.py:190} INFO - https://www.ndtv.com/india-news/us-man-arrested-for-entering-restricted-north-sentinel-island-in-andamans-cops-8071854
[2025-04-03T10:00:58.019+0000] {log.py:232} WARNING - 2025-04-03 10:00:58.018 | INFO     | scripts.scrapping_news:extract_newspaper_attempt:21 - Article parsed. ✅
[2025-04-03T10:00:58.023+0000] {logging_mixin.py:190} INFO - URl
[2025-04-03T10:00:58.025+0000] {logging_mixin.py:190} INFO - https://kyivindependent.com/russia-missing-from-trumps-sweeping-tariffs-list-as-its-already-sanctioned-white-house-confirms/
[2025-04-03T10:00:58.416+0000] {log.py:232} WARNING - 2025-04-03 10:00:58.416 | INFO     | scripts.scrapping_news:extract_newspaper_attempt:21 - Article parsed. ✅
[2025-04-03T10:00:58.419+0000] {logging_mixin.py:190} INFO - URl
[2025-04-03T10:00:58.421+0000] {logging_mixin.py:190} INFO - https://www.telegraph.co.uk/world-news/2025/04/03/putin-russia-muslim-immigration-war-ukraine-europe/
[2025-04-03T10:00:59.036+0000] {log.py:232} WARNING - 2025-04-03 10:00:59.036 | INFO     | scripts.scrapping_news:extract_newspaper_attempt:21 - Article parsed. ✅
[2025-04-03T10:00:59.039+0000] {logging_mixin.py:190} INFO - URl
[2025-04-03T10:00:59.042+0000] {logging_mixin.py:190} INFO - https://indianexpress.com/article/technology/science/amazon-targets-april-9-launch-of-first-kuiper-internet-satellites-9921445/
[2025-04-03T10:00:59.424+0000] {log.py:232} WARNING - 2025-04-03 10:00:59.423 | INFO     | scripts.scrapping_news:extract_newspaper_attempt:21 - Article parsed. ✅
[2025-04-03T10:00:59.426+0000] {logging_mixin.py:190} INFO - URl
[2025-04-03T10:00:59.427+0000] {logging_mixin.py:190} INFO - https://www.swissinfo.ch/eng/multinational-companies/president-karin-keller-sutter-reacts-to-customs-announcement/89106767?utm_source=multiple&amp;utm_medium=website&amp;utm_campaign=news_en&amp;utm_content=o&amp;utm_term=wpblock_highlighted-compact-news-carousel
[2025-04-03T10:00:59.740+0000] {log.py:232} WARNING - 2025-04-03 10:00:59.740 | INFO     | scripts.scrapping_news:extract_newspaper_attempt:21 - Article parsed. ✅
[2025-04-03T10:00:59.749+0000] {logging_mixin.py:190} INFO - ['1jqe6i5', '1jqe52q', '1jqe4eu', '1jqdjsw', '1jqdj5f', '1jqdido', '1jqdhq9', '1jqdg5s', '1jqdat4', '1jqdaa6', '1jqd7f3', '1jqd1wp', '1jqcyyp', '1jqcyan', '1jqcxr8', '1jqcqxt', '1jqc9ax', '1jqbxdb', '1jqbprr', '1jqbfnd', '1jqbfe9', '1jqbahu', '1jqb6td', '1jqb5c7', '1jqb543']
[2025-04-03T10:00:59.771+0000] {logging_mixin.py:190} INFO -     id_news  ... scrapping_status
0   1jqe6i5  ...             True
1   1jqe52q  ...            False
2   1jqe4eu  ...             True
3   1jqdjsw  ...             True
4   1jqdj5f  ...             True
5   1jqdido  ...            False
6   1jqdhq9  ...             True
7   1jqdg5s  ...             True
8   1jqdat4  ...             True
9   1jqdaa6  ...             True
10  1jqd7f3  ...            False
11  1jqd1wp  ...             True
12  1jqcyyp  ...             True
13  1jqcyan  ...             True
14  1jqcxr8  ...             True
15  1jqcqxt  ...             True
16  1jqc9ax  ...             True
17  1jqbxdb  ...             True
18  1jqbprr  ...             True
19  1jqbfnd  ...             True
20  1jqbfe9  ...             True
21  1jqbahu  ...             True
22  1jqb6td  ...             True
23  1jqb5c7  ...             True
24  1jqb543  ...             True

[25 rows x 8 columns]
[2025-04-03T10:00:59.772+0000] {python.py:240} INFO - Done. Returned value was: (    id_news  ... scrapping_status
0   1jqe6i5  ...             True
1   1jqe52q  ...            False
2   1jqe4eu  ...             True
3   1jqdjsw  ...             True
4   1jqdj5f  ...             True
5   1jqdido  ...            False
6   1jqdhq9  ...             True
7   1jqdg5s  ...             True
8   1jqdat4  ...             True
9   1jqdaa6  ...             True
10  1jqd7f3  ...            False
11  1jqd1wp  ...             True
12  1jqcyyp  ...             True
13  1jqcyan  ...             True
14  1jqcxr8  ...             True
15  1jqcqxt  ...             True
16  1jqc9ax  ...             True
17  1jqbxdb  ...             True
18  1jqbprr  ...             True
19  1jqbfnd  ...             True
20  1jqbfe9  ...             True
21  1jqbahu  ...             True
22  1jqb6td  ...             True
23  1jqb5c7  ...             True
24  1jqb543  ...             True

[25 rows x 8 columns], ['1jqe6i5', '1jqe52q', '1jqe4eu', '1jqdjsw', '1jqdj5f', '1jqdido', '1jqdhq9', '1jqdg5s', '1jqdat4', '1jqdaa6', '1jqd7f3', '1jqd1wp', '1jqcyyp', '1jqcyan', '1jqcxr8', '1jqcqxt', '1jqc9ax', '1jqbxdb', '1jqbprr', '1jqbfnd', '1jqbfe9', '1jqbahu', '1jqb6td', '1jqb5c7', '1jqb543'])
[2025-04-03T10:00:59.877+0000] {taskinstance.py:341} INFO - ::group::Post task execution logs
[2025-04-03T10:00:59.878+0000] {taskinstance.py:353} INFO - Marking task as SUCCESS. dag_id=my_dag_name, task_id=call_external_function, run_id=manual__2025-04-03T10:00:32.679430+00:00, execution_date=20250403T100032, start_date=20250403T100041, end_date=20250403T100059
[2025-04-03T10:00:59.914+0000] {logging_mixin.py:190} INFO - Task instance in success state
[2025-04-03T10:00:59.914+0000] {logging_mixin.py:190} INFO -  Previous state of the Task instance: running
[2025-04-03T10:00:59.915+0000] {logging_mixin.py:190} INFO - Dag name:my_dag_name queued_at:2025-04-03 10:00:32.698174+00:00
[2025-04-03T10:00:59.915+0000] {logging_mixin.py:190} INFO - Task hostname:d6badcb20287 operator:PythonOperator
[2025-04-03T10:00:59.954+0000] {local_task_job_runner.py:266} INFO - Task exited with return code 0
[2025-04-03T10:00:59.996+0000] {taskinstance.py:3901} INFO - 1 downstream tasks scheduled from follow-on schedule check
[2025-04-03T10:00:59.998+0000] {local_task_job_runner.py:245} INFO - ::endgroup::
