[2025-04-03T10:23:17.949+0000] {local_task_job_runner.py:123} INFO - ::group::Pre task execution logs
[2025-04-03T10:23:17.987+0000] {taskinstance.py:2614} INFO - Dependencies all met for dep_context=non-requeueable deps ti=<TaskInstance: my_dag_name.call_external_function manual__2025-04-03T10:23:13.428222+00:00 [queued]>
[2025-04-03T10:23:18.003+0000] {taskinstance.py:2614} INFO - Dependencies all met for dep_context=requeueable deps ti=<TaskInstance: my_dag_name.call_external_function manual__2025-04-03T10:23:13.428222+00:00 [queued]>
[2025-04-03T10:23:18.004+0000] {taskinstance.py:2867} INFO - Starting attempt 1 of 1
[2025-04-03T10:23:18.027+0000] {taskinstance.py:2890} INFO - Executing <Task(PythonOperator): call_external_function> on 2025-04-03 10:23:13.428222+00:00
[2025-04-03T10:23:18.043+0000] {warnings.py:112} WARNING - /home/***/.local/lib/python3.12/site-packages/***/task/task_runner/standard_task_runner.py:70: DeprecationWarning: This process (pid=1502) is multi-threaded, use of fork() may lead to deadlocks in the child.
  pid = os.fork()

[2025-04-03T10:23:18.047+0000] {standard_task_runner.py:72} INFO - Started process 1504 to run task
[2025-04-03T10:23:18.049+0000] {standard_task_runner.py:104} INFO - Running: ['***', 'tasks', 'run', 'my_dag_name', 'call_external_function', 'manual__2025-04-03T10:23:13.428222+00:00', '--job-id', '76', '--raw', '--subdir', 'DAGS_FOLDER/intermediaire_table.py', '--cfg-path', '/tmp/tmpgz7njjmk']
[2025-04-03T10:23:18.051+0000] {standard_task_runner.py:105} INFO - Job 76: Subtask call_external_function
[2025-04-03T10:23:18.147+0000] {task_command.py:467} INFO - Running <TaskInstance: my_dag_name.call_external_function manual__2025-04-03T10:23:13.428222+00:00 [running]> on host d6badcb20287
[2025-04-03T10:23:18.317+0000] {taskinstance.py:3134} INFO - Exporting env vars: AIRFLOW_CTX_DAG_OWNER='***' AIRFLOW_CTX_DAG_ID='my_dag_name' AIRFLOW_CTX_TASK_ID='call_external_function' AIRFLOW_CTX_EXECUTION_DATE='2025-04-03T10:23:13.428222+00:00' AIRFLOW_CTX_TRY_NUMBER='1' AIRFLOW_CTX_DAG_RUN_ID='manual__2025-04-03T10:23:13.428222+00:00'
[2025-04-03T10:23:18.320+0000] {logging_mixin.py:190} INFO - Task instance is in running state
[2025-04-03T10:23:18.320+0000] {logging_mixin.py:190} INFO -  Previous state of the Task instance: queued
[2025-04-03T10:23:18.321+0000] {logging_mixin.py:190} INFO - Current task name:call_external_function state:running start_date:2025-04-03 10:23:17.987780+00:00
[2025-04-03T10:23:18.321+0000] {logging_mixin.py:190} INFO - Dag name:my_dag_name and current dag run status:running
[2025-04-03T10:23:18.322+0000] {taskinstance.py:732} INFO - ::endgroup::
[2025-04-03T10:23:18.831+0000] {logging_mixin.py:190} INFO - URl
[2025-04-03T10:23:18.832+0000] {logging_mixin.py:190} INFO - https://www.politico.eu/article/germany-economy-minister-robert-habeck-international-alliance-against-donald-trump-tariffs/
[2025-04-03T10:23:19.122+0000] {log.py:232} WARNING - 2025-04-03 10:23:19.121 | INFO     | scripts.scrapping_news:extract_newspaper_attempt:21 - Article parsed. ✅
[2025-04-03T10:23:19.124+0000] {logging_mixin.py:190} INFO - URl
[2025-04-03T10:23:19.125+0000] {logging_mixin.py:190} INFO - https://www.politico.eu/article/hungary-quit-icc-internatinal-criminal-court-israel-benjamin-netanyahu-visit/
[2025-04-03T10:23:19.339+0000] {log.py:232} WARNING - 2025-04-03 10:23:19.338 | INFO     | scripts.scrapping_news:extract_newspaper_attempt:21 - Article parsed. ✅
[2025-04-03T10:23:19.341+0000] {logging_mixin.py:190} INFO - URl
[2025-04-03T10:23:19.342+0000] {logging_mixin.py:190} INFO - https://eletric-vehicles.com/ford/auto-stocks-fall-on-us-tariffs-china-urges-immediate-rollback/
[2025-04-03T10:23:20.817+0000] {log.py:232} WARNING - 2025-04-03 10:23:20.817 | INFO     | scripts.scrapping_news:extract_newspaper_attempt:21 - Article parsed. ✅
[2025-04-03T10:23:20.819+0000] {logging_mixin.py:190} INFO - URl
[2025-04-03T10:23:20.820+0000] {logging_mixin.py:190} INFO - https://www.aa.com.tr/en/americas/germany-slams-trump-tariffs-as-attack-on-international-trade-order/3527096
[2025-04-03T10:23:28.343+0000] {log.py:232} WARNING - 2025-04-03 10:23:28.343 | ERROR    | scripts.scrapping_news:extract_newspaper_attempt:24 - URL : https://www.aa.com.tr/en/americas/germany-slams-trump-tariffs-as-attack-on-international-trade-order/3527096
[2025-04-03T10:23:28.344+0000] {log.py:232} WARNING - 2025-04-03 10:23:28.344 | ERROR    | scripts.scrapping_news:extract_newspaper_attempt:25 - Cannot extract information with newspaper. ❌
[2025-04-03T10:23:28.345+0000] {logging_mixin.py:190} INFO - URl
[2025-04-03T10:23:28.345+0000] {logging_mixin.py:190} INFO - https://www.pravda.com.ua/eng/news/2025/04/3/7505802/
[2025-04-03T10:23:28.514+0000] {log.py:232} WARNING - 2025-04-03 10:23:28.514 | INFO     | scripts.scrapping_news:extract_newspaper_attempt:21 - Article parsed. ✅
[2025-04-03T10:23:28.515+0000] {logging_mixin.py:190} INFO - URl
[2025-04-03T10:23:28.516+0000] {logging_mixin.py:190} INFO - https://efe.com/en/latest-news/2025-04-02/milei-assures-that-falkland-islanders-will-prefer-being-argentine/
[2025-04-03T10:23:28.660+0000] {log.py:232} WARNING - 2025-04-03 10:23:28.660 | INFO     | scripts.scrapping_news:extract_newspaper_attempt:21 - Article parsed. ✅
[2025-04-03T10:23:28.662+0000] {logging_mixin.py:190} INFO - URl
[2025-04-03T10:23:28.662+0000] {logging_mixin.py:190} INFO - https://www.rnz.co.nz/international/pacific-news/557082/fiji-have-been-slapped-with-the-highest-us-tariffs-in-the-pacific
[2025-04-03T10:23:29.027+0000] {log.py:232} WARNING - 2025-04-03 10:23:29.026 | INFO     | scripts.scrapping_news:extract_newspaper_attempt:21 - Article parsed. ✅
[2025-04-03T10:23:29.028+0000] {logging_mixin.py:190} INFO - URl
[2025-04-03T10:23:29.028+0000] {logging_mixin.py:190} INFO - https://www.abc.net.au/news/2025-04-03/hungary-withdraws-from-icc-as-netanyahu-visits/105135524
[2025-04-03T10:23:29.118+0000] {log.py:232} WARNING - 2025-04-03 10:23:29.118 | ERROR    | scripts.scrapping_news:extract_newspaper_attempt:24 - URL : https://www.abc.net.au/news/2025-04-03/hungary-withdraws-from-icc-as-netanyahu-visits/105135524
[2025-04-03T10:23:29.118+0000] {log.py:232} WARNING - 2025-04-03 10:23:29.118 | ERROR    | scripts.scrapping_news:extract_newspaper_attempt:25 - Cannot extract information with newspaper. ❌
[2025-04-03T10:23:29.119+0000] {logging_mixin.py:190} INFO - URl
[2025-04-03T10:23:29.120+0000] {logging_mixin.py:190} INFO - https://kyivindependent.com/ukraine-to-receive-432-million-from-world-bank-towards-transport-infrastructure-restoration/
[2025-04-03T10:23:29.398+0000] {log.py:232} WARNING - 2025-04-03 10:23:29.398 | INFO     | scripts.scrapping_news:extract_newspaper_attempt:21 - Article parsed. ✅
[2025-04-03T10:23:29.401+0000] {logging_mixin.py:190} INFO - URl
[2025-04-03T10:23:29.402+0000] {logging_mixin.py:190} INFO - https://m.economictimes.com/news/india/american-man-arrested-for-illegally-entering-andamans-north-sentinel-island-one-of-the-worlds-most-restricted-areas/articleshow/119930367.cms
[2025-04-03T10:23:29.968+0000] {log.py:232} WARNING - 2025-04-03 10:23:29.968 | INFO     | scripts.scrapping_news:extract_newspaper_attempt:21 - Article parsed. ✅
[2025-04-03T10:23:29.970+0000] {logging_mixin.py:190} INFO - URl
[2025-04-03T10:23:29.972+0000] {logging_mixin.py:190} INFO - https://militarnyi.com/en/news/us-concerned-about-europe-s-desire-to-buy-less-american-weapons/
[2025-04-03T10:23:30.917+0000] {log.py:232} WARNING - 2025-04-03 10:23:30.916 | INFO     | scripts.scrapping_news:extract_newspaper_attempt:21 - Article parsed. ✅
[2025-04-03T10:23:30.918+0000] {logging_mixin.py:190} INFO - URl
[2025-04-03T10:23:30.919+0000] {logging_mixin.py:190} INFO - https://n1info.rs/english/news/serbian-students-depart-for-strasbourg-by-bicycle-europe-has-been-asleep-for-too-long/
[2025-04-03T10:23:31.220+0000] {log.py:232} WARNING - 2025-04-03 10:23:31.220 | INFO     | scripts.scrapping_news:extract_newspaper_attempt:21 - Article parsed. ✅
[2025-04-03T10:23:31.222+0000] {logging_mixin.py:190} INFO - URl
[2025-04-03T10:23:31.223+0000] {logging_mixin.py:190} INFO - https://www.reuters.com/world/hungary-says-it-is-withdrawing-icc-israeli-leader-visits-2025-04-03/
[2025-04-03T10:23:31.295+0000] {log.py:232} WARNING - 2025-04-03 10:23:31.294 | ERROR    | scripts.scrapping_news:extract_newspaper_attempt:24 - URL : https://www.reuters.com/world/hungary-says-it-is-withdrawing-icc-israeli-leader-visits-2025-04-03/
[2025-04-03T10:23:31.296+0000] {log.py:232} WARNING - 2025-04-03 10:23:31.296 | ERROR    | scripts.scrapping_news:extract_newspaper_attempt:25 - Cannot extract information with newspaper. ❌
[2025-04-03T10:23:31.297+0000] {logging_mixin.py:190} INFO - URl
[2025-04-03T10:23:31.297+0000] {logging_mixin.py:190} INFO - https://www.cnn.com/2025/04/03/world/hungary-withdraws-icc-intl
[2025-04-03T10:23:31.763+0000] {log.py:232} WARNING - 2025-04-03 10:23:31.763 | INFO     | scripts.scrapping_news:extract_newspaper_attempt:21 - Article parsed. ✅
[2025-04-03T10:23:31.768+0000] {logging_mixin.py:190} INFO - URl
[2025-04-03T10:23:31.769+0000] {logging_mixin.py:190} INFO - https://apnews.com/article/hungary-criminal-court-withdrawal-israel-5263edb40318816508e6b998befc6ee5
[2025-04-03T10:23:32.517+0000] {log.py:232} WARNING - 2025-04-03 10:23:32.516 | INFO     | scripts.scrapping_news:extract_newspaper_attempt:21 - Article parsed. ✅
[2025-04-03T10:23:32.520+0000] {logging_mixin.py:190} INFO - URl
[2025-04-03T10:23:32.522+0000] {logging_mixin.py:190} INFO - https://www.bbc.com/news/articles/c807lm2003zo
[2025-04-03T10:23:32.852+0000] {log.py:232} WARNING - 2025-04-03 10:23:32.852 | INFO     | scripts.scrapping_news:extract_newspaper_attempt:21 - Article parsed. ✅
[2025-04-03T10:23:32.855+0000] {logging_mixin.py:190} INFO - URl
[2025-04-03T10:23:32.856+0000] {logging_mixin.py:190} INFO - https://global.espreso.tv/russia-ukraine-war-white-house-explains-why-new-tariffs-do-not-apply-to-russia-and-north-korea
[2025-04-03T10:23:33.217+0000] {log.py:232} WARNING - 2025-04-03 10:23:33.216 | INFO     | scripts.scrapping_news:extract_newspaper_attempt:21 - Article parsed. ✅
[2025-04-03T10:23:33.219+0000] {logging_mixin.py:190} INFO - URl
[2025-04-03T10:23:33.221+0000] {logging_mixin.py:190} INFO - https://global.espreso.tv/grain-deal-us-imposes-new-sanctions-on-individuals-tied-to-theft-of-ukrainian-grain-from-occupied-territories
[2025-04-03T10:23:33.915+0000] {log.py:232} WARNING - 2025-04-03 10:23:33.915 | INFO     | scripts.scrapping_news:extract_newspaper_attempt:21 - Article parsed. ✅
[2025-04-03T10:23:33.917+0000] {logging_mixin.py:190} INFO - URl
[2025-04-03T10:23:33.918+0000] {logging_mixin.py:190} INFO - https://www.usnews.com/news/world/articles/2025-04-03/eus-kallas-eu-countries-already-providing-over-50-ukraines-ammunition-needs
[2025-04-03T10:23:34.137+0000] {log.py:232} WARNING - 2025-04-03 10:23:34.137 | INFO     | scripts.scrapping_news:extract_newspaper_attempt:21 - Article parsed. ✅
[2025-04-03T10:23:34.139+0000] {logging_mixin.py:190} INFO - URl
[2025-04-03T10:23:34.140+0000] {logging_mixin.py:190} INFO - https://www.nbcnews.com/news/world/eu-preparing-countermeasures-us-tariffs-negotiations-fail-ec-president-rcna199427
[2025-04-03T10:23:34.378+0000] {log.py:232} WARNING - 2025-04-03 10:23:34.378 | INFO     | scripts.scrapping_news:extract_newspaper_attempt:21 - Article parsed. ✅
[2025-04-03T10:23:34.380+0000] {logging_mixin.py:190} INFO - URl
[2025-04-03T10:23:34.381+0000] {logging_mixin.py:190} INFO - https://global.espreso.tv/us-senate-introduces-bill-proposing-500-tariff-on-countries-buying-russian-oil
[2025-04-03T10:23:34.989+0000] {log.py:232} WARNING - 2025-04-03 10:23:34.989 | INFO     | scripts.scrapping_news:extract_newspaper_attempt:21 - Article parsed. ✅
[2025-04-03T10:23:34.990+0000] {logging_mixin.py:190} INFO - URl
[2025-04-03T10:23:34.991+0000] {logging_mixin.py:190} INFO - https://www.cnn.com/2025/04/03/business/europe-tariffs-us-von-der-leyen-intl-hnk/index.html
[2025-04-03T10:23:35.609+0000] {log.py:232} WARNING - 2025-04-03 10:23:35.609 | INFO     | scripts.scrapping_news:extract_newspaper_attempt:21 - Article parsed. ✅
[2025-04-03T10:23:35.616+0000] {logging_mixin.py:190} INFO - URl
[2025-04-03T10:23:35.617+0000] {logging_mixin.py:190} INFO - https://www.ndtv.com/india-news/us-man-arrested-for-entering-restricted-north-sentinel-island-in-andamans-cops-8071854
[2025-04-03T10:23:36.248+0000] {log.py:232} WARNING - 2025-04-03 10:23:36.248 | INFO     | scripts.scrapping_news:extract_newspaper_attempt:21 - Article parsed. ✅
[2025-04-03T10:23:36.251+0000] {logging_mixin.py:190} INFO - URl
[2025-04-03T10:23:36.253+0000] {logging_mixin.py:190} INFO - https://kyivindependent.com/russia-missing-from-trumps-sweeping-tariffs-list-as-its-already-sanctioned-white-house-confirms/
[2025-04-03T10:23:36.547+0000] {log.py:232} WARNING - 2025-04-03 10:23:36.547 | INFO     | scripts.scrapping_news:extract_newspaper_attempt:21 - Article parsed. ✅
[2025-04-03T10:23:36.550+0000] {logging_mixin.py:190} INFO - URl
[2025-04-03T10:23:36.551+0000] {logging_mixin.py:190} INFO - https://www.telegraph.co.uk/world-news/2025/04/03/putin-russia-muslim-immigration-war-ukraine-europe/
[2025-04-03T10:23:37.152+0000] {log.py:232} WARNING - 2025-04-03 10:23:37.152 | INFO     | scripts.scrapping_news:extract_newspaper_attempt:21 - Article parsed. ✅
[2025-04-03T10:23:37.163+0000] {logging_mixin.py:190} INFO - ['1jqeotg', '1jqeiiz', '1jqe6i5', '1jqe52q', '1jqe4eu', '1jqdjsw', '1jqdj5f', '1jqdido', '1jqdhq9', '1jqdg5s', '1jqdat4', '1jqdaa6', '1jqd7f3', '1jqd1wp', '1jqcyyp', '1jqcyan', '1jqcxr8', '1jqcqxt', '1jqc9ax', '1jqbxdb', '1jqbprr', '1jqbfnd', '1jqbfe9', '1jqbahu', '1jqb6td']
[2025-04-03T10:23:37.185+0000] {logging_mixin.py:190} INFO -     id_news  ... scrapping_status
0   1jqeotg  ...             True
1   1jqeiiz  ...             True
2   1jqe6i5  ...             True
3   1jqe52q  ...            False
4   1jqe4eu  ...             True
5   1jqdjsw  ...             True
6   1jqdj5f  ...             True
7   1jqdido  ...            False
8   1jqdhq9  ...             True
9   1jqdg5s  ...             True
10  1jqdat4  ...             True
11  1jqdaa6  ...             True
12  1jqd7f3  ...            False
13  1jqd1wp  ...             True
14  1jqcyyp  ...             True
15  1jqcyan  ...             True
16  1jqcxr8  ...             True
17  1jqcqxt  ...             True
18  1jqc9ax  ...             True
19  1jqbxdb  ...             True
20  1jqbprr  ...             True
21  1jqbfnd  ...             True
22  1jqbfe9  ...             True
23  1jqbahu  ...             True
24  1jqb6td  ...             True

[25 rows x 8 columns]
[2025-04-03T10:23:37.185+0000] {python.py:240} INFO - Done. Returned value was: (    id_news  ... scrapping_status
0   1jqeotg  ...             True
1   1jqeiiz  ...             True
2   1jqe6i5  ...             True
3   1jqe52q  ...            False
4   1jqe4eu  ...             True
5   1jqdjsw  ...             True
6   1jqdj5f  ...             True
7   1jqdido  ...            False
8   1jqdhq9  ...             True
9   1jqdg5s  ...             True
10  1jqdat4  ...             True
11  1jqdaa6  ...             True
12  1jqd7f3  ...            False
13  1jqd1wp  ...             True
14  1jqcyyp  ...             True
15  1jqcyan  ...             True
16  1jqcxr8  ...             True
17  1jqcqxt  ...             True
18  1jqc9ax  ...             True
19  1jqbxdb  ...             True
20  1jqbprr  ...             True
21  1jqbfnd  ...             True
22  1jqbfe9  ...             True
23  1jqbahu  ...             True
24  1jqb6td  ...             True

[25 rows x 8 columns], ['1jqeotg', '1jqeiiz', '1jqe6i5', '1jqe52q', '1jqe4eu', '1jqdjsw', '1jqdj5f', '1jqdido', '1jqdhq9', '1jqdg5s', '1jqdat4', '1jqdaa6', '1jqd7f3', '1jqd1wp', '1jqcyyp', '1jqcyan', '1jqcxr8', '1jqcqxt', '1jqc9ax', '1jqbxdb', '1jqbprr', '1jqbfnd', '1jqbfe9', '1jqbahu', '1jqb6td'])
[2025-04-03T10:23:37.286+0000] {taskinstance.py:341} INFO - ::group::Post task execution logs
[2025-04-03T10:23:37.286+0000] {taskinstance.py:353} INFO - Marking task as SUCCESS. dag_id=my_dag_name, task_id=call_external_function, run_id=manual__2025-04-03T10:23:13.428222+00:00, execution_date=20250403T102313, start_date=20250403T102317, end_date=20250403T102337
[2025-04-03T10:23:37.324+0000] {logging_mixin.py:190} INFO - Task instance in success state
[2025-04-03T10:23:37.325+0000] {logging_mixin.py:190} INFO -  Previous state of the Task instance: running
[2025-04-03T10:23:37.325+0000] {logging_mixin.py:190} INFO - Dag name:my_dag_name queued_at:2025-04-03 10:23:13.445117+00:00
[2025-04-03T10:23:37.325+0000] {logging_mixin.py:190} INFO - Task hostname:d6badcb20287 operator:PythonOperator
[2025-04-03T10:23:37.375+0000] {local_task_job_runner.py:266} INFO - Task exited with return code 0
[2025-04-03T10:23:37.413+0000] {taskinstance.py:3901} INFO - 1 downstream tasks scheduled from follow-on schedule check
[2025-04-03T10:23:37.416+0000] {local_task_job_runner.py:245} INFO - ::endgroup::
