[2025-04-01T14:33:12.256+0000] {local_task_job_runner.py:123} INFO - ::group::Pre task execution logs
[2025-04-01T14:33:12.630+0000] {taskinstance.py:2614} INFO - Dependencies all met for dep_context=non-requeueable deps ti=<TaskInstance: my_dag_name.print_the_context scheduled__2021-04-30T00:00:00+00:00 [queued]>
[2025-04-01T14:33:12.754+0000] {taskinstance.py:2614} INFO - Dependencies all met for dep_context=requeueable deps ti=<TaskInstance: my_dag_name.print_the_context scheduled__2021-04-30T00:00:00+00:00 [queued]>
[2025-04-01T14:33:12.768+0000] {taskinstance.py:2867} INFO - Starting attempt 1 of 1
[2025-04-01T14:33:12.962+0000] {taskinstance.py:2890} INFO - Executing <Task(_PythonDecoratedOperator): print_the_context> on 2021-04-30 00:00:00+00:00
[2025-04-01T14:33:13.121+0000] {warnings.py:112} WARNING - /home/***/.local/lib/python3.12/site-packages/***/task/task_runner/standard_task_runner.py:70: DeprecationWarning: This process (pid=1116) is multi-threaded, use of fork() may lead to deadlocks in the child.
  pid = os.fork()

[2025-04-01T14:33:13.171+0000] {standard_task_runner.py:72} INFO - Started process 1173 to run task
[2025-04-01T14:33:13.162+0000] {standard_task_runner.py:104} INFO - Running: ['***', 'tasks', 'run', 'my_dag_name', 'print_the_context', 'scheduled__2021-04-30T00:00:00+00:00', '--job-id', '241', '--raw', '--subdir', 'DAGS_FOLDER/con.py', '--cfg-path', '/tmp/tmp4hqaq7zx']
[2025-04-01T14:33:13.226+0000] {standard_task_runner.py:105} INFO - Job 241: Subtask print_the_context
[2025-04-01T14:33:13.901+0000] {task_command.py:467} INFO - Running <TaskInstance: my_dag_name.print_the_context scheduled__2021-04-30T00:00:00+00:00 [running]> on host 900d630d7d5f
[2025-04-01T14:33:15.338+0000] {taskinstance.py:3134} INFO - Exporting env vars: AIRFLOW_CTX_DAG_OWNER='***' AIRFLOW_CTX_DAG_ID='my_dag_name' AIRFLOW_CTX_TASK_ID='print_the_context' AIRFLOW_CTX_EXECUTION_DATE='2021-04-30T00:00:00+00:00' AIRFLOW_CTX_TRY_NUMBER='1' AIRFLOW_CTX_DAG_RUN_ID='scheduled__2021-04-30T00:00:00+00:00'
[2025-04-01T14:33:15.358+0000] {logging_mixin.py:190} INFO - Task instance is in running state
[2025-04-01T14:33:15.423+0000] {logging_mixin.py:190} INFO -  Previous state of the Task instance: queued
[2025-04-01T14:33:15.424+0000] {logging_mixin.py:190} INFO - Current task name:print_the_context state:running start_date:2025-04-01 14:33:12.630850+00:00
[2025-04-01T14:33:15.424+0000] {logging_mixin.py:190} INFO - Dag name:my_dag_name and current dag run status:running
[2025-04-01T14:33:15.425+0000] {taskinstance.py:732} INFO - ::endgroup::
[2025-04-01T14:33:15.578+0000] {logging_mixin.py:190} INFO - {'conf': <Proxy at 0x776364898480 with factory functools.partial(<function lazy_mapping_from_context.<locals>._deprecated_proxy_factory at 0x77636464db20>, 'conf', <***.configuration.AirflowConfigParser object at 0x7763844f8cb0>)>,
 'conn': None,
 'dag': <DAG: my_dag_name>,
 'dag_run': <DagRun my_dag_name @ 2021-04-30 00:00:00+00:00: scheduled__2021-04-30T00:00:00+00:00, state:running, queued_at: 2025-04-01 14:32:18.060397+00:00. externally triggered: False>,
 'data_interval_end': DateTime(2021, 5, 1, 0, 0, 0, tzinfo=Timezone('UTC')),
 'data_interval_start': DateTime(2021, 4, 30, 0, 0, 0, tzinfo=Timezone('UTC')),
 'ds_nodash': '20210430',
 'execution_date': <Proxy at 0x7763647b0240 with factory functools.partial(<function lazy_mapping_from_context.<locals>._deprecated_proxy_factory at 0x77636464db20>, 'execution_date', DateTime(2021, 4, 30, 0, 0, 0, tzinfo=Timezone('UTC')))>,
 'expanded_ti_count': None,
 'inlet_events': InletEventsAccessors(_inlets=[], _datasets={}, _dataset_aliases={}, _session=<sqlalchemy.orm.session.Session object at 0x776383db7260>),
 'inlets': [],
 'logical_date': DateTime(2021, 4, 30, 0, 0, 0, tzinfo=Timezone('UTC')),
 'macros': <module '***.macros' from '/home/***/.local/lib/python3.12/site-packages/***/macros/__init__.py'>,
 'map_index_template': None,
 'next_ds': <Proxy at 0x776364690e40 with factory functools.partial(<function lazy_mapping_from_context.<locals>._deprecated_proxy_factory at 0x77636464db20>, 'next_ds', '2021-05-01')>,
 'next_ds_nodash': <Proxy at 0x776364681e80 with factory functools.partial(<function lazy_mapping_from_context.<locals>._deprecated_proxy_factory at 0x77636464db20>, 'next_ds_nodash', '20210501')>,
 'next_execution_date': <Proxy at 0x7763647dd440 with factory functools.partial(<function lazy_mapping_from_context.<locals>._deprecated_proxy_factory at 0x77636464db20>, 'next_execution_date', DateTime(2021, 5, 1, 0, 0, 0, tzinfo=Timezone('UTC')))>,
 'outlet_events': <***.utils.context.OutletEventAccessors object at 0x776364642000>,
 'outlets': [],
 'params': {},
 'prev_data_interval_end_success': DateTime(2021, 4, 22, 0, 0, 0, tzinfo=Timezone('UTC')),
 'prev_data_interval_start_success': DateTime(2021, 4, 21, 0, 0, 0, tzinfo=Timezone('UTC')),
 'prev_ds': <Proxy at 0x7763646d0240 with factory functools.partial(<function lazy_mapping_from_context.<locals>._deprecated_proxy_factory at 0x77636464db20>, 'prev_ds', '2021-04-29')>,
 'prev_ds_nodash': <Proxy at 0x7763646d0140 with factory functools.partial(<function lazy_mapping_from_context.<locals>._deprecated_proxy_factory at 0x77636464db20>, 'prev_ds_nodash', '20210429')>,
 'prev_end_date_success': DateTime(2025, 4, 1, 14, 32, 11, 894976, tzinfo=Timezone('UTC')),
 'prev_execution_date': <Proxy at 0x7763646d0580 with factory functools.partial(<function lazy_mapping_from_context.<locals>._deprecated_proxy_factory at 0x77636464db20>, 'prev_execution_date', DateTime(2021, 4, 29, 0, 0, 0, tzinfo=Timezone('UTC')))>,
 'prev_execution_date_success': <Proxy at 0x7763646d05c0 with factory functools.partial(<function lazy_mapping_from_context.<locals>._deprecated_proxy_factory at 0x77636464db20>, 'prev_execution_date_success', DateTime(2021, 4, 21, 0, 0, 0, tzinfo=Timezone('UTC')))>,
 'prev_start_date_success': DateTime(2025, 4, 1, 14, 31, 8, 465727, tzinfo=Timezone('UTC')),
 'run_id': 'scheduled__2021-04-30T00:00:00+00:00',
 'task': <Task(_PythonDecoratedOperator): print_the_context>,
 'task_instance': <TaskInstance: my_dag_name.print_the_context scheduled__2021-04-30T00:00:00+00:00 [running]>,
 'task_instance_key_str': 'my_dag_name__print_the_context__20210430',
 'templates_dict': None,
 'test_mode': False,
 'ti': <TaskInstance: my_dag_name.print_the_context scheduled__2021-04-30T00:00:00+00:00 [running]>,
 'tomorrow_ds': <Proxy at 0x7763646d0600 with factory functools.partial(<function lazy_mapping_from_context.<locals>._deprecated_proxy_factory at 0x77636464db20>, 'tomorrow_ds', '2021-05-01')>,
 'tomorrow_ds_nodash': <Proxy at 0x7763646d0640 with factory functools.partial(<function lazy_mapping_from_context.<locals>._deprecated_proxy_factory at 0x77636464db20>, 'tomorrow_ds_nodash', '20210501')>,
 'triggering_dataset_events': <Proxy at 0x776364667d80 with factory <function _get_template_context.<locals>.get_triggering_events at 0x77636464d620>>,
 'ts': '2021-04-30T00:00:00+00:00',
 'ts_nodash': '20210430T000000',
 'ts_nodash_with_tz': '20210430T000000+0000',
 'var': {'json': None, 'value': None},
 'yesterday_ds': <Proxy at 0x7763646d0680 with factory functools.partial(<function lazy_mapping_from_context.<locals>._deprecated_proxy_factory at 0x77636464db20>, 'yesterday_ds', '2021-04-29')>,
 'yesterday_ds_nodash': <Proxy at 0x7763646d06c0 with factory functools.partial(<function lazy_mapping_from_context.<locals>._deprecated_proxy_factory at 0x77636464db20>, 'yesterday_ds_nodash', '20210429')>}
[2025-04-01T14:33:15.593+0000] {logging_mixin.py:190} INFO - 2021-04-30
[2025-04-01T14:33:15.595+0000] {python.py:240} INFO - Done. Returned value was: Whatever you return gets printed in the logs
[2025-04-01T14:33:15.822+0000] {taskinstance.py:341} INFO - ::group::Post task execution logs
[2025-04-01T14:33:15.832+0000] {taskinstance.py:353} INFO - Marking task as SUCCESS. dag_id=my_dag_name, task_id=print_the_context, run_id=scheduled__2021-04-30T00:00:00+00:00, execution_date=20210430T000000, start_date=20250401T143312, end_date=20250401T143315
[2025-04-01T14:33:16.113+0000] {logging_mixin.py:190} INFO - Task instance in success state
[2025-04-01T14:33:16.114+0000] {logging_mixin.py:190} INFO -  Previous state of the Task instance: running
[2025-04-01T14:33:16.114+0000] {logging_mixin.py:190} INFO - Dag name:my_dag_name queued_at:2025-04-01 14:32:18.060397+00:00
[2025-04-01T14:33:16.114+0000] {logging_mixin.py:190} INFO - Task hostname:900d630d7d5f operator:_PythonDecoratedOperator
[2025-04-01T14:33:16.240+0000] {local_task_job_runner.py:266} INFO - Task exited with return code 0
[2025-04-01T14:33:16.416+0000] {taskinstance.py:3901} INFO - 1 downstream tasks scheduled from follow-on schedule check
[2025-04-01T14:33:16.424+0000] {local_task_job_runner.py:245} INFO - ::endgroup::
