[2025-04-02T08:10:00.934+0000] {local_task_job_runner.py:123} INFO - ::group::Pre task execution logs
[2025-04-02T08:10:01.230+0000] {taskinstance.py:2614} INFO - Dependencies all met for dep_context=non-requeueable deps ti=<TaskInstance: my_dag_name.create_table scheduled__2022-12-06T00:00:00+00:00 [queued]>
[2025-04-02T08:10:01.368+0000] {taskinstance.py:2614} INFO - Dependencies all met for dep_context=requeueable deps ti=<TaskInstance: my_dag_name.create_table scheduled__2022-12-06T00:00:00+00:00 [queued]>
[2025-04-02T08:10:01.372+0000] {taskinstance.py:2867} INFO - Starting attempt 1 of 1
[2025-04-02T08:10:01.539+0000] {taskinstance.py:2890} INFO - Executing <Task(BigQueryCreateTableOperator): create_table> on 2022-12-06 00:00:00+00:00
[2025-04-02T08:10:01.660+0000] {warnings.py:112} WARNING - /home/***/.local/lib/python3.12/site-packages/***/task/task_runner/standard_task_runner.py:70: DeprecationWarning: This process (pid=6335) is multi-threaded, use of fork() may lead to deadlocks in the child.
  pid = os.fork()

[2025-04-02T08:10:01.675+0000] {standard_task_runner.py:72} INFO - Started process 6385 to run task
[2025-04-02T08:10:01.681+0000] {standard_task_runner.py:104} INFO - Running: ['***', 'tasks', 'run', 'my_dag_name', 'create_table', 'scheduled__2022-12-06T00:00:00+00:00', '--job-id', '1426', '--raw', '--subdir', 'DAGS_FOLDER/con.py', '--cfg-path', '/tmp/tmp3t20xubm']
[2025-04-02T08:10:01.698+0000] {standard_task_runner.py:105} INFO - Job 1426: Subtask create_table
[2025-04-02T08:10:02.168+0000] {task_command.py:467} INFO - Running <TaskInstance: my_dag_name.create_table scheduled__2022-12-06T00:00:00+00:00 [running]> on host 900d630d7d5f
[2025-04-02T08:10:03.369+0000] {taskinstance.py:3134} INFO - Exporting env vars: AIRFLOW_CTX_DAG_OWNER='***' AIRFLOW_CTX_DAG_ID='my_dag_name' AIRFLOW_CTX_TASK_ID='create_table' AIRFLOW_CTX_EXECUTION_DATE='2022-12-06T00:00:00+00:00' AIRFLOW_CTX_TRY_NUMBER='1' AIRFLOW_CTX_DAG_RUN_ID='scheduled__2022-12-06T00:00:00+00:00'
[2025-04-02T08:10:03.387+0000] {logging_mixin.py:190} INFO - Task instance is in running state
[2025-04-02T08:10:03.397+0000] {logging_mixin.py:190} INFO -  Previous state of the Task instance: queued
[2025-04-02T08:10:03.398+0000] {logging_mixin.py:190} INFO - Current task name:create_table state:running start_date:2025-04-02 08:10:01.241700+00:00
[2025-04-02T08:10:03.399+0000] {logging_mixin.py:190} INFO - Dag name:my_dag_name and current dag run status:running
[2025-04-02T08:10:03.403+0000] {taskinstance.py:732} INFO - ::endgroup::
[2025-04-02T08:10:03.501+0000] {connection.py:277} WARNING - Connection schemes (type: google_cloud_platform) shall not contain '_' according to RFC3986.
[2025-04-02T08:10:03.585+0000] {base.py:84} INFO - Retrieving connection 'gcp_co'
[2025-04-02T08:10:03.586+0000] {bigquery.py:1274} INFO - Creating table...
[2025-04-02T08:10:04.688+0000] {bigquery.py:1304} INFO - Table fake_news_detection.training_data already exists.
[2025-04-02T08:10:04.875+0000] {taskinstance.py:341} INFO - ::group::Post task execution logs
[2025-04-02T08:10:04.883+0000] {taskinstance.py:353} INFO - Marking task as SUCCESS. dag_id=my_dag_name, task_id=create_table, run_id=scheduled__2022-12-06T00:00:00+00:00, execution_date=20221206T000000, start_date=20250402T081001, end_date=20250402T081004
[2025-04-02T08:10:05.047+0000] {logging_mixin.py:190} INFO - Task instance in success state
[2025-04-02T08:10:05.048+0000] {logging_mixin.py:190} INFO -  Previous state of the Task instance: running
[2025-04-02T08:10:05.050+0000] {logging_mixin.py:190} INFO - Dag name:my_dag_name queued_at:2025-04-02 08:09:24.547395+00:00
[2025-04-02T08:10:05.051+0000] {logging_mixin.py:190} INFO - Task hostname:900d630d7d5f operator:BigQueryCreateTableOperator
[2025-04-02T08:10:05.151+0000] {local_task_job_runner.py:266} INFO - Task exited with return code 0
[2025-04-02T08:10:05.267+0000] {taskinstance.py:3901} INFO - 0 downstream tasks scheduled from follow-on schedule check
[2025-04-02T08:10:05.283+0000] {local_task_job_runner.py:245} INFO - ::endgroup::
