[2025-04-01T14:48:07.538+0000] {local_task_job_runner.py:123} INFO - ::group::Pre task execution logs
[2025-04-01T14:48:07.710+0000] {taskinstance.py:2614} INFO - Dependencies all met for dep_context=non-requeueable deps ti=<TaskInstance: my_dag_name.print_the_context scheduled__2021-11-07T00:00:00+00:00 [queued]>
[2025-04-01T14:48:07.805+0000] {taskinstance.py:2614} INFO - Dependencies all met for dep_context=requeueable deps ti=<TaskInstance: my_dag_name.print_the_context scheduled__2021-11-07T00:00:00+00:00 [queued]>
[2025-04-01T14:48:07.808+0000] {taskinstance.py:2867} INFO - Starting attempt 1 of 1
[2025-04-01T14:48:07.881+0000] {taskinstance.py:2890} INFO - Executing <Task(_PythonDecoratedOperator): print_the_context> on 2021-11-07 00:00:00+00:00
[2025-04-01T14:48:08.022+0000] {warnings.py:112} WARNING - /home/***/.local/lib/python3.12/site-packages/***/task/task_runner/standard_task_runner.py:70: DeprecationWarning: This process (pid=2829) is multi-threaded, use of fork() may lead to deadlocks in the child.
  pid = os.fork()

[2025-04-01T14:48:08.055+0000] {standard_task_runner.py:72} INFO - Started process 2865 to run task
[2025-04-01T14:48:08.075+0000] {standard_task_runner.py:104} INFO - Running: ['***', 'tasks', 'run', 'my_dag_name', 'print_the_context', 'scheduled__2021-11-07T00:00:00+00:00', '--job-id', '625', '--raw', '--subdir', 'DAGS_FOLDER/con.py', '--cfg-path', '/tmp/tmph9nw57l3']
[2025-04-01T14:48:08.123+0000] {standard_task_runner.py:105} INFO - Job 625: Subtask print_the_context
[2025-04-01T14:48:08.877+0000] {task_command.py:467} INFO - Running <TaskInstance: my_dag_name.print_the_context scheduled__2021-11-07T00:00:00+00:00 [running]> on host 900d630d7d5f
[2025-04-01T14:48:09.818+0000] {taskinstance.py:3134} INFO - Exporting env vars: AIRFLOW_CTX_DAG_OWNER='***' AIRFLOW_CTX_DAG_ID='my_dag_name' AIRFLOW_CTX_TASK_ID='print_the_context' AIRFLOW_CTX_EXECUTION_DATE='2021-11-07T00:00:00+00:00' AIRFLOW_CTX_TRY_NUMBER='1' AIRFLOW_CTX_DAG_RUN_ID='scheduled__2021-11-07T00:00:00+00:00'
[2025-04-01T14:48:09.855+0000] {logging_mixin.py:190} INFO - Task instance is in running state
[2025-04-01T14:48:09.856+0000] {logging_mixin.py:190} INFO -  Previous state of the Task instance: queued
[2025-04-01T14:48:09.904+0000] {logging_mixin.py:190} INFO - Current task name:print_the_context state:running start_date:2025-04-01 14:48:07.713299+00:00
[2025-04-01T14:48:09.904+0000] {logging_mixin.py:190} INFO - Dag name:my_dag_name and current dag run status:running
[2025-04-01T14:48:09.905+0000] {taskinstance.py:732} INFO - ::endgroup::
[2025-04-01T14:48:10.102+0000] {logging_mixin.py:190} INFO - {'conf': <Proxy at 0x7763647a8680 with factory functools.partial(<function lazy_mapping_from_context.<locals>._deprecated_proxy_factory at 0x7763647c9940>, 'conf', <***.configuration.AirflowConfigParser object at 0x7763844f8cb0>)>,
 'conn': None,
 'dag': <DAG: my_dag_name>,
 'dag_run': <DagRun my_dag_name @ 2021-11-07 00:00:00+00:00: scheduled__2021-11-07T00:00:00+00:00, state:running, queued_at: 2025-04-01 14:47:46.890245+00:00. externally triggered: False>,
 'data_interval_end': DateTime(2021, 11, 8, 0, 0, 0, tzinfo=Timezone('UTC')),
 'data_interval_start': DateTime(2021, 11, 7, 0, 0, 0, tzinfo=Timezone('UTC')),
 'ds_nodash': '20211107',
 'execution_date': <Proxy at 0x7763647ad380 with factory functools.partial(<function lazy_mapping_from_context.<locals>._deprecated_proxy_factory at 0x7763647c9940>, 'execution_date', DateTime(2021, 11, 7, 0, 0, 0, tzinfo=Timezone('UTC')))>,
 'expanded_ti_count': None,
 'inlet_events': InletEventsAccessors(_inlets=[], _datasets={}, _dataset_aliases={}, _session=<sqlalchemy.orm.session.Session object at 0x776383dc1640>),
 'inlets': [],
 'logical_date': DateTime(2021, 11, 7, 0, 0, 0, tzinfo=Timezone('UTC')),
 'macros': <module '***.macros' from '/home/***/.local/lib/python3.12/site-packages/***/macros/__init__.py'>,
 'map_index_template': None,
 'next_ds': <Proxy at 0x77636479cb40 with factory functools.partial(<function lazy_mapping_from_context.<locals>._deprecated_proxy_factory at 0x7763647c9940>, 'next_ds', '2021-11-08')>,
 'next_ds_nodash': <Proxy at 0x7763647d8180 with factory functools.partial(<function lazy_mapping_from_context.<locals>._deprecated_proxy_factory at 0x7763647c9940>, 'next_ds_nodash', '20211108')>,
 'next_execution_date': <Proxy at 0x776364644480 with factory functools.partial(<function lazy_mapping_from_context.<locals>._deprecated_proxy_factory at 0x7763647c9940>, 'next_execution_date', DateTime(2021, 11, 8, 0, 0, 0, tzinfo=Timezone('UTC')))>,
 'outlet_events': <***.utils.context.OutletEventAccessors object at 0x7763647c15b0>,
 'outlets': [],
 'params': {},
 'prev_data_interval_end_success': DateTime(2021, 11, 4, 0, 0, 0, tzinfo=Timezone('UTC')),
 'prev_data_interval_start_success': DateTime(2021, 11, 3, 0, 0, 0, tzinfo=Timezone('UTC')),
 'prev_ds': <Proxy at 0x776364647640 with factory functools.partial(<function lazy_mapping_from_context.<locals>._deprecated_proxy_factory at 0x7763647c9940>, 'prev_ds', '2021-11-06')>,
 'prev_ds_nodash': <Proxy at 0x776364647680 with factory functools.partial(<function lazy_mapping_from_context.<locals>._deprecated_proxy_factory at 0x7763647c9940>, 'prev_ds_nodash', '20211106')>,
 'prev_end_date_success': DateTime(2025, 4, 1, 14, 47, 44, 449070, tzinfo=Timezone('UTC')),
 'prev_execution_date': <Proxy at 0x7763646476c0 with factory functools.partial(<function lazy_mapping_from_context.<locals>._deprecated_proxy_factory at 0x7763647c9940>, 'prev_execution_date', DateTime(2021, 11, 6, 0, 0, 0, tzinfo=Timezone('UTC')))>,
 'prev_execution_date_success': <Proxy at 0x776364647700 with factory functools.partial(<function lazy_mapping_from_context.<locals>._deprecated_proxy_factory at 0x7763647c9940>, 'prev_execution_date_success', DateTime(2021, 11, 3, 0, 0, 0, tzinfo=Timezone('UTC')))>,
 'prev_start_date_success': DateTime(2025, 4, 1, 14, 47, 6, 558436, tzinfo=Timezone('UTC')),
 'run_id': 'scheduled__2021-11-07T00:00:00+00:00',
 'task': <Task(_PythonDecoratedOperator): print_the_context>,
 'task_instance': <TaskInstance: my_dag_name.print_the_context scheduled__2021-11-07T00:00:00+00:00 [running]>,
 'task_instance_key_str': 'my_dag_name__print_the_context__20211107',
 'templates_dict': None,
 'test_mode': False,
 'ti': <TaskInstance: my_dag_name.print_the_context scheduled__2021-11-07T00:00:00+00:00 [running]>,
 'tomorrow_ds': <Proxy at 0x776364647740 with factory functools.partial(<function lazy_mapping_from_context.<locals>._deprecated_proxy_factory at 0x7763647c9940>, 'tomorrow_ds', '2021-11-08')>,
 'tomorrow_ds_nodash': <Proxy at 0x776364647780 with factory functools.partial(<function lazy_mapping_from_context.<locals>._deprecated_proxy_factory at 0x7763647c9940>, 'tomorrow_ds_nodash', '20211108')>,
 'triggering_dataset_events': <Proxy at 0x7763647db200 with factory <function _get_template_context.<locals>.get_triggering_events at 0x7763647c9440>>,
 'ts': '2021-11-07T00:00:00+00:00',
 'ts_nodash': '20211107T000000',
 'ts_nodash_with_tz': '20211107T000000+0000',
 'var': {'json': None, 'value': None},
 'yesterday_ds': <Proxy at 0x7763646477c0 with factory functools.partial(<function lazy_mapping_from_context.<locals>._deprecated_proxy_factory at 0x7763647c9940>, 'yesterday_ds', '2021-11-06')>,
 'yesterday_ds_nodash': <Proxy at 0x776364647800 with factory functools.partial(<function lazy_mapping_from_context.<locals>._deprecated_proxy_factory at 0x7763647c9940>, 'yesterday_ds_nodash', '20211106')>}
[2025-04-01T14:48:10.137+0000] {logging_mixin.py:190} INFO - 2021-11-07
[2025-04-01T14:48:10.142+0000] {python.py:240} INFO - Done. Returned value was: Whatever you return gets printed in the logs
[2025-04-01T14:48:10.494+0000] {taskinstance.py:341} INFO - ::group::Post task execution logs
[2025-04-01T14:48:10.514+0000] {taskinstance.py:353} INFO - Marking task as SUCCESS. dag_id=my_dag_name, task_id=print_the_context, run_id=scheduled__2021-11-07T00:00:00+00:00, execution_date=20211107T000000, start_date=20250401T144807, end_date=20250401T144810
[2025-04-01T14:48:10.754+0000] {logging_mixin.py:190} INFO - Task instance in success state
[2025-04-01T14:48:10.755+0000] {logging_mixin.py:190} INFO -  Previous state of the Task instance: running
[2025-04-01T14:48:10.756+0000] {logging_mixin.py:190} INFO - Dag name:my_dag_name queued_at:2025-04-01 14:47:46.890245+00:00
[2025-04-01T14:48:10.756+0000] {logging_mixin.py:190} INFO - Task hostname:900d630d7d5f operator:_PythonDecoratedOperator
[2025-04-01T14:48:10.905+0000] {local_task_job_runner.py:266} INFO - Task exited with return code 0
[2025-04-01T14:48:11.081+0000] {taskinstance.py:3901} INFO - 1 downstream tasks scheduled from follow-on schedule check
[2025-04-01T14:48:11.094+0000] {local_task_job_runner.py:245} INFO - ::endgroup::
