[2025-04-02T08:10:49.204+0000] {local_task_job_runner.py:123} INFO - ::group::Pre task execution logs
[2025-04-02T08:10:49.296+0000] {taskinstance.py:2614} INFO - Dependencies all met for dep_context=non-requeueable deps ti=<TaskInstance: my_dag_name.print_the_context scheduled__2022-12-23T00:00:00+00:00 [queued]>
[2025-04-02T08:10:49.330+0000] {taskinstance.py:2614} INFO - Dependencies all met for dep_context=requeueable deps ti=<TaskInstance: my_dag_name.print_the_context scheduled__2022-12-23T00:00:00+00:00 [queued]>
[2025-04-02T08:10:49.331+0000] {taskinstance.py:2867} INFO - Starting attempt 1 of 1
[2025-04-02T08:10:49.390+0000] {taskinstance.py:2890} INFO - Executing <Task(_PythonDecoratedOperator): print_the_context> on 2022-12-23 00:00:00+00:00
[2025-04-02T08:10:49.430+0000] {warnings.py:112} WARNING - /home/***/.local/lib/python3.12/site-packages/***/task/task_runner/standard_task_runner.py:70: DeprecationWarning: This process (pid=6456) is multi-threaded, use of fork() may lead to deadlocks in the child.
  pid = os.fork()

[2025-04-02T08:10:49.437+0000] {standard_task_runner.py:72} INFO - Started process 6466 to run task
[2025-04-02T08:10:49.441+0000] {standard_task_runner.py:104} INFO - Running: ['***', 'tasks', 'run', 'my_dag_name', 'print_the_context', 'scheduled__2022-12-23T00:00:00+00:00', '--job-id', '1448', '--raw', '--subdir', 'DAGS_FOLDER/con.py', '--cfg-path', '/tmp/tmplb29h7p2']
[2025-04-02T08:10:49.448+0000] {standard_task_runner.py:105} INFO - Job 1448: Subtask print_the_context
[2025-04-02T08:10:49.586+0000] {task_command.py:467} INFO - Running <TaskInstance: my_dag_name.print_the_context scheduled__2022-12-23T00:00:00+00:00 [running]> on host 900d630d7d5f
[2025-04-02T08:10:49.809+0000] {taskinstance.py:3134} INFO - Exporting env vars: AIRFLOW_CTX_DAG_OWNER='***' AIRFLOW_CTX_DAG_ID='my_dag_name' AIRFLOW_CTX_TASK_ID='print_the_context' AIRFLOW_CTX_EXECUTION_DATE='2022-12-23T00:00:00+00:00' AIRFLOW_CTX_TRY_NUMBER='1' AIRFLOW_CTX_DAG_RUN_ID='scheduled__2022-12-23T00:00:00+00:00'
[2025-04-02T08:10:49.818+0000] {logging_mixin.py:190} INFO - Task instance is in running state
[2025-04-02T08:10:49.822+0000] {logging_mixin.py:190} INFO -  Previous state of the Task instance: queued
[2025-04-02T08:10:49.823+0000] {logging_mixin.py:190} INFO - Current task name:print_the_context state:running start_date:2025-04-02 08:10:49.299843+00:00
[2025-04-02T08:10:49.824+0000] {logging_mixin.py:190} INFO - Dag name:my_dag_name and current dag run status:running
[2025-04-02T08:10:49.827+0000] {taskinstance.py:732} INFO - ::endgroup::
[2025-04-02T08:10:49.859+0000] {logging_mixin.py:190} INFO - {'conf': <Proxy at 0x7763647c0240 with factory functools.partial(<function lazy_mapping_from_context.<locals>._deprecated_proxy_factory at 0x77636464e200>, 'conf', <***.configuration.AirflowConfigParser object at 0x7763844f8cb0>)>,
 'conn': None,
 'dag': <DAG: my_dag_name>,
 'dag_run': <DagRun my_dag_name @ 2022-12-23 00:00:00+00:00: scheduled__2022-12-23T00:00:00+00:00, state:running, queued_at: 2025-04-02 08:10:41.866852+00:00. externally triggered: False>,
 'data_interval_end': DateTime(2022, 12, 24, 0, 0, 0, tzinfo=Timezone('UTC')),
 'data_interval_start': DateTime(2022, 12, 23, 0, 0, 0, tzinfo=Timezone('UTC')),
 'ds_nodash': '20221223',
 'execution_date': <Proxy at 0x77636469f540 with factory functools.partial(<function lazy_mapping_from_context.<locals>._deprecated_proxy_factory at 0x77636464e200>, 'execution_date', DateTime(2022, 12, 23, 0, 0, 0, tzinfo=Timezone('UTC')))>,
 'expanded_ti_count': None,
 'inlet_events': InletEventsAccessors(_inlets=[], _datasets={}, _dataset_aliases={}, _session=<sqlalchemy.orm.session.Session object at 0x776383db41a0>),
 'inlets': [],
 'logical_date': DateTime(2022, 12, 23, 0, 0, 0, tzinfo=Timezone('UTC')),
 'macros': <module '***.macros' from '/home/***/.local/lib/python3.12/site-packages/***/macros/__init__.py'>,
 'map_index_template': None,
 'next_ds': <Proxy at 0x7763646e0a00 with factory functools.partial(<function lazy_mapping_from_context.<locals>._deprecated_proxy_factory at 0x77636464e200>, 'next_ds', '2022-12-24')>,
 'next_ds_nodash': <Proxy at 0x7763646e05c0 with factory functools.partial(<function lazy_mapping_from_context.<locals>._deprecated_proxy_factory at 0x77636464e200>, 'next_ds_nodash', '20221224')>,
 'next_execution_date': <Proxy at 0x7763646e0480 with factory functools.partial(<function lazy_mapping_from_context.<locals>._deprecated_proxy_factory at 0x77636464e200>, 'next_execution_date', DateTime(2022, 12, 24, 0, 0, 0, tzinfo=Timezone('UTC')))>,
 'outlet_events': <***.utils.context.OutletEventAccessors object at 0x77636465dd60>,
 'outlets': [],
 'params': {},
 'prev_data_interval_end_success': DateTime(2022, 12, 23, 0, 0, 0, tzinfo=Timezone('UTC')),
 'prev_data_interval_start_success': DateTime(2022, 12, 22, 0, 0, 0, tzinfo=Timezone('UTC')),
 'prev_ds': <Proxy at 0x7763646e0840 with factory functools.partial(<function lazy_mapping_from_context.<locals>._deprecated_proxy_factory at 0x77636464e200>, 'prev_ds', '2022-12-22')>,
 'prev_ds_nodash': <Proxy at 0x7763646e03c0 with factory functools.partial(<function lazy_mapping_from_context.<locals>._deprecated_proxy_factory at 0x77636464e200>, 'prev_ds_nodash', '20221222')>,
 'prev_end_date_success': DateTime(2025, 4, 2, 8, 10, 44, 214787, tzinfo=Timezone('UTC')),
 'prev_execution_date': <Proxy at 0x7763646e1480 with factory functools.partial(<function lazy_mapping_from_context.<locals>._deprecated_proxy_factory at 0x77636464e200>, 'prev_execution_date', DateTime(2022, 12, 22, 0, 0, 0, tzinfo=Timezone('UTC')))>,
 'prev_execution_date_success': <Proxy at 0x7763646e0300 with factory functools.partial(<function lazy_mapping_from_context.<locals>._deprecated_proxy_factory at 0x77636464e200>, 'prev_execution_date_success', DateTime(2022, 12, 22, 0, 0, 0, tzinfo=Timezone('UTC')))>,
 'prev_start_date_success': DateTime(2025, 4, 2, 8, 10, 11, 348792, tzinfo=Timezone('UTC')),
 'run_id': 'scheduled__2022-12-23T00:00:00+00:00',
 'task': <Task(_PythonDecoratedOperator): print_the_context>,
 'task_instance': <TaskInstance: my_dag_name.print_the_context scheduled__2022-12-23T00:00:00+00:00 [running]>,
 'task_instance_key_str': 'my_dag_name__print_the_context__20221223',
 'templates_dict': None,
 'test_mode': False,
 'ti': <TaskInstance: my_dag_name.print_the_context scheduled__2022-12-23T00:00:00+00:00 [running]>,
 'tomorrow_ds': <Proxy at 0x7763646e02c0 with factory functools.partial(<function lazy_mapping_from_context.<locals>._deprecated_proxy_factory at 0x77636464e200>, 'tomorrow_ds', '2022-12-24')>,
 'tomorrow_ds_nodash': <Proxy at 0x7763646e0280 with factory functools.partial(<function lazy_mapping_from_context.<locals>._deprecated_proxy_factory at 0x77636464e200>, 'tomorrow_ds_nodash', '20221224')>,
 'triggering_dataset_events': <Proxy at 0x77636467ae80 with factory <function _get_template_context.<locals>.get_triggering_events at 0x77636464dda0>>,
 'ts': '2022-12-23T00:00:00+00:00',
 'ts_nodash': '20221223T000000',
 'ts_nodash_with_tz': '20221223T000000+0000',
 'var': {'json': None, 'value': None},
 'yesterday_ds': <Proxy at 0x7763646e0240 with factory functools.partial(<function lazy_mapping_from_context.<locals>._deprecated_proxy_factory at 0x77636464e200>, 'yesterday_ds', '2022-12-22')>,
 'yesterday_ds_nodash': <Proxy at 0x7763646e0200 with factory functools.partial(<function lazy_mapping_from_context.<locals>._deprecated_proxy_factory at 0x77636464e200>, 'yesterday_ds_nodash', '20221222')>}
[2025-04-02T08:10:49.865+0000] {logging_mixin.py:190} INFO - 2022-12-23
[2025-04-02T08:10:49.865+0000] {python.py:240} INFO - Done. Returned value was: Whatever you return gets printed in the logs
[2025-04-02T08:10:49.950+0000] {taskinstance.py:341} INFO - ::group::Post task execution logs
[2025-04-02T08:10:49.951+0000] {taskinstance.py:353} INFO - Marking task as SUCCESS. dag_id=my_dag_name, task_id=print_the_context, run_id=scheduled__2022-12-23T00:00:00+00:00, execution_date=20221223T000000, start_date=20250402T081049, end_date=20250402T081049
[2025-04-02T08:10:50.046+0000] {logging_mixin.py:190} INFO - Task instance in success state
[2025-04-02T08:10:50.047+0000] {logging_mixin.py:190} INFO -  Previous state of the Task instance: running
[2025-04-02T08:10:50.047+0000] {logging_mixin.py:190} INFO - Dag name:my_dag_name queued_at:2025-04-02 08:10:41.866852+00:00
[2025-04-02T08:10:50.048+0000] {logging_mixin.py:190} INFO - Task hostname:900d630d7d5f operator:_PythonDecoratedOperator
[2025-04-02T08:10:50.120+0000] {local_task_job_runner.py:266} INFO - Task exited with return code 0
[2025-04-02T08:10:50.214+0000] {taskinstance.py:3901} INFO - 1 downstream tasks scheduled from follow-on schedule check
[2025-04-02T08:10:50.217+0000] {local_task_job_runner.py:245} INFO - ::endgroup::
