[2025-04-01T14:43:11.531+0000] {local_task_job_runner.py:123} INFO - ::group::Pre task execution logs
[2025-04-01T14:43:12.358+0000] {taskinstance.py:2614} INFO - Dependencies all met for dep_context=non-requeueable deps ti=<TaskInstance: my_dag_name.print_the_context scheduled__2021-09-01T00:00:00+00:00 [queued]>
[2025-04-01T14:43:12.735+0000] {taskinstance.py:2614} INFO - Dependencies all met for dep_context=requeueable deps ti=<TaskInstance: my_dag_name.print_the_context scheduled__2021-09-01T00:00:00+00:00 [queued]>
[2025-04-01T14:43:12.737+0000] {taskinstance.py:2867} INFO - Starting attempt 1 of 1
[2025-04-01T14:43:13.580+0000] {taskinstance.py:2890} INFO - Executing <Task(_PythonDecoratedOperator): print_the_context> on 2021-09-01 00:00:00+00:00
[2025-04-01T14:43:13.823+0000] {warnings.py:112} WARNING - /home/***/.local/lib/python3.12/site-packages/***/task/task_runner/standard_task_runner.py:70: DeprecationWarning: This process (pid=2249) is multi-threaded, use of fork() may lead to deadlocks in the child.
  pid = os.fork()

[2025-04-01T14:43:13.870+0000] {standard_task_runner.py:104} INFO - Running: ['***', 'tasks', 'run', 'my_dag_name', 'print_the_context', 'scheduled__2021-09-01T00:00:00+00:00', '--job-id', '492', '--raw', '--subdir', 'DAGS_FOLDER/con.py', '--cfg-path', '/tmp/tmp9xmgpn2s']
[2025-04-01T14:43:13.905+0000] {standard_task_runner.py:105} INFO - Job 492: Subtask print_the_context
[2025-04-01T14:43:13.889+0000] {standard_task_runner.py:72} INFO - Started process 2286 to run task
[2025-04-01T14:43:14.693+0000] {task_command.py:467} INFO - Running <TaskInstance: my_dag_name.print_the_context scheduled__2021-09-01T00:00:00+00:00 [running]> on host 900d630d7d5f
[2025-04-01T14:43:16.631+0000] {taskinstance.py:3134} INFO - Exporting env vars: AIRFLOW_CTX_DAG_OWNER='***' AIRFLOW_CTX_DAG_ID='my_dag_name' AIRFLOW_CTX_TASK_ID='print_the_context' AIRFLOW_CTX_EXECUTION_DATE='2021-09-01T00:00:00+00:00' AIRFLOW_CTX_TRY_NUMBER='1' AIRFLOW_CTX_DAG_RUN_ID='scheduled__2021-09-01T00:00:00+00:00'
[2025-04-01T14:43:16.672+0000] {logging_mixin.py:190} INFO - Task instance is in running state
[2025-04-01T14:43:16.764+0000] {logging_mixin.py:190} INFO -  Previous state of the Task instance: queued
[2025-04-01T14:43:16.764+0000] {logging_mixin.py:190} INFO - Current task name:print_the_context state:running start_date:2025-04-01 14:43:12.398937+00:00
[2025-04-01T14:43:16.765+0000] {logging_mixin.py:190} INFO - Dag name:my_dag_name and current dag run status:running
[2025-04-01T14:43:16.789+0000] {taskinstance.py:732} INFO - ::endgroup::
[2025-04-01T14:43:16.879+0000] {logging_mixin.py:190} INFO - {'conf': <Proxy at 0x776364693840 with factory functools.partial(<function lazy_mapping_from_context.<locals>._deprecated_proxy_factory at 0x77637ed11260>, 'conf', <***.configuration.AirflowConfigParser object at 0x7763844f8cb0>)>,
 'conn': None,
 'dag': <DAG: my_dag_name>,
 'dag_run': <DagRun my_dag_name @ 2021-09-01 00:00:00+00:00: scheduled__2021-09-01T00:00:00+00:00, state:running, queued_at: 2025-04-01 14:42:27.069810+00:00. externally triggered: False>,
 'data_interval_end': DateTime(2021, 9, 2, 0, 0, 0, tzinfo=Timezone('UTC')),
 'data_interval_start': DateTime(2021, 9, 1, 0, 0, 0, tzinfo=Timezone('UTC')),
 'ds_nodash': '20210901',
 'execution_date': <Proxy at 0x7763647de640 with factory functools.partial(<function lazy_mapping_from_context.<locals>._deprecated_proxy_factory at 0x77637ed11260>, 'execution_date', DateTime(2021, 9, 1, 0, 0, 0, tzinfo=Timezone('UTC')))>,
 'expanded_ti_count': None,
 'inlet_events': InletEventsAccessors(_inlets=[], _datasets={}, _dataset_aliases={}, _session=<sqlalchemy.orm.session.Session object at 0x776383db47a0>),
 'inlets': [],
 'logical_date': DateTime(2021, 9, 1, 0, 0, 0, tzinfo=Timezone('UTC')),
 'macros': <module '***.macros' from '/home/***/.local/lib/python3.12/site-packages/***/macros/__init__.py'>,
 'map_index_template': None,
 'next_ds': <Proxy at 0x776364664dc0 with factory functools.partial(<function lazy_mapping_from_context.<locals>._deprecated_proxy_factory at 0x77637ed11260>, 'next_ds', '2021-09-02')>,
 'next_ds_nodash': <Proxy at 0x7763647ad900 with factory functools.partial(<function lazy_mapping_from_context.<locals>._deprecated_proxy_factory at 0x77637ed11260>, 'next_ds_nodash', '20210902')>,
 'next_execution_date': <Proxy at 0x77636470db40 with factory functools.partial(<function lazy_mapping_from_context.<locals>._deprecated_proxy_factory at 0x77637ed11260>, 'next_execution_date', DateTime(2021, 9, 2, 0, 0, 0, tzinfo=Timezone('UTC')))>,
 'outlet_events': <***.utils.context.OutletEventAccessors object at 0x77636464ad80>,
 'outlets': [],
 'params': {},
 'prev_data_interval_end_success': DateTime(2021, 8, 31, 0, 0, 0, tzinfo=Timezone('UTC')),
 'prev_data_interval_start_success': DateTime(2021, 8, 30, 0, 0, 0, tzinfo=Timezone('UTC')),
 'prev_ds': <Proxy at 0x77636465e1c0 with factory functools.partial(<function lazy_mapping_from_context.<locals>._deprecated_proxy_factory at 0x77637ed11260>, 'prev_ds', '2021-08-31')>,
 'prev_ds_nodash': <Proxy at 0x77636465d580 with factory functools.partial(<function lazy_mapping_from_context.<locals>._deprecated_proxy_factory at 0x77637ed11260>, 'prev_ds_nodash', '20210831')>,
 'prev_end_date_success': DateTime(2025, 4, 1, 14, 42, 24, 859681, tzinfo=Timezone('UTC')),
 'prev_execution_date': <Proxy at 0x77636478cd00 with factory functools.partial(<function lazy_mapping_from_context.<locals>._deprecated_proxy_factory at 0x77637ed11260>, 'prev_execution_date', DateTime(2021, 8, 31, 0, 0, 0, tzinfo=Timezone('UTC')))>,
 'prev_execution_date_success': <Proxy at 0x776364da5700 with factory functools.partial(<function lazy_mapping_from_context.<locals>._deprecated_proxy_factory at 0x77637ed11260>, 'prev_execution_date_success', DateTime(2021, 8, 30, 0, 0, 0, tzinfo=Timezone('UTC')))>,
 'prev_start_date_success': DateTime(2025, 4, 1, 14, 41, 30, 646357, tzinfo=Timezone('UTC')),
 'run_id': 'scheduled__2021-09-01T00:00:00+00:00',
 'task': <Task(_PythonDecoratedOperator): print_the_context>,
 'task_instance': <TaskInstance: my_dag_name.print_the_context scheduled__2021-09-01T00:00:00+00:00 [running]>,
 'task_instance_key_str': 'my_dag_name__print_the_context__20210901',
 'templates_dict': None,
 'test_mode': False,
 'ti': <TaskInstance: my_dag_name.print_the_context scheduled__2021-09-01T00:00:00+00:00 [running]>,
 'tomorrow_ds': <Proxy at 0x7763646cc100 with factory functools.partial(<function lazy_mapping_from_context.<locals>._deprecated_proxy_factory at 0x77637ed11260>, 'tomorrow_ds', '2021-09-02')>,
 'tomorrow_ds_nodash': <Proxy at 0x7763646cdb80 with factory functools.partial(<function lazy_mapping_from_context.<locals>._deprecated_proxy_factory at 0x77637ed11260>, 'tomorrow_ds_nodash', '20210902')>,
 'triggering_dataset_events': <Proxy at 0x776364665e80 with factory <function _get_template_context.<locals>.get_triggering_events at 0x776364632200>>,
 'ts': '2021-09-01T00:00:00+00:00',
 'ts_nodash': '20210901T000000',
 'ts_nodash_with_tz': '20210901T000000+0000',
 'var': {'json': None, 'value': None},
 'yesterday_ds': <Proxy at 0x7763646cdbc0 with factory functools.partial(<function lazy_mapping_from_context.<locals>._deprecated_proxy_factory at 0x77637ed11260>, 'yesterday_ds', '2021-08-31')>,
 'yesterday_ds_nodash': <Proxy at 0x7763646cdc00 with factory functools.partial(<function lazy_mapping_from_context.<locals>._deprecated_proxy_factory at 0x77637ed11260>, 'yesterday_ds_nodash', '20210831')>}
[2025-04-01T14:43:16.880+0000] {logging_mixin.py:190} INFO - 2021-09-01
[2025-04-01T14:43:16.880+0000] {python.py:240} INFO - Done. Returned value was: Whatever you return gets printed in the logs
[2025-04-01T14:43:17.107+0000] {taskinstance.py:341} INFO - ::group::Post task execution logs
[2025-04-01T14:43:17.112+0000] {taskinstance.py:353} INFO - Marking task as SUCCESS. dag_id=my_dag_name, task_id=print_the_context, run_id=scheduled__2021-09-01T00:00:00+00:00, execution_date=20210901T000000, start_date=20250401T144312, end_date=20250401T144317
[2025-04-01T14:43:17.325+0000] {logging_mixin.py:190} INFO - Task instance in success state
[2025-04-01T14:43:17.340+0000] {logging_mixin.py:190} INFO -  Previous state of the Task instance: running
[2025-04-01T14:43:17.341+0000] {logging_mixin.py:190} INFO - Dag name:my_dag_name queued_at:2025-04-01 14:42:27.069810+00:00
[2025-04-01T14:43:17.341+0000] {logging_mixin.py:190} INFO - Task hostname:900d630d7d5f operator:_PythonDecoratedOperator
[2025-04-01T14:43:17.530+0000] {local_task_job_runner.py:266} INFO - Task exited with return code 0
[2025-04-01T14:43:17.716+0000] {taskinstance.py:3901} INFO - 1 downstream tasks scheduled from follow-on schedule check
[2025-04-01T14:43:17.724+0000] {local_task_job_runner.py:245} INFO - ::endgroup::
