[2025-04-01T14:56:22.001+0000] {local_task_job_runner.py:123} INFO - ::group::Pre task execution logs
[2025-04-01T14:56:22.209+0000] {taskinstance.py:2614} INFO - Dependencies all met for dep_context=non-requeueable deps ti=<TaskInstance: my_dag_name.print_the_context scheduled__2022-02-25T00:00:00+00:00 [queued]>
[2025-04-01T14:56:22.351+0000] {taskinstance.py:2614} INFO - Dependencies all met for dep_context=requeueable deps ti=<TaskInstance: my_dag_name.print_the_context scheduled__2022-02-25T00:00:00+00:00 [queued]>
[2025-04-01T14:56:22.352+0000] {taskinstance.py:2867} INFO - Starting attempt 1 of 1
[2025-04-01T14:56:22.559+0000] {taskinstance.py:2890} INFO - Executing <Task(_PythonDecoratedOperator): print_the_context> on 2022-02-25 00:00:00+00:00
[2025-04-01T14:56:22.711+0000] {warnings.py:112} WARNING - /home/***/.local/lib/python3.12/site-packages/***/task/task_runner/standard_task_runner.py:70: DeprecationWarning: This process (pid=3768) is multi-threaded, use of fork() may lead to deadlocks in the child.
  pid = os.fork()

[2025-04-01T14:56:22.746+0000] {standard_task_runner.py:72} INFO - Started process 3804 to run task
[2025-04-01T14:56:22.747+0000] {standard_task_runner.py:104} INFO - Running: ['***', 'tasks', 'run', 'my_dag_name', 'print_the_context', 'scheduled__2022-02-25T00:00:00+00:00', '--job-id', '842', '--raw', '--subdir', 'DAGS_FOLDER/con.py', '--cfg-path', '/tmp/tmpn5jkvv6e']
[2025-04-01T14:56:22.795+0000] {standard_task_runner.py:105} INFO - Job 842: Subtask print_the_context
[2025-04-01T14:56:23.573+0000] {task_command.py:467} INFO - Running <TaskInstance: my_dag_name.print_the_context scheduled__2022-02-25T00:00:00+00:00 [running]> on host 900d630d7d5f
[2025-04-01T14:56:24.994+0000] {taskinstance.py:3134} INFO - Exporting env vars: AIRFLOW_CTX_DAG_OWNER='***' AIRFLOW_CTX_DAG_ID='my_dag_name' AIRFLOW_CTX_TASK_ID='print_the_context' AIRFLOW_CTX_EXECUTION_DATE='2022-02-25T00:00:00+00:00' AIRFLOW_CTX_TRY_NUMBER='1' AIRFLOW_CTX_DAG_RUN_ID='scheduled__2022-02-25T00:00:00+00:00'
[2025-04-01T14:56:25.035+0000] {logging_mixin.py:190} INFO - Task instance is in running state
[2025-04-01T14:56:25.035+0000] {logging_mixin.py:190} INFO -  Previous state of the Task instance: queued
[2025-04-01T14:56:25.043+0000] {logging_mixin.py:190} INFO - Current task name:print_the_context state:running start_date:2025-04-01 14:56:22.212599+00:00
[2025-04-01T14:56:25.043+0000] {logging_mixin.py:190} INFO - Dag name:my_dag_name and current dag run status:running
[2025-04-01T14:56:25.044+0000] {taskinstance.py:732} INFO - ::endgroup::
[2025-04-01T14:56:25.263+0000] {logging_mixin.py:190} INFO - {'conf': <Proxy at 0x77636462bbc0 with factory functools.partial(<function lazy_mapping_from_context.<locals>._deprecated_proxy_factory at 0x776364651580>, 'conf', <***.configuration.AirflowConfigParser object at 0x7763844f8cb0>)>,
 'conn': None,
 'dag': <DAG: my_dag_name>,
 'dag_run': <DagRun my_dag_name @ 2022-02-25 00:00:00+00:00: scheduled__2022-02-25T00:00:00+00:00, state:running, queued_at: 2025-04-01 14:55:55.727957+00:00. externally triggered: False>,
 'data_interval_end': DateTime(2022, 2, 26, 0, 0, 0, tzinfo=Timezone('UTC')),
 'data_interval_start': DateTime(2022, 2, 25, 0, 0, 0, tzinfo=Timezone('UTC')),
 'ds_nodash': '20220225',
 'execution_date': <Proxy at 0x77636462be00 with factory functools.partial(<function lazy_mapping_from_context.<locals>._deprecated_proxy_factory at 0x776364651580>, 'execution_date', DateTime(2022, 2, 25, 0, 0, 0, tzinfo=Timezone('UTC')))>,
 'expanded_ti_count': None,
 'inlet_events': InletEventsAccessors(_inlets=[], _datasets={}, _dataset_aliases={}, _session=<sqlalchemy.orm.session.Session object at 0x776383dc1d30>),
 'inlets': [],
 'logical_date': DateTime(2022, 2, 25, 0, 0, 0, tzinfo=Timezone('UTC')),
 'macros': <module '***.macros' from '/home/***/.local/lib/python3.12/site-packages/***/macros/__init__.py'>,
 'map_index_template': None,
 'next_ds': <Proxy at 0x77636465fb40 with factory functools.partial(<function lazy_mapping_from_context.<locals>._deprecated_proxy_factory at 0x776364651580>, 'next_ds', '2022-02-26')>,
 'next_ds_nodash': <Proxy at 0x7763646a1640 with factory functools.partial(<function lazy_mapping_from_context.<locals>._deprecated_proxy_factory at 0x776364651580>, 'next_ds_nodash', '20220226')>,
 'next_execution_date': <Proxy at 0x776364690840 with factory functools.partial(<function lazy_mapping_from_context.<locals>._deprecated_proxy_factory at 0x776364651580>, 'next_execution_date', DateTime(2022, 2, 26, 0, 0, 0, tzinfo=Timezone('UTC')))>,
 'outlet_events': <***.utils.context.OutletEventAccessors object at 0x776364641d60>,
 'outlets': [],
 'params': {},
 'prev_data_interval_end_success': DateTime(2022, 2, 18, 0, 0, 0, tzinfo=Timezone('UTC')),
 'prev_data_interval_start_success': DateTime(2022, 2, 17, 0, 0, 0, tzinfo=Timezone('UTC')),
 'prev_ds': <Proxy at 0x7763648695c0 with factory functools.partial(<function lazy_mapping_from_context.<locals>._deprecated_proxy_factory at 0x776364651580>, 'prev_ds', '2022-02-24')>,
 'prev_ds_nodash': <Proxy at 0x7763646bbc80 with factory functools.partial(<function lazy_mapping_from_context.<locals>._deprecated_proxy_factory at 0x776364651580>, 'prev_ds_nodash', '20220224')>,
 'prev_end_date_success': DateTime(2025, 4, 1, 14, 56, 20, 957177, tzinfo=Timezone('UTC')),
 'prev_execution_date': <Proxy at 0x7763646bb440 with factory functools.partial(<function lazy_mapping_from_context.<locals>._deprecated_proxy_factory at 0x776364651580>, 'prev_execution_date', DateTime(2022, 2, 24, 0, 0, 0, tzinfo=Timezone('UTC')))>,
 'prev_execution_date_success': <Proxy at 0x7763646bbd00 with factory functools.partial(<function lazy_mapping_from_context.<locals>._deprecated_proxy_factory at 0x776364651580>, 'prev_execution_date_success', DateTime(2022, 2, 17, 0, 0, 0, tzinfo=Timezone('UTC')))>,
 'prev_start_date_success': DateTime(2025, 4, 1, 14, 55, 23, 40673, tzinfo=Timezone('UTC')),
 'run_id': 'scheduled__2022-02-25T00:00:00+00:00',
 'task': <Task(_PythonDecoratedOperator): print_the_context>,
 'task_instance': <TaskInstance: my_dag_name.print_the_context scheduled__2022-02-25T00:00:00+00:00 [running]>,
 'task_instance_key_str': 'my_dag_name__print_the_context__20220225',
 'templates_dict': None,
 'test_mode': False,
 'ti': <TaskInstance: my_dag_name.print_the_context scheduled__2022-02-25T00:00:00+00:00 [running]>,
 'tomorrow_ds': <Proxy at 0x7763646bbcc0 with factory functools.partial(<function lazy_mapping_from_context.<locals>._deprecated_proxy_factory at 0x776364651580>, 'tomorrow_ds', '2022-02-26')>,
 'tomorrow_ds_nodash': <Proxy at 0x7763646bbc40 with factory functools.partial(<function lazy_mapping_from_context.<locals>._deprecated_proxy_factory at 0x776364651580>, 'tomorrow_ds_nodash', '20220226')>,
 'triggering_dataset_events': <Proxy at 0x7763648eca80 with factory <function _get_template_context.<locals>.get_triggering_events at 0x776364651080>>,
 'ts': '2022-02-25T00:00:00+00:00',
 'ts_nodash': '20220225T000000',
 'ts_nodash_with_tz': '20220225T000000+0000',
 'var': {'json': None, 'value': None},
 'yesterday_ds': <Proxy at 0x776364eb2040 with factory functools.partial(<function lazy_mapping_from_context.<locals>._deprecated_proxy_factory at 0x776364651580>, 'yesterday_ds', '2022-02-24')>,
 'yesterday_ds_nodash': <Proxy at 0x7763646d0040 with factory functools.partial(<function lazy_mapping_from_context.<locals>._deprecated_proxy_factory at 0x776364651580>, 'yesterday_ds_nodash', '20220224')>}
[2025-04-01T14:56:25.304+0000] {logging_mixin.py:190} INFO - 2022-02-25
[2025-04-01T14:56:25.305+0000] {python.py:240} INFO - Done. Returned value was: Whatever you return gets printed in the logs
[2025-04-01T14:56:25.685+0000] {taskinstance.py:341} INFO - ::group::Post task execution logs
[2025-04-01T14:56:25.708+0000] {taskinstance.py:353} INFO - Marking task as SUCCESS. dag_id=my_dag_name, task_id=print_the_context, run_id=scheduled__2022-02-25T00:00:00+00:00, execution_date=20220225T000000, start_date=20250401T145622, end_date=20250401T145625
[2025-04-01T14:56:26.019+0000] {logging_mixin.py:190} INFO - Task instance in success state
[2025-04-01T14:56:26.020+0000] {logging_mixin.py:190} INFO -  Previous state of the Task instance: running
[2025-04-01T14:56:26.020+0000] {logging_mixin.py:190} INFO - Dag name:my_dag_name queued_at:2025-04-01 14:55:55.727957+00:00
[2025-04-01T14:56:26.020+0000] {logging_mixin.py:190} INFO - Task hostname:900d630d7d5f operator:_PythonDecoratedOperator
[2025-04-01T14:56:26.160+0000] {local_task_job_runner.py:266} INFO - Task exited with return code 0
[2025-04-01T14:56:26.373+0000] {taskinstance.py:3901} INFO - 1 downstream tasks scheduled from follow-on schedule check
[2025-04-01T14:56:26.385+0000] {local_task_job_runner.py:245} INFO - ::endgroup::
