[2025-04-03T08:50:01.067+0000] {local_task_job_runner.py:123} INFO - ::group::Pre task execution logs
[2025-04-03T08:50:01.103+0000] {taskinstance.py:2614} INFO - Dependencies all met for dep_context=non-requeueable deps ti=<TaskInstance: my_dag_name.call_external_function manual__2025-04-03T08:49:48.975976+00:00 [queued]>
[2025-04-03T08:50:01.118+0000] {taskinstance.py:2614} INFO - Dependencies all met for dep_context=requeueable deps ti=<TaskInstance: my_dag_name.call_external_function manual__2025-04-03T08:49:48.975976+00:00 [queued]>
[2025-04-03T08:50:01.119+0000] {taskinstance.py:2867} INFO - Starting attempt 1 of 1
[2025-04-03T08:50:01.140+0000] {taskinstance.py:2890} INFO - Executing <Task(PythonOperator): call_external_function> on 2025-04-03 08:49:48.975976+00:00
[2025-04-03T08:50:01.152+0000] {warnings.py:112} WARNING - /home/***/.local/lib/python3.12/site-packages/***/task/task_runner/standard_task_runner.py:70: DeprecationWarning: This process (pid=114) is multi-threaded, use of fork() may lead to deadlocks in the child.
  pid = os.fork()

[2025-04-03T08:50:01.155+0000] {standard_task_runner.py:72} INFO - Started process 116 to run task
[2025-04-03T08:50:01.157+0000] {standard_task_runner.py:104} INFO - Running: ['***', 'tasks', 'run', 'my_dag_name', 'call_external_function', 'manual__2025-04-03T08:49:48.975976+00:00', '--job-id', '18', '--raw', '--subdir', 'DAGS_FOLDER/intermediaire_table.py', '--cfg-path', '/tmp/tmpkyrwitzi']
[2025-04-03T08:50:01.159+0000] {standard_task_runner.py:105} INFO - Job 18: Subtask call_external_function
[2025-04-03T08:50:01.231+0000] {task_command.py:467} INFO - Running <TaskInstance: my_dag_name.call_external_function manual__2025-04-03T08:49:48.975976+00:00 [running]> on host d6badcb20287
[2025-04-03T08:50:01.367+0000] {taskinstance.py:3134} INFO - Exporting env vars: AIRFLOW_CTX_DAG_OWNER='***' AIRFLOW_CTX_DAG_ID='my_dag_name' AIRFLOW_CTX_TASK_ID='call_external_function' AIRFLOW_CTX_EXECUTION_DATE='2025-04-03T08:49:48.975976+00:00' AIRFLOW_CTX_TRY_NUMBER='1' AIRFLOW_CTX_DAG_RUN_ID='manual__2025-04-03T08:49:48.975976+00:00'
[2025-04-03T08:50:01.369+0000] {logging_mixin.py:190} INFO - Task instance is in running state
[2025-04-03T08:50:01.370+0000] {logging_mixin.py:190} INFO -  Previous state of the Task instance: queued
[2025-04-03T08:50:01.370+0000] {logging_mixin.py:190} INFO - Current task name:call_external_function state:running start_date:2025-04-03 08:50:01.103795+00:00
[2025-04-03T08:50:01.370+0000] {logging_mixin.py:190} INFO - Dag name:my_dag_name and current dag run status:running
[2025-04-03T08:50:01.370+0000] {taskinstance.py:732} INFO - ::endgroup::
[2025-04-03T08:50:01.851+0000] {logging_mixin.py:190} INFO - URl
[2025-04-03T08:50:01.852+0000] {logging_mixin.py:190} INFO - https://militarnyi.com/en/news/us-concerned-about-europe-s-desire-to-buy-less-american-weapons/
[2025-04-03T08:50:02.705+0000] {log.py:232} WARNING - 2025-04-03 08:50:02.705 | INFO     | scripts.scrapping_news:extract_newspaper_attempt:21 - Article parsed. ✅
[2025-04-03T08:50:02.707+0000] {logging_mixin.py:190} INFO - URl
[2025-04-03T08:50:02.709+0000] {logging_mixin.py:190} INFO - https://n1info.rs/english/news/serbian-students-depart-for-strasbourg-by-bicycle-europe-has-been-asleep-for-too-long/
[2025-04-03T08:50:03.010+0000] {log.py:232} WARNING - 2025-04-03 08:50:03.010 | INFO     | scripts.scrapping_news:extract_newspaper_attempt:21 - Article parsed. ✅
[2025-04-03T08:50:03.011+0000] {logging_mixin.py:190} INFO - URl
[2025-04-03T08:50:03.012+0000] {logging_mixin.py:190} INFO - https://www.reuters.com/world/hungary-says-it-is-withdrawing-icc-israeli-leader-visits-2025-04-03/
[2025-04-03T08:50:03.080+0000] {log.py:232} WARNING - 2025-04-03 08:50:03.080 | ERROR    | scripts.scrapping_news:extract_newspaper_attempt:24 - URL : https://www.reuters.com/world/hungary-says-it-is-withdrawing-icc-israeli-leader-visits-2025-04-03/
[2025-04-03T08:50:03.081+0000] {log.py:232} WARNING - 2025-04-03 08:50:03.081 | ERROR    | scripts.scrapping_news:extract_newspaper_attempt:25 - Cannot extract information with newspaper. ❌
[2025-04-03T08:50:03.082+0000] {logging_mixin.py:190} INFO - URl
[2025-04-03T08:50:03.082+0000] {logging_mixin.py:190} INFO - https://www.t-online.de/nachrichten/panorama/wetter/id_100662156/tornados-hagel-und-ueberschwemmungen-stuerme-bedrohen-usa.html
[2025-04-03T08:50:03.640+0000] {log.py:232} WARNING - 2025-04-03 08:50:03.640 | INFO     | scripts.scrapping_news:extract_newspaper_attempt:21 - Article parsed. ✅
[2025-04-03T08:50:03.642+0000] {logging_mixin.py:190} INFO - URl
[2025-04-03T08:50:03.644+0000] {logging_mixin.py:190} INFO - https://www.cnn.com/2025/04/03/world/hungary-withdraws-icc-intl
[2025-04-03T08:50:04.080+0000] {log.py:232} WARNING - 2025-04-03 08:50:04.079 | INFO     | scripts.scrapping_news:extract_newspaper_attempt:21 - Article parsed. ✅
[2025-04-03T08:50:04.084+0000] {logging_mixin.py:190} INFO - URl
[2025-04-03T08:50:04.085+0000] {logging_mixin.py:190} INFO - https://apnews.com/article/hungary-criminal-court-withdrawal-israel-5263edb40318816508e6b998befc6ee5
[2025-04-03T08:50:04.599+0000] {log.py:232} WARNING - 2025-04-03 08:50:04.599 | INFO     | scripts.scrapping_news:extract_newspaper_attempt:21 - Article parsed. ✅
[2025-04-03T08:50:04.602+0000] {logging_mixin.py:190} INFO - URl
[2025-04-03T08:50:04.604+0000] {logging_mixin.py:190} INFO - https://www.bbc.com/news/articles/c807lm2003zo
[2025-04-03T08:50:04.762+0000] {log.py:232} WARNING - 2025-04-03 08:50:04.762 | INFO     | scripts.scrapping_news:extract_newspaper_attempt:21 - Article parsed. ✅
[2025-04-03T08:50:04.764+0000] {logging_mixin.py:190} INFO - URl
[2025-04-03T08:50:04.765+0000] {logging_mixin.py:190} INFO - https://global.espreso.tv/russia-ukraine-war-white-house-explains-why-new-tariffs-do-not-apply-to-russia-and-north-korea
[2025-04-03T08:50:05.243+0000] {log.py:232} WARNING - 2025-04-03 08:50:05.243 | INFO     | scripts.scrapping_news:extract_newspaper_attempt:21 - Article parsed. ✅
[2025-04-03T08:50:05.244+0000] {logging_mixin.py:190} INFO - URl
[2025-04-03T08:50:05.246+0000] {logging_mixin.py:190} INFO - https://global.espreso.tv/grain-deal-us-imposes-new-sanctions-on-individuals-tied-to-theft-of-ukrainian-grain-from-occupied-territories
[2025-04-03T08:50:05.899+0000] {log.py:232} WARNING - 2025-04-03 08:50:05.899 | INFO     | scripts.scrapping_news:extract_newspaper_attempt:21 - Article parsed. ✅
[2025-04-03T08:50:05.901+0000] {logging_mixin.py:190} INFO - URl
[2025-04-03T08:50:05.902+0000] {logging_mixin.py:190} INFO - https://www.usnews.com/news/world/articles/2025-04-03/eus-kallas-eu-countries-already-providing-over-50-ukraines-ammunition-needs
[2025-04-03T08:50:06.114+0000] {log.py:232} WARNING - 2025-04-03 08:50:06.113 | INFO     | scripts.scrapping_news:extract_newspaper_attempt:21 - Article parsed. ✅
[2025-04-03T08:50:06.116+0000] {logging_mixin.py:190} INFO - URl
[2025-04-03T08:50:06.116+0000] {logging_mixin.py:190} INFO - https://www.nbcnews.com/news/world/eu-preparing-countermeasures-us-tariffs-negotiations-fail-ec-president-rcna199427
[2025-04-03T08:50:06.472+0000] {log.py:232} WARNING - 2025-04-03 08:50:06.472 | INFO     | scripts.scrapping_news:extract_newspaper_attempt:21 - Article parsed. ✅
[2025-04-03T08:50:06.474+0000] {logging_mixin.py:190} INFO - URl
[2025-04-03T08:50:06.475+0000] {logging_mixin.py:190} INFO - https://global.espreso.tv/us-senate-introduces-bill-proposing-500-tariff-on-countries-buying-russian-oil
[2025-04-03T08:50:06.931+0000] {log.py:232} WARNING - 2025-04-03 08:50:06.931 | INFO     | scripts.scrapping_news:extract_newspaper_attempt:21 - Article parsed. ✅
[2025-04-03T08:50:06.933+0000] {logging_mixin.py:190} INFO - URl
[2025-04-03T08:50:06.934+0000] {logging_mixin.py:190} INFO - https://www.cnn.com/2025/04/03/business/europe-tariffs-us-von-der-leyen-intl-hnk/index.html
[2025-04-03T08:50:07.550+0000] {log.py:232} WARNING - 2025-04-03 08:50:07.550 | INFO     | scripts.scrapping_news:extract_newspaper_attempt:21 - Article parsed. ✅
[2025-04-03T08:50:07.556+0000] {logging_mixin.py:190} INFO - URl
[2025-04-03T08:50:07.557+0000] {logging_mixin.py:190} INFO - https://www.ndtv.com/india-news/us-man-arrested-for-entering-restricted-north-sentinel-island-in-andamans-cops-8071854
[2025-04-03T08:50:08.139+0000] {log.py:232} WARNING - 2025-04-03 08:50:08.139 | INFO     | scripts.scrapping_news:extract_newspaper_attempt:21 - Article parsed. ✅
[2025-04-03T08:50:08.142+0000] {logging_mixin.py:190} INFO - URl
[2025-04-03T08:50:08.144+0000] {logging_mixin.py:190} INFO - https://kyivindependent.com/russia-missing-from-trumps-sweeping-tariffs-list-as-its-already-sanctioned-white-house-confirms/
[2025-04-03T08:50:08.445+0000] {log.py:232} WARNING - 2025-04-03 08:50:08.445 | INFO     | scripts.scrapping_news:extract_newspaper_attempt:21 - Article parsed. ✅
[2025-04-03T08:50:08.447+0000] {logging_mixin.py:190} INFO - URl
[2025-04-03T08:50:08.449+0000] {logging_mixin.py:190} INFO - https://www.telegraph.co.uk/world-news/2025/04/03/putin-russia-muslim-immigration-war-ukraine-europe/
[2025-04-03T08:50:09.050+0000] {log.py:232} WARNING - 2025-04-03 08:50:09.050 | INFO     | scripts.scrapping_news:extract_newspaper_attempt:21 - Article parsed. ✅
[2025-04-03T08:50:09.053+0000] {logging_mixin.py:190} INFO - URl
[2025-04-03T08:50:09.054+0000] {logging_mixin.py:190} INFO - https://indianexpress.com/article/technology/science/amazon-targets-april-9-launch-of-first-kuiper-internet-satellites-9921445/
[2025-04-03T08:50:09.318+0000] {log.py:232} WARNING - 2025-04-03 08:50:09.318 | INFO     | scripts.scrapping_news:extract_newspaper_attempt:21 - Article parsed. ✅
[2025-04-03T08:50:09.320+0000] {logging_mixin.py:190} INFO - URl
[2025-04-03T08:50:09.322+0000] {logging_mixin.py:190} INFO - https://www.swissinfo.ch/eng/multinational-companies/president-karin-keller-sutter-reacts-to-customs-announcement/89106767?utm_source=multiple&amp;utm_medium=website&amp;utm_campaign=news_en&amp;utm_content=o&amp;utm_term=wpblock_highlighted-compact-news-carousel
[2025-04-03T08:50:09.698+0000] {log.py:232} WARNING - 2025-04-03 08:50:09.697 | INFO     | scripts.scrapping_news:extract_newspaper_attempt:21 - Article parsed. ✅
[2025-04-03T08:50:09.700+0000] {logging_mixin.py:190} INFO - URl
[2025-04-03T08:50:09.701+0000] {logging_mixin.py:190} INFO - https://24newshd.tv/03-Apr-2025/starlink-rival-eutelsat-rolls-out-wifi-on-air-canada-planes
[2025-04-03T08:50:10.089+0000] {log.py:232} WARNING - 2025-04-03 08:50:10.089 | INFO     | scripts.scrapping_news:extract_newspaper_attempt:21 - Article parsed. ✅
[2025-04-03T08:50:10.091+0000] {logging_mixin.py:190} INFO - URl
[2025-04-03T08:50:10.091+0000] {logging_mixin.py:190} INFO - https://www.abc.net.au/news/2025-04-03/china-cook-islands-deal-new-zealand-mark-brown-winston-peters/105128644
[2025-04-03T08:50:10.217+0000] {log.py:232} WARNING - 2025-04-03 08:50:10.217 | ERROR    | scripts.scrapping_news:extract_newspaper_attempt:24 - URL : https://www.abc.net.au/news/2025-04-03/china-cook-islands-deal-new-zealand-mark-brown-winston-peters/105128644
[2025-04-03T08:50:10.218+0000] {log.py:232} WARNING - 2025-04-03 08:50:10.218 | ERROR    | scripts.scrapping_news:extract_newspaper_attempt:25 - Cannot extract information with newspaper. ❌
[2025-04-03T08:50:10.219+0000] {logging_mixin.py:190} INFO - URl
[2025-04-03T08:50:10.220+0000] {logging_mixin.py:190} INFO - https://www.politico.eu/article/eu-vows-to-retaliate-against-trumps-20-percent-tariffs/
[2025-04-03T08:50:10.424+0000] {log.py:232} WARNING - 2025-04-03 08:50:10.423 | INFO     | scripts.scrapping_news:extract_newspaper_attempt:21 - Article parsed. ✅
[2025-04-03T08:50:10.425+0000] {logging_mixin.py:190} INFO - URl
[2025-04-03T08:50:10.426+0000] {logging_mixin.py:190} INFO - https://www.cnn.com/2025/04/02/business/china-trump-tariffs-intl-hnk/index.html
[2025-04-03T08:50:11.007+0000] {log.py:232} WARNING - 2025-04-03 08:50:11.007 | INFO     | scripts.scrapping_news:extract_newspaper_attempt:21 - Article parsed. ✅
[2025-04-03T08:50:11.013+0000] {logging_mixin.py:190} INFO - URl
[2025-04-03T08:50:11.014+0000] {logging_mixin.py:190} INFO - https://apnews.com/article/chinese-beijing-honeypot-spies-diplomat-agent-intelligence-c077ef57b0f7ae43dd0db41bea92238b
[2025-04-03T08:50:11.600+0000] {log.py:232} WARNING - 2025-04-03 08:50:11.600 | INFO     | scripts.scrapping_news:extract_newspaper_attempt:21 - Article parsed. ✅
[2025-04-03T08:50:11.603+0000] {logging_mixin.py:190} INFO - URl
[2025-04-03T08:50:11.605+0000] {logging_mixin.py:190} INFO - https://www.abc.net.au/news/2025-04-02/myanmar-earthquake-usaid-cuts-emergency-response/105125224
[2025-04-03T08:50:11.630+0000] {log.py:232} WARNING - 2025-04-03 08:50:11.630 | ERROR    | scripts.scrapping_news:extract_newspaper_attempt:24 - URL : https://www.abc.net.au/news/2025-04-02/myanmar-earthquake-usaid-cuts-emergency-response/105125224
[2025-04-03T08:50:11.630+0000] {log.py:232} WARNING - 2025-04-03 08:50:11.630 | ERROR    | scripts.scrapping_news:extract_newspaper_attempt:25 - Cannot extract information with newspaper. ❌
[2025-04-03T08:50:11.631+0000] {logging_mixin.py:190} INFO - URl
[2025-04-03T08:50:11.632+0000] {logging_mixin.py:190} INFO - https://www.reddit.com/live/18hnzysb1elcs
[2025-04-03T08:50:11.664+0000] {log.py:232} WARNING - 2025-04-03 08:50:11.664 | ERROR    | scripts.scrapping_news:extract_newspaper_attempt:24 - URL : https://www.reddit.com/live/18hnzysb1elcs
[2025-04-03T08:50:11.665+0000] {log.py:232} WARNING - 2025-04-03 08:50:11.665 | ERROR    | scripts.scrapping_news:extract_newspaper_attempt:25 - Cannot extract information with newspaper. ❌
[2025-04-03T08:50:11.674+0000] {logging_mixin.py:190} INFO - ['1jqdat4', '1jqdaa6', '1jqd7f3', '1jqd67f', '1jqd1wp', '1jqcyyp', '1jqcyan', '1jqcxr8', '1jqcqxt', '1jqc9ax', '1jqbxdb', '1jqbprr', '1jqbfnd', '1jqbfe9', '1jqbahu', '1jqb6td', '1jqb5c7', '1jqb543', '1jqb42b', '1jqa69t', '1jq9xj9', '1jq9sjg', '1jq9bdp', '1jq8vpb', '1jq8tea']
[2025-04-03T08:50:11.706+0000] {logging_mixin.py:190} INFO -     id_news  ... scrapping_status
0   1jqdat4  ...             True
1   1jqdaa6  ...             True
2   1jqd7f3  ...            False
3   1jqd67f  ...             True
4   1jqd1wp  ...             True
5   1jqcyyp  ...             True
6   1jqcyan  ...             True
7   1jqcxr8  ...             True
8   1jqcqxt  ...             True
9   1jqc9ax  ...             True
10  1jqbxdb  ...             True
11  1jqbprr  ...             True
12  1jqbfnd  ...             True
13  1jqbfe9  ...             True
14  1jqbahu  ...             True
15  1jqb6td  ...             True
16  1jqb5c7  ...             True
17  1jqb543  ...             True
18  1jqb42b  ...             True
19  1jqa69t  ...            False
20  1jq9xj9  ...             True
21  1jq9sjg  ...             True
22  1jq9bdp  ...             True
23  1jq8vpb  ...            False
24  1jq8tea  ...            False

[25 rows x 8 columns]
[2025-04-03T08:50:11.706+0000] {python.py:240} INFO - Done. Returned value was: (    id_news  ... scrapping_status
0   1jqdat4  ...             True
1   1jqdaa6  ...             True
2   1jqd7f3  ...            False
3   1jqd67f  ...             True
4   1jqd1wp  ...             True
5   1jqcyyp  ...             True
6   1jqcyan  ...             True
7   1jqcxr8  ...             True
8   1jqcqxt  ...             True
9   1jqc9ax  ...             True
10  1jqbxdb  ...             True
11  1jqbprr  ...             True
12  1jqbfnd  ...             True
13  1jqbfe9  ...             True
14  1jqbahu  ...             True
15  1jqb6td  ...             True
16  1jqb5c7  ...             True
17  1jqb543  ...             True
18  1jqb42b  ...             True
19  1jqa69t  ...            False
20  1jq9xj9  ...             True
21  1jq9sjg  ...             True
22  1jq9bdp  ...             True
23  1jq8vpb  ...            False
24  1jq8tea  ...            False

[25 rows x 8 columns], ['1jqdat4', '1jqdaa6', '1jqd7f3', '1jqd67f', '1jqd1wp', '1jqcyyp', '1jqcyan', '1jqcxr8', '1jqcqxt', '1jqc9ax', '1jqbxdb', '1jqbprr', '1jqbfnd', '1jqbfe9', '1jqbahu', '1jqb6td', '1jqb5c7', '1jqb543', '1jqb42b', '1jqa69t', '1jq9xj9', '1jq9sjg', '1jq9bdp', '1jq8vpb', '1jq8tea'])
[2025-04-03T08:50:11.853+0000] {taskinstance.py:341} INFO - ::group::Post task execution logs
[2025-04-03T08:50:11.854+0000] {taskinstance.py:353} INFO - Marking task as SUCCESS. dag_id=my_dag_name, task_id=call_external_function, run_id=manual__2025-04-03T08:49:48.975976+00:00, execution_date=20250403T084948, start_date=20250403T085001, end_date=20250403T085011
[2025-04-03T08:50:11.893+0000] {logging_mixin.py:190} INFO - Task instance in success state
[2025-04-03T08:50:11.893+0000] {logging_mixin.py:190} INFO -  Previous state of the Task instance: running
[2025-04-03T08:50:11.894+0000] {logging_mixin.py:190} INFO - Dag name:my_dag_name queued_at:2025-04-03 08:49:49.011068+00:00
[2025-04-03T08:50:11.894+0000] {logging_mixin.py:190} INFO - Task hostname:d6badcb20287 operator:PythonOperator
[2025-04-03T08:50:11.948+0000] {local_task_job_runner.py:266} INFO - Task exited with return code 0
[2025-04-03T08:50:11.981+0000] {taskinstance.py:3901} INFO - 1 downstream tasks scheduled from follow-on schedule check
[2025-04-03T08:50:11.983+0000] {local_task_job_runner.py:245} INFO - ::endgroup::
