[2025-04-03T10:10:58.677+0000] {local_task_job_runner.py:123} INFO - ::group::Pre task execution logs
[2025-04-03T10:10:58.710+0000] {taskinstance.py:2614} INFO - Dependencies all met for dep_context=non-requeueable deps ti=<TaskInstance: my_dag_name.print_valu manual__2025-04-03T10:10:39.116077+00:00 [queued]>
[2025-04-03T10:10:58.725+0000] {taskinstance.py:2614} INFO - Dependencies all met for dep_context=requeueable deps ti=<TaskInstance: my_dag_name.print_valu manual__2025-04-03T10:10:39.116077+00:00 [queued]>
[2025-04-03T10:10:58.726+0000] {taskinstance.py:2867} INFO - Starting attempt 1 of 1
[2025-04-03T10:10:58.747+0000] {taskinstance.py:2890} INFO - Executing <Task(_PythonDecoratedOperator): print_valu> on 2025-04-03 10:10:39.116077+00:00
[2025-04-03T10:10:58.760+0000] {warnings.py:112} WARNING - /home/***/.local/lib/python3.12/site-packages/***/task/task_runner/standard_task_runner.py:70: DeprecationWarning: This process (pid=1320) is multi-threaded, use of fork() may lead to deadlocks in the child.
  pid = os.fork()

[2025-04-03T10:10:58.762+0000] {standard_task_runner.py:72} INFO - Started process 1322 to run task
[2025-04-03T10:10:58.765+0000] {standard_task_runner.py:104} INFO - Running: ['***', 'tasks', 'run', 'my_dag_name', 'print_valu', 'manual__2025-04-03T10:10:39.116077+00:00', '--job-id', '71', '--raw', '--subdir', 'DAGS_FOLDER/intermediaire_table.py', '--cfg-path', '/tmp/tmpvm541u79']
[2025-04-03T10:10:58.766+0000] {standard_task_runner.py:105} INFO - Job 71: Subtask print_valu
[2025-04-03T10:10:58.839+0000] {task_command.py:467} INFO - Running <TaskInstance: my_dag_name.print_valu manual__2025-04-03T10:10:39.116077+00:00 [running]> on host d6badcb20287
[2025-04-03T10:10:59.089+0000] {taskinstance.py:3134} INFO - Exporting env vars: AIRFLOW_CTX_DAG_OWNER='***' AIRFLOW_CTX_DAG_ID='my_dag_name' AIRFLOW_CTX_TASK_ID='print_valu' AIRFLOW_CTX_EXECUTION_DATE='2025-04-03T10:10:39.116077+00:00' AIRFLOW_CTX_TRY_NUMBER='1' AIRFLOW_CTX_DAG_RUN_ID='manual__2025-04-03T10:10:39.116077+00:00'
[2025-04-03T10:10:59.092+0000] {logging_mixin.py:190} INFO - Task instance is in running state
[2025-04-03T10:10:59.093+0000] {logging_mixin.py:190} INFO -  Previous state of the Task instance: queued
[2025-04-03T10:10:59.093+0000] {logging_mixin.py:190} INFO - Current task name:print_valu state:running start_date:2025-04-03 10:10:58.710938+00:00
[2025-04-03T10:10:59.093+0000] {logging_mixin.py:190} INFO - Dag name:my_dag_name and current dag run status:running
[2025-04-03T10:10:59.094+0000] {taskinstance.py:732} INFO - ::endgroup::
[2025-04-03T10:10:59.095+0000] {logging_mixin.py:190} INFO - CEST MAEA VALUE
[2025-04-03T10:10:59.123+0000] {logging_mixin.py:190} INFO -     id_news  ... scrapping_status
0   1jqeiiz  ...             True
1   1jqe6i5  ...             True
2   1jqe52q  ...             True
3   1jqe4eu  ...             True
4   1jqdjsw  ...             True
5   1jqdj5f  ...             True
6   1jqdido  ...            False
7   1jqdhq9  ...             True
8   1jqdg5s  ...             True
9   1jqdat4  ...             True
10  1jqdaa6  ...             True
11  1jqd7f3  ...            False
12  1jqd1wp  ...             True
13  1jqcyyp  ...             True
14  1jqcyan  ...             True
15  1jqcxr8  ...             True
16  1jqcqxt  ...             True
17  1jqc9ax  ...             True
18  1jqbxdb  ...             True
19  1jqbprr  ...             True
20  1jqbfnd  ...             True
21  1jqbfe9  ...             True
22  1jqbahu  ...             True
23  1jqb6td  ...             True
24  1jqb5c7  ...             True

[25 rows x 8 columns]
[2025-04-03T10:10:59.123+0000] {logging_mixin.py:190} INFO - --------------------
[2025-04-03T10:10:59.124+0000] {logging_mixin.py:190} INFO - ['1jqeiiz', '1jqe6i5', '1jqe52q', '1jqe4eu', '1jqdjsw', '1jqdj5f', '1jqdido', '1jqdhq9', '1jqdg5s', '1jqdat4', '1jqdaa6', '1jqd7f3', '1jqd1wp', '1jqcyyp', '1jqcyan', '1jqcxr8', '1jqcqxt', '1jqc9ax', '1jqbxdb', '1jqbprr', '1jqbfnd', '1jqbfe9', '1jqbahu', '1jqb6td', '1jqb5c7']
[2025-04-03T10:10:59.125+0000] {python.py:240} INFO - Done. Returned value was: None
[2025-04-03T10:10:59.144+0000] {taskinstance.py:341} INFO - ::group::Post task execution logs
[2025-04-03T10:10:59.145+0000] {taskinstance.py:353} INFO - Marking task as SUCCESS. dag_id=my_dag_name, task_id=print_valu, run_id=manual__2025-04-03T10:10:39.116077+00:00, execution_date=20250403T101039, start_date=20250403T101058, end_date=20250403T101059
[2025-04-03T10:10:59.182+0000] {logging_mixin.py:190} INFO - Task instance in success state
[2025-04-03T10:10:59.182+0000] {logging_mixin.py:190} INFO -  Previous state of the Task instance: running
[2025-04-03T10:10:59.183+0000] {logging_mixin.py:190} INFO - Dag name:my_dag_name queued_at:2025-04-03 10:10:39.138966+00:00
[2025-04-03T10:10:59.183+0000] {logging_mixin.py:190} INFO - Task hostname:d6badcb20287 operator:_PythonDecoratedOperator
[2025-04-03T10:10:59.219+0000] {local_task_job_runner.py:266} INFO - Task exited with return code 0
[2025-04-03T10:10:59.252+0000] {taskinstance.py:3901} INFO - 0 downstream tasks scheduled from follow-on schedule check
[2025-04-03T10:10:59.255+0000] {local_task_job_runner.py:245} INFO - ::endgroup::
