[2025-04-02T08:04:23.486+0000] {local_task_job_runner.py:123} INFO - ::group::Pre task execution logs
[2025-04-02T08:04:23.663+0000] {taskinstance.py:2614} INFO - Dependencies all met for dep_context=non-requeueable deps ti=<TaskInstance: my_dag_name.print_the_context scheduled__2022-10-06T00:00:00+00:00 [queued]>
[2025-04-02T08:04:23.807+0000] {taskinstance.py:2614} INFO - Dependencies all met for dep_context=requeueable deps ti=<TaskInstance: my_dag_name.print_the_context scheduled__2022-10-06T00:00:00+00:00 [queued]>
[2025-04-02T08:04:23.811+0000] {taskinstance.py:2867} INFO - Starting attempt 1 of 1
[2025-04-02T08:04:24.156+0000] {taskinstance.py:2890} INFO - Executing <Task(_PythonDecoratedOperator): print_the_context> on 2022-10-06 00:00:00+00:00
[2025-04-02T08:04:24.223+0000] {warnings.py:112} WARNING - /home/***/.local/lib/python3.12/site-packages/***/task/task_runner/standard_task_runner.py:70: DeprecationWarning: This process (pid=5714) is multi-threaded, use of fork() may lead to deadlocks in the child.
  pid = os.fork()

[2025-04-02T08:04:24.232+0000] {standard_task_runner.py:72} INFO - Started process 5766 to run task
[2025-04-02T08:04:24.237+0000] {standard_task_runner.py:104} INFO - Running: ['***', 'tasks', 'run', 'my_dag_name', 'print_the_context', 'scheduled__2022-10-06T00:00:00+00:00', '--job-id', '1288', '--raw', '--subdir', 'DAGS_FOLDER/con.py', '--cfg-path', '/tmp/tmp1azaschg']
[2025-04-02T08:04:24.245+0000] {standard_task_runner.py:105} INFO - Job 1288: Subtask print_the_context
[2025-04-02T08:04:24.583+0000] {task_command.py:467} INFO - Running <TaskInstance: my_dag_name.print_the_context scheduled__2022-10-06T00:00:00+00:00 [running]> on host 900d630d7d5f
[2025-04-02T08:04:25.116+0000] {taskinstance.py:3134} INFO - Exporting env vars: AIRFLOW_CTX_DAG_OWNER='***' AIRFLOW_CTX_DAG_ID='my_dag_name' AIRFLOW_CTX_TASK_ID='print_the_context' AIRFLOW_CTX_EXECUTION_DATE='2022-10-06T00:00:00+00:00' AIRFLOW_CTX_TRY_NUMBER='1' AIRFLOW_CTX_DAG_RUN_ID='scheduled__2022-10-06T00:00:00+00:00'
[2025-04-02T08:04:25.123+0000] {logging_mixin.py:190} INFO - Task instance is in running state
[2025-04-02T08:04:25.124+0000] {logging_mixin.py:190} INFO -  Previous state of the Task instance: queued
[2025-04-02T08:04:25.126+0000] {logging_mixin.py:190} INFO - Current task name:print_the_context state:running start_date:2025-04-02 08:04:23.673500+00:00
[2025-04-02T08:04:25.127+0000] {logging_mixin.py:190} INFO - Dag name:my_dag_name and current dag run status:running
[2025-04-02T08:04:25.129+0000] {taskinstance.py:732} INFO - ::endgroup::
[2025-04-02T08:04:25.220+0000] {logging_mixin.py:190} INFO - {'conf': <Proxy at 0x7763647b3580 with factory functools.partial(<function lazy_mapping_from_context.<locals>._deprecated_proxy_factory at 0x776364649bc0>, 'conf', <***.configuration.AirflowConfigParser object at 0x7763844f8cb0>)>,
 'conn': None,
 'dag': <DAG: my_dag_name>,
 'dag_run': <DagRun my_dag_name @ 2022-10-06 00:00:00+00:00: scheduled__2022-10-06T00:00:00+00:00, state:running, queued_at: 2025-04-02 08:03:56.877323+00:00. externally triggered: False>,
 'data_interval_end': DateTime(2022, 10, 7, 0, 0, 0, tzinfo=Timezone('UTC')),
 'data_interval_start': DateTime(2022, 10, 6, 0, 0, 0, tzinfo=Timezone('UTC')),
 'ds_nodash': '20221006',
 'execution_date': <Proxy at 0x7763646c0800 with factory functools.partial(<function lazy_mapping_from_context.<locals>._deprecated_proxy_factory at 0x776364649bc0>, 'execution_date', DateTime(2022, 10, 6, 0, 0, 0, tzinfo=Timezone('UTC')))>,
 'expanded_ti_count': None,
 'inlet_events': InletEventsAccessors(_inlets=[], _datasets={}, _dataset_aliases={}, _session=<sqlalchemy.orm.session.Session object at 0x776383db6ed0>),
 'inlets': [],
 'logical_date': DateTime(2022, 10, 6, 0, 0, 0, tzinfo=Timezone('UTC')),
 'macros': <module '***.macros' from '/home/***/.local/lib/python3.12/site-packages/***/macros/__init__.py'>,
 'map_index_template': None,
 'next_ds': <Proxy at 0x776364661a40 with factory functools.partial(<function lazy_mapping_from_context.<locals>._deprecated_proxy_factory at 0x776364649bc0>, 'next_ds', '2022-10-07')>,
 'next_ds_nodash': <Proxy at 0x776364770440 with factory functools.partial(<function lazy_mapping_from_context.<locals>._deprecated_proxy_factory at 0x776364649bc0>, 'next_ds_nodash', '20221007')>,
 'next_execution_date': <Proxy at 0x7763647cb400 with factory functools.partial(<function lazy_mapping_from_context.<locals>._deprecated_proxy_factory at 0x776364649bc0>, 'next_execution_date', DateTime(2022, 10, 7, 0, 0, 0, tzinfo=Timezone('UTC')))>,
 'outlet_events': <***.utils.context.OutletEventAccessors object at 0x77636463ddf0>,
 'outlets': [],
 'params': {},
 'prev_data_interval_end_success': DateTime(2022, 9, 29, 0, 0, 0, tzinfo=Timezone('UTC')),
 'prev_data_interval_start_success': DateTime(2022, 9, 28, 0, 0, 0, tzinfo=Timezone('UTC')),
 'prev_ds': <Proxy at 0x776364645d80 with factory functools.partial(<function lazy_mapping_from_context.<locals>._deprecated_proxy_factory at 0x776364649bc0>, 'prev_ds', '2022-10-05')>,
 'prev_ds_nodash': <Proxy at 0x776364905700 with factory functools.partial(<function lazy_mapping_from_context.<locals>._deprecated_proxy_factory at 0x776364649bc0>, 'prev_ds_nodash', '20221005')>,
 'prev_end_date_success': DateTime(2025, 4, 2, 8, 4, 14, 407401, tzinfo=Timezone('UTC')),
 'prev_execution_date': <Proxy at 0x7763646c8480 with factory functools.partial(<function lazy_mapping_from_context.<locals>._deprecated_proxy_factory at 0x776364649bc0>, 'prev_execution_date', DateTime(2022, 10, 5, 0, 0, 0, tzinfo=Timezone('UTC')))>,
 'prev_execution_date_success': <Proxy at 0x7763646c8640 with factory functools.partial(<function lazy_mapping_from_context.<locals>._deprecated_proxy_factory at 0x776364649bc0>, 'prev_execution_date_success', DateTime(2022, 9, 28, 0, 0, 0, tzinfo=Timezone('UTC')))>,
 'prev_start_date_success': DateTime(2025, 4, 2, 8, 3, 25, 1698, tzinfo=Timezone('UTC')),
 'run_id': 'scheduled__2022-10-06T00:00:00+00:00',
 'task': <Task(_PythonDecoratedOperator): print_the_context>,
 'task_instance': <TaskInstance: my_dag_name.print_the_context scheduled__2022-10-06T00:00:00+00:00 [running]>,
 'task_instance_key_str': 'my_dag_name__print_the_context__20221006',
 'templates_dict': None,
 'test_mode': False,
 'ti': <TaskInstance: my_dag_name.print_the_context scheduled__2022-10-06T00:00:00+00:00 [running]>,
 'tomorrow_ds': <Proxy at 0x7763646c8740 with factory functools.partial(<function lazy_mapping_from_context.<locals>._deprecated_proxy_factory at 0x776364649bc0>, 'tomorrow_ds', '2022-10-07')>,
 'tomorrow_ds_nodash': <Proxy at 0x7763646c8780 with factory functools.partial(<function lazy_mapping_from_context.<locals>._deprecated_proxy_factory at 0x776364649bc0>, 'tomorrow_ds_nodash', '20221007')>,
 'triggering_dataset_events': <Proxy at 0x7763646607c0 with factory <function _get_template_context.<locals>.get_triggering_events at 0x7763646496c0>>,
 'ts': '2022-10-06T00:00:00+00:00',
 'ts_nodash': '20221006T000000',
 'ts_nodash_with_tz': '20221006T000000+0000',
 'var': {'json': None, 'value': None},
 'yesterday_ds': <Proxy at 0x7763646c87c0 with factory functools.partial(<function lazy_mapping_from_context.<locals>._deprecated_proxy_factory at 0x776364649bc0>, 'yesterday_ds', '2022-10-05')>,
 'yesterday_ds_nodash': <Proxy at 0x7763646c8800 with factory functools.partial(<function lazy_mapping_from_context.<locals>._deprecated_proxy_factory at 0x776364649bc0>, 'yesterday_ds_nodash', '20221005')>}
[2025-04-02T08:04:25.223+0000] {logging_mixin.py:190} INFO - 2022-10-06
[2025-04-02T08:04:25.226+0000] {python.py:240} INFO - Done. Returned value was: Whatever you return gets printed in the logs
[2025-04-02T08:04:25.289+0000] {taskinstance.py:341} INFO - ::group::Post task execution logs
[2025-04-02T08:04:25.294+0000] {taskinstance.py:353} INFO - Marking task as SUCCESS. dag_id=my_dag_name, task_id=print_the_context, run_id=scheduled__2022-10-06T00:00:00+00:00, execution_date=20221006T000000, start_date=20250402T080423, end_date=20250402T080425
[2025-04-02T08:04:25.426+0000] {logging_mixin.py:190} INFO - Task instance in success state
[2025-04-02T08:04:25.426+0000] {logging_mixin.py:190} INFO -  Previous state of the Task instance: running
[2025-04-02T08:04:25.427+0000] {logging_mixin.py:190} INFO - Dag name:my_dag_name queued_at:2025-04-02 08:03:56.877323+00:00
[2025-04-02T08:04:25.427+0000] {logging_mixin.py:190} INFO - Task hostname:900d630d7d5f operator:_PythonDecoratedOperator
[2025-04-02T08:04:25.499+0000] {local_task_job_runner.py:266} INFO - Task exited with return code 0
[2025-04-02T08:04:25.626+0000] {taskinstance.py:3901} INFO - 1 downstream tasks scheduled from follow-on schedule check
[2025-04-02T08:04:25.633+0000] {local_task_job_runner.py:245} INFO - ::endgroup::
