[2025-04-03T09:21:55.721+0000] {local_task_job_runner.py:123} INFO - ::group::Pre task execution logs
[2025-04-03T09:21:55.757+0000] {taskinstance.py:2614} INFO - Dependencies all met for dep_context=non-requeueable deps ti=<TaskInstance: my_dag_name.create_bq_insert_query manual__2025-04-03T09:21:29.742087+00:00 [queued]>
[2025-04-03T09:21:55.774+0000] {taskinstance.py:2614} INFO - Dependencies all met for dep_context=requeueable deps ti=<TaskInstance: my_dag_name.create_bq_insert_query manual__2025-04-03T09:21:29.742087+00:00 [queued]>
[2025-04-03T09:21:55.775+0000] {taskinstance.py:2867} INFO - Starting attempt 1 of 1
[2025-04-03T09:21:55.797+0000] {taskinstance.py:2890} INFO - Executing <Task(PythonOperator): create_bq_insert_query> on 2025-04-03 09:21:29.742087+00:00
[2025-04-03T09:21:55.810+0000] {warnings.py:112} WARNING - /home/***/.local/lib/python3.12/site-packages/***/task/task_runner/standard_task_runner.py:70: DeprecationWarning: This process (pid=545) is multi-threaded, use of fork() may lead to deadlocks in the child.
  pid = os.fork()

[2025-04-03T09:21:55.814+0000] {standard_task_runner.py:72} INFO - Started process 547 to run task
[2025-04-03T09:21:55.817+0000] {standard_task_runner.py:104} INFO - Running: ['***', 'tasks', 'run', 'my_dag_name', 'create_bq_insert_query', 'manual__2025-04-03T09:21:29.742087+00:00', '--job-id', '30', '--raw', '--subdir', 'DAGS_FOLDER/intermediaire_table.py', '--cfg-path', '/tmp/tmpq38i6iw5']
[2025-04-03T09:21:55.819+0000] {standard_task_runner.py:105} INFO - Job 30: Subtask create_bq_insert_query
[2025-04-03T09:21:55.887+0000] {task_command.py:467} INFO - Running <TaskInstance: my_dag_name.create_bq_insert_query manual__2025-04-03T09:21:29.742087+00:00 [running]> on host d6badcb20287
[2025-04-03T09:21:56.014+0000] {taskinstance.py:3134} INFO - Exporting env vars: AIRFLOW_CTX_DAG_OWNER='***' AIRFLOW_CTX_DAG_ID='my_dag_name' AIRFLOW_CTX_TASK_ID='create_bq_insert_query' AIRFLOW_CTX_EXECUTION_DATE='2025-04-03T09:21:29.742087+00:00' AIRFLOW_CTX_TRY_NUMBER='1' AIRFLOW_CTX_DAG_RUN_ID='manual__2025-04-03T09:21:29.742087+00:00'
[2025-04-03T09:21:56.016+0000] {logging_mixin.py:190} INFO - Task instance is in running state
[2025-04-03T09:21:56.017+0000] {logging_mixin.py:190} INFO -  Previous state of the Task instance: queued
[2025-04-03T09:21:56.017+0000] {logging_mixin.py:190} INFO - Current task name:create_bq_insert_query state:running start_date:2025-04-03 09:21:55.757613+00:00
[2025-04-03T09:21:56.017+0000] {logging_mixin.py:190} INFO - Dag name:my_dag_name and current dag run status:running
[2025-04-03T09:21:56.018+0000] {taskinstance.py:732} INFO - ::endgroup::
[2025-04-03T09:21:56.099+0000] {python.py:240} INFO - Done. Returned value was: 
    f"DELETE FROM `nlpfakenews.fake_news_detection.training_data`"
    f"WHERE id_news IN ['1jqdoke', '1jqdjsw', '1jqdj5f', '1jqdido', '1jqdhq9', '1jqdg5s', '1jqdat4', '1jqdaa6', '1jqd7f3', '1jqd67f', '1jqd1wp', '1jqcyyp', '1jqcyan', '1jqcxr8', '1jqcqxt', '1jqc9ax', '1jqbxdb', '1jqbprr', '1jqbfnd', '1jqbfe9', '1jqbahu', '1jqb6td', '1jqb5c7', '1jqb543', '1jqb42b']"
    
[2025-04-03T09:21:56.135+0000] {taskinstance.py:341} INFO - ::group::Post task execution logs
[2025-04-03T09:21:56.136+0000] {taskinstance.py:353} INFO - Marking task as SUCCESS. dag_id=my_dag_name, task_id=create_bq_insert_query, run_id=manual__2025-04-03T09:21:29.742087+00:00, execution_date=20250403T092129, start_date=20250403T092155, end_date=20250403T092156
[2025-04-03T09:21:56.173+0000] {logging_mixin.py:190} INFO - Task instance in success state
[2025-04-03T09:21:56.173+0000] {logging_mixin.py:190} INFO -  Previous state of the Task instance: running
[2025-04-03T09:21:56.174+0000] {logging_mixin.py:190} INFO - Dag name:my_dag_name queued_at:2025-04-03 09:21:29.755964+00:00
[2025-04-03T09:21:56.174+0000] {logging_mixin.py:190} INFO - Task hostname:d6badcb20287 operator:PythonOperator
[2025-04-03T09:21:56.192+0000] {local_task_job_runner.py:266} INFO - Task exited with return code 0
[2025-04-03T09:21:56.231+0000] {taskinstance.py:3901} INFO - 1 downstream tasks scheduled from follow-on schedule check
[2025-04-03T09:21:56.233+0000] {local_task_job_runner.py:245} INFO - ::endgroup::
