[2025-04-02T08:03:00.727+0000] {local_task_job_runner.py:123} INFO - ::group::Pre task execution logs
[2025-04-02T08:03:00.995+0000] {taskinstance.py:2614} INFO - Dependencies all met for dep_context=non-requeueable deps ti=<TaskInstance: my_dag_name.create_table scheduled__2022-09-10T00:00:00+00:00 [queued]>
[2025-04-02T08:03:01.156+0000] {taskinstance.py:2614} INFO - Dependencies all met for dep_context=requeueable deps ti=<TaskInstance: my_dag_name.create_table scheduled__2022-09-10T00:00:00+00:00 [queued]>
[2025-04-02T08:03:01.157+0000] {taskinstance.py:2867} INFO - Starting attempt 1 of 1
[2025-04-02T08:03:01.342+0000] {taskinstance.py:2890} INFO - Executing <Task(BigQueryCreateTableOperator): create_table> on 2022-09-10 00:00:00+00:00
[2025-04-02T08:03:01.494+0000] {standard_task_runner.py:104} INFO - Running: ['***', 'tasks', 'run', 'my_dag_name', 'create_table', 'scheduled__2022-09-10T00:00:00+00:00', '--job-id', '1243', '--raw', '--subdir', 'DAGS_FOLDER/con.py', '--cfg-path', '/tmp/tmp22leop10']
[2025-04-02T08:03:01.517+0000] {standard_task_runner.py:105} INFO - Job 1243: Subtask create_table
[2025-04-02T08:03:01.477+0000] {warnings.py:112} WARNING - /home/***/.local/lib/python3.12/site-packages/***/task/task_runner/standard_task_runner.py:70: DeprecationWarning: This process (pid=5545) is multi-threaded, use of fork() may lead to deadlocks in the child.
  pid = os.fork()

[2025-04-02T08:03:01.521+0000] {standard_task_runner.py:72} INFO - Started process 5585 to run task
[2025-04-02T08:03:02.039+0000] {task_command.py:467} INFO - Running <TaskInstance: my_dag_name.create_table scheduled__2022-09-10T00:00:00+00:00 [running]> on host 900d630d7d5f
[2025-04-02T08:03:02.863+0000] {taskinstance.py:3134} INFO - Exporting env vars: AIRFLOW_CTX_DAG_OWNER='***' AIRFLOW_CTX_DAG_ID='my_dag_name' AIRFLOW_CTX_TASK_ID='create_table' AIRFLOW_CTX_EXECUTION_DATE='2022-09-10T00:00:00+00:00' AIRFLOW_CTX_TRY_NUMBER='1' AIRFLOW_CTX_DAG_RUN_ID='scheduled__2022-09-10T00:00:00+00:00'
[2025-04-02T08:03:02.867+0000] {logging_mixin.py:190} INFO - Task instance is in running state
[2025-04-02T08:03:02.871+0000] {logging_mixin.py:190} INFO -  Previous state of the Task instance: queued
[2025-04-02T08:03:02.872+0000] {logging_mixin.py:190} INFO - Current task name:create_table state:running start_date:2025-04-02 08:03:01.012180+00:00
[2025-04-02T08:03:02.873+0000] {logging_mixin.py:190} INFO - Dag name:my_dag_name and current dag run status:running
[2025-04-02T08:03:02.873+0000] {taskinstance.py:732} INFO - ::endgroup::
[2025-04-02T08:03:02.921+0000] {connection.py:277} WARNING - Connection schemes (type: google_cloud_platform) shall not contain '_' according to RFC3986.
[2025-04-02T08:03:02.973+0000] {base.py:84} INFO - Retrieving connection 'gcp_co'
[2025-04-02T08:03:02.974+0000] {bigquery.py:1274} INFO - Creating table...
[2025-04-02T08:03:04.097+0000] {bigquery.py:1304} INFO - Table fake_news_detection.training_data already exists.
[2025-04-02T08:03:04.280+0000] {taskinstance.py:341} INFO - ::group::Post task execution logs
[2025-04-02T08:03:04.281+0000] {taskinstance.py:353} INFO - Marking task as SUCCESS. dag_id=my_dag_name, task_id=create_table, run_id=scheduled__2022-09-10T00:00:00+00:00, execution_date=20220910T000000, start_date=20250402T080301, end_date=20250402T080304
[2025-04-02T08:03:04.413+0000] {logging_mixin.py:190} INFO - Task instance in success state
[2025-04-02T08:03:04.417+0000] {logging_mixin.py:190} INFO -  Previous state of the Task instance: running
[2025-04-02T08:03:04.438+0000] {logging_mixin.py:190} INFO - Dag name:my_dag_name queued_at:2025-04-02 08:02:18.689121+00:00
[2025-04-02T08:03:04.439+0000] {logging_mixin.py:190} INFO - Task hostname:900d630d7d5f operator:BigQueryCreateTableOperator
[2025-04-02T08:03:04.593+0000] {local_task_job_runner.py:266} INFO - Task exited with return code 0
[2025-04-02T08:03:04.648+0000] {local_task_job_runner.py:245} INFO - ::endgroup::
